2019-09-18 09:22:09::連接未關閉。連接目前的狀態為連接中。

2019-09-18 09:22:09::連接未關閉。連接目前的狀態為連接中。

2019-09-18 09:22:09::連接未關閉。連接目前的狀態為連接中。

2019-09-18 09:22:09::連接未關閉。連接目前的狀態為連接中。

2019-09-18 09:22:09::ExecuteReader 必須有開啟與可用的 Connection。連接目前的狀態為連接中。

2019-09-18 09:22:09::並未將物件參考設定為物件的執行個體。

2019-09-18 09:22:09::並未將物件參考設定為物件的執行個體。

2019-09-18 09:22:09::並未將物件參考設定為物件的執行個體。

2019-09-18 09:22:09::並未將物件參考設定為物件的執行個體。

2019-09-18 09:22:09::並未將物件參考設定為物件的執行個體。

2019-09-18 09:22:10::ExecuteReader 必須有開啟與可用的 Connection。連接目前的狀態為連接中。

2019-09-18 09:22:10::並未將物件參考設定為物件的執行個體。

2019-09-18 09:22:10::ExecuteReader 必須有開啟與可用的 Connection。連接目前的狀態為連接中。

2019-09-18 09:22:10::並未將物件參考設定為物件的執行個體。

2019-09-18 09:22:10::ExecuteReader 必須有開啟與可用的 Connection。連接目前的狀態為連接中。

2019-09-18 09:22:10::並未將物件參考設定為物件的執行個體。

2019-09-18 09:22:10::ExecuteReader 必須有開啟與可用的 Connection。連接目前的狀態為連接中。

2019-09-18 09:22:10::並未將物件參考設定為物件的執行個體。

2019-09-18 09:22:10::ExecuteReader 必須有開啟與可用的 Connection。連接目前的狀態為連接中。

2019-09-18 09:22:10::並未將物件參考設定為物件的執行個體。

2019-09-18 09:22:10::ExecuteReader 必須有開啟與可用的 Connection。連接目前的狀態為連接中。

2019-09-18 09:22:10::並未將物件參考設定為物件的執行個體。

2019-09-18 09:22:10::ExecuteReader 必須有開啟與可用的 Connection。連接目前的狀態為連接中。

2019-09-18 09:22:10::並未將物件參考設定為物件的執行個體。

2019-09-18 09:22:10::ExecuteReader 必須有開啟與可用的 Connection。連接目前的狀態為連接中。

2019-09-18 09:22:10::並未將物件參考設定為物件的執行個體。

2019-09-18 09:22:10::ExecuteReader 必須有開啟與可用的 Connection。連接目前的狀態為連接中。

2019-09-18 09:22:10::並未將物件參考設定為物件的執行個體。

2019-09-18 09:22:10::ExecuteReader 必須有開啟與可用的 Connection。連接目前的狀態為連接中。

2019-09-18 09:22:10::並未將物件參考設定為物件的執行個體。

2019-09-18 09:22:10::ExecuteReader 必須有開啟與可用的 Connection。連接目前的狀態為連接中。

2019-09-18 09:22:10::並未將物件參考設定為物件的執行個體。

2019-09-18 09:22:10::ExecuteReader 必須有開啟與可用的 Connection。連接目前的狀態為連接中。

2019-09-18 09:22:10::並未將物件參考設定為物件的執行個體。

2019-09-18 09:22:10::ExecuteReader 必須有開啟與可用的 Connection。連接目前的狀態為連接中。

2019-09-18 09:22:10::並未將物件參考設定為物件的執行個體。

2019-09-18 09:22:11::ExecuteReader 必須有開啟與可用的 Connection。連接目前的狀態為連接中。

2019-09-18 09:22:11::並未將物件參考設定為物件的執行個體。

2019-09-18 09:22:11::ExecuteReader 必須有開啟與可用的 Connection。連接目前的狀態為連接中。

2019-09-18 09:22:11::並未將物件參考設定為物件的執行個體。

2019-09-18 09:22:11::ExecuteReader 必須有開啟與可用的 Connection。連接目前的狀態為連接中。

2019-09-18 09:22:11::並未將物件參考設定為物件的執行個體。

2019-09-18 09:22:11::ExecuteReader 必須有開啟與可用的 Connection。連接目前的狀態為連接中。

2019-09-18 09:22:11::並未將物件參考設定為物件的執行個體。

2019-09-18 09:22:11::ExecuteReader 必須有開啟與可用的 Connection。連接目前的狀態為連接中。

2019-09-18 09:22:11::並未將物件參考設定為物件的執行個體。

2019-09-18 09:22:11::ExecuteReader 必須有開啟與可用的 Connection。連接目前的狀態為連接中。

2019-09-18 09:22:11::並未將物件參考設定為物件的執行個體。

2019-09-18 09:22:11::ExecuteReader 必須有開啟與可用的 Connection。連接目前的狀態為連接中。

2019-09-18 09:22:11::並未將物件參考設定為物件的執行個體。

2019-09-18 09:22:11::ExecuteReader 必須有開啟與可用的 Connection。連接目前的狀態為連接中。

2019-09-18 09:22:11::並未將物件參考設定為物件的執行個體。

2019-09-18 09:22:11::ExecuteReader 必須有開啟與可用的 Connection。連接目前的狀態為連接中。

2019-09-18 09:22:11::並未將物件參考設定為物件的執行個體。

2019-09-18 09:59:44::資料行 'Relationship' 不屬於資料表 RelativesInCompany。

2019-09-18 09:59:45::資料行 'Relationship' 不屬於資料表 RelativesInCompany。

2019-09-18 09:59:46::資料行 'Relationship' 不屬於資料表 RelativesInCompany。

2019-09-18 09:59:47::資料行 'Relationship' 不屬於資料表 RelativesInCompany。

2019-09-18 10:01:05::資料行 'Relationship' 不屬於資料表 RelativesInCompany。

2019-09-18 10:01:06::資料行 'Relationship' 不屬於資料表 RelativesInCompany。

2019-09-18 10:01:07::資料行 'Relationship' 不屬於資料表 RelativesInCompany。

2019-09-18 10:01:09::資料行 'Relationship' 不屬於資料表 RelativesInCompany。

2019-09-18 10:01:10::資料行 'Relationship' 不屬於資料表 RelativesInCompany。

2019-09-18 10:01:11::資料行 'Relationship' 不屬於資料表 RelativesInCompany。

2019-09-18 10:01:12::資料行 'Relationship' 不屬於資料表 RelativesInCompany。

2019-09-18 10:01:12::資料行 'Relationship' 不屬於資料表 RelativesInCompany。

2019-09-18 10:01:15::資料行 'Relationship' 不屬於資料表 RelativesInCompany。

2019-09-18 10:01:16::資料行 'Relationship' 不屬於資料表 RelativesInCompany。

2019-09-18 10:01:17::資料行 'Relationship' 不屬於資料表 RelativesInCompany。

2019-09-18 10:01:18::資料行 'Relationship' 不屬於資料表 RelativesInCompany。

2019-09-18 10:01:18::資料行 'Relationship' 不屬於資料表 RelativesInCompany。

2019-09-18 10:01:18::資料行 'Relationship' 不屬於資料表 RelativesInCompany。

2019-09-18 10:01:18::資料行 'Relationship' 不屬於資料表 RelativesInCompany。

2019-09-18 10:01:19::資料行 'Relationship' 不屬於資料表 RelativesInCompany。

2019-09-18 10:01:19::資料行 'Relationship' 不屬於資料表 RelativesInCompany。

2019-09-18 10:01:19::資料行 'Relationship' 不屬於資料表 RelativesInCompany。

2019-09-18 10:01:19::資料行 'Relationship' 不屬於資料表 RelativesInCompany。

2019-09-18 10:01:30::資料行 'Relationship' 不屬於資料表 RelativesInCompany。

2019-09-18 10:01:30::資料行 'Relationship' 不屬於資料表 RelativesInCompany。

2019-09-18 10:01:33::資料行 'Relationship' 不屬於資料表 RelativesInCompany。

2019-09-18 10:01:33::資料行 'Relationship' 不屬於資料表 RelativesInCompany。

2019-09-18 10:01:35::資料行 'Relationship' 不屬於資料表 RelativesInCompany。

2019-09-18 10:01:35::資料行 'Relationship' 不屬於資料表 RelativesInCompany。

2019-09-18 10:01:39::資料行 'Relationship' 不屬於資料表 RelativesInCompany。

2019-09-18 10:01:47::資料行 'Relationship' 不屬於資料表 RelativesInCompany。

2019-09-18 10:01:47::資料行 'Relationship' 不屬於資料表 RelativesInCompany。

2019-09-18 10:01:48::資料行 'Relationship' 不屬於資料表 RelativesInCompany。

2019-09-18 10:01:48::資料行 'Relationship' 不屬於資料表 RelativesInCompany。

2019-09-18 10:01:48::資料行 'Relationship' 不屬於資料表 RelativesInCompany。

2019-09-18 10:01:50::資料行 'Relationship' 不屬於資料表 RelativesInCompany。

2019-09-18 10:01:51::資料行 'Relationship' 不屬於資料表 RelativesInCompany。

2019-09-18 10:01:51::資料行 'Relationship' 不屬於資料表 RelativesInCompany。

2019-09-18 10:01:51::資料行 'Relationship' 不屬於資料表 RelativesInCompany。

2019-09-18 10:01:51::資料行 'Relationship' 不屬於資料表 RelativesInCompany。

2019-09-18 10:02:06::資料行 'Relationship' 不屬於資料表 RelativesInCompany。

2019-09-18 10:02:06::資料行 'Relationship' 不屬於資料表 RelativesInCompany。

2019-09-18 10:02:06::資料行 'Relationship' 不屬於資料表 RelativesInCompany。

2019-09-18 10:02:14::資料行 'Relationship' 不屬於資料表 RelativesInCompany。

2019-09-18 10:02:14::資料行 'Relationship' 不屬於資料表 RelativesInCompany。

2019-09-18 10:02:15::資料行 'Relationship' 不屬於資料表 RelativesInCompany。

2019-09-18 10:02:16::資料行 'Relationship' 不屬於資料表 RelativesInCompany。

2019-09-18 10:02:16::資料行 'Relationship' 不屬於資料表 RelativesInCompany。

2019-09-18 10:02:16::資料行 'Relationship' 不屬於資料表 RelativesInCompany。

2019-09-18 10:02:16::資料行 'Relationship' 不屬於資料表 RelativesInCompany。

2019-09-18 10:02:17::資料行 'Relationship' 不屬於資料表 RelativesInCompany。

2019-09-18 10:02:22::資料行 'Relationship' 不屬於資料表 RelativesInCompany。

2019-09-18 10:02:22::資料行 'Relationship' 不屬於資料表 RelativesInCompany。

2019-09-18 10:02:22::資料行 'Relationship' 不屬於資料表 RelativesInCompany。

2019-09-18 10:02:23::資料行 'Relationship' 不屬於資料表 RelativesInCompany。

2019-09-18 10:02:23::資料行 'Relationship' 不屬於資料表 RelativesInCompany。

2019-09-18 10:02:23::資料行 'Relationship' 不屬於資料表 RelativesInCompany。

2019-09-18 10:02:24::資料行 'Relationship' 不屬於資料表 RelativesInCompany。

2019-09-18 10:02:29::資料行 'Relationship' 不屬於資料表 RelativesInCompany。

2019-09-18 10:02:30::資料行 'Relationship' 不屬於資料表 RelativesInCompany。

2019-09-18 10:02:30::資料行 'Relationship' 不屬於資料表 RelativesInCompany。

2019-09-18 10:02:30::資料行 'Relationship' 不屬於資料表 RelativesInCompany。

2019-09-18 10:02:30::資料行 'Relationship' 不屬於資料表 RelativesInCompany。

2019-09-18 10:02:35::資料行 'Relationship' 不屬於資料表 RelativesInCompany。

2019-09-18 10:02:35::資料行 'Relationship' 不屬於資料表 RelativesInCompany。

2019-09-18 10:02:38::資料行 'Relationship' 不屬於資料表 RelativesInCompany。

2019-09-18 10:02:38::資料行 'Relationship' 不屬於資料表 RelativesInCompany。

2019-09-18 10:02:39::資料行 'Relationship' 不屬於資料表 RelativesInCompany。

2019-09-18 10:02:39::資料行 'Relationship' 不屬於資料表 RelativesInCompany。

2019-09-18 10:02:48::資料行 'Relationship' 不屬於資料表 RelativesInCompany。

2019-09-18 10:02:48::資料行 'Relationship' 不屬於資料表 RelativesInCompany。

2019-09-18 10:02:49::資料行 'Relationship' 不屬於資料表 RelativesInCompany。

2019-09-18 10:02:50::資料行 'Relationship' 不屬於資料表 RelativesInCompany。

2019-09-18 10:02:50::資料行 'Relationship' 不屬於資料表 RelativesInCompany。

2019-09-18 10:02:50::資料行 'Relationship' 不屬於資料表 RelativesInCompany。

2019-09-18 10:02:50::資料行 'Relationship' 不屬於資料表 RelativesInCompany。

2019-09-18 10:02:51::資料行 'Relationship' 不屬於資料表 RelativesInCompany。

2019-09-18 10:02:51::資料行 'Relationship' 不屬於資料表 RelativesInCompany。

2019-09-18 10:02:51::資料行 'Relationship' 不屬於資料表 RelativesInCompany。

2019-09-18 10:02:54::資料行 'Relationship' 不屬於資料表 RelativesInCompany。

2019-09-18 10:02:54::資料行 'Relationship' 不屬於資料表 RelativesInCompany。

2019-09-18 10:02:54::資料行 'Relationship' 不屬於資料表 RelativesInCompany。

2019-09-18 10:02:55::資料行 'Relationship' 不屬於資料表 RelativesInCompany。

2019-09-18 10:02:55::資料行 'Relationship' 不屬於資料表 RelativesInCompany。

2019-09-18 10:02:55::資料行 'Relationship' 不屬於資料表 RelativesInCompany。

2019-09-18 10:02:56::資料行 'Relationship' 不屬於資料表 RelativesInCompany。

2019-09-18 10:02:56::資料行 'Relationship' 不屬於資料表 RelativesInCompany。

2019-09-18 10:02:56::資料行 'Relationship' 不屬於資料表 RelativesInCompany。

2019-09-18 10:02:56::資料行 'Relationship' 不屬於資料表 RelativesInCompany。

2019-09-18 10:02:56::資料行 'Relationship' 不屬於資料表 RelativesInCompany。

2019-09-18 10:02:57::資料行 'Relationship' 不屬於資料表 RelativesInCompany。

2019-09-18 10:02:57::資料行 'Relationship' 不屬於資料表 RelativesInCompany。

2019-09-18 10:02:57::資料行 'Relationship' 不屬於資料表 RelativesInCompany。

2019-09-18 10:02:57::資料行 'Relationship' 不屬於資料表 RelativesInCompany。

2019-09-18 10:02:57::資料行 'Relationship' 不屬於資料表 RelativesInCompany。

2019-09-18 10:02:58::資料行 'Relationship' 不屬於資料表 RelativesInCompany。

2019-09-18 10:02:58::資料行 'Relationship' 不屬於資料表 RelativesInCompany。

2019-09-18 10:02:58::資料行 'Relationship' 不屬於資料表 RelativesInCompany。

2019-09-18 10:02:58::資料行 'Relationship' 不屬於資料表 RelativesInCompany。

2019-09-18 10:02:58::資料行 'Relationship' 不屬於資料表 RelativesInCompany。

2019-09-18 10:03:01::資料行 'Relationship' 不屬於資料表 RelativesInCompany。

2019-09-18 10:03:02::資料行 'Relationship' 不屬於資料表 RelativesInCompany。

2019-09-18 10:03:02::資料行 'Relationship' 不屬於資料表 RelativesInCompany。

2019-09-18 10:03:02::資料行 'Relationship' 不屬於資料表 RelativesInCompany。

2019-09-18 10:03:02::資料行 'Relationship' 不屬於資料表 RelativesInCompany。

2019-09-18 10:03:19::資料行 'Relationship' 不屬於資料表 RelativesInCompany。

2019-09-18 10:03:19::資料行 'Relationship' 不屬於資料表 RelativesInCompany。

2019-09-18 10:03:19::資料行 'Relationship' 不屬於資料表 RelativesInCompany。

2019-09-18 10:03:19::資料行 'Relationship' 不屬於資料表 RelativesInCompany。

2019-09-18 10:03:20::資料行 'Relationship' 不屬於資料表 RelativesInCompany。

2019-09-18 10:03:20::資料行 'Relationship' 不屬於資料表 RelativesInCompany。

2019-09-18 10:03:20::資料行 'Relationship' 不屬於資料表 RelativesInCompany。

2019-09-18 10:03:21::資料行 'Relationship' 不屬於資料表 RelativesInCompany。

2019-09-18 10:03:21::資料行 'Relationship' 不屬於資料表 RelativesInCompany。

2019-09-18 10:03:21::資料行 'Relationship' 不屬於資料表 RelativesInCompany。

2019-09-18 10:03:21::資料行 'Relationship' 不屬於資料表 RelativesInCompany。

2019-09-18 10:03:21::資料行 'Relationship' 不屬於資料表 RelativesInCompany。

2019-09-18 10:03:22::資料行 'Relationship' 不屬於資料表 RelativesInCompany。

2019-09-18 10:03:24::資料行 'Relationship' 不屬於資料表 RelativesInCompany。

2019-09-18 10:03:38::資料行 'Relationship' 不屬於資料表 RelativesInCompany。

2019-09-18 10:03:39::資料行 'Relationship' 不屬於資料表 RelativesInCompany。

2019-09-18 10:03:41::資料行 'Relationship' 不屬於資料表 RelativesInCompany。

2019-09-18 10:03:41::資料行 'Relationship' 不屬於資料表 RelativesInCompany。

2019-09-18 10:03:41::資料行 'Relationship' 不屬於資料表 RelativesInCompany。

2019-09-18 10:03:42::資料行 'Relationship' 不屬於資料表 RelativesInCompany。

2019-09-18 10:03:42::資料行 'Relationship' 不屬於資料表 RelativesInCompany。

2019-09-18 10:03:42::資料行 'Relationship' 不屬於資料表 RelativesInCompany。

2019-09-18 10:03:43::資料行 'Relationship' 不屬於資料表 RelativesInCompany。

2019-09-18 10:03:44::資料行 'Relationship' 不屬於資料表 RelativesInCompany。

2019-09-18 10:07:19::資料行 'Relationship' 不屬於資料表 RelativesInCompany。

2019-09-18 10:07:20::資料行 'Relationship' 不屬於資料表 RelativesInCompany。

2019-09-18 10:07:22::資料行 'Relationship' 不屬於資料表 RelativesInCompany。

2019-09-18 10:07:23::資料行 'Relationship' 不屬於資料表 RelativesInCompany。

2019-09-18 10:07:23::資料行 'Relationship' 不屬於資料表 RelativesInCompany。

2019-09-18 10:07:25::資料行 'Relationship' 不屬於資料表 RelativesInCompany。

2019-09-18 10:07:26::資料行 'Relationship' 不屬於資料表 RelativesInCompany。

2019-09-18 10:07:26::資料行 'Relationship' 不屬於資料表 RelativesInCompany。

2019-09-18 10:07:26::資料行 'Relationship' 不屬於資料表 RelativesInCompany。

2019-09-18 10:07:26::資料行 'Relationship' 不屬於資料表 RelativesInCompany。

2019-09-18 10:07:26::資料行 'Relationship' 不屬於資料表 RelativesInCompany。

2019-09-18 10:07:32::資料行 'Relationship' 不屬於資料表 RelativesInCompany。

2019-09-18 10:07:32::資料行 'Relationship' 不屬於資料表 RelativesInCompany。

2019-09-18 10:07:33::資料行 'Relationship' 不屬於資料表 RelativesInCompany。

2019-09-18 10:07:38::資料行 'Relationship' 不屬於資料表 RelativesInCompany。

2019-09-18 10:07:39::資料行 'Relationship' 不屬於資料表 RelativesInCompany。

2019-09-18 10:07:44::資料行 'Relationship' 不屬於資料表 RelativesInCompany。

2019-09-18 10:07:44::資料行 'Relationship' 不屬於資料表 RelativesInCompany。

2019-09-18 10:07:47::資料行 'Relationship' 不屬於資料表 RelativesInCompany。

2019-09-18 10:07:47::資料行 'Relationship' 不屬於資料表 RelativesInCompany。

2019-09-18 10:07:47::資料行 'Relationship' 不屬於資料表 RelativesInCompany。

2019-09-18 10:07:48::資料行 'Relationship' 不屬於資料表 RelativesInCompany。

2019-09-18 10:07:48::資料行 'Relationship' 不屬於資料表 RelativesInCompany。

2019-09-18 10:07:48::資料行 'Relationship' 不屬於資料表 RelativesInCompany。

2019-09-18 10:07:57::資料行 'Relationship' 不屬於資料表 RelativesInCompany。

2019-09-18 10:07:57::資料行 'Relationship' 不屬於資料表 RelativesInCompany。

2019-09-18 10:07:59::資料行 'Relationship' 不屬於資料表 RelativesInCompany。

2019-09-18 10:07:59::資料行 'Relationship' 不屬於資料表 RelativesInCompany。

2019-09-18 10:07:59::資料行 'Relationship' 不屬於資料表 RelativesInCompany。

2019-09-18 10:08:05::資料行 'Relationship' 不屬於資料表 RelativesInCompany。

2019-09-18 10:08:11::資料行 'Relationship' 不屬於資料表 RelativesInCompany。

2019-09-18 10:08:12::資料行 'Relationship' 不屬於資料表 RelativesInCompany。

2019-09-18 10:08:12::資料行 'Relationship' 不屬於資料表 RelativesInCompany。

2019-09-18 10:08:16::資料行 'Relationship' 不屬於資料表 RelativesInCompany。

2019-09-18 10:08:25::資料行 'Relationship' 不屬於資料表 RelativesInCompany。

2019-09-18 10:08:29::資料行 'Relationship' 不屬於資料表 RelativesInCompany。

2019-09-18 10:08:30::資料行 'Relationship' 不屬於資料表 RelativesInCompany。

2019-09-18 14:20:37::並未將物件參考設定為物件的執行個體。

2019-09-18 14:20:37::作業無效。已經關閉連接。

2019-09-18 14:20:37::並未將物件參考設定為物件的執行個體。

2019-09-18 20:45:20::ExecuteReader 必須有開啟與可用的 Connection。連接目前的狀態為連接中。

2019-09-18 20:45:20::並未將物件參考設定為物件的執行個體。

