2019-08-16 07:57:55::連接未關閉。連接目前的狀態為連接中。

2019-08-16 07:57:55::連接未關閉。連接目前的狀態為連接中。

2019-08-16 07:57:55::連接未關閉。連接目前的狀態為連接中。

2019-08-16 07:57:55::連接未關閉。連接目前的狀態為連接中。

2019-08-16 07:57:55::連接未關閉。連接目前的狀態為連接中。

2019-08-16 07:57:55::ExecuteReader 必須有開啟與可用的 Connection。連接目前的狀態為連接中。

2019-08-16 07:57:55::連接未關閉。連接目前的狀態為連接中。

2019-08-16 07:57:55::連接未關閉。連接目前的狀態為連接中。

2019-08-16 07:57:55::連接未關閉。連接目前的狀態為連接中。

2019-08-16 07:57:55::連接未關閉。連接目前的狀態為連接中。

2019-08-16 07:57:55::連接未關閉。連接目前的狀態為連接中。

2019-08-16 07:57:55::連接未關閉。連接目前的狀態為連接中。

2019-08-16 07:57:55::連接未關閉。連接目前的狀態為連接中。

2019-08-16 07:57:55::連接未關閉。連接目前的狀態為連接中。

2019-08-16 07:57:55::連接未關閉。連接目前的狀態為連接中。

2019-08-16 07:57:55::連接未關閉。連接目前的狀態為連接中。

2019-08-16 07:57:55::連接未關閉。連接目前的狀態為連接中。

2019-08-16 07:57:55::並未將物件參考設定為物件的執行個體。

2019-08-16 07:57:55::並未將物件參考設定為物件的執行個體。

2019-08-16 07:57:55::並未將物件參考設定為物件的執行個體。

2019-08-16 07:57:55::並未將物件參考設定為物件的執行個體。

2019-08-16 07:57:55::並未將物件參考設定為物件的執行個體。

2019-08-16 07:57:55::並未將物件參考設定為物件的執行個體。

2019-08-16 07:57:55::並未將物件參考設定為物件的執行個體。

2019-08-16 07:57:55::並未將物件參考設定為物件的執行個體。

2019-08-16 07:57:55::並未將物件參考設定為物件的執行個體。

2019-08-16 07:57:55::並未將物件參考設定為物件的執行個體。

2019-08-16 07:57:55::並未將物件參考設定為物件的執行個體。

2019-08-16 07:57:55::並未將物件參考設定為物件的執行個體。

2019-08-16 07:57:55::並未將物件參考設定為物件的執行個體。

2019-08-16 07:57:55::並未將物件參考設定為物件的執行個體。

2019-08-16 07:57:55::並未將物件參考設定為物件的執行個體。

2019-08-16 07:57:55::並未將物件參考設定為物件的執行個體。

2019-08-16 07:57:55::並未將物件參考設定為物件的執行個體。

2019-08-16 07:57:55::ExecuteReader 必須有開啟與可用的 Connection。連接目前的狀態為連接中。

2019-08-16 07:57:55::ExecuteReader 必須有開啟與可用的 Connection。連接目前的狀態為連接中。

2019-08-16 07:57:55::ExecuteReader 必須有開啟與可用的 Connection。連接目前的狀態為連接中。

2019-08-16 07:57:55::ExecuteReader 必須有開啟與可用的 Connection。連接目前的狀態為連接中。

2019-08-16 07:57:55::ExecuteReader 必須有開啟與可用的 Connection。連接目前的狀態為連接中。

2019-08-16 07:57:55::ExecuteReader 必須有開啟與可用的 Connection。連接目前的狀態為連接中。

2019-08-16 07:57:55::ExecuteReader 必須有開啟與可用的 Connection。連接目前的狀態為連接中。

2019-08-16 07:57:55::ExecuteReader 必須有開啟與可用的 Connection。連接目前的狀態為連接中。

2019-08-16 07:57:55::ExecuteReader 必須有開啟與可用的 Connection。連接目前的狀態為連接中。

2019-08-16 07:57:55::ExecuteReader 必須有開啟與可用的 Connection。連接目前的狀態為連接中。

2019-08-16 07:57:55::ExecuteReader 必須有開啟與可用的 Connection。連接目前的狀態為連接中。

2019-08-16 07:57:55::ExecuteReader 必須有開啟與可用的 Connection。連接目前的狀態為連接中。

2019-08-16 07:57:55::並未將物件參考設定為物件的執行個體。

2019-08-16 07:57:55::並未將物件參考設定為物件的執行個體。

2019-08-16 07:57:55::並未將物件參考設定為物件的執行個體。

2019-08-16 07:57:55::並未將物件參考設定為物件的執行個體。

2019-08-16 07:57:55::並未將物件參考設定為物件的執行個體。

2019-08-16 07:57:55::並未將物件參考設定為物件的執行個體。

2019-08-16 07:57:55::並未將物件參考設定為物件的執行個體。

2019-08-16 07:57:55::並未將物件參考設定為物件的執行個體。

2019-08-16 07:57:55::並未將物件參考設定為物件的執行個體。

2019-08-16 07:57:55::並未將物件參考設定為物件的執行個體。

2019-08-16 07:57:55::並未將物件參考設定為物件的執行個體。

2019-08-16 07:57:55::並未將物件參考設定為物件的執行個體。

2019-08-16 07:57:56::ExecuteReader 必須有開啟與可用的 Connection。連接目前的狀態為連接中。

2019-08-16 07:57:56::並未將物件參考設定為物件的執行個體。

2019-08-16 07:57:56::ExecuteReader 必須有開啟與可用的 Connection。連接目前的狀態為連接中。

2019-08-16 07:57:56::並未將物件參考設定為物件的執行個體。

2019-08-16 07:57:56::ExecuteReader 必須有開啟與可用的 Connection。連接目前的狀態為連接中。

2019-08-16 07:57:56::並未將物件參考設定為物件的執行個體。

2019-08-16 07:57:56::ExecuteReader 必須有開啟與可用的 Connection。連接目前的狀態為連接中。

2019-08-16 07:57:56::並未將物件參考設定為物件的執行個體。

2019-08-16 07:57:56::ExecuteReader 必須有開啟與可用的 Connection。連接目前的狀態為連接中。

2019-08-16 07:57:56::並未將物件參考設定為物件的執行個體。

2019-08-16 07:57:57::ExecuteReader 必須有開啟與可用的 Connection。連接目前的狀態為連接中。

2019-08-16 07:57:57::並未將物件參考設定為物件的執行個體。

2019-08-16 07:57:57::ExecuteReader 必須有開啟與可用的 Connection。連接目前的狀態為連接中。

2019-08-16 07:57:57::並未將物件參考設定為物件的執行個體。

2019-08-16 07:57:57::Internal connection fatal error. Error state: 15, Token : 0

2019-08-16 07:57:57::並未將物件參考設定為物件的執行個體。

2019-08-16 07:57:57::SqlDbType 的列舉值 0 無效。
參數名稱: SqlDbType

2019-08-16 07:57:57::並未將物件參考設定為物件的執行個體。

2019-08-16 21:54:21::ExecuteReader 必須有開啟與可用的 Connection。連接目前的狀態為連接中。

2019-08-16 21:54:21::並未將物件參考設定為物件的執行個體。

2019-08-16 21:54:21::Internal connection fatal error. Error state: 15, Token : 40

2019-08-16 21:54:21::並未將物件參考設定為物件的執行個體。

