2019-08-08 09:02:53::並未將物件參考設定為物件的執行個體。

2019-08-08 09:02:53::連接未關閉。連接目前的狀態為連接中。

2019-08-08 09:02:53::連接未關閉。連接目前的狀態為連接中。

2019-08-08 09:02:53::連接未關閉。連接目前的狀態為連接中。

2019-08-08 09:02:53::連接未關閉。連接目前的狀態為連接中。

2019-08-08 09:02:53::連接未關閉。連接目前的狀態為連接中。

2019-08-08 09:02:53::連接未關閉。連接目前的狀態為連接中。

2019-08-08 09:02:53::連接未關閉。連接目前的狀態為連接中。

2019-08-08 09:02:53::連接未關閉。連接目前的狀態為連接中。

2019-08-08 09:02:53::連接未關閉。連接目前的狀態為連接中。

2019-08-08 09:02:53::並未將物件參考設定為物件的執行個體。

2019-08-08 09:02:53::連接未關閉。連接目前的狀態為連接中。

2019-08-08 09:02:53::連接未關閉。連接目前的狀態為連接中。

2019-08-08 09:02:53::並未將物件參考設定為物件的執行個體。

2019-08-08 09:02:53::並未將物件參考設定為物件的執行個體。

2019-08-08 09:02:53::並未將物件參考設定為物件的執行個體。

2019-08-08 09:02:53::連接未關閉。連接目前的狀態為連接中。

2019-08-08 09:02:53::並未將物件參考設定為物件的執行個體。

2019-08-08 09:02:53::並未將物件參考設定為物件的執行個體。

2019-08-08 09:02:53::連接未關閉。連接目前的狀態為連接中。

2019-08-08 09:02:53::連接未關閉。連接目前的狀態為連接中。

2019-08-08 09:02:53::連接未關閉。連接目前的狀態為連接中。

2019-08-08 09:02:53::連接未關閉。連接目前的狀態為連接中。

2019-08-08 09:02:53::並未將物件參考設定為物件的執行個體。

2019-08-08 09:02:53::並未將物件參考設定為物件的執行個體。

2019-08-08 09:02:53::連接未關閉。連接目前的狀態為連接中。

2019-08-08 09:02:53::並未將物件參考設定為物件的執行個體。

2019-08-08 09:02:53::並未將物件參考設定為物件的執行個體。

2019-08-08 09:02:53::並未將物件參考設定為物件的執行個體。

2019-08-08 09:02:53::並未將物件參考設定為物件的執行個體。

2019-08-08 09:02:53::並未將物件參考設定為物件的執行個體。

2019-08-08 09:02:53::並未將物件參考設定為物件的執行個體。

2019-08-08 09:02:53::並未將物件參考設定為物件的執行個體。

2019-08-08 09:02:53::並未將物件參考設定為物件的執行個體。

2019-08-08 09:02:53::並未將物件參考設定為物件的執行個體。

2019-08-08 09:02:53::並未將物件參考設定為物件的執行個體。

2019-08-08 09:02:53::ExecuteReader 必須有開啟與可用的 Connection。連接目前的狀態為連接中。

2019-08-08 09:02:53::並未將物件參考設定為物件的執行個體。

2019-08-08 09:02:53::ExecuteReader 必須有開啟與可用的 Connection。連接目前的狀態為連接中。

2019-08-08 09:02:53::並未將物件參考設定為物件的執行個體。

2019-08-08 09:02:53::ExecuteReader 必須有開啟與可用的 Connection。連接目前的狀態為連接中。

2019-08-08 09:02:53::並未將物件參考設定為物件的執行個體。

2019-08-08 09:02:53::ExecuteReader 必須有開啟與可用的 Connection。連接目前的狀態為連接中。

2019-08-08 09:02:53::並未將物件參考設定為物件的執行個體。

2019-08-08 09:02:55::ExecuteReader 必須有開啟與可用的 Connection。連接目前的狀態為連接中。

2019-08-08 09:02:55::並未將物件參考設定為物件的執行個體。

2019-08-08 09:02:56::ExecuteReader 必須有開啟與可用的 Connection。連接目前的狀態為連接中。

2019-08-08 09:02:56::並未將物件參考設定為物件的執行個體。

2019-08-08 09:02:56::ExecuteReader 必須有開啟與可用的 Connection。連接目前的狀態為連接中。

2019-08-08 09:02:56::並未將物件參考設定為物件的執行個體。

2019-08-08 09:02:58::ExecuteReader 必須有開啟與可用的 Connection。連接目前的狀態為連接中。

2019-08-08 09:02:58::並未將物件參考設定為物件的執行個體。

2019-08-08 09:02:59::ExecuteReader 必須有開啟與可用的 Connection。連接目前的狀態為連接中。

2019-08-08 09:02:59::並未將物件參考設定為物件的執行個體。

2019-08-08 09:02:59::已經開啟一個與這個 Command 相關的 DataReader，必須先將它關閉。

2019-08-08 09:02:59::並未將物件參考設定為物件的執行個體。

2019-08-08 09:03:02::並未將物件參考設定為物件的執行個體。

2019-08-08 11:08:28::Internal connection fatal error. Error state: 15, Token : 0

2019-08-08 11:08:28::SqlDbType 的列舉值 78 無效。
參數名稱: SqlDbType

2019-08-08 11:08:28::並未將物件參考設定為物件的執行個體。

2019-08-08 11:08:28::並未將物件參考設定為物件的執行個體。

