2019-10-18 14:30:00::資料行 'Relationship' 不屬於資料表 RelativesInCompany。

2019-10-18 14:30:02::資料行 'Relationship' 不屬於資料表 RelativesInCompany。

2019-10-18 14:32:53::資料行 'Relationship' 不屬於資料表 RelativesInCompany。

2019-10-18 14:32:56::資料行 'Relationship' 不屬於資料表 RelativesInCompany。

2019-10-18 14:33:02::資料行 'Relationship' 不屬於資料表 RelativesInCompany。

2019-10-18 14:33:06::資料行 'Relationship' 不屬於資料表 RelativesInCompany。

2019-10-18 14:33:16::資料行 'Relationship' 不屬於資料表 RelativesInCompany。

2019-10-18 14:33:20::資料行 'Relationship' 不屬於資料表 RelativesInCompany。

2019-10-18 14:33:21::資料行 'Relationship' 不屬於資料表 RelativesInCompany。

2019-10-18 14:33:22::資料行 'Relationship' 不屬於資料表 RelativesInCompany。

2019-10-18 14:33:22::資料行 'Relationship' 不屬於資料表 RelativesInCompany。

2019-10-18 14:33:33::資料行 'Relationship' 不屬於資料表 RelativesInCompany。

2019-10-18 14:33:35::資料行 'Relationship' 不屬於資料表 RelativesInCompany。

2019-10-18 14:33:36::資料行 'Relationship' 不屬於資料表 RelativesInCompany。

2019-10-18 14:33:36::資料行 'Relationship' 不屬於資料表 RelativesInCompany。

2019-10-18 14:33:36::資料行 'Relationship' 不屬於資料表 RelativesInCompany。

2019-10-18 14:33:36::資料行 'Relationship' 不屬於資料表 RelativesInCompany。

2019-10-18 14:33:36::資料行 'Relationship' 不屬於資料表 RelativesInCompany。

2019-10-18 14:33:37::資料行 'Relationship' 不屬於資料表 RelativesInCompany。

2019-10-18 14:34:28::資料行 'Relationship' 不屬於資料表 RelativesInCompany。

2019-10-18 14:34:29::資料行 'Relationship' 不屬於資料表 RelativesInCompany。

2019-10-18 14:34:30::資料行 'Relationship' 不屬於資料表 RelativesInCompany。

2019-10-18 14:34:30::資料行 'Relationship' 不屬於資料表 RelativesInCompany。

2019-10-18 14:35:23::資料行 'Relationship' 不屬於資料表 RelativesInCompany。

2019-10-18 14:35:23::資料行 'Relationship' 不屬於資料表 RelativesInCompany。

2019-10-18 14:35:23::資料行 'Relationship' 不屬於資料表 RelativesInCompany。

2019-10-18 14:35:23::資料行 'Relationship' 不屬於資料表 RelativesInCompany。

2019-10-18 14:35:24::資料行 'Relationship' 不屬於資料表 RelativesInCompany。

2019-10-18 14:35:24::資料行 'Relationship' 不屬於資料表 RelativesInCompany。

2019-10-18 14:35:24::資料行 'Relationship' 不屬於資料表 RelativesInCompany。

2019-10-18 14:35:25::資料行 'Relationship' 不屬於資料表 RelativesInCompany。

2019-10-18 14:35:25::資料行 'Relationship' 不屬於資料表 RelativesInCompany。

2019-10-18 14:35:25::資料行 'Relationship' 不屬於資料表 RelativesInCompany。

2019-10-18 14:35:28::資料行 'Relationship' 不屬於資料表 RelativesInCompany。

2019-10-18 14:35:28::資料行 'Relationship' 不屬於資料表 RelativesInCompany。

2019-10-18 14:35:29::資料行 'Relationship' 不屬於資料表 RelativesInCompany。

2019-10-18 14:35:29::資料行 'Relationship' 不屬於資料表 RelativesInCompany。

2019-10-18 14:35:37::資料行 'Relationship' 不屬於資料表 RelativesInCompany。

2019-10-18 14:35:45::資料行 'Relationship' 不屬於資料表 RelativesInCompany。

2019-10-18 14:35:46::資料行 'Relationship' 不屬於資料表 RelativesInCompany。

2019-10-18 14:41:40::輸入字串格式不正確。無法在 Relationship 資料行中儲存 <>。需要的型別是 Int32。

2019-10-18 14:41:42::輸入字串格式不正確。無法在 Relationship 資料行中儲存 <>。需要的型別是 Int32。

2019-10-18 14:41:42::輸入字串格式不正確。無法在 Relationship 資料行中儲存 <>。需要的型別是 Int32。

2019-10-18 14:41:42::輸入字串格式不正確。無法在 Relationship 資料行中儲存 <>。需要的型別是 Int32。

2019-10-18 14:41:42::輸入字串格式不正確。無法在 Relationship 資料行中儲存 <>。需要的型別是 Int32。

2019-10-18 14:41:47::輸入字串格式不正確。無法在 Relationship 資料行中儲存 <>。需要的型別是 Int32。

2019-10-18 14:41:49::輸入字串格式不正確。無法在 Relationship 資料行中儲存 <>。需要的型別是 Int32。

2019-10-18 14:41:49::輸入字串格式不正確。無法在 Relationship 資料行中儲存 <>。需要的型別是 Int32。

2019-10-18 14:41:50::輸入字串格式不正確。無法在 Relationship 資料行中儲存 <>。需要的型別是 Int32。

2019-10-18 14:41:50::輸入字串格式不正確。無法在 Relationship 資料行中儲存 <>。需要的型別是 Int32。

2019-10-18 14:41:50::輸入字串格式不正確。無法在 Relationship 資料行中儲存 <>。需要的型別是 Int32。

2019-10-18 14:41:50::輸入字串格式不正確。無法在 Relationship 資料行中儲存 <>。需要的型別是 Int32。

2019-10-18 14:41:58::輸入字串格式不正確。無法在 Relationship 資料行中儲存 <>。需要的型別是 Int32。

2019-10-18 14:41:59::輸入字串格式不正確。無法在 Relationship 資料行中儲存 <>。需要的型別是 Int32。

2019-10-18 14:41:59::輸入字串格式不正確。無法在 Relationship 資料行中儲存 <>。需要的型別是 Int32。

2019-10-18 14:41:59::輸入字串格式不正確。無法在 Relationship 資料行中儲存 <>。需要的型別是 Int32。

2019-10-18 14:41:59::輸入字串格式不正確。無法在 Relationship 資料行中儲存 <>。需要的型別是 Int32。

2019-10-18 14:42:00::輸入字串格式不正確。無法在 Relationship 資料行中儲存 <>。需要的型別是 Int32。

2019-10-18 14:42:00::輸入字串格式不正確。無法在 Relationship 資料行中儲存 <>。需要的型別是 Int32。

2019-10-18 14:42:02::輸入字串格式不正確。無法在 Relationship 資料行中儲存 <>。需要的型別是 Int32。

2019-10-18 14:42:03::輸入字串格式不正確。無法在 Relationship 資料行中儲存 <>。需要的型別是 Int32。

2019-10-18 14:42:03::輸入字串格式不正確。無法在 Relationship 資料行中儲存 <>。需要的型別是 Int32。

2019-10-18 14:42:03::輸入字串格式不正確。無法在 Relationship 資料行中儲存 <>。需要的型別是 Int32。

2019-10-18 14:42:03::輸入字串格式不正確。無法在 Relationship 資料行中儲存 <>。需要的型別是 Int32。

2019-10-18 14:42:17::輸入字串格式不正確。無法在 Relationship 資料行中儲存 <>。需要的型別是 Int32。

2019-10-18 14:42:17::輸入字串格式不正確。無法在 Relationship 資料行中儲存 <>。需要的型別是 Int32。

2019-10-18 14:42:17::輸入字串格式不正確。無法在 Relationship 資料行中儲存 <>。需要的型別是 Int32。

2019-10-18 14:42:17::輸入字串格式不正確。無法在 Relationship 資料行中儲存 <>。需要的型別是 Int32。

2019-10-18 14:42:18::輸入字串格式不正確。無法在 Relationship 資料行中儲存 <>。需要的型別是 Int32。

2019-10-18 14:42:18::輸入字串格式不正確。無法在 Relationship 資料行中儲存 <>。需要的型別是 Int32。

2019-10-18 14:42:18::輸入字串格式不正確。無法在 Relationship 資料行中儲存 <>。需要的型別是 Int32。

2019-10-18 14:42:18::輸入字串格式不正確。無法在 Relationship 資料行中儲存 <>。需要的型別是 Int32。

2019-10-18 14:42:47::輸入字串格式不正確。無法在 Relationship 資料行中儲存 <>。需要的型別是 Int32。

2019-10-18 14:42:47::輸入字串格式不正確。無法在 Relationship 資料行中儲存 <>。需要的型別是 Int32。

2019-10-18 14:42:47::輸入字串格式不正確。無法在 Relationship 資料行中儲存 <>。需要的型別是 Int32。

2019-10-18 14:42:49::輸入字串格式不正確。無法在 Relationship 資料行中儲存 <>。需要的型別是 Int32。

2019-10-18 14:42:51::輸入字串格式不正確。無法在 Relationship 資料行中儲存 <>。需要的型別是 Int32。

2019-10-18 14:42:54::輸入字串格式不正確。無法在 Relationship 資料行中儲存 <>。需要的型別是 Int32。

2019-10-18 14:42:57::輸入字串格式不正確。無法在 Relationship 資料行中儲存 <>。需要的型別是 Int32。

2019-10-18 14:42:58::輸入字串格式不正確。無法在 Relationship 資料行中儲存 <>。需要的型別是 Int32。

2019-10-18 14:43:02::輸入字串格式不正確。無法在 Relationship 資料行中儲存 <>。需要的型別是 Int32。

2019-10-18 14:43:08::輸入字串格式不正確。無法在 Relationship 資料行中儲存 <>。需要的型別是 Int32。

2019-10-18 14:43:10::輸入字串格式不正確。無法在 Relationship 資料行中儲存 <>。需要的型別是 Int32。

2019-10-18 14:43:17::輸入字串格式不正確。無法在 Relationship 資料行中儲存 <>。需要的型別是 Int32。

2019-10-18 14:43:20::輸入字串格式不正確。無法在 Relationship 資料行中儲存 <>。需要的型別是 Int32。

2019-10-18 14:43:20::輸入字串格式不正確。無法在 Relationship 資料行中儲存 <>。需要的型別是 Int32。

2019-10-18 14:43:21::輸入字串格式不正確。無法在 Relationship 資料行中儲存 <>。需要的型別是 Int32。

2019-10-18 14:43:27::輸入字串格式不正確。無法在 Relationship 資料行中儲存 <>。需要的型別是 Int32。

2019-10-18 14:43:28::輸入字串格式不正確。無法在 Relationship 資料行中儲存 <>。需要的型別是 Int32。

2019-10-18 14:44:50::輸入字串格式不正確。無法在 Relationship 資料行中儲存 <>。需要的型別是 Int32。

2019-10-18 14:44:52::輸入字串格式不正確。無法在 Relationship 資料行中儲存 <>。需要的型別是 Int32。

2019-10-18 14:44:53::輸入字串格式不正確。無法在 Relationship 資料行中儲存 <>。需要的型別是 Int32。

2019-10-18 14:44:54::輸入字串格式不正確。無法在 Relationship 資料行中儲存 <>。需要的型別是 Int32。

2019-10-18 14:44:54::輸入字串格式不正確。無法在 Relationship 資料行中儲存 <>。需要的型別是 Int32。

2019-10-18 14:44:54::輸入字串格式不正確。無法在 Relationship 資料行中儲存 <>。需要的型別是 Int32。

2019-10-18 14:44:55::輸入字串格式不正確。無法在 Relationship 資料行中儲存 <>。需要的型別是 Int32。

2019-10-18 14:44:55::輸入字串格式不正確。無法在 Relationship 資料行中儲存 <>。需要的型別是 Int32。

2019-10-18 14:44:55::輸入字串格式不正確。無法在 Relationship 資料行中儲存 <>。需要的型別是 Int32。

2019-10-18 14:44:55::輸入字串格式不正確。無法在 Relationship 資料行中儲存 <>。需要的型別是 Int32。

2019-10-18 14:44:55::輸入字串格式不正確。無法在 Relationship 資料行中儲存 <>。需要的型別是 Int32。

2019-10-18 14:44:57::輸入字串格式不正確。無法在 Relationship 資料行中儲存 <>。需要的型別是 Int32。

2019-10-18 14:44:58::輸入字串格式不正確。無法在 Relationship 資料行中儲存 <>。需要的型別是 Int32。

2019-10-18 14:45:01::輸入字串格式不正確。無法在 Relationship 資料行中儲存 <>。需要的型別是 Int32。

2019-10-18 14:45:02::輸入字串格式不正確。無法在 Relationship 資料行中儲存 <>。需要的型別是 Int32。

2019-10-18 14:45:05::輸入字串格式不正確。無法在 Relationship 資料行中儲存 <>。需要的型別是 Int32。

2019-10-18 14:45:06::輸入字串格式不正確。無法在 Relationship 資料行中儲存 <>。需要的型別是 Int32。

2019-10-18 16:41:38::並未將物件參考設定為物件的執行個體。

2019-10-18 16:41:39::並未將物件參考設定為物件的執行個體。

2019-10-18 16:41:39::連接未關閉。連接目前的狀態為連接中。

2019-10-18 16:41:39::連接未關閉。連接目前的狀態為連接中。

2019-10-18 16:41:39::連接未關閉。連接目前的狀態為連接中。

2019-10-18 16:41:39::連接未關閉。連接目前的狀態為連接中。

2019-10-18 16:41:39::連接未關閉。連接目前的狀態為連接中。

2019-10-18 16:41:39::連接未關閉。連接目前的狀態為連接中。

2019-10-18 16:41:39::連接未關閉。連接目前的狀態為連接中。

2019-10-18 16:41:39::連接未關閉。連接目前的狀態為連接中。

2019-10-18 16:41:39::連接未關閉。連接目前的狀態為連接中。

2019-10-18 16:41:39::連接未關閉。連接目前的狀態為連接中。

2019-10-18 16:41:39::連接未關閉。連接目前的狀態為連接中。

2019-10-18 16:41:39::連接未關閉。連接目前的狀態為連接中。

2019-10-18 16:41:39::並未將物件參考設定為物件的執行個體。

2019-10-18 16:41:39::並未將物件參考設定為物件的執行個體。

2019-10-18 16:41:39::並未將物件參考設定為物件的執行個體。

2019-10-18 16:41:39::並未將物件參考設定為物件的執行個體。

2019-10-18 16:41:39::並未將物件參考設定為物件的執行個體。

2019-10-18 16:41:39::並未將物件參考設定為物件的執行個體。

2019-10-18 16:41:39::並未將物件參考設定為物件的執行個體。

2019-10-18 16:41:39::並未將物件參考設定為物件的執行個體。

2019-10-18 16:41:39::並未將物件參考設定為物件的執行個體。

2019-10-18 16:41:39::並未將物件參考設定為物件的執行個體。

2019-10-18 16:41:39::並未將物件參考設定為物件的執行個體。

2019-10-18 16:41:39::並未將物件參考設定為物件的執行個體。

2019-10-18 16:41:39::並未將物件參考設定為物件的執行個體。

2019-10-18 16:41:39::並未將物件參考設定為物件的執行個體。

2019-10-18 16:41:39::ExecuteReader 必須有開啟與可用的 Connection。連接目前的狀態為連接中。

2019-10-18 16:41:39::ExecuteReader 必須有開啟與可用的 Connection。連接目前的狀態為連接中。

2019-10-18 16:41:39::並未將物件參考設定為物件的執行個體。

2019-10-18 16:41:39::ExecuteReader 必須有開啟與可用的 Connection。連接目前的狀態為連接中。

2019-10-18 16:41:39::ExecuteReader 必須有開啟與可用的 Connection。連接目前的狀態為連接中。

2019-10-18 16:41:39::並未將物件參考設定為物件的執行個體。

2019-10-18 16:41:39::ExecuteReader 必須有開啟與可用的 Connection。連接目前的狀態為連接中。

2019-10-18 16:41:39::並未將物件參考設定為物件的執行個體。

2019-10-18 16:41:39::並未將物件參考設定為物件的執行個體。

2019-10-18 16:41:39::並未將物件參考設定為物件的執行個體。

2019-10-18 16:41:39::ExecuteReader 必須有開啟與可用的 Connection。連接目前的狀態為連接中。

2019-10-18 16:41:39::並未將物件參考設定為物件的執行個體。

2019-10-18 16:41:39::ExecuteReader 必須有開啟與可用的 Connection。連接目前的狀態為連接中。

2019-10-18 16:41:39::並未將物件參考設定為物件的執行個體。

2019-10-18 16:41:39::ExecuteReader 必須有開啟與可用的 Connection。連接目前的狀態為連接中。

2019-10-18 16:41:39::並未將物件參考設定為物件的執行個體。

2019-10-18 16:41:39::ExecuteReader 必須有開啟與可用的 Connection。連接目前的狀態為連接中。

2019-10-18 16:41:39::並未將物件參考設定為物件的執行個體。

2019-10-18 16:41:39::ExecuteReader 必須有開啟與可用的 Connection。連接目前的狀態為連接中。

2019-10-18 16:41:39::並未將物件參考設定為物件的執行個體。

2019-10-18 16:41:39::ExecuteReader 必須有開啟與可用的 Connection。連接目前的狀態為連接中。

2019-10-18 16:41:39::ExecuteReader 必須有開啟與可用的 Connection。連接目前的狀態為連接中。

2019-10-18 16:41:39::ExecuteReader 必須有開啟與可用的 Connection。連接目前的狀態為連接中。

2019-10-18 16:41:39::並未將物件參考設定為物件的執行個體。

2019-10-18 16:41:39::並未將物件參考設定為物件的執行個體。

2019-10-18 16:41:39::並未將物件參考設定為物件的執行個體。

