2019-08-07 14:44:53::Internal connection fatal error. Error state: 15, Token : 0

2019-08-07 14:44:53::並未將物件參考設定為物件的執行個體。

2019-08-07 15:15:38::資料行 'Gender' 不屬於資料表 Families。

2019-08-07 15:15:39::資料行 'Gender' 不屬於資料表 Families。

2019-08-07 15:15:41::資料行 'Gender' 不屬於資料表 Families。

2019-08-07 15:15:43::資料行 'Gender' 不屬於資料表 Families。

2019-08-07 15:15:46::資料行 'Gender' 不屬於資料表 Families。

2019-08-07 15:15:52::資料行 'Gender' 不屬於資料表 Families。

2019-08-07 15:15:57::資料行 'Gender' 不屬於資料表 Families。

2019-08-07 15:16:06::資料行 'Gender' 不屬於資料表 Families。

2019-08-07 15:16:08::資料行 'Gender' 不屬於資料表 Families。

2019-08-07 15:16:09::資料行 'Gender' 不屬於資料表 Families。

2019-08-07 15:16:18::資料行 'Gender' 不屬於資料表 Families。

2019-08-07 15:16:19::資料行 'Gender' 不屬於資料表 Families。

2019-08-07 15:16:19::資料行 'Gender' 不屬於資料表 Families。

2019-08-07 15:16:27::資料行 'Gender' 不屬於資料表 Families。

2019-08-07 15:16:39::資料行 'Gender' 不屬於資料表 Families。

2019-08-07 15:16:40::資料行 'Gender' 不屬於資料表 Families。

2019-08-07 15:16:41::資料行 'Gender' 不屬於資料表 Families。

2019-08-07 15:17:25::資料行 'Gender' 不屬於資料表 Families。

2019-08-07 15:17:30::資料行 'Gender' 不屬於資料表 Families。

2019-08-07 15:17:38::資料行 'Gender' 不屬於資料表 Families。

2019-08-07 15:17:39::資料行 'Gender' 不屬於資料表 Families。

2019-08-07 15:17:40::資料行 'Gender' 不屬於資料表 Families。

2019-08-07 15:17:40::資料行 'Gender' 不屬於資料表 Families。

2019-08-07 15:17:40::資料行 'Gender' 不屬於資料表 Families。

2019-08-07 15:17:40::資料行 'Gender' 不屬於資料表 Families。

2019-08-07 15:18:43::資料行 'Gender' 不屬於資料表 Families。

2019-08-07 15:18:44::資料行 'Gender' 不屬於資料表 Families。

2019-08-07 15:18:51::資料行 'Gender' 不屬於資料表 Families。

2019-08-07 15:18:55::資料行 'Gender' 不屬於資料表 Families。

2019-08-07 15:18:56::資料行 'Gender' 不屬於資料表 Families。

2019-08-07 15:18:57::資料行 'Gender' 不屬於資料表 Families。

2019-08-07 15:18:58::資料行 'Gender' 不屬於資料表 Families。

2019-08-07 15:18:58::資料行 'Gender' 不屬於資料表 Families。

2019-08-07 15:19:07::資料行 'Gender' 不屬於資料表 Families。

2019-08-07 15:19:08::資料行 'Gender' 不屬於資料表 Families。

2019-08-07 15:19:08::資料行 'Gender' 不屬於資料表 Families。

2019-08-07 15:19:09::資料行 'Gender' 不屬於資料表 Families。

2019-08-07 15:19:09::資料行 'Gender' 不屬於資料表 Families。

2019-08-07 15:19:09::資料行 'Gender' 不屬於資料表 Families。

2019-08-07 15:19:09::資料行 'Gender' 不屬於資料表 Families。

2019-08-07 15:19:10::資料行 'Gender' 不屬於資料表 Families。

2019-08-07 15:19:10::資料行 'Gender' 不屬於資料表 Families。

2019-08-07 15:19:10::資料行 'Gender' 不屬於資料表 Families。

2019-08-07 15:19:10::資料行 'Gender' 不屬於資料表 Families。

2019-08-07 15:27:47::資料行 'Gender' 不屬於資料表 Families。

2019-08-07 15:27:51::資料行 'Gender' 不屬於資料表 Families。

2019-08-07 15:28:06::資料行 'Gender' 不屬於資料表 Families。

2019-08-07 15:28:07::資料行 'Gender' 不屬於資料表 Families。

2019-08-07 15:28:07::資料行 'Gender' 不屬於資料表 Families。

2019-08-07 15:28:07::資料行 'Gender' 不屬於資料表 Families。

2019-08-07 15:28:26::資料行 'Gender' 不屬於資料表 Families。

2019-08-07 15:28:27::資料行 'Gender' 不屬於資料表 Families。

2019-08-07 15:28:28::資料行 'Gender' 不屬於資料表 Families。

2019-08-07 15:28:29::資料行 'Gender' 不屬於資料表 Families。

2019-08-07 15:28:29::資料行 'Gender' 不屬於資料表 Families。

2019-08-07 15:28:29::資料行 'Gender' 不屬於資料表 Families。

2019-08-07 15:28:30::資料行 'Gender' 不屬於資料表 Families。

2019-08-07 15:28:30::資料行 'Gender' 不屬於資料表 Families。

2019-08-07 15:28:30::資料行 'Gender' 不屬於資料表 Families。

2019-08-07 15:28:31::資料行 'Gender' 不屬於資料表 Families。

2019-08-07 15:28:31::資料行 'Gender' 不屬於資料表 Families。

2019-08-07 15:28:31::資料行 'Gender' 不屬於資料表 Families。

2019-08-07 15:28:31::資料行 'Gender' 不屬於資料表 Families。

2019-08-07 15:28:32::資料行 'Gender' 不屬於資料表 Families。

2019-08-07 15:28:32::資料行 'Gender' 不屬於資料表 Families。

2019-08-07 15:28:32::資料行 'Gender' 不屬於資料表 Families。

2019-08-07 15:28:37::資料行 'Gender' 不屬於資料表 Families。

2019-08-07 15:28:38::資料行 'Gender' 不屬於資料表 Families。

2019-08-07 15:28:39::資料行 'Gender' 不屬於資料表 Families。

2019-08-07 15:28:39::資料行 'Gender' 不屬於資料表 Families。

2019-08-07 15:28:39::資料行 'Gender' 不屬於資料表 Families。

2019-08-07 15:28:39::資料行 'Gender' 不屬於資料表 Families。

2019-08-07 15:28:43::資料行 'Gender' 不屬於資料表 Families。

2019-08-07 15:28:44::資料行 'Gender' 不屬於資料表 Families。

2019-08-07 15:28:44::資料行 'Gender' 不屬於資料表 Families。

2019-08-07 15:28:44::資料行 'Gender' 不屬於資料表 Families。

2019-08-07 15:28:44::資料行 'Gender' 不屬於資料表 Families。

2019-08-07 15:30:17::資料行 'Gender' 不屬於資料表 Families。

2019-08-07 15:30:19::資料行 'Gender' 不屬於資料表 Families。

2019-08-07 15:30:20::資料行 'Gender' 不屬於資料表 Families。

2019-08-07 15:30:20::資料行 'Gender' 不屬於資料表 Families。

2019-08-07 15:30:20::資料行 'Gender' 不屬於資料表 Families。

2019-08-07 15:30:20::資料行 'Gender' 不屬於資料表 Families。

2019-08-07 15:30:20::資料行 'Gender' 不屬於資料表 Families。

2019-08-07 15:30:21::資料行 'Gender' 不屬於資料表 Families。

2019-08-07 15:30:21::資料行 'Gender' 不屬於資料表 Families。

2019-08-07 15:30:21::資料行 'Gender' 不屬於資料表 Families。

2019-08-07 15:30:21::資料行 'Gender' 不屬於資料表 Families。

2019-08-07 15:30:21::資料行 'Gender' 不屬於資料表 Families。

2019-08-07 16:28:09::SqlDbType 的列舉值 0 無效。
參數名稱: SqlDbType

2019-08-07 16:28:09::並未將物件參考設定為物件的執行個體。

