2019-10-25 09:08:51::連接未關閉。連接目前的狀態為連接中。

2019-10-25 09:08:51::連接未關閉。連接目前的狀態為連接中。

2019-10-25 09:08:51::連接未關閉。連接目前的狀態為連接中。

2019-10-25 09:08:51::連接未關閉。連接目前的狀態為連接中。

2019-10-25 09:08:51::ExecuteReader 必須有開啟與可用的 Connection。連接目前的狀態為連接中。

2019-10-25 09:08:51::並未將物件參考設定為物件的執行個體。

2019-10-25 09:08:51::並未將物件參考設定為物件的執行個體。

2019-10-25 09:08:51::並未將物件參考設定為物件的執行個體。

2019-10-25 09:08:51::並未將物件參考設定為物件的執行個體。

2019-10-25 09:08:51::並未將物件參考設定為物件的執行個體。

2019-10-25 09:08:52::ExecuteReader 必須有開啟與可用的 Connection。連接目前的狀態為連接中。

2019-10-25 09:08:52::並未將物件參考設定為物件的執行個體。

2019-10-25 09:08:52::ExecuteReader 必須有開啟與可用的 Connection。連接目前的狀態為連接中。

2019-10-25 09:08:52::並未將物件參考設定為物件的執行個體。

2019-10-25 09:08:52::ExecuteReader 必須有開啟與可用的 Connection。連接目前的狀態為連接中。

2019-10-25 09:08:52::並未將物件參考設定為物件的執行個體。

2019-10-25 09:08:52::ExecuteReader 必須有開啟與可用的 Connection。連接目前的狀態為連接中。

2019-10-25 09:08:52::ExecuteReader 必須有開啟與可用的 Connection。連接目前的狀態為連接中。

2019-10-25 09:08:52::並未將物件參考設定為物件的執行個體。

2019-10-25 09:08:52::並未將物件參考設定為物件的執行個體。

2019-10-25 09:08:52::ExecuteReader 必須有開啟與可用的 Connection。連接目前的狀態為連接中。

2019-10-25 09:08:52::並未將物件參考設定為物件的執行個體。

2019-10-25 09:08:52::ExecuteReader 必須有開啟與可用的 Connection。連接目前的狀態為連接中。

2019-10-25 09:08:52::並未將物件參考設定為物件的執行個體。

2019-10-25 09:08:52::ExecuteReader 必須有開啟與可用的 Connection。連接目前的狀態為連接中。

2019-10-25 09:08:52::並未將物件參考設定為物件的執行個體。

2019-10-25 09:08:52::ExecuteReader 必須有開啟與可用的 Connection。連接目前的狀態為連接中。

2019-10-25 09:08:52::並未將物件參考設定為物件的執行個體。

2019-10-25 09:08:52::ExecuteReader 必須有開啟與可用的 Connection。連接目前的狀態為連接中。

2019-10-25 09:08:52::並未將物件參考設定為物件的執行個體。

2019-10-25 09:08:52::ExecuteReader 必須有開啟與可用的 Connection。連接目前的狀態為連接中。

2019-10-25 09:08:52::並未將物件參考設定為物件的執行個體。

2019-10-25 09:08:52::ExecuteReader 必須有開啟與可用的 Connection。連接目前的狀態為連接中。

2019-10-25 09:08:52::並未將物件參考設定為物件的執行個體。

2019-10-25 09:08:52::ExecuteReader 必須有開啟與可用的 Connection。連接目前的狀態為連接中。

2019-10-25 09:08:52::並未將物件參考設定為物件的執行個體。

2019-10-25 09:08:52::ExecuteReader 必須有開啟與可用的 Connection。連接目前的狀態為連接中。

2019-10-25 09:08:52::並未將物件參考設定為物件的執行個體。

2019-10-25 09:08:53::ExecuteReader 必須有開啟與可用的 Connection。連接目前的狀態為連接中。

2019-10-25 09:08:53::並未將物件參考設定為物件的執行個體。

2019-10-25 09:08:53::ExecuteReader 必須有開啟與可用的 Connection。連接目前的狀態為連接中。

2019-10-25 09:08:53::並未將物件參考設定為物件的執行個體。

2019-10-25 09:08:53::SqlDbType 的列舉值 16 無效。
參數名稱: SqlDbType

2019-10-25 09:08:53::並未將物件參考設定為物件的執行個體。

2019-10-25 09:08:53::Internal connection fatal error. Error state: 15, Token : 0

2019-10-25 09:08:53::並未將物件參考設定為物件的執行個體。

2019-10-25 15:00:13::ExecuteReader 必須有開啟與可用的 Connection。連接目前的狀態為連接中。

2019-10-25 15:00:13::並未將物件參考設定為物件的執行個體。

