2019-08-26 09:31:37::並未將物件參考設定為物件的執行個體。

2019-08-26 09:31:37::並未將物件參考設定為物件的執行個體。

2019-08-26 09:31:39::ExecuteReader 必須有開啟與可用的 Connection。連接目前的狀態為連接中。

2019-08-26 09:31:39::並未將物件參考設定為物件的執行個體。

2019-08-26 09:31:39::ExecuteReader 必須有開啟與可用的 Connection。連接目前的狀態為連接中。

2019-08-26 09:31:39::並未將物件參考設定為物件的執行個體。

2019-08-26 09:31:40::SqlDbType 的列舉值 0 無效。
參數名稱: SqlDbType

2019-08-26 09:31:40::並未將物件參考設定為物件的執行個體。

2019-08-26 09:31:40::當讀取器關閉時嘗試呼叫 MetaData 無效。

2019-08-26 09:31:40::並未將物件參考設定為物件的執行個體。

2019-08-26 09:31:46::協力電腦交易管理員已經停用了對遠端/網路交易的支援。 (發生例外狀況於 HRESULT: 0x8004D025)

2019-08-26 09:31:46::協力電腦交易管理員已經停用了對遠端/網路交易的支援。 (發生例外狀況於 HRESULT: 0x8004D025)

2019-08-26 13:30:49::ExecuteReader 必須有開啟與可用的 Connection。連接目前的狀態為連接中。

2019-08-26 13:30:49::並未將物件參考設定為物件的執行個體。

2019-08-26 14:50:06::資料行 'Relationship' 不屬於資料表 RelativesInCompany。

2019-08-26 14:50:07::資料行 'Relationship' 不屬於資料表 RelativesInCompany。

2019-08-26 14:50:08::資料行 'Relationship' 不屬於資料表 RelativesInCompany。

2019-08-26 14:50:10::資料行 'Relationship' 不屬於資料表 RelativesInCompany。

2019-08-26 14:50:10::資料行 'Relationship' 不屬於資料表 RelativesInCompany。

2019-08-26 14:50:11::資料行 'Relationship' 不屬於資料表 RelativesInCompany。

2019-08-26 14:50:11::資料行 'Relationship' 不屬於資料表 RelativesInCompany。

2019-08-26 14:50:53::資料行 'Relationship' 不屬於資料表 RelativesInCompany。

2019-08-26 14:50:59::資料行 'Relationship' 不屬於資料表 RelativesInCompany。

2019-08-26 14:51:09::資料行 'Relationship' 不屬於資料表 RelativesInCompany。

2019-08-26 14:51:11::資料行 'Relationship' 不屬於資料表 RelativesInCompany。

2019-08-26 14:51:12::資料行 'Relationship' 不屬於資料表 RelativesInCompany。

2019-08-26 14:51:19::資料行 'Relationship' 不屬於資料表 RelativesInCompany。

2019-08-26 14:51:21::資料行 'Relationship' 不屬於資料表 RelativesInCompany。

2019-08-26 14:51:22::資料行 'Relationship' 不屬於資料表 RelativesInCompany。

2019-08-26 14:51:22::資料行 'Relationship' 不屬於資料表 RelativesInCompany。

2019-08-26 14:51:22::資料行 'Relationship' 不屬於資料表 RelativesInCompany。

2019-08-26 14:51:22::資料行 'Relationship' 不屬於資料表 RelativesInCompany。

2019-08-26 14:51:22::資料行 'Relationship' 不屬於資料表 RelativesInCompany。

2019-08-26 14:51:22::資料行 'Relationship' 不屬於資料表 RelativesInCompany。

2019-08-26 14:51:22::資料行 'Relationship' 不屬於資料表 RelativesInCompany。

2019-08-26 14:51:23::資料行 'Relationship' 不屬於資料表 RelativesInCompany。

2019-08-26 14:51:23::資料行 'Relationship' 不屬於資料表 RelativesInCompany。

2019-08-26 14:51:23::資料行 'Relationship' 不屬於資料表 RelativesInCompany。

2019-08-26 14:51:23::資料行 'Relationship' 不屬於資料表 RelativesInCompany。

2019-08-26 14:51:23::資料行 'Relationship' 不屬於資料表 RelativesInCompany。

2019-08-26 14:51:23::資料行 'Relationship' 不屬於資料表 RelativesInCompany。

2019-08-26 14:51:32::資料行 'Relationship' 不屬於資料表 RelativesInCompany。

2019-08-26 14:51:35::資料行 'Relationship' 不屬於資料表 RelativesInCompany。

2019-08-26 14:51:37::資料行 'Relationship' 不屬於資料表 RelativesInCompany。

2019-08-26 15:04:59::資料行 'Relationship' 不屬於資料表 RelativesInCompany。

2019-08-26 15:05:03::資料行 'Relationship' 不屬於資料表 RelativesInCompany。

2019-08-26 15:05:05::資料行 'Relationship' 不屬於資料表 RelativesInCompany。

2019-08-26 15:05:05::資料行 'Relationship' 不屬於資料表 RelativesInCompany。

2019-08-26 15:05:06::資料行 'Relationship' 不屬於資料表 RelativesInCompany。

2019-08-26 15:05:09::資料行 'Relationship' 不屬於資料表 RelativesInCompany。

2019-08-26 15:05:10::資料行 'Relationship' 不屬於資料表 RelativesInCompany。

2019-08-26 15:05:10::資料行 'Relationship' 不屬於資料表 RelativesInCompany。

2019-08-26 15:05:11::資料行 'Relationship' 不屬於資料表 RelativesInCompany。

2019-08-26 15:05:11::資料行 'Relationship' 不屬於資料表 RelativesInCompany。

2019-08-26 15:06:53::資料行 'Relationship' 不屬於資料表 RelativesInCompany。

2019-08-26 15:06:54::資料行 'Relationship' 不屬於資料表 RelativesInCompany。

2019-08-26 15:06:54::資料行 'Relationship' 不屬於資料表 RelativesInCompany。

2019-08-26 15:14:46::資料行 'Relationship' 不屬於資料表 RelativesInCompany。

2019-08-26 15:14:49::資料行 'Relationship' 不屬於資料表 RelativesInCompany。

2019-08-26 15:14:52::資料行 'Relationship' 不屬於資料表 RelativesInCompany。

2019-08-26 15:14:54::資料行 'Relationship' 不屬於資料表 RelativesInCompany。

2019-08-26 15:14:55::資料行 'Relationship' 不屬於資料表 RelativesInCompany。

2019-08-26 15:14:55::資料行 'Relationship' 不屬於資料表 RelativesInCompany。

2019-08-26 15:14:56::資料行 'Relationship' 不屬於資料表 RelativesInCompany。

2019-08-26 15:16:56::資料行 'Relationship' 不屬於資料表 RelativesInCompany。

2019-08-26 15:17:06::資料行 'Relationship' 不屬於資料表 RelativesInCompany。

2019-08-26 15:17:07::資料行 'Relationship' 不屬於資料表 RelativesInCompany。

2019-08-26 15:17:07::資料行 'Relationship' 不屬於資料表 RelativesInCompany。

2019-08-26 15:17:08::資料行 'Relationship' 不屬於資料表 RelativesInCompany。

2019-08-26 15:17:08::資料行 'Relationship' 不屬於資料表 RelativesInCompany。

2019-08-26 15:17:35::資料行 'Relationship' 不屬於資料表 RelativesInCompany。

2019-08-26 15:18:21::資料行 'Relationship' 不屬於資料表 RelativesInCompany。

2019-08-26 15:18:22::資料行 'Relationship' 不屬於資料表 RelativesInCompany。

2019-08-26 15:18:23::資料行 'Relationship' 不屬於資料表 RelativesInCompany。

2019-08-26 15:18:24::資料行 'Relationship' 不屬於資料表 RelativesInCompany。

2019-08-26 15:18:24::資料行 'Relationship' 不屬於資料表 RelativesInCompany。

2019-08-26 15:18:28::資料行 'Relationship' 不屬於資料表 RelativesInCompany。

2019-08-26 15:18:31::資料行 'Relationship' 不屬於資料表 RelativesInCompany。

2019-08-26 15:18:41::資料行 'Relationship' 不屬於資料表 RelativesInCompany。

2019-08-26 15:18:47::資料行 'Relationship' 不屬於資料表 RelativesInCompany。

2019-08-26 15:20:19::資料行 'Relationship' 不屬於資料表 RelativesInCompany。

2019-08-26 15:21:42::資料行 'Relationship' 不屬於資料表 RelativesInCompany。

2019-08-26 15:21:43::資料行 'Relationship' 不屬於資料表 RelativesInCompany。

2019-08-26 15:23:06::資料行 'Relationship' 不屬於資料表 RelativesInCompany。

2019-08-26 15:23:08::資料行 'Relationship' 不屬於資料表 RelativesInCompany。

2019-08-26 15:23:10::資料行 'Relationship' 不屬於資料表 RelativesInCompany。

2019-08-26 15:23:10::資料行 'Relationship' 不屬於資料表 RelativesInCompany。

2019-08-26 15:23:11::資料行 'Relationship' 不屬於資料表 RelativesInCompany。

2019-08-26 15:23:11::資料行 'Relationship' 不屬於資料表 RelativesInCompany。

2019-08-26 15:23:11::資料行 'Relationship' 不屬於資料表 RelativesInCompany。

2019-08-26 15:23:11::資料行 'Relationship' 不屬於資料表 RelativesInCompany。

2019-08-26 15:23:11::資料行 'Relationship' 不屬於資料表 RelativesInCompany。

2019-08-26 15:23:11::資料行 'Relationship' 不屬於資料表 RelativesInCompany。

2019-08-26 15:23:12::資料行 'Relationship' 不屬於資料表 RelativesInCompany。

2019-08-26 15:23:12::資料行 'Relationship' 不屬於資料表 RelativesInCompany。

2019-08-26 15:23:12::資料行 'Relationship' 不屬於資料表 RelativesInCompany。

2019-08-26 15:23:12::資料行 'Relationship' 不屬於資料表 RelativesInCompany。

2019-08-26 15:23:12::資料行 'Relationship' 不屬於資料表 RelativesInCompany。

2019-08-26 15:23:12::資料行 'Relationship' 不屬於資料表 RelativesInCompany。

2019-08-26 15:23:12::資料行 'Relationship' 不屬於資料表 RelativesInCompany。

2019-08-26 15:23:13::資料行 'Relationship' 不屬於資料表 RelativesInCompany。

2019-08-26 15:23:13::資料行 'Relationship' 不屬於資料表 RelativesInCompany。

2019-08-26 15:23:13::資料行 'Relationship' 不屬於資料表 RelativesInCompany。

2019-08-26 15:23:17::資料行 'Relationship' 不屬於資料表 RelativesInCompany。

2019-08-26 15:23:33::資料行 'Relationship' 不屬於資料表 RelativesInCompany。

2019-08-26 15:23:34::資料行 'Relationship' 不屬於資料表 RelativesInCompany。

2019-08-26 15:23:34::資料行 'Relationship' 不屬於資料表 RelativesInCompany。

2019-08-26 15:23:34::資料行 'Relationship' 不屬於資料表 RelativesInCompany。

2019-08-26 15:23:34::資料行 'Relationship' 不屬於資料表 RelativesInCompany。

2019-08-26 15:23:35::資料行 'Relationship' 不屬於資料表 RelativesInCompany。

2019-08-26 15:23:45::資料行 'Relationship' 不屬於資料表 RelativesInCompany。

2019-08-26 15:23:45::資料行 'Relationship' 不屬於資料表 RelativesInCompany。

2019-08-26 15:23:46::資料行 'Relationship' 不屬於資料表 RelativesInCompany。

2019-08-26 15:23:46::資料行 'Relationship' 不屬於資料表 RelativesInCompany。

2019-08-26 15:23:46::資料行 'Relationship' 不屬於資料表 RelativesInCompany。

2019-08-26 15:23:46::資料行 'Relationship' 不屬於資料表 RelativesInCompany。

2019-08-26 15:23:47::資料行 'Relationship' 不屬於資料表 RelativesInCompany。

2019-08-26 15:23:53::資料行 'Relationship' 不屬於資料表 RelativesInCompany。

2019-08-26 15:23:54::資料行 'Relationship' 不屬於資料表 RelativesInCompany。

2019-08-26 15:23:55::資料行 'Relationship' 不屬於資料表 RelativesInCompany。

2019-08-26 15:24:01::資料行 'Relationship' 不屬於資料表 RelativesInCompany。

2019-08-26 15:24:01::資料行 'Relationship' 不屬於資料表 RelativesInCompany。

2019-08-26 15:24:01::資料行 'Relationship' 不屬於資料表 RelativesInCompany。

2019-08-26 15:24:01::資料行 'Relationship' 不屬於資料表 RelativesInCompany。

2019-08-26 15:24:01::資料行 'Relationship' 不屬於資料表 RelativesInCompany。

2019-08-26 15:24:01::資料行 'Relationship' 不屬於資料表 RelativesInCompany。

2019-08-26 15:24:08::資料行 'Relationship' 不屬於資料表 RelativesInCompany。

2019-08-26 15:24:09::資料行 'Relationship' 不屬於資料表 RelativesInCompany。

2019-08-26 15:24:09::資料行 'Relationship' 不屬於資料表 RelativesInCompany。

2019-08-26 15:24:09::資料行 'Relationship' 不屬於資料表 RelativesInCompany。

2019-08-26 15:24:09::資料行 'Relationship' 不屬於資料表 RelativesInCompany。

2019-08-26 15:24:09::資料行 'Relationship' 不屬於資料表 RelativesInCompany。

2019-08-26 15:24:09::資料行 'Relationship' 不屬於資料表 RelativesInCompany。

2019-08-26 15:24:10::資料行 'Relationship' 不屬於資料表 RelativesInCompany。

2019-08-26 15:24:10::資料行 'Relationship' 不屬於資料表 RelativesInCompany。

2019-08-26 15:30:37::資料行 'Relationship' 不屬於資料表 RelativesInCompany。

2019-08-26 15:31:48::資料行 'Relationship' 不屬於資料表 RelativesInCompany。

2019-08-26 15:31:50::資料行 'Relationship' 不屬於資料表 RelativesInCompany。

2019-08-26 15:31:52::資料行 'Relationship' 不屬於資料表 RelativesInCompany。

2019-08-26 15:31:58::資料行 'Relationship' 不屬於資料表 RelativesInCompany。

2019-08-26 15:32:01::資料行 'Relationship' 不屬於資料表 RelativesInCompany。

2019-08-26 15:32:03::資料行 'Relationship' 不屬於資料表 RelativesInCompany。

2019-08-26 15:32:05::資料行 'Relationship' 不屬於資料表 RelativesInCompany。

2019-08-26 15:32:06::資料行 'Relationship' 不屬於資料表 RelativesInCompany。

2019-08-26 15:32:07::資料行 'Relationship' 不屬於資料表 RelativesInCompany。

2019-08-26 15:32:12::資料行 'Relationship' 不屬於資料表 RelativesInCompany。

2019-08-26 15:32:13::資料行 'Relationship' 不屬於資料表 RelativesInCompany。

2019-08-26 15:32:18::資料行 'Relationship' 不屬於資料表 RelativesInCompany。

2019-08-26 15:32:19::資料行 'Relationship' 不屬於資料表 RelativesInCompany。

2019-08-26 15:32:20::資料行 'Relationship' 不屬於資料表 RelativesInCompany。

2019-08-26 15:32:21::資料行 'Relationship' 不屬於資料表 RelativesInCompany。

2019-08-26 15:32:22::資料行 'Relationship' 不屬於資料表 RelativesInCompany。

2019-08-26 15:32:22::資料行 'Relationship' 不屬於資料表 RelativesInCompany。

2019-08-26 15:32:23::資料行 'Relationship' 不屬於資料表 RelativesInCompany。

2019-08-26 15:32:23::資料行 'Relationship' 不屬於資料表 RelativesInCompany。

2019-08-26 15:32:24::資料行 'Relationship' 不屬於資料表 RelativesInCompany。

2019-08-26 15:32:24::資料行 'Relationship' 不屬於資料表 RelativesInCompany。

2019-08-26 15:32:25::資料行 'Relationship' 不屬於資料表 RelativesInCompany。

2019-08-26 15:32:25::資料行 'Relationship' 不屬於資料表 RelativesInCompany。

2019-08-26 15:32:25::資料行 'Relationship' 不屬於資料表 RelativesInCompany。

2019-08-26 15:32:26::資料行 'Relationship' 不屬於資料表 RelativesInCompany。

2019-08-26 15:32:26::資料行 'Relationship' 不屬於資料表 RelativesInCompany。

2019-08-26 15:32:26::資料行 'Relationship' 不屬於資料表 RelativesInCompany。

2019-08-26 15:32:26::資料行 'Relationship' 不屬於資料表 RelativesInCompany。

2019-08-26 15:32:26::資料行 'Relationship' 不屬於資料表 RelativesInCompany。

2019-08-26 15:32:27::資料行 'Relationship' 不屬於資料表 RelativesInCompany。

2019-08-26 15:32:27::資料行 'Relationship' 不屬於資料表 RelativesInCompany。

2019-08-26 15:32:28::資料行 'Relationship' 不屬於資料表 RelativesInCompany。

2019-08-26 15:32:29::資料行 'Relationship' 不屬於資料表 RelativesInCompany。

2019-08-26 15:32:29::資料行 'Relationship' 不屬於資料表 RelativesInCompany。

2019-08-26 15:32:29::資料行 'Relationship' 不屬於資料表 RelativesInCompany。

2019-08-26 15:32:29::資料行 'Relationship' 不屬於資料表 RelativesInCompany。

2019-08-26 15:32:29::資料行 'Relationship' 不屬於資料表 RelativesInCompany。

2019-08-26 15:32:29::資料行 'Relationship' 不屬於資料表 RelativesInCompany。

2019-08-26 15:32:30::資料行 'Relationship' 不屬於資料表 RelativesInCompany。

2019-08-26 15:32:30::資料行 'Relationship' 不屬於資料表 RelativesInCompany。

2019-08-26 15:32:31::資料行 'Relationship' 不屬於資料表 RelativesInCompany。

2019-08-26 15:32:31::資料行 'Relationship' 不屬於資料表 RelativesInCompany。

2019-08-26 15:32:34::資料行 'Relationship' 不屬於資料表 RelativesInCompany。

2019-08-26 15:32:34::資料行 'Relationship' 不屬於資料表 RelativesInCompany。

2019-08-26 15:32:34::資料行 'Relationship' 不屬於資料表 RelativesInCompany。

2019-08-26 22:41:44::連接未關閉。連接目前的狀態為連接中。

2019-08-26 22:41:44::ExecuteReader 必須有開啟與可用的 Connection。連接目前的狀態為連接中。

2019-08-26 22:41:44::並未將物件參考設定為物件的執行個體。

2019-08-26 22:41:44::並未將物件參考設定為物件的執行個體。

