2019-08-13 08:56:05::ExecuteReader 必須有開啟與可用的 Connection。連接目前的狀態為連接中。

2019-08-13 08:56:05::並未將物件參考設定為物件的執行個體。

2019-08-13 09:14:33::並未將物件參考設定為物件的執行個體。

2019-08-13 09:14:33::作業無效。已經關閉連接。

2019-08-13 09:14:33::並未將物件參考設定為物件的執行個體。

2019-08-13 14:22:47::資料行 'Relationship' 不屬於資料表 RelativesInCompany。

2019-08-13 14:22:51::資料行 'Relationship' 不屬於資料表 RelativesInCompany。

2019-08-13 14:22:53::資料行 'Relationship' 不屬於資料表 RelativesInCompany。

2019-08-13 14:22:56::資料行 'Relationship' 不屬於資料表 RelativesInCompany。

2019-08-13 14:22:59::資料行 'Relationship' 不屬於資料表 RelativesInCompany。

2019-08-13 14:23:02::資料行 'Relationship' 不屬於資料表 RelativesInCompany。

2019-08-13 14:23:17::資料行 'Relationship' 不屬於資料表 RelativesInCompany。

2019-08-13 14:23:18::資料行 'Relationship' 不屬於資料表 RelativesInCompany。

2019-08-13 14:23:19::資料行 'Relationship' 不屬於資料表 RelativesInCompany。

2019-08-13 14:23:19::資料行 'Relationship' 不屬於資料表 RelativesInCompany。

2019-08-13 14:23:19::資料行 'Relationship' 不屬於資料表 RelativesInCompany。

2019-08-13 14:23:20::資料行 'Relationship' 不屬於資料表 RelativesInCompany。

2019-08-13 14:23:20::資料行 'Relationship' 不屬於資料表 RelativesInCompany。

2019-08-13 14:23:24::資料行 'Relationship' 不屬於資料表 RelativesInCompany。

2019-08-13 14:23:54::資料行 'Relationship' 不屬於資料表 RelativesInCompany。

2019-08-13 14:24:04::資料行 'Relationship' 不屬於資料表 RelativesInCompany。

2019-08-13 14:24:05::資料行 'Relationship' 不屬於資料表 RelativesInCompany。

2019-08-13 14:24:05::資料行 'Relationship' 不屬於資料表 RelativesInCompany。

2019-08-13 14:24:05::資料行 'Relationship' 不屬於資料表 RelativesInCompany。

2019-08-13 14:24:06::資料行 'Relationship' 不屬於資料表 RelativesInCompany。

2019-08-13 14:24:06::資料行 'Relationship' 不屬於資料表 RelativesInCompany。

2019-08-13 14:24:06::資料行 'Relationship' 不屬於資料表 RelativesInCompany。

2019-08-13 14:24:07::資料行 'Relationship' 不屬於資料表 RelativesInCompany。

2019-08-13 14:24:07::資料行 'Relationship' 不屬於資料表 RelativesInCompany。

2019-08-13 14:24:08::資料行 'Relationship' 不屬於資料表 RelativesInCompany。

2019-08-13 14:24:08::資料行 'Relationship' 不屬於資料表 RelativesInCompany。

2019-08-13 14:24:08::資料行 'Relationship' 不屬於資料表 RelativesInCompany。

2019-08-13 14:24:18::資料行 'Relationship' 不屬於資料表 RelativesInCompany。

2019-08-13 14:24:19::資料行 'Relationship' 不屬於資料表 RelativesInCompany。

2019-08-13 14:24:19::資料行 'Relationship' 不屬於資料表 RelativesInCompany。

2019-08-13 14:24:27::資料行 'Relationship' 不屬於資料表 RelativesInCompany。

2019-08-13 14:24:27::資料行 'Relationship' 不屬於資料表 RelativesInCompany。

2019-08-13 14:24:27::資料行 'Relationship' 不屬於資料表 RelativesInCompany。

2019-08-13 14:24:27::資料行 'Relationship' 不屬於資料表 RelativesInCompany。

2019-08-13 14:24:28::資料行 'Relationship' 不屬於資料表 RelativesInCompany。

2019-08-13 14:24:28::資料行 'Relationship' 不屬於資料表 RelativesInCompany。

2019-08-13 14:24:28::資料行 'Relationship' 不屬於資料表 RelativesInCompany。

2019-08-13 14:24:44::資料行 'Relationship' 不屬於資料表 RelativesInCompany。

2019-08-13 14:24:47::資料行 'Relationship' 不屬於資料表 RelativesInCompany。

2019-08-13 14:26:53::資料行 'Relationship' 不屬於資料表 RelativesInCompany。

2019-08-13 14:26:54::資料行 'Relationship' 不屬於資料表 RelativesInCompany。

2019-08-13 14:26:57::資料行 'Relationship' 不屬於資料表 RelativesInCompany。

2019-08-13 14:26:59::資料行 'Relationship' 不屬於資料表 RelativesInCompany。

2019-08-13 14:27:09::資料行 'Relationship' 不屬於資料表 RelativesInCompany。

2019-08-13 14:27:10::資料行 'Relationship' 不屬於資料表 RelativesInCompany。

2019-08-13 14:27:11::資料行 'Relationship' 不屬於資料表 RelativesInCompany。

2019-08-13 14:27:11::資料行 'Relationship' 不屬於資料表 RelativesInCompany。

2019-08-13 14:27:11::資料行 'Relationship' 不屬於資料表 RelativesInCompany。

2019-08-13 14:27:12::資料行 'Relationship' 不屬於資料表 RelativesInCompany。

2019-08-13 14:27:12::資料行 'Relationship' 不屬於資料表 RelativesInCompany。

2019-08-13 14:27:12::資料行 'Relationship' 不屬於資料表 RelativesInCompany。

2019-08-13 14:27:13::資料行 'Relationship' 不屬於資料表 RelativesInCompany。

2019-08-13 14:27:13::資料行 'Relationship' 不屬於資料表 RelativesInCompany。

2019-08-13 14:27:13::資料行 'Relationship' 不屬於資料表 RelativesInCompany。

2019-08-13 14:27:18::資料行 'Relationship' 不屬於資料表 RelativesInCompany。

2019-08-13 14:27:18::資料行 'Relationship' 不屬於資料表 RelativesInCompany。

2019-08-13 15:10:41::ExecuteReader 必須有開啟與可用的 Connection。連接目前的狀態為開啟。

2019-08-13 15:10:41::並未將物件參考設定為物件的執行個體。

2019-08-13 15:11:06::ExecuteReader 必須有開啟與可用的 Connection。連接目前的狀態為開啟。

2019-08-13 15:11:06::並未將物件參考設定為物件的執行個體。

2019-08-13 15:11:06::ExecuteReader 必須有開啟與可用的 Connection。連接目前的狀態為開啟。

2019-08-13 15:11:06::並未將物件參考設定為物件的執行個體。

2019-08-13 15:11:11::並未將物件參考設定為物件的執行個體。

