2019-09-14 08:57:42::連接未關閉。連接目前的狀態為連接中。

2019-09-14 08:57:42::連接未關閉。連接目前的狀態為連接中。

2019-09-14 08:57:42::並未將物件參考設定為物件的執行個體。

2019-09-14 08:57:42::並未將物件參考設定為物件的執行個體。

2019-09-14 08:57:42::並未將物件參考設定為物件的執行個體。

2019-09-14 08:57:42::並未將物件參考設定為物件的執行個體。

2019-09-14 10:20:27::ExecuteReader 必須有開啟與可用的 Connection。連接目前的狀態為連接中。

2019-09-14 10:20:27::並未將物件參考設定為物件的執行個體。

2019-09-14 16:38:57::並未將物件參考設定為物件的執行個體。

2019-09-14 16:38:57::並未將物件參考設定為物件的執行個體。

2019-09-14 16:50:47::作業無效。已經關閉連接。

2019-09-14 16:50:47::並未將物件參考設定為物件的執行個體。

2019-09-14 16:50:47::在接收來自伺服器的要求時發生傳輸層級的錯誤。 (provider: TCP Provider, error: 0 - 遠端主機已強制關閉一個現存的連線。)

2019-09-14 16:50:47::在接收來自伺服器的要求時發生傳輸層級的錯誤。 (provider: TCP Provider, error: 0 - 遠端主機已強制關閉一個現存的連線。)

2019-09-14 16:50:47::並未將物件參考設定為物件的執行個體。

2019-09-14 16:50:47::並未將物件參考設定為物件的執行個體。

2019-09-14 16:50:47::並未將物件參考設定為物件的執行個體。

2019-09-14 16:50:47::ExecuteReader 必須有開啟與可用的 Connection。連接目前的狀態為開啟。

2019-09-14 16:50:47::ExecuteReader 必須有開啟與可用的 Connection。連接目前的狀態為開啟。

2019-09-14 16:50:47::ExecuteReader 必須有開啟與可用的 Connection。連接目前的狀態為開啟。

2019-09-14 16:50:47::並未將物件參考設定為物件的執行個體。

2019-09-14 16:50:47::並未將物件參考設定為物件的執行個體。

2019-09-14 16:50:47::ExecuteReader 必須有開啟與可用的 Connection。連接目前的狀態為開啟。

2019-09-14 16:50:47::並未將物件參考設定為物件的執行個體。

2019-09-14 16:50:47::ExecuteReader 必須有開啟與可用的 Connection。連接目前的狀態為開啟。

2019-09-14 16:50:47::並未將物件參考設定為物件的執行個體。

2019-09-14 16:50:47::並未將物件參考設定為物件的執行個體。

2019-09-14 16:50:47::並未將物件參考設定為物件的執行個體。

