2019-08-12 14:44:51::作業無效。已經關閉連接。

2019-08-12 14:44:51::作業無效。已經關閉連接。

2019-08-12 14:44:51::並未將物件參考設定為物件的執行個體。

2019-08-12 14:44:51::並未將物件參考設定為物件的執行個體。

2019-08-12 14:44:51::ExecuteReader 必須有開啟與可用的 Connection。連接目前的狀態為開啟。

2019-08-12 14:44:51::並未將物件參考設定為物件的執行個體。

2019-08-12 14:44:51::ExecuteReader 必須有開啟與可用的 Connection。連接目前的狀態為開啟。

2019-08-12 14:44:51::並未將物件參考設定為物件的執行個體。

2019-08-12 14:44:51::ExecuteReader 必須有開啟與可用的 Connection。連接目前的狀態為開啟。

2019-08-12 14:44:51::並未將物件參考設定為物件的執行個體。

2019-08-12 14:45:10::ExecuteReader 必須有開啟與可用的 Connection。連接目前的狀態為開啟。

2019-08-12 14:45:10::並未將物件參考設定為物件的執行個體。

2019-08-12 14:45:13::ExecuteReader 必須有開啟與可用的 Connection。連接目前的狀態為開啟。

2019-08-12 14:45:13::並未將物件參考設定為物件的執行個體。

2019-08-12 14:45:17::ExecuteReader 必須有開啟與可用的 Connection。連接目前的狀態為開啟。

2019-08-12 14:45:17::並未將物件參考設定為物件的執行個體。

2019-08-12 14:45:20::ExecuteReader 必須有開啟與可用的 Connection。連接目前的狀態為開啟。

2019-08-12 14:45:20::並未將物件參考設定為物件的執行個體。

2019-08-12 14:45:20::ExecuteReader 必須有開啟與可用的 Connection。連接目前的狀態為開啟。

2019-08-12 14:45:20::並未將物件參考設定為物件的執行個體。

2019-08-12 14:45:21::ExecuteReader 必須有開啟與可用的 Connection。連接目前的狀態為開啟。

2019-08-12 14:45:21::並未將物件參考設定為物件的執行個體。

2019-08-12 14:45:21::Execution Timeout Expired.  The timeout period elapsed prior to completion of the operation or the server is not responding.

2019-08-12 14:45:21::並未將物件參考設定為物件的執行個體。

2019-08-12 14:45:21::ExecuteReader 必須有開啟與可用的 Connection。連接目前的狀態為開啟。

2019-08-12 14:45:21::並未將物件參考設定為物件的執行個體。

2019-08-12 14:45:21::並未將物件參考設定為物件的執行個體。

2019-08-12 14:56:05::輸入字串格式不正確。無法在 Relationship 資料行中儲存 <>。需要的型別是 Int32。

2019-08-12 15:03:28::輸入字串格式不正確。無法在 Relationship 資料行中儲存 <>。需要的型別是 Int32。

2019-08-12 15:03:31::輸入字串格式不正確。無法在 Relationship 資料行中儲存 <>。需要的型別是 Int32。

2019-08-12 15:03:32::輸入字串格式不正確。無法在 Relationship 資料行中儲存 <>。需要的型別是 Int32。

2019-08-12 15:03:32::輸入字串格式不正確。無法在 Relationship 資料行中儲存 <>。需要的型別是 Int32。

2019-08-12 15:03:32::輸入字串格式不正確。無法在 Relationship 資料行中儲存 <>。需要的型別是 Int32。

2019-08-12 15:03:32::輸入字串格式不正確。無法在 Relationship 資料行中儲存 <>。需要的型別是 Int32。

2019-08-12 15:03:32::輸入字串格式不正確。無法在 Relationship 資料行中儲存 <>。需要的型別是 Int32。

2019-08-12 15:03:33::輸入字串格式不正確。無法在 Relationship 資料行中儲存 <>。需要的型別是 Int32。

2019-08-12 15:03:33::輸入字串格式不正確。無法在 Relationship 資料行中儲存 <>。需要的型別是 Int32。

2019-08-12 15:03:33::輸入字串格式不正確。無法在 Relationship 資料行中儲存 <>。需要的型別是 Int32。

2019-08-12 15:03:33::輸入字串格式不正確。無法在 Relationship 資料行中儲存 <>。需要的型別是 Int32。

2019-08-12 15:03:33::輸入字串格式不正確。無法在 Relationship 資料行中儲存 <>。需要的型別是 Int32。

2019-08-12 15:03:34::輸入字串格式不正確。無法在 Relationship 資料行中儲存 <>。需要的型別是 Int32。

2019-08-12 15:03:35::輸入字串格式不正確。無法在 Relationship 資料行中儲存 <>。需要的型別是 Int32。

2019-08-12 15:03:36::輸入字串格式不正確。無法在 Relationship 資料行中儲存 <>。需要的型別是 Int32。

2019-08-12 15:03:36::輸入字串格式不正確。無法在 Relationship 資料行中儲存 <>。需要的型別是 Int32。

2019-08-12 15:03:36::輸入字串格式不正確。無法在 Relationship 資料行中儲存 <>。需要的型別是 Int32。

2019-08-12 15:03:36::輸入字串格式不正確。無法在 Relationship 資料行中儲存 <>。需要的型別是 Int32。

2019-08-12 15:03:36::輸入字串格式不正確。無法在 Relationship 資料行中儲存 <>。需要的型別是 Int32。

2019-08-12 15:03:37::輸入字串格式不正確。無法在 Relationship 資料行中儲存 <>。需要的型別是 Int32。

2019-08-12 15:03:37::輸入字串格式不正確。無法在 Relationship 資料行中儲存 <>。需要的型別是 Int32。

2019-08-12 15:03:37::輸入字串格式不正確。無法在 Relationship 資料行中儲存 <>。需要的型別是 Int32。

2019-08-12 15:03:39::輸入字串格式不正確。無法在 Relationship 資料行中儲存 <>。需要的型別是 Int32。

2019-08-12 15:03:39::輸入字串格式不正確。無法在 Relationship 資料行中儲存 <>。需要的型別是 Int32。

2019-08-12 15:03:39::輸入字串格式不正確。無法在 Relationship 資料行中儲存 <>。需要的型別是 Int32。

2019-08-12 15:03:40::輸入字串格式不正確。無法在 Relationship 資料行中儲存 <>。需要的型別是 Int32。

2019-08-12 15:03:40::輸入字串格式不正確。無法在 Relationship 資料行中儲存 <>。需要的型別是 Int32。

2019-08-12 15:03:40::輸入字串格式不正確。無法在 Relationship 資料行中儲存 <>。需要的型別是 Int32。

2019-08-12 15:03:40::輸入字串格式不正確。無法在 Relationship 資料行中儲存 <>。需要的型別是 Int32。

2019-08-12 15:03:40::輸入字串格式不正確。無法在 Relationship 資料行中儲存 <>。需要的型別是 Int32。

2019-08-12 15:03:40::輸入字串格式不正確。無法在 Relationship 資料行中儲存 <>。需要的型別是 Int32。

2019-08-12 15:03:41::輸入字串格式不正確。無法在 Relationship 資料行中儲存 <>。需要的型別是 Int32。

2019-08-12 15:03:48::輸入字串格式不正確。無法在 Relationship 資料行中儲存 <>。需要的型別是 Int32。

2019-08-12 15:03:51::輸入字串格式不正確。無法在 Relationship 資料行中儲存 <>。需要的型別是 Int32。

2019-08-12 15:03:52::輸入字串格式不正確。無法在 Relationship 資料行中儲存 <>。需要的型別是 Int32。

2019-08-12 15:06:13::輸入字串格式不正確。無法在 Relationship 資料行中儲存 <>。需要的型別是 Int32。

2019-08-12 15:06:19::輸入字串格式不正確。無法在 Relationship 資料行中儲存 <>。需要的型別是 Int32。

2019-08-12 15:06:21::輸入字串格式不正確。無法在 Relationship 資料行中儲存 <>。需要的型別是 Int32。

2019-08-12 15:06:22::輸入字串格式不正確。無法在 Relationship 資料行中儲存 <>。需要的型別是 Int32。

2019-08-12 15:06:22::輸入字串格式不正確。無法在 Relationship 資料行中儲存 <>。需要的型別是 Int32。

2019-08-12 15:06:22::輸入字串格式不正確。無法在 Relationship 資料行中儲存 <>。需要的型別是 Int32。

2019-08-12 15:06:22::輸入字串格式不正確。無法在 Relationship 資料行中儲存 <>。需要的型別是 Int32。

2019-08-12 15:06:22::輸入字串格式不正確。無法在 Relationship 資料行中儲存 <>。需要的型別是 Int32。

2019-08-12 15:06:22::輸入字串格式不正確。無法在 Relationship 資料行中儲存 <>。需要的型別是 Int32。

2019-08-12 15:06:23::輸入字串格式不正確。無法在 Relationship 資料行中儲存 <>。需要的型別是 Int32。

2019-08-12 15:06:23::輸入字串格式不正確。無法在 Relationship 資料行中儲存 <>。需要的型別是 Int32。

2019-08-12 15:06:23::輸入字串格式不正確。無法在 Relationship 資料行中儲存 <>。需要的型別是 Int32。

2019-08-12 15:06:23::輸入字串格式不正確。無法在 Relationship 資料行中儲存 <>。需要的型別是 Int32。

2019-08-12 15:06:24::輸入字串格式不正確。無法在 Relationship 資料行中儲存 <>。需要的型別是 Int32。

2019-08-12 15:06:26::輸入字串格式不正確。無法在 Relationship 資料行中儲存 <>。需要的型別是 Int32。

2019-08-12 15:06:26::輸入字串格式不正確。無法在 Relationship 資料行中儲存 <>。需要的型別是 Int32。

2019-08-12 15:06:26::輸入字串格式不正確。無法在 Relationship 資料行中儲存 <>。需要的型別是 Int32。

2019-08-12 15:06:26::輸入字串格式不正確。無法在 Relationship 資料行中儲存 <>。需要的型別是 Int32。

2019-08-12 15:06:27::輸入字串格式不正確。無法在 Relationship 資料行中儲存 <>。需要的型別是 Int32。

2019-08-12 15:06:27::輸入字串格式不正確。無法在 Relationship 資料行中儲存 <>。需要的型別是 Int32。

2019-08-12 15:06:27::輸入字串格式不正確。無法在 Relationship 資料行中儲存 <>。需要的型別是 Int32。

2019-08-12 15:06:28::輸入字串格式不正確。無法在 Relationship 資料行中儲存 <>。需要的型別是 Int32。

2019-08-12 15:06:28::輸入字串格式不正確。無法在 Relationship 資料行中儲存 <>。需要的型別是 Int32。

2019-08-12 15:06:28::輸入字串格式不正確。無法在 Relationship 資料行中儲存 <>。需要的型別是 Int32。

2019-08-12 15:06:28::輸入字串格式不正確。無法在 Relationship 資料行中儲存 <>。需要的型別是 Int32。

2019-08-12 15:06:28::輸入字串格式不正確。無法在 Relationship 資料行中儲存 <>。需要的型別是 Int32。

2019-08-12 15:06:28::輸入字串格式不正確。無法在 Relationship 資料行中儲存 <>。需要的型別是 Int32。

2019-08-12 15:06:29::輸入字串格式不正確。無法在 Relationship 資料行中儲存 <>。需要的型別是 Int32。

2019-08-12 15:06:32::輸入字串格式不正確。無法在 Relationship 資料行中儲存 <>。需要的型別是 Int32。

2019-08-12 15:06:32::輸入字串格式不正確。無法在 Relationship 資料行中儲存 <>。需要的型別是 Int32。

2019-08-12 15:06:32::輸入字串格式不正確。無法在 Relationship 資料行中儲存 <>。需要的型別是 Int32。

2019-08-12 15:06:33::輸入字串格式不正確。無法在 Relationship 資料行中儲存 <>。需要的型別是 Int32。

2019-08-12 15:06:33::輸入字串格式不正確。無法在 Relationship 資料行中儲存 <>。需要的型別是 Int32。

2019-08-12 15:06:33::輸入字串格式不正確。無法在 Relationship 資料行中儲存 <>。需要的型別是 Int32。

2019-08-12 15:06:33::輸入字串格式不正確。無法在 Relationship 資料行中儲存 <>。需要的型別是 Int32。

2019-08-12 15:06:33::輸入字串格式不正確。無法在 Relationship 資料行中儲存 <>。需要的型別是 Int32。

2019-08-12 15:06:33::輸入字串格式不正確。無法在 Relationship 資料行中儲存 <>。需要的型別是 Int32。

2019-08-12 15:06:34::輸入字串格式不正確。無法在 Relationship 資料行中儲存 <>。需要的型別是 Int32。

2019-08-12 15:06:34::輸入字串格式不正確。無法在 Relationship 資料行中儲存 <>。需要的型別是 Int32。

2019-08-12 15:06:34::輸入字串格式不正確。無法在 Relationship 資料行中儲存 <>。需要的型別是 Int32。

2019-08-12 15:06:37::輸入字串格式不正確。無法在 Relationship 資料行中儲存 <>。需要的型別是 Int32。

2019-08-12 15:06:37::輸入字串格式不正確。無法在 Relationship 資料行中儲存 <>。需要的型別是 Int32。

2019-08-12 15:06:37::輸入字串格式不正確。無法在 Relationship 資料行中儲存 <>。需要的型別是 Int32。

2019-08-12 15:06:38::輸入字串格式不正確。無法在 Relationship 資料行中儲存 <>。需要的型別是 Int32。

2019-08-12 15:06:38::輸入字串格式不正確。無法在 Relationship 資料行中儲存 <>。需要的型別是 Int32。

2019-08-12 15:06:38::輸入字串格式不正確。無法在 Relationship 資料行中儲存 <>。需要的型別是 Int32。

2019-08-12 15:06:38::輸入字串格式不正確。無法在 Relationship 資料行中儲存 <>。需要的型別是 Int32。

2019-08-12 15:06:38::輸入字串格式不正確。無法在 Relationship 資料行中儲存 <>。需要的型別是 Int32。

2019-08-12 15:06:40::輸入字串格式不正確。無法在 Relationship 資料行中儲存 <>。需要的型別是 Int32。

2019-08-12 15:06:41::輸入字串格式不正確。無法在 Relationship 資料行中儲存 <>。需要的型別是 Int32。

2019-08-12 15:06:41::輸入字串格式不正確。無法在 Relationship 資料行中儲存 <>。需要的型別是 Int32。

2019-08-12 15:06:41::輸入字串格式不正確。無法在 Relationship 資料行中儲存 <>。需要的型別是 Int32。

2019-08-12 15:06:44::輸入字串格式不正確。無法在 Relationship 資料行中儲存 <>。需要的型別是 Int32。

2019-08-12 15:06:44::輸入字串格式不正確。無法在 Relationship 資料行中儲存 <>。需要的型別是 Int32。

2019-08-12 15:06:45::輸入字串格式不正確。無法在 Relationship 資料行中儲存 <>。需要的型別是 Int32。

2019-08-12 15:06:45::輸入字串格式不正確。無法在 Relationship 資料行中儲存 <>。需要的型別是 Int32。

2019-08-12 15:06:45::輸入字串格式不正確。無法在 Relationship 資料行中儲存 <>。需要的型別是 Int32。

2019-08-12 15:06:45::輸入字串格式不正確。無法在 Relationship 資料行中儲存 <>。需要的型別是 Int32。

2019-08-12 15:06:45::輸入字串格式不正確。無法在 Relationship 資料行中儲存 <>。需要的型別是 Int32。

2019-08-12 15:06:46::輸入字串格式不正確。無法在 Relationship 資料行中儲存 <>。需要的型別是 Int32。

2019-08-12 15:06:46::輸入字串格式不正確。無法在 Relationship 資料行中儲存 <>。需要的型別是 Int32。

2019-08-12 15:06:46::輸入字串格式不正確。無法在 Relationship 資料行中儲存 <>。需要的型別是 Int32。

2019-08-12 15:06:47::輸入字串格式不正確。無法在 Relationship 資料行中儲存 <>。需要的型別是 Int32。

2019-08-12 15:06:47::輸入字串格式不正確。無法在 Relationship 資料行中儲存 <>。需要的型別是 Int32。

2019-08-12 15:06:47::輸入字串格式不正確。無法在 Relationship 資料行中儲存 <>。需要的型別是 Int32。

2019-08-12 15:06:48::輸入字串格式不正確。無法在 Relationship 資料行中儲存 <>。需要的型別是 Int32。

2019-08-12 15:06:48::輸入字串格式不正確。無法在 Relationship 資料行中儲存 <>。需要的型別是 Int32。

2019-08-12 15:06:48::輸入字串格式不正確。無法在 Relationship 資料行中儲存 <>。需要的型別是 Int32。

2019-08-12 15:06:48::輸入字串格式不正確。無法在 Relationship 資料行中儲存 <>。需要的型別是 Int32。

2019-08-12 15:19:12::輸入字串格式不正確。無法在 Relationship 資料行中儲存 <>。需要的型別是 Int32。

2019-08-12 15:19:15::輸入字串格式不正確。無法在 Relationship 資料行中儲存 <>。需要的型別是 Int32。

2019-08-12 15:19:17::輸入字串格式不正確。無法在 Relationship 資料行中儲存 <>。需要的型別是 Int32。

2019-08-12 15:19:18::輸入字串格式不正確。無法在 Relationship 資料行中儲存 <>。需要的型別是 Int32。

2019-08-12 15:19:19::輸入字串格式不正確。無法在 Relationship 資料行中儲存 <>。需要的型別是 Int32。

2019-08-12 15:19:19::輸入字串格式不正確。無法在 Relationship 資料行中儲存 <>。需要的型別是 Int32。

2019-08-12 15:19:19::輸入字串格式不正確。無法在 Relationship 資料行中儲存 <>。需要的型別是 Int32。

2019-08-12 15:19:23::輸入字串格式不正確。無法在 Relationship 資料行中儲存 <>。需要的型別是 Int32。

2019-08-12 15:19:24::輸入字串格式不正確。無法在 Relationship 資料行中儲存 <>。需要的型別是 Int32。

2019-08-12 15:19:24::輸入字串格式不正確。無法在 Relationship 資料行中儲存 <>。需要的型別是 Int32。

2019-08-12 15:19:24::輸入字串格式不正確。無法在 Relationship 資料行中儲存 <>。需要的型別是 Int32。

2019-08-12 15:19:25::輸入字串格式不正確。無法在 Relationship 資料行中儲存 <>。需要的型別是 Int32。

2019-08-12 15:19:25::輸入字串格式不正確。無法在 Relationship 資料行中儲存 <>。需要的型別是 Int32。

2019-08-12 15:19:30::並未將物件參考設定為物件的執行個體。

2019-08-12 15:19:30::已經開啟一個與這個 Command 相關的 DataReader，必須先將它關閉。

2019-08-12 15:19:30::並未將物件參考設定為物件的執行個體。

2019-08-12 15:19:30::輸入字串格式不正確。無法在 Relationship 資料行中儲存 <>。需要的型別是 Int32。

2019-08-12 15:19:31::輸入字串格式不正確。無法在 Relationship 資料行中儲存 <>。需要的型別是 Int32。

2019-08-12 15:19:31::輸入字串格式不正確。無法在 Relationship 資料行中儲存 <>。需要的型別是 Int32。

2019-08-12 15:19:31::輸入字串格式不正確。無法在 Relationship 資料行中儲存 <>。需要的型別是 Int32。

2019-08-12 15:19:31::輸入字串格式不正確。無法在 Relationship 資料行中儲存 <>。需要的型別是 Int32。

2019-08-12 15:19:31::輸入字串格式不正確。無法在 Relationship 資料行中儲存 <>。需要的型別是 Int32。

2019-08-12 15:19:32::輸入字串格式不正確。無法在 Relationship 資料行中儲存 <>。需要的型別是 Int32。

2019-08-12 15:19:32::輸入字串格式不正確。無法在 Relationship 資料行中儲存 <>。需要的型別是 Int32。

2019-08-12 15:19:32::輸入字串格式不正確。無法在 Relationship 資料行中儲存 <>。需要的型別是 Int32。

2019-08-12 15:19:32::輸入字串格式不正確。無法在 Relationship 資料行中儲存 <>。需要的型別是 Int32。

2019-08-12 15:19:32::輸入字串格式不正確。無法在 Relationship 資料行中儲存 <>。需要的型別是 Int32。

2019-08-12 15:19:32::輸入字串格式不正確。無法在 Relationship 資料行中儲存 <>。需要的型別是 Int32。

2019-08-12 15:19:33::輸入字串格式不正確。無法在 Relationship 資料行中儲存 <>。需要的型別是 Int32。

2019-08-12 15:19:33::輸入字串格式不正確。無法在 Relationship 資料行中儲存 <>。需要的型別是 Int32。

2019-08-12 15:19:33::輸入字串格式不正確。無法在 Relationship 資料行中儲存 <>。需要的型別是 Int32。

2019-08-12 15:19:36::輸入字串格式不正確。無法在 Relationship 資料行中儲存 <>。需要的型別是 Int32。

2019-08-12 15:19:38::輸入字串格式不正確。無法在 Relationship 資料行中儲存 <>。需要的型別是 Int32。

2019-08-12 15:19:38::輸入字串格式不正確。無法在 Relationship 資料行中儲存 <>。需要的型別是 Int32。

2019-08-12 15:19:38::輸入字串格式不正確。無法在 Relationship 資料行中儲存 <>。需要的型別是 Int32。

2019-08-12 15:19:38::輸入字串格式不正確。無法在 Relationship 資料行中儲存 <>。需要的型別是 Int32。

2019-08-12 15:19:38::輸入字串格式不正確。無法在 Relationship 資料行中儲存 <>。需要的型別是 Int32。

2019-08-12 15:19:38::輸入字串格式不正確。無法在 Relationship 資料行中儲存 <>。需要的型別是 Int32。

2019-08-12 15:19:39::輸入字串格式不正確。無法在 Relationship 資料行中儲存 <>。需要的型別是 Int32。

2019-08-12 15:19:39::輸入字串格式不正確。無法在 Relationship 資料行中儲存 <>。需要的型別是 Int32。

2019-08-12 15:19:39::輸入字串格式不正確。無法在 Relationship 資料行中儲存 <>。需要的型別是 Int32。

2019-08-12 15:19:39::輸入字串格式不正確。無法在 Relationship 資料行中儲存 <>。需要的型別是 Int32。

2019-08-12 15:19:39::輸入字串格式不正確。無法在 Relationship 資料行中儲存 <>。需要的型別是 Int32。

2019-08-12 15:19:40::輸入字串格式不正確。無法在 Relationship 資料行中儲存 <>。需要的型別是 Int32。

2019-08-12 15:19:41::輸入字串格式不正確。無法在 Relationship 資料行中儲存 <>。需要的型別是 Int32。

2019-08-12 15:19:42::輸入字串格式不正確。無法在 Relationship 資料行中儲存 <>。需要的型別是 Int32。

2019-08-12 15:19:42::輸入字串格式不正確。無法在 Relationship 資料行中儲存 <>。需要的型別是 Int32。

2019-08-12 15:19:42::輸入字串格式不正確。無法在 Relationship 資料行中儲存 <>。需要的型別是 Int32。

2019-08-12 15:19:42::輸入字串格式不正確。無法在 Relationship 資料行中儲存 <>。需要的型別是 Int32。

2019-08-12 15:19:42::輸入字串格式不正確。無法在 Relationship 資料行中儲存 <>。需要的型別是 Int32。

2019-08-12 15:19:42::輸入字串格式不正確。無法在 Relationship 資料行中儲存 <>。需要的型別是 Int32。

2019-08-12 15:19:43::輸入字串格式不正確。無法在 Relationship 資料行中儲存 <>。需要的型別是 Int32。

2019-08-12 15:19:45::輸入字串格式不正確。無法在 Relationship 資料行中儲存 <>。需要的型別是 Int32。

2019-08-12 15:19:45::輸入字串格式不正確。無法在 Relationship 資料行中儲存 <>。需要的型別是 Int32。

2019-08-12 15:19:45::輸入字串格式不正確。無法在 Relationship 資料行中儲存 <>。需要的型別是 Int32。

2019-08-12 15:19:45::輸入字串格式不正確。無法在 Relationship 資料行中儲存 <>。需要的型別是 Int32。

2019-08-12 15:19:45::輸入字串格式不正確。無法在 Relationship 資料行中儲存 <>。需要的型別是 Int32。

2019-08-12 15:19:45::輸入字串格式不正確。無法在 Relationship 資料行中儲存 <>。需要的型別是 Int32。

2019-08-12 15:19:45::輸入字串格式不正確。無法在 Relationship 資料行中儲存 <>。需要的型別是 Int32。

2019-08-12 15:19:46::輸入字串格式不正確。無法在 Relationship 資料行中儲存 <>。需要的型別是 Int32。

2019-08-12 15:19:46::輸入字串格式不正確。無法在 Relationship 資料行中儲存 <>。需要的型別是 Int32。

2019-08-12 15:19:46::輸入字串格式不正確。無法在 Relationship 資料行中儲存 <>。需要的型別是 Int32。

2019-08-12 15:19:46::輸入字串格式不正確。無法在 Relationship 資料行中儲存 <>。需要的型別是 Int32。

2019-08-12 15:19:46::輸入字串格式不正確。無法在 Relationship 資料行中儲存 <>。需要的型別是 Int32。

2019-08-12 15:19:46::輸入字串格式不正確。無法在 Relationship 資料行中儲存 <>。需要的型別是 Int32。

2019-08-12 15:19:47::輸入字串格式不正確。無法在 Relationship 資料行中儲存 <>。需要的型別是 Int32。

2019-08-12 15:20:00::輸入字串格式不正確。無法在 Relationship 資料行中儲存 <>。需要的型別是 Int32。

2019-08-12 15:20:04::輸入字串格式不正確。無法在 Relationship 資料行中儲存 <>。需要的型別是 Int32。

2019-08-12 15:20:06::輸入字串格式不正確。無法在 Relationship 資料行中儲存 <>。需要的型別是 Int32。

2019-08-12 15:20:11::輸入字串格式不正確。無法在 Relationship 資料行中儲存 <>。需要的型別是 Int32。

2019-08-12 15:20:12::輸入字串格式不正確。無法在 Relationship 資料行中儲存 <>。需要的型別是 Int32。

2019-08-12 15:20:13::輸入字串格式不正確。無法在 Relationship 資料行中儲存 <>。需要的型別是 Int32。

2019-08-12 15:20:13::輸入字串格式不正確。無法在 Relationship 資料行中儲存 <>。需要的型別是 Int32。

2019-08-12 15:20:14::輸入字串格式不正確。無法在 Relationship 資料行中儲存 <>。需要的型別是 Int32。

2019-08-12 15:20:14::輸入字串格式不正確。無法在 Relationship 資料行中儲存 <>。需要的型別是 Int32。

2019-08-12 15:20:15::輸入字串格式不正確。無法在 Relationship 資料行中儲存 <>。需要的型別是 Int32。

2019-08-12 15:20:15::輸入字串格式不正確。無法在 Relationship 資料行中儲存 <>。需要的型別是 Int32。

2019-08-12 15:20:15::輸入字串格式不正確。無法在 Relationship 資料行中儲存 <>。需要的型別是 Int32。

2019-08-12 15:20:15::輸入字串格式不正確。無法在 Relationship 資料行中儲存 <>。需要的型別是 Int32。

2019-08-12 15:20:16::輸入字串格式不正確。無法在 Relationship 資料行中儲存 <>。需要的型別是 Int32。

2019-08-12 15:20:16::輸入字串格式不正確。無法在 Relationship 資料行中儲存 <>。需要的型別是 Int32。

2019-08-12 15:20:16::輸入字串格式不正確。無法在 Relationship 資料行中儲存 <>。需要的型別是 Int32。

2019-08-12 15:20:16::輸入字串格式不正確。無法在 Relationship 資料行中儲存 <>。需要的型別是 Int32。

2019-08-12 15:20:17::輸入字串格式不正確。無法在 Relationship 資料行中儲存 <>。需要的型別是 Int32。

2019-08-12 15:20:34::輸入字串格式不正確。無法在 Relationship 資料行中儲存 <>。需要的型別是 Int32。

2019-08-12 15:20:37::輸入字串格式不正確。無法在 Relationship 資料行中儲存 <>。需要的型別是 Int32。

2019-08-12 15:20:38::輸入字串格式不正確。無法在 Relationship 資料行中儲存 <>。需要的型別是 Int32。

2019-08-12 15:20:39::已經開啟一個與這個 Command 相關的 DataReader，必須先將它關閉。

2019-08-12 15:20:39::並未將物件參考設定為物件的執行個體。

2019-08-12 15:20:39::並未將物件參考設定為物件的執行個體。

2019-08-12 15:20:39::輸入字串格式不正確。無法在 Relationship 資料行中儲存 <>。需要的型別是 Int32。

2019-08-12 15:20:39::輸入字串格式不正確。無法在 Relationship 資料行中儲存 <>。需要的型別是 Int32。

2019-08-12 15:20:40::輸入字串格式不正確。無法在 Relationship 資料行中儲存 <>。需要的型別是 Int32。

2019-08-12 15:20:41::輸入字串格式不正確。無法在 Relationship 資料行中儲存 <>。需要的型別是 Int32。

2019-08-12 15:20:41::輸入字串格式不正確。無法在 Relationship 資料行中儲存 <>。需要的型別是 Int32。

2019-08-12 15:20:41::輸入字串格式不正確。無法在 Relationship 資料行中儲存 <>。需要的型別是 Int32。

2019-08-12 15:21:04::輸入字串格式不正確。無法在 Relationship 資料行中儲存 <>。需要的型別是 Int32。

2019-08-12 15:21:19::輸入字串格式不正確。無法在 Relationship 資料行中儲存 <>。需要的型別是 Int32。

2019-08-12 15:21:20::輸入字串格式不正確。無法在 Relationship 資料行中儲存 <>。需要的型別是 Int32。

2019-08-12 15:21:20::輸入字串格式不正確。無法在 Relationship 資料行中儲存 <>。需要的型別是 Int32。

2019-08-12 15:21:22::輸入字串格式不正確。無法在 Relationship 資料行中儲存 <>。需要的型別是 Int32。

2019-08-12 15:21:23::輸入字串格式不正確。無法在 Relationship 資料行中儲存 <>。需要的型別是 Int32。

2019-08-12 15:21:32::輸入字串格式不正確。無法在 Relationship 資料行中儲存 <>。需要的型別是 Int32。

2019-08-12 15:21:35::輸入字串格式不正確。無法在 Relationship 資料行中儲存 <>。需要的型別是 Int32。

2019-08-12 15:21:36::輸入字串格式不正確。無法在 Relationship 資料行中儲存 <>。需要的型別是 Int32。

2019-08-12 15:21:37::輸入字串格式不正確。無法在 Relationship 資料行中儲存 <>。需要的型別是 Int32。

2019-08-12 15:21:37::輸入字串格式不正確。無法在 Relationship 資料行中儲存 <>。需要的型別是 Int32。

2019-08-12 15:21:38::輸入字串格式不正確。無法在 Relationship 資料行中儲存 <>。需要的型別是 Int32。

2019-08-12 15:21:38::輸入字串格式不正確。無法在 Relationship 資料行中儲存 <>。需要的型別是 Int32。

2019-08-12 15:21:39::輸入字串格式不正確。無法在 Relationship 資料行中儲存 <>。需要的型別是 Int32。

2019-08-12 15:21:39::輸入字串格式不正確。無法在 Relationship 資料行中儲存 <>。需要的型別是 Int32。

2019-08-12 15:22:07::輸入字串格式不正確。無法在 Relationship 資料行中儲存 <>。需要的型別是 Int32。

2019-08-12 15:22:07::輸入字串格式不正確。無法在 Relationship 資料行中儲存 <>。需要的型別是 Int32。

2019-08-12 15:22:08::輸入字串格式不正確。無法在 Relationship 資料行中儲存 <>。需要的型別是 Int32。

2019-08-12 15:22:08::輸入字串格式不正確。無法在 Relationship 資料行中儲存 <>。需要的型別是 Int32。

2019-08-12 15:22:09::輸入字串格式不正確。無法在 Relationship 資料行中儲存 <>。需要的型別是 Int32。

2019-08-12 15:22:10::輸入字串格式不正確。無法在 Relationship 資料行中儲存 <>。需要的型別是 Int32。

2019-08-12 15:22:52::輸入字串格式不正確。無法在 Relationship 資料行中儲存 <>。需要的型別是 Int32。

2019-08-12 15:22:53::輸入字串格式不正確。無法在 Relationship 資料行中儲存 <>。需要的型別是 Int32。

2019-08-12 15:22:53::輸入字串格式不正確。無法在 Relationship 資料行中儲存 <>。需要的型別是 Int32。

2019-08-12 15:22:54::輸入字串格式不正確。無法在 Relationship 資料行中儲存 <>。需要的型別是 Int32。

2019-08-12 15:22:54::輸入字串格式不正確。無法在 Relationship 資料行中儲存 <>。需要的型別是 Int32。

2019-08-12 15:22:59::輸入字串格式不正確。無法在 Relationship 資料行中儲存 <>。需要的型別是 Int32。

2019-08-12 15:23:02::輸入字串格式不正確。無法在 Relationship 資料行中儲存 <>。需要的型別是 Int32。

2019-08-12 15:23:02::輸入字串格式不正確。無法在 Relationship 資料行中儲存 <>。需要的型別是 Int32。

2019-08-12 15:23:02::輸入字串格式不正確。無法在 Relationship 資料行中儲存 <>。需要的型別是 Int32。

2019-08-12 15:23:02::輸入字串格式不正確。無法在 Relationship 資料行中儲存 <>。需要的型別是 Int32。

2019-08-12 15:23:03::輸入字串格式不正確。無法在 Relationship 資料行中儲存 <>。需要的型別是 Int32。

2019-08-12 15:23:05::輸入字串格式不正確。無法在 Relationship 資料行中儲存 <>。需要的型別是 Int32。

2019-08-12 15:23:05::輸入字串格式不正確。無法在 Relationship 資料行中儲存 <>。需要的型別是 Int32。

2019-08-12 15:23:05::輸入字串格式不正確。無法在 Relationship 資料行中儲存 <>。需要的型別是 Int32。

2019-08-12 15:23:06::輸入字串格式不正確。無法在 Relationship 資料行中儲存 <>。需要的型別是 Int32。

2019-08-12 15:23:06::輸入字串格式不正確。無法在 Relationship 資料行中儲存 <>。需要的型別是 Int32。

2019-08-12 15:23:07::輸入字串格式不正確。無法在 Relationship 資料行中儲存 <>。需要的型別是 Int32。

2019-08-12 15:23:07::輸入字串格式不正確。無法在 Relationship 資料行中儲存 <>。需要的型別是 Int32。

2019-08-12 15:23:07::輸入字串格式不正確。無法在 Relationship 資料行中儲存 <>。需要的型別是 Int32。

2019-08-12 15:23:07::輸入字串格式不正確。無法在 Relationship 資料行中儲存 <>。需要的型別是 Int32。

2019-08-12 15:23:30::輸入字串格式不正確。無法在 Relationship 資料行中儲存 <>。需要的型別是 Int32。

2019-08-12 15:23:31::輸入字串格式不正確。無法在 Relationship 資料行中儲存 <>。需要的型別是 Int32。

2019-08-12 15:23:32::輸入字串格式不正確。無法在 Relationship 資料行中儲存 <>。需要的型別是 Int32。

2019-08-12 15:23:32::輸入字串格式不正確。無法在 Relationship 資料行中儲存 <>。需要的型別是 Int32。

2019-08-12 15:24:16::輸入字串格式不正確。無法在 Relationship 資料行中儲存 <>。需要的型別是 Int32。

2019-08-12 15:24:19::輸入字串格式不正確。無法在 Relationship 資料行中儲存 <>。需要的型別是 Int32。

2019-08-12 15:24:20::輸入字串格式不正確。無法在 Relationship 資料行中儲存 <>。需要的型別是 Int32。

2019-08-12 15:24:26::輸入字串格式不正確。無法在 Relationship 資料行中儲存 <>。需要的型別是 Int32。

2019-08-12 15:24:56::輸入字串格式不正確。無法在 Relationship 資料行中儲存 <>。需要的型別是 Int32。

2019-08-12 15:24:57::輸入字串格式不正確。無法在 Relationship 資料行中儲存 <>。需要的型別是 Int32。

2019-08-12 15:24:58::輸入字串格式不正確。無法在 Relationship 資料行中儲存 <>。需要的型別是 Int32。

2019-08-12 15:24:59::輸入字串格式不正確。無法在 Relationship 資料行中儲存 <>。需要的型別是 Int32。

2019-08-12 15:24:59::輸入字串格式不正確。無法在 Relationship 資料行中儲存 <>。需要的型別是 Int32。

2019-08-12 15:25:00::輸入字串格式不正確。無法在 Relationship 資料行中儲存 <>。需要的型別是 Int32。

2019-08-12 15:25:00::輸入字串格式不正確。無法在 Relationship 資料行中儲存 <>。需要的型別是 Int32。

2019-08-12 15:25:37::輸入字串格式不正確。無法在 Relationship 資料行中儲存 <>。需要的型別是 Int32。

2019-08-12 15:25:38::輸入字串格式不正確。無法在 Relationship 資料行中儲存 <>。需要的型別是 Int32。

2019-08-12 15:25:39::輸入字串格式不正確。無法在 Relationship 資料行中儲存 <>。需要的型別是 Int32。

2019-08-12 15:25:40::輸入字串格式不正確。無法在 Relationship 資料行中儲存 <>。需要的型別是 Int32。

2019-08-12 15:25:41::輸入字串格式不正確。無法在 Relationship 資料行中儲存 <>。需要的型別是 Int32。

2019-08-12 15:25:42::輸入字串格式不正確。無法在 Relationship 資料行中儲存 <>。需要的型別是 Int32。

2019-08-12 15:25:43::輸入字串格式不正確。無法在 Relationship 資料行中儲存 <>。需要的型別是 Int32。

2019-08-12 15:25:44::輸入字串格式不正確。無法在 Relationship 資料行中儲存 <>。需要的型別是 Int32。

2019-08-12 15:25:44::輸入字串格式不正確。無法在 Relationship 資料行中儲存 <>。需要的型別是 Int32。

2019-08-12 15:25:45::輸入字串格式不正確。無法在 Relationship 資料行中儲存 <>。需要的型別是 Int32。

2019-08-12 15:25:45::輸入字串格式不正確。無法在 Relationship 資料行中儲存 <>。需要的型別是 Int32。

2019-08-12 15:25:46::輸入字串格式不正確。無法在 Relationship 資料行中儲存 <>。需要的型別是 Int32。

2019-08-12 15:25:46::輸入字串格式不正確。無法在 Relationship 資料行中儲存 <>。需要的型別是 Int32。

2019-08-12 15:25:46::輸入字串格式不正確。無法在 Relationship 資料行中儲存 <>。需要的型別是 Int32。

2019-08-12 15:25:47::輸入字串格式不正確。無法在 Relationship 資料行中儲存 <>。需要的型別是 Int32。

2019-08-12 15:25:47::輸入字串格式不正確。無法在 Relationship 資料行中儲存 <>。需要的型別是 Int32。

2019-08-12 15:25:47::輸入字串格式不正確。無法在 Relationship 資料行中儲存 <>。需要的型別是 Int32。

2019-08-12 15:25:49::輸入字串格式不正確。無法在 Relationship 資料行中儲存 <>。需要的型別是 Int32。

2019-08-12 15:25:49::輸入字串格式不正確。無法在 Relationship 資料行中儲存 <>。需要的型別是 Int32。

2019-08-12 15:25:49::輸入字串格式不正確。無法在 Relationship 資料行中儲存 <>。需要的型別是 Int32。

2019-08-12 15:25:50::輸入字串格式不正確。無法在 Relationship 資料行中儲存 <>。需要的型別是 Int32。

2019-08-12 15:26:27::輸入字串格式不正確。無法在 Relationship 資料行中儲存 <>。需要的型別是 Int32。

2019-08-12 15:26:28::輸入字串格式不正確。無法在 Relationship 資料行中儲存 <>。需要的型別是 Int32。

2019-08-12 15:26:28::輸入字串格式不正確。無法在 Relationship 資料行中儲存 <>。需要的型別是 Int32。

2019-08-12 15:26:28::輸入字串格式不正確。無法在 Relationship 資料行中儲存 <>。需要的型別是 Int32。

2019-08-12 15:26:35::輸入字串格式不正確。無法在 Relationship 資料行中儲存 <>。需要的型別是 Int32。

2019-08-12 15:26:35::輸入字串格式不正確。無法在 Relationship 資料行中儲存 <>。需要的型別是 Int32。

2019-08-12 15:26:36::輸入字串格式不正確。無法在 Relationship 資料行中儲存 <>。需要的型別是 Int32。

2019-08-12 15:26:37::輸入字串格式不正確。無法在 Relationship 資料行中儲存 <>。需要的型別是 Int32。

2019-08-12 15:26:37::輸入字串格式不正確。無法在 Relationship 資料行中儲存 <>。需要的型別是 Int32。

2019-08-12 15:28:20::輸入字串格式不正確。無法在 Relationship 資料行中儲存 <>。需要的型別是 Int32。

2019-08-12 15:28:22::輸入字串格式不正確。無法在 Relationship 資料行中儲存 <>。需要的型別是 Int32。

2019-08-12 15:28:28::輸入字串格式不正確。無法在 Relationship 資料行中儲存 <>。需要的型別是 Int32。

2019-08-12 15:28:30::輸入字串格式不正確。無法在 Relationship 資料行中儲存 <>。需要的型別是 Int32。

2019-08-12 15:28:31::輸入字串格式不正確。無法在 Relationship 資料行中儲存 <>。需要的型別是 Int32。

2019-08-12 15:28:31::輸入字串格式不正確。無法在 Relationship 資料行中儲存 <>。需要的型別是 Int32。

2019-08-12 15:28:32::輸入字串格式不正確。無法在 Relationship 資料行中儲存 <>。需要的型別是 Int32。

2019-08-12 15:28:32::輸入字串格式不正確。無法在 Relationship 資料行中儲存 <>。需要的型別是 Int32。

2019-08-12 15:29:02::輸入字串格式不正確。無法在 Relationship 資料行中儲存 <>。需要的型別是 Int32。

2019-08-12 15:30:43::輸入字串格式不正確。無法在 Relationship 資料行中儲存 <>。需要的型別是 Int32。

2019-08-12 15:45:19::輸入字串格式不正確。無法在 Relationship 資料行中儲存 <>。需要的型別是 Int32。

2019-08-12 15:45:22::輸入字串格式不正確。無法在 Relationship 資料行中儲存 <>。需要的型別是 Int32。

2019-08-12 15:45:24::輸入字串格式不正確。無法在 Relationship 資料行中儲存 <>。需要的型別是 Int32。

2019-08-12 15:47:02::輸入字串格式不正確。無法在 Relationship 資料行中儲存 <>。需要的型別是 Int32。

2019-08-12 15:47:04::輸入字串格式不正確。無法在 Relationship 資料行中儲存 <>。需要的型別是 Int32。

2019-08-12 15:47:07::輸入字串格式不正確。無法在 Relationship 資料行中儲存 <>。需要的型別是 Int32。

2019-08-12 15:47:07::輸入字串格式不正確。無法在 Relationship 資料行中儲存 <>。需要的型別是 Int32。

2019-08-12 15:47:08::輸入字串格式不正確。無法在 Relationship 資料行中儲存 <>。需要的型別是 Int32。

2019-08-12 15:47:08::輸入字串格式不正確。無法在 Relationship 資料行中儲存 <>。需要的型別是 Int32。

2019-08-12 15:47:09::輸入字串格式不正確。無法在 Relationship 資料行中儲存 <>。需要的型別是 Int32。

2019-08-12 15:47:13::輸入字串格式不正確。無法在 Relationship 資料行中儲存 <>。需要的型別是 Int32。

2019-08-12 15:47:20::輸入字串格式不正確。無法在 Relationship 資料行中儲存 <>。需要的型別是 Int32。

2019-08-12 15:47:21::輸入字串格式不正確。無法在 Relationship 資料行中儲存 <>。需要的型別是 Int32。

2019-08-12 15:47:21::輸入字串格式不正確。無法在 Relationship 資料行中儲存 <>。需要的型別是 Int32。

2019-08-12 15:47:21::輸入字串格式不正確。無法在 Relationship 資料行中儲存 <>。需要的型別是 Int32。

2019-08-12 15:47:22::輸入字串格式不正確。無法在 Relationship 資料行中儲存 <>。需要的型別是 Int32。

2019-08-12 15:55:25::輸入字串格式不正確。無法在 Relationship 資料行中儲存 <>。需要的型別是 Int32。

2019-08-12 15:55:31::輸入字串格式不正確。無法在 Relationship 資料行中儲存 <>。需要的型別是 Int32。

2019-08-12 15:55:34::輸入字串格式不正確。無法在 Relationship 資料行中儲存 <>。需要的型別是 Int32。

2019-08-12 15:55:35::輸入字串格式不正確。無法在 Relationship 資料行中儲存 <>。需要的型別是 Int32。

2019-08-12 15:55:37::輸入字串格式不正確。無法在 Relationship 資料行中儲存 <>。需要的型別是 Int32。

2019-08-12 15:55:37::輸入字串格式不正確。無法在 Relationship 資料行中儲存 <>。需要的型別是 Int32。

2019-08-12 15:55:37::輸入字串格式不正確。無法在 Relationship 資料行中儲存 <>。需要的型別是 Int32。

2019-08-12 15:55:38::輸入字串格式不正確。無法在 Relationship 資料行中儲存 <>。需要的型別是 Int32。

2019-08-12 15:55:38::輸入字串格式不正確。無法在 Relationship 資料行中儲存 <>。需要的型別是 Int32。

2019-08-12 15:55:38::輸入字串格式不正確。無法在 Relationship 資料行中儲存 <>。需要的型別是 Int32。

2019-08-12 15:55:40::輸入字串格式不正確。無法在 Relationship 資料行中儲存 <>。需要的型別是 Int32。

2019-08-12 15:55:40::輸入字串格式不正確。無法在 Relationship 資料行中儲存 <>。需要的型別是 Int32。

2019-08-12 15:55:41::輸入字串格式不正確。無法在 Relationship 資料行中儲存 <>。需要的型別是 Int32。

2019-08-12 15:55:41::輸入字串格式不正確。無法在 Relationship 資料行中儲存 <>。需要的型別是 Int32。

2019-08-12 15:55:41::輸入字串格式不正確。無法在 Relationship 資料行中儲存 <>。需要的型別是 Int32。

2019-08-12 15:55:42::輸入字串格式不正確。無法在 Relationship 資料行中儲存 <>。需要的型別是 Int32。

2019-08-12 15:55:42::輸入字串格式不正確。無法在 Relationship 資料行中儲存 <>。需要的型別是 Int32。

2019-08-12 15:55:42::輸入字串格式不正確。無法在 Relationship 資料行中儲存 <>。需要的型別是 Int32。

2019-08-12 15:55:43::輸入字串格式不正確。無法在 Relationship 資料行中儲存 <>。需要的型別是 Int32。

2019-08-12 15:55:43::輸入字串格式不正確。無法在 Relationship 資料行中儲存 <>。需要的型別是 Int32。

2019-08-12 15:55:43::輸入字串格式不正確。無法在 Relationship 資料行中儲存 <>。需要的型別是 Int32。

2019-08-12 15:55:44::輸入字串格式不正確。無法在 Relationship 資料行中儲存 <>。需要的型別是 Int32。

2019-08-12 15:55:46::輸入字串格式不正確。無法在 Relationship 資料行中儲存 <>。需要的型別是 Int32。

2019-08-12 15:55:47::輸入字串格式不正確。無法在 Relationship 資料行中儲存 <>。需要的型別是 Int32。

2019-08-12 15:57:39::輸入字串格式不正確。無法在 Relationship 資料行中儲存 <>。需要的型別是 Int32。

2019-08-12 15:57:39::輸入字串格式不正確。無法在 Relationship 資料行中儲存 <>。需要的型別是 Int32。

2019-08-12 15:57:39::輸入字串格式不正確。無法在 Relationship 資料行中儲存 <>。需要的型別是 Int32。

2019-08-12 15:57:44::輸入字串格式不正確。無法在 Relationship 資料行中儲存 <>。需要的型別是 Int32。

2019-08-12 15:57:45::輸入字串格式不正確。無法在 Relationship 資料行中儲存 <>。需要的型別是 Int32。

2019-08-12 15:57:47::輸入字串格式不正確。無法在 Relationship 資料行中儲存 <>。需要的型別是 Int32。

2019-08-12 15:57:47::輸入字串格式不正確。無法在 Relationship 資料行中儲存 <>。需要的型別是 Int32。

2019-08-12 15:57:59::輸入字串格式不正確。無法在 Relationship 資料行中儲存 <>。需要的型別是 Int32。

2019-08-12 15:58:02::輸入字串格式不正確。無法在 Relationship 資料行中儲存 <>。需要的型別是 Int32。

2019-08-12 15:58:07::輸入字串格式不正確。無法在 Relationship 資料行中儲存 <>。需要的型別是 Int32。

2019-08-12 15:58:08::輸入字串格式不正確。無法在 Relationship 資料行中儲存 <>。需要的型別是 Int32。

2019-08-12 15:59:04::輸入字串格式不正確。無法在 Relationship 資料行中儲存 <>。需要的型別是 Int32。

2019-08-12 15:59:06::輸入字串格式不正確。無法在 Relationship 資料行中儲存 <>。需要的型別是 Int32。

2019-08-12 15:59:07::輸入字串格式不正確。無法在 Relationship 資料行中儲存 <>。需要的型別是 Int32。

2019-08-12 15:59:09::輸入字串格式不正確。無法在 Relationship 資料行中儲存 <>。需要的型別是 Int32。

2019-08-12 15:59:10::輸入字串格式不正確。無法在 Relationship 資料行中儲存 <>。需要的型別是 Int32。

2019-08-12 15:59:23::輸入字串格式不正確。無法在 Relationship 資料行中儲存 <>。需要的型別是 Int32。

2019-08-12 15:59:25::輸入字串格式不正確。無法在 Relationship 資料行中儲存 <>。需要的型別是 Int32。

2019-08-12 15:59:28::輸入字串格式不正確。無法在 Relationship 資料行中儲存 <>。需要的型別是 Int32。

2019-08-12 15:59:28::輸入字串格式不正確。無法在 Relationship 資料行中儲存 <>。需要的型別是 Int32。

2019-08-12 15:59:29::輸入字串格式不正確。無法在 Relationship 資料行中儲存 <>。需要的型別是 Int32。

2019-08-12 15:59:29::輸入字串格式不正確。無法在 Relationship 資料行中儲存 <>。需要的型別是 Int32。

2019-08-12 15:59:29::輸入字串格式不正確。無法在 Relationship 資料行中儲存 <>。需要的型別是 Int32。

2019-08-12 15:59:30::輸入字串格式不正確。無法在 Relationship 資料行中儲存 <>。需要的型別是 Int32。

2019-08-12 15:59:30::輸入字串格式不正確。無法在 Relationship 資料行中儲存 <>。需要的型別是 Int32。

2019-08-12 16:07:48::輸入字串格式不正確。無法在 Relationship 資料行中儲存 <>。需要的型別是 Int32。

2019-08-12 16:07:49::輸入字串格式不正確。無法在 Relationship 資料行中儲存 <>。需要的型別是 Int32。

2019-08-12 16:07:51::輸入字串格式不正確。無法在 Relationship 資料行中儲存 <>。需要的型別是 Int32。

2019-08-12 16:07:54::輸入字串格式不正確。無法在 Relationship 資料行中儲存 <>。需要的型別是 Int32。

2019-08-12 16:07:55::輸入字串格式不正確。無法在 Relationship 資料行中儲存 <>。需要的型別是 Int32。

2019-08-12 16:08:59::輸入字串格式不正確。無法在 Relationship 資料行中儲存 <>。需要的型別是 Int32。

2019-08-12 16:09:01::輸入字串格式不正確。無法在 Relationship 資料行中儲存 <>。需要的型別是 Int32。

2019-08-12 16:09:16::輸入字串格式不正確。無法在 Relationship 資料行中儲存 <>。需要的型別是 Int32。

2019-08-12 16:09:18::輸入字串格式不正確。無法在 Relationship 資料行中儲存 <>。需要的型別是 Int32。

2019-08-12 16:11:03::輸入字串格式不正確。無法在 Relationship 資料行中儲存 <>。需要的型別是 Int32。

2019-08-12 16:11:05::輸入字串格式不正確。無法在 Relationship 資料行中儲存 <>。需要的型別是 Int32。

2019-08-12 16:11:06::輸入字串格式不正確。無法在 Relationship 資料行中儲存 <>。需要的型別是 Int32。

2019-08-12 16:11:09::輸入字串格式不正確。無法在 Relationship 資料行中儲存 <>。需要的型別是 Int32。

2019-08-12 16:11:12::輸入字串格式不正確。無法在 Relationship 資料行中儲存 <>。需要的型別是 Int32。

2019-08-12 16:12:20::輸入字串格式不正確。無法在 Relationship 資料行中儲存 <>。需要的型別是 Int32。

2019-08-12 16:12:22::輸入字串格式不正確。無法在 Relationship 資料行中儲存 <>。需要的型別是 Int32。

2019-08-12 16:12:27::輸入字串格式不正確。無法在 Relationship 資料行中儲存 <>。需要的型別是 Int32。

2019-08-12 16:12:29::輸入字串格式不正確。無法在 Relationship 資料行中儲存 <>。需要的型別是 Int32。

2019-08-12 16:12:31::輸入字串格式不正確。無法在 Relationship 資料行中儲存 <>。需要的型別是 Int32。

2019-08-12 16:12:32::輸入字串格式不正確。無法在 Relationship 資料行中儲存 <>。需要的型別是 Int32。

2019-08-12 16:12:32::輸入字串格式不正確。無法在 Relationship 資料行中儲存 <>。需要的型別是 Int32。

2019-08-12 16:12:32::輸入字串格式不正確。無法在 Relationship 資料行中儲存 <>。需要的型別是 Int32。

2019-08-12 16:12:32::輸入字串格式不正確。無法在 Relationship 資料行中儲存 <>。需要的型別是 Int32。

2019-08-12 16:12:33::輸入字串格式不正確。無法在 Relationship 資料行中儲存 <>。需要的型別是 Int32。

2019-08-12 16:12:33::輸入字串格式不正確。無法在 Relationship 資料行中儲存 <>。需要的型別是 Int32。

2019-08-12 16:12:33::輸入字串格式不正確。無法在 Relationship 資料行中儲存 <>。需要的型別是 Int32。

2019-08-12 16:12:33::輸入字串格式不正確。無法在 Relationship 資料行中儲存 <>。需要的型別是 Int32。

2019-08-12 16:12:33::輸入字串格式不正確。無法在 Relationship 資料行中儲存 <>。需要的型別是 Int32。

2019-08-12 16:12:34::輸入字串格式不正確。無法在 Relationship 資料行中儲存 <>。需要的型別是 Int32。

2019-08-12 16:12:34::輸入字串格式不正確。無法在 Relationship 資料行中儲存 <>。需要的型別是 Int32。

2019-08-12 16:12:34::輸入字串格式不正確。無法在 Relationship 資料行中儲存 <>。需要的型別是 Int32。

2019-08-12 16:12:34::輸入字串格式不正確。無法在 Relationship 資料行中儲存 <>。需要的型別是 Int32。

2019-08-12 16:12:35::輸入字串格式不正確。無法在 Relationship 資料行中儲存 <>。需要的型別是 Int32。

2019-08-12 16:12:35::輸入字串格式不正確。無法在 Relationship 資料行中儲存 <>。需要的型別是 Int32。

2019-08-12 16:12:35::輸入字串格式不正確。無法在 Relationship 資料行中儲存 <>。需要的型別是 Int32。

2019-08-12 16:12:36::輸入字串格式不正確。無法在 Relationship 資料行中儲存 <>。需要的型別是 Int32。

2019-08-12 16:12:36::輸入字串格式不正確。無法在 Relationship 資料行中儲存 <>。需要的型別是 Int32。

2019-08-12 16:12:39::輸入字串格式不正確。無法在 Relationship 資料行中儲存 <>。需要的型別是 Int32。

2019-08-12 16:12:39::輸入字串格式不正確。無法在 Relationship 資料行中儲存 <>。需要的型別是 Int32。

2019-08-12 16:12:40::輸入字串格式不正確。無法在 Relationship 資料行中儲存 <>。需要的型別是 Int32。

2019-08-12 16:12:40::輸入字串格式不正確。無法在 Relationship 資料行中儲存 <>。需要的型別是 Int32。

2019-08-12 16:12:40::輸入字串格式不正確。無法在 Relationship 資料行中儲存 <>。需要的型別是 Int32。

2019-08-12 16:12:40::輸入字串格式不正確。無法在 Relationship 資料行中儲存 <>。需要的型別是 Int32。

2019-08-12 16:12:57::輸入字串格式不正確。無法在 Relationship 資料行中儲存 <>。需要的型別是 Int32。

2019-08-12 16:12:59::輸入字串格式不正確。無法在 Relationship 資料行中儲存 <>。需要的型別是 Int32。

2019-08-12 16:13:00::輸入字串格式不正確。無法在 Relationship 資料行中儲存 <>。需要的型別是 Int32。

2019-08-12 16:13:01::輸入字串格式不正確。無法在 Relationship 資料行中儲存 <>。需要的型別是 Int32。

2019-08-12 16:13:01::輸入字串格式不正確。無法在 Relationship 資料行中儲存 <>。需要的型別是 Int32。

2019-08-12 16:13:01::輸入字串格式不正確。無法在 Relationship 資料行中儲存 <>。需要的型別是 Int32。

2019-08-12 16:13:02::輸入字串格式不正確。無法在 Relationship 資料行中儲存 <>。需要的型別是 Int32。

2019-08-12 16:13:02::輸入字串格式不正確。無法在 Relationship 資料行中儲存 <>。需要的型別是 Int32。

2019-08-12 16:13:02::輸入字串格式不正確。無法在 Relationship 資料行中儲存 <>。需要的型別是 Int32。

2019-08-12 16:13:02::輸入字串格式不正確。無法在 Relationship 資料行中儲存 <>。需要的型別是 Int32。

2019-08-12 16:13:03::輸入字串格式不正確。無法在 Relationship 資料行中儲存 <>。需要的型別是 Int32。

2019-08-12 16:13:06::輸入字串格式不正確。無法在 Relationship 資料行中儲存 <>。需要的型別是 Int32。

2019-08-12 16:13:06::輸入字串格式不正確。無法在 Relationship 資料行中儲存 <>。需要的型別是 Int32。

2019-08-12 16:13:07::輸入字串格式不正確。無法在 Relationship 資料行中儲存 <>。需要的型別是 Int32。

2019-08-12 16:13:07::輸入字串格式不正確。無法在 Relationship 資料行中儲存 <>。需要的型別是 Int32。

2019-08-12 16:13:07::輸入字串格式不正確。無法在 Relationship 資料行中儲存 <>。需要的型別是 Int32。

2019-08-12 16:13:07::輸入字串格式不正確。無法在 Relationship 資料行中儲存 <>。需要的型別是 Int32。

2019-08-12 16:13:19::輸入字串格式不正確。無法在 Relationship 資料行中儲存 <>。需要的型別是 Int32。

2019-08-12 16:13:20::輸入字串格式不正確。無法在 Relationship 資料行中儲存 <>。需要的型別是 Int32。

2019-08-12 16:13:22::輸入字串格式不正確。無法在 Relationship 資料行中儲存 <>。需要的型別是 Int32。

2019-08-12 16:13:23::輸入字串格式不正確。無法在 Relationship 資料行中儲存 <>。需要的型別是 Int32。

2019-08-12 16:13:23::輸入字串格式不正確。無法在 Relationship 資料行中儲存 <>。需要的型別是 Int32。

2019-08-12 16:13:23::輸入字串格式不正確。無法在 Relationship 資料行中儲存 <>。需要的型別是 Int32。

2019-08-12 16:13:25::輸入字串格式不正確。無法在 Relationship 資料行中儲存 <>。需要的型別是 Int32。

2019-08-12 16:13:25::輸入字串格式不正確。無法在 Relationship 資料行中儲存 <>。需要的型別是 Int32。

2019-08-12 16:13:25::輸入字串格式不正確。無法在 Relationship 資料行中儲存 <>。需要的型別是 Int32。

2019-08-12 16:13:26::輸入字串格式不正確。無法在 Relationship 資料行中儲存 <>。需要的型別是 Int32。

2019-08-12 16:13:29::輸入字串格式不正確。無法在 Relationship 資料行中儲存 <>。需要的型別是 Int32。

2019-08-12 16:13:30::輸入字串格式不正確。無法在 Relationship 資料行中儲存 <>。需要的型別是 Int32。

2019-08-12 16:13:33::輸入字串格式不正確。無法在 Relationship 資料行中儲存 <>。需要的型別是 Int32。

2019-08-12 16:13:35::輸入字串格式不正確。無法在 Relationship 資料行中儲存 <>。需要的型別是 Int32。

2019-08-12 16:13:38::輸入字串格式不正確。無法在 Relationship 資料行中儲存 <>。需要的型別是 Int32。

2019-08-12 16:13:41::輸入字串格式不正確。無法在 Relationship 資料行中儲存 <>。需要的型別是 Int32。

2019-08-12 16:13:45::輸入字串格式不正確。無法在 Relationship 資料行中儲存 <>。需要的型別是 Int32。

2019-08-12 16:13:47::輸入字串格式不正確。無法在 Relationship 資料行中儲存 <>。需要的型別是 Int32。

2019-08-12 16:13:48::輸入字串格式不正確。無法在 Relationship 資料行中儲存 <>。需要的型別是 Int32。

2019-08-12 16:13:51::輸入字串格式不正確。無法在 Relationship 資料行中儲存 <>。需要的型別是 Int32。

2019-08-12 16:13:53::輸入字串格式不正確。無法在 Relationship 資料行中儲存 <>。需要的型別是 Int32。

2019-08-12 16:13:56::輸入字串格式不正確。無法在 Relationship 資料行中儲存 <>。需要的型別是 Int32。

2019-08-12 16:13:57::輸入字串格式不正確。無法在 Relationship 資料行中儲存 <>。需要的型別是 Int32。

2019-08-12 16:13:58::輸入字串格式不正確。無法在 Relationship 資料行中儲存 <>。需要的型別是 Int32。

2019-08-12 16:13:58::輸入字串格式不正確。無法在 Relationship 資料行中儲存 <>。需要的型別是 Int32。

2019-08-12 16:13:59::輸入字串格式不正確。無法在 Relationship 資料行中儲存 <>。需要的型別是 Int32。

2019-08-12 16:13:59::輸入字串格式不正確。無法在 Relationship 資料行中儲存 <>。需要的型別是 Int32。

2019-08-12 16:13:59::輸入字串格式不正確。無法在 Relationship 資料行中儲存 <>。需要的型別是 Int32。

2019-08-12 16:14:12::輸入字串格式不正確。無法在 Relationship 資料行中儲存 <>。需要的型別是 Int32。

2019-08-12 16:14:12::輸入字串格式不正確。無法在 Relationship 資料行中儲存 <>。需要的型別是 Int32。

2019-08-12 16:14:12::輸入字串格式不正確。無法在 Relationship 資料行中儲存 <>。需要的型別是 Int32。

2019-08-12 16:14:13::輸入字串格式不正確。無法在 Relationship 資料行中儲存 <>。需要的型別是 Int32。

2019-08-12 16:14:13::輸入字串格式不正確。無法在 Relationship 資料行中儲存 <>。需要的型別是 Int32。

2019-08-12 16:14:13::輸入字串格式不正確。無法在 Relationship 資料行中儲存 <>。需要的型別是 Int32。

2019-08-12 16:14:13::輸入字串格式不正確。無法在 Relationship 資料行中儲存 <>。需要的型別是 Int32。

2019-08-12 16:14:15::輸入字串格式不正確。無法在 Relationship 資料行中儲存 <>。需要的型別是 Int32。

2019-08-12 16:14:16::輸入字串格式不正確。無法在 Relationship 資料行中儲存 <>。需要的型別是 Int32。

2019-08-12 16:14:24::輸入字串格式不正確。無法在 Relationship 資料行中儲存 <>。需要的型別是 Int32。

2019-08-12 16:14:27::已經開啟一個與這個 Command 相關的 DataReader，必須先將它關閉。

2019-08-12 16:14:27::並未將物件參考設定為物件的執行個體。

2019-08-12 16:14:27::並未將物件參考設定為物件的執行個體。

2019-08-12 16:14:27::輸入字串格式不正確。無法在 Relationship 資料行中儲存 <>。需要的型別是 Int32。

2019-08-12 16:14:27::輸入字串格式不正確。無法在 Relationship 資料行中儲存 <>。需要的型別是 Int32。

2019-08-12 16:14:28::輸入字串格式不正確。無法在 Relationship 資料行中儲存 <>。需要的型別是 Int32。

2019-08-12 16:14:28::輸入字串格式不正確。無法在 Relationship 資料行中儲存 <>。需要的型別是 Int32。

2019-08-12 16:14:29::輸入字串格式不正確。無法在 Relationship 資料行中儲存 <>。需要的型別是 Int32。

2019-08-12 16:14:30::輸入字串格式不正確。無法在 Relationship 資料行中儲存 <>。需要的型別是 Int32。

2019-08-12 16:14:33::輸入字串格式不正確。無法在 Relationship 資料行中儲存 <>。需要的型別是 Int32。

2019-08-12 16:14:33::輸入字串格式不正確。無法在 Relationship 資料行中儲存 <>。需要的型別是 Int32。

2019-08-12 16:14:34::輸入字串格式不正確。無法在 Relationship 資料行中儲存 <>。需要的型別是 Int32。

2019-08-12 16:14:35::輸入字串格式不正確。無法在 Relationship 資料行中儲存 <>。需要的型別是 Int32。

2019-08-12 16:14:35::輸入字串格式不正確。無法在 Relationship 資料行中儲存 <>。需要的型別是 Int32。

2019-08-12 16:14:40::輸入字串格式不正確。無法在 Relationship 資料行中儲存 <>。需要的型別是 Int32。

2019-08-12 16:15:03::輸入字串格式不正確。無法在 Relationship 資料行中儲存 <>。需要的型別是 Int32。

2019-08-12 16:15:05::輸入字串格式不正確。無法在 Relationship 資料行中儲存 <>。需要的型別是 Int32。

2019-08-12 16:15:06::輸入字串格式不正確。無法在 Relationship 資料行中儲存 <>。需要的型別是 Int32。

2019-08-12 16:16:08::輸入字串格式不正確。無法在 Relationship 資料行中儲存 <>。需要的型別是 Int32。

2019-08-12 16:16:10::輸入字串格式不正確。無法在 Relationship 資料行中儲存 <>。需要的型別是 Int32。

2019-08-12 16:16:12::輸入字串格式不正確。無法在 Relationship 資料行中儲存 <>。需要的型別是 Int32。

2019-08-12 16:16:33::輸入字串格式不正確。無法在 Relationship 資料行中儲存 <>。需要的型別是 Int32。

2019-08-12 16:16:34::輸入字串格式不正確。無法在 Relationship 資料行中儲存 <>。需要的型別是 Int32。

2019-08-12 16:16:34::輸入字串格式不正確。無法在 Relationship 資料行中儲存 <>。需要的型別是 Int32。

2019-08-12 16:18:36::輸入字串格式不正確。無法在 Relationship 資料行中儲存 <>。需要的型別是 Int32。

2019-08-12 16:18:38::輸入字串格式不正確。無法在 Relationship 資料行中儲存 <>。需要的型別是 Int32。

2019-08-12 16:18:39::輸入字串格式不正確。無法在 Relationship 資料行中儲存 <>。需要的型別是 Int32。

2019-08-12 16:18:51::輸入字串格式不正確。無法在 Relationship 資料行中儲存 <>。需要的型別是 Int32。

2019-08-12 16:22:52::輸入字串格式不正確。無法在 Relationship 資料行中儲存 <>。需要的型別是 Int32。

2019-08-12 16:22:53::輸入字串格式不正確。無法在 Relationship 資料行中儲存 <>。需要的型別是 Int32。

2019-08-12 16:22:54::輸入字串格式不正確。無法在 Relationship 資料行中儲存 <>。需要的型別是 Int32。

2019-08-12 16:22:55::輸入字串格式不正確。無法在 Relationship 資料行中儲存 <>。需要的型別是 Int32。

