2019-09-04 08:37:44::連接未關閉。連接目前的狀態為連接中。

2019-09-04 08:37:44::連接未關閉。連接目前的狀態為連接中。

2019-09-04 08:37:44::ExecuteReader 必須有開啟與可用的 Connection。連接目前的狀態為連接中。

2019-09-04 08:37:44::並未將物件參考設定為物件的執行個體。

2019-09-04 08:37:44::並未將物件參考設定為物件的執行個體。

2019-09-04 08:37:44::並未將物件參考設定為物件的執行個體。

2019-09-04 08:37:44::並未將物件參考設定為物件的執行個體。

2019-09-04 08:37:44::並未將物件參考設定為物件的執行個體。

2019-09-04 08:37:44::並未將物件參考設定為物件的執行個體。

2019-09-04 08:37:44::並未將物件參考設定為物件的執行個體。

2019-09-04 08:37:45::ExecuteReader 必須有開啟與可用的 Connection。連接目前的狀態為連接中。

2019-09-04 08:37:45::並未將物件參考設定為物件的執行個體。

2019-09-04 08:37:45::ExecuteReader 必須有開啟與可用的 Connection。連接目前的狀態為連接中。

2019-09-04 08:37:45::並未將物件參考設定為物件的執行個體。

2019-09-04 08:37:45::ExecuteReader 必須有開啟與可用的 Connection。連接目前的狀態為連接中。

2019-09-04 08:37:45::並未將物件參考設定為物件的執行個體。

2019-09-04 08:37:45::ExecuteReader 必須有開啟與可用的 Connection。連接目前的狀態為連接中。

2019-09-04 08:37:45::並未將物件參考設定為物件的執行個體。

2019-09-04 08:37:45::ExecuteReader 必須有開啟與可用的 Connection。連接目前的狀態為連接中。

2019-09-04 08:37:45::並未將物件參考設定為物件的執行個體。

2019-09-04 08:37:45::ExecuteReader 必須有開啟與可用的 Connection。連接目前的狀態為連接中。

2019-09-04 08:37:45::並未將物件參考設定為物件的執行個體。

2019-09-04 08:37:45::ExecuteReader 必須有開啟與可用的 Connection。連接目前的狀態為連接中。

2019-09-04 08:37:45::並未將物件參考設定為物件的執行個體。

2019-09-04 08:37:45::ExecuteReader 必須有開啟與可用的 Connection。連接目前的狀態為連接中。

2019-09-04 08:37:45::並未將物件參考設定為物件的執行個體。

2019-09-04 08:37:45::ExecuteReader 必須有開啟與可用的 Connection。連接目前的狀態為連接中。

2019-09-04 08:37:45::並未將物件參考設定為物件的執行個體。

2019-09-04 08:37:45::ExecuteReader 必須有開啟與可用的 Connection。連接目前的狀態為連接中。

2019-09-04 08:37:45::並未將物件參考設定為物件的執行個體。

2019-09-04 08:37:45::ExecuteReader 必須有開啟與可用的 Connection。連接目前的狀態為連接中。

2019-09-04 08:37:45::並未將物件參考設定為物件的執行個體。

2019-09-04 08:37:45::ExecuteReader 必須有開啟與可用的 Connection。連接目前的狀態為連接中。

2019-09-04 08:37:45::並未將物件參考設定為物件的執行個體。

2019-09-04 08:37:45::ExecuteReader 必須有開啟與可用的 Connection。連接目前的狀態為連接中。

2019-09-04 08:37:45::並未將物件參考設定為物件的執行個體。

2019-09-04 08:37:45::ExecuteReader 必須有開啟與可用的 Connection。連接目前的狀態為連接中。

2019-09-04 08:37:45::並未將物件參考設定為物件的執行個體。

2019-09-04 08:37:45::ExecuteReader 必須有開啟與可用的 Connection。連接目前的狀態為連接中。

2019-09-04 08:37:45::並未將物件參考設定為物件的執行個體。

2019-09-04 08:37:45::ExecuteReader 必須有開啟與可用的 Connection。連接目前的狀態為連接中。

2019-09-04 08:37:45::並未將物件參考設定為物件的執行個體。

2019-09-04 08:37:45::ExecuteReader 必須有開啟與可用的 Connection。連接目前的狀態為連接中。

2019-09-04 08:37:45::並未將物件參考設定為物件的執行個體。

2019-09-04 08:37:45::ExecuteReader 必須有開啟與可用的 Connection。連接目前的狀態為連接中。

2019-09-04 08:37:45::並未將物件參考設定為物件的執行個體。

2019-09-04 08:37:45::ExecuteReader 必須有開啟與可用的 Connection。連接目前的狀態為連接中。

2019-09-04 08:37:45::並未將物件參考設定為物件的執行個體。

2019-09-04 08:37:45::ExecuteReader 必須有開啟與可用的 Connection。連接目前的狀態為連接中。

2019-09-04 08:37:45::並未將物件參考設定為物件的執行個體。

2019-09-04 08:37:45::ExecuteReader 必須有開啟與可用的 Connection。連接目前的狀態為連接中。

2019-09-04 08:37:45::並未將物件參考設定為物件的執行個體。

2019-09-04 08:37:45::ExecuteReader 必須有開啟與可用的 Connection。連接目前的狀態為連接中。

2019-09-04 08:37:45::並未將物件參考設定為物件的執行個體。

2019-09-04 08:37:45::ExecuteReader 必須有開啟與可用的 Connection。連接目前的狀態為連接中。

2019-09-04 08:37:45::ExecuteReader 必須有開啟與可用的 Connection。連接目前的狀態為連接中。

2019-09-04 08:37:45::並未將物件參考設定為物件的執行個體。

2019-09-04 08:37:45::並未將物件參考設定為物件的執行個體。

2019-09-04 08:37:45::ExecuteReader 必須有開啟與可用的 Connection。連接目前的狀態為連接中。

2019-09-04 08:37:45::並未將物件參考設定為物件的執行個體。

2019-09-04 14:53:18::資料行 'Relationship' 不屬於資料表 RelativesInCompany。

2019-09-04 14:54:19::資料行 'Relationship' 不屬於資料表 RelativesInCompany。

2019-09-04 14:54:20::資料行 'Relationship' 不屬於資料表 RelativesInCompany。

2019-09-04 14:54:30::資料行 'Relationship' 不屬於資料表 RelativesInCompany。

2019-09-04 14:54:32::資料行 'Relationship' 不屬於資料表 RelativesInCompany。

2019-09-04 14:54:33::資料行 'Relationship' 不屬於資料表 RelativesInCompany。

2019-09-04 14:54:43::資料行 'Relationship' 不屬於資料表 RelativesInCompany。

2019-09-04 14:54:44::資料行 'Relationship' 不屬於資料表 RelativesInCompany。

2019-09-04 14:55:00::資料行 'Relationship' 不屬於資料表 RelativesInCompany。

2019-09-04 14:55:01::資料行 'Relationship' 不屬於資料表 RelativesInCompany。

2019-09-04 14:55:08::資料行 'Relationship' 不屬於資料表 RelativesInCompany。

2019-09-04 14:55:10::資料行 'Relationship' 不屬於資料表 RelativesInCompany。

2019-09-04 14:55:10::資料行 'Relationship' 不屬於資料表 RelativesInCompany。

2019-09-04 14:55:11::資料行 'Relationship' 不屬於資料表 RelativesInCompany。

2019-09-04 14:55:12::資料行 'Relationship' 不屬於資料表 RelativesInCompany。

2019-09-04 14:55:14::資料行 'Relationship' 不屬於資料表 RelativesInCompany。

2019-09-04 14:55:20::資料行 'Relationship' 不屬於資料表 RelativesInCompany。

2019-09-04 14:55:32::資料行 'Relationship' 不屬於資料表 RelativesInCompany。

2019-09-04 15:10:01::並未將物件參考設定為物件的執行個體。

2019-09-04 15:10:01::ExecuteReader 必須有開啟與可用的 Connection。連接目前的狀態為連接中。

2019-09-04 15:10:01::並未將物件參考設定為物件的執行個體。

2019-09-04 15:10:01::已經開啟一個與這個 Command 相關的 DataReader，必須先將它關閉。

2019-09-04 15:10:01::並未將物件參考設定為物件的執行個體。

2019-09-04 15:10:01::ExecuteReader 必須有開啟與可用的 Connection。連接目前的狀態為連接中。

2019-09-04 15:10:01::並未將物件參考設定為物件的執行個體。

2019-09-04 15:10:01::ExecuteReader 必須有開啟與可用的 Connection。連接目前的狀態為連接中。

2019-09-04 15:10:01::並未將物件參考設定為物件的執行個體。

2019-09-04 15:10:01::已經開啟一個與這個 Command 相關的 DataReader，必須先將它關閉。

2019-09-04 15:10:01::並未將物件參考設定為物件的執行個體。

2019-09-04 15:10:01::並未將物件參考設定為物件的執行個體。

2019-09-04 15:10:01::當讀取器關閉時嘗試呼叫 Read 無效。

2019-09-04 15:10:01::並未將物件參考設定為物件的執行個體。

2019-09-04 15:15:26::資料行 'Relationship' 不屬於資料表 RelativesInCompany。

2019-09-04 15:15:32::資料行 'Relationship' 不屬於資料表 RelativesInCompany。

2019-09-04 15:19:02::資料行 'Relationship' 不屬於資料表 RelativesInCompany。

2019-09-04 15:19:07::資料行 'Relationship' 不屬於資料表 RelativesInCompany。

2019-09-04 15:19:10::資料行 'Relationship' 不屬於資料表 RelativesInCompany。

2019-09-04 15:20:39::資料行 'Relationship' 不屬於資料表 RelativesInCompany。

2019-09-04 15:20:39::資料行 'Relationship' 不屬於資料表 RelativesInCompany。

2019-09-04 15:20:40::資料行 'Relationship' 不屬於資料表 RelativesInCompany。

2019-09-04 15:21:38::資料行 'Relationship' 不屬於資料表 RelativesInCompany。

2019-09-04 15:21:48::資料行 'Relationship' 不屬於資料表 RelativesInCompany。

2019-09-04 15:21:56::資料行 'Relationship' 不屬於資料表 RelativesInCompany。

2019-09-04 15:22:15::資料行 'Relationship' 不屬於資料表 RelativesInCompany。

2019-09-04 15:22:30::資料行 'Relationship' 不屬於資料表 RelativesInCompany。

2019-09-04 15:22:31::資料行 'Relationship' 不屬於資料表 RelativesInCompany。

2019-09-04 15:28:21::資料行 'Relationship' 不屬於資料表 RelativesInCompany。

2019-09-04 15:28:21::資料行 'Relationship' 不屬於資料表 RelativesInCompany。

2019-09-04 15:28:27::資料行 'Relationship' 不屬於資料表 RelativesInCompany。

2019-09-04 15:30:18::資料行 'Relationship' 不屬於資料表 RelativesInCompany。

2019-09-04 15:30:20::資料行 'Relationship' 不屬於資料表 RelativesInCompany。

2019-09-04 15:30:21::資料行 'Relationship' 不屬於資料表 RelativesInCompany。

2019-09-04 15:30:21::資料行 'Relationship' 不屬於資料表 RelativesInCompany。

2019-09-04 15:30:21::資料行 'Relationship' 不屬於資料表 RelativesInCompany。

2019-09-04 15:30:57::資料行 'Relationship' 不屬於資料表 RelativesInCompany。

2019-09-04 15:30:58::資料行 'Relationship' 不屬於資料表 RelativesInCompany。

2019-09-04 15:32:42::資料行 'Relationship' 不屬於資料表 RelativesInCompany。

2019-09-04 15:33:35::資料行 'Relationship' 不屬於資料表 RelativesInCompany。

2019-09-04 15:33:36::資料行 'Relationship' 不屬於資料表 RelativesInCompany。

2019-09-04 15:33:37::資料行 'Relationship' 不屬於資料表 RelativesInCompany。

2019-09-04 15:33:37::資料行 'Relationship' 不屬於資料表 RelativesInCompany。

2019-09-04 22:10:59::並未將物件參考設定為物件的執行個體。

2019-09-04 22:10:59::並未將物件參考設定為物件的執行個體。

2019-09-04 22:10:59::ExecuteReader 必須有開啟與可用的 Connection。連接目前的狀態為連接中。

2019-09-04 22:10:59::並未將物件參考設定為物件的執行個體。

2019-09-04 22:10:59::ExecuteReader 必須有開啟與可用的 Connection。連接目前的狀態為連接中。

2019-09-04 22:10:59::並未將物件參考設定為物件的執行個體。

2019-09-04 22:10:59::ExecuteReader 必須有開啟與可用的 Connection。連接目前的狀態為連接中。

2019-09-04 22:10:59::並未將物件參考設定為物件的執行個體。

