2019-08-18 08:50:32::並未將物件參考設定為物件的執行個體。

2019-08-18 08:50:32::並未將物件參考設定為物件的執行個體。

2019-08-18 08:50:32::連接未關閉。連接目前的狀態為連接中。

2019-08-18 08:50:32::並未將物件參考設定為物件的執行個體。

2019-08-18 08:50:32::連接未關閉。連接目前的狀態為連接中。

2019-08-18 08:50:32::並未將物件參考設定為物件的執行個體。

2019-08-18 08:50:32::連接未關閉。連接目前的狀態為連接中。

2019-08-18 08:50:32::並未將物件參考設定為物件的執行個體。

2019-08-18 08:50:32::連接未關閉。連接目前的狀態為連接中。

2019-08-18 08:50:32::並未將物件參考設定為物件的執行個體。

2019-08-18 08:50:32::ExecuteReader 必須有開啟與可用的 Connection。連接目前的狀態為連接中。

2019-08-18 08:50:32::並未將物件參考設定為物件的執行個體。

2019-08-18 08:50:32::ExecuteReader 必須有開啟與可用的 Connection。連接目前的狀態為連接中。

2019-08-18 08:50:32::並未將物件參考設定為物件的執行個體。

2019-08-18 08:58:38::當讀取器關閉時嘗試呼叫 Read 無效。

2019-08-18 08:58:38::並未將物件參考設定為物件的執行個體。

2019-08-18 08:58:59::ExecuteReader 必須有開啟與可用的 Connection。連接目前的狀態為開啟。

2019-08-18 08:58:59::並未將物件參考設定為物件的執行個體。

2019-08-18 08:58:59::ExecuteReader 必須有開啟與可用的 Connection。連接目前的狀態為開啟。

2019-08-18 08:58:59::並未將物件參考設定為物件的執行個體。

2019-08-18 08:58:59::ExecuteReader 必須有開啟與可用的 Connection。連接目前的狀態為開啟。

2019-08-18 08:58:59::並未將物件參考設定為物件的執行個體。

2019-08-18 08:58:59::ExecuteReader 必須有開啟與可用的 Connection。連接目前的狀態為開啟。

2019-08-18 08:58:59::並未將物件參考設定為物件的執行個體。

2019-08-18 08:58:59::ExecuteReader 必須有開啟與可用的 Connection。連接目前的狀態為開啟。

2019-08-18 08:58:59::並未將物件參考設定為物件的執行個體。

2019-08-18 08:58:59::ExecuteReader 必須有開啟與可用的 Connection。連接目前的狀態為開啟。

2019-08-18 08:58:59::並未將物件參考設定為物件的執行個體。

2019-08-18 08:58:59::ExecuteReader 必須有開啟與可用的 Connection。連接目前的狀態為開啟。

2019-08-18 08:58:59::並未將物件參考設定為物件的執行個體。

2019-08-18 08:58:59::ExecuteReader 必須有開啟與可用的 Connection。連接目前的狀態為開啟。

2019-08-18 08:58:59::並未將物件參考設定為物件的執行個體。

2019-08-18 08:58:59::ExecuteReader 必須有開啟與可用的 Connection。連接目前的狀態為開啟。

2019-08-18 08:58:59::並未將物件參考設定為物件的執行個體。

2019-08-18 08:58:59::ExecuteReader 必須有開啟與可用的 Connection。連接目前的狀態為開啟。

2019-08-18 08:58:59::並未將物件參考設定為物件的執行個體。

2019-08-18 08:58:59::ExecuteReader 必須有開啟與可用的 Connection。連接目前的狀態為開啟。

2019-08-18 08:58:59::並未將物件參考設定為物件的執行個體。

2019-08-18 08:58:59::ExecuteReader 必須有開啟與可用的 Connection。連接目前的狀態為開啟。

2019-08-18 08:58:59::並未將物件參考設定為物件的執行個體。

2019-08-18 08:58:59::ExecuteReader 必須有開啟與可用的 Connection。連接目前的狀態為開啟。

2019-08-18 08:58:59::並未將物件參考設定為物件的執行個體。

2019-08-18 08:59:00::ExecuteReader 必須有開啟與可用的 Connection。連接目前的狀態為開啟。

2019-08-18 08:59:00::並未將物件參考設定為物件的執行個體。

2019-08-18 08:59:00::ExecuteReader 必須有開啟與可用的 Connection。連接目前的狀態為開啟。

2019-08-18 08:59:00::並未將物件參考設定為物件的執行個體。

2019-08-18 08:59:00::ExecuteReader 必須有開啟與可用的 Connection。連接目前的狀態為開啟。

2019-08-18 08:59:00::並未將物件參考設定為物件的執行個體。

2019-08-18 08:59:29::並未將物件參考設定為物件的執行個體。

2019-08-18 15:09:57::並未將物件參考設定為物件的執行個體。

2019-08-18 15:09:57::並未將物件參考設定為物件的執行個體。

2019-08-18 15:09:58::連接未關閉。連接目前的狀態為連接中。

2019-08-18 15:09:58::並未將物件參考設定為物件的執行個體。

2019-08-18 15:09:58::連接未關閉。連接目前的狀態為連接中。

2019-08-18 15:09:58::並未將物件參考設定為物件的執行個體。

2019-08-18 15:09:58::連接未關閉。連接目前的狀態為連接中。

2019-08-18 15:09:58::並未將物件參考設定為物件的執行個體。

2019-08-18 15:09:58::連接未關閉。連接目前的狀態為連接中。

2019-08-18 15:09:58::並未將物件參考設定為物件的執行個體。

2019-08-18 15:09:58::連接未關閉。連接目前的狀態為連接中。

2019-08-18 15:09:58::並未將物件參考設定為物件的執行個體。

2019-08-18 15:09:58::ExecuteReader 必須有開啟與可用的 Connection。連接目前的狀態為連接中。

2019-08-18 15:09:58::並未將物件參考設定為物件的執行個體。

2019-08-18 15:09:58::ExecuteReader 必須有開啟與可用的 Connection。連接目前的狀態為連接中。

2019-08-18 15:09:58::並未將物件參考設定為物件的執行個體。

2019-08-18 15:09:58::ExecuteReader 必須有開啟與可用的 Connection。連接目前的狀態為連接中。

2019-08-18 15:09:58::並未將物件參考設定為物件的執行個體。

2019-08-18 15:09:58::ExecuteReader 必須有開啟與可用的 Connection。連接目前的狀態為連接中。

2019-08-18 15:09:58::並未將物件參考設定為物件的執行個體。

2019-08-18 15:09:58::ExecuteReader 必須有開啟與可用的 Connection。連接目前的狀態為連接中。

2019-08-18 15:09:58::並未將物件參考設定為物件的執行個體。

2019-08-18 15:09:58::ExecuteReader 必須有開啟與可用的 Connection。連接目前的狀態為連接中。

2019-08-18 15:09:58::並未將物件參考設定為物件的執行個體。

2019-08-18 15:09:58::ExecuteReader 必須有開啟與可用的 Connection。連接目前的狀態為連接中。

2019-08-18 15:09:58::ExecuteReader 必須有開啟與可用的 Connection。連接目前的狀態為連接中。

2019-08-18 15:09:58::並未將物件參考設定為物件的執行個體。

2019-08-18 15:09:58::ExecuteReader 必須有開啟與可用的 Connection。連接目前的狀態為連接中。

2019-08-18 15:09:58::ExecuteReader 必須有開啟與可用的 Connection。連接目前的狀態為連接中。

2019-08-18 15:09:58::並未將物件參考設定為物件的執行個體。

2019-08-18 15:09:58::並未將物件參考設定為物件的執行個體。

2019-08-18 15:09:58::並未將物件參考設定為物件的執行個體。

2019-08-18 15:09:58::ExecuteReader 必須有開啟與可用的 Connection。連接目前的狀態為連接中。

2019-08-18 15:09:58::ExecuteReader 必須有開啟與可用的 Connection。連接目前的狀態為連接中。

2019-08-18 15:09:58::並未將物件參考設定為物件的執行個體。

2019-08-18 15:09:58::並未將物件參考設定為物件的執行個體。

2019-08-18 15:09:58::ExecuteReader 必須有開啟與可用的 Connection。連接目前的狀態為連接中。

2019-08-18 15:09:58::ExecuteReader 必須有開啟與可用的 Connection。連接目前的狀態為連接中。

2019-08-18 15:09:58::並未將物件參考設定為物件的執行個體。

2019-08-18 15:09:58::並未將物件參考設定為物件的執行個體。

2019-08-18 15:09:58::ExecuteReader 必須有開啟與可用的 Connection。連接目前的狀態為連接中。

2019-08-18 15:09:58::並未將物件參考設定為物件的執行個體。

2019-08-18 15:09:58::ExecuteReader 必須有開啟與可用的 Connection。連接目前的狀態為連接中。

2019-08-18 15:09:58::並未將物件參考設定為物件的執行個體。

2019-08-18 15:09:58::ExecuteReader 必須有開啟與可用的 Connection。連接目前的狀態為連接中。

2019-08-18 15:09:58::並未將物件參考設定為物件的執行個體。

2019-08-18 15:09:58::ExecuteReader 必須有開啟與可用的 Connection。連接目前的狀態為連接中。

2019-08-18 15:09:58::並未將物件參考設定為物件的執行個體。

2019-08-18 15:09:58::ExecuteReader 必須有開啟與可用的 Connection。連接目前的狀態為連接中。

2019-08-18 15:09:58::並未將物件參考設定為物件的執行個體。

2019-08-18 15:09:59::ExecuteReader 必須有開啟與可用的 Connection。連接目前的狀態為連接中。

2019-08-18 15:09:59::並未將物件參考設定為物件的執行個體。

2019-08-18 15:09:59::ExecuteReader 必須有開啟與可用的 Connection。連接目前的狀態為連接中。

2019-08-18 15:09:59::並未將物件參考設定為物件的執行個體。

2019-08-18 15:09:59::ExecuteReader 必須有開啟與可用的 Connection。連接目前的狀態為連接中。

2019-08-18 15:09:59::並未將物件參考設定為物件的執行個體。

