2019-10-05 08:32:41::並未將物件參考設定為物件的執行個體。

2019-10-05 08:32:41::並未將物件參考設定為物件的執行個體。

2019-10-05 08:32:41::連接未關閉。連接目前的狀態為連接中。

2019-10-05 08:32:41::連接未關閉。連接目前的狀態為連接中。

2019-10-05 08:32:41::並未將物件參考設定為物件的執行個體。

2019-10-05 08:32:41::並未將物件參考設定為物件的執行個體。

2019-10-05 08:32:42::ExecuteReader 必須有開啟與可用的 Connection。連接目前的狀態為連接中。

2019-10-05 08:32:42::ExecuteReader 必須有開啟與可用的 Connection。連接目前的狀態為連接中。

2019-10-05 08:32:42::並未將物件參考設定為物件的執行個體。

2019-10-05 08:32:42::並未將物件參考設定為物件的執行個體。

2019-10-05 08:32:42::ExecuteReader 必須有開啟與可用的 Connection。連接目前的狀態為連接中。

2019-10-05 08:32:42::並未將物件參考設定為物件的執行個體。

2019-10-05 08:32:42::ExecuteReader 必須有開啟與可用的 Connection。連接目前的狀態為連接中。

2019-10-05 08:32:42::並未將物件參考設定為物件的執行個體。

2019-10-05 08:32:42::ExecuteReader 必須有開啟與可用的 Connection。連接目前的狀態為連接中。

2019-10-05 08:32:42::並未將物件參考設定為物件的執行個體。

2019-10-05 08:32:42::ExecuteReader 必須有開啟與可用的 Connection。連接目前的狀態為連接中。

2019-10-05 08:32:42::並未將物件參考設定為物件的執行個體。

2019-10-05 08:32:42::ExecuteReader 必須有開啟與可用的 Connection。連接目前的狀態為連接中。

2019-10-05 08:32:42::ExecuteReader 必須有開啟與可用的 Connection。連接目前的狀態為連接中。

2019-10-05 08:32:42::並未將物件參考設定為物件的執行個體。

2019-10-05 08:32:42::並未將物件參考設定為物件的執行個體。

2019-10-05 08:32:42::ExecuteReader 必須有開啟與可用的 Connection。連接目前的狀態為連接中。

2019-10-05 08:32:42::並未將物件參考設定為物件的執行個體。

2019-10-05 08:32:42::ExecuteReader 必須有開啟與可用的 Connection。連接目前的狀態為連接中。

2019-10-05 08:32:42::並未將物件參考設定為物件的執行個體。

2019-10-05 08:38:06::ExecuteReader 必須有開啟與可用的 Connection。連接目前的狀態為開啟。

2019-10-05 08:38:06::並未將物件參考設定為物件的執行個體。

2019-10-05 08:38:06::ExecuteReader 必須有開啟與可用的 Connection。連接目前的狀態為開啟。

2019-10-05 08:38:06::並未將物件參考設定為物件的執行個體。

2019-10-05 08:38:07::ExecuteReader 必須有開啟與可用的 Connection。連接目前的狀態為開啟。

2019-10-05 08:38:07::並未將物件參考設定為物件的執行個體。

2019-10-05 08:38:12::ExecuteReader 必須有開啟與可用的 Connection。連接目前的狀態為開啟。

2019-10-05 08:38:12::並未將物件參考設定為物件的執行個體。

2019-10-05 08:38:14::ExecuteReader 必須有開啟與可用的 Connection。連接目前的狀態為開啟。

2019-10-05 08:38:14::並未將物件參考設定為物件的執行個體。

2019-10-05 08:38:14::ExecuteReader 必須有開啟與可用的 Connection。連接目前的狀態為開啟。

2019-10-05 08:38:14::並未將物件參考設定為物件的執行個體。

2019-10-05 08:38:16::ExecuteReader 必須有開啟與可用的 Connection。連接目前的狀態為開啟。

2019-10-05 08:38:16::並未將物件參考設定為物件的執行個體。

2019-10-05 08:38:18::ExecuteReader 必須有開啟與可用的 Connection。連接目前的狀態為開啟。

2019-10-05 08:38:18::並未將物件參考設定為物件的執行個體。

2019-10-05 08:38:18::ExecuteReader 必須有開啟與可用的 Connection。連接目前的狀態為開啟。

2019-10-05 08:38:18::並未將物件參考設定為物件的執行個體。

2019-10-05 08:38:18::ExecuteReader 必須有開啟與可用的 Connection。連接目前的狀態為開啟。

2019-10-05 08:38:18::並未將物件參考設定為物件的執行個體。

2019-10-05 08:38:19::ExecuteReader 必須有開啟與可用的 Connection。連接目前的狀態為開啟。

2019-10-05 08:38:19::並未將物件參考設定為物件的執行個體。

2019-10-05 08:38:19::ExecuteReader 必須有開啟與可用的 Connection。連接目前的狀態為開啟。

2019-10-05 08:38:19::並未將物件參考設定為物件的執行個體。

2019-10-05 08:38:19::ExecuteReader 必須有開啟與可用的 Connection。連接目前的狀態為開啟。

2019-10-05 08:38:19::並未將物件參考設定為物件的執行個體。

2019-10-05 08:38:21::ExecuteReader 必須有開啟與可用的 Connection。連接目前的狀態為開啟。

2019-10-05 08:38:21::並未將物件參考設定為物件的執行個體。

2019-10-05 08:38:25::ExecuteReader 必須有開啟與可用的 Connection。連接目前的狀態為開啟。

2019-10-05 08:38:25::並未將物件參考設定為物件的執行個體。

2019-10-05 08:38:31::ExecuteReader 必須有開啟與可用的 Connection。連接目前的狀態為開啟。

2019-10-05 08:38:31::並未將物件參考設定為物件的執行個體。

2019-10-05 08:38:34::並未將物件參考設定為物件的執行個體。

2019-10-05 09:05:02::資料行 'Relationship' 不屬於資料表 RelativesInCompany。

2019-10-05 09:05:07::資料行 'Relationship' 不屬於資料表 RelativesInCompany。

2019-10-05 09:05:08::資料行 'Relationship' 不屬於資料表 RelativesInCompany。

2019-10-05 09:05:09::資料行 'Relationship' 不屬於資料表 RelativesInCompany。

2019-10-05 09:05:09::資料行 'Relationship' 不屬於資料表 RelativesInCompany。

2019-10-05 09:05:09::資料行 'Relationship' 不屬於資料表 RelativesInCompany。

2019-10-05 09:05:09::資料行 'Relationship' 不屬於資料表 RelativesInCompany。

2019-10-05 09:05:10::資料行 'Relationship' 不屬於資料表 RelativesInCompany。

2019-10-05 09:05:10::資料行 'Relationship' 不屬於資料表 RelativesInCompany。

2019-10-05 09:05:10::資料行 'Relationship' 不屬於資料表 RelativesInCompany。

2019-10-05 09:05:10::資料行 'Relationship' 不屬於資料表 RelativesInCompany。

2019-10-05 09:05:12::資料行 'Relationship' 不屬於資料表 RelativesInCompany。

2019-10-05 09:05:40::資料行 'Relationship' 不屬於資料表 RelativesInCompany。

2019-10-05 09:05:41::資料行 'Relationship' 不屬於資料表 RelativesInCompany。

2019-10-05 09:05:43::資料行 'Relationship' 不屬於資料表 RelativesInCompany。

2019-10-05 09:05:43::資料行 'Relationship' 不屬於資料表 RelativesInCompany。

2019-10-05 09:05:43::資料行 'Relationship' 不屬於資料表 RelativesInCompany。

2019-10-05 09:05:44::資料行 'Relationship' 不屬於資料表 RelativesInCompany。

2019-10-05 09:51:36::資料行 'Relationship' 不屬於資料表 RelativesInCompany。

2019-10-05 09:51:38::資料行 'Relationship' 不屬於資料表 RelativesInCompany。

2019-10-05 09:51:39::資料行 'Relationship' 不屬於資料表 RelativesInCompany。

2019-10-05 09:51:44::資料行 'Relationship' 不屬於資料表 RelativesInCompany。

2019-10-05 09:51:45::資料行 'Relationship' 不屬於資料表 RelativesInCompany。

2019-10-05 10:00:40::資料行 'Relationship' 不屬於資料表 RelativesInCompany。

2019-10-05 10:00:41::資料行 'Relationship' 不屬於資料表 RelativesInCompany。

2019-10-05 10:00:41::資料行 'Relationship' 不屬於資料表 RelativesInCompany。

2019-10-05 10:00:41::資料行 'Relationship' 不屬於資料表 RelativesInCompany。

2019-10-05 13:41:00::連接未關閉。連接目前的狀態為連接中。

2019-10-05 13:41:00::連接未關閉。連接目前的狀態為連接中。

2019-10-05 13:41:00::連接未關閉。連接目前的狀態為連接中。

2019-10-05 13:41:00::並未將物件參考設定為物件的執行個體。

2019-10-05 13:41:00::並未將物件參考設定為物件的執行個體。

2019-10-05 13:41:00::並未將物件參考設定為物件的執行個體。

2019-10-05 13:41:00::並未將物件參考設定為物件的執行個體。

2019-10-05 13:41:00::並未將物件參考設定為物件的執行個體。

