2019-10-14 09:19:14::ExecuteReader 必須有開啟與可用的 Connection。連接目前的狀態為連接中。

2019-10-14 09:19:14::並未將物件參考設定為物件的執行個體。

2019-10-14 14:14:59::ExecuteReader 必須有開啟與可用的 Connection。連接目前的狀態為開啟。

2019-10-14 14:14:59::ExecuteReader 必須有開啟與可用的 Connection。連接目前的狀態為開啟。

2019-10-14 14:14:59::並未將物件參考設定為物件的執行個體。

2019-10-14 14:14:59::並未將物件參考設定為物件的執行個體。

2019-10-14 14:15:29::並未將物件參考設定為物件的執行個體。

2019-10-14 14:28:30::並未將物件參考設定為物件的執行個體。

2019-10-14 14:28:30::作業無效。已經關閉連接。

2019-10-14 14:28:30::並未將物件參考設定為物件的執行個體。

2019-10-14 14:28:31::當讀取器關閉時嘗試呼叫 MetaData 無效。

2019-10-14 14:28:31::並未將物件參考設定為物件的執行個體。

2019-10-14 14:28:31::ExecuteReader 必須有開啟與可用的 Connection。連接目前的狀態為開啟。

2019-10-14 14:28:31::並未將物件參考設定為物件的執行個體。

2019-10-14 14:28:31::ExecuteReader 必須有開啟與可用的 Connection。連接目前的狀態為開啟。

2019-10-14 14:28:31::並未將物件參考設定為物件的執行個體。

2019-10-14 14:28:31::ExecuteReader 必須有開啟與可用的 Connection。連接目前的狀態為開啟。

2019-10-14 14:28:31::並未將物件參考設定為物件的執行個體。

2019-10-14 14:28:31::ExecuteReader 必須有開啟與可用的 Connection。連接目前的狀態為開啟。

2019-10-14 14:28:31::並未將物件參考設定為物件的執行個體。

2019-10-14 14:28:31::ExecuteReader 必須有開啟與可用的 Connection。連接目前的狀態為開啟。

2019-10-14 14:28:31::並未將物件參考設定為物件的執行個體。

2019-10-14 14:28:31::ExecuteReader 必須有開啟與可用的 Connection。連接目前的狀態為開啟。

2019-10-14 14:28:31::並未將物件參考設定為物件的執行個體。

2019-10-14 14:28:31::ExecuteReader 必須有開啟與可用的 Connection。連接目前的狀態為開啟。

2019-10-14 14:28:31::並未將物件參考設定為物件的執行個體。

2019-10-14 14:28:31::ExecuteReader 必須有開啟與可用的 Connection。連接目前的狀態為開啟。

2019-10-14 14:28:31::並未將物件參考設定為物件的執行個體。

2019-10-14 14:28:31::ExecuteReader 必須有開啟與可用的 Connection。連接目前的狀態為開啟。

2019-10-14 14:28:31::並未將物件參考設定為物件的執行個體。

2019-10-14 14:28:31::ExecuteReader 必須有開啟與可用的 Connection。連接目前的狀態為開啟。

2019-10-14 14:28:31::並未將物件參考設定為物件的執行個體。

2019-10-14 14:28:31::ExecuteReader 必須有開啟與可用的 Connection。連接目前的狀態為開啟。

2019-10-14 14:28:31::並未將物件參考設定為物件的執行個體。

2019-10-14 14:28:31::ExecuteReader 必須有開啟與可用的 Connection。連接目前的狀態為開啟。

2019-10-14 14:28:31::並未將物件參考設定為物件的執行個體。

2019-10-14 14:28:31::ExecuteReader 必須有開啟與可用的 Connection。連接目前的狀態為開啟。

2019-10-14 14:28:31::並未將物件參考設定為物件的執行個體。

2019-10-14 14:28:31::ExecuteReader 必須有開啟與可用的 Connection。連接目前的狀態為開啟。

2019-10-14 14:28:31::並未將物件參考設定為物件的執行個體。

2019-10-14 14:28:31::ExecuteReader 必須有開啟與可用的 Connection。連接目前的狀態為開啟。

2019-10-14 14:28:31::並未將物件參考設定為物件的執行個體。

2019-10-14 14:28:31::ExecuteReader 必須有開啟與可用的 Connection。連接目前的狀態為開啟。

2019-10-14 14:28:31::並未將物件參考設定為物件的執行個體。

2019-10-14 14:28:31::ExecuteReader 必須有開啟與可用的 Connection。連接目前的狀態為開啟。

2019-10-14 14:28:31::並未將物件參考設定為物件的執行個體。

2019-10-14 14:28:31::ExecuteReader 必須有開啟與可用的 Connection。連接目前的狀態為開啟。

2019-10-14 14:28:31::並未將物件參考設定為物件的執行個體。

2019-10-14 14:28:31::ExecuteReader 必須有開啟與可用的 Connection。連接目前的狀態為開啟。

2019-10-14 14:28:31::並未將物件參考設定為物件的執行個體。

2019-10-14 14:28:31::ExecuteReader 必須有開啟與可用的 Connection。連接目前的狀態為開啟。

2019-10-14 14:28:31::並未將物件參考設定為物件的執行個體。

2019-10-14 14:28:31::ExecuteReader 必須有開啟與可用的 Connection。連接目前的狀態為開啟。

2019-10-14 14:28:31::並未將物件參考設定為物件的執行個體。

2019-10-14 14:28:31::ExecuteReader 必須有開啟與可用的 Connection。連接目前的狀態為開啟。

2019-10-14 14:28:31::並未將物件參考設定為物件的執行個體。

2019-10-14 14:28:31::ExecuteReader 必須有開啟與可用的 Connection。連接目前的狀態為開啟。

2019-10-14 14:28:31::並未將物件參考設定為物件的執行個體。

2019-10-14 14:28:31::ExecuteReader 必須有開啟與可用的 Connection。連接目前的狀態為開啟。

2019-10-14 14:28:31::並未將物件參考設定為物件的執行個體。

2019-10-14 14:28:31::ExecuteReader 必須有開啟與可用的 Connection。連接目前的狀態為開啟。

2019-10-14 14:28:31::並未將物件參考設定為物件的執行個體。

2019-10-14 14:28:31::ExecuteReader 必須有開啟與可用的 Connection。連接目前的狀態為開啟。

2019-10-14 14:28:31::並未將物件參考設定為物件的執行個體。

2019-10-14 14:28:32::ExecuteReader 必須有開啟與可用的 Connection。連接目前的狀態為開啟。

2019-10-14 14:28:32::並未將物件參考設定為物件的執行個體。

2019-10-14 14:28:32::ExecuteReader 必須有開啟與可用的 Connection。連接目前的狀態為開啟。

2019-10-14 14:28:32::ExecuteReader 必須有開啟與可用的 Connection。連接目前的狀態為開啟。

2019-10-14 14:28:32::並未將物件參考設定為物件的執行個體。

2019-10-14 14:28:32::並未將物件參考設定為物件的執行個體。

2019-10-14 14:28:32::ExecuteReader 必須有開啟與可用的 Connection。連接目前的狀態為開啟。

2019-10-14 14:28:32::並未將物件參考設定為物件的執行個體。

2019-10-14 14:28:32::ExecuteReader 必須有開啟與可用的 Connection。連接目前的狀態為開啟。

2019-10-14 14:28:32::並未將物件參考設定為物件的執行個體。

2019-10-14 14:28:32::ExecuteReader 必須有開啟與可用的 Connection。連接目前的狀態為開啟。

2019-10-14 14:28:32::並未將物件參考設定為物件的執行個體。

2019-10-14 14:28:36::ExecuteReader 必須有開啟與可用的 Connection。連接目前的狀態為開啟。

2019-10-14 14:28:36::並未將物件參考設定為物件的執行個體。

2019-10-14 14:28:36::ExecuteReader 必須有開啟與可用的 Connection。連接目前的狀態為開啟。

2019-10-14 14:28:36::並未將物件參考設定為物件的執行個體。

2019-10-14 14:28:36::ExecuteReader 必須有開啟與可用的 Connection。連接目前的狀態為開啟。

2019-10-14 14:28:36::並未將物件參考設定為物件的執行個體。

2019-10-14 14:28:36::ExecuteReader 必須有開啟與可用的 Connection。連接目前的狀態為開啟。

2019-10-14 14:28:36::並未將物件參考設定為物件的執行個體。

2019-10-14 14:28:36::ExecuteReader 必須有開啟與可用的 Connection。連接目前的狀態為開啟。

2019-10-14 14:28:36::並未將物件參考設定為物件的執行個體。

2019-10-14 14:28:36::ExecuteReader 必須有開啟與可用的 Connection。連接目前的狀態為開啟。

2019-10-14 14:28:36::並未將物件參考設定為物件的執行個體。

2019-10-14 14:28:36::ExecuteReader 必須有開啟與可用的 Connection。連接目前的狀態為開啟。

2019-10-14 14:28:36::並未將物件參考設定為物件的執行個體。

2019-10-14 14:29:01::並未將物件參考設定為物件的執行個體。

2019-10-14 14:37:00::並未將物件參考設定為物件的執行個體。

2019-10-14 14:37:00::已經開啟一個與這個 Command 相關的 DataReader，必須先將它關閉。

2019-10-14 14:37:00::並未將物件參考設定為物件的執行個體。

2019-10-14 14:37:00::已經開啟一個與這個 Command 相關的 DataReader，必須先將它關閉。

2019-10-14 14:37:00::並未將物件參考設定為物件的執行個體。

2019-10-14 14:37:00::並未將物件參考設定為物件的執行個體。

2019-10-14 15:29:16::資料行 'Gender' 不屬於資料表 Families。

2019-10-14 15:29:20::資料行 'Gender' 不屬於資料表 Families。

2019-10-14 15:30:44::資料行 'Gender' 不屬於資料表 Families。

2019-10-14 15:30:48::資料行 'Gender' 不屬於資料表 Families。

2019-10-14 15:30:50::資料行 'Gender' 不屬於資料表 Families。

2019-10-14 15:31:02::資料行 'Gender' 不屬於資料表 Families。

2019-10-14 15:31:03::資料行 'Gender' 不屬於資料表 Families。

2019-10-14 15:31:03::資料行 'Gender' 不屬於資料表 Families。

2019-10-14 15:31:03::資料行 'Gender' 不屬於資料表 Families。

2019-10-14 16:49:45::並未將物件參考設定為物件的執行個體。

2019-10-14 16:49:45::連接未關閉。連接目前的狀態為連接中。

2019-10-14 16:49:45::連接未關閉。連接目前的狀態為連接中。

2019-10-14 16:49:45::連接未關閉。連接目前的狀態為連接中。

2019-10-14 16:49:45::連接未關閉。連接目前的狀態為連接中。

2019-10-14 16:49:45::並未將物件參考設定為物件的執行個體。

2019-10-14 16:49:45::並未將物件參考設定為物件的執行個體。

2019-10-14 16:49:45::並未將物件參考設定為物件的執行個體。

2019-10-14 16:49:45::並未將物件參考設定為物件的執行個體。

2019-10-14 16:49:45::並未將物件參考設定為物件的執行個體。

2019-10-14 16:49:45::ExecuteReader 必須有開啟與可用的 Connection。連接目前的狀態為連接中。

2019-10-14 16:49:45::ExecuteReader 必須有開啟與可用的 Connection。連接目前的狀態為連接中。

2019-10-14 16:49:45::並未將物件參考設定為物件的執行個體。

2019-10-14 16:49:45::並未將物件參考設定為物件的執行個體。

2019-10-14 16:49:45::ExecuteReader 必須有開啟與可用的 Connection。連接目前的狀態為連接中。

2019-10-14 16:49:45::並未將物件參考設定為物件的執行個體。

