2019-09-03 09:09:58::並未將物件參考設定為物件的執行個體。

2019-09-03 09:09:58::並未將物件參考設定為物件的執行個體。

2019-09-03 09:09:58::連接未關閉。連接目前的狀態為連接中。

2019-09-03 09:09:58::並未將物件參考設定為物件的執行個體。

2019-09-03 09:09:58::並未將物件參考設定為物件的執行個體。

2019-09-03 09:09:58::並未將物件參考設定為物件的執行個體。

2019-09-03 09:09:58::ExecuteReader 必須有開啟與可用的 Connection。連接目前的狀態為連接中。

2019-09-03 09:09:58::並未將物件參考設定為物件的執行個體。

2019-09-03 09:09:59::ExecuteReader 必須有開啟與可用的 Connection。連接目前的狀態為連接中。

2019-09-03 09:09:59::並未將物件參考設定為物件的執行個體。

2019-09-03 14:32:56::ExecuteReader 必須有開啟與可用的 Connection。連接目前的狀態為連接中。

2019-09-03 14:32:56::並未將物件參考設定為物件的執行個體。

2019-09-03 14:33:36::ExecuteReader 必須有開啟與可用的 Connection。連接目前的狀態為開啟。

2019-09-03 14:33:36::並未將物件參考設定為物件的執行個體。

2019-09-03 14:33:36::ExecuteReader 必須有開啟與可用的 Connection。連接目前的狀態為開啟。

2019-09-03 14:33:36::並未將物件參考設定為物件的執行個體。

2019-09-03 14:33:38::ExecuteReader 必須有開啟與可用的 Connection。連接目前的狀態為開啟。

2019-09-03 14:33:38::並未將物件參考設定為物件的執行個體。

2019-09-03 14:33:39::ExecuteReader 必須有開啟與可用的 Connection。連接目前的狀態為開啟。

2019-09-03 14:33:39::並未將物件參考設定為物件的執行個體。

2019-09-03 14:33:39::ExecuteReader 必須有開啟與可用的 Connection。連接目前的狀態為開啟。

2019-09-03 14:33:39::並未將物件參考設定為物件的執行個體。

2019-09-03 14:33:40::ExecuteReader 必須有開啟與可用的 Connection。連接目前的狀態為開啟。

2019-09-03 14:33:40::並未將物件參考設定為物件的執行個體。

2019-09-03 14:33:40::ExecuteReader 必須有開啟與可用的 Connection。連接目前的狀態為開啟。

2019-09-03 14:33:40::並未將物件參考設定為物件的執行個體。

2019-09-03 14:33:43::ExecuteReader 必須有開啟與可用的 Connection。連接目前的狀態為開啟。

2019-09-03 14:33:43::並未將物件參考設定為物件的執行個體。

2019-09-03 14:33:43::ExecuteReader 必須有開啟與可用的 Connection。連接目前的狀態為開啟。

2019-09-03 14:33:43::並未將物件參考設定為物件的執行個體。

2019-09-03 14:33:43::ExecuteReader 必須有開啟與可用的 Connection。連接目前的狀態為開啟。

2019-09-03 14:33:43::並未將物件參考設定為物件的執行個體。

2019-09-03 14:33:45::ExecuteReader 必須有開啟與可用的 Connection。連接目前的狀態為開啟。

2019-09-03 14:33:45::並未將物件參考設定為物件的執行個體。

2019-09-03 14:33:47::ExecuteReader 必須有開啟與可用的 Connection。連接目前的狀態為開啟。

2019-09-03 14:33:47::並未將物件參考設定為物件的執行個體。

2019-09-03 14:33:47::ExecuteReader 必須有開啟與可用的 Connection。連接目前的狀態為開啟。

2019-09-03 14:33:47::並未將物件參考設定為物件的執行個體。

2019-09-03 14:33:47::ExecuteReader 必須有開啟與可用的 Connection。連接目前的狀態為開啟。

2019-09-03 14:33:47::ExecuteReader 必須有開啟與可用的 Connection。連接目前的狀態為開啟。

2019-09-03 14:33:47::ExecuteReader 必須有開啟與可用的 Connection。連接目前的狀態為開啟。

2019-09-03 14:33:47::ExecuteReader 必須有開啟與可用的 Connection。連接目前的狀態為開啟。

2019-09-03 14:33:47::ExecuteReader 必須有開啟與可用的 Connection。連接目前的狀態為開啟。

2019-09-03 14:33:47::並未將物件參考設定為物件的執行個體。

2019-09-03 14:33:47::並未將物件參考設定為物件的執行個體。

2019-09-03 14:33:47::並未將物件參考設定為物件的執行個體。

2019-09-03 14:33:47::並未將物件參考設定為物件的執行個體。

2019-09-03 14:33:47::並未將物件參考設定為物件的執行個體。

2019-09-03 14:33:48::ExecuteReader 必須有開啟與可用的 Connection。連接目前的狀態為開啟。

2019-09-03 14:33:48::並未將物件參考設定為物件的執行個體。

2019-09-03 14:33:48::ExecuteReader 必須有開啟與可用的 Connection。連接目前的狀態為開啟。

2019-09-03 14:33:48::並未將物件參考設定為物件的執行個體。

2019-09-03 14:33:48::ExecuteReader 必須有開啟與可用的 Connection。連接目前的狀態為開啟。

2019-09-03 14:33:48::ExecuteReader 必須有開啟與可用的 Connection。連接目前的狀態為開啟。

2019-09-03 14:33:48::並未將物件參考設定為物件的執行個體。

2019-09-03 14:33:48::並未將物件參考設定為物件的執行個體。

2019-09-03 14:33:48::ExecuteReader 必須有開啟與可用的 Connection。連接目前的狀態為開啟。

2019-09-03 14:33:48::並未將物件參考設定為物件的執行個體。

2019-09-03 14:33:48::ExecuteReader 必須有開啟與可用的 Connection。連接目前的狀態為開啟。

2019-09-03 14:33:48::並未將物件參考設定為物件的執行個體。

2019-09-03 14:33:48::ExecuteReader 必須有開啟與可用的 Connection。連接目前的狀態為開啟。

2019-09-03 14:33:48::ExecuteReader 必須有開啟與可用的 Connection。連接目前的狀態為開啟。

2019-09-03 14:33:48::並未將物件參考設定為物件的執行個體。

2019-09-03 14:33:48::並未將物件參考設定為物件的執行個體。

2019-09-03 14:33:48::ExecuteReader 必須有開啟與可用的 Connection。連接目前的狀態為開啟。

2019-09-03 14:33:48::並未將物件參考設定為物件的執行個體。

2019-09-03 14:33:49::ExecuteReader 必須有開啟與可用的 Connection。連接目前的狀態為開啟。

2019-09-03 14:33:49::並未將物件參考設定為物件的執行個體。

2019-09-03 14:33:50::ExecuteReader 必須有開啟與可用的 Connection。連接目前的狀態為開啟。

2019-09-03 14:33:50::並未將物件參考設定為物件的執行個體。

2019-09-03 14:33:51::ExecuteReader 必須有開啟與可用的 Connection。連接目前的狀態為開啟。

2019-09-03 14:33:51::並未將物件參考設定為物件的執行個體。

2019-09-03 14:33:51::ExecuteReader 必須有開啟與可用的 Connection。連接目前的狀態為開啟。

2019-09-03 14:33:51::並未將物件參考設定為物件的執行個體。

2019-09-03 14:33:55::ExecuteReader 必須有開啟與可用的 Connection。連接目前的狀態為開啟。

2019-09-03 14:33:55::並未將物件參考設定為物件的執行個體。

2019-09-03 14:33:56::ExecuteReader 必須有開啟與可用的 Connection。連接目前的狀態為開啟。

2019-09-03 14:33:56::並未將物件參考設定為物件的執行個體。

2019-09-03 14:33:56::ExecuteReader 必須有開啟與可用的 Connection。連接目前的狀態為開啟。

2019-09-03 14:33:56::並未將物件參考設定為物件的執行個體。

2019-09-03 14:33:57::ExecuteReader 必須有開啟與可用的 Connection。連接目前的狀態為開啟。

2019-09-03 14:33:57::並未將物件參考設定為物件的執行個體。

2019-09-03 14:33:57::ExecuteReader 必須有開啟與可用的 Connection。連接目前的狀態為開啟。

2019-09-03 14:33:57::並未將物件參考設定為物件的執行個體。

2019-09-03 14:33:59::ExecuteReader 必須有開啟與可用的 Connection。連接目前的狀態為開啟。

2019-09-03 14:33:59::並未將物件參考設定為物件的執行個體。

2019-09-03 14:33:59::ExecuteReader 必須有開啟與可用的 Connection。連接目前的狀態為開啟。

2019-09-03 14:33:59::並未將物件參考設定為物件的執行個體。

2019-09-03 14:33:59::ExecuteReader 必須有開啟與可用的 Connection。連接目前的狀態為開啟。

2019-09-03 14:33:59::並未將物件參考設定為物件的執行個體。

2019-09-03 14:33:59::ExecuteReader 必須有開啟與可用的 Connection。連接目前的狀態為開啟。

2019-09-03 14:33:59::並未將物件參考設定為物件的執行個體。

2019-09-03 14:33:59::ExecuteReader 必須有開啟與可用的 Connection。連接目前的狀態為開啟。

2019-09-03 14:33:59::並未將物件參考設定為物件的執行個體。

2019-09-03 14:33:59::ExecuteReader 必須有開啟與可用的 Connection。連接目前的狀態為開啟。

2019-09-03 14:33:59::並未將物件參考設定為物件的執行個體。

2019-09-03 14:34:03::並未將物件參考設定為物件的執行個體。

2019-09-03 17:03:55::ExecuteReader 必須有開啟與可用的 Connection。連接目前的狀態為連接中。

2019-09-03 17:03:55::並未將物件參考設定為物件的執行個體。

2019-09-03 17:09:44::資料行 'Relationship' 不屬於資料表 RelativesInCompany。

2019-09-03 17:09:47::資料行 'Relationship' 不屬於資料表 RelativesInCompany。

2019-09-03 17:10:09::資料行 'Relationship' 不屬於資料表 RelativesInCompany。

2019-09-03 17:10:16::資料行 'Relationship' 不屬於資料表 RelativesInCompany。

2019-09-03 17:10:19::資料行 'Relationship' 不屬於資料表 RelativesInCompany。

2019-09-03 17:10:27::資料行 'Relationship' 不屬於資料表 RelativesInCompany。

2019-09-03 17:10:31::資料行 'Relationship' 不屬於資料表 RelativesInCompany。

2019-09-03 17:10:35::資料行 'Relationship' 不屬於資料表 RelativesInCompany。

2019-09-03 17:10:53::資料行 'Relationship' 不屬於資料表 RelativesInCompany。

2019-09-03 17:10:54::資料行 'Relationship' 不屬於資料表 RelativesInCompany。

2019-09-03 17:10:54::資料行 'Relationship' 不屬於資料表 RelativesInCompany。

2019-09-03 17:11:10::資料行 'Relationship' 不屬於資料表 RelativesInCompany。

2019-09-03 17:11:13::資料行 'Relationship' 不屬於資料表 RelativesInCompany。

2019-09-03 17:11:16::資料行 'Relationship' 不屬於資料表 RelativesInCompany。

2019-09-03 17:11:19::資料行 'Relationship' 不屬於資料表 RelativesInCompany。

2019-09-03 17:11:20::資料行 'Relationship' 不屬於資料表 RelativesInCompany。

2019-09-03 17:11:20::資料行 'Relationship' 不屬於資料表 RelativesInCompany。

2019-09-03 17:11:20::資料行 'Relationship' 不屬於資料表 RelativesInCompany。

2019-09-03 17:11:21::資料行 'Relationship' 不屬於資料表 RelativesInCompany。

2019-09-03 17:11:21::資料行 'Relationship' 不屬於資料表 RelativesInCompany。

2019-09-03 17:11:21::資料行 'Relationship' 不屬於資料表 RelativesInCompany。

2019-09-03 17:11:21::資料行 'Relationship' 不屬於資料表 RelativesInCompany。

2019-09-03 17:11:27::資料行 'Relationship' 不屬於資料表 RelativesInCompany。

2019-09-03 17:11:32::資料行 'Relationship' 不屬於資料表 RelativesInCompany。

2019-09-03 17:11:34::資料行 'Relationship' 不屬於資料表 RelativesInCompany。

2019-09-03 17:11:35::資料行 'Relationship' 不屬於資料表 RelativesInCompany。

2019-09-03 17:11:36::資料行 'Relationship' 不屬於資料表 RelativesInCompany。

2019-09-03 17:11:36::資料行 'Relationship' 不屬於資料表 RelativesInCompany。

2019-09-03 17:12:33::資料行 'Relationship' 不屬於資料表 RelativesInCompany。

2019-09-03 17:12:37::資料行 'Relationship' 不屬於資料表 RelativesInCompany。

2019-09-03 17:38:40::資料行 'Relationship' 不屬於資料表 RelativesInCompany。

2019-09-03 17:38:44::資料行 'Relationship' 不屬於資料表 RelativesInCompany。

2019-09-03 17:38:45::資料行 'Relationship' 不屬於資料表 RelativesInCompany。

2019-09-03 17:38:46::資料行 'Relationship' 不屬於資料表 RelativesInCompany。

2019-09-03 17:38:47::資料行 'Relationship' 不屬於資料表 RelativesInCompany。

2019-09-03 17:38:48::資料行 'Relationship' 不屬於資料表 RelativesInCompany。

2019-09-03 17:38:54::資料行 'Relationship' 不屬於資料表 RelativesInCompany。

2019-09-03 17:38:58::資料行 'Relationship' 不屬於資料表 RelativesInCompany。

2019-09-03 17:38:59::資料行 'Relationship' 不屬於資料表 RelativesInCompany。

2019-09-03 17:38:59::資料行 'Relationship' 不屬於資料表 RelativesInCompany。

2019-09-03 17:38:59::資料行 'Relationship' 不屬於資料表 RelativesInCompany。

2019-09-03 17:38:59::資料行 'Relationship' 不屬於資料表 RelativesInCompany。

2019-09-03 17:39:00::資料行 'Relationship' 不屬於資料表 RelativesInCompany。

2019-09-03 17:39:00::資料行 'Relationship' 不屬於資料表 RelativesInCompany。

2019-09-03 17:39:00::資料行 'Relationship' 不屬於資料表 RelativesInCompany。

2019-09-03 17:39:00::資料行 'Relationship' 不屬於資料表 RelativesInCompany。

2019-09-03 17:39:00::資料行 'Relationship' 不屬於資料表 RelativesInCompany。

2019-09-03 17:39:01::資料行 'Relationship' 不屬於資料表 RelativesInCompany。

2019-09-03 17:39:03::資料行 'Relationship' 不屬於資料表 RelativesInCompany。

