2020-07-02 08:31:46::並未將物件參考設定為物件的執行個體。

2020-07-02 08:31:46::連接未關閉。連接目前的狀態為連接中。

2020-07-02 08:31:46::並未將物件參考設定為物件的執行個體。

2020-07-02 08:31:46::並未將物件參考設定為物件的執行個體。

2020-07-02 11:43:02::並未將物件參考設定為物件的執行個體。

2020-07-02 11:43:02::並未將物件參考設定為物件的執行個體。

2020-07-02 15:46:17::ExecuteReader 必須有開啟與可用的 Connection。連接目前的狀態為開啟。

2020-07-02 15:46:17::ExecuteReader 必須有開啟與可用的 Connection。連接目前的狀態為開啟。

2020-07-02 15:46:17::ExecuteReader 必須有開啟與可用的 Connection。連接目前的狀態為開啟。

2020-07-02 15:46:17::ExecuteReader 必須有開啟與可用的 Connection。連接目前的狀態為連接中。

2020-07-02 15:46:17::並未將物件參考設定為物件的執行個體。

2020-07-02 15:46:17::並未將物件參考設定為物件的執行個體。

2020-07-02 15:46:17::並未將物件參考設定為物件的執行個體。

2020-07-02 15:46:17::並未將物件參考設定為物件的執行個體。

2020-07-02 15:46:17::ExecuteReader 必須有開啟與可用的 Connection。連接目前的狀態為開啟。

2020-07-02 15:46:17::並未將物件參考設定為物件的執行個體。

2020-07-02 15:46:17::ExecuteReader 必須有開啟與可用的 Connection。連接目前的狀態為開啟。

2020-07-02 15:46:17::並未將物件參考設定為物件的執行個體。

2020-07-02 15:46:17::ExecuteReader 必須有開啟與可用的 Connection。連接目前的狀態為開啟。

2020-07-02 15:46:17::並未將物件參考設定為物件的執行個體。

2020-07-02 15:46:17::ExecuteReader 必須有開啟與可用的 Connection。連接目前的狀態為開啟。

2020-07-02 15:46:17::並未將物件參考設定為物件的執行個體。

2020-07-02 15:46:17::ExecuteReader 必須有開啟與可用的 Connection。連接目前的狀態為開啟。

2020-07-02 15:46:17::並未將物件參考設定為物件的執行個體。

2020-07-02 15:46:17::ExecuteReader 必須有開啟與可用的 Connection。連接目前的狀態為開啟。

2020-07-02 15:46:17::並未將物件參考設定為物件的執行個體。

2020-07-02 15:46:20::ExecuteReader 必須有開啟與可用的 Connection。連接目前的狀態為開啟。

2020-07-02 15:46:20::並未將物件參考設定為物件的執行個體。

2020-07-02 15:46:28::ExecuteReader 必須有開啟與可用的 Connection。連接目前的狀態為開啟。

2020-07-02 15:46:28::並未將物件參考設定為物件的執行個體。

2020-07-02 15:46:28::ExecuteReader 必須有開啟與可用的 Connection。連接目前的狀態為開啟。

2020-07-02 15:46:28::並未將物件參考設定為物件的執行個體。

2020-07-02 15:46:45::並未將物件參考設定為物件的執行個體。

2020-07-02 15:47:18::並未將物件參考設定為物件的執行個體。

2020-07-02 15:47:18::ExecuteReader 必須有開啟與可用的 Connection。連接目前的狀態為開啟。

2020-07-02 15:47:18::作業無效。已經關閉連接。

2020-07-02 15:47:18::並未將物件參考設定為物件的執行個體。

2020-07-02 15:47:18::並未將物件參考設定為物件的執行個體。

2020-07-02 15:47:18::ExecuteReader 必須有開啟與可用的 Connection。連接目前的狀態為開啟。

2020-07-02 15:47:18::並未將物件參考設定為物件的執行個體。

2020-07-02 15:47:48::並未將物件參考設定為物件的執行個體。

