2020-11-07 09:42:52::ExecuteReader 必須有開啟與可用的 Connection。連接目前的狀態為開啟。

2020-11-07 09:42:52::並未將物件參考設定為物件的執行個體。

2020-11-07 09:42:52::ExecuteReader 必須有開啟與可用的 Connection。連接目前的狀態為開啟。

2020-11-07 09:42:52::並未將物件參考設定為物件的執行個體。

2020-11-07 09:42:52::ExecuteReader 必須有開啟與可用的 Connection。連接目前的狀態為開啟。

2020-11-07 09:42:52::並未將物件參考設定為物件的執行個體。

2020-11-07 09:42:58::ExecuteReader 必須有開啟與可用的 Connection。連接目前的狀態為開啟。

2020-11-07 09:42:58::並未將物件參考設定為物件的執行個體。

2020-11-07 09:42:59::ExecuteReader 必須有開啟與可用的 Connection。連接目前的狀態為開啟。

2020-11-07 09:42:59::並未將物件參考設定為物件的執行個體。

2020-11-07 09:42:59::ExecuteReader 必須有開啟與可用的 Connection。連接目前的狀態為開啟。

2020-11-07 09:42:59::並未將物件參考設定為物件的執行個體。

2020-11-07 09:43:00::ExecuteReader 必須有開啟與可用的 Connection。連接目前的狀態為開啟。

2020-11-07 09:43:00::ExecuteReader 必須有開啟與可用的 Connection。連接目前的狀態為開啟。

2020-11-07 09:43:00::並未將物件參考設定為物件的執行個體。

2020-11-07 09:43:00::並未將物件參考設定為物件的執行個體。

2020-11-07 09:43:00::ExecuteReader 必須有開啟與可用的 Connection。連接目前的狀態為開啟。

2020-11-07 09:43:00::並未將物件參考設定為物件的執行個體。

2020-11-07 09:43:00::ExecuteReader 必須有開啟與可用的 Connection。連接目前的狀態為開啟。

2020-11-07 09:43:00::並未將物件參考設定為物件的執行個體。

2020-11-07 09:43:00::ExecuteReader 必須有開啟與可用的 Connection。連接目前的狀態為開啟。

2020-11-07 09:43:00::並未將物件參考設定為物件的執行個體。

2020-11-07 09:43:00::ExecuteReader 必須有開啟與可用的 Connection。連接目前的狀態為開啟。

2020-11-07 09:43:00::並未將物件參考設定為物件的執行個體。

2020-11-07 09:43:01::ExecuteReader 必須有開啟與可用的 Connection。連接目前的狀態為開啟。

2020-11-07 09:43:01::並未將物件參考設定為物件的執行個體。

2020-11-07 09:43:01::ExecuteReader 必須有開啟與可用的 Connection。連接目前的狀態為開啟。

2020-11-07 09:43:01::並未將物件參考設定為物件的執行個體。

2020-11-07 09:43:01::ExecuteReader 必須有開啟與可用的 Connection。連接目前的狀態為開啟。

2020-11-07 09:43:01::並未將物件參考設定為物件的執行個體。

2020-11-07 09:43:01::ExecuteReader 必須有開啟與可用的 Connection。連接目前的狀態為開啟。

2020-11-07 09:43:01::並未將物件參考設定為物件的執行個體。

2020-11-07 09:43:02::ExecuteReader 必須有開啟與可用的 Connection。連接目前的狀態為開啟。

2020-11-07 09:43:02::並未將物件參考設定為物件的執行個體。

2020-11-07 09:43:08::ExecuteReader 必須有開啟與可用的 Connection。連接目前的狀態為開啟。

2020-11-07 09:43:08::並未將物件參考設定為物件的執行個體。

2020-11-07 09:43:08::ExecuteReader 必須有開啟與可用的 Connection。連接目前的狀態為開啟。

2020-11-07 09:43:08::並未將物件參考設定為物件的執行個體。

2020-11-07 09:43:08::ExecuteReader 必須有開啟與可用的 Connection。連接目前的狀態為開啟。

2020-11-07 09:43:08::並未將物件參考設定為物件的執行個體。

2020-11-07 09:43:08::ExecuteReader 必須有開啟與可用的 Connection。連接目前的狀態為開啟。

2020-11-07 09:43:08::並未將物件參考設定為物件的執行個體。

2020-11-07 09:43:08::ExecuteReader 必須有開啟與可用的 Connection。連接目前的狀態為開啟。

2020-11-07 09:43:08::並未將物件參考設定為物件的執行個體。

2020-11-07 09:43:08::ExecuteReader 必須有開啟與可用的 Connection。連接目前的狀態為開啟。

2020-11-07 09:43:08::並未將物件參考設定為物件的執行個體。

2020-11-07 09:43:08::ExecuteReader 必須有開啟與可用的 Connection。連接目前的狀態為開啟。

2020-11-07 09:43:08::並未將物件參考設定為物件的執行個體。

2020-11-07 09:43:09::ExecuteReader 必須有開啟與可用的 Connection。連接目前的狀態為開啟。

2020-11-07 09:43:09::並未將物件參考設定為物件的執行個體。

2020-11-07 09:43:09::ExecuteReader 必須有開啟與可用的 Connection。連接目前的狀態為開啟。

2020-11-07 09:43:09::並未將物件參考設定為物件的執行個體。

2020-11-07 09:43:16::ExecuteReader 必須有開啟與可用的 Connection。連接目前的狀態為開啟。

2020-11-07 09:43:16::並未將物件參考設定為物件的執行個體。

2020-11-07 09:43:16::ExecuteReader 必須有開啟與可用的 Connection。連接目前的狀態為開啟。

2020-11-07 09:43:16::並未將物件參考設定為物件的執行個體。

2020-11-07 09:43:16::ExecuteReader 必須有開啟與可用的 Connection。連接目前的狀態為開啟。

2020-11-07 09:43:16::並未將物件參考設定為物件的執行個體。

2020-11-07 09:43:18::ExecuteReader 必須有開啟與可用的 Connection。連接目前的狀態為開啟。

2020-11-07 09:43:18::並未將物件參考設定為物件的執行個體。

2020-11-07 09:43:19::ExecuteReader 必須有開啟與可用的 Connection。連接目前的狀態為開啟。

2020-11-07 09:43:19::並未將物件參考設定為物件的執行個體。

2020-11-07 09:43:19::ExecuteReader 必須有開啟與可用的 Connection。連接目前的狀態為開啟。

2020-11-07 09:43:19::並未將物件參考設定為物件的執行個體。

2020-11-07 09:43:20::ExecuteReader 必須有開啟與可用的 Connection。連接目前的狀態為開啟。

2020-11-07 09:43:20::並未將物件參考設定為物件的執行個體。

2020-11-07 09:43:20::ExecuteReader 必須有開啟與可用的 Connection。連接目前的狀態為開啟。

2020-11-07 09:43:20::並未將物件參考設定為物件的執行個體。

2020-11-07 09:43:21::ExecuteReader 必須有開啟與可用的 Connection。連接目前的狀態為開啟。

2020-11-07 09:43:21::並未將物件參考設定為物件的執行個體。

2020-11-07 09:43:21::並未將物件參考設定為物件的執行個體。

2020-11-07 19:44:52::資料行 'Relationship' 不屬於資料表 RelativesInCompany。

2020-11-07 19:44:56::資料行 'Relationship' 不屬於資料表 RelativesInCompany。

2020-11-07 19:45:02::資料行 'Relationship' 不屬於資料表 RelativesInCompany。

2020-11-07 19:45:03::資料行 'Relationship' 不屬於資料表 RelativesInCompany。

2020-11-07 19:45:04::資料行 'Relationship' 不屬於資料表 RelativesInCompany。

2020-11-07 19:45:05::資料行 'Relationship' 不屬於資料表 RelativesInCompany。

2020-11-07 19:45:05::資料行 'Relationship' 不屬於資料表 RelativesInCompany。

2020-11-07 19:45:06::資料行 'Relationship' 不屬於資料表 RelativesInCompany。

2020-11-07 19:45:06::資料行 'Relationship' 不屬於資料表 RelativesInCompany。

2020-11-07 22:48:05::資料來源的型別 String 指定值無法轉換成指定目標資料行的型別 nvarchar。

2020-11-07 22:48:05::資料來源的型別 String 指定值無法轉換成指定目標資料行的型別 nvarchar。

2020-11-07 22:48:08::資料來源的型別 String 指定值無法轉換成指定目標資料行的型別 nvarchar。

2020-11-07 22:48:08::資料來源的型別 String 指定值無法轉換成指定目標資料行的型別 nvarchar。

2020-11-07 22:48:20::資料來源的型別 String 指定值無法轉換成指定目標資料行的型別 nvarchar。

2020-11-07 22:48:20::資料來源的型別 String 指定值無法轉換成指定目標資料行的型別 nvarchar。

2020-11-07 22:48:27::資料來源的型別 String 指定值無法轉換成指定目標資料行的型別 nvarchar。

2020-11-07 22:48:27::資料來源的型別 String 指定值無法轉換成指定目標資料行的型別 nvarchar。

2020-11-07 22:48:35::資料來源的型別 String 指定值無法轉換成指定目標資料行的型別 nvarchar。

2020-11-07 22:48:35::資料來源的型別 String 指定值無法轉換成指定目標資料行的型別 nvarchar。

2020-11-07 22:48:35::資料來源的型別 String 指定值無法轉換成指定目標資料行的型別 nvarchar。

2020-11-07 22:48:35::資料來源的型別 String 指定值無法轉換成指定目標資料行的型別 nvarchar。

2020-11-07 22:48:35::資料來源的型別 String 指定值無法轉換成指定目標資料行的型別 nvarchar。

2020-11-07 22:48:35::資料來源的型別 String 指定值無法轉換成指定目標資料行的型別 nvarchar。

2020-11-07 22:48:35::資料來源的型別 String 指定值無法轉換成指定目標資料行的型別 nvarchar。

2020-11-07 22:48:35::資料來源的型別 String 指定值無法轉換成指定目標資料行的型別 nvarchar。

2020-11-07 22:48:38::資料來源的型別 String 指定值無法轉換成指定目標資料行的型別 nvarchar。

2020-11-07 22:48:38::資料來源的型別 String 指定值無法轉換成指定目標資料行的型別 nvarchar。

2020-11-07 22:48:38::資料來源的型別 String 指定值無法轉換成指定目標資料行的型別 nvarchar。

2020-11-07 22:48:38::資料來源的型別 String 指定值無法轉換成指定目標資料行的型別 nvarchar。

2020-11-07 22:48:38::資料來源的型別 String 指定值無法轉換成指定目標資料行的型別 nvarchar。

2020-11-07 22:48:38::資料來源的型別 String 指定值無法轉換成指定目標資料行的型別 nvarchar。

2020-11-07 22:48:38::資料來源的型別 String 指定值無法轉換成指定目標資料行的型別 nvarchar。

2020-11-07 22:48:38::資料來源的型別 String 指定值無法轉換成指定目標資料行的型別 nvarchar。

2020-11-07 22:48:39::資料來源的型別 String 指定值無法轉換成指定目標資料行的型別 nvarchar。

2020-11-07 22:48:39::資料來源的型別 String 指定值無法轉換成指定目標資料行的型別 nvarchar。

2020-11-07 22:48:39::資料來源的型別 String 指定值無法轉換成指定目標資料行的型別 nvarchar。

2020-11-07 22:48:39::資料來源的型別 String 指定值無法轉換成指定目標資料行的型別 nvarchar。

2020-11-07 22:48:39::資料來源的型別 String 指定值無法轉換成指定目標資料行的型別 nvarchar。

2020-11-07 22:48:39::資料來源的型別 String 指定值無法轉換成指定目標資料行的型別 nvarchar。

2020-11-07 22:48:39::並未將物件參考設定為物件的執行個體。

2020-11-07 22:48:39::作業無效。已經關閉連接。

2020-11-07 22:48:39::並未將物件參考設定為物件的執行個體。

2020-11-07 22:48:44::資料來源的型別 String 指定值無法轉換成指定目標資料行的型別 nvarchar。

2020-11-07 22:48:44::資料來源的型別 String 指定值無法轉換成指定目標資料行的型別 nvarchar。

2020-11-07 22:49:11::資料來源的型別 String 指定值無法轉換成指定目標資料行的型別 nvarchar。

2020-11-07 22:49:11::資料來源的型別 String 指定值無法轉換成指定目標資料行的型別 nvarchar。

2020-11-07 22:49:12::資料來源的型別 String 指定值無法轉換成指定目標資料行的型別 nvarchar。

2020-11-07 22:49:12::資料來源的型別 String 指定值無法轉換成指定目標資料行的型別 nvarchar。

2020-11-07 22:50:40::資料來源的型別 String 指定值無法轉換成指定目標資料行的型別 nvarchar。

2020-11-07 22:50:40::資料來源的型別 String 指定值無法轉換成指定目標資料行的型別 nvarchar。

2020-11-07 22:50:48::資料來源的型別 String 指定值無法轉換成指定目標資料行的型別 nvarchar。

2020-11-07 22:50:48::資料來源的型別 String 指定值無法轉換成指定目標資料行的型別 nvarchar。

2020-11-07 22:51:01::資料來源的型別 String 指定值無法轉換成指定目標資料行的型別 nvarchar。

2020-11-07 22:51:01::資料來源的型別 String 指定值無法轉換成指定目標資料行的型別 nvarchar。

2020-11-07 22:51:12::資料來源的型別 String 指定值無法轉換成指定目標資料行的型別 nvarchar。

2020-11-07 22:51:12::資料來源的型別 String 指定值無法轉換成指定目標資料行的型別 nvarchar。

2020-11-07 22:51:12::資料來源的型別 String 指定值無法轉換成指定目標資料行的型別 nvarchar。

2020-11-07 22:51:12::資料來源的型別 String 指定值無法轉換成指定目標資料行的型別 nvarchar。

2020-11-07 22:51:12::資料來源的型別 String 指定值無法轉換成指定目標資料行的型別 nvarchar。

2020-11-07 22:51:12::資料來源的型別 String 指定值無法轉換成指定目標資料行的型別 nvarchar。

2020-11-07 22:51:12::資料來源的型別 String 指定值無法轉換成指定目標資料行的型別 nvarchar。

2020-11-07 22:51:12::資料來源的型別 String 指定值無法轉換成指定目標資料行的型別 nvarchar。

2020-11-07 22:51:13::資料來源的型別 String 指定值無法轉換成指定目標資料行的型別 nvarchar。

2020-11-07 22:51:13::資料來源的型別 String 指定值無法轉換成指定目標資料行的型別 nvarchar。

2020-11-07 22:56:01::資料來源的型別 String 指定值無法轉換成指定目標資料行的型別 nvarchar。

2020-11-07 22:56:01::資料來源的型別 String 指定值無法轉換成指定目標資料行的型別 nvarchar。

2020-11-07 22:57:11::資料來源的型別 String 指定值無法轉換成指定目標資料行的型別 nvarchar。

2020-11-07 22:57:11::資料來源的型別 String 指定值無法轉換成指定目標資料行的型別 nvarchar。

2020-11-07 22:58:15::資料來源的型別 String 指定值無法轉換成指定目標資料行的型別 nvarchar。

2020-11-07 22:58:15::資料來源的型別 String 指定值無法轉換成指定目標資料行的型別 nvarchar。

2020-11-07 22:59:56::資料來源的型別 String 指定值無法轉換成指定目標資料行的型別 nvarchar。

2020-11-07 22:59:56::資料來源的型別 String 指定值無法轉換成指定目標資料行的型別 nvarchar。

2020-11-07 23:00:02::資料來源的型別 String 指定值無法轉換成指定目標資料行的型別 nvarchar。

2020-11-07 23:00:02::資料來源的型別 String 指定值無法轉換成指定目標資料行的型別 nvarchar。

2020-11-07 23:00:02::資料來源的型別 String 指定值無法轉換成指定目標資料行的型別 nvarchar。

2020-11-07 23:00:02::資料來源的型別 String 指定值無法轉換成指定目標資料行的型別 nvarchar。

2020-11-07 23:00:02::資料來源的型別 String 指定值無法轉換成指定目標資料行的型別 nvarchar。

2020-11-07 23:00:02::資料來源的型別 String 指定值無法轉換成指定目標資料行的型別 nvarchar。

2020-11-07 23:00:02::資料來源的型別 String 指定值無法轉換成指定目標資料行的型別 nvarchar。

2020-11-07 23:00:02::資料來源的型別 String 指定值無法轉換成指定目標資料行的型別 nvarchar。

2020-11-07 23:00:08::資料來源的型別 String 指定值無法轉換成指定目標資料行的型別 nvarchar。

2020-11-07 23:00:08::資料來源的型別 String 指定值無法轉換成指定目標資料行的型別 nvarchar。

2020-11-07 23:00:09::資料來源的型別 String 指定值無法轉換成指定目標資料行的型別 nvarchar。

2020-11-07 23:00:09::資料來源的型別 String 指定值無法轉換成指定目標資料行的型別 nvarchar。

2020-11-07 23:00:09::資料來源的型別 String 指定值無法轉換成指定目標資料行的型別 nvarchar。

2020-11-07 23:00:09::資料來源的型別 String 指定值無法轉換成指定目標資料行的型別 nvarchar。

2020-11-07 23:01:01::資料來源的型別 String 指定值無法轉換成指定目標資料行的型別 nvarchar。

2020-11-07 23:01:01::資料來源的型別 String 指定值無法轉換成指定目標資料行的型別 nvarchar。

2020-11-07 23:01:17::資料來源的型別 String 指定值無法轉換成指定目標資料行的型別 nvarchar。

2020-11-07 23:01:17::資料來源的型別 String 指定值無法轉換成指定目標資料行的型別 nvarchar。

2020-11-07 23:01:17::資料來源的型別 String 指定值無法轉換成指定目標資料行的型別 nvarchar。

2020-11-07 23:01:17::資料來源的型別 String 指定值無法轉換成指定目標資料行的型別 nvarchar。

2020-11-07 23:01:18::並未將物件參考設定為物件的執行個體。

2020-11-07 23:01:18::已經開啟一個與這個 Command 相關的 DataReader，必須先將它關閉。

2020-11-07 23:01:18::並未將物件參考設定為物件的執行個體。

2020-11-07 23:01:18::資料來源的型別 String 指定值無法轉換成指定目標資料行的型別 nvarchar。

2020-11-07 23:01:18::資料來源的型別 String 指定值無法轉換成指定目標資料行的型別 nvarchar。

2020-11-07 23:02:15::資料來源的型別 String 指定值無法轉換成指定目標資料行的型別 nvarchar。

2020-11-07 23:02:15::資料來源的型別 String 指定值無法轉換成指定目標資料行的型別 nvarchar。

2020-11-07 23:02:15::資料來源的型別 String 指定值無法轉換成指定目標資料行的型別 nvarchar。

2020-11-07 23:02:15::資料來源的型別 String 指定值無法轉換成指定目標資料行的型別 nvarchar。

2020-11-07 23:02:16::資料來源的型別 String 指定值無法轉換成指定目標資料行的型別 nvarchar。

2020-11-07 23:02:16::資料來源的型別 String 指定值無法轉換成指定目標資料行的型別 nvarchar。

2020-11-07 23:02:16::資料來源的型別 String 指定值無法轉換成指定目標資料行的型別 nvarchar。

2020-11-07 23:02:16::資料來源的型別 String 指定值無法轉換成指定目標資料行的型別 nvarchar。

2020-11-07 23:02:16::資料來源的型別 String 指定值無法轉換成指定目標資料行的型別 nvarchar。

2020-11-07 23:02:16::資料來源的型別 String 指定值無法轉換成指定目標資料行的型別 nvarchar。

2020-11-07 23:02:16::資料來源的型別 String 指定值無法轉換成指定目標資料行的型別 nvarchar。

2020-11-07 23:02:16::資料來源的型別 String 指定值無法轉換成指定目標資料行的型別 nvarchar。

2020-11-07 23:02:16::資料來源的型別 String 指定值無法轉換成指定目標資料行的型別 nvarchar。

2020-11-07 23:02:16::資料來源的型別 String 指定值無法轉換成指定目標資料行的型別 nvarchar。

2020-11-07 23:02:16::資料來源的型別 String 指定值無法轉換成指定目標資料行的型別 nvarchar。

2020-11-07 23:02:16::資料來源的型別 String 指定值無法轉換成指定目標資料行的型別 nvarchar。

2020-11-07 23:02:37::資料來源的型別 String 指定值無法轉換成指定目標資料行的型別 nvarchar。

2020-11-07 23:02:37::資料來源的型別 String 指定值無法轉換成指定目標資料行的型別 nvarchar。

2020-11-07 23:02:38::資料來源的型別 String 指定值無法轉換成指定目標資料行的型別 nvarchar。

2020-11-07 23:02:38::資料來源的型別 String 指定值無法轉換成指定目標資料行的型別 nvarchar。

2020-11-07 23:02:38::資料來源的型別 String 指定值無法轉換成指定目標資料行的型別 nvarchar。

2020-11-07 23:02:38::資料來源的型別 String 指定值無法轉換成指定目標資料行的型別 nvarchar。

2020-11-07 23:02:53::資料來源的型別 String 指定值無法轉換成指定目標資料行的型別 nvarchar。

2020-11-07 23:02:53::資料來源的型別 String 指定值無法轉換成指定目標資料行的型別 nvarchar。

2020-11-07 23:02:54::資料來源的型別 String 指定值無法轉換成指定目標資料行的型別 nvarchar。

2020-11-07 23:02:54::資料來源的型別 String 指定值無法轉換成指定目標資料行的型別 nvarchar。

2020-11-07 23:02:54::資料來源的型別 String 指定值無法轉換成指定目標資料行的型別 nvarchar。

2020-11-07 23:02:54::資料來源的型別 String 指定值無法轉換成指定目標資料行的型別 nvarchar。

2020-11-07 23:02:54::資料來源的型別 String 指定值無法轉換成指定目標資料行的型別 nvarchar。

2020-11-07 23:02:54::資料來源的型別 String 指定值無法轉換成指定目標資料行的型別 nvarchar。

2020-11-07 23:02:55::資料來源的型別 String 指定值無法轉換成指定目標資料行的型別 nvarchar。

2020-11-07 23:02:55::資料來源的型別 String 指定值無法轉換成指定目標資料行的型別 nvarchar。

2020-11-07 23:02:55::資料來源的型別 String 指定值無法轉換成指定目標資料行的型別 nvarchar。

2020-11-07 23:02:55::資料來源的型別 String 指定值無法轉換成指定目標資料行的型別 nvarchar。

2020-11-07 23:02:55::資料來源的型別 String 指定值無法轉換成指定目標資料行的型別 nvarchar。

2020-11-07 23:02:55::資料來源的型別 String 指定值無法轉換成指定目標資料行的型別 nvarchar。

2020-11-07 23:02:55::資料來源的型別 String 指定值無法轉換成指定目標資料行的型別 nvarchar。

2020-11-07 23:02:55::資料來源的型別 String 指定值無法轉換成指定目標資料行的型別 nvarchar。

2020-11-07 23:02:55::資料來源的型別 String 指定值無法轉換成指定目標資料行的型別 nvarchar。

2020-11-07 23:02:55::資料來源的型別 String 指定值無法轉換成指定目標資料行的型別 nvarchar。

2020-11-07 23:02:55::資料來源的型別 String 指定值無法轉換成指定目標資料行的型別 nvarchar。

2020-11-07 23:02:55::資料來源的型別 String 指定值無法轉換成指定目標資料行的型別 nvarchar。

2020-11-07 23:02:56::資料來源的型別 String 指定值無法轉換成指定目標資料行的型別 nvarchar。

2020-11-07 23:02:56::資料來源的型別 String 指定值無法轉換成指定目標資料行的型別 nvarchar。

2020-11-07 23:03:03::資料來源的型別 String 指定值無法轉換成指定目標資料行的型別 nvarchar。

2020-11-07 23:03:03::資料來源的型別 String 指定值無法轉換成指定目標資料行的型別 nvarchar。

2020-11-07 23:03:34::資料來源的型別 String 指定值無法轉換成指定目標資料行的型別 nvarchar。

2020-11-07 23:03:34::資料來源的型別 String 指定值無法轉換成指定目標資料行的型別 nvarchar。

2020-11-07 23:03:34::資料來源的型別 String 指定值無法轉換成指定目標資料行的型別 nvarchar。

2020-11-07 23:03:34::資料來源的型別 String 指定值無法轉換成指定目標資料行的型別 nvarchar。

2020-11-07 23:03:43::資料來源的型別 String 指定值無法轉換成指定目標資料行的型別 nvarchar。

2020-11-07 23:03:43::資料來源的型別 String 指定值無法轉換成指定目標資料行的型別 nvarchar。

2020-11-07 23:03:44::資料來源的型別 String 指定值無法轉換成指定目標資料行的型別 nvarchar。

2020-11-07 23:03:44::資料來源的型別 String 指定值無法轉換成指定目標資料行的型別 nvarchar。

2020-11-07 23:03:44::資料來源的型別 String 指定值無法轉換成指定目標資料行的型別 nvarchar。

2020-11-07 23:03:44::資料來源的型別 String 指定值無法轉換成指定目標資料行的型別 nvarchar。

2020-11-07 23:03:44::資料來源的型別 String 指定值無法轉換成指定目標資料行的型別 nvarchar。

2020-11-07 23:03:44::資料來源的型別 String 指定值無法轉換成指定目標資料行的型別 nvarchar。

2020-11-07 23:03:44::資料來源的型別 String 指定值無法轉換成指定目標資料行的型別 nvarchar。

2020-11-07 23:03:44::資料來源的型別 String 指定值無法轉換成指定目標資料行的型別 nvarchar。

2020-11-07 23:03:44::資料來源的型別 String 指定值無法轉換成指定目標資料行的型別 nvarchar。

2020-11-07 23:03:44::資料來源的型別 String 指定值無法轉換成指定目標資料行的型別 nvarchar。

2020-11-07 23:03:45::資料來源的型別 String 指定值無法轉換成指定目標資料行的型別 nvarchar。

2020-11-07 23:03:45::資料來源的型別 String 指定值無法轉換成指定目標資料行的型別 nvarchar。

2020-11-07 23:03:45::資料來源的型別 String 指定值無法轉換成指定目標資料行的型別 nvarchar。

2020-11-07 23:03:45::資料來源的型別 String 指定值無法轉換成指定目標資料行的型別 nvarchar。

2020-11-07 23:03:45::資料來源的型別 String 指定值無法轉換成指定目標資料行的型別 nvarchar。

2020-11-07 23:03:45::資料來源的型別 String 指定值無法轉換成指定目標資料行的型別 nvarchar。

2020-11-07 23:03:45::資料來源的型別 String 指定值無法轉換成指定目標資料行的型別 nvarchar。

2020-11-07 23:03:45::資料來源的型別 String 指定值無法轉換成指定目標資料行的型別 nvarchar。

2020-11-07 23:03:45::資料來源的型別 String 指定值無法轉換成指定目標資料行的型別 nvarchar。

2020-11-07 23:03:45::資料來源的型別 String 指定值無法轉換成指定目標資料行的型別 nvarchar。

2020-11-07 23:03:57::資料來源的型別 String 指定值無法轉換成指定目標資料行的型別 nvarchar。

2020-11-07 23:03:57::資料來源的型別 String 指定值無法轉換成指定目標資料行的型別 nvarchar。

2020-11-07 23:03:57::資料來源的型別 String 指定值無法轉換成指定目標資料行的型別 nvarchar。

2020-11-07 23:03:57::資料來源的型別 String 指定值無法轉換成指定目標資料行的型別 nvarchar。

2020-11-07 23:03:58::資料來源的型別 String 指定值無法轉換成指定目標資料行的型別 nvarchar。

2020-11-07 23:03:58::資料來源的型別 String 指定值無法轉換成指定目標資料行的型別 nvarchar。

2020-11-07 23:03:58::資料來源的型別 String 指定值無法轉換成指定目標資料行的型別 nvarchar。

2020-11-07 23:03:58::資料來源的型別 String 指定值無法轉換成指定目標資料行的型別 nvarchar。

2020-11-07 23:04:59::資料來源的型別 String 指定值無法轉換成指定目標資料行的型別 nvarchar。

2020-11-07 23:04:59::資料來源的型別 String 指定值無法轉換成指定目標資料行的型別 nvarchar。

2020-11-07 23:05:20::資料來源的型別 String 指定值無法轉換成指定目標資料行的型別 nvarchar。

2020-11-07 23:05:20::資料來源的型別 String 指定值無法轉換成指定目標資料行的型別 nvarchar。

2020-11-07 23:05:32::資料來源的型別 String 指定值無法轉換成指定目標資料行的型別 nvarchar。

2020-11-07 23:05:32::資料來源的型別 String 指定值無法轉換成指定目標資料行的型別 nvarchar。

2020-11-07 23:05:33::資料來源的型別 String 指定值無法轉換成指定目標資料行的型別 nvarchar。

2020-11-07 23:05:33::資料來源的型別 String 指定值無法轉換成指定目標資料行的型別 nvarchar。

2020-11-07 23:05:33::資料來源的型別 String 指定值無法轉換成指定目標資料行的型別 nvarchar。

2020-11-07 23:05:33::資料來源的型別 String 指定值無法轉換成指定目標資料行的型別 nvarchar。

2020-11-07 23:05:33::資料來源的型別 String 指定值無法轉換成指定目標資料行的型別 nvarchar。

2020-11-07 23:05:33::資料來源的型別 String 指定值無法轉換成指定目標資料行的型別 nvarchar。

2020-11-07 23:05:34::資料來源的型別 String 指定值無法轉換成指定目標資料行的型別 nvarchar。

2020-11-07 23:05:34::資料來源的型別 String 指定值無法轉換成指定目標資料行的型別 nvarchar。

2020-11-07 23:05:34::資料來源的型別 String 指定值無法轉換成指定目標資料行的型別 nvarchar。

2020-11-07 23:05:34::資料來源的型別 String 指定值無法轉換成指定目標資料行的型別 nvarchar。

2020-11-07 23:06:38::資料來源的型別 String 指定值無法轉換成指定目標資料行的型別 nvarchar。

2020-11-07 23:06:38::資料來源的型別 String 指定值無法轉換成指定目標資料行的型別 nvarchar。

2020-11-07 23:06:40::資料來源的型別 String 指定值無法轉換成指定目標資料行的型別 nvarchar。

2020-11-07 23:06:40::資料來源的型別 String 指定值無法轉換成指定目標資料行的型別 nvarchar。

2020-11-07 23:06:41::資料來源的型別 String 指定值無法轉換成指定目標資料行的型別 nvarchar。

2020-11-07 23:06:41::資料來源的型別 String 指定值無法轉換成指定目標資料行的型別 nvarchar。

2020-11-07 23:06:41::資料來源的型別 String 指定值無法轉換成指定目標資料行的型別 nvarchar。

2020-11-07 23:06:41::資料來源的型別 String 指定值無法轉換成指定目標資料行的型別 nvarchar。

2020-11-07 23:06:41::資料來源的型別 String 指定值無法轉換成指定目標資料行的型別 nvarchar。

2020-11-07 23:06:41::資料來源的型別 String 指定值無法轉換成指定目標資料行的型別 nvarchar。

2020-11-07 23:06:41::資料來源的型別 String 指定值無法轉換成指定目標資料行的型別 nvarchar。

2020-11-07 23:06:41::資料來源的型別 String 指定值無法轉換成指定目標資料行的型別 nvarchar。

2020-11-07 23:06:41::資料來源的型別 String 指定值無法轉換成指定目標資料行的型別 nvarchar。

2020-11-07 23:06:41::資料來源的型別 String 指定值無法轉換成指定目標資料行的型別 nvarchar。

2020-11-07 23:06:42::資料來源的型別 String 指定值無法轉換成指定目標資料行的型別 nvarchar。

2020-11-07 23:06:42::資料來源的型別 String 指定值無法轉換成指定目標資料行的型別 nvarchar。

2020-11-07 23:07:03::資料來源的型別 String 指定值無法轉換成指定目標資料行的型別 nvarchar。

2020-11-07 23:07:03::資料來源的型別 String 指定值無法轉換成指定目標資料行的型別 nvarchar。

2020-11-07 23:07:03::資料來源的型別 String 指定值無法轉換成指定目標資料行的型別 nvarchar。

2020-11-07 23:07:03::資料來源的型別 String 指定值無法轉換成指定目標資料行的型別 nvarchar。

2020-11-07 23:07:03::資料來源的型別 String 指定值無法轉換成指定目標資料行的型別 nvarchar。

2020-11-07 23:07:03::資料來源的型別 String 指定值無法轉換成指定目標資料行的型別 nvarchar。

2020-11-07 23:07:09::資料來源的型別 String 指定值無法轉換成指定目標資料行的型別 nvarchar。

2020-11-07 23:07:09::資料來源的型別 String 指定值無法轉換成指定目標資料行的型別 nvarchar。

2020-11-07 23:07:11::資料來源的型別 String 指定值無法轉換成指定目標資料行的型別 nvarchar。

2020-11-07 23:07:11::資料來源的型別 String 指定值無法轉換成指定目標資料行的型別 nvarchar。

2020-11-07 23:07:12::資料來源的型別 String 指定值無法轉換成指定目標資料行的型別 nvarchar。

2020-11-07 23:07:12::資料來源的型別 String 指定值無法轉換成指定目標資料行的型別 nvarchar。

2020-11-07 23:07:12::資料來源的型別 String 指定值無法轉換成指定目標資料行的型別 nvarchar。

2020-11-07 23:07:12::資料來源的型別 String 指定值無法轉換成指定目標資料行的型別 nvarchar。

2020-11-07 23:07:12::資料來源的型別 String 指定值無法轉換成指定目標資料行的型別 nvarchar。

2020-11-07 23:07:12::資料來源的型別 String 指定值無法轉換成指定目標資料行的型別 nvarchar。

2020-11-07 23:07:12::資料來源的型別 String 指定值無法轉換成指定目標資料行的型別 nvarchar。

2020-11-07 23:07:12::資料來源的型別 String 指定值無法轉換成指定目標資料行的型別 nvarchar。

2020-11-07 23:07:12::資料來源的型別 String 指定值無法轉換成指定目標資料行的型別 nvarchar。

2020-11-07 23:07:12::資料來源的型別 String 指定值無法轉換成指定目標資料行的型別 nvarchar。

2020-11-07 23:07:12::資料來源的型別 String 指定值無法轉換成指定目標資料行的型別 nvarchar。

2020-11-07 23:07:12::資料來源的型別 String 指定值無法轉換成指定目標資料行的型別 nvarchar。

2020-11-07 23:09:49::資料來源的型別 String 指定值無法轉換成指定目標資料行的型別 nvarchar。

2020-11-07 23:09:49::資料來源的型別 String 指定值無法轉換成指定目標資料行的型別 nvarchar。

2020-11-07 23:09:51::資料來源的型別 String 指定值無法轉換成指定目標資料行的型別 nvarchar。

2020-11-07 23:09:51::資料來源的型別 String 指定值無法轉換成指定目標資料行的型別 nvarchar。

2020-11-07 23:09:51::資料來源的型別 String 指定值無法轉換成指定目標資料行的型別 nvarchar。

2020-11-07 23:09:51::資料來源的型別 String 指定值無法轉換成指定目標資料行的型別 nvarchar。

2020-11-07 23:09:52::資料來源的型別 String 指定值無法轉換成指定目標資料行的型別 nvarchar。

2020-11-07 23:09:52::資料來源的型別 String 指定值無法轉換成指定目標資料行的型別 nvarchar。

2020-11-07 23:09:52::資料來源的型別 String 指定值無法轉換成指定目標資料行的型別 nvarchar。

2020-11-07 23:09:52::資料來源的型別 String 指定值無法轉換成指定目標資料行的型別 nvarchar。

2020-11-07 23:09:52::資料來源的型別 String 指定值無法轉換成指定目標資料行的型別 nvarchar。

2020-11-07 23:09:52::資料來源的型別 String 指定值無法轉換成指定目標資料行的型別 nvarchar。

2020-11-07 23:09:52::資料來源的型別 String 指定值無法轉換成指定目標資料行的型別 nvarchar。

2020-11-07 23:09:52::資料來源的型別 String 指定值無法轉換成指定目標資料行的型別 nvarchar。

2020-11-07 23:09:52::資料來源的型別 String 指定值無法轉換成指定目標資料行的型別 nvarchar。

2020-11-07 23:09:52::資料來源的型別 String 指定值無法轉換成指定目標資料行的型別 nvarchar。

2020-11-07 23:09:52::資料來源的型別 String 指定值無法轉換成指定目標資料行的型別 nvarchar。

2020-11-07 23:09:52::資料來源的型別 String 指定值無法轉換成指定目標資料行的型別 nvarchar。

2020-11-07 23:10:13::資料來源的型別 String 指定值無法轉換成指定目標資料行的型別 nvarchar。

2020-11-07 23:10:13::資料來源的型別 String 指定值無法轉換成指定目標資料行的型別 nvarchar。

2020-11-07 23:10:24::資料來源的型別 String 指定值無法轉換成指定目標資料行的型別 nvarchar。

2020-11-07 23:10:24::資料來源的型別 String 指定值無法轉換成指定目標資料行的型別 nvarchar。

2020-11-07 23:10:25::資料來源的型別 String 指定值無法轉換成指定目標資料行的型別 nvarchar。

2020-11-07 23:10:25::資料來源的型別 String 指定值無法轉換成指定目標資料行的型別 nvarchar。

2020-11-07 23:10:26::資料來源的型別 String 指定值無法轉換成指定目標資料行的型別 nvarchar。

2020-11-07 23:10:26::資料來源的型別 String 指定值無法轉換成指定目標資料行的型別 nvarchar。

2020-11-07 23:10:26::資料來源的型別 String 指定值無法轉換成指定目標資料行的型別 nvarchar。

2020-11-07 23:10:26::資料來源的型別 String 指定值無法轉換成指定目標資料行的型別 nvarchar。

2020-11-07 23:10:26::資料來源的型別 String 指定值無法轉換成指定目標資料行的型別 nvarchar。

2020-11-07 23:10:26::資料來源的型別 String 指定值無法轉換成指定目標資料行的型別 nvarchar。

2020-11-07 23:10:26::資料來源的型別 String 指定值無法轉換成指定目標資料行的型別 nvarchar。

2020-11-07 23:10:26::資料來源的型別 String 指定值無法轉換成指定目標資料行的型別 nvarchar。

2020-11-07 23:10:26::資料來源的型別 String 指定值無法轉換成指定目標資料行的型別 nvarchar。

2020-11-07 23:10:26::資料來源的型別 String 指定值無法轉換成指定目標資料行的型別 nvarchar。

2020-11-07 23:10:26::資料來源的型別 String 指定值無法轉換成指定目標資料行的型別 nvarchar。

2020-11-07 23:10:26::資料來源的型別 String 指定值無法轉換成指定目標資料行的型別 nvarchar。

2020-11-07 23:10:27::資料來源的型別 String 指定值無法轉換成指定目標資料行的型別 nvarchar。

2020-11-07 23:10:27::資料來源的型別 String 指定值無法轉換成指定目標資料行的型別 nvarchar。

2020-11-07 23:10:27::資料來源的型別 String 指定值無法轉換成指定目標資料行的型別 nvarchar。

2020-11-07 23:10:27::資料來源的型別 String 指定值無法轉換成指定目標資料行的型別 nvarchar。

2020-11-07 23:10:27::資料來源的型別 String 指定值無法轉換成指定目標資料行的型別 nvarchar。

2020-11-07 23:10:27::資料來源的型別 String 指定值無法轉換成指定目標資料行的型別 nvarchar。

2020-11-07 23:10:27::資料來源的型別 String 指定值無法轉換成指定目標資料行的型別 nvarchar。

2020-11-07 23:10:27::資料來源的型別 String 指定值無法轉換成指定目標資料行的型別 nvarchar。

2020-11-07 23:10:28::資料來源的型別 String 指定值無法轉換成指定目標資料行的型別 nvarchar。

2020-11-07 23:10:28::資料來源的型別 String 指定值無法轉換成指定目標資料行的型別 nvarchar。

