2020-02-25 09:23:01::Internal connection fatal error. Error state: 15, Token : 0

2020-02-25 09:23:01::SqlDbType 的列舉值 8 無效。
參數名稱: SqlDbType

2020-02-25 09:23:01::並未將物件參考設定為物件的執行個體。

2020-02-25 09:23:01::並未將物件參考設定為物件的執行個體。

2020-02-25 14:07:29::並未將物件參考設定為物件的執行個體。

2020-02-25 14:07:29::並未將物件參考設定為物件的執行個體。

2020-02-25 14:07:29::連接未關閉。連接目前的狀態為連接中。

2020-02-25 14:07:29::並未將物件參考設定為物件的執行個體。

2020-02-25 14:07:29::ExecuteReader 必須有開啟與可用的 Connection。連接目前的狀態為連接中。

2020-02-25 14:07:29::並未將物件參考設定為物件的執行個體。

2020-02-25 14:07:29::ExecuteReader 必須有開啟與可用的 Connection。連接目前的狀態為連接中。

2020-02-25 14:07:29::ExecuteReader 必須有開啟與可用的 Connection。連接目前的狀態為連接中。

2020-02-25 14:07:29::並未將物件參考設定為物件的執行個體。

2020-02-25 14:07:29::並未將物件參考設定為物件的執行個體。

2020-02-25 14:07:29::ExecuteReader 必須有開啟與可用的 Connection。連接目前的狀態為連接中。

2020-02-25 14:07:29::並未將物件參考設定為物件的執行個體。

2020-02-25 14:07:29::ExecuteReader 必須有開啟與可用的 Connection。連接目前的狀態為連接中。

2020-02-25 14:07:29::並未將物件參考設定為物件的執行個體。

2020-02-25 14:07:29::ExecuteReader 必須有開啟與可用的 Connection。連接目前的狀態為連接中。

2020-02-25 14:07:29::並未將物件參考設定為物件的執行個體。

2020-02-25 14:07:29::ExecuteReader 必須有開啟與可用的 Connection。連接目前的狀態為連接中。

2020-02-25 14:07:29::並未將物件參考設定為物件的執行個體。

