2020-02-27 09:19:42::並未將物件參考設定為物件的執行個體。

2020-02-27 09:19:42::並未將物件參考設定為物件的執行個體。

2020-02-27 14:04:06::連接未關閉。連接目前的狀態為連接中。

2020-02-27 14:04:06::連接未關閉。連接目前的狀態為連接中。

2020-02-27 14:04:06::連接未關閉。連接目前的狀態為連接中。

2020-02-27 14:04:06::ExecuteReader 必須有開啟與可用的 Connection。連接目前的狀態為連接中。

2020-02-27 14:04:06::並未將物件參考設定為物件的執行個體。

2020-02-27 14:04:06::並未將物件參考設定為物件的執行個體。

2020-02-27 14:04:06::並未將物件參考設定為物件的執行個體。

2020-02-27 14:04:06::ExecuteReader 必須有開啟與可用的 Connection。連接目前的狀態為連接中。

2020-02-27 14:04:06::並未將物件參考設定為物件的執行個體。

2020-02-27 14:04:06::ExecuteReader 必須有開啟與可用的 Connection。連接目前的狀態為連接中。

2020-02-27 14:04:06::並未將物件參考設定為物件的執行個體。

2020-02-27 14:04:06::並未將物件參考設定為物件的執行個體。

2020-02-27 14:04:06::ExecuteReader 必須有開啟與可用的 Connection。連接目前的狀態為連接中。

2020-02-27 14:04:06::ExecuteReader 必須有開啟與可用的 Connection。連接目前的狀態為連接中。

2020-02-27 14:04:06::ExecuteReader 必須有開啟與可用的 Connection。連接目前的狀態為連接中。

2020-02-27 14:04:06::並未將物件參考設定為物件的執行個體。

2020-02-27 14:04:06::ExecuteReader 必須有開啟與可用的 Connection。連接目前的狀態為連接中。

2020-02-27 14:04:06::ExecuteReader 必須有開啟與可用的 Connection。連接目前的狀態為連接中。

2020-02-27 14:04:06::並未將物件參考設定為物件的執行個體。

2020-02-27 14:04:06::並未將物件參考設定為物件的執行個體。

2020-02-27 14:04:06::ExecuteReader 必須有開啟與可用的 Connection。連接目前的狀態為連接中。

2020-02-27 14:04:06::ExecuteReader 必須有開啟與可用的 Connection。連接目前的狀態為連接中。

2020-02-27 14:04:06::並未將物件參考設定為物件的執行個體。

2020-02-27 14:04:06::並未將物件參考設定為物件的執行個體。

2020-02-27 14:04:06::並未將物件參考設定為物件的執行個體。

2020-02-27 14:04:06::並未將物件參考設定為物件的執行個體。

2020-02-27 14:04:06::ExecuteReader 必須有開啟與可用的 Connection。連接目前的狀態為連接中。

2020-02-27 14:04:06::ExecuteReader 必須有開啟與可用的 Connection。連接目前的狀態為連接中。

2020-02-27 14:04:06::ExecuteReader 必須有開啟與可用的 Connection。連接目前的狀態為連接中。

2020-02-27 14:04:06::並未將物件參考設定為物件的執行個體。

2020-02-27 14:04:06::ExecuteReader 必須有開啟與可用的 Connection。連接目前的狀態為連接中。

2020-02-27 14:04:06::ExecuteReader 必須有開啟與可用的 Connection。連接目前的狀態為連接中。

2020-02-27 14:04:06::並未將物件參考設定為物件的執行個體。

2020-02-27 14:04:06::並未將物件參考設定為物件的執行個體。

2020-02-27 14:04:06::ExecuteReader 必須有開啟與可用的 Connection。連接目前的狀態為連接中。

2020-02-27 14:04:06::ExecuteReader 必須有開啟與可用的 Connection。連接目前的狀態為連接中。

2020-02-27 14:04:06::並未將物件參考設定為物件的執行個體。

2020-02-27 14:04:06::並未將物件參考設定為物件的執行個體。

2020-02-27 14:04:06::並未將物件參考設定為物件的執行個體。

2020-02-27 14:04:06::ExecuteReader 必須有開啟與可用的 Connection。連接目前的狀態為連接中。

2020-02-27 14:04:06::ExecuteReader 必須有開啟與可用的 Connection。連接目前的狀態為連接中。

2020-02-27 14:04:06::並未將物件參考設定為物件的執行個體。

2020-02-27 14:04:06::並未將物件參考設定為物件的執行個體。

2020-02-27 14:04:06::並未將物件參考設定為物件的執行個體。

2020-02-27 14:04:06::ExecuteReader 必須有開啟與可用的 Connection。連接目前的狀態為連接中。

2020-02-27 14:04:06::並未將物件參考設定為物件的執行個體。

2020-02-27 14:04:06::ExecuteReader 必須有開啟與可用的 Connection。連接目前的狀態為連接中。

2020-02-27 14:04:06::並未將物件參考設定為物件的執行個體。

2020-02-27 14:04:06::ExecuteReader 必須有開啟與可用的 Connection。連接目前的狀態為連接中。

2020-02-27 14:04:06::並未將物件參考設定為物件的執行個體。

2020-02-27 14:04:07::ExecuteReader 必須有開啟與可用的 Connection。連接目前的狀態為連接中。

2020-02-27 14:04:07::並未將物件參考設定為物件的執行個體。

2020-02-27 14:04:07::ExecuteReader 必須有開啟與可用的 Connection。連接目前的狀態為連接中。

2020-02-27 14:04:07::並未將物件參考設定為物件的執行個體。

2020-02-27 14:04:07::作業無效。已經關閉連接。

2020-02-27 14:04:07::並未將物件參考設定為物件的執行個體。

2020-02-27 14:04:07::作業無效。已經關閉連接。

2020-02-27 14:04:07::並未將物件參考設定為物件的執行個體。

2020-02-27 14:04:07::Internal connection fatal error. Error state: 15, Token : 0

2020-02-27 14:04:07::並未將物件參考設定為物件的執行個體。

2020-02-27 14:04:07::SqlDbType 的列舉值 16 無效。
參數名稱: SqlDbType

2020-02-27 14:04:07::並未將物件參考設定為物件的執行個體。

2020-02-27 14:04:09::已經開啟一個與這個 Command 相關的 DataReader，必須先將它關閉。

2020-02-27 14:04:09::並未將物件參考設定為物件的執行個體。

2020-02-27 14:04:09::並未將物件參考設定為物件的執行個體。

