2020-11-19 09:29:15::ExecuteReader 必須有開啟與可用的 Connection。連接目前的狀態為連接中。

2020-11-19 09:29:15::ExecuteReader 必須有開啟與可用的 Connection。連接目前的狀態為連接中。

2020-11-19 09:29:15::已經開啟一個與這個 Command 相關的 DataReader，必須先將它關閉。

2020-11-19 09:29:15::已經開啟一個與這個 Command 相關的 DataReader，必須先將它關閉。

2020-11-19 09:29:15::並未將物件參考設定為物件的執行個體。

2020-11-19 09:29:15::並未將物件參考設定為物件的執行個體。

2020-11-19 09:29:15::並未將物件參考設定為物件的執行個體。

2020-11-19 09:29:15::並未將物件參考設定為物件的執行個體。

2020-11-19 09:29:15::並未將物件參考設定為物件的執行個體。

2020-11-19 09:29:15::資料來源的型別 String 指定值無法轉換成指定目標資料行的型別 nvarchar。

2020-11-19 09:29:15::資料來源的型別 String 指定值無法轉換成指定目標資料行的型別 nvarchar。

2020-11-19 09:29:15::資料來源的型別 String 指定值無法轉換成指定目標資料行的型別 nvarchar。

2020-11-19 09:29:15::資料來源的型別 String 指定值無法轉換成指定目標資料行的型別 nvarchar。

2020-11-19 09:29:15::資料來源的型別 String 指定值無法轉換成指定目標資料行的型別 nvarchar。

2020-11-19 09:29:15::資料來源的型別 String 指定值無法轉換成指定目標資料行的型別 nvarchar。

2020-11-19 09:29:17::資料來源的型別 String 指定值無法轉換成指定目標資料行的型別 nvarchar。

2020-11-19 09:29:17::資料來源的型別 String 指定值無法轉換成指定目標資料行的型別 nvarchar。

2020-11-19 09:29:17::資料來源的型別 String 指定值無法轉換成指定目標資料行的型別 nvarchar。

2020-11-19 09:29:17::資料來源的型別 String 指定值無法轉換成指定目標資料行的型別 nvarchar。

2020-11-19 09:29:18::已經開啟一個與這個 Command 相關的 DataReader，必須先將它關閉。

2020-11-19 09:29:18::並未將物件參考設定為物件的執行個體。

2020-11-19 09:29:18::並未將物件參考設定為物件的執行個體。

2020-11-19 09:29:18::資料來源的型別 String 指定值無法轉換成指定目標資料行的型別 nvarchar。

2020-11-19 09:29:18::資料來源的型別 String 指定值無法轉換成指定目標資料行的型別 nvarchar。

2020-11-19 09:29:20::資料來源的型別 String 指定值無法轉換成指定目標資料行的型別 nvarchar。

2020-11-19 09:29:20::資料來源的型別 String 指定值無法轉換成指定目標資料行的型別 nvarchar。

2020-11-19 09:29:20::資料來源的型別 String 指定值無法轉換成指定目標資料行的型別 nvarchar。

2020-11-19 09:29:20::資料來源的型別 String 指定值無法轉換成指定目標資料行的型別 nvarchar。

2020-11-19 10:43:51::資料來源的型別 String 指定值無法轉換成指定目標資料行的型別 nvarchar。

2020-11-19 10:43:51::資料來源的型別 String 指定值無法轉換成指定目標資料行的型別 nvarchar。

2020-11-19 10:43:54::資料來源的型別 String 指定值無法轉換成指定目標資料行的型別 nvarchar。

2020-11-19 10:43:54::資料來源的型別 String 指定值無法轉換成指定目標資料行的型別 nvarchar。

2020-11-19 10:43:55::資料來源的型別 String 指定值無法轉換成指定目標資料行的型別 nvarchar。

2020-11-19 10:43:55::資料來源的型別 String 指定值無法轉換成指定目標資料行的型別 nvarchar。

2020-11-19 10:43:55::資料來源的型別 String 指定值無法轉換成指定目標資料行的型別 nvarchar。

2020-11-19 10:43:55::資料來源的型別 String 指定值無法轉換成指定目標資料行的型別 nvarchar。

2020-11-19 10:44:01::資料來源的型別 String 指定值無法轉換成指定目標資料行的型別 nvarchar。

2020-11-19 10:44:01::資料來源的型別 String 指定值無法轉換成指定目標資料行的型別 nvarchar。

2020-11-19 10:44:02::資料來源的型別 String 指定值無法轉換成指定目標資料行的型別 nvarchar。

2020-11-19 10:44:02::資料來源的型別 String 指定值無法轉換成指定目標資料行的型別 nvarchar。

2020-11-19 10:44:02::資料來源的型別 String 指定值無法轉換成指定目標資料行的型別 nvarchar。

2020-11-19 10:44:02::資料來源的型別 String 指定值無法轉換成指定目標資料行的型別 nvarchar。

2020-11-19 10:44:02::資料來源的型別 String 指定值無法轉換成指定目標資料行的型別 nvarchar。

2020-11-19 10:44:02::資料來源的型別 String 指定值無法轉換成指定目標資料行的型別 nvarchar。

2020-11-19 10:44:02::資料來源的型別 String 指定值無法轉換成指定目標資料行的型別 nvarchar。

2020-11-19 10:44:02::資料來源的型別 String 指定值無法轉換成指定目標資料行的型別 nvarchar。

2020-11-19 10:44:03::資料來源的型別 String 指定值無法轉換成指定目標資料行的型別 nvarchar。

2020-11-19 10:44:03::資料來源的型別 String 指定值無法轉換成指定目標資料行的型別 nvarchar。

2020-11-19 10:44:03::資料來源的型別 String 指定值無法轉換成指定目標資料行的型別 nvarchar。

2020-11-19 10:44:03::資料來源的型別 String 指定值無法轉換成指定目標資料行的型別 nvarchar。

2020-11-19 10:44:03::資料來源的型別 String 指定值無法轉換成指定目標資料行的型別 nvarchar。

2020-11-19 10:44:03::資料來源的型別 String 指定值無法轉換成指定目標資料行的型別 nvarchar。

2020-11-19 10:44:03::資料來源的型別 String 指定值無法轉換成指定目標資料行的型別 nvarchar。

2020-11-19 10:44:03::資料來源的型別 String 指定值無法轉換成指定目標資料行的型別 nvarchar。

2020-11-19 10:44:03::資料來源的型別 String 指定值無法轉換成指定目標資料行的型別 nvarchar。

2020-11-19 10:44:03::資料來源的型別 String 指定值無法轉換成指定目標資料行的型別 nvarchar。

2020-11-19 10:44:03::資料來源的型別 String 指定值無法轉換成指定目標資料行的型別 nvarchar。

2020-11-19 10:44:03::資料來源的型別 String 指定值無法轉換成指定目標資料行的型別 nvarchar。

2020-11-19 10:44:04::資料來源的型別 String 指定值無法轉換成指定目標資料行的型別 nvarchar。

2020-11-19 10:44:04::資料來源的型別 String 指定值無法轉換成指定目標資料行的型別 nvarchar。

2020-11-19 10:44:04::資料來源的型別 String 指定值無法轉換成指定目標資料行的型別 nvarchar。

2020-11-19 10:44:04::資料來源的型別 String 指定值無法轉換成指定目標資料行的型別 nvarchar。

2020-11-19 10:44:04::資料來源的型別 String 指定值無法轉換成指定目標資料行的型別 nvarchar。

2020-11-19 10:44:04::資料來源的型別 String 指定值無法轉換成指定目標資料行的型別 nvarchar。

2020-11-19 10:44:05::資料來源的型別 String 指定值無法轉換成指定目標資料行的型別 nvarchar。

2020-11-19 10:44:05::資料來源的型別 String 指定值無法轉換成指定目標資料行的型別 nvarchar。

2020-11-19 10:44:05::資料來源的型別 String 指定值無法轉換成指定目標資料行的型別 nvarchar。

2020-11-19 10:44:05::資料來源的型別 String 指定值無法轉換成指定目標資料行的型別 nvarchar。

2020-11-19 10:44:05::資料來源的型別 String 指定值無法轉換成指定目標資料行的型別 nvarchar。

2020-11-19 10:44:05::資料來源的型別 String 指定值無法轉換成指定目標資料行的型別 nvarchar。

2020-11-19 10:44:06::資料來源的型別 String 指定值無法轉換成指定目標資料行的型別 nvarchar。

2020-11-19 10:44:06::資料來源的型別 String 指定值無法轉換成指定目標資料行的型別 nvarchar。

2020-11-19 10:44:14::資料來源的型別 String 指定值無法轉換成指定目標資料行的型別 nvarchar。

2020-11-19 10:44:14::資料來源的型別 String 指定值無法轉換成指定目標資料行的型別 nvarchar。

2020-11-19 10:44:14::資料來源的型別 String 指定值無法轉換成指定目標資料行的型別 nvarchar。

2020-11-19 10:44:14::資料來源的型別 String 指定值無法轉換成指定目標資料行的型別 nvarchar。

2020-11-19 10:44:14::資料來源的型別 String 指定值無法轉換成指定目標資料行的型別 nvarchar。

2020-11-19 10:44:14::資料來源的型別 String 指定值無法轉換成指定目標資料行的型別 nvarchar。

2020-11-19 10:44:14::資料來源的型別 String 指定值無法轉換成指定目標資料行的型別 nvarchar。

2020-11-19 10:44:14::資料來源的型別 String 指定值無法轉換成指定目標資料行的型別 nvarchar。

2020-11-19 10:44:15::資料來源的型別 String 指定值無法轉換成指定目標資料行的型別 nvarchar。

2020-11-19 10:44:15::資料來源的型別 String 指定值無法轉換成指定目標資料行的型別 nvarchar。

2020-11-19 10:44:15::資料來源的型別 String 指定值無法轉換成指定目標資料行的型別 nvarchar。

2020-11-19 10:44:15::資料來源的型別 String 指定值無法轉換成指定目標資料行的型別 nvarchar。

2020-11-19 10:44:15::資料來源的型別 String 指定值無法轉換成指定目標資料行的型別 nvarchar。

2020-11-19 10:44:15::資料來源的型別 String 指定值無法轉換成指定目標資料行的型別 nvarchar。

2020-11-19 10:45:03::資料來源的型別 String 指定值無法轉換成指定目標資料行的型別 nvarchar。

2020-11-19 10:45:03::資料來源的型別 String 指定值無法轉換成指定目標資料行的型別 nvarchar。

2020-11-19 10:45:03::資料來源的型別 String 指定值無法轉換成指定目標資料行的型別 nvarchar。

2020-11-19 10:45:03::資料來源的型別 String 指定值無法轉換成指定目標資料行的型別 nvarchar。

2020-11-19 10:45:03::資料來源的型別 String 指定值無法轉換成指定目標資料行的型別 nvarchar。

2020-11-19 10:45:03::資料來源的型別 String 指定值無法轉換成指定目標資料行的型別 nvarchar。

2020-11-19 10:45:03::資料來源的型別 String 指定值無法轉換成指定目標資料行的型別 nvarchar。

2020-11-19 10:45:03::資料來源的型別 String 指定值無法轉換成指定目標資料行的型別 nvarchar。

2020-11-19 10:45:03::資料來源的型別 String 指定值無法轉換成指定目標資料行的型別 nvarchar。

2020-11-19 10:45:03::資料來源的型別 String 指定值無法轉換成指定目標資料行的型別 nvarchar。

2020-11-19 10:45:04::資料來源的型別 String 指定值無法轉換成指定目標資料行的型別 nvarchar。

2020-11-19 10:45:04::資料來源的型別 String 指定值無法轉換成指定目標資料行的型別 nvarchar。

2020-11-19 10:45:04::資料來源的型別 String 指定值無法轉換成指定目標資料行的型別 nvarchar。

2020-11-19 10:45:04::資料來源的型別 String 指定值無法轉換成指定目標資料行的型別 nvarchar。

2020-11-19 10:45:05::資料來源的型別 String 指定值無法轉換成指定目標資料行的型別 nvarchar。

2020-11-19 10:45:05::資料來源的型別 String 指定值無法轉換成指定目標資料行的型別 nvarchar。

2020-11-19 10:45:05::資料來源的型別 String 指定值無法轉換成指定目標資料行的型別 nvarchar。

2020-11-19 10:45:05::資料來源的型別 String 指定值無法轉換成指定目標資料行的型別 nvarchar。

2020-11-19 10:45:05::資料來源的型別 String 指定值無法轉換成指定目標資料行的型別 nvarchar。

2020-11-19 10:45:05::資料來源的型別 String 指定值無法轉換成指定目標資料行的型別 nvarchar。

2020-11-19 10:45:05::資料來源的型別 String 指定值無法轉換成指定目標資料行的型別 nvarchar。

2020-11-19 10:45:05::資料來源的型別 String 指定值無法轉換成指定目標資料行的型別 nvarchar。

2020-11-19 10:45:06::資料來源的型別 String 指定值無法轉換成指定目標資料行的型別 nvarchar。

2020-11-19 10:45:06::資料來源的型別 String 指定值無法轉換成指定目標資料行的型別 nvarchar。

2020-11-19 10:45:42::資料來源的型別 String 指定值無法轉換成指定目標資料行的型別 nvarchar。

2020-11-19 10:45:42::資料來源的型別 String 指定值無法轉換成指定目標資料行的型別 nvarchar。

2020-11-19 10:45:42::資料來源的型別 String 指定值無法轉換成指定目標資料行的型別 nvarchar。

2020-11-19 10:45:42::資料來源的型別 String 指定值無法轉換成指定目標資料行的型別 nvarchar。

2020-11-19 10:45:42::資料來源的型別 String 指定值無法轉換成指定目標資料行的型別 nvarchar。

2020-11-19 10:45:42::資料來源的型別 String 指定值無法轉換成指定目標資料行的型別 nvarchar。

2020-11-19 10:45:45::資料來源的型別 String 指定值無法轉換成指定目標資料行的型別 nvarchar。

2020-11-19 10:45:45::資料來源的型別 String 指定值無法轉換成指定目標資料行的型別 nvarchar。

2020-11-19 10:45:45::資料來源的型別 String 指定值無法轉換成指定目標資料行的型別 nvarchar。

2020-11-19 10:45:45::資料來源的型別 String 指定值無法轉換成指定目標資料行的型別 nvarchar。

2020-11-19 10:45:56::資料來源的型別 String 指定值無法轉換成指定目標資料行的型別 nvarchar。

2020-11-19 10:45:56::資料來源的型別 String 指定值無法轉換成指定目標資料行的型別 nvarchar。

2020-11-19 10:45:56::資料來源的型別 String 指定值無法轉換成指定目標資料行的型別 nvarchar。

2020-11-19 10:45:56::資料來源的型別 String 指定值無法轉換成指定目標資料行的型別 nvarchar。

2020-11-19 10:45:56::資料來源的型別 String 指定值無法轉換成指定目標資料行的型別 nvarchar。

2020-11-19 10:45:56::資料來源的型別 String 指定值無法轉換成指定目標資料行的型別 nvarchar。

2020-11-19 10:45:56::資料來源的型別 String 指定值無法轉換成指定目標資料行的型別 nvarchar。

2020-11-19 10:45:56::資料來源的型別 String 指定值無法轉換成指定目標資料行的型別 nvarchar。

2020-11-19 10:45:56::資料來源的型別 String 指定值無法轉換成指定目標資料行的型別 nvarchar。

2020-11-19 10:45:56::資料來源的型別 String 指定值無法轉換成指定目標資料行的型別 nvarchar。

2020-11-19 10:45:57::資料來源的型別 String 指定值無法轉換成指定目標資料行的型別 nvarchar。

2020-11-19 10:45:57::資料來源的型別 String 指定值無法轉換成指定目標資料行的型別 nvarchar。

2020-11-19 10:45:57::資料來源的型別 String 指定值無法轉換成指定目標資料行的型別 nvarchar。

2020-11-19 10:45:57::資料來源的型別 String 指定值無法轉換成指定目標資料行的型別 nvarchar。

2020-11-19 10:45:57::資料來源的型別 String 指定值無法轉換成指定目標資料行的型別 nvarchar。

2020-11-19 10:45:57::資料來源的型別 String 指定值無法轉換成指定目標資料行的型別 nvarchar。

2020-11-19 10:45:57::資料來源的型別 String 指定值無法轉換成指定目標資料行的型別 nvarchar。

2020-11-19 10:45:57::資料來源的型別 String 指定值無法轉換成指定目標資料行的型別 nvarchar。

2020-11-19 10:45:57::資料來源的型別 String 指定值無法轉換成指定目標資料行的型別 nvarchar。

2020-11-19 10:45:57::資料來源的型別 String 指定值無法轉換成指定目標資料行的型別 nvarchar。

2020-11-19 10:45:58::資料來源的型別 String 指定值無法轉換成指定目標資料行的型別 nvarchar。

2020-11-19 10:45:58::資料來源的型別 String 指定值無法轉換成指定目標資料行的型別 nvarchar。

2020-11-19 10:45:59::資料來源的型別 String 指定值無法轉換成指定目標資料行的型別 nvarchar。

2020-11-19 10:45:59::資料來源的型別 String 指定值無法轉換成指定目標資料行的型別 nvarchar。

2020-11-19 10:46:00::資料來源的型別 String 指定值無法轉換成指定目標資料行的型別 nvarchar。

2020-11-19 10:46:00::資料來源的型別 String 指定值無法轉換成指定目標資料行的型別 nvarchar。

2020-11-19 10:46:00::資料來源的型別 String 指定值無法轉換成指定目標資料行的型別 nvarchar。

2020-11-19 10:46:00::資料來源的型別 String 指定值無法轉換成指定目標資料行的型別 nvarchar。

2020-11-19 10:46:00::資料來源的型別 String 指定值無法轉換成指定目標資料行的型別 nvarchar。

2020-11-19 10:46:00::資料來源的型別 String 指定值無法轉換成指定目標資料行的型別 nvarchar。

2020-11-19 10:46:00::資料來源的型別 String 指定值無法轉換成指定目標資料行的型別 nvarchar。

2020-11-19 10:46:00::資料來源的型別 String 指定值無法轉換成指定目標資料行的型別 nvarchar。

2020-11-19 10:46:01::資料來源的型別 String 指定值無法轉換成指定目標資料行的型別 nvarchar。

2020-11-19 10:46:01::資料來源的型別 String 指定值無法轉換成指定目標資料行的型別 nvarchar。

2020-11-19 10:46:04::資料來源的型別 String 指定值無法轉換成指定目標資料行的型別 nvarchar。

2020-11-19 10:46:04::資料來源的型別 String 指定值無法轉換成指定目標資料行的型別 nvarchar。

2020-11-19 10:46:05::資料來源的型別 String 指定值無法轉換成指定目標資料行的型別 nvarchar。

2020-11-19 10:46:05::資料來源的型別 String 指定值無法轉換成指定目標資料行的型別 nvarchar。

2020-11-19 10:46:05::資料來源的型別 String 指定值無法轉換成指定目標資料行的型別 nvarchar。

2020-11-19 10:46:05::資料來源的型別 String 指定值無法轉換成指定目標資料行的型別 nvarchar。

2020-11-19 10:46:05::資料來源的型別 String 指定值無法轉換成指定目標資料行的型別 nvarchar。

2020-11-19 10:46:05::資料來源的型別 String 指定值無法轉換成指定目標資料行的型別 nvarchar。

2020-11-19 10:46:05::資料來源的型別 String 指定值無法轉換成指定目標資料行的型別 nvarchar。

2020-11-19 10:46:05::資料來源的型別 String 指定值無法轉換成指定目標資料行的型別 nvarchar。

2020-11-19 10:46:05::資料來源的型別 String 指定值無法轉換成指定目標資料行的型別 nvarchar。

2020-11-19 10:46:05::資料來源的型別 String 指定值無法轉換成指定目標資料行的型別 nvarchar。

2020-11-19 10:46:06::資料來源的型別 String 指定值無法轉換成指定目標資料行的型別 nvarchar。

2020-11-19 10:46:06::資料來源的型別 String 指定值無法轉換成指定目標資料行的型別 nvarchar。

2020-11-19 10:46:06::資料來源的型別 String 指定值無法轉換成指定目標資料行的型別 nvarchar。

2020-11-19 10:46:06::資料來源的型別 String 指定值無法轉換成指定目標資料行的型別 nvarchar。

2020-11-19 10:46:06::資料來源的型別 String 指定值無法轉換成指定目標資料行的型別 nvarchar。

2020-11-19 10:46:06::資料來源的型別 String 指定值無法轉換成指定目標資料行的型別 nvarchar。

2020-11-19 10:46:06::資料來源的型別 String 指定值無法轉換成指定目標資料行的型別 nvarchar。

2020-11-19 10:46:06::資料來源的型別 String 指定值無法轉換成指定目標資料行的型別 nvarchar。

2020-11-19 10:46:06::資料來源的型別 String 指定值無法轉換成指定目標資料行的型別 nvarchar。

2020-11-19 10:46:06::資料來源的型別 String 指定值無法轉換成指定目標資料行的型別 nvarchar。

2020-11-19 10:46:07::資料來源的型別 String 指定值無法轉換成指定目標資料行的型別 nvarchar。

2020-11-19 10:46:07::資料來源的型別 String 指定值無法轉換成指定目標資料行的型別 nvarchar。

2020-11-19 10:46:07::資料來源的型別 String 指定值無法轉換成指定目標資料行的型別 nvarchar。

2020-11-19 10:46:07::資料來源的型別 String 指定值無法轉換成指定目標資料行的型別 nvarchar。

2020-11-19 10:46:07::資料來源的型別 String 指定值無法轉換成指定目標資料行的型別 nvarchar。

2020-11-19 10:46:07::資料來源的型別 String 指定值無法轉換成指定目標資料行的型別 nvarchar。

2020-11-19 10:46:07::資料來源的型別 String 指定值無法轉換成指定目標資料行的型別 nvarchar。

2020-11-19 10:46:07::資料來源的型別 String 指定值無法轉換成指定目標資料行的型別 nvarchar。

2020-11-19 10:50:56::資料來源的型別 String 指定值無法轉換成指定目標資料行的型別 nvarchar。

2020-11-19 10:50:56::資料來源的型別 String 指定值無法轉換成指定目標資料行的型別 nvarchar。

2020-11-19 10:50:57::資料來源的型別 String 指定值無法轉換成指定目標資料行的型別 nvarchar。

2020-11-19 10:50:57::資料來源的型別 String 指定值無法轉換成指定目標資料行的型別 nvarchar。

2020-11-19 10:50:57::資料來源的型別 String 指定值無法轉換成指定目標資料行的型別 nvarchar。

2020-11-19 10:50:57::資料來源的型別 String 指定值無法轉換成指定目標資料行的型別 nvarchar。

2020-11-19 10:50:57::資料來源的型別 String 指定值無法轉換成指定目標資料行的型別 nvarchar。

2020-11-19 10:50:57::資料來源的型別 String 指定值無法轉換成指定目標資料行的型別 nvarchar。

2020-11-19 10:50:57::資料來源的型別 String 指定值無法轉換成指定目標資料行的型別 nvarchar。

2020-11-19 10:50:57::資料來源的型別 String 指定值無法轉換成指定目標資料行的型別 nvarchar。

2020-11-19 10:50:58::資料來源的型別 String 指定值無法轉換成指定目標資料行的型別 nvarchar。

2020-11-19 10:50:58::資料來源的型別 String 指定值無法轉換成指定目標資料行的型別 nvarchar。

2020-11-19 10:50:58::資料來源的型別 String 指定值無法轉換成指定目標資料行的型別 nvarchar。

2020-11-19 10:50:58::資料來源的型別 String 指定值無法轉換成指定目標資料行的型別 nvarchar。

2020-11-19 10:50:58::資料來源的型別 String 指定值無法轉換成指定目標資料行的型別 nvarchar。

2020-11-19 10:50:58::資料來源的型別 String 指定值無法轉換成指定目標資料行的型別 nvarchar。

2020-11-19 10:50:58::資料來源的型別 String 指定值無法轉換成指定目標資料行的型別 nvarchar。

2020-11-19 10:50:58::資料來源的型別 String 指定值無法轉換成指定目標資料行的型別 nvarchar。

2020-11-19 10:50:58::資料來源的型別 String 指定值無法轉換成指定目標資料行的型別 nvarchar。

2020-11-19 10:50:58::資料來源的型別 String 指定值無法轉換成指定目標資料行的型別 nvarchar。

2020-11-19 10:50:58::資料來源的型別 String 指定值無法轉換成指定目標資料行的型別 nvarchar。

2020-11-19 10:50:58::資料來源的型別 String 指定值無法轉換成指定目標資料行的型別 nvarchar。

2020-11-19 10:50:59::資料來源的型別 String 指定值無法轉換成指定目標資料行的型別 nvarchar。

2020-11-19 10:50:59::資料來源的型別 String 指定值無法轉換成指定目標資料行的型別 nvarchar。

2020-11-19 10:50:59::資料來源的型別 String 指定值無法轉換成指定目標資料行的型別 nvarchar。

2020-11-19 10:50:59::資料來源的型別 String 指定值無法轉換成指定目標資料行的型別 nvarchar。

2020-11-19 10:50:59::資料來源的型別 String 指定值無法轉換成指定目標資料行的型別 nvarchar。

2020-11-19 10:50:59::資料來源的型別 String 指定值無法轉換成指定目標資料行的型別 nvarchar。

2020-11-19 10:50:59::資料來源的型別 String 指定值無法轉換成指定目標資料行的型別 nvarchar。

2020-11-19 10:50:59::資料來源的型別 String 指定值無法轉換成指定目標資料行的型別 nvarchar。

2020-11-19 10:51:00::資料來源的型別 String 指定值無法轉換成指定目標資料行的型別 nvarchar。

2020-11-19 10:51:00::資料來源的型別 String 指定值無法轉換成指定目標資料行的型別 nvarchar。

2020-11-19 10:51:00::資料來源的型別 String 指定值無法轉換成指定目標資料行的型別 nvarchar。

2020-11-19 10:51:00::資料來源的型別 String 指定值無法轉換成指定目標資料行的型別 nvarchar。

2020-11-19 10:51:00::資料來源的型別 String 指定值無法轉換成指定目標資料行的型別 nvarchar。

2020-11-19 10:51:00::資料來源的型別 String 指定值無法轉換成指定目標資料行的型別 nvarchar。

2020-11-19 10:51:00::資料來源的型別 String 指定值無法轉換成指定目標資料行的型別 nvarchar。

2020-11-19 10:51:00::資料來源的型別 String 指定值無法轉換成指定目標資料行的型別 nvarchar。

2020-11-19 10:51:00::資料來源的型別 String 指定值無法轉換成指定目標資料行的型別 nvarchar。

2020-11-19 10:51:00::資料來源的型別 String 指定值無法轉換成指定目標資料行的型別 nvarchar。

2020-11-19 10:51:09::資料來源的型別 String 指定值無法轉換成指定目標資料行的型別 nvarchar。

2020-11-19 10:51:09::資料來源的型別 String 指定值無法轉換成指定目標資料行的型別 nvarchar。

2020-11-19 10:51:10::資料來源的型別 String 指定值無法轉換成指定目標資料行的型別 nvarchar。

2020-11-19 10:51:10::資料來源的型別 String 指定值無法轉換成指定目標資料行的型別 nvarchar。

2020-11-19 10:51:10::資料來源的型別 String 指定值無法轉換成指定目標資料行的型別 nvarchar。

2020-11-19 10:51:10::資料來源的型別 String 指定值無法轉換成指定目標資料行的型別 nvarchar。

2020-11-19 10:51:10::資料來源的型別 String 指定值無法轉換成指定目標資料行的型別 nvarchar。

2020-11-19 10:51:10::資料來源的型別 String 指定值無法轉換成指定目標資料行的型別 nvarchar。

2020-11-19 10:51:10::資料來源的型別 String 指定值無法轉換成指定目標資料行的型別 nvarchar。

2020-11-19 10:51:10::資料來源的型別 String 指定值無法轉換成指定目標資料行的型別 nvarchar。

2020-11-19 10:51:11::資料來源的型別 String 指定值無法轉換成指定目標資料行的型別 nvarchar。

2020-11-19 10:51:11::資料來源的型別 String 指定值無法轉換成指定目標資料行的型別 nvarchar。

2020-11-19 10:51:11::資料來源的型別 String 指定值無法轉換成指定目標資料行的型別 nvarchar。

2020-11-19 10:51:11::資料來源的型別 String 指定值無法轉換成指定目標資料行的型別 nvarchar。

2020-11-19 10:51:11::資料來源的型別 String 指定值無法轉換成指定目標資料行的型別 nvarchar。

2020-11-19 10:51:11::資料來源的型別 String 指定值無法轉換成指定目標資料行的型別 nvarchar。

2020-11-19 10:51:11::資料來源的型別 String 指定值無法轉換成指定目標資料行的型別 nvarchar。

2020-11-19 10:51:11::資料來源的型別 String 指定值無法轉換成指定目標資料行的型別 nvarchar。

2020-11-19 10:51:12::資料來源的型別 String 指定值無法轉換成指定目標資料行的型別 nvarchar。

2020-11-19 10:51:12::資料來源的型別 String 指定值無法轉換成指定目標資料行的型別 nvarchar。

2020-11-19 10:51:12::資料來源的型別 String 指定值無法轉換成指定目標資料行的型別 nvarchar。

2020-11-19 10:51:12::資料來源的型別 String 指定值無法轉換成指定目標資料行的型別 nvarchar。

2020-11-19 10:51:12::資料來源的型別 String 指定值無法轉換成指定目標資料行的型別 nvarchar。

2020-11-19 10:51:12::資料來源的型別 String 指定值無法轉換成指定目標資料行的型別 nvarchar。

2020-11-19 10:51:14::資料來源的型別 String 指定值無法轉換成指定目標資料行的型別 nvarchar。

2020-11-19 10:51:14::資料來源的型別 String 指定值無法轉換成指定目標資料行的型別 nvarchar。

2020-11-19 10:51:14::資料來源的型別 String 指定值無法轉換成指定目標資料行的型別 nvarchar。

2020-11-19 10:51:14::資料來源的型別 String 指定值無法轉換成指定目標資料行的型別 nvarchar。

2020-11-19 10:51:14::資料來源的型別 String 指定值無法轉換成指定目標資料行的型別 nvarchar。

2020-11-19 10:51:14::資料來源的型別 String 指定值無法轉換成指定目標資料行的型別 nvarchar。

2020-11-19 10:51:15::資料來源的型別 String 指定值無法轉換成指定目標資料行的型別 nvarchar。

2020-11-19 10:51:15::資料來源的型別 String 指定值無法轉換成指定目標資料行的型別 nvarchar。

2020-11-19 10:51:15::資料來源的型別 String 指定值無法轉換成指定目標資料行的型別 nvarchar。

2020-11-19 10:51:15::資料來源的型別 String 指定值無法轉換成指定目標資料行的型別 nvarchar。

2020-11-19 10:51:15::資料來源的型別 String 指定值無法轉換成指定目標資料行的型別 nvarchar。

2020-11-19 10:51:15::資料來源的型別 String 指定值無法轉換成指定目標資料行的型別 nvarchar。

2020-11-19 10:51:15::資料來源的型別 String 指定值無法轉換成指定目標資料行的型別 nvarchar。

2020-11-19 10:51:15::資料來源的型別 String 指定值無法轉換成指定目標資料行的型別 nvarchar。

2020-11-19 10:51:16::資料來源的型別 String 指定值無法轉換成指定目標資料行的型別 nvarchar。

2020-11-19 10:51:16::資料來源的型別 String 指定值無法轉換成指定目標資料行的型別 nvarchar。

2020-11-19 10:51:16::資料來源的型別 String 指定值無法轉換成指定目標資料行的型別 nvarchar。

2020-11-19 10:51:16::資料來源的型別 String 指定值無法轉換成指定目標資料行的型別 nvarchar。

2020-11-19 10:51:16::資料來源的型別 String 指定值無法轉換成指定目標資料行的型別 nvarchar。

2020-11-19 10:51:16::資料來源的型別 String 指定值無法轉換成指定目標資料行的型別 nvarchar。

2020-11-19 10:51:17::資料來源的型別 String 指定值無法轉換成指定目標資料行的型別 nvarchar。

2020-11-19 10:51:17::資料來源的型別 String 指定值無法轉換成指定目標資料行的型別 nvarchar。

2020-11-19 10:51:17::資料來源的型別 String 指定值無法轉換成指定目標資料行的型別 nvarchar。

2020-11-19 10:51:17::資料來源的型別 String 指定值無法轉換成指定目標資料行的型別 nvarchar。

2020-11-19 10:51:17::資料來源的型別 String 指定值無法轉換成指定目標資料行的型別 nvarchar。

2020-11-19 10:51:17::資料來源的型別 String 指定值無法轉換成指定目標資料行的型別 nvarchar。

2020-11-19 10:51:17::資料來源的型別 String 指定值無法轉換成指定目標資料行的型別 nvarchar。

2020-11-19 10:51:17::資料來源的型別 String 指定值無法轉換成指定目標資料行的型別 nvarchar。

2020-11-19 10:51:18::資料來源的型別 String 指定值無法轉換成指定目標資料行的型別 nvarchar。

2020-11-19 10:51:18::資料來源的型別 String 指定值無法轉換成指定目標資料行的型別 nvarchar。

2020-11-19 10:51:18::資料來源的型別 String 指定值無法轉換成指定目標資料行的型別 nvarchar。

2020-11-19 10:51:18::資料來源的型別 String 指定值無法轉換成指定目標資料行的型別 nvarchar。

2020-11-19 10:51:18::資料來源的型別 String 指定值無法轉換成指定目標資料行的型別 nvarchar。

2020-11-19 10:51:18::資料來源的型別 String 指定值無法轉換成指定目標資料行的型別 nvarchar。

2020-11-19 10:51:18::資料來源的型別 String 指定值無法轉換成指定目標資料行的型別 nvarchar。

2020-11-19 10:51:18::資料來源的型別 String 指定值無法轉換成指定目標資料行的型別 nvarchar。

2020-11-19 10:51:18::資料來源的型別 String 指定值無法轉換成指定目標資料行的型別 nvarchar。

2020-11-19 10:51:18::資料來源的型別 String 指定值無法轉換成指定目標資料行的型別 nvarchar。

2020-11-19 10:51:18::資料來源的型別 String 指定值無法轉換成指定目標資料行的型別 nvarchar。

2020-11-19 10:51:18::資料來源的型別 String 指定值無法轉換成指定目標資料行的型別 nvarchar。

2020-11-19 10:51:18::資料來源的型別 String 指定值無法轉換成指定目標資料行的型別 nvarchar。

2020-11-19 10:51:18::資料來源的型別 String 指定值無法轉換成指定目標資料行的型別 nvarchar。

2020-11-19 10:51:19::ExecuteReader 必須有開啟與可用的 Connection。連接目前的狀態為開啟。

2020-11-19 10:51:19::並未將物件參考設定為物件的執行個體。

2020-11-19 10:51:19::ExecuteReader 必須有開啟與可用的 Connection。連接目前的狀態為開啟。

2020-11-19 10:51:19::並未將物件參考設定為物件的執行個體。

2020-11-19 10:51:19::ExecuteReader 必須有開啟與可用的 Connection。連接目前的狀態為開啟。

2020-11-19 10:51:19::並未將物件參考設定為物件的執行個體。

2020-11-19 10:51:20::ExecuteReader 必須有開啟與可用的 Connection。連接目前的狀態為開啟。

2020-11-19 10:51:20::並未將物件參考設定為物件的執行個體。

2020-11-19 10:51:20::ExecuteReader 必須有開啟與可用的 Connection。連接目前的狀態為開啟。

2020-11-19 10:51:20::並未將物件參考設定為物件的執行個體。

2020-11-19 10:51:20::ExecuteReader 必須有開啟與可用的 Connection。連接目前的狀態為開啟。

2020-11-19 10:51:20::並未將物件參考設定為物件的執行個體。

2020-11-19 10:51:20::ExecuteReader 必須有開啟與可用的 Connection。連接目前的狀態為開啟。

2020-11-19 10:51:20::並未將物件參考設定為物件的執行個體。

2020-11-19 10:51:20::ExecuteReader 必須有開啟與可用的 Connection。連接目前的狀態為開啟。

2020-11-19 10:51:20::並未將物件參考設定為物件的執行個體。

2020-11-19 10:51:21::ExecuteReader 必須有開啟與可用的 Connection。連接目前的狀態為開啟。

2020-11-19 10:51:21::並未將物件參考設定為物件的執行個體。

2020-11-19 10:51:49::並未將物件參考設定為物件的執行個體。

2020-11-19 10:51:49::資料來源的型別 String 指定值無法轉換成指定目標資料行的型別 nvarchar。

2020-11-19 10:51:49::資料來源的型別 String 指定值無法轉換成指定目標資料行的型別 nvarchar。

2020-11-19 11:25:02::資料來源的型別 String 指定值無法轉換成指定目標資料行的型別 nvarchar。

2020-11-19 11:25:03::資料來源的型別 String 指定值無法轉換成指定目標資料行的型別 nvarchar。

2020-11-19 11:25:03::資料來源的型別 String 指定值無法轉換成指定目標資料行的型別 nvarchar。

2020-11-19 11:25:03::資料來源的型別 String 指定值無法轉換成指定目標資料行的型別 nvarchar。

2020-11-19 11:25:03::資料來源的型別 String 指定值無法轉換成指定目標資料行的型別 nvarchar。

2020-11-19 11:25:03::資料來源的型別 String 指定值無法轉換成指定目標資料行的型別 nvarchar。

2020-11-19 11:25:03::資料來源的型別 String 指定值無法轉換成指定目標資料行的型別 nvarchar。

2020-11-19 11:25:03::資料來源的型別 String 指定值無法轉換成指定目標資料行的型別 nvarchar。

2020-11-19 11:25:04::資料來源的型別 String 指定值無法轉換成指定目標資料行的型別 nvarchar。

2020-11-19 11:25:04::資料來源的型別 String 指定值無法轉換成指定目標資料行的型別 nvarchar。

2020-11-19 11:25:04::資料來源的型別 String 指定值無法轉換成指定目標資料行的型別 nvarchar。

2020-11-19 11:25:04::資料來源的型別 String 指定值無法轉換成指定目標資料行的型別 nvarchar。

2020-11-19 11:25:04::資料來源的型別 String 指定值無法轉換成指定目標資料行的型別 nvarchar。

2020-11-19 11:25:04::資料來源的型別 String 指定值無法轉換成指定目標資料行的型別 nvarchar。

2020-11-19 11:25:04::資料來源的型別 String 指定值無法轉換成指定目標資料行的型別 nvarchar。

2020-11-19 11:25:04::資料來源的型別 String 指定值無法轉換成指定目標資料行的型別 nvarchar。

2020-11-19 11:25:05::資料來源的型別 String 指定值無法轉換成指定目標資料行的型別 nvarchar。

2020-11-19 11:25:05::資料來源的型別 String 指定值無法轉換成指定目標資料行的型別 nvarchar。

2020-11-19 11:25:05::資料來源的型別 String 指定值無法轉換成指定目標資料行的型別 nvarchar。

2020-11-19 11:25:05::資料來源的型別 String 指定值無法轉換成指定目標資料行的型別 nvarchar。

2020-11-19 11:25:05::資料來源的型別 String 指定值無法轉換成指定目標資料行的型別 nvarchar。

2020-11-19 11:25:05::資料來源的型別 String 指定值無法轉換成指定目標資料行的型別 nvarchar。

2020-11-19 11:25:05::資料來源的型別 String 指定值無法轉換成指定目標資料行的型別 nvarchar。

2020-11-19 11:25:05::資料來源的型別 String 指定值無法轉換成指定目標資料行的型別 nvarchar。

2020-11-19 11:25:06::資料來源的型別 String 指定值無法轉換成指定目標資料行的型別 nvarchar。

2020-11-19 11:25:06::資料來源的型別 String 指定值無法轉換成指定目標資料行的型別 nvarchar。

2020-11-19 11:25:06::資料來源的型別 String 指定值無法轉換成指定目標資料行的型別 nvarchar。

2020-11-19 11:25:06::資料來源的型別 String 指定值無法轉換成指定目標資料行的型別 nvarchar。

2020-11-19 11:25:06::資料來源的型別 String 指定值無法轉換成指定目標資料行的型別 nvarchar。

2020-11-19 11:25:06::資料來源的型別 String 指定值無法轉換成指定目標資料行的型別 nvarchar。

2020-11-19 11:25:06::資料來源的型別 String 指定值無法轉換成指定目標資料行的型別 nvarchar。

2020-11-19 11:25:06::資料來源的型別 String 指定值無法轉換成指定目標資料行的型別 nvarchar。

2020-11-19 11:25:06::資料來源的型別 String 指定值無法轉換成指定目標資料行的型別 nvarchar。

2020-11-19 11:25:06::資料來源的型別 String 指定值無法轉換成指定目標資料行的型別 nvarchar。

2020-11-19 11:25:06::資料來源的型別 String 指定值無法轉換成指定目標資料行的型別 nvarchar。

2020-11-19 11:25:06::資料來源的型別 String 指定值無法轉換成指定目標資料行的型別 nvarchar。

2020-11-19 11:25:07::資料來源的型別 String 指定值無法轉換成指定目標資料行的型別 nvarchar。

2020-11-19 11:25:07::資料來源的型別 String 指定值無法轉換成指定目標資料行的型別 nvarchar。

2020-11-19 11:25:07::資料來源的型別 String 指定值無法轉換成指定目標資料行的型別 nvarchar。

2020-11-19 11:25:07::資料來源的型別 String 指定值無法轉換成指定目標資料行的型別 nvarchar。

2020-11-19 11:25:07::資料來源的型別 String 指定值無法轉換成指定目標資料行的型別 nvarchar。

2020-11-19 11:25:07::資料來源的型別 String 指定值無法轉換成指定目標資料行的型別 nvarchar。

2020-11-19 11:25:07::資料來源的型別 String 指定值無法轉換成指定目標資料行的型別 nvarchar。

2020-11-19 11:25:07::資料來源的型別 String 指定值無法轉換成指定目標資料行的型別 nvarchar。

2020-11-19 11:25:07::資料來源的型別 String 指定值無法轉換成指定目標資料行的型別 nvarchar。

2020-11-19 11:25:07::資料來源的型別 String 指定值無法轉換成指定目標資料行的型別 nvarchar。

2020-11-19 11:25:08::資料來源的型別 String 指定值無法轉換成指定目標資料行的型別 nvarchar。

2020-11-19 11:25:08::資料來源的型別 String 指定值無法轉換成指定目標資料行的型別 nvarchar。

2020-11-19 11:25:08::資料來源的型別 String 指定值無法轉換成指定目標資料行的型別 nvarchar。

2020-11-19 11:25:08::資料來源的型別 String 指定值無法轉換成指定目標資料行的型別 nvarchar。

2020-11-19 11:25:08::資料來源的型別 String 指定值無法轉換成指定目標資料行的型別 nvarchar。

2020-11-19 11:25:08::資料來源的型別 String 指定值無法轉換成指定目標資料行的型別 nvarchar。

2020-11-19 11:25:08::資料來源的型別 String 指定值無法轉換成指定目標資料行的型別 nvarchar。

2020-11-19 11:25:08::資料來源的型別 String 指定值無法轉換成指定目標資料行的型別 nvarchar。

2020-11-19 11:25:08::資料來源的型別 String 指定值無法轉換成指定目標資料行的型別 nvarchar。

2020-11-19 11:25:08::資料來源的型別 String 指定值無法轉換成指定目標資料行的型別 nvarchar。

2020-11-19 11:25:09::資料來源的型別 String 指定值無法轉換成指定目標資料行的型別 nvarchar。

2020-11-19 11:25:09::資料來源的型別 String 指定值無法轉換成指定目標資料行的型別 nvarchar。

2020-11-19 11:25:09::資料來源的型別 String 指定值無法轉換成指定目標資料行的型別 nvarchar。

2020-11-19 11:25:09::資料來源的型別 String 指定值無法轉換成指定目標資料行的型別 nvarchar。

2020-11-19 11:25:09::資料來源的型別 String 指定值無法轉換成指定目標資料行的型別 nvarchar。

2020-11-19 11:25:09::資料來源的型別 String 指定值無法轉換成指定目標資料行的型別 nvarchar。

2020-11-19 11:25:09::資料來源的型別 String 指定值無法轉換成指定目標資料行的型別 nvarchar。

2020-11-19 11:25:09::資料來源的型別 String 指定值無法轉換成指定目標資料行的型別 nvarchar。

2020-11-19 11:25:09::資料來源的型別 String 指定值無法轉換成指定目標資料行的型別 nvarchar。

2020-11-19 11:25:09::資料來源的型別 String 指定值無法轉換成指定目標資料行的型別 nvarchar。

2020-11-19 11:25:10::資料來源的型別 String 指定值無法轉換成指定目標資料行的型別 nvarchar。

2020-11-19 11:25:10::資料來源的型別 String 指定值無法轉換成指定目標資料行的型別 nvarchar。

2020-11-19 11:25:10::資料來源的型別 String 指定值無法轉換成指定目標資料行的型別 nvarchar。

2020-11-19 11:25:10::資料來源的型別 String 指定值無法轉換成指定目標資料行的型別 nvarchar。

2020-11-19 11:25:10::資料來源的型別 String 指定值無法轉換成指定目標資料行的型別 nvarchar。

2020-11-19 11:25:10::資料來源的型別 String 指定值無法轉換成指定目標資料行的型別 nvarchar。

2020-11-19 11:25:10::資料來源的型別 String 指定值無法轉換成指定目標資料行的型別 nvarchar。

2020-11-19 11:25:10::資料來源的型別 String 指定值無法轉換成指定目標資料行的型別 nvarchar。

2020-11-19 11:25:10::資料來源的型別 String 指定值無法轉換成指定目標資料行的型別 nvarchar。

2020-11-19 11:25:10::資料來源的型別 String 指定值無法轉換成指定目標資料行的型別 nvarchar。

2020-11-19 11:25:11::資料來源的型別 String 指定值無法轉換成指定目標資料行的型別 nvarchar。

2020-11-19 11:25:11::資料來源的型別 String 指定值無法轉換成指定目標資料行的型別 nvarchar。

2020-11-19 11:25:11::資料來源的型別 String 指定值無法轉換成指定目標資料行的型別 nvarchar。

2020-11-19 11:25:11::資料來源的型別 String 指定值無法轉換成指定目標資料行的型別 nvarchar。

2020-11-19 11:25:11::資料來源的型別 String 指定值無法轉換成指定目標資料行的型別 nvarchar。

2020-11-19 11:25:11::資料來源的型別 String 指定值無法轉換成指定目標資料行的型別 nvarchar。

2020-11-19 11:25:11::資料來源的型別 String 指定值無法轉換成指定目標資料行的型別 nvarchar。

2020-11-19 11:25:11::資料來源的型別 String 指定值無法轉換成指定目標資料行的型別 nvarchar。

2020-11-19 11:25:11::資料來源的型別 String 指定值無法轉換成指定目標資料行的型別 nvarchar。

2020-11-19 11:25:11::資料來源的型別 String 指定值無法轉換成指定目標資料行的型別 nvarchar。

2020-11-19 11:25:12::資料來源的型別 String 指定值無法轉換成指定目標資料行的型別 nvarchar。

2020-11-19 11:25:12::資料來源的型別 String 指定值無法轉換成指定目標資料行的型別 nvarchar。

2020-11-19 11:25:12::資料來源的型別 String 指定值無法轉換成指定目標資料行的型別 nvarchar。

2020-11-19 11:25:12::資料來源的型別 String 指定值無法轉換成指定目標資料行的型別 nvarchar。

2020-11-19 11:25:12::資料來源的型別 String 指定值無法轉換成指定目標資料行的型別 nvarchar。

2020-11-19 11:25:12::資料來源的型別 String 指定值無法轉換成指定目標資料行的型別 nvarchar。

2020-11-19 11:25:12::資料來源的型別 String 指定值無法轉換成指定目標資料行的型別 nvarchar。

2020-11-19 11:25:12::資料來源的型別 String 指定值無法轉換成指定目標資料行的型別 nvarchar。

2020-11-19 11:25:12::資料來源的型別 String 指定值無法轉換成指定目標資料行的型別 nvarchar。

2020-11-19 11:25:12::資料來源的型別 String 指定值無法轉換成指定目標資料行的型別 nvarchar。

2020-11-19 11:25:13::資料來源的型別 String 指定值無法轉換成指定目標資料行的型別 nvarchar。

2020-11-19 11:25:13::資料來源的型別 String 指定值無法轉換成指定目標資料行的型別 nvarchar。

2020-11-19 11:25:13::資料來源的型別 String 指定值無法轉換成指定目標資料行的型別 nvarchar。

2020-11-19 11:25:13::資料來源的型別 String 指定值無法轉換成指定目標資料行的型別 nvarchar。

2020-11-19 11:25:13::資料來源的型別 String 指定值無法轉換成指定目標資料行的型別 nvarchar。

2020-11-19 11:25:13::資料來源的型別 String 指定值無法轉換成指定目標資料行的型別 nvarchar。

2020-11-19 11:25:13::資料來源的型別 String 指定值無法轉換成指定目標資料行的型別 nvarchar。

2020-11-19 11:25:13::資料來源的型別 String 指定值無法轉換成指定目標資料行的型別 nvarchar。

2020-11-19 11:25:13::資料來源的型別 String 指定值無法轉換成指定目標資料行的型別 nvarchar。

2020-11-19 11:25:13::資料來源的型別 String 指定值無法轉換成指定目標資料行的型別 nvarchar。

2020-11-19 11:25:13::資料來源的型別 String 指定值無法轉換成指定目標資料行的型別 nvarchar。

2020-11-19 11:25:13::資料來源的型別 String 指定值無法轉換成指定目標資料行的型別 nvarchar。

2020-11-19 11:25:14::資料來源的型別 String 指定值無法轉換成指定目標資料行的型別 nvarchar。

2020-11-19 11:25:14::資料來源的型別 String 指定值無法轉換成指定目標資料行的型別 nvarchar。

2020-11-19 11:25:14::資料來源的型別 String 指定值無法轉換成指定目標資料行的型別 nvarchar。

2020-11-19 11:25:14::資料來源的型別 String 指定值無法轉換成指定目標資料行的型別 nvarchar。

2020-11-19 11:25:14::並未將物件參考設定為物件的執行個體。

2020-11-19 11:25:14::已經開啟一個與這個 Command 相關的 DataReader，必須先將它關閉。

2020-11-19 11:25:14::並未將物件參考設定為物件的執行個體。

2020-11-19 11:25:14::資料來源的型別 String 指定值無法轉換成指定目標資料行的型別 nvarchar。

2020-11-19 11:25:14::資料來源的型別 String 指定值無法轉換成指定目標資料行的型別 nvarchar。

2020-11-19 11:25:15::資料來源的型別 String 指定值無法轉換成指定目標資料行的型別 nvarchar。

2020-11-19 11:25:15::資料來源的型別 String 指定值無法轉換成指定目標資料行的型別 nvarchar。

2020-11-19 11:25:15::資料來源的型別 String 指定值無法轉換成指定目標資料行的型別 nvarchar。

2020-11-19 11:25:15::資料來源的型別 String 指定值無法轉換成指定目標資料行的型別 nvarchar。

2020-11-19 11:25:15::資料來源的型別 String 指定值無法轉換成指定目標資料行的型別 nvarchar。

2020-11-19 11:25:15::資料來源的型別 String 指定值無法轉換成指定目標資料行的型別 nvarchar。

2020-11-19 11:25:15::資料來源的型別 String 指定值無法轉換成指定目標資料行的型別 nvarchar。

2020-11-19 11:25:15::資料來源的型別 String 指定值無法轉換成指定目標資料行的型別 nvarchar。

2020-11-19 11:25:16::資料來源的型別 String 指定值無法轉換成指定目標資料行的型別 nvarchar。

2020-11-19 11:25:16::資料來源的型別 String 指定值無法轉換成指定目標資料行的型別 nvarchar。

2020-11-19 11:25:16::資料來源的型別 String 指定值無法轉換成指定目標資料行的型別 nvarchar。

2020-11-19 11:25:16::資料來源的型別 String 指定值無法轉換成指定目標資料行的型別 nvarchar。

2020-11-19 11:25:16::資料來源的型別 String 指定值無法轉換成指定目標資料行的型別 nvarchar。

2020-11-19 11:25:16::資料來源的型別 String 指定值無法轉換成指定目標資料行的型別 nvarchar。

2020-11-19 11:25:17::資料來源的型別 String 指定值無法轉換成指定目標資料行的型別 nvarchar。

2020-11-19 11:25:17::資料來源的型別 String 指定值無法轉換成指定目標資料行的型別 nvarchar。

2020-11-19 11:25:17::資料來源的型別 String 指定值無法轉換成指定目標資料行的型別 nvarchar。

2020-11-19 11:25:17::資料來源的型別 String 指定值無法轉換成指定目標資料行的型別 nvarchar。

2020-11-19 11:25:17::資料來源的型別 String 指定值無法轉換成指定目標資料行的型別 nvarchar。

2020-11-19 11:25:17::資料來源的型別 String 指定值無法轉換成指定目標資料行的型別 nvarchar。

2020-11-19 11:25:17::資料來源的型別 String 指定值無法轉換成指定目標資料行的型別 nvarchar。

2020-11-19 11:25:17::資料來源的型別 String 指定值無法轉換成指定目標資料行的型別 nvarchar。

2020-11-19 11:25:18::資料來源的型別 String 指定值無法轉換成指定目標資料行的型別 nvarchar。

2020-11-19 11:25:18::資料來源的型別 String 指定值無法轉換成指定目標資料行的型別 nvarchar。

2020-11-19 11:25:18::資料來源的型別 String 指定值無法轉換成指定目標資料行的型別 nvarchar。

2020-11-19 11:25:18::資料來源的型別 String 指定值無法轉換成指定目標資料行的型別 nvarchar。

2020-11-19 11:25:18::資料來源的型別 String 指定值無法轉換成指定目標資料行的型別 nvarchar。

2020-11-19 11:25:18::資料來源的型別 String 指定值無法轉換成指定目標資料行的型別 nvarchar。

2020-11-19 11:25:21::資料來源的型別 String 指定值無法轉換成指定目標資料行的型別 nvarchar。

2020-11-19 11:25:21::資料來源的型別 String 指定值無法轉換成指定目標資料行的型別 nvarchar。

2020-11-19 11:25:23::ExecuteReader 必須有開啟與可用的 Connection。連接目前的狀態為開啟。

2020-11-19 11:25:23::並未將物件參考設定為物件的執行個體。

2020-11-19 11:25:23::ExecuteReader 必須有開啟與可用的 Connection。連接目前的狀態為開啟。

2020-11-19 11:25:24::並未將物件參考設定為物件的執行個體。

2020-11-19 11:25:24::ExecuteReader 必須有開啟與可用的 Connection。連接目前的狀態為開啟。

2020-11-19 11:25:24::並未將物件參考設定為物件的執行個體。

2020-11-19 11:25:24::ExecuteReader 必須有開啟與可用的 Connection。連接目前的狀態為開啟。

2020-11-19 11:25:24::並未將物件參考設定為物件的執行個體。

2020-11-19 11:25:24::ExecuteReader 必須有開啟與可用的 Connection。連接目前的狀態為開啟。

2020-11-19 11:25:24::並未將物件參考設定為物件的執行個體。

2020-11-19 11:25:24::ExecuteReader 必須有開啟與可用的 Connection。連接目前的狀態為開啟。

2020-11-19 11:25:24::並未將物件參考設定為物件的執行個體。

2020-11-19 11:25:24::ExecuteReader 必須有開啟與可用的 Connection。連接目前的狀態為開啟。

2020-11-19 11:25:24::並未將物件參考設定為物件的執行個體。

2020-11-19 11:25:24::ExecuteReader 必須有開啟與可用的 Connection。連接目前的狀態為開啟。

2020-11-19 11:25:24::並未將物件參考設定為物件的執行個體。

2020-11-19 11:25:25::ExecuteReader 必須有開啟與可用的 Connection。連接目前的狀態為開啟。

2020-11-19 11:25:25::並未將物件參考設定為物件的執行個體。

2020-11-19 11:25:25::ExecuteReader 必須有開啟與可用的 Connection。連接目前的狀態為開啟。

2020-11-19 11:25:25::並未將物件參考設定為物件的執行個體。

2020-11-19 11:25:53::並未將物件參考設定為物件的執行個體。

2020-11-19 11:25:53::資料來源的型別 String 指定值無法轉換成指定目標資料行的型別 nvarchar。

2020-11-19 11:25:53::資料來源的型別 String 指定值無法轉換成指定目標資料行的型別 nvarchar。

2020-11-19 14:33:46::並未將物件參考設定為物件的執行個體。

2020-11-19 14:33:46::並未將物件參考設定為物件的執行個體。

