2020-12-14 08:29:15::並未將物件參考設定為物件的執行個體。

2020-12-14 08:29:15::並未將物件參考設定為物件的執行個體。

2020-12-14 08:29:15::連接未關閉。連接目前的狀態為連接中。

2020-12-14 08:29:15::並未將物件參考設定為物件的執行個體。

2020-12-14 08:29:15::並未將物件參考設定為物件的執行個體。

2020-12-14 08:29:15::並未將物件參考設定為物件的執行個體。

2020-12-14 08:29:15::ExecuteReader 必須有開啟與可用的 Connection。連接目前的狀態為連接中。

2020-12-14 08:29:15::並未將物件參考設定為物件的執行個體。

2020-12-14 08:29:15::ExecuteReader 必須有開啟與可用的 Connection。連接目前的狀態為連接中。

2020-12-14 08:29:15::並未將物件參考設定為物件的執行個體。

2020-12-14 08:29:15::ExecuteReader 必須有開啟與可用的 Connection。連接目前的狀態為連接中。

2020-12-14 08:29:15::並未將物件參考設定為物件的執行個體。

2020-12-14 08:29:15::ExecuteReader 必須有開啟與可用的 Connection。連接目前的狀態為連接中。

2020-12-14 08:29:15::並未將物件參考設定為物件的執行個體。

2020-12-14 08:29:16::當讀取器關閉時嘗試呼叫 MetaData 無效。

2020-12-14 08:29:16::並未將物件參考設定為物件的執行個體。

2020-12-14 08:29:16::Internal connection fatal error. Error state: 15, Token : 0

2020-12-14 08:29:16::並未將物件參考設定為物件的執行個體。

2020-12-14 14:20:43::並未將物件參考設定為物件的執行個體。

2020-12-14 14:20:43::並未將物件參考設定為物件的執行個體。

2020-12-14 14:20:43::ExecuteReader 必須有開啟與可用的 Connection。連接目前的狀態為連接中。

2020-12-14 14:20:43::並未將物件參考設定為物件的執行個體。

2020-12-14 17:34:23::並未將物件參考設定為物件的執行個體。

2020-12-14 17:34:23::ExecuteReader 必須有開啟與可用的 Connection。連接目前的狀態為連接中。

2020-12-14 17:34:23::ExecuteReader 必須有開啟與可用的 Connection。連接目前的狀態為連接中。

2020-12-14 17:34:23::ExecuteReader 必須有開啟與可用的 Connection。連接目前的狀態為連接中。

2020-12-14 17:34:23::並未將物件參考設定為物件的執行個體。

2020-12-14 17:34:23::並未將物件參考設定為物件的執行個體。

2020-12-14 17:34:23::並未將物件參考設定為物件的執行個體。

