2020-10-14 09:47:26::並未將物件參考設定為物件的執行個體。

2020-10-14 09:47:26::並未將物件參考設定為物件的執行個體。

2020-10-14 11:54:22::並未將物件參考設定為物件的執行個體。

2020-10-14 11:54:22::並未將物件參考設定為物件的執行個體。

2020-10-14 14:19:04::找不到資料表 3。

2020-10-14 14:19:12::找不到資料表 3。

2020-10-14 14:19:12::找不到資料表 3。

2020-10-14 17:30:46::資料行 'Education' 不屬於資料表 Employee。

2020-10-14 17:30:51::資料行 'Education' 不屬於資料表 Employee。

2020-10-14 17:30:56::資料行 'Education' 不屬於資料表 Employee。

2020-10-14 17:31:03::資料行 'Education' 不屬於資料表 Employee。

2020-10-14 17:31:05::資料行 'Education' 不屬於資料表 Employee。

2020-10-14 17:31:06::資料行 'Education' 不屬於資料表 Employee。

2020-10-14 17:31:52::資料行 'Education' 不屬於資料表 Employee。

2020-10-14 17:31:55::資料行 'Education' 不屬於資料表 Employee。

2020-10-14 17:32:00::資料行 'Education' 不屬於資料表 Employee。

2020-10-14 17:32:02::資料行 'Education' 不屬於資料表 Employee。

2020-10-14 17:32:03::資料行 'Education' 不屬於資料表 Employee。

2020-10-14 17:32:04::資料行 'Education' 不屬於資料表 Employee。

2020-10-14 17:32:04::資料行 'Education' 不屬於資料表 Employee。

2020-10-14 17:32:05::資料行 'Education' 不屬於資料表 Employee。

2020-10-14 17:32:06::資料行 'Education' 不屬於資料表 Employee。

2020-10-14 17:32:46::資料行 'Education' 不屬於資料表 Employee。

2020-10-14 17:32:49::資料行 'Education' 不屬於資料表 Employee。

2020-10-14 17:32:52::資料行 'Education' 不屬於資料表 Employee。

2020-10-14 17:32:53::資料行 'Education' 不屬於資料表 Employee。

2020-10-14 17:33:41::資料行 'Education' 不屬於資料表 Employee。

2020-10-14 17:33:43::資料行 'Education' 不屬於資料表 Employee。

2020-10-14 17:35:07::資料行 'Education' 不屬於資料表 Employee。

2020-10-14 17:35:12::資料行 'Education' 不屬於資料表 Employee。

2020-10-14 17:35:13::資料行 'Education' 不屬於資料表 Employee。

2020-10-14 17:35:14::資料行 'Education' 不屬於資料表 Employee。

2020-10-14 17:35:18::資料行 'Education' 不屬於資料表 Employee。

2020-10-14 17:35:19::資料行 'Education' 不屬於資料表 Employee。

2020-10-14 17:35:20::資料行 'Education' 不屬於資料表 Employee。

2020-10-14 17:35:22::資料行 'Education' 不屬於資料表 Employee。

2020-10-14 17:35:23::資料行 'Education' 不屬於資料表 Employee。

2020-10-14 17:35:23::資料行 'Education' 不屬於資料表 Employee。

2020-10-14 17:35:24::資料行 'Education' 不屬於資料表 Employee。

2020-10-14 17:35:24::資料行 'Education' 不屬於資料表 Employee。

2020-10-14 17:35:25::資料行 'Education' 不屬於資料表 Employee。

2020-10-14 17:35:25::資料行 'Education' 不屬於資料表 Employee。

2020-10-14 17:35:25::資料行 'Education' 不屬於資料表 Employee。

2020-10-14 17:35:26::資料行 'Education' 不屬於資料表 Employee。

2020-10-14 17:35:37::資料行 'Education' 不屬於資料表 Employee。

2020-10-14 17:35:38::資料行 'Education' 不屬於資料表 Employee。

2020-10-14 17:35:39::資料行 'Education' 不屬於資料表 Employee。

2020-10-14 17:36:18::資料行 'Education' 不屬於資料表 Employee。

2020-10-14 17:36:20::資料行 'Education' 不屬於資料表 Employee。

2020-10-14 17:36:24::資料行 'Education' 不屬於資料表 Employee。

2020-10-14 17:36:26::資料行 'Education' 不屬於資料表 Employee。

2020-10-14 17:36:26::資料行 'Education' 不屬於資料表 Employee。

2020-10-14 17:38:26::資料行 'Education' 不屬於資料表 Employee。

2020-10-14 17:38:28::資料行 'Education' 不屬於資料表 Employee。

2020-10-14 17:38:29::資料行 'Education' 不屬於資料表 Employee。

2020-10-14 17:38:30::資料行 'Education' 不屬於資料表 Employee。

2020-10-14 17:38:31::資料行 'Education' 不屬於資料表 Employee。

2020-10-14 17:38:31::資料行 'Education' 不屬於資料表 Employee。

2020-10-14 17:38:32::資料行 'Education' 不屬於資料表 Employee。

2020-10-14 17:38:32::資料行 'Education' 不屬於資料表 Employee。

2020-10-14 17:38:32::資料行 'Education' 不屬於資料表 Employee。

2020-10-14 17:38:32::資料行 'Education' 不屬於資料表 Employee。

2020-10-14 17:38:33::資料行 'Education' 不屬於資料表 Employee。

2020-10-14 17:38:33::資料行 'Education' 不屬於資料表 Employee。

2020-10-14 17:38:33::資料行 'Education' 不屬於資料表 Employee。

2020-10-14 17:38:34::資料行 'Education' 不屬於資料表 Employee。

2020-10-14 17:38:34::資料行 'Education' 不屬於資料表 Employee。

2020-10-14 17:38:34::資料行 'Education' 不屬於資料表 Employee。

2020-10-14 17:38:34::資料行 'Education' 不屬於資料表 Employee。

2020-10-14 17:38:37::資料行 'Education' 不屬於資料表 Employee。

2020-10-14 17:38:37::資料行 'Education' 不屬於資料表 Employee。

2020-10-14 17:38:37::資料行 'Education' 不屬於資料表 Employee。

2020-10-14 17:38:37::資料行 'Education' 不屬於資料表 Employee。

2020-10-14 17:38:38::資料行 'Education' 不屬於資料表 Employee。

2020-10-14 17:38:38::資料行 'Education' 不屬於資料表 Employee。

2020-10-14 17:38:38::資料行 'Education' 不屬於資料表 Employee。

2020-10-14 17:38:38::資料行 'Education' 不屬於資料表 Employee。

2020-10-14 17:38:38::資料行 'Education' 不屬於資料表 Employee。

2020-10-14 17:38:39::資料行 'Education' 不屬於資料表 Employee。

2020-10-14 17:38:39::資料行 'Education' 不屬於資料表 Employee。

2020-10-14 17:38:39::資料行 'Education' 不屬於資料表 Employee。

2020-10-14 17:38:40::資料行 'Education' 不屬於資料表 Employee。

2020-10-14 17:38:40::資料行 'Education' 不屬於資料表 Employee。

2020-10-14 17:38:40::資料行 'Education' 不屬於資料表 Employee。

2020-10-14 17:38:40::資料行 'Education' 不屬於資料表 Employee。

2020-10-14 17:38:41::資料行 'Education' 不屬於資料表 Employee。

2020-10-14 17:38:55::資料行 'Education' 不屬於資料表 Employee。

2020-10-14 17:38:55::並未將物件參考設定為物件的執行個體。

2020-10-14 17:38:55::作業無效。已經關閉連接。

2020-10-14 17:38:55::並未將物件參考設定為物件的執行個體。

2020-10-14 17:38:55::資料行 'Education' 不屬於資料表 Employee。

2020-10-14 17:38:56::資料行 'Education' 不屬於資料表 Employee。

2020-10-14 17:38:56::資料行 'Education' 不屬於資料表 Employee。

2020-10-14 17:38:56::資料行 'Education' 不屬於資料表 Employee。

2020-10-14 17:38:56::資料行 'Education' 不屬於資料表 Employee。

2020-10-14 17:39:12::資料行 'Education' 不屬於資料表 Employee。

2020-10-14 17:39:13::資料行 'Education' 不屬於資料表 Employee。

2020-10-14 17:39:14::資料行 'Education' 不屬於資料表 Employee。

2020-10-14 17:39:14::資料行 'Education' 不屬於資料表 Employee。

2020-10-14 17:39:15::資料行 'Education' 不屬於資料表 Employee。

2020-10-14 17:39:15::資料行 'Education' 不屬於資料表 Employee。

2020-10-14 17:39:16::資料行 'Education' 不屬於資料表 Employee。

2020-10-14 17:39:16::資料行 'Education' 不屬於資料表 Employee。

2020-10-14 17:39:16::資料行 'Education' 不屬於資料表 Employee。

2020-10-14 17:39:29::資料來源的型別 String 指定值無法轉換成指定目標資料行的型別 nvarchar。

2020-10-14 17:39:29::資料來源的型別 String 指定值無法轉換成指定目標資料行的型別 nvarchar。

2020-10-14 17:39:37::資料來源的型別 String 指定值無法轉換成指定目標資料行的型別 nvarchar。

2020-10-14 17:39:37::資料來源的型別 String 指定值無法轉換成指定目標資料行的型別 nvarchar。

2020-10-14 17:39:40::資料來源的型別 String 指定值無法轉換成指定目標資料行的型別 nvarchar。

2020-10-14 17:39:40::資料來源的型別 String 指定值無法轉換成指定目標資料行的型別 nvarchar。

2020-10-14 17:39:41::資料來源的型別 String 指定值無法轉換成指定目標資料行的型別 nvarchar。

2020-10-14 17:39:41::資料來源的型別 String 指定值無法轉換成指定目標資料行的型別 nvarchar。

2020-10-14 17:40:11::資料行 'Education' 不屬於資料表 Employee。

2020-10-14 17:40:11::資料行 'Education' 不屬於資料表 Employee。

2020-10-14 17:40:12::資料行 'Education' 不屬於資料表 Employee。

2020-10-14 17:40:12::資料行 'Education' 不屬於資料表 Employee。

2020-10-14 17:40:12::資料行 'Education' 不屬於資料表 Employee。

2020-10-14 17:40:12::資料行 'Education' 不屬於資料表 Employee。

2020-10-14 17:40:13::資料行 'Education' 不屬於資料表 Employee。

2020-10-14 17:40:13::資料行 'Education' 不屬於資料表 Employee。

2020-10-14 17:40:13::資料行 'Education' 不屬於資料表 Employee。

2020-10-14 17:40:13::資料行 'Education' 不屬於資料表 Employee。

2020-10-14 17:40:14::資料行 'Education' 不屬於資料表 Employee。

2020-10-14 17:40:14::資料行 'Education' 不屬於資料表 Employee。

2020-10-14 17:40:14::資料行 'Education' 不屬於資料表 Employee。

2020-10-14 17:40:14::資料行 'Education' 不屬於資料表 Employee。

2020-10-14 17:40:14::資料行 'Education' 不屬於資料表 Employee。

2020-10-14 17:40:15::資料行 'Education' 不屬於資料表 Employee。

2020-10-14 17:40:15::資料行 'Education' 不屬於資料表 Employee。

2020-10-14 17:40:15::資料行 'Education' 不屬於資料表 Employee。

2020-10-14 17:40:15::資料行 'Education' 不屬於資料表 Employee。

2020-10-14 17:40:16::資料行 'Education' 不屬於資料表 Employee。

2020-10-14 17:40:21::資料來源的型別 String 指定值無法轉換成指定目標資料行的型別 nvarchar。

2020-10-14 17:40:21::資料來源的型別 String 指定值無法轉換成指定目標資料行的型別 nvarchar。

2020-10-14 17:40:34::資料行 'Education' 不屬於資料表 Employee。

2020-10-14 17:40:35::資料行 'Education' 不屬於資料表 Employee。

2020-10-14 17:40:35::資料行 'Education' 不屬於資料表 Employee。

2020-10-14 17:40:35::資料行 'Education' 不屬於資料表 Employee。

2020-10-14 17:40:38::資料行 'Education' 不屬於資料表 Employee。

2020-10-14 17:40:38::資料行 'Education' 不屬於資料表 Employee。

2020-10-14 17:40:39::資料行 'Education' 不屬於資料表 Employee。

2020-10-14 17:40:39::資料行 'Education' 不屬於資料表 Employee。

2020-10-14 17:40:39::資料行 'Education' 不屬於資料表 Employee。

2020-10-14 17:40:39::資料行 'Education' 不屬於資料表 Employee。

2020-10-14 17:40:40::資料行 'Education' 不屬於資料表 Employee。

2020-10-14 17:40:40::資料行 'Education' 不屬於資料表 Employee。

2020-10-14 17:40:40::資料行 'Education' 不屬於資料表 Employee。

2020-10-14 17:40:41::資料行 'Education' 不屬於資料表 Employee。

2020-10-14 17:40:42::資料行 'Education' 不屬於資料表 Employee。

2020-10-14 17:40:42::資料行 'Education' 不屬於資料表 Employee。

2020-10-14 17:40:42::資料行 'Education' 不屬於資料表 Employee。

2020-10-14 17:40:56::資料來源的型別 String 指定值無法轉換成指定目標資料行的型別 nvarchar。

2020-10-14 17:40:56::資料來源的型別 String 指定值無法轉換成指定目標資料行的型別 nvarchar。

2020-10-14 17:41:00::資料來源的型別 String 指定值無法轉換成指定目標資料行的型別 nvarchar。

2020-10-14 17:41:00::資料來源的型別 String 指定值無法轉換成指定目標資料行的型別 nvarchar。

2020-10-14 17:41:03::資料來源的型別 String 指定值無法轉換成指定目標資料行的型別 nvarchar。

2020-10-14 17:41:03::資料來源的型別 String 指定值無法轉換成指定目標資料行的型別 nvarchar。

2020-10-14 17:41:04::資料來源的型別 String 指定值無法轉換成指定目標資料行的型別 nvarchar。

2020-10-14 17:41:04::資料來源的型別 String 指定值無法轉換成指定目標資料行的型別 nvarchar。

2020-10-14 17:41:05::資料來源的型別 String 指定值無法轉換成指定目標資料行的型別 nvarchar。

2020-10-14 17:41:05::資料來源的型別 String 指定值無法轉換成指定目標資料行的型別 nvarchar。

2020-10-14 17:41:07::資料來源的型別 String 指定值無法轉換成指定目標資料行的型別 nvarchar。

2020-10-14 17:41:07::資料來源的型別 String 指定值無法轉換成指定目標資料行的型別 nvarchar。

2020-10-14 17:41:07::資料來源的型別 String 指定值無法轉換成指定目標資料行的型別 nvarchar。

2020-10-14 17:41:07::資料來源的型別 String 指定值無法轉換成指定目標資料行的型別 nvarchar。

2020-10-14 17:41:08::資料來源的型別 String 指定值無法轉換成指定目標資料行的型別 nvarchar。

2020-10-14 17:41:08::資料來源的型別 String 指定值無法轉換成指定目標資料行的型別 nvarchar。

2020-10-14 17:41:08::資料來源的型別 String 指定值無法轉換成指定目標資料行的型別 nvarchar。

2020-10-14 17:41:08::資料來源的型別 String 指定值無法轉換成指定目標資料行的型別 nvarchar。

2020-10-14 17:41:09::資料來源的型別 String 指定值無法轉換成指定目標資料行的型別 nvarchar。

2020-10-14 17:41:09::資料來源的型別 String 指定值無法轉換成指定目標資料行的型別 nvarchar。

2020-10-14 17:41:09::資料來源的型別 String 指定值無法轉換成指定目標資料行的型別 nvarchar。

2020-10-14 17:41:09::資料來源的型別 String 指定值無法轉換成指定目標資料行的型別 nvarchar。

2020-10-14 17:41:12::資料來源的型別 String 指定值無法轉換成指定目標資料行的型別 nvarchar。

2020-10-14 17:41:12::資料來源的型別 String 指定值無法轉換成指定目標資料行的型別 nvarchar。

2020-10-14 17:41:21::資料來源的型別 String 指定值無法轉換成指定目標資料行的型別 nvarchar。

2020-10-14 17:41:21::資料來源的型別 String 指定值無法轉換成指定目標資料行的型別 nvarchar。

2020-10-14 17:41:21::資料來源的型別 String 指定值無法轉換成指定目標資料行的型別 nvarchar。

2020-10-14 17:41:21::資料來源的型別 String 指定值無法轉換成指定目標資料行的型別 nvarchar。

2020-10-14 17:41:22::資料來源的型別 String 指定值無法轉換成指定目標資料行的型別 nvarchar。

2020-10-14 17:41:22::資料來源的型別 String 指定值無法轉換成指定目標資料行的型別 nvarchar。

2020-10-14 17:42:28::資料來源的型別 String 指定值無法轉換成指定目標資料行的型別 nvarchar。

2020-10-14 17:42:28::資料來源的型別 String 指定值無法轉換成指定目標資料行的型別 nvarchar。

2020-10-14 17:42:29::資料來源的型別 String 指定值無法轉換成指定目標資料行的型別 nvarchar。

2020-10-14 17:42:29::資料來源的型別 String 指定值無法轉換成指定目標資料行的型別 nvarchar。

2020-10-14 17:42:30::資料來源的型別 String 指定值無法轉換成指定目標資料行的型別 nvarchar。

2020-10-14 17:42:30::資料來源的型別 String 指定值無法轉換成指定目標資料行的型別 nvarchar。

2020-10-14 17:42:30::資料來源的型別 String 指定值無法轉換成指定目標資料行的型別 nvarchar。

2020-10-14 17:42:30::資料來源的型別 String 指定值無法轉換成指定目標資料行的型別 nvarchar。

2020-10-14 17:42:30::資料來源的型別 String 指定值無法轉換成指定目標資料行的型別 nvarchar。

2020-10-14 17:42:30::資料來源的型別 String 指定值無法轉換成指定目標資料行的型別 nvarchar。

2020-10-14 17:42:30::資料來源的型別 String 指定值無法轉換成指定目標資料行的型別 nvarchar。

2020-10-14 17:42:30::資料來源的型別 String 指定值無法轉換成指定目標資料行的型別 nvarchar。

2020-10-14 17:42:43::資料來源的型別 String 指定值無法轉換成指定目標資料行的型別 nvarchar。

2020-10-14 17:42:43::資料來源的型別 String 指定值無法轉換成指定目標資料行的型別 nvarchar。

2020-10-14 17:42:44::資料來源的型別 String 指定值無法轉換成指定目標資料行的型別 nvarchar。

2020-10-14 17:42:44::資料來源的型別 String 指定值無法轉換成指定目標資料行的型別 nvarchar。

2020-10-14 17:42:51::資料來源的型別 String 指定值無法轉換成指定目標資料行的型別 nvarchar。

2020-10-14 17:42:51::資料來源的型別 String 指定值無法轉換成指定目標資料行的型別 nvarchar。

2020-10-14 17:42:52::資料來源的型別 String 指定值無法轉換成指定目標資料行的型別 nvarchar。

2020-10-14 17:42:52::資料來源的型別 String 指定值無法轉換成指定目標資料行的型別 nvarchar。

2020-10-14 17:42:52::資料來源的型別 String 指定值無法轉換成指定目標資料行的型別 nvarchar。

2020-10-14 17:42:52::資料來源的型別 String 指定值無法轉換成指定目標資料行的型別 nvarchar。

2020-10-14 17:42:58::資料來源的型別 String 指定值無法轉換成指定目標資料行的型別 nvarchar。

2020-10-14 17:42:58::資料來源的型別 String 指定值無法轉換成指定目標資料行的型別 nvarchar。

2020-10-14 17:43:09::資料行 'Education' 不屬於資料表 Employee。

2020-10-14 17:43:10::資料行 'Education' 不屬於資料表 Employee。

2020-10-14 17:43:11::資料行 'Education' 不屬於資料表 Employee。

2020-10-14 17:43:12::資料行 'Education' 不屬於資料表 Employee。

2020-10-14 17:43:12::資料行 'Education' 不屬於資料表 Employee。

2020-10-14 17:43:12::資料行 'Education' 不屬於資料表 Employee。

2020-10-14 17:43:12::資料行 'Education' 不屬於資料表 Employee。

2020-10-14 17:43:12::資料行 'Education' 不屬於資料表 Employee。

2020-10-14 17:43:12::資料行 'Education' 不屬於資料表 Employee。

2020-10-14 17:43:13::資料行 'Education' 不屬於資料表 Employee。

2020-10-14 17:43:13::資料行 'Education' 不屬於資料表 Employee。

2020-10-14 17:43:13::資料行 'Education' 不屬於資料表 Employee。

2020-10-14 17:43:13::資料行 'Education' 不屬於資料表 Employee。

2020-10-14 17:43:14::資料行 'Education' 不屬於資料表 Employee。

2020-10-14 17:43:48::資料行 'Education' 不屬於資料表 Employee。

2020-10-14 17:43:50::資料行 'Education' 不屬於資料表 Employee。

2020-10-14 17:43:51::資料行 'Education' 不屬於資料表 Employee。

2020-10-14 17:43:51::資料行 'Education' 不屬於資料表 Employee。

2020-10-14 17:43:52::資料行 'Education' 不屬於資料表 Employee。

2020-10-14 17:43:52::資料行 'Education' 不屬於資料表 Employee。

2020-10-14 17:43:52::資料行 'Education' 不屬於資料表 Employee。

2020-10-14 17:43:59::資料行 'Education' 不屬於資料表 Employee。

2020-10-14 17:43:59::資料行 'Education' 不屬於資料表 Employee。

2020-10-14 17:43:59::資料行 'Education' 不屬於資料表 Employee。

2020-10-14 17:43:59::資料行 'Education' 不屬於資料表 Employee。

2020-10-14 17:44:00::資料行 'Education' 不屬於資料表 Employee。

2020-10-14 17:44:00::資料行 'Education' 不屬於資料表 Employee。

2020-10-14 17:44:00::資料行 'Education' 不屬於資料表 Employee。

2020-10-14 17:44:00::資料行 'Education' 不屬於資料表 Employee。

2020-10-14 17:44:01::資料行 'Education' 不屬於資料表 Employee。

2020-10-14 17:44:01::資料行 'Education' 不屬於資料表 Employee。

2020-10-14 17:44:01::資料行 'Education' 不屬於資料表 Employee。

2020-10-14 17:44:02::資料行 'Education' 不屬於資料表 Employee。

2020-10-14 17:44:02::資料行 'Education' 不屬於資料表 Employee。

2020-10-14 17:44:04::資料行 'Education' 不屬於資料表 Employee。

2020-10-14 17:44:04::資料行 'Education' 不屬於資料表 Employee。

2020-10-14 17:44:04::資料行 'Education' 不屬於資料表 Employee。

2020-10-14 17:44:05::資料行 'Education' 不屬於資料表 Employee。

2020-10-14 17:46:10::資料來源的型別 String 指定值無法轉換成指定目標資料行的型別 nvarchar。

2020-10-14 17:46:10::資料來源的型別 String 指定值無法轉換成指定目標資料行的型別 nvarchar。

2020-10-14 17:46:13::資料來源的型別 String 指定值無法轉換成指定目標資料行的型別 nvarchar。

2020-10-14 17:46:13::資料來源的型別 String 指定值無法轉換成指定目標資料行的型別 nvarchar。

2020-10-14 17:46:15::資料來源的型別 String 指定值無法轉換成指定目標資料行的型別 nvarchar。

2020-10-14 17:46:15::資料來源的型別 String 指定值無法轉換成指定目標資料行的型別 nvarchar。

2020-10-14 17:46:16::資料來源的型別 String 指定值無法轉換成指定目標資料行的型別 nvarchar。

2020-10-14 17:46:16::資料來源的型別 String 指定值無法轉換成指定目標資料行的型別 nvarchar。

2020-10-14 17:46:16::資料來源的型別 String 指定值無法轉換成指定目標資料行的型別 nvarchar。

2020-10-14 17:46:16::資料來源的型別 String 指定值無法轉換成指定目標資料行的型別 nvarchar。

2020-10-14 17:46:17::資料來源的型別 String 指定值無法轉換成指定目標資料行的型別 nvarchar。

2020-10-14 17:46:17::資料來源的型別 String 指定值無法轉換成指定目標資料行的型別 nvarchar。

2020-10-14 17:46:19::資料來源的型別 String 指定值無法轉換成指定目標資料行的型別 nvarchar。

2020-10-14 17:46:19::資料來源的型別 String 指定值無法轉換成指定目標資料行的型別 nvarchar。

2020-10-14 17:46:22::資料來源的型別 String 指定值無法轉換成指定目標資料行的型別 nvarchar。

2020-10-14 17:46:22::資料來源的型別 String 指定值無法轉換成指定目標資料行的型別 nvarchar。

2020-10-14 17:46:23::資料來源的型別 String 指定值無法轉換成指定目標資料行的型別 nvarchar。

2020-10-14 17:46:23::資料來源的型別 String 指定值無法轉換成指定目標資料行的型別 nvarchar。

2020-10-14 17:46:32::資料來源的型別 String 指定值無法轉換成指定目標資料行的型別 nvarchar。

2020-10-14 17:46:32::資料來源的型別 String 指定值無法轉換成指定目標資料行的型別 nvarchar。

2020-10-14 17:46:33::資料來源的型別 String 指定值無法轉換成指定目標資料行的型別 nvarchar。

2020-10-14 17:46:33::資料來源的型別 String 指定值無法轉換成指定目標資料行的型別 nvarchar。

2020-10-14 17:46:33::資料來源的型別 String 指定值無法轉換成指定目標資料行的型別 nvarchar。

2020-10-14 17:46:33::資料來源的型別 String 指定值無法轉換成指定目標資料行的型別 nvarchar。

2020-10-14 17:46:34::資料來源的型別 String 指定值無法轉換成指定目標資料行的型別 nvarchar。

2020-10-14 17:46:34::資料來源的型別 String 指定值無法轉換成指定目標資料行的型別 nvarchar。

2020-10-14 17:46:34::資料來源的型別 String 指定值無法轉換成指定目標資料行的型別 nvarchar。

2020-10-14 17:46:34::資料來源的型別 String 指定值無法轉換成指定目標資料行的型別 nvarchar。

2020-10-14 17:46:34::資料來源的型別 String 指定值無法轉換成指定目標資料行的型別 nvarchar。

2020-10-14 17:46:34::資料來源的型別 String 指定值無法轉換成指定目標資料行的型別 nvarchar。

2020-10-14 17:46:42::資料來源的型別 String 指定值無法轉換成指定目標資料行的型別 nvarchar。

2020-10-14 17:46:42::資料來源的型別 String 指定值無法轉換成指定目標資料行的型別 nvarchar。

2020-10-14 17:46:42::資料來源的型別 String 指定值無法轉換成指定目標資料行的型別 nvarchar。

2020-10-14 17:46:42::資料來源的型別 String 指定值無法轉換成指定目標資料行的型別 nvarchar。

2020-10-14 17:46:48::資料來源的型別 String 指定值無法轉換成指定目標資料行的型別 nvarchar。

2020-10-14 17:46:48::資料來源的型別 String 指定值無法轉換成指定目標資料行的型別 nvarchar。

2020-10-14 17:47:42::資料來源的型別 String 指定值無法轉換成指定目標資料行的型別 nvarchar。

2020-10-14 17:47:42::資料來源的型別 String 指定值無法轉換成指定目標資料行的型別 nvarchar。

2020-10-14 17:47:45::資料來源的型別 String 指定值無法轉換成指定目標資料行的型別 nvarchar。

2020-10-14 17:47:45::資料來源的型別 String 指定值無法轉換成指定目標資料行的型別 nvarchar。

2020-10-14 17:47:45::資料來源的型別 String 指定值無法轉換成指定目標資料行的型別 nvarchar。

2020-10-14 17:47:45::資料來源的型別 String 指定值無法轉換成指定目標資料行的型別 nvarchar。

2020-10-14 17:47:45::資料來源的型別 String 指定值無法轉換成指定目標資料行的型別 nvarchar。

2020-10-14 17:47:45::資料來源的型別 String 指定值無法轉換成指定目標資料行的型別 nvarchar。

2020-10-14 17:47:53::資料來源的型別 String 指定值無法轉換成指定目標資料行的型別 nvarchar。

2020-10-14 17:47:53::資料來源的型別 String 指定值無法轉換成指定目標資料行的型別 nvarchar。

2020-10-14 17:47:54::資料來源的型別 String 指定值無法轉換成指定目標資料行的型別 nvarchar。

2020-10-14 17:47:54::資料來源的型別 String 指定值無法轉換成指定目標資料行的型別 nvarchar。

2020-10-14 17:47:55::資料來源的型別 String 指定值無法轉換成指定目標資料行的型別 nvarchar。

2020-10-14 17:47:55::資料來源的型別 String 指定值無法轉換成指定目標資料行的型別 nvarchar。

2020-10-14 17:47:55::資料來源的型別 String 指定值無法轉換成指定目標資料行的型別 nvarchar。

2020-10-14 17:47:55::資料來源的型別 String 指定值無法轉換成指定目標資料行的型別 nvarchar。

2020-10-14 17:47:55::資料來源的型別 String 指定值無法轉換成指定目標資料行的型別 nvarchar。

2020-10-14 17:47:55::資料來源的型別 String 指定值無法轉換成指定目標資料行的型別 nvarchar。

2020-10-14 17:47:55::資料來源的型別 String 指定值無法轉換成指定目標資料行的型別 nvarchar。

2020-10-14 17:47:55::資料來源的型別 String 指定值無法轉換成指定目標資料行的型別 nvarchar。

2020-10-14 17:47:56::資料來源的型別 String 指定值無法轉換成指定目標資料行的型別 nvarchar。

2020-10-14 17:47:56::資料來源的型別 String 指定值無法轉換成指定目標資料行的型別 nvarchar。

2020-10-14 17:47:56::資料來源的型別 String 指定值無法轉換成指定目標資料行的型別 nvarchar。

2020-10-14 17:47:56::資料來源的型別 String 指定值無法轉換成指定目標資料行的型別 nvarchar。

2020-10-14 17:47:56::資料來源的型別 String 指定值無法轉換成指定目標資料行的型別 nvarchar。

2020-10-14 17:47:56::資料來源的型別 String 指定值無法轉換成指定目標資料行的型別 nvarchar。

2020-10-14 17:48:14::資料來源的型別 String 指定值無法轉換成指定目標資料行的型別 nvarchar。

2020-10-14 17:48:14::資料來源的型別 String 指定值無法轉換成指定目標資料行的型別 nvarchar。

2020-10-14 17:48:16::資料來源的型別 String 指定值無法轉換成指定目標資料行的型別 nvarchar。

2020-10-14 17:48:16::資料來源的型別 String 指定值無法轉換成指定目標資料行的型別 nvarchar。

2020-10-14 17:49:22::資料來源的型別 String 指定值無法轉換成指定目標資料行的型別 nvarchar。

2020-10-14 17:49:22::資料來源的型別 String 指定值無法轉換成指定目標資料行的型別 nvarchar。

2020-10-14 17:49:24::資料來源的型別 String 指定值無法轉換成指定目標資料行的型別 nvarchar。

2020-10-14 17:49:24::資料來源的型別 String 指定值無法轉換成指定目標資料行的型別 nvarchar。

2020-10-14 17:49:29::資料來源的型別 String 指定值無法轉換成指定目標資料行的型別 nvarchar。

2020-10-14 17:49:29::資料來源的型別 String 指定值無法轉換成指定目標資料行的型別 nvarchar。

2020-10-14 20:37:49::資料來源的型別 String 指定值無法轉換成指定目標資料行的型別 nvarchar。

2020-10-14 20:37:49::資料來源的型別 String 指定值無法轉換成指定目標資料行的型別 nvarchar。

2020-10-14 20:37:55::資料來源的型別 String 指定值無法轉換成指定目標資料行的型別 nvarchar。

2020-10-14 20:37:55::資料來源的型別 String 指定值無法轉換成指定目標資料行的型別 nvarchar。

2020-10-14 20:37:55::資料來源的型別 String 指定值無法轉換成指定目標資料行的型別 nvarchar。

2020-10-14 20:37:55::資料來源的型別 String 指定值無法轉換成指定目標資料行的型別 nvarchar。

2020-10-14 20:37:58::資料來源的型別 String 指定值無法轉換成指定目標資料行的型別 nvarchar。

2020-10-14 20:37:58::資料來源的型別 String 指定值無法轉換成指定目標資料行的型別 nvarchar。

2020-10-14 20:38:09::資料來源的型別 String 指定值無法轉換成指定目標資料行的型別 nvarchar。

2020-10-14 20:38:09::資料來源的型別 String 指定值無法轉換成指定目標資料行的型別 nvarchar。

2020-10-14 20:38:23::資料來源的型別 String 指定值無法轉換成指定目標資料行的型別 nvarchar。

2020-10-14 20:38:23::資料來源的型別 String 指定值無法轉換成指定目標資料行的型別 nvarchar。

2020-10-14 20:38:25::資料來源的型別 String 指定值無法轉換成指定目標資料行的型別 nvarchar。

2020-10-14 20:38:25::資料來源的型別 String 指定值無法轉換成指定目標資料行的型別 nvarchar。

2020-10-14 20:38:26::資料來源的型別 String 指定值無法轉換成指定目標資料行的型別 nvarchar。

2020-10-14 20:38:26::資料來源的型別 String 指定值無法轉換成指定目標資料行的型別 nvarchar。

2020-10-14 20:38:26::資料來源的型別 String 指定值無法轉換成指定目標資料行的型別 nvarchar。

2020-10-14 20:38:26::資料來源的型別 String 指定值無法轉換成指定目標資料行的型別 nvarchar。

2020-10-14 20:38:27::資料來源的型別 String 指定值無法轉換成指定目標資料行的型別 nvarchar。

2020-10-14 20:38:27::資料來源的型別 String 指定值無法轉換成指定目標資料行的型別 nvarchar。

2020-10-14 20:38:29::資料來源的型別 String 指定值無法轉換成指定目標資料行的型別 nvarchar。

2020-10-14 20:38:29::資料來源的型別 String 指定值無法轉換成指定目標資料行的型別 nvarchar。

2020-10-14 20:38:30::資料來源的型別 String 指定值無法轉換成指定目標資料行的型別 nvarchar。

2020-10-14 20:38:30::資料來源的型別 String 指定值無法轉換成指定目標資料行的型別 nvarchar。

2020-10-14 20:38:31::資料來源的型別 String 指定值無法轉換成指定目標資料行的型別 nvarchar。

2020-10-14 20:38:31::資料來源的型別 String 指定值無法轉換成指定目標資料行的型別 nvarchar。

2020-10-14 20:38:31::資料來源的型別 String 指定值無法轉換成指定目標資料行的型別 nvarchar。

2020-10-14 20:38:31::資料來源的型別 String 指定值無法轉換成指定目標資料行的型別 nvarchar。

2020-10-14 20:38:32::資料來源的型別 String 指定值無法轉換成指定目標資料行的型別 nvarchar。

2020-10-14 20:38:32::資料來源的型別 String 指定值無法轉換成指定目標資料行的型別 nvarchar。

2020-10-14 20:38:32::資料來源的型別 String 指定值無法轉換成指定目標資料行的型別 nvarchar。

2020-10-14 20:38:32::資料來源的型別 String 指定值無法轉換成指定目標資料行的型別 nvarchar。

2020-10-14 20:38:33::資料來源的型別 String 指定值無法轉換成指定目標資料行的型別 nvarchar。

2020-10-14 20:38:33::資料來源的型別 String 指定值無法轉換成指定目標資料行的型別 nvarchar。

2020-10-14 20:38:34::資料來源的型別 String 指定值無法轉換成指定目標資料行的型別 nvarchar。

2020-10-14 20:38:34::資料來源的型別 String 指定值無法轉換成指定目標資料行的型別 nvarchar。

2020-10-14 20:38:36::資料來源的型別 String 指定值無法轉換成指定目標資料行的型別 nvarchar。

2020-10-14 20:38:36::資料來源的型別 String 指定值無法轉換成指定目標資料行的型別 nvarchar。

2020-10-14 20:39:05::資料來源的型別 String 指定值無法轉換成指定目標資料行的型別 nvarchar。

2020-10-14 20:39:05::資料來源的型別 String 指定值無法轉換成指定目標資料行的型別 nvarchar。

2020-10-14 20:39:34::資料來源的型別 String 指定值無法轉換成指定目標資料行的型別 nvarchar。

2020-10-14 20:39:34::資料來源的型別 String 指定值無法轉換成指定目標資料行的型別 nvarchar。

2020-10-14 20:39:42::資料來源的型別 String 指定值無法轉換成指定目標資料行的型別 nvarchar。

2020-10-14 20:39:42::資料來源的型別 String 指定值無法轉換成指定目標資料行的型別 nvarchar。

2020-10-14 20:39:44::資料來源的型別 String 指定值無法轉換成指定目標資料行的型別 nvarchar。

2020-10-14 20:39:44::資料來源的型別 String 指定值無法轉換成指定目標資料行的型別 nvarchar。

2020-10-14 20:39:49::資料來源的型別 String 指定值無法轉換成指定目標資料行的型別 nvarchar。

2020-10-14 20:39:49::資料來源的型別 String 指定值無法轉換成指定目標資料行的型別 nvarchar。

2020-10-14 20:39:51::資料來源的型別 String 指定值無法轉換成指定目標資料行的型別 nvarchar。

2020-10-14 20:39:51::資料來源的型別 String 指定值無法轉換成指定目標資料行的型別 nvarchar。

2020-10-14 20:39:52::資料來源的型別 String 指定值無法轉換成指定目標資料行的型別 nvarchar。

2020-10-14 20:39:52::資料來源的型別 String 指定值無法轉換成指定目標資料行的型別 nvarchar。

2020-10-14 20:39:57::資料來源的型別 String 指定值無法轉換成指定目標資料行的型別 nvarchar。

2020-10-14 20:39:57::資料來源的型別 String 指定值無法轉換成指定目標資料行的型別 nvarchar。

2020-10-14 20:43:45::資料來源的型別 String 指定值無法轉換成指定目標資料行的型別 nvarchar。

2020-10-14 20:43:45::資料來源的型別 String 指定值無法轉換成指定目標資料行的型別 nvarchar。

2020-10-14 20:43:56::資料來源的型別 String 指定值無法轉換成指定目標資料行的型別 nvarchar。

2020-10-14 20:43:56::資料來源的型別 String 指定值無法轉換成指定目標資料行的型別 nvarchar。

2020-10-14 20:43:57::資料來源的型別 String 指定值無法轉換成指定目標資料行的型別 nvarchar。

2020-10-14 20:43:57::資料來源的型別 String 指定值無法轉換成指定目標資料行的型別 nvarchar。

2020-10-14 20:43:57::資料來源的型別 String 指定值無法轉換成指定目標資料行的型別 nvarchar。

2020-10-14 20:43:58::資料來源的型別 String 指定值無法轉換成指定目標資料行的型別 nvarchar。

2020-10-14 20:44:10::資料來源的型別 String 指定值無法轉換成指定目標資料行的型別 nvarchar。

2020-10-14 20:44:10::資料來源的型別 String 指定值無法轉換成指定目標資料行的型別 nvarchar。

2020-10-14 20:44:11::資料來源的型別 String 指定值無法轉換成指定目標資料行的型別 nvarchar。

2020-10-14 20:44:11::資料來源的型別 String 指定值無法轉換成指定目標資料行的型別 nvarchar。

2020-10-14 20:50:06::資料來源的型別 String 指定值無法轉換成指定目標資料行的型別 nvarchar。

2020-10-14 20:50:06::資料來源的型別 String 指定值無法轉換成指定目標資料行的型別 nvarchar。

2020-10-14 20:50:08::資料來源的型別 String 指定值無法轉換成指定目標資料行的型別 nvarchar。

2020-10-14 20:50:08::資料來源的型別 String 指定值無法轉換成指定目標資料行的型別 nvarchar。

2020-10-14 20:50:08::資料來源的型別 String 指定值無法轉換成指定目標資料行的型別 nvarchar。

2020-10-14 20:50:08::資料來源的型別 String 指定值無法轉換成指定目標資料行的型別 nvarchar。

2020-10-14 20:50:10::資料來源的型別 String 指定值無法轉換成指定目標資料行的型別 nvarchar。

2020-10-14 20:50:10::資料來源的型別 String 指定值無法轉換成指定目標資料行的型別 nvarchar。

2020-10-14 20:50:16::資料來源的型別 String 指定值無法轉換成指定目標資料行的型別 nvarchar。

2020-10-14 20:50:16::資料來源的型別 String 指定值無法轉換成指定目標資料行的型別 nvarchar。

2020-10-14 20:50:18::資料來源的型別 String 指定值無法轉換成指定目標資料行的型別 nvarchar。

2020-10-14 20:50:18::資料來源的型別 String 指定值無法轉換成指定目標資料行的型別 nvarchar。

2020-10-14 20:50:19::資料來源的型別 String 指定值無法轉換成指定目標資料行的型別 nvarchar。

2020-10-14 20:50:19::資料來源的型別 String 指定值無法轉換成指定目標資料行的型別 nvarchar。

2020-10-14 20:50:22::資料來源的型別 String 指定值無法轉換成指定目標資料行的型別 nvarchar。

2020-10-14 20:50:22::資料來源的型別 String 指定值無法轉換成指定目標資料行的型別 nvarchar。

2020-10-14 20:50:22::資料來源的型別 String 指定值無法轉換成指定目標資料行的型別 nvarchar。

2020-10-14 20:50:22::資料來源的型別 String 指定值無法轉換成指定目標資料行的型別 nvarchar。

2020-10-14 20:50:23::資料來源的型別 String 指定值無法轉換成指定目標資料行的型別 nvarchar。

2020-10-14 20:50:23::資料來源的型別 String 指定值無法轉換成指定目標資料行的型別 nvarchar。

2020-10-14 20:50:23::資料來源的型別 String 指定值無法轉換成指定目標資料行的型別 nvarchar。

2020-10-14 20:50:23::資料來源的型別 String 指定值無法轉換成指定目標資料行的型別 nvarchar。

2020-10-14 20:50:24::資料來源的型別 String 指定值無法轉換成指定目標資料行的型別 nvarchar。

2020-10-14 20:50:24::資料來源的型別 String 指定值無法轉換成指定目標資料行的型別 nvarchar。

2020-10-14 20:50:24::資料來源的型別 String 指定值無法轉換成指定目標資料行的型別 nvarchar。

2020-10-14 20:50:24::資料來源的型別 String 指定值無法轉換成指定目標資料行的型別 nvarchar。

2020-10-14 20:50:45::資料來源的型別 String 指定值無法轉換成指定目標資料行的型別 nvarchar。

2020-10-14 20:50:45::資料來源的型別 String 指定值無法轉換成指定目標資料行的型別 nvarchar。

2020-10-14 20:50:46::資料來源的型別 String 指定值無法轉換成指定目標資料行的型別 nvarchar。

2020-10-14 20:50:46::資料來源的型別 String 指定值無法轉換成指定目標資料行的型別 nvarchar。

2020-10-14 20:50:51::資料來源的型別 String 指定值無法轉換成指定目標資料行的型別 nvarchar。

2020-10-14 20:50:51::資料來源的型別 String 指定值無法轉換成指定目標資料行的型別 nvarchar。

2020-10-14 20:50:52::資料來源的型別 String 指定值無法轉換成指定目標資料行的型別 nvarchar。

2020-10-14 20:50:52::資料來源的型別 String 指定值無法轉換成指定目標資料行的型別 nvarchar。

2020-10-14 20:59:27::資料來源的型別 String 指定值無法轉換成指定目標資料行的型別 nvarchar。

2020-10-14 20:59:27::資料來源的型別 String 指定值無法轉換成指定目標資料行的型別 nvarchar。

2020-10-14 20:59:27::資料來源的型別 String 指定值無法轉換成指定目標資料行的型別 nvarchar。

2020-10-14 20:59:27::資料來源的型別 String 指定值無法轉換成指定目標資料行的型別 nvarchar。

2020-10-14 20:59:32::資料來源的型別 String 指定值無法轉換成指定目標資料行的型別 nvarchar。

2020-10-14 20:59:32::資料來源的型別 String 指定值無法轉換成指定目標資料行的型別 nvarchar。

2020-10-14 20:59:44::資料來源的型別 String 指定值無法轉換成指定目標資料行的型別 nvarchar。

2020-10-14 20:59:44::資料來源的型別 String 指定值無法轉換成指定目標資料行的型別 nvarchar。

2020-10-14 20:59:44::資料來源的型別 String 指定值無法轉換成指定目標資料行的型別 nvarchar。

2020-10-14 20:59:44::資料來源的型別 String 指定值無法轉換成指定目標資料行的型別 nvarchar。

2020-10-14 20:59:49::資料來源的型別 String 指定值無法轉換成指定目標資料行的型別 nvarchar。

2020-10-14 20:59:49::資料來源的型別 String 指定值無法轉換成指定目標資料行的型別 nvarchar。

2020-10-14 20:59:50::資料來源的型別 String 指定值無法轉換成指定目標資料行的型別 nvarchar。

2020-10-14 20:59:50::資料來源的型別 String 指定值無法轉換成指定目標資料行的型別 nvarchar。

2020-10-14 21:00:13::資料來源的型別 String 指定值無法轉換成指定目標資料行的型別 nvarchar。

2020-10-14 21:00:13::資料來源的型別 String 指定值無法轉換成指定目標資料行的型別 nvarchar。

2020-10-14 21:00:28::資料來源的型別 String 指定值無法轉換成指定目標資料行的型別 nvarchar。

2020-10-14 21:00:28::資料來源的型別 String 指定值無法轉換成指定目標資料行的型別 nvarchar。

2020-10-14 21:00:29::資料來源的型別 String 指定值無法轉換成指定目標資料行的型別 nvarchar。

2020-10-14 21:00:29::資料來源的型別 String 指定值無法轉換成指定目標資料行的型別 nvarchar。

2020-10-14 21:00:30::資料來源的型別 String 指定值無法轉換成指定目標資料行的型別 nvarchar。

2020-10-14 21:00:30::資料來源的型別 String 指定值無法轉換成指定目標資料行的型別 nvarchar。

2020-10-14 21:00:31::資料來源的型別 String 指定值無法轉換成指定目標資料行的型別 nvarchar。

2020-10-14 21:00:31::資料來源的型別 String 指定值無法轉換成指定目標資料行的型別 nvarchar。

2020-10-14 21:00:32::資料來源的型別 String 指定值無法轉換成指定目標資料行的型別 nvarchar。

2020-10-14 21:00:32::資料來源的型別 String 指定值無法轉換成指定目標資料行的型別 nvarchar。

2020-10-14 21:00:32::資料來源的型別 String 指定值無法轉換成指定目標資料行的型別 nvarchar。

2020-10-14 21:00:32::資料來源的型別 String 指定值無法轉換成指定目標資料行的型別 nvarchar。

2020-10-14 21:00:32::資料來源的型別 String 指定值無法轉換成指定目標資料行的型別 nvarchar。

2020-10-14 21:00:32::資料來源的型別 String 指定值無法轉換成指定目標資料行的型別 nvarchar。

2020-10-14 21:00:33::資料來源的型別 String 指定值無法轉換成指定目標資料行的型別 nvarchar。

2020-10-14 21:00:33::資料來源的型別 String 指定值無法轉換成指定目標資料行的型別 nvarchar。

2020-10-14 21:00:33::資料來源的型別 String 指定值無法轉換成指定目標資料行的型別 nvarchar。

2020-10-14 21:00:33::資料來源的型別 String 指定值無法轉換成指定目標資料行的型別 nvarchar。

2020-10-14 21:00:34::資料來源的型別 String 指定值無法轉換成指定目標資料行的型別 nvarchar。

2020-10-14 21:00:34::資料來源的型別 String 指定值無法轉換成指定目標資料行的型別 nvarchar。

2020-10-14 21:00:35::資料來源的型別 String 指定值無法轉換成指定目標資料行的型別 nvarchar。

2020-10-14 21:00:35::資料來源的型別 String 指定值無法轉換成指定目標資料行的型別 nvarchar。

2020-10-14 21:00:37::資料來源的型別 String 指定值無法轉換成指定目標資料行的型別 nvarchar。

2020-10-14 21:00:37::資料來源的型別 String 指定值無法轉換成指定目標資料行的型別 nvarchar。

2020-10-14 21:00:37::資料來源的型別 String 指定值無法轉換成指定目標資料行的型別 nvarchar。

2020-10-14 21:00:37::資料來源的型別 String 指定值無法轉換成指定目標資料行的型別 nvarchar。

2020-10-14 21:00:38::資料來源的型別 String 指定值無法轉換成指定目標資料行的型別 nvarchar。

2020-10-14 21:00:38::資料來源的型別 String 指定值無法轉換成指定目標資料行的型別 nvarchar。

2020-10-14 21:00:49::資料來源的型別 String 指定值無法轉換成指定目標資料行的型別 nvarchar。

2020-10-14 21:00:49::資料來源的型別 String 指定值無法轉換成指定目標資料行的型別 nvarchar。

2020-10-14 21:00:55::資料來源的型別 String 指定值無法轉換成指定目標資料行的型別 nvarchar。

2020-10-14 21:00:55::資料來源的型別 String 指定值無法轉換成指定目標資料行的型別 nvarchar。

2020-10-14 21:00:55::資料來源的型別 String 指定值無法轉換成指定目標資料行的型別 nvarchar。

2020-10-14 21:00:55::資料來源的型別 String 指定值無法轉換成指定目標資料行的型別 nvarchar。

2020-10-14 21:01:08::資料來源的型別 String 指定值無法轉換成指定目標資料行的型別 nvarchar。

2020-10-14 21:01:08::資料來源的型別 String 指定值無法轉換成指定目標資料行的型別 nvarchar。

2020-10-14 21:01:08::資料來源的型別 String 指定值無法轉換成指定目標資料行的型別 nvarchar。

2020-10-14 21:01:08::資料來源的型別 String 指定值無法轉換成指定目標資料行的型別 nvarchar。

2020-10-14 21:01:08::資料來源的型別 String 指定值無法轉換成指定目標資料行的型別 nvarchar。

2020-10-14 21:01:08::資料來源的型別 String 指定值無法轉換成指定目標資料行的型別 nvarchar。

2020-10-14 21:01:09::資料來源的型別 String 指定值無法轉換成指定目標資料行的型別 nvarchar。

2020-10-14 21:01:09::資料來源的型別 String 指定值無法轉換成指定目標資料行的型別 nvarchar。

2020-10-14 21:01:09::資料來源的型別 String 指定值無法轉換成指定目標資料行的型別 nvarchar。

2020-10-14 21:01:09::資料來源的型別 String 指定值無法轉換成指定目標資料行的型別 nvarchar。

2020-10-14 21:01:09::資料來源的型別 String 指定值無法轉換成指定目標資料行的型別 nvarchar。

2020-10-14 21:01:09::資料來源的型別 String 指定值無法轉換成指定目標資料行的型別 nvarchar。

2020-10-14 21:58:15::資料來源的型別 String 指定值無法轉換成指定目標資料行的型別 nvarchar。

2020-10-14 21:58:15::資料來源的型別 String 指定值無法轉換成指定目標資料行的型別 nvarchar。

2020-10-14 21:58:44::資料來源的型別 String 指定值無法轉換成指定目標資料行的型別 nvarchar。

2020-10-14 21:58:44::資料來源的型別 String 指定值無法轉換成指定目標資料行的型別 nvarchar。

2020-10-14 21:58:46::資料來源的型別 String 指定值無法轉換成指定目標資料行的型別 nvarchar。

2020-10-14 21:58:46::資料來源的型別 String 指定值無法轉換成指定目標資料行的型別 nvarchar。

2020-10-14 21:58:59::資料來源的型別 String 指定值無法轉換成指定目標資料行的型別 nvarchar。

2020-10-14 21:58:59::資料來源的型別 String 指定值無法轉換成指定目標資料行的型別 nvarchar。

2020-10-14 22:00:32::資料來源的型別 String 指定值無法轉換成指定目標資料行的型別 nvarchar。

2020-10-14 22:00:32::資料來源的型別 String 指定值無法轉換成指定目標資料行的型別 nvarchar。

2020-10-14 22:00:32::資料來源的型別 String 指定值無法轉換成指定目標資料行的型別 nvarchar。

2020-10-14 22:00:32::資料來源的型別 String 指定值無法轉換成指定目標資料行的型別 nvarchar。

2020-10-14 22:00:33::資料來源的型別 String 指定值無法轉換成指定目標資料行的型別 nvarchar。

2020-10-14 22:00:33::資料來源的型別 String 指定值無法轉換成指定目標資料行的型別 nvarchar。

2020-10-14 22:00:34::資料來源的型別 String 指定值無法轉換成指定目標資料行的型別 nvarchar。

2020-10-14 22:00:34::資料來源的型別 String 指定值無法轉換成指定目標資料行的型別 nvarchar。

2020-10-14 22:00:35::資料來源的型別 String 指定值無法轉換成指定目標資料行的型別 nvarchar。

2020-10-14 22:00:35::資料來源的型別 String 指定值無法轉換成指定目標資料行的型別 nvarchar。

2020-10-14 22:28:23::資料來源的型別 String 指定值無法轉換成指定目標資料行的型別 nvarchar。

2020-10-14 22:28:23::資料來源的型別 String 指定值無法轉換成指定目標資料行的型別 nvarchar。

2020-10-14 22:28:24::資料來源的型別 String 指定值無法轉換成指定目標資料行的型別 nvarchar。

2020-10-14 22:28:24::資料來源的型別 String 指定值無法轉換成指定目標資料行的型別 nvarchar。

2020-10-14 22:28:25::資料來源的型別 String 指定值無法轉換成指定目標資料行的型別 nvarchar。

2020-10-14 22:28:25::資料來源的型別 String 指定值無法轉換成指定目標資料行的型別 nvarchar。

2020-10-14 22:28:25::資料來源的型別 String 指定值無法轉換成指定目標資料行的型別 nvarchar。

2020-10-14 22:28:25::資料來源的型別 String 指定值無法轉換成指定目標資料行的型別 nvarchar。

2020-10-14 22:28:26::資料來源的型別 String 指定值無法轉換成指定目標資料行的型別 nvarchar。

2020-10-14 22:28:26::資料來源的型別 String 指定值無法轉換成指定目標資料行的型別 nvarchar。

2020-10-14 22:28:26::資料來源的型別 String 指定值無法轉換成指定目標資料行的型別 nvarchar。

2020-10-14 22:28:26::資料來源的型別 String 指定值無法轉換成指定目標資料行的型別 nvarchar。

2020-10-14 22:28:32::資料來源的型別 String 指定值無法轉換成指定目標資料行的型別 nvarchar。

2020-10-14 22:28:32::資料來源的型別 String 指定值無法轉換成指定目標資料行的型別 nvarchar。

2020-10-14 22:28:32::資料來源的型別 String 指定值無法轉換成指定目標資料行的型別 nvarchar。

2020-10-14 22:28:32::資料來源的型別 String 指定值無法轉換成指定目標資料行的型別 nvarchar。

2020-10-14 22:28:33::資料來源的型別 String 指定值無法轉換成指定目標資料行的型別 nvarchar。

2020-10-14 22:28:33::資料來源的型別 String 指定值無法轉換成指定目標資料行的型別 nvarchar。

2020-10-14 22:28:34::資料來源的型別 String 指定值無法轉換成指定目標資料行的型別 nvarchar。

2020-10-14 22:28:34::資料來源的型別 String 指定值無法轉換成指定目標資料行的型別 nvarchar。

2020-10-14 22:28:34::資料來源的型別 String 指定值無法轉換成指定目標資料行的型別 nvarchar。

2020-10-14 22:28:34::資料來源的型別 String 指定值無法轉換成指定目標資料行的型別 nvarchar。

2020-10-14 22:28:35::資料來源的型別 String 指定值無法轉換成指定目標資料行的型別 nvarchar。

2020-10-14 22:28:35::資料來源的型別 String 指定值無法轉換成指定目標資料行的型別 nvarchar。

2020-10-14 22:28:35::資料來源的型別 String 指定值無法轉換成指定目標資料行的型別 nvarchar。

2020-10-14 22:28:35::資料來源的型別 String 指定值無法轉換成指定目標資料行的型別 nvarchar。

2020-10-14 22:28:52::資料來源的型別 String 指定值無法轉換成指定目標資料行的型別 nvarchar。

2020-10-14 22:28:52::資料來源的型別 String 指定值無法轉換成指定目標資料行的型別 nvarchar。

2020-10-14 22:28:55::資料來源的型別 String 指定值無法轉換成指定目標資料行的型別 nvarchar。

2020-10-14 22:28:55::資料來源的型別 String 指定值無法轉換成指定目標資料行的型別 nvarchar。

2020-10-14 22:28:55::資料來源的型別 String 指定值無法轉換成指定目標資料行的型別 nvarchar。

2020-10-14 22:28:55::資料來源的型別 String 指定值無法轉換成指定目標資料行的型別 nvarchar。

2020-10-14 22:29:00::資料來源的型別 String 指定值無法轉換成指定目標資料行的型別 nvarchar。

2020-10-14 22:29:00::資料來源的型別 String 指定值無法轉換成指定目標資料行的型別 nvarchar。

2020-10-14 22:29:01::資料來源的型別 String 指定值無法轉換成指定目標資料行的型別 nvarchar。

2020-10-14 22:29:01::資料來源的型別 String 指定值無法轉換成指定目標資料行的型別 nvarchar。

2020-10-14 22:29:01::資料來源的型別 String 指定值無法轉換成指定目標資料行的型別 nvarchar。

2020-10-14 22:29:01::資料來源的型別 String 指定值無法轉換成指定目標資料行的型別 nvarchar。

2020-10-14 22:29:02::資料來源的型別 String 指定值無法轉換成指定目標資料行的型別 nvarchar。

2020-10-14 22:29:02::資料來源的型別 String 指定值無法轉換成指定目標資料行的型別 nvarchar。

2020-10-14 22:29:02::資料來源的型別 String 指定值無法轉換成指定目標資料行的型別 nvarchar。

2020-10-14 22:29:02::資料來源的型別 String 指定值無法轉換成指定目標資料行的型別 nvarchar。

2020-10-14 22:29:05::資料來源的型別 String 指定值無法轉換成指定目標資料行的型別 nvarchar。

2020-10-14 22:29:05::資料來源的型別 String 指定值無法轉換成指定目標資料行的型別 nvarchar。

2020-10-14 22:29:05::資料來源的型別 String 指定值無法轉換成指定目標資料行的型別 nvarchar。

2020-10-14 22:29:05::資料來源的型別 String 指定值無法轉換成指定目標資料行的型別 nvarchar。

2020-10-14 22:29:06::資料來源的型別 String 指定值無法轉換成指定目標資料行的型別 nvarchar。

2020-10-14 22:29:06::資料來源的型別 String 指定值無法轉換成指定目標資料行的型別 nvarchar。

2020-10-14 22:29:06::資料來源的型別 String 指定值無法轉換成指定目標資料行的型別 nvarchar。

2020-10-14 22:29:06::資料來源的型別 String 指定值無法轉換成指定目標資料行的型別 nvarchar。

2020-10-14 22:29:06::資料來源的型別 String 指定值無法轉換成指定目標資料行的型別 nvarchar。

2020-10-14 22:29:06::資料來源的型別 String 指定值無法轉換成指定目標資料行的型別 nvarchar。

2020-10-14 22:29:09::資料來源的型別 String 指定值無法轉換成指定目標資料行的型別 nvarchar。

2020-10-14 22:29:09::資料來源的型別 String 指定值無法轉換成指定目標資料行的型別 nvarchar。

2020-10-14 22:29:10::資料來源的型別 String 指定值無法轉換成指定目標資料行的型別 nvarchar。

2020-10-14 22:29:10::資料來源的型別 String 指定值無法轉換成指定目標資料行的型別 nvarchar。

2020-10-14 22:29:10::資料來源的型別 String 指定值無法轉換成指定目標資料行的型別 nvarchar。

2020-10-14 22:29:10::資料來源的型別 String 指定值無法轉換成指定目標資料行的型別 nvarchar。

2020-10-14 22:29:10::資料來源的型別 String 指定值無法轉換成指定目標資料行的型別 nvarchar。

2020-10-14 22:29:10::資料來源的型別 String 指定值無法轉換成指定目標資料行的型別 nvarchar。

2020-10-14 22:29:10::資料來源的型別 String 指定值無法轉換成指定目標資料行的型別 nvarchar。

2020-10-14 22:29:10::資料來源的型別 String 指定值無法轉換成指定目標資料行的型別 nvarchar。

2020-10-14 22:29:14::資料來源的型別 String 指定值無法轉換成指定目標資料行的型別 nvarchar。

2020-10-14 22:29:14::資料來源的型別 String 指定值無法轉換成指定目標資料行的型別 nvarchar。

2020-10-14 22:29:15::資料來源的型別 String 指定值無法轉換成指定目標資料行的型別 nvarchar。

2020-10-14 22:29:15::資料來源的型別 String 指定值無法轉換成指定目標資料行的型別 nvarchar。

2020-10-14 22:29:15::資料來源的型別 String 指定值無法轉換成指定目標資料行的型別 nvarchar。

2020-10-14 22:29:15::資料來源的型別 String 指定值無法轉換成指定目標資料行的型別 nvarchar。

2020-10-14 22:29:19::資料來源的型別 String 指定值無法轉換成指定目標資料行的型別 nvarchar。

2020-10-14 22:29:19::資料來源的型別 String 指定值無法轉換成指定目標資料行的型別 nvarchar。

2020-10-14 22:29:21::資料來源的型別 String 指定值無法轉換成指定目標資料行的型別 nvarchar。

2020-10-14 22:29:21::資料來源的型別 String 指定值無法轉換成指定目標資料行的型別 nvarchar。

2020-10-14 22:29:22::資料來源的型別 String 指定值無法轉換成指定目標資料行的型別 nvarchar。

2020-10-14 22:29:22::資料來源的型別 String 指定值無法轉換成指定目標資料行的型別 nvarchar。

2020-10-14 22:29:22::資料來源的型別 String 指定值無法轉換成指定目標資料行的型別 nvarchar。

2020-10-14 22:29:22::資料來源的型別 String 指定值無法轉換成指定目標資料行的型別 nvarchar。

2020-10-14 22:29:22::資料來源的型別 String 指定值無法轉換成指定目標資料行的型別 nvarchar。

2020-10-14 22:29:22::資料來源的型別 String 指定值無法轉換成指定目標資料行的型別 nvarchar。

2020-10-14 22:29:22::資料來源的型別 String 指定值無法轉換成指定目標資料行的型別 nvarchar。

2020-10-14 22:29:22::資料來源的型別 String 指定值無法轉換成指定目標資料行的型別 nvarchar。

2020-10-14 22:31:20::資料來源的型別 String 指定值無法轉換成指定目標資料行的型別 nvarchar。

2020-10-14 22:31:20::資料來源的型別 String 指定值無法轉換成指定目標資料行的型別 nvarchar。

2020-10-14 22:31:24::資料來源的型別 String 指定值無法轉換成指定目標資料行的型別 nvarchar。

2020-10-14 22:31:24::資料來源的型別 String 指定值無法轉換成指定目標資料行的型別 nvarchar。

2020-10-14 22:31:26::資料來源的型別 String 指定值無法轉換成指定目標資料行的型別 nvarchar。

2020-10-14 22:31:26::資料來源的型別 String 指定值無法轉換成指定目標資料行的型別 nvarchar。

2020-10-14 22:31:27::資料來源的型別 String 指定值無法轉換成指定目標資料行的型別 nvarchar。

2020-10-14 22:31:27::資料來源的型別 String 指定值無法轉換成指定目標資料行的型別 nvarchar。

