2020-09-09 05:25:59::並未將物件參考設定為物件的執行個體。

2020-09-09 05:25:59::作業無效。已經關閉連接。

2020-09-09 05:25:59::並未將物件參考設定為物件的執行個體。

2020-09-09 05:25:59::資料行 'ApplyChannel' 不屬於資料表 Employee。

2020-09-09 05:26:00::資料行 'ApplyChannel' 不屬於資料表 Employee。

2020-09-09 05:26:00::資料行 'ApplyChannel' 不屬於資料表 Employee。

2020-09-09 05:26:00::資料行 'ApplyChannel' 不屬於資料表 Employee。

2020-09-09 05:26:00::資料行 'ApplyChannel' 不屬於資料表 Employee。

2020-09-09 05:26:01::資料行 'ApplyChannel' 不屬於資料表 Employee。

2020-09-09 05:26:01::資料行 'ApplyChannel' 不屬於資料表 Employee。

2020-09-09 05:26:02::資料行 'ApplyChannel' 不屬於資料表 Employee。

2020-09-09 05:26:03::資料行 'ApplyChannel' 不屬於資料表 Employee。

2020-09-09 05:26:03::資料行 'ApplyChannel' 不屬於資料表 Employee。

2020-09-09 05:26:03::資料行 'ApplyChannel' 不屬於資料表 Employee。

2020-09-09 05:26:04::資料行 'ApplyChannel' 不屬於資料表 Employee。

2020-09-09 05:26:04::資料行 'ApplyChannel' 不屬於資料表 Employee。

2020-09-09 05:26:05::資料行 'ApplyChannel' 不屬於資料表 Employee。

2020-09-09 05:26:07::資料行 'ApplyChannel' 不屬於資料表 Employee。

2020-09-09 05:26:08::資料行 'ApplyChannel' 不屬於資料表 Employee。

2020-09-09 05:26:09::資料行 'ApplyChannel' 不屬於資料表 Employee。

2020-09-09 05:26:09::資料行 'ApplyChannel' 不屬於資料表 Employee。

2020-09-09 05:26:10::資料行 'ApplyChannel' 不屬於資料表 Employee。

2020-09-09 05:26:11::資料行 'ApplyChannel' 不屬於資料表 Employee。

2020-09-09 05:26:19::資料行 'ApplyChannel' 不屬於資料表 Employee。

2020-09-09 05:26:20::資料行 'ApplyChannel' 不屬於資料表 Employee。

2020-09-09 05:26:20::資料行 'ApplyChannel' 不屬於資料表 Employee。

2020-09-09 05:26:20::資料行 'ApplyChannel' 不屬於資料表 Employee。

2020-09-09 05:26:21::資料行 'ApplyChannel' 不屬於資料表 Employee。

2020-09-09 05:26:21::資料行 'ApplyChannel' 不屬於資料表 Employee。

2020-09-09 05:26:21::資料行 'ApplyChannel' 不屬於資料表 Employee。

2020-09-09 05:26:22::資料行 'ApplyChannel' 不屬於資料表 Employee。

2020-09-09 05:26:23::資料行 'ApplyChannel' 不屬於資料表 Employee。

2020-09-09 07:49:51::ExecuteReader 必須有開啟與可用的 Connection。連接目前的狀態為連接中。

2020-09-09 07:49:51::並未將物件參考設定為物件的執行個體。

2020-09-09 07:49:51::資料行 'ApplyChannel' 不屬於資料表 Employee。

2020-09-09 07:49:51::資料行 'ApplyChannel' 不屬於資料表 Employee。

2020-09-09 07:49:51::資料行 'ApplyChannel' 不屬於資料表 Employee。

2020-09-09 07:49:52::資料行 'ApplyChannel' 不屬於資料表 Employee。

2020-09-09 07:49:53::資料行 'ApplyChannel' 不屬於資料表 Employee。

2020-09-09 07:49:53::資料行 'ApplyChannel' 不屬於資料表 Employee。

2020-09-09 07:49:53::資料行 'ApplyChannel' 不屬於資料表 Employee。

2020-09-09 07:49:53::資料行 'ApplyChannel' 不屬於資料表 Employee。

2020-09-09 07:49:53::資料行 'ApplyChannel' 不屬於資料表 Employee。

2020-09-09 07:51:57::資料行 'ApplyChannel' 不屬於資料表 Employee。

2020-09-09 07:51:58::資料行 'ApplyChannel' 不屬於資料表 Employee。

2020-09-09 07:51:58::資料行 'ApplyChannel' 不屬於資料表 Employee。

2020-09-09 07:51:58::資料行 'ApplyChannel' 不屬於資料表 Employee。

2020-09-09 07:51:58::資料行 'ApplyChannel' 不屬於資料表 Employee。

2020-09-09 07:51:59::資料行 'ApplyChannel' 不屬於資料表 Employee。

2020-09-09 07:51:59::資料行 'ApplyChannel' 不屬於資料表 Employee。

2020-09-09 07:52:24::資料行 'ApplyChannel' 不屬於資料表 Employee。

2020-09-09 07:52:24::資料行 'ApplyChannel' 不屬於資料表 Employee。

2020-09-09 07:52:25::資料行 'ApplyChannel' 不屬於資料表 Employee。

2020-09-09 07:52:25::資料行 'ApplyChannel' 不屬於資料表 Employee。

2020-09-09 07:52:25::資料行 'ApplyChannel' 不屬於資料表 Employee。

2020-09-09 07:52:28::資料行 'ApplyChannel' 不屬於資料表 Employee。

2020-09-09 07:52:28::資料行 'ApplyChannel' 不屬於資料表 Employee。

2020-09-09 07:52:29::資料行 'ApplyChannel' 不屬於資料表 Employee。

2020-09-09 07:52:30::資料行 'ApplyChannel' 不屬於資料表 Employee。

2020-09-09 07:52:30::資料行 'ApplyChannel' 不屬於資料表 Employee。

2020-09-09 07:52:31::資料行 'ApplyChannel' 不屬於資料表 Employee。

2020-09-09 07:52:31::資料行 'ApplyChannel' 不屬於資料表 Employee。

2020-09-09 07:52:31::資料行 'ApplyChannel' 不屬於資料表 Employee。

2020-09-09 07:52:38::資料行 'ApplyChannel' 不屬於資料表 Employee。

2020-09-09 07:52:38::資料行 'ApplyChannel' 不屬於資料表 Employee。

2020-09-09 07:52:39::資料行 'ApplyChannel' 不屬於資料表 Employee。

2020-09-09 07:52:39::資料行 'ApplyChannel' 不屬於資料表 Employee。

2020-09-09 07:52:39::資料行 'ApplyChannel' 不屬於資料表 Employee。

2020-09-09 07:52:39::資料行 'ApplyChannel' 不屬於資料表 Employee。

2020-09-09 07:52:40::資料行 'ApplyChannel' 不屬於資料表 Employee。

2020-09-09 07:52:40::資料行 'ApplyChannel' 不屬於資料表 Employee。

2020-09-09 07:52:40::資料行 'ApplyChannel' 不屬於資料表 Employee。

2020-09-09 07:52:40::資料行 'ApplyChannel' 不屬於資料表 Employee。

2020-09-09 07:52:41::資料行 'ApplyChannel' 不屬於資料表 Employee。

2020-09-09 07:52:41::資料行 'ApplyChannel' 不屬於資料表 Employee。

2020-09-09 07:52:41::資料行 'ApplyChannel' 不屬於資料表 Employee。

2020-09-09 07:52:44::資料行 'ApplyChannel' 不屬於資料表 Employee。

2020-09-09 07:52:44::資料行 'ApplyChannel' 不屬於資料表 Employee。

2020-09-09 07:52:48::資料行 'ApplyChannel' 不屬於資料表 Employee。

2020-09-09 07:52:48::資料行 'ApplyChannel' 不屬於資料表 Employee。

2020-09-09 07:52:48::資料行 'ApplyChannel' 不屬於資料表 Employee。

2020-09-09 07:52:48::資料行 'ApplyChannel' 不屬於資料表 Employee。

2020-09-09 07:52:48::資料行 'ApplyChannel' 不屬於資料表 Employee。

2020-09-09 07:52:50::資料行 'ApplyChannel' 不屬於資料表 Employee。

2020-09-09 07:52:50::資料行 'ApplyChannel' 不屬於資料表 Employee。

2020-09-09 07:52:50::資料行 'ApplyChannel' 不屬於資料表 Employee。

2020-09-09 07:52:50::資料行 'ApplyChannel' 不屬於資料表 Employee。

2020-09-09 07:52:52::資料行 'ApplyChannel' 不屬於資料表 Employee。

2020-09-09 07:52:52::資料行 'ApplyChannel' 不屬於資料表 Employee。

2020-09-09 07:52:53::資料行 'ApplyChannel' 不屬於資料表 Employee。

2020-09-09 08:58:42::資料行 'ApplyChannel' 不屬於資料表 Employee。

2020-09-09 08:59:03::資料行 'ApplyChannel' 不屬於資料表 Employee。

2020-09-09 08:59:06::資料行 'ApplyChannel' 不屬於資料表 Employee。

2020-09-09 08:59:11::資料行 'ApplyChannel' 不屬於資料表 Employee。

2020-09-09 08:59:13::資料行 'ApplyChannel' 不屬於資料表 Employee。

2020-09-09 08:59:15::資料行 'ApplyChannel' 不屬於資料表 Employee。

2020-09-09 08:59:15::資料行 'ApplyChannel' 不屬於資料表 Employee。

2020-09-09 08:59:16::資料行 'ApplyChannel' 不屬於資料表 Employee。

2020-09-09 08:59:16::資料行 'ApplyChannel' 不屬於資料表 Employee。

2020-09-09 08:59:16::資料行 'ApplyChannel' 不屬於資料表 Employee。

2020-09-09 08:59:16::並未將物件參考設定為物件的執行個體。

2020-09-09 08:59:16::作業無效。已經關閉連接。

2020-09-09 08:59:16::並未將物件參考設定為物件的執行個體。

2020-09-09 08:59:16::資料行 'ApplyChannel' 不屬於資料表 Employee。

2020-09-09 08:59:17::資料行 'ApplyChannel' 不屬於資料表 Employee。

2020-09-09 08:59:17::資料行 'ApplyChannel' 不屬於資料表 Employee。

2020-09-09 08:59:17::資料行 'ApplyChannel' 不屬於資料表 Employee。

2020-09-09 08:59:17::資料行 'ApplyChannel' 不屬於資料表 Employee。

2020-09-09 08:59:19::資料行 'ApplyChannel' 不屬於資料表 Employee。

2020-09-09 08:59:20::資料行 'ApplyChannel' 不屬於資料表 Employee。

2020-09-09 08:59:20::資料行 'ApplyChannel' 不屬於資料表 Employee。

2020-09-09 09:00:17::資料行 'ApplyChannel' 不屬於資料表 Employee。

2020-09-09 09:00:18::資料行 'ApplyChannel' 不屬於資料表 Employee。

2020-09-09 09:00:19::資料行 'ApplyChannel' 不屬於資料表 Employee。

2020-09-09 09:00:19::資料行 'ApplyChannel' 不屬於資料表 Employee。

2020-09-09 09:00:19::資料行 'ApplyChannel' 不屬於資料表 Employee。

2020-09-09 09:00:20::資料行 'ApplyChannel' 不屬於資料表 Employee。

2020-09-09 09:00:30::資料行 'ApplyChannel' 不屬於資料表 Employee。

2020-09-09 09:00:32::資料行 'ApplyChannel' 不屬於資料表 Employee。

2020-09-09 09:00:36::資料行 'ApplyChannel' 不屬於資料表 Employee。

2020-09-09 09:00:39::資料行 'ApplyChannel' 不屬於資料表 Employee。

2020-09-09 09:00:41::資料行 'ApplyChannel' 不屬於資料表 Employee。

2020-09-09 09:00:42::資料行 'ApplyChannel' 不屬於資料表 Employee。

2020-09-09 09:00:49::資料行 'ApplyChannel' 不屬於資料表 Employee。

2020-09-09 09:00:53::資料行 'ApplyChannel' 不屬於資料表 Employee。

2020-09-09 09:00:56::資料行 'ApplyChannel' 不屬於資料表 Employee。

2020-09-09 09:00:57::資料行 'ApplyChannel' 不屬於資料表 Employee。

2020-09-09 09:01:06::資料行 'ApplyChannel' 不屬於資料表 Employee。

2020-09-09 09:01:10::資料行 'ApplyChannel' 不屬於資料表 Employee。

2020-09-09 09:01:15::資料行 'ApplyChannel' 不屬於資料表 Employee。

2020-09-09 09:01:16::資料行 'ApplyChannel' 不屬於資料表 Employee。

2020-09-09 09:01:18::資料行 'ApplyChannel' 不屬於資料表 Employee。

2020-09-09 09:01:19::資料行 'ApplyChannel' 不屬於資料表 Employee。

2020-09-09 09:01:20::資料行 'ApplyChannel' 不屬於資料表 Employee。

2020-09-09 09:01:24::資料行 'ApplyChannel' 不屬於資料表 Employee。

2020-09-09 09:01:25::資料行 'ApplyChannel' 不屬於資料表 Employee。

2020-09-09 09:01:25::資料行 'ApplyChannel' 不屬於資料表 Employee。

2020-09-09 09:01:26::資料行 'ApplyChannel' 不屬於資料表 Employee。

2020-09-09 09:01:27::資料行 'ApplyChannel' 不屬於資料表 Employee。

2020-09-09 09:01:32::資料行 'ApplyChannel' 不屬於資料表 Employee。

2020-09-09 09:01:34::資料行 'ApplyChannel' 不屬於資料表 Employee。

2020-09-09 09:01:34::資料行 'ApplyChannel' 不屬於資料表 Employee。

2020-09-09 09:01:34::資料行 'ApplyChannel' 不屬於資料表 Employee。

2020-09-09 09:01:34::資料行 'ApplyChannel' 不屬於資料表 Employee。

2020-09-09 09:01:35::資料行 'ApplyChannel' 不屬於資料表 Employee。

2020-09-09 09:01:36::資料行 'ApplyChannel' 不屬於資料表 Employee。

2020-09-09 09:01:37::資料行 'ApplyChannel' 不屬於資料表 Employee。

2020-09-09 09:01:38::資料行 'ApplyChannel' 不屬於資料表 Employee。

2020-09-09 09:01:43::資料行 'ApplyChannel' 不屬於資料表 Employee。

2020-09-09 09:01:43::資料行 'ApplyChannel' 不屬於資料表 Employee。

2020-09-09 09:01:43::資料行 'ApplyChannel' 不屬於資料表 Employee。

2020-09-09 09:01:44::資料行 'ApplyChannel' 不屬於資料表 Employee。

2020-09-09 09:01:44::資料行 'ApplyChannel' 不屬於資料表 Employee。

2020-09-09 09:01:45::資料行 'ApplyChannel' 不屬於資料表 Employee。

2020-09-09 09:01:45::資料行 'ApplyChannel' 不屬於資料表 Employee。

2020-09-09 09:01:45::資料行 'ApplyChannel' 不屬於資料表 Employee。

2020-09-09 09:01:51::資料行 'ApplyChannel' 不屬於資料表 Employee。

2020-09-09 09:01:51::資料行 'ApplyChannel' 不屬於資料表 Employee。

2020-09-09 09:01:52::資料行 'ApplyChannel' 不屬於資料表 Employee。

2020-09-09 09:01:52::資料行 'ApplyChannel' 不屬於資料表 Employee。

2020-09-09 09:01:52::資料行 'ApplyChannel' 不屬於資料表 Employee。

2020-09-09 09:01:52::資料行 'ApplyChannel' 不屬於資料表 Employee。

2020-09-09 09:01:52::資料行 'ApplyChannel' 不屬於資料表 Employee。

2020-09-09 09:01:52::資料行 'ApplyChannel' 不屬於資料表 Employee。

2020-09-09 09:01:53::資料行 'ApplyChannel' 不屬於資料表 Employee。

2020-09-09 09:01:53::資料行 'ApplyChannel' 不屬於資料表 Employee。

2020-09-09 09:01:53::資料行 'ApplyChannel' 不屬於資料表 Employee。

2020-09-09 09:01:53::資料行 'ApplyChannel' 不屬於資料表 Employee。

2020-09-09 09:01:53::資料行 'ApplyChannel' 不屬於資料表 Employee。

2020-09-09 09:01:54::資料行 'ApplyChannel' 不屬於資料表 Employee。

2020-09-09 09:02:05::資料行 'ApplyChannel' 不屬於資料表 Employee。

2020-09-09 09:02:06::資料行 'ApplyChannel' 不屬於資料表 Employee。

2020-09-09 09:02:07::資料行 'ApplyChannel' 不屬於資料表 Employee。

2020-09-09 09:02:07::資料行 'ApplyChannel' 不屬於資料表 Employee。

2020-09-09 09:02:08::資料行 'ApplyChannel' 不屬於資料表 Employee。

2020-09-09 09:02:08::資料行 'ApplyChannel' 不屬於資料表 Employee。

2020-09-09 09:02:08::資料行 'ApplyChannel' 不屬於資料表 Employee。

2020-09-09 09:02:21::資料行 'ApplyChannel' 不屬於資料表 Employee。

2020-09-09 09:02:24::資料行 'ApplyChannel' 不屬於資料表 Employee。

2020-09-09 09:02:25::資料行 'ApplyChannel' 不屬於資料表 Employee。

2020-09-09 09:03:04::資料行 'ApplyChannel' 不屬於資料表 Employee。

2020-09-09 09:03:06::資料行 'ApplyChannel' 不屬於資料表 Employee。

2020-09-09 09:03:06::資料行 'ApplyChannel' 不屬於資料表 Employee。

2020-09-09 09:03:06::資料行 'ApplyChannel' 不屬於資料表 Employee。

2020-09-09 09:03:07::資料行 'ApplyChannel' 不屬於資料表 Employee。

2020-09-09 09:03:07::資料行 'ApplyChannel' 不屬於資料表 Employee。

2020-09-09 09:03:07::資料行 'ApplyChannel' 不屬於資料表 Employee。

2020-09-09 09:03:16::資料行 'ApplyChannel' 不屬於資料表 Employee。

2020-09-09 09:03:26::資料行 'ApplyChannel' 不屬於資料表 Employee。

2020-09-09 09:03:29::資料行 'ApplyChannel' 不屬於資料表 Employee。

2020-09-09 09:03:30::資料行 'ApplyChannel' 不屬於資料表 Employee。

2020-09-09 09:03:33::資料行 'ApplyChannel' 不屬於資料表 Employee。

2020-09-09 09:04:00::資料行 'ApplyChannel' 不屬於資料表 Employee。

2020-09-09 09:04:03::資料行 'ApplyChannel' 不屬於資料表 Employee。

2020-09-09 09:04:05::資料行 'ApplyChannel' 不屬於資料表 Employee。

2020-09-09 09:04:06::資料行 'ApplyChannel' 不屬於資料表 Employee。

2020-09-09 09:04:08::資料行 'ApplyChannel' 不屬於資料表 Employee。

2020-09-09 09:04:08::資料行 'ApplyChannel' 不屬於資料表 Employee。

2020-09-09 09:04:08::資料行 'ApplyChannel' 不屬於資料表 Employee。

2020-09-09 09:04:09::資料行 'ApplyChannel' 不屬於資料表 Employee。

2020-09-09 09:04:09::資料行 'ApplyChannel' 不屬於資料表 Employee。

2020-09-09 09:04:09::資料行 'ApplyChannel' 不屬於資料表 Employee。

2020-09-09 09:04:09::資料行 'ApplyChannel' 不屬於資料表 Employee。

2020-09-09 09:04:10::資料行 'ApplyChannel' 不屬於資料表 Employee。

2020-09-09 09:04:10::資料行 'ApplyChannel' 不屬於資料表 Employee。

2020-09-09 09:04:11::資料行 'ApplyChannel' 不屬於資料表 Employee。

2020-09-09 09:04:19::資料行 'ApplyChannel' 不屬於資料表 Employee。

2020-09-09 09:04:20::資料行 'ApplyChannel' 不屬於資料表 Employee。

2020-09-09 09:04:21::資料行 'ApplyChannel' 不屬於資料表 Employee。

2020-09-09 09:04:21::資料行 'ApplyChannel' 不屬於資料表 Employee。

2020-09-09 09:04:21::資料行 'ApplyChannel' 不屬於資料表 Employee。

2020-09-09 09:04:22::資料行 'ApplyChannel' 不屬於資料表 Employee。

2020-09-09 09:04:22::資料行 'ApplyChannel' 不屬於資料表 Employee。

2020-09-09 09:04:23::資料行 'ApplyChannel' 不屬於資料表 Employee。

2020-09-09 09:04:24::資料行 'ApplyChannel' 不屬於資料表 Employee。

2020-09-09 09:04:24::資料行 'ApplyChannel' 不屬於資料表 Employee。

2020-09-09 09:04:24::資料行 'ApplyChannel' 不屬於資料表 Employee。

2020-09-09 09:04:24::資料行 'ApplyChannel' 不屬於資料表 Employee。

2020-09-09 09:04:24::資料行 'ApplyChannel' 不屬於資料表 Employee。

2020-09-09 09:04:24::資料行 'ApplyChannel' 不屬於資料表 Employee。

2020-09-09 09:04:25::資料行 'ApplyChannel' 不屬於資料表 Employee。

2020-09-09 09:04:25::資料行 'ApplyChannel' 不屬於資料表 Employee。

2020-09-09 09:04:25::資料行 'ApplyChannel' 不屬於資料表 Employee。

2020-09-09 09:04:26::資料行 'ApplyChannel' 不屬於資料表 Employee。

2020-09-09 09:04:26::資料行 'ApplyChannel' 不屬於資料表 Employee。

2020-09-09 09:04:26::資料行 'ApplyChannel' 不屬於資料表 Employee。

2020-09-09 09:04:27::資料行 'ApplyChannel' 不屬於資料表 Employee。

2020-09-09 09:04:27::資料行 'ApplyChannel' 不屬於資料表 Employee。

2020-09-09 09:04:29::資料行 'ApplyChannel' 不屬於資料表 Employee。

2020-09-09 09:04:29::資料行 'ApplyChannel' 不屬於資料表 Employee。

2020-09-09 09:04:30::資料行 'ApplyChannel' 不屬於資料表 Employee。

2020-09-09 09:04:30::資料行 'ApplyChannel' 不屬於資料表 Employee。

2020-09-09 09:04:38::資料行 'ApplyChannel' 不屬於資料表 Employee。

2020-09-09 09:04:40::資料行 'ApplyChannel' 不屬於資料表 Employee。

2020-09-09 09:04:41::資料行 'ApplyChannel' 不屬於資料表 Employee。

2020-09-09 09:04:41::資料行 'ApplyChannel' 不屬於資料表 Employee。

2020-09-09 09:04:43::資料行 'ApplyChannel' 不屬於資料表 Employee。

2020-09-09 09:04:44::資料行 'ApplyChannel' 不屬於資料表 Employee。

2020-09-09 09:04:45::資料行 'ApplyChannel' 不屬於資料表 Employee。

2020-09-09 09:04:47::資料行 'ApplyChannel' 不屬於資料表 Employee。

2020-09-09 09:04:47::資料行 'ApplyChannel' 不屬於資料表 Employee。

2020-09-09 09:04:48::資料行 'ApplyChannel' 不屬於資料表 Employee。

2020-09-09 09:04:48::資料行 'ApplyChannel' 不屬於資料表 Employee。

2020-09-09 09:04:48::資料行 'ApplyChannel' 不屬於資料表 Employee。

2020-09-09 09:04:49::資料行 'ApplyChannel' 不屬於資料表 Employee。

2020-09-09 09:04:49::資料行 'ApplyChannel' 不屬於資料表 Employee。

2020-09-09 09:04:49::資料行 'ApplyChannel' 不屬於資料表 Employee。

2020-09-09 09:04:49::資料行 'ApplyChannel' 不屬於資料表 Employee。

2020-09-09 09:04:49::資料行 'ApplyChannel' 不屬於資料表 Employee。

2020-09-09 09:04:49::資料行 'ApplyChannel' 不屬於資料表 Employee。

2020-09-09 09:04:50::資料行 'ApplyChannel' 不屬於資料表 Employee。

2020-09-09 09:04:50::資料行 'ApplyChannel' 不屬於資料表 Employee。

2020-09-09 09:04:50::資料行 'ApplyChannel' 不屬於資料表 Employee。

2020-09-09 09:04:50::資料行 'ApplyChannel' 不屬於資料表 Employee。

2020-09-09 09:04:50::資料行 'ApplyChannel' 不屬於資料表 Employee。

2020-09-09 09:04:51::資料行 'ApplyChannel' 不屬於資料表 Employee。

2020-09-09 09:04:51::資料行 'ApplyChannel' 不屬於資料表 Employee。

2020-09-09 09:04:51::資料行 'ApplyChannel' 不屬於資料表 Employee。

2020-09-09 09:04:51::資料行 'ApplyChannel' 不屬於資料表 Employee。

2020-09-09 09:04:51::資料行 'ApplyChannel' 不屬於資料表 Employee。

2020-09-09 09:04:51::資料行 'ApplyChannel' 不屬於資料表 Employee。

2020-09-09 09:04:52::資料行 'ApplyChannel' 不屬於資料表 Employee。

2020-09-09 09:04:52::資料行 'ApplyChannel' 不屬於資料表 Employee。

2020-09-09 09:04:52::資料行 'ApplyChannel' 不屬於資料表 Employee。

2020-09-09 09:04:53::資料行 'ApplyChannel' 不屬於資料表 Employee。

2020-09-09 09:04:53::資料行 'ApplyChannel' 不屬於資料表 Employee。

2020-09-09 09:04:54::資料行 'ApplyChannel' 不屬於資料表 Employee。

2020-09-09 09:04:54::資料行 'ApplyChannel' 不屬於資料表 Employee。

2020-09-09 09:04:59::資料行 'ApplyChannel' 不屬於資料表 Employee。

2020-09-09 09:05:00::資料行 'ApplyChannel' 不屬於資料表 Employee。

2020-09-09 09:05:00::資料行 'ApplyChannel' 不屬於資料表 Employee。

2020-09-09 09:05:01::資料行 'ApplyChannel' 不屬於資料表 Employee。

2020-09-09 09:05:11::資料行 'ApplyChannel' 不屬於資料表 Employee。

2020-09-09 09:05:32::資料行 'ApplyChannel' 不屬於資料表 Employee。

2020-09-09 09:05:33::資料行 'ApplyChannel' 不屬於資料表 Employee。

2020-09-09 09:05:33::資料行 'ApplyChannel' 不屬於資料表 Employee。

2020-09-09 09:05:35::資料行 'ApplyChannel' 不屬於資料表 Employee。

2020-09-09 09:05:35::資料行 'ApplyChannel' 不屬於資料表 Employee。

2020-09-09 09:05:36::資料行 'ApplyChannel' 不屬於資料表 Employee。

2020-09-09 09:05:37::資料行 'ApplyChannel' 不屬於資料表 Employee。

2020-09-09 09:05:38::資料行 'ApplyChannel' 不屬於資料表 Employee。

2020-09-09 09:05:38::資料行 'ApplyChannel' 不屬於資料表 Employee。

2020-09-09 09:05:40::資料行 'ApplyChannel' 不屬於資料表 Employee。

2020-09-09 09:05:40::資料行 'ApplyChannel' 不屬於資料表 Employee。

2020-09-09 09:05:40::資料行 'ApplyChannel' 不屬於資料表 Employee。

2020-09-09 09:05:41::資料行 'ApplyChannel' 不屬於資料表 Employee。

2020-09-09 09:05:41::資料行 'ApplyChannel' 不屬於資料表 Employee。

2020-09-09 09:05:43::資料行 'ApplyChannel' 不屬於資料表 Employee。

2020-09-09 09:05:43::資料行 'ApplyChannel' 不屬於資料表 Employee。

2020-09-09 09:05:43::資料行 'ApplyChannel' 不屬於資料表 Employee。

2020-09-09 09:05:44::資料行 'ApplyChannel' 不屬於資料表 Employee。

2020-09-09 09:05:44::資料行 'ApplyChannel' 不屬於資料表 Employee。

2020-09-09 09:05:44::資料行 'ApplyChannel' 不屬於資料表 Employee。

2020-09-09 09:05:59::資料行 'ApplyChannel' 不屬於資料表 Employee。

2020-09-09 09:05:59::資料行 'ApplyChannel' 不屬於資料表 Employee。

2020-09-09 09:06:00::資料行 'ApplyChannel' 不屬於資料表 Employee。

2020-09-09 09:06:00::資料行 'ApplyChannel' 不屬於資料表 Employee。

2020-09-09 09:06:00::資料行 'ApplyChannel' 不屬於資料表 Employee。

2020-09-09 09:06:00::資料行 'ApplyChannel' 不屬於資料表 Employee。

2020-09-09 09:06:00::資料行 'ApplyChannel' 不屬於資料表 Employee。

2020-09-09 09:06:01::資料行 'ApplyChannel' 不屬於資料表 Employee。

2020-09-09 09:06:01::資料行 'ApplyChannel' 不屬於資料表 Employee。

2020-09-09 09:06:01::資料行 'ApplyChannel' 不屬於資料表 Employee。

2020-09-09 09:06:01::資料行 'ApplyChannel' 不屬於資料表 Employee。

2020-09-09 09:06:01::資料行 'ApplyChannel' 不屬於資料表 Employee。

2020-09-09 09:06:01::資料行 'ApplyChannel' 不屬於資料表 Employee。

2020-09-09 09:06:21::資料行 'ApplyChannel' 不屬於資料表 Employee。

2020-09-09 09:07:24::資料行 'ApplyChannel' 不屬於資料表 Employee。

2020-09-09 09:08:00::資料行 'ApplyChannel' 不屬於資料表 Employee。

2020-09-09 09:08:01::資料行 'ApplyChannel' 不屬於資料表 Employee。

2020-09-09 09:08:01::資料行 'ApplyChannel' 不屬於資料表 Employee。

2020-09-09 09:08:02::資料行 'ApplyChannel' 不屬於資料表 Employee。

2020-09-09 09:08:02::資料行 'ApplyChannel' 不屬於資料表 Employee。

2020-09-09 09:08:14::資料行 'ApplyChannel' 不屬於資料表 Employee。

2020-09-09 09:08:15::資料行 'ApplyChannel' 不屬於資料表 Employee。

2020-09-09 09:08:16::資料行 'ApplyChannel' 不屬於資料表 Employee。

2020-09-09 09:08:16::資料行 'ApplyChannel' 不屬於資料表 Employee。

2020-09-09 09:08:16::資料行 'ApplyChannel' 不屬於資料表 Employee。

2020-09-09 09:08:44::資料行 'ApplyChannel' 不屬於資料表 Employee。

2020-09-09 09:08:52::資料行 'ApplyChannel' 不屬於資料表 Employee。

2020-09-09 09:08:54::資料行 'ApplyChannel' 不屬於資料表 Employee。

2020-09-09 09:08:55::資料行 'ApplyChannel' 不屬於資料表 Employee。

2020-09-09 09:08:55::資料行 'ApplyChannel' 不屬於資料表 Employee。

2020-09-09 09:08:55::資料行 'ApplyChannel' 不屬於資料表 Employee。

2020-09-09 09:08:55::資料行 'ApplyChannel' 不屬於資料表 Employee。

2020-09-09 09:08:55::資料行 'ApplyChannel' 不屬於資料表 Employee。

2020-09-09 09:08:56::資料行 'ApplyChannel' 不屬於資料表 Employee。

2020-09-09 09:08:57::資料行 'ApplyChannel' 不屬於資料表 Employee。

2020-09-09 09:08:57::資料行 'ApplyChannel' 不屬於資料表 Employee。

2020-09-09 09:08:57::資料行 'ApplyChannel' 不屬於資料表 Employee。

2020-09-09 09:08:57::資料行 'ApplyChannel' 不屬於資料表 Employee。

2020-09-09 09:09:03::資料行 'ApplyChannel' 不屬於資料表 Employee。

2020-09-09 09:09:15::資料行 'ApplyChannel' 不屬於資料表 Employee。

2020-09-09 09:09:16::資料行 'ApplyChannel' 不屬於資料表 Employee。

2020-09-09 09:09:18::資料行 'ApplyChannel' 不屬於資料表 Employee。

2020-09-09 09:09:19::資料行 'ApplyChannel' 不屬於資料表 Employee。

2020-09-09 09:09:19::資料行 'ApplyChannel' 不屬於資料表 Employee。

2020-09-09 09:09:19::資料行 'ApplyChannel' 不屬於資料表 Employee。

2020-09-09 09:09:19::資料行 'ApplyChannel' 不屬於資料表 Employee。

2020-09-09 09:09:20::資料行 'ApplyChannel' 不屬於資料表 Employee。

2020-09-09 09:09:20::資料行 'ApplyChannel' 不屬於資料表 Employee。

2020-09-09 09:09:20::資料行 'ApplyChannel' 不屬於資料表 Employee。

2020-09-09 09:09:20::並未將物件參考設定為物件的執行個體。

2020-09-09 09:09:20::已經開啟一個與這個 Command 相關的 DataReader，必須先將它關閉。

2020-09-09 09:09:20::並未將物件參考設定為物件的執行個體。

2020-09-09 09:09:20::資料行 'ApplyChannel' 不屬於資料表 Employee。

2020-09-09 09:09:21::資料行 'ApplyChannel' 不屬於資料表 Employee。

2020-09-09 09:09:23::資料行 'ApplyChannel' 不屬於資料表 Employee。

2020-09-09 09:09:23::資料行 'ApplyChannel' 不屬於資料表 Employee。

2020-09-09 09:09:23::資料行 'ApplyChannel' 不屬於資料表 Employee。

2020-09-09 09:09:24::資料行 'ApplyChannel' 不屬於資料表 Employee。

2020-09-09 09:09:24::資料行 'ApplyChannel' 不屬於資料表 Employee。

2020-09-09 09:09:24::資料行 'ApplyChannel' 不屬於資料表 Employee。

2020-09-09 09:09:24::資料行 'ApplyChannel' 不屬於資料表 Employee。

2020-09-09 09:09:24::資料行 'ApplyChannel' 不屬於資料表 Employee。

2020-09-09 09:09:25::資料行 'ApplyChannel' 不屬於資料表 Employee。

2020-09-09 09:09:25::資料行 'ApplyChannel' 不屬於資料表 Employee。

2020-09-09 09:09:25::資料行 'ApplyChannel' 不屬於資料表 Employee。

2020-09-09 09:09:25::資料行 'ApplyChannel' 不屬於資料表 Employee。

2020-09-09 09:09:26::資料行 'ApplyChannel' 不屬於資料表 Employee。

2020-09-09 09:09:26::資料行 'ApplyChannel' 不屬於資料表 Employee。

2020-09-09 09:09:26::資料行 'ApplyChannel' 不屬於資料表 Employee。

2020-09-09 09:09:26::資料行 'ApplyChannel' 不屬於資料表 Employee。

2020-09-09 09:09:26::資料行 'ApplyChannel' 不屬於資料表 Employee。

2020-09-09 09:09:26::資料行 'ApplyChannel' 不屬於資料表 Employee。

2020-09-09 09:09:26::資料行 'ApplyChannel' 不屬於資料表 Employee。

2020-09-09 09:09:27::資料行 'ApplyChannel' 不屬於資料表 Employee。

2020-09-09 09:09:27::資料行 'ApplyChannel' 不屬於資料表 Employee。

2020-09-09 09:09:27::資料行 'ApplyChannel' 不屬於資料表 Employee。

2020-09-09 09:09:27::資料行 'ApplyChannel' 不屬於資料表 Employee。

2020-09-09 09:09:27::資料行 'ApplyChannel' 不屬於資料表 Employee。

2020-09-09 09:09:28::資料行 'ApplyChannel' 不屬於資料表 Employee。

2020-09-09 09:09:28::資料行 'ApplyChannel' 不屬於資料表 Employee。

2020-09-09 09:09:28::資料行 'ApplyChannel' 不屬於資料表 Employee。

2020-09-09 09:09:28::資料行 'ApplyChannel' 不屬於資料表 Employee。

2020-09-09 09:09:28::資料行 'ApplyChannel' 不屬於資料表 Employee。

2020-09-09 09:09:28::資料行 'ApplyChannel' 不屬於資料表 Employee。

2020-09-09 09:09:28::資料行 'ApplyChannel' 不屬於資料表 Employee。

2020-09-09 09:09:29::資料行 'ApplyChannel' 不屬於資料表 Employee。

2020-09-09 09:09:29::資料行 'ApplyChannel' 不屬於資料表 Employee。

2020-09-09 09:09:29::資料行 'ApplyChannel' 不屬於資料表 Employee。

2020-09-09 09:09:29::資料行 'ApplyChannel' 不屬於資料表 Employee。

2020-09-09 09:09:29::資料行 'ApplyChannel' 不屬於資料表 Employee。

2020-09-09 09:09:29::資料行 'ApplyChannel' 不屬於資料表 Employee。

2020-09-09 09:09:29::資料行 'ApplyChannel' 不屬於資料表 Employee。

2020-09-09 09:09:29::資料行 'ApplyChannel' 不屬於資料表 Employee。

2020-09-09 09:09:29::已經開啟一個與這個 Command 相關的 DataReader，必須先將它關閉。

2020-09-09 09:09:29::並未將物件參考設定為物件的執行個體。

2020-09-09 09:09:29::並未將物件參考設定為物件的執行個體。

2020-09-09 09:09:29::資料行 'ApplyChannel' 不屬於資料表 Employee。

2020-09-09 09:09:30::資料行 'ApplyChannel' 不屬於資料表 Employee。

2020-09-09 09:09:30::資料行 'ApplyChannel' 不屬於資料表 Employee。

2020-09-09 09:09:30::資料行 'ApplyChannel' 不屬於資料表 Employee。

2020-09-09 09:09:30::資料行 'ApplyChannel' 不屬於資料表 Employee。

2020-09-09 09:09:30::資料行 'ApplyChannel' 不屬於資料表 Employee。

2020-09-09 09:09:31::資料行 'ApplyChannel' 不屬於資料表 Employee。

2020-09-09 09:09:31::資料行 'ApplyChannel' 不屬於資料表 Employee。

2020-09-09 09:09:31::資料行 'ApplyChannel' 不屬於資料表 Employee。

2020-09-09 09:09:32::資料行 'ApplyChannel' 不屬於資料表 Employee。

2020-09-09 09:09:36::資料行 'ApplyChannel' 不屬於資料表 Employee。

2020-09-09 09:09:36::資料行 'ApplyChannel' 不屬於資料表 Employee。

2020-09-09 09:09:37::資料行 'ApplyChannel' 不屬於資料表 Employee。

2020-09-09 09:09:38::資料行 'ApplyChannel' 不屬於資料表 Employee。

2020-09-09 09:09:39::資料行 'ApplyChannel' 不屬於資料表 Employee。

2020-09-09 09:09:39::資料行 'ApplyChannel' 不屬於資料表 Employee。

2020-09-09 09:09:39::資料行 'ApplyChannel' 不屬於資料表 Employee。

2020-09-09 09:09:40::資料行 'ApplyChannel' 不屬於資料表 Employee。

2020-09-09 09:09:40::資料行 'ApplyChannel' 不屬於資料表 Employee。

2020-09-09 09:09:40::資料行 'ApplyChannel' 不屬於資料表 Employee。

2020-09-09 09:09:40::資料行 'ApplyChannel' 不屬於資料表 Employee。

2020-09-09 09:09:41::資料行 'ApplyChannel' 不屬於資料表 Employee。

2020-09-09 09:09:41::資料行 'ApplyChannel' 不屬於資料表 Employee。

2020-09-09 09:09:42::資料行 'ApplyChannel' 不屬於資料表 Employee。

2020-09-09 09:09:42::資料行 'ApplyChannel' 不屬於資料表 Employee。

2020-09-09 09:09:42::資料行 'ApplyChannel' 不屬於資料表 Employee。

2020-09-09 09:09:42::資料行 'ApplyChannel' 不屬於資料表 Employee。

2020-09-09 09:09:42::資料行 'ApplyChannel' 不屬於資料表 Employee。

2020-09-09 09:09:43::資料行 'ApplyChannel' 不屬於資料表 Employee。

2020-09-09 09:09:43::資料行 'ApplyChannel' 不屬於資料表 Employee。

2020-09-09 09:09:43::資料行 'ApplyChannel' 不屬於資料表 Employee。

2020-09-09 09:09:43::資料行 'ApplyChannel' 不屬於資料表 Employee。

2020-09-09 09:09:43::資料行 'ApplyChannel' 不屬於資料表 Employee。

2020-09-09 09:09:44::資料行 'ApplyChannel' 不屬於資料表 Employee。

2020-09-09 09:09:44::資料行 'ApplyChannel' 不屬於資料表 Employee。

2020-09-09 09:09:44::資料行 'ApplyChannel' 不屬於資料表 Employee。

2020-09-09 09:09:44::資料行 'ApplyChannel' 不屬於資料表 Employee。

2020-09-09 09:09:45::資料行 'ApplyChannel' 不屬於資料表 Employee。

2020-09-09 09:09:45::資料行 'ApplyChannel' 不屬於資料表 Employee。

2020-09-09 09:09:51::資料行 'ApplyChannel' 不屬於資料表 Employee。

2020-09-09 09:09:52::資料行 'ApplyChannel' 不屬於資料表 Employee。

2020-09-09 09:09:52::資料行 'ApplyChannel' 不屬於資料表 Employee。

2020-09-09 09:09:53::資料行 'ApplyChannel' 不屬於資料表 Employee。

2020-09-09 09:09:54::資料行 'ApplyChannel' 不屬於資料表 Employee。

2020-09-09 09:10:05::資料行 'ApplyChannel' 不屬於資料表 Employee。

2020-09-09 09:10:06::資料行 'ApplyChannel' 不屬於資料表 Employee。

2020-09-09 09:10:06::資料行 'ApplyChannel' 不屬於資料表 Employee。

2020-09-09 09:10:34::資料行 'ApplyChannel' 不屬於資料表 Employee。

2020-09-09 09:10:35::資料行 'ApplyChannel' 不屬於資料表 Employee。

2020-09-09 09:10:36::資料行 'ApplyChannel' 不屬於資料表 Employee。

2020-09-09 09:10:40::資料行 'ApplyChannel' 不屬於資料表 Employee。

2020-09-09 09:10:40::資料行 'ApplyChannel' 不屬於資料表 Employee。

2020-09-09 09:10:41::資料行 'ApplyChannel' 不屬於資料表 Employee。

2020-09-09 09:10:41::資料行 'ApplyChannel' 不屬於資料表 Employee。

2020-09-09 09:10:42::資料行 'ApplyChannel' 不屬於資料表 Employee。

2020-09-09 09:10:45::資料行 'ApplyChannel' 不屬於資料表 Employee。

2020-09-09 09:10:46::資料行 'ApplyChannel' 不屬於資料表 Employee。

2020-09-09 09:10:46::資料行 'ApplyChannel' 不屬於資料表 Employee。

2020-09-09 09:10:46::資料行 'ApplyChannel' 不屬於資料表 Employee。

2020-09-09 09:10:46::資料行 'ApplyChannel' 不屬於資料表 Employee。

2020-09-09 09:10:46::資料行 'ApplyChannel' 不屬於資料表 Employee。

2020-09-09 09:10:46::資料行 'ApplyChannel' 不屬於資料表 Employee。

2020-09-09 09:10:47::資料行 'ApplyChannel' 不屬於資料表 Employee。

2020-09-09 09:10:47::資料行 'ApplyChannel' 不屬於資料表 Employee。

2020-09-09 09:10:47::資料行 'ApplyChannel' 不屬於資料表 Employee。

2020-09-09 09:10:50::資料行 'ApplyChannel' 不屬於資料表 Employee。

2020-09-09 09:10:50::資料行 'ApplyChannel' 不屬於資料表 Employee。

2020-09-09 09:10:50::資料行 'ApplyChannel' 不屬於資料表 Employee。

2020-09-09 09:10:51::資料行 'ApplyChannel' 不屬於資料表 Employee。

2020-09-09 09:10:51::資料行 'ApplyChannel' 不屬於資料表 Employee。

2020-09-09 09:10:51::資料行 'ApplyChannel' 不屬於資料表 Employee。

2020-09-09 09:10:52::資料行 'ApplyChannel' 不屬於資料表 Employee。

2020-09-09 09:10:53::資料行 'ApplyChannel' 不屬於資料表 Employee。

2020-09-09 09:10:53::資料行 'ApplyChannel' 不屬於資料表 Employee。

2020-09-09 09:10:54::資料行 'ApplyChannel' 不屬於資料表 Employee。

2020-09-09 09:10:54::資料行 'ApplyChannel' 不屬於資料表 Employee。

2020-09-09 09:10:54::資料行 'ApplyChannel' 不屬於資料表 Employee。

2020-09-09 09:10:54::資料行 'ApplyChannel' 不屬於資料表 Employee。

2020-09-09 09:10:54::資料行 'ApplyChannel' 不屬於資料表 Employee。

2020-09-09 09:10:54::資料行 'ApplyChannel' 不屬於資料表 Employee。

2020-09-09 09:10:55::資料行 'ApplyChannel' 不屬於資料表 Employee。

2020-09-09 09:10:55::資料行 'ApplyChannel' 不屬於資料表 Employee。

2020-09-09 09:10:55::資料行 'ApplyChannel' 不屬於資料表 Employee。

2020-09-09 09:10:55::資料行 'ApplyChannel' 不屬於資料表 Employee。

2020-09-09 09:10:55::資料行 'ApplyChannel' 不屬於資料表 Employee。

2020-09-09 09:10:55::資料行 'ApplyChannel' 不屬於資料表 Employee。

2020-09-09 09:10:56::資料行 'ApplyChannel' 不屬於資料表 Employee。

2020-09-09 09:10:56::資料行 'ApplyChannel' 不屬於資料表 Employee。

2020-09-09 09:10:56::資料行 'ApplyChannel' 不屬於資料表 Employee。

2020-09-09 09:10:56::資料行 'ApplyChannel' 不屬於資料表 Employee。

2020-09-09 09:10:56::資料行 'ApplyChannel' 不屬於資料表 Employee。

2020-09-09 09:10:56::資料行 'ApplyChannel' 不屬於資料表 Employee。

2020-09-09 09:10:56::資料行 'ApplyChannel' 不屬於資料表 Employee。

2020-09-09 09:10:57::資料行 'ApplyChannel' 不屬於資料表 Employee。

2020-09-09 09:10:57::資料行 'ApplyChannel' 不屬於資料表 Employee。

2020-09-09 09:10:57::資料行 'ApplyChannel' 不屬於資料表 Employee。

2020-09-09 09:10:57::資料行 'ApplyChannel' 不屬於資料表 Employee。

2020-09-09 09:10:57::資料行 'ApplyChannel' 不屬於資料表 Employee。

2020-09-09 09:10:57::資料行 'ApplyChannel' 不屬於資料表 Employee。

2020-09-09 09:10:58::資料行 'ApplyChannel' 不屬於資料表 Employee。

2020-09-09 09:10:58::資料行 'ApplyChannel' 不屬於資料表 Employee。

2020-09-09 09:10:59::資料行 'ApplyChannel' 不屬於資料表 Employee。

2020-09-09 09:11:00::資料行 'ApplyChannel' 不屬於資料表 Employee。

2020-09-09 09:11:02::資料行 'ApplyChannel' 不屬於資料表 Employee。

2020-09-09 09:11:02::資料行 'ApplyChannel' 不屬於資料表 Employee。

2020-09-09 09:11:02::資料行 'ApplyChannel' 不屬於資料表 Employee。

2020-09-09 09:11:03::資料行 'ApplyChannel' 不屬於資料表 Employee。

2020-09-09 09:11:05::資料行 'ApplyChannel' 不屬於資料表 Employee。

2020-09-09 09:11:06::資料行 'ApplyChannel' 不屬於資料表 Employee。

2020-09-09 09:11:06::資料行 'ApplyChannel' 不屬於資料表 Employee。

2020-09-09 09:11:06::資料行 'ApplyChannel' 不屬於資料表 Employee。

2020-09-09 09:11:08::資料行 'ApplyChannel' 不屬於資料表 Employee。

2020-09-09 09:11:08::資料行 'ApplyChannel' 不屬於資料表 Employee。

2020-09-09 09:11:08::資料行 'ApplyChannel' 不屬於資料表 Employee。

2020-09-09 09:11:08::資料行 'ApplyChannel' 不屬於資料表 Employee。

2020-09-09 09:11:08::資料行 'ApplyChannel' 不屬於資料表 Employee。

2020-09-09 09:11:09::資料行 'ApplyChannel' 不屬於資料表 Employee。

2020-09-09 09:11:09::資料行 'ApplyChannel' 不屬於資料表 Employee。

2020-09-09 09:11:09::資料行 'ApplyChannel' 不屬於資料表 Employee。

2020-09-09 09:11:09::已經開啟一個與這個 Command 相關的 DataReader，必須先將它關閉。

2020-09-09 09:11:09::並未將物件參考設定為物件的執行個體。

2020-09-09 09:11:09::並未將物件參考設定為物件的執行個體。

2020-09-09 09:11:09::資料行 'ApplyChannel' 不屬於資料表 Employee。

2020-09-09 09:11:10::資料行 'ApplyChannel' 不屬於資料表 Employee。

2020-09-09 09:11:10::資料行 'ApplyChannel' 不屬於資料表 Employee。

2020-09-09 09:11:10::資料行 'ApplyChannel' 不屬於資料表 Employee。

2020-09-09 09:11:11::資料行 'ApplyChannel' 不屬於資料表 Employee。

2020-09-09 09:11:11::資料行 'ApplyChannel' 不屬於資料表 Employee。

2020-09-09 09:11:11::資料行 'ApplyChannel' 不屬於資料表 Employee。

2020-09-09 09:11:11::資料行 'ApplyChannel' 不屬於資料表 Employee。

2020-09-09 09:11:11::資料行 'ApplyChannel' 不屬於資料表 Employee。

2020-09-09 09:11:18::資料行 'ApplyChannel' 不屬於資料表 Employee。

2020-09-09 09:11:19::資料行 'ApplyChannel' 不屬於資料表 Employee。

2020-09-09 09:11:19::資料行 'ApplyChannel' 不屬於資料表 Employee。

2020-09-09 09:11:20::資料行 'ApplyChannel' 不屬於資料表 Employee。

2020-09-09 09:11:20::資料行 'ApplyChannel' 不屬於資料表 Employee。

2020-09-09 09:11:23::資料行 'ApplyChannel' 不屬於資料表 Employee。

2020-09-09 09:11:25::資料行 'ApplyChannel' 不屬於資料表 Employee。

2020-09-09 09:11:26::資料行 'ApplyChannel' 不屬於資料表 Employee。

2020-09-09 09:11:27::資料行 'ApplyChannel' 不屬於資料表 Employee。

2020-09-09 09:11:28::資料行 'ApplyChannel' 不屬於資料表 Employee。

2020-09-09 09:11:29::資料行 'ApplyChannel' 不屬於資料表 Employee。

2020-09-09 09:11:44::資料行 'ApplyChannel' 不屬於資料表 Employee。

2020-09-09 09:11:48::資料行 'ApplyChannel' 不屬於資料表 Employee。

2020-09-09 09:11:49::資料行 'ApplyChannel' 不屬於資料表 Employee。

2020-09-09 09:11:50::資料行 'ApplyChannel' 不屬於資料表 Employee。

2020-09-09 09:11:51::資料行 'ApplyChannel' 不屬於資料表 Employee。

2020-09-09 09:11:52::資料行 'ApplyChannel' 不屬於資料表 Employee。

2020-09-09 09:11:53::資料行 'ApplyChannel' 不屬於資料表 Employee。

2020-09-09 09:11:53::資料行 'ApplyChannel' 不屬於資料表 Employee。

2020-09-09 09:11:53::資料行 'ApplyChannel' 不屬於資料表 Employee。

2020-09-09 09:11:54::資料行 'ApplyChannel' 不屬於資料表 Employee。

2020-09-09 09:11:54::資料行 'ApplyChannel' 不屬於資料表 Employee。

2020-09-09 09:11:55::資料行 'ApplyChannel' 不屬於資料表 Employee。

2020-09-09 09:11:55::資料行 'ApplyChannel' 不屬於資料表 Employee。

2020-09-09 09:11:56::資料行 'ApplyChannel' 不屬於資料表 Employee。

2020-09-09 09:11:56::資料行 'ApplyChannel' 不屬於資料表 Employee。

2020-09-09 09:11:56::資料行 'ApplyChannel' 不屬於資料表 Employee。

2020-09-09 09:11:57::資料行 'ApplyChannel' 不屬於資料表 Employee。

2020-09-09 09:11:57::資料行 'ApplyChannel' 不屬於資料表 Employee。

2020-09-09 09:11:57::資料行 'ApplyChannel' 不屬於資料表 Employee。

2020-09-09 09:11:57::資料行 'ApplyChannel' 不屬於資料表 Employee。

2020-09-09 09:11:57::資料行 'ApplyChannel' 不屬於資料表 Employee。

2020-09-09 09:11:57::資料行 'ApplyChannel' 不屬於資料表 Employee。

2020-09-09 09:11:58::資料行 'ApplyChannel' 不屬於資料表 Employee。

2020-09-09 09:11:58::資料行 'ApplyChannel' 不屬於資料表 Employee。

2020-09-09 09:11:58::資料行 'ApplyChannel' 不屬於資料表 Employee。

2020-09-09 09:11:58::資料行 'ApplyChannel' 不屬於資料表 Employee。

2020-09-09 09:11:58::資料行 'ApplyChannel' 不屬於資料表 Employee。

2020-09-09 09:11:58::資料行 'ApplyChannel' 不屬於資料表 Employee。

2020-09-09 09:11:59::資料行 'ApplyChannel' 不屬於資料表 Employee。

2020-09-09 09:11:59::資料行 'ApplyChannel' 不屬於資料表 Employee。

2020-09-09 09:11:59::資料行 'ApplyChannel' 不屬於資料表 Employee。

2020-09-09 09:11:59::資料行 'ApplyChannel' 不屬於資料表 Employee。

2020-09-09 09:11:59::資料行 'ApplyChannel' 不屬於資料表 Employee。

2020-09-09 09:11:59::資料行 'ApplyChannel' 不屬於資料表 Employee。

2020-09-09 09:12:00::資料行 'ApplyChannel' 不屬於資料表 Employee。

2020-09-09 09:12:00::資料行 'ApplyChannel' 不屬於資料表 Employee。

2020-09-09 09:12:00::資料行 'ApplyChannel' 不屬於資料表 Employee。

2020-09-09 09:12:00::資料行 'ApplyChannel' 不屬於資料表 Employee。

2020-09-09 09:12:00::資料行 'ApplyChannel' 不屬於資料表 Employee。

2020-09-09 09:12:00::資料行 'ApplyChannel' 不屬於資料表 Employee。

2020-09-09 09:12:00::資料行 'ApplyChannel' 不屬於資料表 Employee。

2020-09-09 09:12:01::資料行 'ApplyChannel' 不屬於資料表 Employee。

2020-09-09 09:12:01::資料行 'ApplyChannel' 不屬於資料表 Employee。

2020-09-09 09:12:01::資料行 'ApplyChannel' 不屬於資料表 Employee。

2020-09-09 09:12:01::資料行 'ApplyChannel' 不屬於資料表 Employee。

2020-09-09 09:12:05::資料行 'ApplyChannel' 不屬於資料表 Employee。

2020-09-09 09:12:08::資料行 'ApplyChannel' 不屬於資料表 Employee。

2020-09-09 09:12:09::資料行 'ApplyChannel' 不屬於資料表 Employee。

2020-09-09 09:12:11::資料行 'ApplyChannel' 不屬於資料表 Employee。

2020-09-09 09:12:11::資料行 'ApplyChannel' 不屬於資料表 Employee。

2020-09-09 09:12:11::資料行 'ApplyChannel' 不屬於資料表 Employee。

2020-09-09 09:12:27::資料行 'ApplyChannel' 不屬於資料表 Employee。

2020-09-09 09:12:27::資料行 'ApplyChannel' 不屬於資料表 Employee。

2020-09-09 09:12:27::資料行 'ApplyChannel' 不屬於資料表 Employee。

2020-09-09 09:12:28::資料行 'ApplyChannel' 不屬於資料表 Employee。

2020-09-09 09:12:28::資料行 'ApplyChannel' 不屬於資料表 Employee。

2020-09-09 09:12:28::資料行 'ApplyChannel' 不屬於資料表 Employee。

2020-09-09 09:12:28::資料行 'ApplyChannel' 不屬於資料表 Employee。

2020-09-09 09:12:29::資料行 'ApplyChannel' 不屬於資料表 Employee。

2020-09-09 09:12:29::資料行 'ApplyChannel' 不屬於資料表 Employee。

2020-09-09 09:12:53::資料行 'ApplyChannel' 不屬於資料表 Employee。

2020-09-09 09:12:53::資料行 'ApplyChannel' 不屬於資料表 Employee。

2020-09-09 09:12:54::資料行 'ApplyChannel' 不屬於資料表 Employee。

2020-09-09 09:12:54::資料行 'ApplyChannel' 不屬於資料表 Employee。

2020-09-09 09:12:54::資料行 'ApplyChannel' 不屬於資料表 Employee。

2020-09-09 09:12:54::資料行 'ApplyChannel' 不屬於資料表 Employee。

2020-09-09 09:12:54::資料行 'ApplyChannel' 不屬於資料表 Employee。

2020-09-09 09:13:11::資料行 'ApplyChannel' 不屬於資料表 Employee。

2020-09-09 09:14:18::資料行 'ApplyChannel' 不屬於資料表 Employee。

2020-09-09 09:14:19::資料行 'ApplyChannel' 不屬於資料表 Employee。

2020-09-09 09:14:19::資料行 'ApplyChannel' 不屬於資料表 Employee。

2020-09-09 09:14:30::資料行 'ApplyChannel' 不屬於資料表 Employee。

2020-09-09 09:14:35::資料行 'ApplyChannel' 不屬於資料表 Employee。

2020-09-09 09:14:36::資料行 'ApplyChannel' 不屬於資料表 Employee。

2020-09-09 09:14:36::資料行 'ApplyChannel' 不屬於資料表 Employee。

2020-09-09 09:14:36::資料行 'ApplyChannel' 不屬於資料表 Employee。

2020-09-09 09:14:37::資料行 'ApplyChannel' 不屬於資料表 Employee。

2020-09-09 09:14:37::資料行 'ApplyChannel' 不屬於資料表 Employee。

2020-09-09 09:14:37::資料行 'ApplyChannel' 不屬於資料表 Employee。

2020-09-09 09:14:37::資料行 'ApplyChannel' 不屬於資料表 Employee。

2020-09-09 09:14:37::資料行 'ApplyChannel' 不屬於資料表 Employee。

2020-09-09 09:14:38::資料行 'ApplyChannel' 不屬於資料表 Employee。

2020-09-09 09:14:38::資料行 'ApplyChannel' 不屬於資料表 Employee。

2020-09-09 09:14:38::資料行 'ApplyChannel' 不屬於資料表 Employee。

2020-09-09 09:14:38::資料行 'ApplyChannel' 不屬於資料表 Employee。

2020-09-09 09:14:38::資料行 'ApplyChannel' 不屬於資料表 Employee。

2020-09-09 09:14:39::資料行 'ApplyChannel' 不屬於資料表 Employee。

2020-09-09 09:14:39::資料行 'ApplyChannel' 不屬於資料表 Employee。

2020-09-09 09:14:39::資料行 'ApplyChannel' 不屬於資料表 Employee。

2020-09-09 09:14:39::資料行 'ApplyChannel' 不屬於資料表 Employee。

2020-09-09 09:14:39::資料行 'ApplyChannel' 不屬於資料表 Employee。

2020-09-09 09:14:39::資料行 'ApplyChannel' 不屬於資料表 Employee。

2020-09-09 09:14:40::資料行 'ApplyChannel' 不屬於資料表 Employee。

2020-09-09 09:14:40::資料行 'ApplyChannel' 不屬於資料表 Employee。

2020-09-09 09:14:41::資料行 'ApplyChannel' 不屬於資料表 Employee。

2020-09-09 09:14:42::資料行 'ApplyChannel' 不屬於資料表 Employee。

2020-09-09 09:14:43::資料行 'ApplyChannel' 不屬於資料表 Employee。

2020-09-09 09:14:44::資料行 'ApplyChannel' 不屬於資料表 Employee。

2020-09-09 09:14:44::資料行 'ApplyChannel' 不屬於資料表 Employee。

2020-09-09 09:14:45::資料行 'ApplyChannel' 不屬於資料表 Employee。

2020-09-09 09:14:45::資料行 'ApplyChannel' 不屬於資料表 Employee。

2020-09-09 09:14:45::資料行 'ApplyChannel' 不屬於資料表 Employee。

2020-09-09 09:14:45::資料行 'ApplyChannel' 不屬於資料表 Employee。

2020-09-09 09:14:45::資料行 'ApplyChannel' 不屬於資料表 Employee。

2020-09-09 09:14:46::資料行 'ApplyChannel' 不屬於資料表 Employee。

2020-09-09 09:14:46::資料行 'ApplyChannel' 不屬於資料表 Employee。

2020-09-09 09:14:46::資料行 'ApplyChannel' 不屬於資料表 Employee。

2020-09-09 09:14:46::資料行 'ApplyChannel' 不屬於資料表 Employee。

2020-09-09 09:14:46::資料行 'ApplyChannel' 不屬於資料表 Employee。

2020-09-09 09:14:46::資料行 'ApplyChannel' 不屬於資料表 Employee。

2020-09-09 09:14:47::資料行 'ApplyChannel' 不屬於資料表 Employee。

2020-09-09 09:14:47::資料行 'ApplyChannel' 不屬於資料表 Employee。

2020-09-09 09:14:47::資料行 'ApplyChannel' 不屬於資料表 Employee。

2020-09-09 09:14:47::資料行 'ApplyChannel' 不屬於資料表 Employee。

2020-09-09 09:14:47::資料行 'ApplyChannel' 不屬於資料表 Employee。

2020-09-09 09:14:48::資料行 'ApplyChannel' 不屬於資料表 Employee。

2020-09-09 09:14:49::資料行 'ApplyChannel' 不屬於資料表 Employee。

2020-09-09 09:14:51::資料行 'ApplyChannel' 不屬於資料表 Employee。

2020-09-09 09:14:52::資料行 'ApplyChannel' 不屬於資料表 Employee。

2020-09-09 09:14:52::資料行 'ApplyChannel' 不屬於資料表 Employee。

2020-09-09 09:14:53::資料行 'ApplyChannel' 不屬於資料表 Employee。

2020-09-09 09:14:53::資料行 'ApplyChannel' 不屬於資料表 Employee。

2020-09-09 09:14:53::資料行 'ApplyChannel' 不屬於資料表 Employee。

2020-09-09 09:14:53::資料行 'ApplyChannel' 不屬於資料表 Employee。

2020-09-09 09:14:54::資料行 'ApplyChannel' 不屬於資料表 Employee。

2020-09-09 09:14:54::資料行 'ApplyChannel' 不屬於資料表 Employee。

2020-09-09 09:14:54::資料行 'ApplyChannel' 不屬於資料表 Employee。

2020-09-09 09:14:54::資料行 'ApplyChannel' 不屬於資料表 Employee。

2020-09-09 09:14:54::資料行 'ApplyChannel' 不屬於資料表 Employee。

2020-09-09 09:14:55::資料行 'ApplyChannel' 不屬於資料表 Employee。

2020-09-09 09:14:55::資料行 'ApplyChannel' 不屬於資料表 Employee。

2020-09-09 09:15:05::資料行 'ApplyChannel' 不屬於資料表 Employee。

2020-09-09 09:15:05::資料行 'ApplyChannel' 不屬於資料表 Employee。

2020-09-09 09:15:06::資料行 'ApplyChannel' 不屬於資料表 Employee。

2020-09-09 09:15:06::資料行 'ApplyChannel' 不屬於資料表 Employee。

2020-09-09 09:15:06::資料行 'ApplyChannel' 不屬於資料表 Employee。

2020-09-09 09:15:06::資料行 'ApplyChannel' 不屬於資料表 Employee。

2020-09-09 09:15:10::資料行 'ApplyChannel' 不屬於資料表 Employee。

2020-09-09 09:15:10::資料行 'ApplyChannel' 不屬於資料表 Employee。

2020-09-09 09:15:11::資料行 'ApplyChannel' 不屬於資料表 Employee。

2020-09-09 09:15:11::資料行 'ApplyChannel' 不屬於資料表 Employee。

2020-09-09 09:15:16::資料行 'ApplyChannel' 不屬於資料表 Employee。

2020-09-09 09:15:17::資料行 'ApplyChannel' 不屬於資料表 Employee。

2020-09-09 09:15:17::資料行 'ApplyChannel' 不屬於資料表 Employee。

2020-09-09 09:15:17::資料行 'ApplyChannel' 不屬於資料表 Employee。

2020-09-09 09:15:17::資料行 'ApplyChannel' 不屬於資料表 Employee。

2020-09-09 09:15:17::資料行 'ApplyChannel' 不屬於資料表 Employee。

2020-09-09 09:15:18::資料行 'ApplyChannel' 不屬於資料表 Employee。

2020-09-09 09:15:18::資料行 'ApplyChannel' 不屬於資料表 Employee。

2020-09-09 09:15:18::資料行 'ApplyChannel' 不屬於資料表 Employee。

2020-09-09 09:15:18::資料行 'ApplyChannel' 不屬於資料表 Employee。

2020-09-09 09:15:19::資料行 'ApplyChannel' 不屬於資料表 Employee。

2020-09-09 09:15:19::資料行 'ApplyChannel' 不屬於資料表 Employee。

2020-09-09 09:15:19::資料行 'ApplyChannel' 不屬於資料表 Employee。

2020-09-09 09:15:19::資料行 'ApplyChannel' 不屬於資料表 Employee。

2020-09-09 09:15:19::資料行 'ApplyChannel' 不屬於資料表 Employee。

2020-09-09 09:15:20::資料行 'ApplyChannel' 不屬於資料表 Employee。

2020-09-09 09:15:20::資料行 'ApplyChannel' 不屬於資料表 Employee。

2020-09-09 09:15:20::資料行 'ApplyChannel' 不屬於資料表 Employee。

2020-09-09 09:15:20::資料行 'ApplyChannel' 不屬於資料表 Employee。

2020-09-09 09:15:21::資料行 'ApplyChannel' 不屬於資料表 Employee。

2020-09-09 09:15:21::資料行 'ApplyChannel' 不屬於資料表 Employee。

2020-09-09 09:15:22::資料行 'ApplyChannel' 不屬於資料表 Employee。

2020-09-09 09:15:47::資料行 'ApplyChannel' 不屬於資料表 Employee。

2020-09-09 09:15:48::資料行 'ApplyChannel' 不屬於資料表 Employee。

2020-09-09 09:15:49::資料行 'ApplyChannel' 不屬於資料表 Employee。

2020-09-09 09:15:49::資料行 'ApplyChannel' 不屬於資料表 Employee。

2020-09-09 09:15:49::資料行 'ApplyChannel' 不屬於資料表 Employee。

2020-09-09 09:15:49::資料行 'ApplyChannel' 不屬於資料表 Employee。

2020-09-09 09:15:50::資料行 'ApplyChannel' 不屬於資料表 Employee。

2020-09-09 09:16:56::資料行 'ApplyChannel' 不屬於資料表 Employee。

2020-09-09 09:16:58::資料行 'ApplyChannel' 不屬於資料表 Employee。

2020-09-09 09:16:59::資料行 'ApplyChannel' 不屬於資料表 Employee。

2020-09-09 09:16:59::資料行 'ApplyChannel' 不屬於資料表 Employee。

2020-09-09 09:17:00::資料行 'ApplyChannel' 不屬於資料表 Employee。

2020-09-09 09:17:00::資料行 'ApplyChannel' 不屬於資料表 Employee。

2020-09-09 09:17:01::資料行 'ApplyChannel' 不屬於資料表 Employee。

2020-09-09 09:17:02::資料行 'ApplyChannel' 不屬於資料表 Employee。

2020-09-09 09:17:03::資料行 'ApplyChannel' 不屬於資料表 Employee。

2020-09-09 09:17:04::資料行 'ApplyChannel' 不屬於資料表 Employee。

2020-09-09 09:17:05::資料行 'ApplyChannel' 不屬於資料表 Employee。

2020-09-09 09:17:05::資料行 'ApplyChannel' 不屬於資料表 Employee。

2020-09-09 09:17:06::資料行 'ApplyChannel' 不屬於資料表 Employee。

2020-09-09 09:17:06::資料行 'ApplyChannel' 不屬於資料表 Employee。

2020-09-09 09:17:06::資料行 'ApplyChannel' 不屬於資料表 Employee。

2020-09-09 09:17:06::資料行 'ApplyChannel' 不屬於資料表 Employee。

2020-09-09 09:17:06::資料行 'ApplyChannel' 不屬於資料表 Employee。

2020-09-09 09:17:06::資料行 'ApplyChannel' 不屬於資料表 Employee。

2020-09-09 09:17:06::資料行 'ApplyChannel' 不屬於資料表 Employee。

2020-09-09 09:17:07::資料行 'ApplyChannel' 不屬於資料表 Employee。

2020-09-09 09:17:07::資料行 'ApplyChannel' 不屬於資料表 Employee。

2020-09-09 09:17:17::資料行 'ApplyChannel' 不屬於資料表 Employee。

2020-09-09 09:18:14::資料行 'ApplyChannel' 不屬於資料表 Employee。

2020-09-09 09:18:20::資料行 'ApplyChannel' 不屬於資料表 Employee。

2020-09-09 09:18:21::資料行 'ApplyChannel' 不屬於資料表 Employee。

2020-09-09 09:18:22::資料行 'ApplyChannel' 不屬於資料表 Employee。

2020-09-09 09:18:22::資料行 'ApplyChannel' 不屬於資料表 Employee。

2020-09-09 09:18:22::資料行 'ApplyChannel' 不屬於資料表 Employee。

2020-09-09 09:18:22::資料行 'ApplyChannel' 不屬於資料表 Employee。

2020-09-09 09:18:22::資料行 'ApplyChannel' 不屬於資料表 Employee。

2020-09-09 09:18:23::資料行 'ApplyChannel' 不屬於資料表 Employee。

2020-09-09 09:18:23::資料行 'ApplyChannel' 不屬於資料表 Employee。

2020-09-09 09:18:23::資料行 'ApplyChannel' 不屬於資料表 Employee。

2020-09-09 09:18:30::資料行 'ApplyChannel' 不屬於資料表 Employee。

2020-09-09 09:18:31::資料行 'ApplyChannel' 不屬於資料表 Employee。

2020-09-09 09:18:33::資料行 'ApplyChannel' 不屬於資料表 Employee。

2020-09-09 09:18:33::資料行 'ApplyChannel' 不屬於資料表 Employee。

2020-09-09 09:18:33::資料行 'ApplyChannel' 不屬於資料表 Employee。

2020-09-09 09:18:33::資料行 'ApplyChannel' 不屬於資料表 Employee。

2020-09-09 09:18:33::資料行 'ApplyChannel' 不屬於資料表 Employee。

2020-09-09 09:18:34::資料行 'ApplyChannel' 不屬於資料表 Employee。

2020-09-09 09:18:34::資料行 'ApplyChannel' 不屬於資料表 Employee。

2020-09-09 09:18:34::資料行 'ApplyChannel' 不屬於資料表 Employee。

2020-09-09 09:18:34::資料行 'ApplyChannel' 不屬於資料表 Employee。

2020-09-09 09:18:34::資料行 'ApplyChannel' 不屬於資料表 Employee。

2020-09-09 09:19:02::資料行 'ApplyChannel' 不屬於資料表 Employee。

2020-09-09 09:19:07::資料行 'ApplyChannel' 不屬於資料表 Employee。

2020-09-09 09:19:20::資料行 'ApplyChannel' 不屬於資料表 Employee。

2020-09-09 09:19:21::資料行 'ApplyChannel' 不屬於資料表 Employee。

2020-09-09 09:19:22::資料行 'ApplyChannel' 不屬於資料表 Employee。

2020-09-09 09:19:23::資料行 'ApplyChannel' 不屬於資料表 Employee。

2020-09-09 09:19:24::資料行 'ApplyChannel' 不屬於資料表 Employee。

2020-09-09 09:19:24::資料行 'ApplyChannel' 不屬於資料表 Employee。

2020-09-09 09:19:24::資料行 'ApplyChannel' 不屬於資料表 Employee。

2020-09-09 09:19:25::資料行 'ApplyChannel' 不屬於資料表 Employee。

2020-09-09 09:19:42::資料行 'ApplyChannel' 不屬於資料表 Employee。

2020-09-09 09:20:13::資料行 'ApplyChannel' 不屬於資料表 Employee。

2020-09-09 09:20:16::資料行 'ApplyChannel' 不屬於資料表 Employee。

2020-09-09 09:20:18::資料行 'ApplyChannel' 不屬於資料表 Employee。

2020-09-09 09:20:19::資料行 'ApplyChannel' 不屬於資料表 Employee。

2020-09-09 09:20:19::資料行 'ApplyChannel' 不屬於資料表 Employee。

2020-09-09 09:20:20::資料行 'ApplyChannel' 不屬於資料表 Employee。

2020-09-09 09:20:20::資料行 'ApplyChannel' 不屬於資料表 Employee。

2020-09-09 09:20:20::資料行 'ApplyChannel' 不屬於資料表 Employee。

2020-09-09 09:20:22::資料行 'ApplyChannel' 不屬於資料表 Employee。

2020-09-09 09:20:23::資料行 'ApplyChannel' 不屬於資料表 Employee。

2020-09-09 09:20:23::資料行 'ApplyChannel' 不屬於資料表 Employee。

2020-09-09 09:20:23::資料行 'ApplyChannel' 不屬於資料表 Employee。

2020-09-09 09:20:23::資料行 'ApplyChannel' 不屬於資料表 Employee。

2020-09-09 09:20:24::資料行 'ApplyChannel' 不屬於資料表 Employee。

2020-09-09 09:20:24::資料行 'ApplyChannel' 不屬於資料表 Employee。

2020-09-09 09:20:24::資料行 'ApplyChannel' 不屬於資料表 Employee。

2020-09-09 09:20:24::資料行 'ApplyChannel' 不屬於資料表 Employee。

2020-09-09 09:20:24::資料行 'ApplyChannel' 不屬於資料表 Employee。

2020-09-09 09:20:25::資料行 'ApplyChannel' 不屬於資料表 Employee。

2020-09-09 09:20:25::資料行 'ApplyChannel' 不屬於資料表 Employee。

2020-09-09 09:20:25::資料行 'ApplyChannel' 不屬於資料表 Employee。

2020-09-09 09:20:25::資料行 'ApplyChannel' 不屬於資料表 Employee。

2020-09-09 09:20:25::資料行 'ApplyChannel' 不屬於資料表 Employee。

2020-09-09 09:20:26::資料行 'ApplyChannel' 不屬於資料表 Employee。

2020-09-09 09:20:26::資料行 'ApplyChannel' 不屬於資料表 Employee。

2020-09-09 09:20:30::資料行 'ApplyChannel' 不屬於資料表 Employee。

2020-09-09 09:20:30::資料行 'ApplyChannel' 不屬於資料表 Employee。

2020-09-09 09:20:31::資料行 'ApplyChannel' 不屬於資料表 Employee。

2020-09-09 09:20:31::資料行 'ApplyChannel' 不屬於資料表 Employee。

2020-09-09 09:20:32::資料行 'ApplyChannel' 不屬於資料表 Employee。

2020-09-09 09:20:32::資料行 'ApplyChannel' 不屬於資料表 Employee。

2020-09-09 09:20:33::資料行 'ApplyChannel' 不屬於資料表 Employee。

2020-09-09 09:20:33::資料行 'ApplyChannel' 不屬於資料表 Employee。

2020-09-09 09:20:33::資料行 'ApplyChannel' 不屬於資料表 Employee。

2020-09-09 09:20:33::資料行 'ApplyChannel' 不屬於資料表 Employee。

2020-09-09 09:20:34::資料行 'ApplyChannel' 不屬於資料表 Employee。

2020-09-09 09:20:34::資料行 'ApplyChannel' 不屬於資料表 Employee。

2020-09-09 09:20:36::資料行 'ApplyChannel' 不屬於資料表 Employee。

2020-09-09 09:21:15::資料行 'ApplyChannel' 不屬於資料表 Employee。

2020-09-09 09:21:16::資料行 'ApplyChannel' 不屬於資料表 Employee。

2020-09-09 09:21:17::資料行 'ApplyChannel' 不屬於資料表 Employee。

2020-09-09 09:21:17::資料行 'ApplyChannel' 不屬於資料表 Employee。

2020-09-09 09:21:17::資料行 'ApplyChannel' 不屬於資料表 Employee。

2020-09-09 09:21:18::資料行 'ApplyChannel' 不屬於資料表 Employee。

2020-09-09 09:21:18::資料行 'ApplyChannel' 不屬於資料表 Employee。

2020-09-09 09:21:18::資料行 'ApplyChannel' 不屬於資料表 Employee。

2020-09-09 09:21:19::資料行 'ApplyChannel' 不屬於資料表 Employee。

2020-09-09 09:21:37::資料行 'ApplyChannel' 不屬於資料表 Employee。

2020-09-09 09:21:51::資料行 'ApplyChannel' 不屬於資料表 Employee。

2020-09-09 09:22:00::資料行 'ApplyChannel' 不屬於資料表 Employee。

2020-09-09 09:22:03::資料行 'ApplyChannel' 不屬於資料表 Employee。

2020-09-09 09:23:00::資料行 'ApplyChannel' 不屬於資料表 Employee。

2020-09-09 09:23:07::資料行 'ApplyChannel' 不屬於資料表 Employee。

2020-09-09 09:23:44::資料行 'ApplyChannel' 不屬於資料表 Employee。

2020-09-09 09:23:46::資料行 'ApplyChannel' 不屬於資料表 Employee。

2020-09-09 09:23:53::資料行 'ApplyChannel' 不屬於資料表 Employee。

2020-09-09 09:23:55::資料行 'ApplyChannel' 不屬於資料表 Employee。

2020-09-09 09:23:55::資料行 'ApplyChannel' 不屬於資料表 Employee。

2020-09-09 09:23:56::資料行 'ApplyChannel' 不屬於資料表 Employee。

2020-09-09 09:23:56::資料行 'ApplyChannel' 不屬於資料表 Employee。

2020-09-09 09:23:56::資料行 'ApplyChannel' 不屬於資料表 Employee。

2020-09-09 09:23:56::資料行 'ApplyChannel' 不屬於資料表 Employee。

2020-09-09 09:24:00::資料行 'ApplyChannel' 不屬於資料表 Employee。

2020-09-09 09:24:00::資料行 'ApplyChannel' 不屬於資料表 Employee。

2020-09-09 09:24:00::資料行 'ApplyChannel' 不屬於資料表 Employee。

2020-09-09 09:24:00::資料行 'ApplyChannel' 不屬於資料表 Employee。

2020-09-09 09:24:01::資料行 'ApplyChannel' 不屬於資料表 Employee。

2020-09-09 09:24:09::資料行 'ApplyChannel' 不屬於資料表 Employee。

2020-09-09 09:24:10::資料行 'ApplyChannel' 不屬於資料表 Employee。

2020-09-09 09:24:10::資料行 'ApplyChannel' 不屬於資料表 Employee。

2020-09-09 09:24:10::資料行 'ApplyChannel' 不屬於資料表 Employee。

2020-09-09 09:24:11::資料行 'ApplyChannel' 不屬於資料表 Employee。

2020-09-09 09:24:11::資料行 'ApplyChannel' 不屬於資料表 Employee。

2020-09-09 09:24:11::資料行 'ApplyChannel' 不屬於資料表 Employee。

2020-09-09 09:24:11::資料行 'ApplyChannel' 不屬於資料表 Employee。

2020-09-09 09:24:11::資料行 'ApplyChannel' 不屬於資料表 Employee。

2020-09-09 09:24:11::資料行 'ApplyChannel' 不屬於資料表 Employee。

2020-09-09 09:24:11::資料行 'ApplyChannel' 不屬於資料表 Employee。

2020-09-09 09:24:16::資料行 'ApplyChannel' 不屬於資料表 Employee。

2020-09-09 09:24:16::資料行 'ApplyChannel' 不屬於資料表 Employee。

2020-09-09 09:24:17::資料行 'ApplyChannel' 不屬於資料表 Employee。

2020-09-09 09:24:22::資料行 'ApplyChannel' 不屬於資料表 Employee。

2020-09-09 09:24:22::資料行 'ApplyChannel' 不屬於資料表 Employee。

2020-09-09 09:24:23::資料行 'ApplyChannel' 不屬於資料表 Employee。

2020-09-09 09:24:28::資料行 'ApplyChannel' 不屬於資料表 Employee。

2020-09-09 09:25:27::資料行 'ApplyChannel' 不屬於資料表 Employee。

2020-09-09 09:25:29::資料行 'ApplyChannel' 不屬於資料表 Employee。

2020-09-09 09:25:35::資料行 'ApplyChannel' 不屬於資料表 Employee。

2020-09-09 09:25:36::資料行 'ApplyChannel' 不屬於資料表 Employee。

2020-09-09 09:25:37::資料行 'ApplyChannel' 不屬於資料表 Employee。

2020-09-09 09:25:37::資料行 'ApplyChannel' 不屬於資料表 Employee。

2020-09-09 09:25:38::資料行 'ApplyChannel' 不屬於資料表 Employee。

2020-09-09 09:26:11::資料行 'ApplyChannel' 不屬於資料表 Employee。

2020-09-09 09:26:12::資料行 'ApplyChannel' 不屬於資料表 Employee。

2020-09-09 09:26:13::資料行 'ApplyChannel' 不屬於資料表 Employee。

2020-09-09 09:26:13::資料行 'ApplyChannel' 不屬於資料表 Employee。

2020-09-09 09:26:14::資料行 'ApplyChannel' 不屬於資料表 Employee。

2020-09-09 09:26:14::資料行 'ApplyChannel' 不屬於資料表 Employee。

2020-09-09 09:26:14::資料行 'ApplyChannel' 不屬於資料表 Employee。

2020-09-09 09:26:14::資料行 'ApplyChannel' 不屬於資料表 Employee。

2020-09-09 09:26:14::資料行 'ApplyChannel' 不屬於資料表 Employee。

2020-09-09 09:26:15::資料行 'ApplyChannel' 不屬於資料表 Employee。

2020-09-09 09:26:15::資料行 'ApplyChannel' 不屬於資料表 Employee。

2020-09-09 09:26:15::資料行 'ApplyChannel' 不屬於資料表 Employee。

2020-09-09 09:26:15::資料行 'ApplyChannel' 不屬於資料表 Employee。

2020-09-09 09:26:15::資料行 'ApplyChannel' 不屬於資料表 Employee。

2020-09-09 09:26:15::資料行 'ApplyChannel' 不屬於資料表 Employee。

2020-09-09 09:26:16::資料行 'ApplyChannel' 不屬於資料表 Employee。

2020-09-09 09:26:16::資料行 'ApplyChannel' 不屬於資料表 Employee。

2020-09-09 09:26:16::資料行 'ApplyChannel' 不屬於資料表 Employee。

2020-09-09 09:26:16::資料行 'ApplyChannel' 不屬於資料表 Employee。

2020-09-09 09:26:17::資料行 'ApplyChannel' 不屬於資料表 Employee。

2020-09-09 09:28:40::資料行 'ApplyChannel' 不屬於資料表 Employee。

2020-09-09 09:28:41::資料行 'ApplyChannel' 不屬於資料表 Employee。

2020-09-09 09:28:41::資料行 'ApplyChannel' 不屬於資料表 Employee。

2020-09-09 09:28:42::資料行 'ApplyChannel' 不屬於資料表 Employee。

2020-09-09 09:28:43::資料行 'ApplyChannel' 不屬於資料表 Employee。

2020-09-09 09:28:44::資料行 'ApplyChannel' 不屬於資料表 Employee。

2020-09-09 09:28:50::資料行 'ApplyChannel' 不屬於資料表 Employee。

2020-09-09 09:28:52::資料行 'ApplyChannel' 不屬於資料表 Employee。

2020-09-09 09:28:53::資料行 'ApplyChannel' 不屬於資料表 Employee。

2020-09-09 09:28:53::資料行 'ApplyChannel' 不屬於資料表 Employee。

2020-09-09 09:28:54::資料行 'ApplyChannel' 不屬於資料表 Employee。

2020-09-09 09:28:54::資料行 'ApplyChannel' 不屬於資料表 Employee。

2020-09-09 09:28:56::資料行 'ApplyChannel' 不屬於資料表 Employee。

2020-09-09 09:28:57::資料行 'ApplyChannel' 不屬於資料表 Employee。

2020-09-09 09:28:57::資料行 'ApplyChannel' 不屬於資料表 Employee。

2020-09-09 09:28:57::資料行 'ApplyChannel' 不屬於資料表 Employee。

2020-09-09 09:28:57::資料行 'ApplyChannel' 不屬於資料表 Employee。

2020-09-09 09:28:57::資料行 'ApplyChannel' 不屬於資料表 Employee。

2020-09-09 09:28:58::資料行 'ApplyChannel' 不屬於資料表 Employee。

2020-09-09 09:28:58::資料行 'ApplyChannel' 不屬於資料表 Employee。

2020-09-09 09:28:58::資料行 'ApplyChannel' 不屬於資料表 Employee。

2020-09-09 09:28:58::資料行 'ApplyChannel' 不屬於資料表 Employee。

2020-09-09 09:28:58::資料行 'ApplyChannel' 不屬於資料表 Employee。

2020-09-09 09:28:58::資料行 'ApplyChannel' 不屬於資料表 Employee。

2020-09-09 09:28:59::資料行 'ApplyChannel' 不屬於資料表 Employee。

2020-09-09 09:28:59::資料行 'ApplyChannel' 不屬於資料表 Employee。

2020-09-09 09:28:59::資料行 'ApplyChannel' 不屬於資料表 Employee。

2020-09-09 09:28:59::資料行 'ApplyChannel' 不屬於資料表 Employee。

2020-09-09 09:28:59::資料行 'ApplyChannel' 不屬於資料表 Employee。

2020-09-09 09:28:59::資料行 'ApplyChannel' 不屬於資料表 Employee。

2020-09-09 09:29:00::資料行 'ApplyChannel' 不屬於資料表 Employee。

2020-09-09 09:29:00::資料行 'ApplyChannel' 不屬於資料表 Employee。

2020-09-09 09:29:00::資料行 'ApplyChannel' 不屬於資料表 Employee。

2020-09-09 09:29:04::資料行 'ApplyChannel' 不屬於資料表 Employee。

2020-09-09 09:29:05::資料行 'ApplyChannel' 不屬於資料表 Employee。

2020-09-09 09:29:05::資料行 'ApplyChannel' 不屬於資料表 Employee。

2020-09-09 09:29:05::資料行 'ApplyChannel' 不屬於資料表 Employee。

2020-09-09 09:29:05::資料行 'ApplyChannel' 不屬於資料表 Employee。

2020-09-09 09:29:05::資料行 'ApplyChannel' 不屬於資料表 Employee。

2020-09-09 09:29:06::資料行 'ApplyChannel' 不屬於資料表 Employee。

2020-09-09 09:29:06::資料行 'ApplyChannel' 不屬於資料表 Employee。

2020-09-09 09:29:08::資料行 'ApplyChannel' 不屬於資料表 Employee。

2020-09-09 09:29:09::資料行 'ApplyChannel' 不屬於資料表 Employee。

2020-09-09 09:29:10::資料行 'ApplyChannel' 不屬於資料表 Employee。

2020-09-09 09:29:10::資料行 'ApplyChannel' 不屬於資料表 Employee。

2020-09-09 09:29:10::資料行 'ApplyChannel' 不屬於資料表 Employee。

2020-09-09 09:29:11::資料行 'ApplyChannel' 不屬於資料表 Employee。

2020-09-09 09:29:11::資料行 'ApplyChannel' 不屬於資料表 Employee。

2020-09-09 09:29:17::資料行 'ApplyChannel' 不屬於資料表 Employee。

2020-09-09 09:29:24::資料行 'ApplyChannel' 不屬於資料表 Employee。

2020-09-09 09:29:25::資料行 'ApplyChannel' 不屬於資料表 Employee。

2020-09-09 09:29:25::資料行 'ApplyChannel' 不屬於資料表 Employee。

2020-09-09 09:29:26::資料行 'ApplyChannel' 不屬於資料表 Employee。

2020-09-09 09:29:26::資料行 'ApplyChannel' 不屬於資料表 Employee。

2020-09-09 09:29:26::資料行 'ApplyChannel' 不屬於資料表 Employee。

2020-09-09 09:29:26::資料行 'ApplyChannel' 不屬於資料表 Employee。

2020-09-09 09:29:27::資料行 'ApplyChannel' 不屬於資料表 Employee。

2020-09-09 09:29:27::資料行 'ApplyChannel' 不屬於資料表 Employee。

2020-09-09 10:24:30::ExecuteReader 必須有開啟與可用的 Connection。連接目前的狀態為連接中。

2020-09-09 10:24:30::並未將物件參考設定為物件的執行個體。

2020-09-09 21:25:19::並未將物件參考設定為物件的執行個體。

2020-09-09 21:25:19::並未將物件參考設定為物件的執行個體。

2020-09-09 23:10:50::並未將物件參考設定為物件的執行個體。

2020-09-09 23:10:50::並未將物件參考設定為物件的執行個體。

