2020-08-10 07:19:34::ExecuteReader 必須有開啟與可用的 Connection。連接目前的狀態為連接中。

2020-08-10 07:19:34::並未將物件參考設定為物件的執行個體。

2020-08-10 08:58:28::資料行 'Relationship' 不屬於資料表 RelativesInCompany。

2020-08-10 08:58:29::資料行 'Relationship' 不屬於資料表 RelativesInCompany。

2020-08-10 08:58:33::資料行 'Relationship' 不屬於資料表 RelativesInCompany。

2020-08-10 08:58:35::資料行 'Relationship' 不屬於資料表 RelativesInCompany。

2020-08-10 08:58:37::資料行 'Relationship' 不屬於資料表 RelativesInCompany。

2020-08-10 08:58:39::資料行 'Relationship' 不屬於資料表 RelativesInCompany。

2020-08-10 08:58:40::資料行 'Relationship' 不屬於資料表 RelativesInCompany。

2020-08-10 08:58:41::資料行 'Relationship' 不屬於資料表 RelativesInCompany。

2020-08-10 08:58:44::資料行 'Relationship' 不屬於資料表 RelativesInCompany。

2020-08-10 08:58:46::資料行 'Relationship' 不屬於資料表 RelativesInCompany。

2020-08-10 08:58:47::資料行 'Relationship' 不屬於資料表 RelativesInCompany。

2020-08-10 08:58:48::資料行 'Relationship' 不屬於資料表 RelativesInCompany。

2020-08-10 08:58:49::資料行 'Relationship' 不屬於資料表 RelativesInCompany。

2020-08-10 08:58:49::資料行 'Relationship' 不屬於資料表 RelativesInCompany。

2020-08-10 08:58:50::資料行 'Relationship' 不屬於資料表 RelativesInCompany。

2020-08-10 08:58:50::資料行 'Relationship' 不屬於資料表 RelativesInCompany。

2020-08-10 08:58:51::資料行 'Relationship' 不屬於資料表 RelativesInCompany。

2020-08-10 08:58:51::資料行 'Relationship' 不屬於資料表 RelativesInCompany。

2020-08-10 08:58:51::資料行 'Relationship' 不屬於資料表 RelativesInCompany。

2020-08-10 08:58:52::資料行 'Relationship' 不屬於資料表 RelativesInCompany。

2020-08-10 08:58:52::資料行 'Relationship' 不屬於資料表 RelativesInCompany。

2020-08-10 08:58:53::資料行 'Relationship' 不屬於資料表 RelativesInCompany。

2020-08-10 08:58:53::資料行 'Relationship' 不屬於資料表 RelativesInCompany。

2020-08-10 08:58:53::資料行 'Relationship' 不屬於資料表 RelativesInCompany。

2020-08-10 09:00:03::資料行 'Relationship' 不屬於資料表 RelativesInCompany。

2020-08-10 09:00:04::資料行 'Relationship' 不屬於資料表 RelativesInCompany。

2020-08-10 09:00:06::資料行 'Relationship' 不屬於資料表 RelativesInCompany。

2020-08-10 09:00:07::資料行 'Relationship' 不屬於資料表 RelativesInCompany。

2020-08-10 09:00:07::資料行 'Relationship' 不屬於資料表 RelativesInCompany。

2020-08-10 09:00:08::資料行 'Relationship' 不屬於資料表 RelativesInCompany。

2020-08-10 09:00:08::資料行 'Relationship' 不屬於資料表 RelativesInCompany。

2020-08-10 09:00:09::資料行 'Relationship' 不屬於資料表 RelativesInCompany。

2020-08-10 09:00:09::資料行 'Relationship' 不屬於資料表 RelativesInCompany。

2020-08-10 09:00:10::資料行 'Relationship' 不屬於資料表 RelativesInCompany。

2020-08-10 09:00:10::資料行 'Relationship' 不屬於資料表 RelativesInCompany。

2020-08-10 09:00:10::資料行 'Relationship' 不屬於資料表 RelativesInCompany。

2020-08-10 09:00:10::資料行 'Relationship' 不屬於資料表 RelativesInCompany。

2020-08-10 09:00:11::資料行 'Relationship' 不屬於資料表 RelativesInCompany。

2020-08-10 09:00:11::資料行 'Relationship' 不屬於資料表 RelativesInCompany。

2020-08-10 09:00:11::資料行 'Relationship' 不屬於資料表 RelativesInCompany。

2020-08-10 09:00:12::資料行 'Relationship' 不屬於資料表 RelativesInCompany。

2020-08-10 09:00:12::資料行 'Relationship' 不屬於資料表 RelativesInCompany。

2020-08-10 09:00:13::資料行 'Relationship' 不屬於資料表 RelativesInCompany。

2020-08-10 09:00:13::資料行 'Relationship' 不屬於資料表 RelativesInCompany。

2020-08-10 09:00:13::資料行 'Relationship' 不屬於資料表 RelativesInCompany。

2020-08-10 09:00:13::資料行 'Relationship' 不屬於資料表 RelativesInCompany。

2020-08-10 09:00:13::資料行 'Relationship' 不屬於資料表 RelativesInCompany。

2020-08-10 09:00:14::資料行 'Relationship' 不屬於資料表 RelativesInCompany。

2020-08-10 09:00:14::資料行 'Relationship' 不屬於資料表 RelativesInCompany。

2020-08-10 09:00:14::資料行 'Relationship' 不屬於資料表 RelativesInCompany。

2020-08-10 09:00:14::資料行 'Relationship' 不屬於資料表 RelativesInCompany。

2020-08-10 09:00:15::資料行 'Relationship' 不屬於資料表 RelativesInCompany。

2020-08-10 09:00:15::資料行 'Relationship' 不屬於資料表 RelativesInCompany。

2020-08-10 09:00:16::資料行 'Relationship' 不屬於資料表 RelativesInCompany。

2020-08-10 09:00:16::資料行 'Relationship' 不屬於資料表 RelativesInCompany。

2020-08-10 09:00:17::資料行 'Relationship' 不屬於資料表 RelativesInCompany。

2020-08-10 09:00:17::資料行 'Relationship' 不屬於資料表 RelativesInCompany。

2020-08-10 09:00:18::資料行 'Relationship' 不屬於資料表 RelativesInCompany。

2020-08-10 09:00:18::資料行 'Relationship' 不屬於資料表 RelativesInCompany。

2020-08-10 09:00:19::資料行 'Relationship' 不屬於資料表 RelativesInCompany。

2020-08-10 09:19:43::輸入字串格式不正確。無法在 Relationship 資料行中儲存 <>。需要的型別是 Int32。

2020-08-10 09:19:45::輸入字串格式不正確。無法在 Relationship 資料行中儲存 <>。需要的型別是 Int32。

2020-08-10 09:19:49::輸入字串格式不正確。無法在 Relationship 資料行中儲存 <>。需要的型別是 Int32。

2020-08-10 09:19:50::輸入字串格式不正確。無法在 Relationship 資料行中儲存 <>。需要的型別是 Int32。

2020-08-10 09:19:51::輸入字串格式不正確。無法在 Relationship 資料行中儲存 <>。需要的型別是 Int32。

2020-08-10 09:19:51::輸入字串格式不正確。無法在 Relationship 資料行中儲存 <>。需要的型別是 Int32。

2020-08-10 09:19:51::輸入字串格式不正確。無法在 Relationship 資料行中儲存 <>。需要的型別是 Int32。

2020-08-10 09:19:52::輸入字串格式不正確。無法在 Relationship 資料行中儲存 <>。需要的型別是 Int32。

2020-08-10 09:19:52::輸入字串格式不正確。無法在 Relationship 資料行中儲存 <>。需要的型別是 Int32。

2020-08-10 09:19:52::輸入字串格式不正確。無法在 Relationship 資料行中儲存 <>。需要的型別是 Int32。

2020-08-10 09:19:52::輸入字串格式不正確。無法在 Relationship 資料行中儲存 <>。需要的型別是 Int32。

2020-08-10 09:21:08::輸入字串格式不正確。無法在 Relationship 資料行中儲存 <>。需要的型別是 Int32。

2020-08-10 09:21:09::輸入字串格式不正確。無法在 Relationship 資料行中儲存 <>。需要的型別是 Int32。

2020-08-10 09:23:16::輸入字串格式不正確。無法在 Relationship 資料行中儲存 <>。需要的型別是 Int32。

2020-08-10 09:23:17::輸入字串格式不正確。無法在 Relationship 資料行中儲存 <>。需要的型別是 Int32。

2020-08-10 09:23:17::輸入字串格式不正確。無法在 Relationship 資料行中儲存 <>。需要的型別是 Int32。

2020-08-10 09:23:18::輸入字串格式不正確。無法在 Relationship 資料行中儲存 <>。需要的型別是 Int32。

2020-08-10 09:23:18::輸入字串格式不正確。無法在 Relationship 資料行中儲存 <>。需要的型別是 Int32。

2020-08-10 09:23:18::輸入字串格式不正確。無法在 Relationship 資料行中儲存 <>。需要的型別是 Int32。

2020-08-10 09:23:18::輸入字串格式不正確。無法在 Relationship 資料行中儲存 <>。需要的型別是 Int32。

2020-08-10 09:23:18::輸入字串格式不正確。無法在 Relationship 資料行中儲存 <>。需要的型別是 Int32。

2020-08-10 09:23:18::輸入字串格式不正確。無法在 Relationship 資料行中儲存 <>。需要的型別是 Int32。

2020-08-10 09:23:25::輸入字串格式不正確。無法在 Relationship 資料行中儲存 <>。需要的型別是 Int32。

2020-08-10 09:23:26::輸入字串格式不正確。無法在 Relationship 資料行中儲存 <>。需要的型別是 Int32。

2020-08-10 09:23:28::輸入字串格式不正確。無法在 Relationship 資料行中儲存 <>。需要的型別是 Int32。

2020-08-10 09:23:29::輸入字串格式不正確。無法在 Relationship 資料行中儲存 <>。需要的型別是 Int32。

2020-08-10 09:23:29::輸入字串格式不正確。無法在 Relationship 資料行中儲存 <>。需要的型別是 Int32。

2020-08-10 09:23:29::輸入字串格式不正確。無法在 Relationship 資料行中儲存 <>。需要的型別是 Int32。

2020-08-10 09:23:29::輸入字串格式不正確。無法在 Relationship 資料行中儲存 <>。需要的型別是 Int32。

2020-08-10 09:23:30::輸入字串格式不正確。無法在 Relationship 資料行中儲存 <>。需要的型別是 Int32。

2020-08-10 09:23:30::輸入字串格式不正確。無法在 Relationship 資料行中儲存 <>。需要的型別是 Int32。

2020-08-10 09:23:30::輸入字串格式不正確。無法在 Relationship 資料行中儲存 <>。需要的型別是 Int32。

2020-08-10 09:23:30::輸入字串格式不正確。無法在 Relationship 資料行中儲存 <>。需要的型別是 Int32。

2020-08-10 09:23:30::輸入字串格式不正確。無法在 Relationship 資料行中儲存 <>。需要的型別是 Int32。

2020-08-10 09:23:30::輸入字串格式不正確。無法在 Relationship 資料行中儲存 <>。需要的型別是 Int32。

2020-08-10 09:23:33::輸入字串格式不正確。無法在 Relationship 資料行中儲存 <>。需要的型別是 Int32。

2020-08-10 09:23:33::輸入字串格式不正確。無法在 Relationship 資料行中儲存 <>。需要的型別是 Int32。

2020-08-10 09:23:33::輸入字串格式不正確。無法在 Relationship 資料行中儲存 <>。需要的型別是 Int32。

2020-08-10 09:23:34::輸入字串格式不正確。無法在 Relationship 資料行中儲存 <>。需要的型別是 Int32。

2020-08-10 09:23:34::輸入字串格式不正確。無法在 Relationship 資料行中儲存 <>。需要的型別是 Int32。

2020-08-10 09:23:34::輸入字串格式不正確。無法在 Relationship 資料行中儲存 <>。需要的型別是 Int32。

2020-08-10 09:23:34::輸入字串格式不正確。無法在 Relationship 資料行中儲存 <>。需要的型別是 Int32。

2020-08-10 09:23:34::並未將物件參考設定為物件的執行個體。

2020-08-10 09:23:34::作業無效。已經關閉連接。

2020-08-10 09:23:34::並未將物件參考設定為物件的執行個體。

2020-08-10 09:23:34::輸入字串格式不正確。無法在 Relationship 資料行中儲存 <>。需要的型別是 Int32。

2020-08-10 09:23:35::輸入字串格式不正確。無法在 Relationship 資料行中儲存 <>。需要的型別是 Int32。

2020-08-10 09:23:35::輸入字串格式不正確。無法在 Relationship 資料行中儲存 <>。需要的型別是 Int32。

2020-08-10 09:23:35::輸入字串格式不正確。無法在 Relationship 資料行中儲存 <>。需要的型別是 Int32。

2020-08-10 09:23:35::輸入字串格式不正確。無法在 Relationship 資料行中儲存 <>。需要的型別是 Int32。

2020-08-10 09:23:35::輸入字串格式不正確。無法在 Relationship 資料行中儲存 <>。需要的型別是 Int32。

2020-08-10 09:23:36::輸入字串格式不正確。無法在 Relationship 資料行中儲存 <>。需要的型別是 Int32。

2020-08-10 09:23:40::輸入字串格式不正確。無法在 Relationship 資料行中儲存 <>。需要的型別是 Int32。

2020-08-10 09:23:43::輸入字串格式不正確。無法在 Relationship 資料行中儲存 <>。需要的型別是 Int32。

2020-08-10 09:23:44::輸入字串格式不正確。無法在 Relationship 資料行中儲存 <>。需要的型別是 Int32。

2020-08-10 09:23:45::輸入字串格式不正確。無法在 Relationship 資料行中儲存 <>。需要的型別是 Int32。

2020-08-10 09:23:46::輸入字串格式不正確。無法在 Relationship 資料行中儲存 <>。需要的型別是 Int32。

2020-08-10 09:23:46::輸入字串格式不正確。無法在 Relationship 資料行中儲存 <>。需要的型別是 Int32。

2020-08-10 09:23:46::輸入字串格式不正確。無法在 Relationship 資料行中儲存 <>。需要的型別是 Int32。

2020-08-10 09:23:46::輸入字串格式不正確。無法在 Relationship 資料行中儲存 <>。需要的型別是 Int32。

2020-08-10 09:23:47::輸入字串格式不正確。無法在 Relationship 資料行中儲存 <>。需要的型別是 Int32。

2020-08-10 09:23:47::輸入字串格式不正確。無法在 Relationship 資料行中儲存 <>。需要的型別是 Int32。

2020-08-10 09:23:47::輸入字串格式不正確。無法在 Relationship 資料行中儲存 <>。需要的型別是 Int32。

2020-08-10 09:23:47::輸入字串格式不正確。無法在 Relationship 資料行中儲存 <>。需要的型別是 Int32。

2020-08-10 09:23:47::輸入字串格式不正確。無法在 Relationship 資料行中儲存 <>。需要的型別是 Int32。

2020-08-10 09:23:47::輸入字串格式不正確。無法在 Relationship 資料行中儲存 <>。需要的型別是 Int32。

2020-08-10 09:23:48::輸入字串格式不正確。無法在 Relationship 資料行中儲存 <>。需要的型別是 Int32。

2020-08-10 09:23:48::輸入字串格式不正確。無法在 Relationship 資料行中儲存 <>。需要的型別是 Int32。

2020-08-10 09:23:48::輸入字串格式不正確。無法在 Relationship 資料行中儲存 <>。需要的型別是 Int32。

2020-08-10 09:23:48::輸入字串格式不正確。無法在 Relationship 資料行中儲存 <>。需要的型別是 Int32。

2020-08-10 09:23:48::輸入字串格式不正確。無法在 Relationship 資料行中儲存 <>。需要的型別是 Int32。

2020-08-10 09:23:49::輸入字串格式不正確。無法在 Relationship 資料行中儲存 <>。需要的型別是 Int32。

2020-08-10 09:23:49::輸入字串格式不正確。無法在 Relationship 資料行中儲存 <>。需要的型別是 Int32。

2020-08-10 09:23:49::輸入字串格式不正確。無法在 Relationship 資料行中儲存 <>。需要的型別是 Int32。

2020-08-10 09:23:49::輸入字串格式不正確。無法在 Relationship 資料行中儲存 <>。需要的型別是 Int32。

2020-08-10 09:23:49::輸入字串格式不正確。無法在 Relationship 資料行中儲存 <>。需要的型別是 Int32。

2020-08-10 09:23:50::輸入字串格式不正確。無法在 Relationship 資料行中儲存 <>。需要的型別是 Int32。

2020-08-10 09:23:50::輸入字串格式不正確。無法在 Relationship 資料行中儲存 <>。需要的型別是 Int32。

2020-08-10 09:23:50::輸入字串格式不正確。無法在 Relationship 資料行中儲存 <>。需要的型別是 Int32。

2020-08-10 09:23:50::輸入字串格式不正確。無法在 Relationship 資料行中儲存 <>。需要的型別是 Int32。

2020-08-10 09:24:52::輸入字串格式不正確。無法在 Relationship 資料行中儲存 <>。需要的型別是 Int32。

2020-08-10 09:24:54::輸入字串格式不正確。無法在 Relationship 資料行中儲存 <>。需要的型別是 Int32。

2020-08-10 09:24:55::輸入字串格式不正確。無法在 Relationship 資料行中儲存 <>。需要的型別是 Int32。

2020-08-10 09:24:55::輸入字串格式不正確。無法在 Relationship 資料行中儲存 <>。需要的型別是 Int32。

2020-08-10 09:24:55::輸入字串格式不正確。無法在 Relationship 資料行中儲存 <>。需要的型別是 Int32。

2020-08-10 09:24:55::輸入字串格式不正確。無法在 Relationship 資料行中儲存 <>。需要的型別是 Int32。

2020-08-10 09:24:56::輸入字串格式不正確。無法在 Relationship 資料行中儲存 <>。需要的型別是 Int32。

2020-08-10 09:24:56::輸入字串格式不正確。無法在 Relationship 資料行中儲存 <>。需要的型別是 Int32。

2020-08-10 09:24:56::輸入字串格式不正確。無法在 Relationship 資料行中儲存 <>。需要的型別是 Int32。

2020-08-10 09:24:56::輸入字串格式不正確。無法在 Relationship 資料行中儲存 <>。需要的型別是 Int32。

2020-08-10 09:24:57::輸入字串格式不正確。無法在 Relationship 資料行中儲存 <>。需要的型別是 Int32。

2020-08-10 09:24:57::輸入字串格式不正確。無法在 Relationship 資料行中儲存 <>。需要的型別是 Int32。

2020-08-10 09:24:57::輸入字串格式不正確。無法在 Relationship 資料行中儲存 <>。需要的型別是 Int32。

2020-08-10 09:24:57::輸入字串格式不正確。無法在 Relationship 資料行中儲存 <>。需要的型別是 Int32。

2020-08-10 09:24:57::輸入字串格式不正確。無法在 Relationship 資料行中儲存 <>。需要的型別是 Int32。

2020-08-10 09:24:58::輸入字串格式不正確。無法在 Relationship 資料行中儲存 <>。需要的型別是 Int32。

2020-08-10 09:24:58::輸入字串格式不正確。無法在 Relationship 資料行中儲存 <>。需要的型別是 Int32。

2020-08-10 09:25:12::輸入字串格式不正確。無法在 Relationship 資料行中儲存 <>。需要的型別是 Int32。

2020-08-10 09:25:13::輸入字串格式不正確。無法在 Relationship 資料行中儲存 <>。需要的型別是 Int32。

2020-08-10 09:25:13::輸入字串格式不正確。無法在 Relationship 資料行中儲存 <>。需要的型別是 Int32。

2020-08-10 09:25:14::輸入字串格式不正確。無法在 Relationship 資料行中儲存 <>。需要的型別是 Int32。

2020-08-10 09:25:15::輸入字串格式不正確。無法在 Relationship 資料行中儲存 <>。需要的型別是 Int32。

2020-08-10 09:25:16::輸入字串格式不正確。無法在 Relationship 資料行中儲存 <>。需要的型別是 Int32。

2020-08-10 09:25:16::輸入字串格式不正確。無法在 Relationship 資料行中儲存 <>。需要的型別是 Int32。

2020-08-10 09:25:16::輸入字串格式不正確。無法在 Relationship 資料行中儲存 <>。需要的型別是 Int32。

2020-08-10 09:25:16::輸入字串格式不正確。無法在 Relationship 資料行中儲存 <>。需要的型別是 Int32。

2020-08-10 09:25:16::輸入字串格式不正確。無法在 Relationship 資料行中儲存 <>。需要的型別是 Int32。

2020-08-10 09:25:16::輸入字串格式不正確。無法在 Relationship 資料行中儲存 <>。需要的型別是 Int32。

2020-08-10 09:25:17::輸入字串格式不正確。無法在 Relationship 資料行中儲存 <>。需要的型別是 Int32。

2020-08-10 09:25:17::輸入字串格式不正確。無法在 Relationship 資料行中儲存 <>。需要的型別是 Int32。

2020-08-10 09:25:17::輸入字串格式不正確。無法在 Relationship 資料行中儲存 <>。需要的型別是 Int32。

2020-08-10 09:25:17::輸入字串格式不正確。無法在 Relationship 資料行中儲存 <>。需要的型別是 Int32。

2020-08-10 09:25:17::輸入字串格式不正確。無法在 Relationship 資料行中儲存 <>。需要的型別是 Int32。

2020-08-10 09:25:17::輸入字串格式不正確。無法在 Relationship 資料行中儲存 <>。需要的型別是 Int32。

2020-08-10 09:25:18::輸入字串格式不正確。無法在 Relationship 資料行中儲存 <>。需要的型別是 Int32。

2020-08-10 09:25:18::輸入字串格式不正確。無法在 Relationship 資料行中儲存 <>。需要的型別是 Int32。

2020-08-10 09:25:18::輸入字串格式不正確。無法在 Relationship 資料行中儲存 <>。需要的型別是 Int32。

2020-08-10 09:25:18::輸入字串格式不正確。無法在 Relationship 資料行中儲存 <>。需要的型別是 Int32。

2020-08-10 09:25:18::輸入字串格式不正確。無法在 Relationship 資料行中儲存 <>。需要的型別是 Int32。

2020-08-10 09:25:19::輸入字串格式不正確。無法在 Relationship 資料行中儲存 <>。需要的型別是 Int32。

2020-08-10 09:25:19::輸入字串格式不正確。無法在 Relationship 資料行中儲存 <>。需要的型別是 Int32。

2020-08-10 09:25:19::輸入字串格式不正確。無法在 Relationship 資料行中儲存 <>。需要的型別是 Int32。

2020-08-10 09:25:19::輸入字串格式不正確。無法在 Relationship 資料行中儲存 <>。需要的型別是 Int32。

2020-08-10 09:25:19::輸入字串格式不正確。無法在 Relationship 資料行中儲存 <>。需要的型別是 Int32。

2020-08-10 09:25:20::輸入字串格式不正確。無法在 Relationship 資料行中儲存 <>。需要的型別是 Int32。

2020-08-10 09:25:20::輸入字串格式不正確。無法在 Relationship 資料行中儲存 <>。需要的型別是 Int32。

2020-08-10 09:25:20::輸入字串格式不正確。無法在 Relationship 資料行中儲存 <>。需要的型別是 Int32。

2020-08-10 09:25:20::輸入字串格式不正確。無法在 Relationship 資料行中儲存 <>。需要的型別是 Int32。

2020-08-10 09:25:20::輸入字串格式不正確。無法在 Relationship 資料行中儲存 <>。需要的型別是 Int32。

2020-08-10 09:25:21::輸入字串格式不正確。無法在 Relationship 資料行中儲存 <>。需要的型別是 Int32。

2020-08-10 09:25:21::輸入字串格式不正確。無法在 Relationship 資料行中儲存 <>。需要的型別是 Int32。

2020-08-10 09:25:21::輸入字串格式不正確。無法在 Relationship 資料行中儲存 <>。需要的型別是 Int32。

2020-08-10 09:25:21::輸入字串格式不正確。無法在 Relationship 資料行中儲存 <>。需要的型別是 Int32。

2020-08-10 09:25:22::輸入字串格式不正確。無法在 Relationship 資料行中儲存 <>。需要的型別是 Int32。

2020-08-10 09:25:22::輸入字串格式不正確。無法在 Relationship 資料行中儲存 <>。需要的型別是 Int32。

2020-08-10 09:25:22::輸入字串格式不正確。無法在 Relationship 資料行中儲存 <>。需要的型別是 Int32。

2020-08-10 09:25:22::輸入字串格式不正確。無法在 Relationship 資料行中儲存 <>。需要的型別是 Int32。

2020-08-10 09:25:24::輸入字串格式不正確。無法在 Relationship 資料行中儲存 <>。需要的型別是 Int32。

2020-08-10 09:25:24::輸入字串格式不正確。無法在 Relationship 資料行中儲存 <>。需要的型別是 Int32。

2020-08-10 09:25:24::輸入字串格式不正確。無法在 Relationship 資料行中儲存 <>。需要的型別是 Int32。

2020-08-10 09:25:24::輸入字串格式不正確。無法在 Relationship 資料行中儲存 <>。需要的型別是 Int32。

2020-08-10 09:25:31::輸入字串格式不正確。無法在 Relationship 資料行中儲存 <>。需要的型別是 Int32。

2020-08-10 09:25:31::輸入字串格式不正確。無法在 Relationship 資料行中儲存 <>。需要的型別是 Int32。

2020-08-10 09:25:32::輸入字串格式不正確。無法在 Relationship 資料行中儲存 <>。需要的型別是 Int32。

2020-08-10 09:25:32::輸入字串格式不正確。無法在 Relationship 資料行中儲存 <>。需要的型別是 Int32。

2020-08-10 09:25:32::輸入字串格式不正確。無法在 Relationship 資料行中儲存 <>。需要的型別是 Int32。

2020-08-10 09:25:32::輸入字串格式不正確。無法在 Relationship 資料行中儲存 <>。需要的型別是 Int32。

2020-08-10 09:25:32::輸入字串格式不正確。無法在 Relationship 資料行中儲存 <>。需要的型別是 Int32。

2020-08-10 09:25:32::輸入字串格式不正確。無法在 Relationship 資料行中儲存 <>。需要的型別是 Int32。

2020-08-10 09:25:50::輸入字串格式不正確。無法在 Relationship 資料行中儲存 <>。需要的型別是 Int32。

2020-08-10 09:25:52::輸入字串格式不正確。無法在 Relationship 資料行中儲存 <>。需要的型別是 Int32。

2020-08-10 09:26:04::輸入字串格式不正確。無法在 Relationship 資料行中儲存 <>。需要的型別是 Int32。

2020-08-10 09:26:05::輸入字串格式不正確。無法在 Relationship 資料行中儲存 <>。需要的型別是 Int32。

2020-08-10 09:26:06::輸入字串格式不正確。無法在 Relationship 資料行中儲存 <>。需要的型別是 Int32。

2020-08-10 09:26:06::輸入字串格式不正確。無法在 Relationship 資料行中儲存 <>。需要的型別是 Int32。

2020-08-10 09:26:06::輸入字串格式不正確。無法在 Relationship 資料行中儲存 <>。需要的型別是 Int32。

2020-08-10 09:26:06::輸入字串格式不正確。無法在 Relationship 資料行中儲存 <>。需要的型別是 Int32。

2020-08-10 09:26:07::輸入字串格式不正確。無法在 Relationship 資料行中儲存 <>。需要的型別是 Int32。

2020-08-10 09:26:14::輸入字串格式不正確。無法在 Relationship 資料行中儲存 <>。需要的型別是 Int32。

2020-08-10 09:26:18::輸入字串格式不正確。無法在 Relationship 資料行中儲存 <>。需要的型別是 Int32。

2020-08-10 09:26:46::輸入字串格式不正確。無法在 Relationship 資料行中儲存 <>。需要的型別是 Int32。

2020-08-10 09:26:47::輸入字串格式不正確。無法在 Relationship 資料行中儲存 <>。需要的型別是 Int32。

2020-08-10 09:26:47::輸入字串格式不正確。無法在 Relationship 資料行中儲存 <>。需要的型別是 Int32。

2020-08-10 09:26:47::輸入字串格式不正確。無法在 Relationship 資料行中儲存 <>。需要的型別是 Int32。

2020-08-10 09:26:48::輸入字串格式不正確。無法在 Relationship 資料行中儲存 <>。需要的型別是 Int32。

2020-08-10 09:26:48::輸入字串格式不正確。無法在 Relationship 資料行中儲存 <>。需要的型別是 Int32。

2020-08-10 09:26:48::輸入字串格式不正確。無法在 Relationship 資料行中儲存 <>。需要的型別是 Int32。

2020-08-10 09:26:48::輸入字串格式不正確。無法在 Relationship 資料行中儲存 <>。需要的型別是 Int32。

2020-08-10 09:26:48::輸入字串格式不正確。無法在 Relationship 資料行中儲存 <>。需要的型別是 Int32。

2020-08-10 09:26:48::輸入字串格式不正確。無法在 Relationship 資料行中儲存 <>。需要的型別是 Int32。

2020-08-10 09:26:48::輸入字串格式不正確。無法在 Relationship 資料行中儲存 <>。需要的型別是 Int32。

2020-08-10 09:26:49::輸入字串格式不正確。無法在 Relationship 資料行中儲存 <>。需要的型別是 Int32。

2020-08-10 09:26:49::輸入字串格式不正確。無法在 Relationship 資料行中儲存 <>。需要的型別是 Int32。

2020-08-10 09:26:49::輸入字串格式不正確。無法在 Relationship 資料行中儲存 <>。需要的型別是 Int32。

2020-08-10 09:26:49::輸入字串格式不正確。無法在 Relationship 資料行中儲存 <>。需要的型別是 Int32。

2020-08-10 09:26:50::輸入字串格式不正確。無法在 Relationship 資料行中儲存 <>。需要的型別是 Int32。

2020-08-10 09:28:04::輸入字串格式不正確。無法在 Relationship 資料行中儲存 <>。需要的型別是 Int32。

2020-08-10 09:28:07::輸入字串格式不正確。無法在 Relationship 資料行中儲存 <>。需要的型別是 Int32。

2020-08-10 09:28:09::輸入字串格式不正確。無法在 Relationship 資料行中儲存 <>。需要的型別是 Int32。

2020-08-10 09:28:10::輸入字串格式不正確。無法在 Relationship 資料行中儲存 <>。需要的型別是 Int32。

2020-08-10 09:28:10::輸入字串格式不正確。無法在 Relationship 資料行中儲存 <>。需要的型別是 Int32。

2020-08-10 09:28:11::輸入字串格式不正確。無法在 Relationship 資料行中儲存 <>。需要的型別是 Int32。

2020-08-10 09:28:11::輸入字串格式不正確。無法在 Relationship 資料行中儲存 <>。需要的型別是 Int32。

2020-08-10 09:28:11::輸入字串格式不正確。無法在 Relationship 資料行中儲存 <>。需要的型別是 Int32。

2020-08-10 09:28:11::輸入字串格式不正確。無法在 Relationship 資料行中儲存 <>。需要的型別是 Int32。

2020-08-10 09:28:11::輸入字串格式不正確。無法在 Relationship 資料行中儲存 <>。需要的型別是 Int32。

2020-08-10 09:28:12::輸入字串格式不正確。無法在 Relationship 資料行中儲存 <>。需要的型別是 Int32。

2020-08-10 09:28:12::輸入字串格式不正確。無法在 Relationship 資料行中儲存 <>。需要的型別是 Int32。

2020-08-10 09:28:12::輸入字串格式不正確。無法在 Relationship 資料行中儲存 <>。需要的型別是 Int32。

2020-08-10 09:28:12::輸入字串格式不正確。無法在 Relationship 資料行中儲存 <>。需要的型別是 Int32。

2020-08-10 09:28:12::輸入字串格式不正確。無法在 Relationship 資料行中儲存 <>。需要的型別是 Int32。

2020-08-10 09:28:12::輸入字串格式不正確。無法在 Relationship 資料行中儲存 <>。需要的型別是 Int32。

2020-08-10 20:39:42::連接未關閉。連接目前的狀態為連接中。

2020-08-10 20:39:42::並未將物件參考設定為物件的執行個體。

