2020-02-20 09:52:49::連接未關閉。連接目前的狀態為連接中。

2020-02-20 09:52:49::並未將物件參考設定為物件的執行個體。

2020-02-20 09:52:49::ExecuteReader 必須有開啟與可用的 Connection。連接目前的狀態為連接中。

2020-02-20 09:52:49::並未將物件參考設定為物件的執行個體。

2020-02-20 15:28:53::資料行 'Relationship' 不屬於資料表 RelativesInCompany。

2020-02-20 15:28:55::資料行 'Relationship' 不屬於資料表 RelativesInCompany。

2020-02-20 15:28:56::資料行 'Relationship' 不屬於資料表 RelativesInCompany。

2020-02-20 15:29:01::資料行 'Relationship' 不屬於資料表 RelativesInCompany。

2020-02-20 15:29:02::資料行 'Relationship' 不屬於資料表 RelativesInCompany。

2020-02-20 15:29:46::資料行 'Relationship' 不屬於資料表 RelativesInCompany。

2020-02-20 15:29:47::資料行 'Relationship' 不屬於資料表 RelativesInCompany。

2020-02-20 15:31:12::資料行 'Relationship' 不屬於資料表 RelativesInCompany。

2020-02-20 15:31:26::資料行 'Relationship' 不屬於資料表 RelativesInCompany。

2020-02-20 15:31:30::資料行 'Relationship' 不屬於資料表 RelativesInCompany。

2020-02-20 15:31:31::資料行 'Relationship' 不屬於資料表 RelativesInCompany。

2020-02-20 15:31:32::資料行 'Relationship' 不屬於資料表 RelativesInCompany。

2020-02-20 15:31:33::資料行 'Relationship' 不屬於資料表 RelativesInCompany。

2020-02-20 15:31:38::資料行 'Relationship' 不屬於資料表 RelativesInCompany。

2020-02-20 15:31:40::資料行 'Relationship' 不屬於資料表 RelativesInCompany。

2020-02-20 15:31:40::資料行 'Relationship' 不屬於資料表 RelativesInCompany。

2020-02-20 15:31:47::資料行 'Relationship' 不屬於資料表 RelativesInCompany。

2020-02-20 15:31:47::資料行 'Relationship' 不屬於資料表 RelativesInCompany。

2020-02-20 15:31:48::資料行 'Relationship' 不屬於資料表 RelativesInCompany。

2020-02-20 15:31:48::資料行 'Relationship' 不屬於資料表 RelativesInCompany。

2020-02-20 15:31:48::資料行 'Relationship' 不屬於資料表 RelativesInCompany。

2020-02-20 15:31:48::資料行 'Relationship' 不屬於資料表 RelativesInCompany。

2020-02-20 15:31:48::資料行 'Relationship' 不屬於資料表 RelativesInCompany。

2020-02-20 15:31:48::資料行 'Relationship' 不屬於資料表 RelativesInCompany。

2020-02-20 15:31:49::資料行 'Relationship' 不屬於資料表 RelativesInCompany。

2020-02-20 15:31:49::資料行 'Relationship' 不屬於資料表 RelativesInCompany。

2020-02-20 15:31:53::資料行 'Relationship' 不屬於資料表 RelativesInCompany。

2020-02-20 15:31:54::資料行 'Relationship' 不屬於資料表 RelativesInCompany。

2020-02-20 15:31:55::資料行 'Relationship' 不屬於資料表 RelativesInCompany。

2020-02-20 15:31:55::資料行 'Relationship' 不屬於資料表 RelativesInCompany。

2020-02-20 15:31:55::資料行 'Relationship' 不屬於資料表 RelativesInCompany。

2020-02-20 15:31:56::資料行 'Relationship' 不屬於資料表 RelativesInCompany。

2020-02-20 15:31:56::資料行 'Relationship' 不屬於資料表 RelativesInCompany。

2020-02-20 15:31:56::資料行 'Relationship' 不屬於資料表 RelativesInCompany。

2020-02-20 15:31:56::資料行 'Relationship' 不屬於資料表 RelativesInCompany。

2020-02-20 15:31:56::資料行 'Relationship' 不屬於資料表 RelativesInCompany。

2020-02-20 15:31:56::資料行 'Relationship' 不屬於資料表 RelativesInCompany。

2020-02-20 15:32:00::資料行 'Relationship' 不屬於資料表 RelativesInCompany。

2020-02-20 15:32:01::資料行 'Relationship' 不屬於資料表 RelativesInCompany。

2020-02-20 15:32:01::資料行 'Relationship' 不屬於資料表 RelativesInCompany。

2020-02-20 15:32:02::資料行 'Relationship' 不屬於資料表 RelativesInCompany。

2020-02-20 15:32:02::資料行 'Relationship' 不屬於資料表 RelativesInCompany。

2020-02-20 15:32:02::資料行 'Relationship' 不屬於資料表 RelativesInCompany。

2020-02-20 15:32:02::資料行 'Relationship' 不屬於資料表 RelativesInCompany。

2020-02-20 15:32:04::資料行 'Relationship' 不屬於資料表 RelativesInCompany。

2020-02-20 15:32:05::資料行 'Relationship' 不屬於資料表 RelativesInCompany。

2020-02-20 15:32:05::資料行 'Relationship' 不屬於資料表 RelativesInCompany。

2020-02-20 15:32:05::資料行 'Relationship' 不屬於資料表 RelativesInCompany。

2020-02-20 15:32:05::資料行 'Relationship' 不屬於資料表 RelativesInCompany。

2020-02-20 15:32:05::資料行 'Relationship' 不屬於資料表 RelativesInCompany。

2020-02-20 15:32:06::資料行 'Relationship' 不屬於資料表 RelativesInCompany。

2020-02-20 15:32:06::資料行 'Relationship' 不屬於資料表 RelativesInCompany。

2020-02-20 15:32:06::資料行 'Relationship' 不屬於資料表 RelativesInCompany。

2020-02-20 15:32:06::資料行 'Relationship' 不屬於資料表 RelativesInCompany。

2020-02-20 15:32:06::資料行 'Relationship' 不屬於資料表 RelativesInCompany。

2020-02-20 15:32:07::資料行 'Relationship' 不屬於資料表 RelativesInCompany。

2020-02-20 15:32:08::資料行 'Relationship' 不屬於資料表 RelativesInCompany。

2020-02-20 15:32:08::資料行 'Relationship' 不屬於資料表 RelativesInCompany。

2020-02-20 15:32:08::資料行 'Relationship' 不屬於資料表 RelativesInCompany。

2020-02-20 15:32:09::資料行 'Relationship' 不屬於資料表 RelativesInCompany。

2020-02-20 15:32:17::資料行 'Relationship' 不屬於資料表 RelativesInCompany。

2020-02-20 15:32:18::資料行 'Relationship' 不屬於資料表 RelativesInCompany。

2020-02-20 15:32:18::資料行 'Relationship' 不屬於資料表 RelativesInCompany。

2020-02-20 15:32:18::資料行 'Relationship' 不屬於資料表 RelativesInCompany。

2020-02-20 15:32:18::資料行 'Relationship' 不屬於資料表 RelativesInCompany。

2020-02-20 15:32:18::資料行 'Relationship' 不屬於資料表 RelativesInCompany。

2020-02-20 15:32:22::資料行 'Relationship' 不屬於資料表 RelativesInCompany。

2020-02-20 15:32:22::資料行 'Relationship' 不屬於資料表 RelativesInCompany。

2020-02-20 15:32:23::資料行 'Relationship' 不屬於資料表 RelativesInCompany。

2020-02-20 15:32:23::資料行 'Relationship' 不屬於資料表 RelativesInCompany。

2020-02-20 15:32:23::資料行 'Relationship' 不屬於資料表 RelativesInCompany。

2020-02-20 15:32:23::資料行 'Relationship' 不屬於資料表 RelativesInCompany。

2020-02-20 15:32:23::資料行 'Relationship' 不屬於資料表 RelativesInCompany。

2020-02-20 15:32:24::資料行 'Relationship' 不屬於資料表 RelativesInCompany。

2020-02-20 15:32:24::資料行 'Relationship' 不屬於資料表 RelativesInCompany。

2020-02-20 23:17:46::資料行 'Relationship' 不屬於資料表 RelativesInCompany。

2020-02-20 23:17:48::資料行 'Relationship' 不屬於資料表 RelativesInCompany。

2020-02-20 23:17:58::資料行 'Relationship' 不屬於資料表 RelativesInCompany。

2020-02-20 23:18:16::資料行 'Relationship' 不屬於資料表 RelativesInCompany。

2020-02-20 23:18:17::資料行 'Relationship' 不屬於資料表 RelativesInCompany。

2020-02-20 23:20:11::資料行 'Relationship' 不屬於資料表 RelativesInCompany。

2020-02-20 23:20:12::資料行 'Relationship' 不屬於資料表 RelativesInCompany。

2020-02-20 23:20:17::資料行 'Relationship' 不屬於資料表 RelativesInCompany。

2020-02-20 23:20:18::資料行 'Relationship' 不屬於資料表 RelativesInCompany。

2020-02-20 23:20:18::資料行 'Relationship' 不屬於資料表 RelativesInCompany。

2020-02-20 23:20:18::資料行 'Relationship' 不屬於資料表 RelativesInCompany。

2020-02-20 23:20:18::資料行 'Relationship' 不屬於資料表 RelativesInCompany。

2020-02-20 23:20:19::資料行 'Relationship' 不屬於資料表 RelativesInCompany。

2020-02-20 23:20:28::資料行 'Relationship' 不屬於資料表 RelativesInCompany。

2020-02-20 23:20:32::資料行 'Relationship' 不屬於資料表 RelativesInCompany。

2020-02-20 23:20:33::資料行 'Relationship' 不屬於資料表 RelativesInCompany。

2020-02-20 23:20:33::資料行 'Relationship' 不屬於資料表 RelativesInCompany。

2020-02-20 23:20:57::資料行 'Relationship' 不屬於資料表 RelativesInCompany。

2020-02-20 23:20:59::資料行 'Relationship' 不屬於資料表 RelativesInCompany。

2020-02-20 23:20:59::資料行 'Relationship' 不屬於資料表 RelativesInCompany。

2020-02-20 23:20:59::資料行 'Relationship' 不屬於資料表 RelativesInCompany。

2020-02-20 23:20:59::資料行 'Relationship' 不屬於資料表 RelativesInCompany。

2020-02-20 23:20:59::資料行 'Relationship' 不屬於資料表 RelativesInCompany。

2020-02-20 23:21:00::資料行 'Relationship' 不屬於資料表 RelativesInCompany。

2020-02-20 23:21:01::資料行 'Relationship' 不屬於資料表 RelativesInCompany。

2020-02-20 23:21:01::資料行 'Relationship' 不屬於資料表 RelativesInCompany。

2020-02-20 23:21:01::資料行 'Relationship' 不屬於資料表 RelativesInCompany。

2020-02-20 23:21:01::資料行 'Relationship' 不屬於資料表 RelativesInCompany。

2020-02-20 23:21:01::資料行 'Relationship' 不屬於資料表 RelativesInCompany。

2020-02-20 23:21:01::資料行 'Relationship' 不屬於資料表 RelativesInCompany。

2020-02-20 23:21:02::資料行 'Relationship' 不屬於資料表 RelativesInCompany。

2020-02-20 23:21:11::資料行 'Relationship' 不屬於資料表 RelativesInCompany。

2020-02-20 23:21:11::資料行 'Relationship' 不屬於資料表 RelativesInCompany。

2020-02-20 23:21:12::資料行 'Relationship' 不屬於資料表 RelativesInCompany。

2020-02-20 23:21:12::資料行 'Relationship' 不屬於資料表 RelativesInCompany。

2020-02-20 23:21:12::資料行 'Relationship' 不屬於資料表 RelativesInCompany。

2020-02-20 23:21:12::資料行 'Relationship' 不屬於資料表 RelativesInCompany。

2020-02-20 23:21:12::資料行 'Relationship' 不屬於資料表 RelativesInCompany。

2020-02-20 23:21:13::資料行 'Relationship' 不屬於資料表 RelativesInCompany。

2020-02-20 23:21:13::資料行 'Relationship' 不屬於資料表 RelativesInCompany。

2020-02-20 23:21:19::資料行 'Relationship' 不屬於資料表 RelativesInCompany。

2020-02-20 23:21:20::資料行 'Relationship' 不屬於資料表 RelativesInCompany。

2020-02-20 23:21:20::資料行 'Relationship' 不屬於資料表 RelativesInCompany。

2020-02-20 23:21:20::資料行 'Relationship' 不屬於資料表 RelativesInCompany。

2020-02-20 23:21:20::資料行 'Relationship' 不屬於資料表 RelativesInCompany。

2020-02-20 23:21:21::資料行 'Relationship' 不屬於資料表 RelativesInCompany。

2020-02-20 23:21:21::資料行 'Relationship' 不屬於資料表 RelativesInCompany。

2020-02-20 23:21:21::資料行 'Relationship' 不屬於資料表 RelativesInCompany。

2020-02-20 23:21:21::資料行 'Relationship' 不屬於資料表 RelativesInCompany。

2020-02-20 23:21:21::資料行 'Relationship' 不屬於資料表 RelativesInCompany。

2020-02-20 23:21:22::資料行 'Relationship' 不屬於資料表 RelativesInCompany。

2020-02-20 23:21:22::資料行 'Relationship' 不屬於資料表 RelativesInCompany。

2020-02-20 23:21:22::資料行 'Relationship' 不屬於資料表 RelativesInCompany。

2020-02-20 23:21:22::資料行 'Relationship' 不屬於資料表 RelativesInCompany。

2020-02-20 23:21:23::資料行 'Relationship' 不屬於資料表 RelativesInCompany。

2020-02-20 23:21:31::資料行 'Relationship' 不屬於資料表 RelativesInCompany。

2020-02-20 23:21:32::資料行 'Relationship' 不屬於資料表 RelativesInCompany。

2020-02-20 23:21:32::資料行 'Relationship' 不屬於資料表 RelativesInCompany。

2020-02-20 23:21:33::資料行 'Relationship' 不屬於資料表 RelativesInCompany。

2020-02-20 23:21:34::資料行 'Relationship' 不屬於資料表 RelativesInCompany。

2020-02-20 23:21:38::資料行 'Relationship' 不屬於資料表 RelativesInCompany。

2020-02-20 23:21:38::資料行 'Relationship' 不屬於資料表 RelativesInCompany。

2020-02-20 23:21:39::資料行 'Relationship' 不屬於資料表 RelativesInCompany。

2020-02-20 23:21:39::資料行 'Relationship' 不屬於資料表 RelativesInCompany。

2020-02-20 23:21:39::資料行 'Relationship' 不屬於資料表 RelativesInCompany。

2020-02-20 23:21:39::資料行 'Relationship' 不屬於資料表 RelativesInCompany。

2020-02-20 23:21:40::資料行 'Relationship' 不屬於資料表 RelativesInCompany。

2020-02-20 23:21:40::資料行 'Relationship' 不屬於資料表 RelativesInCompany。

2020-02-20 23:21:40::資料行 'Relationship' 不屬於資料表 RelativesInCompany。

2020-02-20 23:22:43::資料行 'Relationship' 不屬於資料表 RelativesInCompany。

2020-02-20 23:22:44::資料行 'Relationship' 不屬於資料表 RelativesInCompany。

2020-02-20 23:22:46::資料行 'Relationship' 不屬於資料表 RelativesInCompany。

2020-02-20 23:22:47::資料行 'Relationship' 不屬於資料表 RelativesInCompany。

2020-02-20 23:22:48::資料行 'Relationship' 不屬於資料表 RelativesInCompany。

2020-02-20 23:22:49::資料行 'Relationship' 不屬於資料表 RelativesInCompany。

2020-02-20 23:22:50::資料行 'Relationship' 不屬於資料表 RelativesInCompany。

2020-02-20 23:25:24::資料行 'Relationship' 不屬於資料表 RelativesInCompany。

2020-02-20 23:25:24::資料行 'Relationship' 不屬於資料表 RelativesInCompany。

2020-02-20 23:25:25::資料行 'Relationship' 不屬於資料表 RelativesInCompany。

2020-02-20 23:25:26::資料行 'Relationship' 不屬於資料表 RelativesInCompany。

2020-02-20 23:25:26::資料行 'Relationship' 不屬於資料表 RelativesInCompany。

2020-02-20 23:25:27::資料行 'Relationship' 不屬於資料表 RelativesInCompany。

2020-02-20 23:25:27::資料行 'Relationship' 不屬於資料表 RelativesInCompany。

2020-02-20 23:25:27::資料行 'Relationship' 不屬於資料表 RelativesInCompany。

2020-02-20 23:25:28::資料行 'Relationship' 不屬於資料表 RelativesInCompany。

2020-02-20 23:25:29::資料行 'Relationship' 不屬於資料表 RelativesInCompany。

2020-02-20 23:25:29::資料行 'Relationship' 不屬於資料表 RelativesInCompany。

2020-02-20 23:25:30::資料行 'Relationship' 不屬於資料表 RelativesInCompany。

2020-02-20 23:25:30::資料行 'Relationship' 不屬於資料表 RelativesInCompany。

2020-02-20 23:25:31::資料行 'Relationship' 不屬於資料表 RelativesInCompany。

2020-02-20 23:25:32::資料行 'Relationship' 不屬於資料表 RelativesInCompany。

2020-02-20 23:25:32::資料行 'Relationship' 不屬於資料表 RelativesInCompany。

2020-02-20 23:25:32::資料行 'Relationship' 不屬於資料表 RelativesInCompany。

2020-02-20 23:25:33::資料行 'Relationship' 不屬於資料表 RelativesInCompany。

2020-02-20 23:25:36::資料行 'Relationship' 不屬於資料表 RelativesInCompany。

2020-02-20 23:25:37::資料行 'Relationship' 不屬於資料表 RelativesInCompany。

2020-02-20 23:25:37::資料行 'Relationship' 不屬於資料表 RelativesInCompany。

2020-02-20 23:25:38::資料行 'Relationship' 不屬於資料表 RelativesInCompany。

2020-02-20 23:25:38::資料行 'Relationship' 不屬於資料表 RelativesInCompany。

2020-02-20 23:25:38::資料行 'Relationship' 不屬於資料表 RelativesInCompany。

2020-02-20 23:25:38::資料行 'Relationship' 不屬於資料表 RelativesInCompany。

2020-02-20 23:25:39::資料行 'Relationship' 不屬於資料表 RelativesInCompany。

2020-02-20 23:25:40::資料行 'Relationship' 不屬於資料表 RelativesInCompany。

2020-02-20 23:25:40::資料行 'Relationship' 不屬於資料表 RelativesInCompany。

2020-02-20 23:25:41::資料行 'Relationship' 不屬於資料表 RelativesInCompany。

2020-02-20 23:26:19::資料行 'Relationship' 不屬於資料表 RelativesInCompany。

2020-02-20 23:26:19::資料行 'Relationship' 不屬於資料表 RelativesInCompany。

2020-02-20 23:26:20::資料行 'Relationship' 不屬於資料表 RelativesInCompany。

2020-02-20 23:26:20::資料行 'Relationship' 不屬於資料表 RelativesInCompany。

2020-02-20 23:26:20::資料行 'Relationship' 不屬於資料表 RelativesInCompany。

2020-02-20 23:26:20::資料行 'Relationship' 不屬於資料表 RelativesInCompany。

2020-02-20 23:26:22::資料行 'Relationship' 不屬於資料表 RelativesInCompany。

2020-02-20 23:26:23::資料行 'Relationship' 不屬於資料表 RelativesInCompany。

2020-02-20 23:26:23::資料行 'Relationship' 不屬於資料表 RelativesInCompany。

2020-02-20 23:26:23::資料行 'Relationship' 不屬於資料表 RelativesInCompany。

2020-02-20 23:26:23::資料行 'Relationship' 不屬於資料表 RelativesInCompany。

2020-02-20 23:26:23::資料行 'Relationship' 不屬於資料表 RelativesInCompany。

2020-02-20 23:26:23::資料行 'Relationship' 不屬於資料表 RelativesInCompany。

2020-02-20 23:26:24::資料行 'Relationship' 不屬於資料表 RelativesInCompany。

2020-02-20 23:26:24::資料行 'Relationship' 不屬於資料表 RelativesInCompany。

2020-02-20 23:26:24::資料行 'Relationship' 不屬於資料表 RelativesInCompany。

2020-02-20 23:26:28::資料行 'Relationship' 不屬於資料表 RelativesInCompany。

2020-02-20 23:26:28::資料行 'Relationship' 不屬於資料表 RelativesInCompany。

2020-02-20 23:26:29::資料行 'Relationship' 不屬於資料表 RelativesInCompany。

2020-02-20 23:26:29::資料行 'Relationship' 不屬於資料表 RelativesInCompany。

2020-02-20 23:26:29::資料行 'Relationship' 不屬於資料表 RelativesInCompany。

2020-02-20 23:26:29::資料行 'Relationship' 不屬於資料表 RelativesInCompany。

2020-02-20 23:26:29::資料行 'Relationship' 不屬於資料表 RelativesInCompany。

2020-02-20 23:26:30::資料行 'Relationship' 不屬於資料表 RelativesInCompany。

2020-02-20 23:26:33::資料行 'Relationship' 不屬於資料表 RelativesInCompany。

2020-02-20 23:26:33::資料行 'Relationship' 不屬於資料表 RelativesInCompany。

2020-02-20 23:26:34::資料行 'Relationship' 不屬於資料表 RelativesInCompany。

2020-02-20 23:26:35::資料行 'Relationship' 不屬於資料表 RelativesInCompany。

2020-02-20 23:26:35::資料行 'Relationship' 不屬於資料表 RelativesInCompany。

2020-02-20 23:26:36::資料行 'Relationship' 不屬於資料表 RelativesInCompany。

2020-02-20 23:26:36::資料行 'Relationship' 不屬於資料表 RelativesInCompany。

2020-02-20 23:26:36::資料行 'Relationship' 不屬於資料表 RelativesInCompany。

2020-02-20 23:26:36::資料行 'Relationship' 不屬於資料表 RelativesInCompany。

2020-02-20 23:26:36::資料行 'Relationship' 不屬於資料表 RelativesInCompany。

2020-02-20 23:26:45::資料行 'Relationship' 不屬於資料表 RelativesInCompany。

2020-02-20 23:26:45::資料行 'Relationship' 不屬於資料表 RelativesInCompany。

2020-02-20 23:26:45::資料行 'Relationship' 不屬於資料表 RelativesInCompany。

2020-02-20 23:26:45::資料行 'Relationship' 不屬於資料表 RelativesInCompany。

2020-02-20 23:26:46::資料行 'Relationship' 不屬於資料表 RelativesInCompany。

2020-02-20 23:26:46::資料行 'Relationship' 不屬於資料表 RelativesInCompany。

2020-02-20 23:26:46::資料行 'Relationship' 不屬於資料表 RelativesInCompany。

2020-02-20 23:26:46::資料行 'Relationship' 不屬於資料表 RelativesInCompany。

2020-02-20 23:26:46::資料行 'Relationship' 不屬於資料表 RelativesInCompany。

2020-02-20 23:26:46::資料行 'Relationship' 不屬於資料表 RelativesInCompany。

2020-02-20 23:26:47::資料行 'Relationship' 不屬於資料表 RelativesInCompany。

2020-02-20 23:26:47::資料行 'Relationship' 不屬於資料表 RelativesInCompany。

2020-02-20 23:26:56::資料行 'Relationship' 不屬於資料表 RelativesInCompany。

2020-02-20 23:26:57::資料行 'Relationship' 不屬於資料表 RelativesInCompany。

2020-02-20 23:26:57::資料行 'Relationship' 不屬於資料表 RelativesInCompany。

2020-02-20 23:26:58::資料行 'Relationship' 不屬於資料表 RelativesInCompany。

2020-02-20 23:26:58::資料行 'Relationship' 不屬於資料表 RelativesInCompany。

2020-02-20 23:26:58::資料行 'Relationship' 不屬於資料表 RelativesInCompany。

2020-02-20 23:26:59::資料行 'Relationship' 不屬於資料表 RelativesInCompany。

2020-02-20 23:26:59::資料行 'Relationship' 不屬於資料表 RelativesInCompany。

2020-02-20 23:26:59::資料行 'Relationship' 不屬於資料表 RelativesInCompany。

2020-02-20 23:26:59::資料行 'Relationship' 不屬於資料表 RelativesInCompany。

2020-02-20 23:26:59::資料行 'Relationship' 不屬於資料表 RelativesInCompany。

2020-02-20 23:26:59::資料行 'Relationship' 不屬於資料表 RelativesInCompany。

2020-02-20 23:27:00::資料行 'Relationship' 不屬於資料表 RelativesInCompany。

2020-02-20 23:27:00::資料行 'Relationship' 不屬於資料表 RelativesInCompany。

2020-02-20 23:27:00::資料行 'Relationship' 不屬於資料表 RelativesInCompany。

2020-02-20 23:27:00::資料行 'Relationship' 不屬於資料表 RelativesInCompany。

2020-02-20 23:27:00::資料行 'Relationship' 不屬於資料表 RelativesInCompany。

2020-02-20 23:27:01::資料行 'Relationship' 不屬於資料表 RelativesInCompany。

2020-02-20 23:27:01::資料行 'Relationship' 不屬於資料表 RelativesInCompany。

2020-02-20 23:27:01::資料行 'Relationship' 不屬於資料表 RelativesInCompany。

2020-02-20 23:27:01::資料行 'Relationship' 不屬於資料表 RelativesInCompany。

2020-02-20 23:27:01::資料行 'Relationship' 不屬於資料表 RelativesInCompany。

2020-02-20 23:27:01::資料行 'Relationship' 不屬於資料表 RelativesInCompany。

2020-02-20 23:27:02::資料行 'Relationship' 不屬於資料表 RelativesInCompany。

2020-02-20 23:27:02::資料行 'Relationship' 不屬於資料表 RelativesInCompany。

2020-02-20 23:27:02::資料行 'Relationship' 不屬於資料表 RelativesInCompany。

2020-02-20 23:27:03::資料行 'Relationship' 不屬於資料表 RelativesInCompany。

2020-02-20 23:27:03::資料行 'Relationship' 不屬於資料表 RelativesInCompany。

2020-02-20 23:27:10::資料行 'Relationship' 不屬於資料表 RelativesInCompany。

2020-02-20 23:27:10::資料行 'Relationship' 不屬於資料表 RelativesInCompany。

2020-02-20 23:27:11::資料行 'Relationship' 不屬於資料表 RelativesInCompany。

2020-02-20 23:27:11::資料行 'Relationship' 不屬於資料表 RelativesInCompany。

2020-02-20 23:27:11::資料行 'Relationship' 不屬於資料表 RelativesInCompany。

2020-02-20 23:27:11::資料行 'Relationship' 不屬於資料表 RelativesInCompany。

2020-02-20 23:27:27::資料行 'Relationship' 不屬於資料表 RelativesInCompany。

2020-02-20 23:27:27::資料行 'Relationship' 不屬於資料表 RelativesInCompany。

2020-02-20 23:27:28::資料行 'Relationship' 不屬於資料表 RelativesInCompany。

2020-02-20 23:27:28::資料行 'Relationship' 不屬於資料表 RelativesInCompany。

2020-02-20 23:27:28::資料行 'Relationship' 不屬於資料表 RelativesInCompany。

2020-02-20 23:27:28::資料行 'Relationship' 不屬於資料表 RelativesInCompany。

2020-02-20 23:27:28::資料行 'Relationship' 不屬於資料表 RelativesInCompany。

2020-02-20 23:27:28::資料行 'Relationship' 不屬於資料表 RelativesInCompany。

2020-02-20 23:27:29::資料行 'Relationship' 不屬於資料表 RelativesInCompany。

2020-02-20 23:27:29::資料行 'Relationship' 不屬於資料表 RelativesInCompany。

2020-02-20 23:27:29::資料行 'Relationship' 不屬於資料表 RelativesInCompany。

2020-02-20 23:29:58::資料行 'Relationship' 不屬於資料表 RelativesInCompany。

2020-02-20 23:29:59::資料行 'Relationship' 不屬於資料表 RelativesInCompany。

2020-02-20 23:29:59::資料行 'Relationship' 不屬於資料表 RelativesInCompany。

2020-02-20 23:30:00::資料行 'Relationship' 不屬於資料表 RelativesInCompany。

2020-02-20 23:30:00::資料行 'Relationship' 不屬於資料表 RelativesInCompany。

2020-02-20 23:30:00::資料行 'Relationship' 不屬於資料表 RelativesInCompany。

2020-02-20 23:30:01::資料行 'Relationship' 不屬於資料表 RelativesInCompany。

2020-02-20 23:31:29::資料行 'Relationship' 不屬於資料表 RelativesInCompany。

2020-02-20 23:31:30::資料行 'Relationship' 不屬於資料表 RelativesInCompany。

2020-02-20 23:31:31::資料行 'Relationship' 不屬於資料表 RelativesInCompany。

2020-02-20 23:31:32::資料行 'Relationship' 不屬於資料表 RelativesInCompany。

2020-02-20 23:31:32::並未將物件參考設定為物件的執行個體。

2020-02-20 23:31:33::資料行 'Relationship' 不屬於資料表 RelativesInCompany。

2020-02-20 23:31:33::作業無效。已經關閉連接。

2020-02-20 23:31:33::並未將物件參考設定為物件的執行個體。

2020-02-20 23:31:33::資料行 'Relationship' 不屬於資料表 RelativesInCompany。

2020-02-20 23:31:33::資料行 'Relationship' 不屬於資料表 RelativesInCompany。

2020-02-20 23:31:33::資料行 'Relationship' 不屬於資料表 RelativesInCompany。

2020-02-20 23:31:33::資料行 'Relationship' 不屬於資料表 RelativesInCompany。

2020-02-20 23:31:34::資料行 'Relationship' 不屬於資料表 RelativesInCompany。

2020-02-20 23:31:34::資料行 'Relationship' 不屬於資料表 RelativesInCompany。

2020-02-20 23:31:34::資料行 'Relationship' 不屬於資料表 RelativesInCompany。

2020-02-20 23:31:34::資料行 'Relationship' 不屬於資料表 RelativesInCompany。

2020-02-20 23:31:34::資料行 'Relationship' 不屬於資料表 RelativesInCompany。

2020-02-20 23:31:35::資料行 'Relationship' 不屬於資料表 RelativesInCompany。

2020-02-20 23:31:35::資料行 'Relationship' 不屬於資料表 RelativesInCompany。

2020-02-20 23:31:35::資料行 'Relationship' 不屬於資料表 RelativesInCompany。

2020-02-20 23:31:35::資料行 'Relationship' 不屬於資料表 RelativesInCompany。

2020-02-20 23:31:35::資料行 'Relationship' 不屬於資料表 RelativesInCompany。

2020-02-20 23:31:46::資料行 'Relationship' 不屬於資料表 RelativesInCompany。

2020-02-20 23:31:47::資料行 'Relationship' 不屬於資料表 RelativesInCompany。

2020-02-20 23:31:48::資料行 'Relationship' 不屬於資料表 RelativesInCompany。

2020-02-20 23:31:48::資料行 'Relationship' 不屬於資料表 RelativesInCompany。

2020-02-20 23:31:48::資料行 'Relationship' 不屬於資料表 RelativesInCompany。

2020-02-20 23:31:49::資料行 'Relationship' 不屬於資料表 RelativesInCompany。

2020-02-20 23:31:49::資料行 'Relationship' 不屬於資料表 RelativesInCompany。

2020-02-20 23:31:49::資料行 'Relationship' 不屬於資料表 RelativesInCompany。

2020-02-20 23:31:49::資料行 'Relationship' 不屬於資料表 RelativesInCompany。

2020-02-20 23:31:49::資料行 'Relationship' 不屬於資料表 RelativesInCompany。

2020-02-20 23:31:50::資料行 'Relationship' 不屬於資料表 RelativesInCompany。

2020-02-20 23:31:50::資料行 'Relationship' 不屬於資料表 RelativesInCompany。

2020-02-20 23:31:50::資料行 'Relationship' 不屬於資料表 RelativesInCompany。

2020-02-20 23:31:50::資料行 'Relationship' 不屬於資料表 RelativesInCompany。

2020-02-20 23:35:45::輸入字串格式不正確。無法在 Relationship 資料行中儲存 <>。需要的型別是 Int32。

2020-02-20 23:35:46::輸入字串格式不正確。無法在 Relationship 資料行中儲存 <>。需要的型別是 Int32。

2020-02-20 23:35:47::輸入字串格式不正確。無法在 Relationship 資料行中儲存 <>。需要的型別是 Int32。

2020-02-20 23:35:47::輸入字串格式不正確。無法在 Relationship 資料行中儲存 <>。需要的型別是 Int32。

2020-02-20 23:35:47::輸入字串格式不正確。無法在 Relationship 資料行中儲存 <>。需要的型別是 Int32。

2020-02-20 23:35:47::輸入字串格式不正確。無法在 Relationship 資料行中儲存 <>。需要的型別是 Int32。

2020-02-20 23:37:00::輸入字串格式不正確。無法在 Relationship 資料行中儲存 <>。需要的型別是 Int32。

2020-02-20 23:37:01::輸入字串格式不正確。無法在 Relationship 資料行中儲存 <>。需要的型別是 Int32。

2020-02-20 23:37:01::輸入字串格式不正確。無法在 Relationship 資料行中儲存 <>。需要的型別是 Int32。

2020-02-20 23:37:02::輸入字串格式不正確。無法在 Relationship 資料行中儲存 <>。需要的型別是 Int32。

2020-02-20 23:37:02::輸入字串格式不正確。無法在 Relationship 資料行中儲存 <>。需要的型別是 Int32。

2020-02-20 23:37:02::輸入字串格式不正確。無法在 Relationship 資料行中儲存 <>。需要的型別是 Int32。

2020-02-20 23:37:08::輸入字串格式不正確。無法在 Relationship 資料行中儲存 <>。需要的型別是 Int32。

2020-02-20 23:37:09::輸入字串格式不正確。無法在 Relationship 資料行中儲存 <>。需要的型別是 Int32。

2020-02-20 23:37:09::輸入字串格式不正確。無法在 Relationship 資料行中儲存 <>。需要的型別是 Int32。

2020-02-20 23:37:09::輸入字串格式不正確。無法在 Relationship 資料行中儲存 <>。需要的型別是 Int32。

2020-02-20 23:37:09::輸入字串格式不正確。無法在 Relationship 資料行中儲存 <>。需要的型別是 Int32。

2020-02-20 23:37:10::輸入字串格式不正確。無法在 Relationship 資料行中儲存 <>。需要的型別是 Int32。

2020-02-20 23:37:10::輸入字串格式不正確。無法在 Relationship 資料行中儲存 <>。需要的型別是 Int32。

2020-02-20 23:37:10::輸入字串格式不正確。無法在 Relationship 資料行中儲存 <>。需要的型別是 Int32。

2020-02-20 23:37:10::輸入字串格式不正確。無法在 Relationship 資料行中儲存 <>。需要的型別是 Int32。

2020-02-20 23:37:10::輸入字串格式不正確。無法在 Relationship 資料行中儲存 <>。需要的型別是 Int32。

2020-02-20 23:37:10::輸入字串格式不正確。無法在 Relationship 資料行中儲存 <>。需要的型別是 Int32。

2020-02-20 23:38:49::輸入字串格式不正確。無法在 Relationship 資料行中儲存 <>。需要的型別是 Int32。

2020-02-20 23:39:08::輸入字串格式不正確。無法在 Relationship 資料行中儲存 <>。需要的型別是 Int32。

2020-02-20 23:39:09::輸入字串格式不正確。無法在 Relationship 資料行中儲存 <>。需要的型別是 Int32。

2020-02-20 23:39:09::輸入字串格式不正確。無法在 Relationship 資料行中儲存 <>。需要的型別是 Int32。

2020-02-20 23:39:10::輸入字串格式不正確。無法在 Relationship 資料行中儲存 <>。需要的型別是 Int32。

2020-02-20 23:39:10::輸入字串格式不正確。無法在 Relationship 資料行中儲存 <>。需要的型別是 Int32。

2020-02-20 23:39:10::輸入字串格式不正確。無法在 Relationship 資料行中儲存 <>。需要的型別是 Int32。

2020-02-20 23:39:11::輸入字串格式不正確。無法在 Relationship 資料行中儲存 <>。需要的型別是 Int32。

2020-02-20 23:39:11::輸入字串格式不正確。無法在 Relationship 資料行中儲存 <>。需要的型別是 Int32。

2020-02-20 23:39:11::輸入字串格式不正確。無法在 Relationship 資料行中儲存 <>。需要的型別是 Int32。

2020-02-20 23:39:11::輸入字串格式不正確。無法在 Relationship 資料行中儲存 <>。需要的型別是 Int32。

2020-02-20 23:39:11::輸入字串格式不正確。無法在 Relationship 資料行中儲存 <>。需要的型別是 Int32。

2020-02-20 23:39:12::輸入字串格式不正確。無法在 Relationship 資料行中儲存 <>。需要的型別是 Int32。

2020-02-20 23:39:12::輸入字串格式不正確。無法在 Relationship 資料行中儲存 <>。需要的型別是 Int32。

2020-02-20 23:39:12::輸入字串格式不正確。無法在 Relationship 資料行中儲存 <>。需要的型別是 Int32。

2020-02-20 23:39:12::輸入字串格式不正確。無法在 Relationship 資料行中儲存 <>。需要的型別是 Int32。

2020-02-20 23:39:12::輸入字串格式不正確。無法在 Relationship 資料行中儲存 <>。需要的型別是 Int32。

2020-02-20 23:39:12::輸入字串格式不正確。無法在 Relationship 資料行中儲存 <>。需要的型別是 Int32。

2020-02-20 23:39:13::輸入字串格式不正確。無法在 Relationship 資料行中儲存 <>。需要的型別是 Int32。

2020-02-20 23:39:13::輸入字串格式不正確。無法在 Relationship 資料行中儲存 <>。需要的型別是 Int32。

2020-02-20 23:39:13::輸入字串格式不正確。無法在 Relationship 資料行中儲存 <>。需要的型別是 Int32。

2020-02-20 23:39:13::輸入字串格式不正確。無法在 Relationship 資料行中儲存 <>。需要的型別是 Int32。

2020-02-20 23:39:13::輸入字串格式不正確。無法在 Relationship 資料行中儲存 <>。需要的型別是 Int32。

2020-02-20 23:39:14::輸入字串格式不正確。無法在 Relationship 資料行中儲存 <>。需要的型別是 Int32。

2020-02-20 23:39:17::輸入字串格式不正確。無法在 Relationship 資料行中儲存 <>。需要的型別是 Int32。

2020-02-20 23:39:17::輸入字串格式不正確。無法在 Relationship 資料行中儲存 <>。需要的型別是 Int32。

2020-02-20 23:39:17::輸入字串格式不正確。無法在 Relationship 資料行中儲存 <>。需要的型別是 Int32。

2020-02-20 23:39:18::輸入字串格式不正確。無法在 Relationship 資料行中儲存 <>。需要的型別是 Int32。

2020-02-20 23:39:18::輸入字串格式不正確。無法在 Relationship 資料行中儲存 <>。需要的型別是 Int32。

2020-02-20 23:39:18::輸入字串格式不正確。無法在 Relationship 資料行中儲存 <>。需要的型別是 Int32。

2020-02-20 23:39:18::輸入字串格式不正確。無法在 Relationship 資料行中儲存 <>。需要的型別是 Int32。

2020-02-20 23:39:18::輸入字串格式不正確。無法在 Relationship 資料行中儲存 <>。需要的型別是 Int32。

2020-02-20 23:39:19::輸入字串格式不正確。無法在 Relationship 資料行中儲存 <>。需要的型別是 Int32。

2020-02-20 23:41:59::輸入字串格式不正確。無法在 Relationship 資料行中儲存 <>。需要的型別是 Int32。

2020-02-20 23:42:07::輸入字串格式不正確。無法在 Relationship 資料行中儲存 <>。需要的型別是 Int32。

2020-02-20 23:42:10::輸入字串格式不正確。無法在 Relationship 資料行中儲存 <>。需要的型別是 Int32。

2020-02-20 23:42:16::輸入字串格式不正確。無法在 Relationship 資料行中儲存 <>。需要的型別是 Int32。

2020-02-20 23:42:18::輸入字串格式不正確。無法在 Relationship 資料行中儲存 <>。需要的型別是 Int32。

2020-02-20 23:42:19::輸入字串格式不正確。無法在 Relationship 資料行中儲存 <>。需要的型別是 Int32。

2020-02-20 23:42:21::輸入字串格式不正確。無法在 Relationship 資料行中儲存 <>。需要的型別是 Int32。

2020-02-20 23:42:24::輸入字串格式不正確。無法在 Relationship 資料行中儲存 <>。需要的型別是 Int32。

2020-02-20 23:42:24::輸入字串格式不正確。無法在 Relationship 資料行中儲存 <>。需要的型別是 Int32。

2020-02-20 23:42:24::輸入字串格式不正確。無法在 Relationship 資料行中儲存 <>。需要的型別是 Int32。

2020-02-20 23:42:36::輸入字串格式不正確。無法在 Relationship 資料行中儲存 <>。需要的型別是 Int32。

2020-02-20 23:42:36::輸入字串格式不正確。無法在 Relationship 資料行中儲存 <>。需要的型別是 Int32。

2020-02-20 23:42:37::輸入字串格式不正確。無法在 Relationship 資料行中儲存 <>。需要的型別是 Int32。

2020-02-20 23:42:44::輸入字串格式不正確。無法在 Relationship 資料行中儲存 <>。需要的型別是 Int32。

2020-02-20 23:42:48::輸入字串格式不正確。無法在 Relationship 資料行中儲存 <>。需要的型別是 Int32。

2020-02-20 23:43:03::輸入字串格式不正確。無法在 Relationship 資料行中儲存 <>。需要的型別是 Int32。

2020-02-20 23:43:05::輸入字串格式不正確。無法在 Relationship 資料行中儲存 <>。需要的型別是 Int32。

2020-02-20 23:43:14::輸入字串格式不正確。無法在 Relationship 資料行中儲存 <>。需要的型別是 Int32。

2020-02-20 23:43:15::輸入字串格式不正確。無法在 Relationship 資料行中儲存 <>。需要的型別是 Int32。

2020-02-20 23:43:15::輸入字串格式不正確。無法在 Relationship 資料行中儲存 <>。需要的型別是 Int32。

2020-02-20 23:43:15::輸入字串格式不正確。無法在 Relationship 資料行中儲存 <>。需要的型別是 Int32。

2020-02-20 23:43:15::輸入字串格式不正確。無法在 Relationship 資料行中儲存 <>。需要的型別是 Int32。

2020-02-20 23:43:15::輸入字串格式不正確。無法在 Relationship 資料行中儲存 <>。需要的型別是 Int32。

2020-02-20 23:43:18::輸入字串格式不正確。無法在 Relationship 資料行中儲存 <>。需要的型別是 Int32。

2020-02-20 23:43:19::輸入字串格式不正確。無法在 Relationship 資料行中儲存 <>。需要的型別是 Int32。

2020-02-20 23:43:19::輸入字串格式不正確。無法在 Relationship 資料行中儲存 <>。需要的型別是 Int32。

2020-02-20 23:43:27::輸入字串格式不正確。無法在 Relationship 資料行中儲存 <>。需要的型別是 Int32。

2020-02-20 23:43:28::輸入字串格式不正確。無法在 Relationship 資料行中儲存 <>。需要的型別是 Int32。

2020-02-20 23:43:28::輸入字串格式不正確。無法在 Relationship 資料行中儲存 <>。需要的型別是 Int32。

2020-02-20 23:43:28::輸入字串格式不正確。無法在 Relationship 資料行中儲存 <>。需要的型別是 Int32。

2020-02-20 23:43:28::輸入字串格式不正確。無法在 Relationship 資料行中儲存 <>。需要的型別是 Int32。

