2020-07-01 08:34:54::ExecuteReader 必須有開啟與可用的 Connection。連接目前的狀態為連接中。

2020-07-01 08:34:54::ExecuteReader 必須有開啟與可用的 Connection。連接目前的狀態為連接中。

2020-07-01 08:34:54::ExecuteReader 必須有開啟與可用的 Connection。連接目前的狀態為連接中。

2020-07-01 08:34:54::並未將物件參考設定為物件的執行個體。

2020-07-01 08:34:54::並未將物件參考設定為物件的執行個體。

2020-07-01 08:34:54::並未將物件參考設定為物件的執行個體。

2020-07-01 08:34:55::ExecuteReader 必須有開啟與可用的 Connection。連接目前的狀態為開啟。

2020-07-01 08:34:55::並未將物件參考設定為物件的執行個體。

2020-07-01 08:34:55::ExecuteReader 必須有開啟與可用的 Connection。連接目前的狀態為開啟。

2020-07-01 08:34:55::並未將物件參考設定為物件的執行個體。

2020-07-01 08:34:55::ExecuteReader 必須有開啟與可用的 Connection。連接目前的狀態為開啟。

2020-07-01 08:34:55::並未將物件參考設定為物件的執行個體。

2020-07-01 08:34:55::ExecuteReader 必須有開啟與可用的 Connection。連接目前的狀態為開啟。

2020-07-01 08:34:55::並未將物件參考設定為物件的執行個體。

2020-07-01 08:34:56::ExecuteReader 必須有開啟與可用的 Connection。連接目前的狀態為開啟。

2020-07-01 08:34:56::並未將物件參考設定為物件的執行個體。

2020-07-01 08:34:56::ExecuteReader 必須有開啟與可用的 Connection。連接目前的狀態為開啟。

2020-07-01 08:34:56::並未將物件參考設定為物件的執行個體。

2020-07-01 08:35:02::ExecuteReader 必須有開啟與可用的 Connection。連接目前的狀態為開啟。

2020-07-01 08:35:02::並未將物件參考設定為物件的執行個體。

2020-07-01 08:35:03::ExecuteReader 必須有開啟與可用的 Connection。連接目前的狀態為開啟。

2020-07-01 08:35:03::並未將物件參考設定為物件的執行個體。

2020-07-01 08:35:04::ExecuteReader 必須有開啟與可用的 Connection。連接目前的狀態為開啟。

2020-07-01 08:35:04::並未將物件參考設定為物件的執行個體。

2020-07-01 08:35:04::ExecuteReader 必須有開啟與可用的 Connection。連接目前的狀態為開啟。

2020-07-01 08:35:04::並未將物件參考設定為物件的執行個體。

2020-07-01 08:35:05::ExecuteReader 必須有開啟與可用的 Connection。連接目前的狀態為開啟。

2020-07-01 08:35:05::並未將物件參考設定為物件的執行個體。

2020-07-01 08:35:05::ExecuteReader 必須有開啟與可用的 Connection。連接目前的狀態為開啟。

2020-07-01 08:35:05::並未將物件參考設定為物件的執行個體。

2020-07-01 08:35:05::ExecuteReader 必須有開啟與可用的 Connection。連接目前的狀態為開啟。

2020-07-01 08:35:05::並未將物件參考設定為物件的執行個體。

2020-07-01 08:35:24::並未將物件參考設定為物件的執行個體。

2020-07-01 08:39:23::資料行 'Relationship' 不屬於資料表 Families。

2020-07-01 08:39:28::資料行 'Relationship' 不屬於資料表 Families。

2020-07-01 08:39:30::資料行 'Relationship' 不屬於資料表 Families。

2020-07-01 08:39:45::資料行 'Relationship' 不屬於資料表 Families。

2020-07-01 08:39:45::資料行 'Relationship' 不屬於資料表 Families。

2020-07-01 08:39:45::資料行 'Relationship' 不屬於資料表 Families。

2020-07-01 08:39:46::資料行 'Relationship' 不屬於資料表 Families。

2020-07-01 08:39:46::資料行 'Relationship' 不屬於資料表 Families。

2020-07-01 08:39:54::資料行 'Relationship' 不屬於資料表 Families。

2020-07-01 08:39:54::資料行 'Relationship' 不屬於資料表 Families。

2020-07-01 08:39:55::資料行 'Relationship' 不屬於資料表 Families。

2020-07-01 08:39:55::資料行 'Relationship' 不屬於資料表 Families。

2020-07-01 08:40:01::資料行 'Relationship' 不屬於資料表 Families。

2020-07-01 08:40:01::資料行 'Relationship' 不屬於資料表 Families。

2020-07-01 08:40:01::資料行 'Relationship' 不屬於資料表 Families。

2020-07-01 08:40:02::資料行 'Relationship' 不屬於資料表 Families。

2020-07-01 08:40:02::資料行 'Relationship' 不屬於資料表 Families。

2020-07-01 08:40:03::資料行 'Relationship' 不屬於資料表 Families。

2020-07-01 08:40:03::資料行 'Relationship' 不屬於資料表 Families。

2020-07-01 08:40:03::資料行 'Relationship' 不屬於資料表 Families。

2020-07-01 08:40:03::資料行 'Relationship' 不屬於資料表 Families。

2020-07-01 08:40:08::資料行 'Relationship' 不屬於資料表 Families。

2020-07-01 08:40:09::資料行 'Relationship' 不屬於資料表 Families。

2020-07-01 08:40:09::資料行 'Relationship' 不屬於資料表 Families。

2020-07-01 08:40:09::資料行 'Relationship' 不屬於資料表 Families。

2020-07-01 08:40:09::資料行 'Relationship' 不屬於資料表 Families。

2020-07-01 08:40:09::資料行 'Relationship' 不屬於資料表 Families。

2020-07-01 08:40:10::資料行 'Relationship' 不屬於資料表 Families。

2020-07-01 08:40:10::資料行 'Relationship' 不屬於資料表 Families。

2020-07-01 08:40:10::資料行 'Relationship' 不屬於資料表 Families。

2020-07-01 08:40:10::資料行 'Relationship' 不屬於資料表 Families。

2020-07-01 08:40:10::資料行 'Relationship' 不屬於資料表 Families。

2020-07-01 08:40:10::資料行 'Relationship' 不屬於資料表 Families。

2020-07-01 08:40:10::資料行 'Relationship' 不屬於資料表 Families。

2020-07-01 08:40:11::資料行 'Relationship' 不屬於資料表 Families。

2020-07-01 08:40:11::資料行 'Relationship' 不屬於資料表 Families。

2020-07-01 08:40:11::資料行 'Relationship' 不屬於資料表 Families。

2020-07-01 08:40:11::資料行 'Relationship' 不屬於資料表 Families。

2020-07-01 08:40:11::資料行 'Relationship' 不屬於資料表 Families。

2020-07-01 08:40:11::資料行 'Relationship' 不屬於資料表 Families。

2020-07-01 08:40:11::資料行 'Relationship' 不屬於資料表 Families。

2020-07-01 08:40:16::資料行 'Relationship' 不屬於資料表 Families。

2020-07-01 08:40:17::資料行 'Relationship' 不屬於資料表 Families。

2020-07-01 08:40:17::資料行 'Relationship' 不屬於資料表 Families。

2020-07-01 08:40:17::資料行 'Relationship' 不屬於資料表 Families。

2020-07-01 08:40:17::資料行 'Relationship' 不屬於資料表 Families。

2020-07-01 08:40:17::資料行 'Relationship' 不屬於資料表 Families。

2020-07-01 08:40:18::資料行 'Relationship' 不屬於資料表 Families。

2020-07-01 08:40:19::資料行 'Relationship' 不屬於資料表 Families。

2020-07-01 08:40:20::資料行 'Relationship' 不屬於資料表 Families。

2020-07-01 08:40:20::資料行 'Relationship' 不屬於資料表 Families。

2020-07-01 08:40:24::資料行 'Relationship' 不屬於資料表 Families。

2020-07-01 08:40:24::資料行 'Relationship' 不屬於資料表 Families。

2020-07-01 08:40:24::資料行 'Relationship' 不屬於資料表 Families。

2020-07-01 08:40:24::資料行 'Relationship' 不屬於資料表 Families。

2020-07-01 08:40:25::資料行 'Relationship' 不屬於資料表 Families。

2020-07-01 08:40:30::資料行 'Relationship' 不屬於資料表 Families。

2020-07-01 08:40:31::資料行 'Relationship' 不屬於資料表 Families。

2020-07-01 08:40:32::資料行 'Relationship' 不屬於資料表 Families。

2020-07-01 08:40:53::資料行 'Relationship' 不屬於資料表 Families。

2020-07-01 08:40:54::資料行 'Relationship' 不屬於資料表 Families。

2020-07-01 08:40:54::資料行 'Relationship' 不屬於資料表 Families。

2020-07-01 08:40:54::資料行 'Relationship' 不屬於資料表 Families。

2020-07-01 08:40:55::資料行 'Relationship' 不屬於資料表 Families。

2020-07-01 08:40:55::資料行 'Relationship' 不屬於資料表 Families。

2020-07-01 08:40:55::資料行 'Relationship' 不屬於資料表 Families。

2020-07-01 08:40:55::資料行 'Relationship' 不屬於資料表 Families。

2020-07-01 08:40:56::資料行 'Relationship' 不屬於資料表 Families。

2020-07-01 08:41:43::資料行 'Relationship' 不屬於資料表 Families。

2020-07-01 08:41:44::資料行 'Relationship' 不屬於資料表 Families。

2020-07-01 08:41:45::資料行 'Relationship' 不屬於資料表 Families。

2020-07-01 08:41:45::資料行 'Relationship' 不屬於資料表 Families。

2020-07-01 08:41:45::資料行 'Relationship' 不屬於資料表 Families。

2020-07-01 08:41:45::資料行 'Relationship' 不屬於資料表 Families。

2020-07-01 08:41:45::資料行 'Relationship' 不屬於資料表 Families。

2020-07-01 08:41:45::資料行 'Relationship' 不屬於資料表 Families。

2020-07-01 08:41:45::資料行 'Relationship' 不屬於資料表 Families。

2020-07-01 08:41:49::並未將物件參考設定為物件的執行個體。

2020-07-01 08:41:49::已經開啟一個與這個 Command 相關的 DataReader，必須先將它關閉。

2020-07-01 08:41:49::並未將物件參考設定為物件的執行個體。

2020-07-01 08:41:49::資料行 'Relationship' 不屬於資料表 Families。

2020-07-01 08:41:50::資料行 'Relationship' 不屬於資料表 Families。

2020-07-01 08:41:50::資料行 'Relationship' 不屬於資料表 Families。

2020-07-01 08:41:50::資料行 'Relationship' 不屬於資料表 Families。

2020-07-01 08:41:51::已經開啟一個與這個 Command 相關的 DataReader，必須先將它關閉。

2020-07-01 08:41:51::並未將物件參考設定為物件的執行個體。

2020-07-01 08:41:51::並未將物件參考設定為物件的執行個體。

2020-07-01 08:41:51::資料行 'Relationship' 不屬於資料表 Families。

2020-07-01 08:41:51::資料行 'Relationship' 不屬於資料表 Families。

2020-07-01 08:41:51::資料行 'Relationship' 不屬於資料表 Families。

2020-07-01 08:41:54::資料行 'Relationship' 不屬於資料表 Families。

2020-07-01 08:42:05::資料行 'Relationship' 不屬於資料表 Families。

2020-07-01 08:42:05::資料行 'Relationship' 不屬於資料表 Families。

2020-07-01 08:42:05::資料行 'Relationship' 不屬於資料表 Families。

2020-07-01 08:42:05::資料行 'Relationship' 不屬於資料表 Families。

2020-07-01 08:42:06::資料行 'Relationship' 不屬於資料表 Families。

2020-07-01 08:42:34::資料行 'Relationship' 不屬於資料表 Families。

2020-07-01 08:42:43::資料行 'Relationship' 不屬於資料表 Families。

2020-07-01 08:42:45::資料行 'Relationship' 不屬於資料表 Families。

2020-07-01 08:42:46::資料行 'Relationship' 不屬於資料表 Families。

2020-07-01 08:42:48::資料行 'Relationship' 不屬於資料表 Families。

2020-07-01 08:42:50::資料行 'Relationship' 不屬於資料表 Families。

2020-07-01 08:42:50::資料行 'Relationship' 不屬於資料表 Families。

2020-07-01 08:42:50::資料行 'Relationship' 不屬於資料表 Families。

2020-07-01 08:42:51::資料行 'Relationship' 不屬於資料表 Families。

2020-07-01 08:42:51::資料行 'Relationship' 不屬於資料表 Families。

2020-07-01 08:42:52::資料行 'Relationship' 不屬於資料表 Families。

2020-07-01 08:42:52::資料行 'Relationship' 不屬於資料表 Families。

2020-07-01 08:42:53::資料行 'Relationship' 不屬於資料表 Families。

2020-07-01 08:42:53::資料行 'Relationship' 不屬於資料表 Families。

2020-07-01 08:42:53::資料行 'Relationship' 不屬於資料表 Families。

2020-07-01 08:42:53::資料行 'Relationship' 不屬於資料表 Families。

2020-07-01 08:42:53::資料行 'Relationship' 不屬於資料表 Families。

2020-07-01 08:42:53::資料行 'Relationship' 不屬於資料表 Families。

2020-07-01 08:42:54::資料行 'Relationship' 不屬於資料表 Families。

2020-07-01 08:42:54::資料行 'Relationship' 不屬於資料表 Families。

2020-07-01 08:42:54::資料行 'Relationship' 不屬於資料表 Families。

2020-07-01 08:42:54::資料行 'Relationship' 不屬於資料表 Families。

2020-07-01 08:42:54::資料行 'Relationship' 不屬於資料表 Families。

2020-07-01 08:42:54::資料行 'Relationship' 不屬於資料表 Families。

2020-07-01 08:42:59::資料行 'Relationship' 不屬於資料表 Families。

2020-07-01 08:42:59::資料行 'Relationship' 不屬於資料表 Families。

2020-07-01 08:42:59::資料行 'Relationship' 不屬於資料表 Families。

2020-07-01 08:43:00::資料行 'Relationship' 不屬於資料表 Families。

2020-07-01 08:43:00::資料行 'Relationship' 不屬於資料表 Families。

2020-07-01 08:43:00::資料行 'Relationship' 不屬於資料表 Families。

2020-07-01 08:43:00::資料行 'Relationship' 不屬於資料表 Families。

2020-07-01 08:43:06::資料行 'Relationship' 不屬於資料表 Families。

2020-07-01 08:43:06::資料行 'Relationship' 不屬於資料表 Families。

2020-07-01 08:43:07::資料行 'Relationship' 不屬於資料表 Families。

2020-07-01 08:43:07::資料行 'Relationship' 不屬於資料表 Families。

2020-07-01 08:43:07::資料行 'Relationship' 不屬於資料表 Families。

2020-07-01 08:54:38::資料行 'Relationship' 不屬於資料表 Families。

2020-07-01 08:54:42::資料行 'Relationship' 不屬於資料表 Families。

2020-07-01 08:54:46::資料行 'Relationship' 不屬於資料表 Families。

2020-07-01 08:54:48::資料行 'Relationship' 不屬於資料表 Families。

2020-07-01 08:54:49::已經開啟一個與這個 Command 相關的 DataReader，必須先將它關閉。

2020-07-01 08:54:49::並未將物件參考設定為物件的執行個體。

2020-07-01 08:54:49::並未將物件參考設定為物件的執行個體。

2020-07-01 08:54:49::資料行 'Relationship' 不屬於資料表 Families。

2020-07-01 08:54:49::資料行 'Relationship' 不屬於資料表 Families。

2020-07-01 08:54:58::資料行 'Relationship' 不屬於資料表 Families。

2020-07-01 08:54:58::資料行 'Relationship' 不屬於資料表 Families。

2020-07-01 08:54:58::資料行 'Relationship' 不屬於資料表 Families。

2020-07-01 08:54:59::資料行 'Relationship' 不屬於資料表 Families。

2020-07-01 08:54:59::資料行 'Relationship' 不屬於資料表 Families。

2020-07-01 08:54:59::資料行 'Relationship' 不屬於資料表 Families。

2020-07-01 08:55:05::資料行 'Relationship' 不屬於資料表 Families。

2020-07-01 08:55:05::資料行 'Relationship' 不屬於資料表 Families。

2020-07-01 08:55:05::資料行 'Relationship' 不屬於資料表 Families。

2020-07-01 08:55:06::已經開啟一個與這個 Command 相關的 DataReader，必須先將它關閉。

2020-07-01 08:55:06::並未將物件參考設定為物件的執行個體。

2020-07-01 08:55:06::並未將物件參考設定為物件的執行個體。

2020-07-01 08:55:06::資料行 'Relationship' 不屬於資料表 Families。

2020-07-01 08:55:06::資料行 'Relationship' 不屬於資料表 Families。

2020-07-01 08:55:06::資料行 'Relationship' 不屬於資料表 Families。

2020-07-01 08:55:11::資料行 'Relationship' 不屬於資料表 Families。

2020-07-01 08:55:12::資料行 'Relationship' 不屬於資料表 Families。

2020-07-01 08:55:12::資料行 'Relationship' 不屬於資料表 Families。

2020-07-01 08:55:12::資料行 'Relationship' 不屬於資料表 Families。

2020-07-01 08:55:14::資料行 'Relationship' 不屬於資料表 Families。

