2020-08-08 08:37:33::並未將物件參考設定為物件的執行個體。

2020-08-08 08:37:33::並未將物件參考設定為物件的執行個體。

2020-08-08 08:37:33::並未將物件參考設定為物件的執行個體。

2020-08-08 08:37:33::並未將物件參考設定為物件的執行個體。

2020-08-08 08:37:33::ExecuteReader 必須有開啟與可用的 Connection。連接目前的狀態為連接中。

2020-08-08 08:37:33::並未將物件參考設定為物件的執行個體。

2020-08-08 08:37:34::ExecuteReader 必須有開啟與可用的 Connection。連接目前的狀態為連接中。

2020-08-08 08:37:34::並未將物件參考設定為物件的執行個體。

2020-08-08 14:34:16::並未將物件參考設定為物件的執行個體。

2020-08-08 14:34:16::並未將物件參考設定為物件的執行個體。

2020-08-08 14:39:39::資料行 'Relationship' 不屬於資料表 RelativesInCompany。

2020-08-08 14:39:40::資料行 'Relationship' 不屬於資料表 RelativesInCompany。

2020-08-08 14:39:58::資料行 'Relationship' 不屬於資料表 RelativesInCompany。

2020-08-08 14:39:59::資料行 'Relationship' 不屬於資料表 RelativesInCompany。

2020-08-08 14:39:59::資料行 'Relationship' 不屬於資料表 RelativesInCompany。

2020-08-08 14:41:57::資料行 'Relationship' 不屬於資料表 RelativesInCompany。

2020-08-08 14:41:57::資料行 'Relationship' 不屬於資料表 RelativesInCompany。

2020-08-08 14:41:59::資料行 'Relationship' 不屬於資料表 RelativesInCompany。

2020-08-08 14:42:01::資料行 'Relationship' 不屬於資料表 RelativesInCompany。

2020-08-08 14:42:04::資料行 'Relationship' 不屬於資料表 RelativesInCompany。

2020-08-08 14:42:16::資料行 'Relationship' 不屬於資料表 RelativesInCompany。

2020-08-08 14:43:20::資料行 'Relationship' 不屬於資料表 RelativesInCompany。

2020-08-08 14:43:36::資料行 'Relationship' 不屬於資料表 RelativesInCompany。

2020-08-08 14:43:36::資料行 'Relationship' 不屬於資料表 RelativesInCompany。

2020-08-08 14:43:36::資料行 'Relationship' 不屬於資料表 RelativesInCompany。

2020-08-08 14:43:36::資料行 'Relationship' 不屬於資料表 RelativesInCompany。

2020-08-08 14:44:35::資料行 'Relationship' 不屬於資料表 RelativesInCompany。

2020-08-08 14:44:36::資料行 'Relationship' 不屬於資料表 RelativesInCompany。

2020-08-08 14:44:37::資料行 'Relationship' 不屬於資料表 RelativesInCompany。

2020-08-08 14:44:48::資料行 'Relationship' 不屬於資料表 RelativesInCompany。

2020-08-08 14:44:50::資料行 'Relationship' 不屬於資料表 RelativesInCompany。

2020-08-08 14:44:57::資料行 'Relationship' 不屬於資料表 RelativesInCompany。

2020-08-08 14:44:57::資料行 'Relationship' 不屬於資料表 RelativesInCompany。

2020-08-08 14:44:57::資料行 'Relationship' 不屬於資料表 RelativesInCompany。

2020-08-08 14:44:58::資料行 'Relationship' 不屬於資料表 RelativesInCompany。

2020-08-08 14:44:58::資料行 'Relationship' 不屬於資料表 RelativesInCompany。

2020-08-08 14:45:04::資料行 'Relationship' 不屬於資料表 RelativesInCompany。

2020-08-08 14:45:06::資料行 'Relationship' 不屬於資料表 RelativesInCompany。

2020-08-08 14:45:06::資料行 'Relationship' 不屬於資料表 RelativesInCompany。

2020-08-08 14:45:07::資料行 'Relationship' 不屬於資料表 RelativesInCompany。

2020-08-08 14:45:07::資料行 'Relationship' 不屬於資料表 RelativesInCompany。

2020-08-08 14:45:18::資料行 'Relationship' 不屬於資料表 RelativesInCompany。

2020-08-08 14:45:19::資料行 'Relationship' 不屬於資料表 RelativesInCompany。

2020-08-08 14:45:19::資料行 'Relationship' 不屬於資料表 RelativesInCompany。

2020-08-08 14:45:20::資料行 'Relationship' 不屬於資料表 RelativesInCompany。

2020-08-08 14:45:20::資料行 'Relationship' 不屬於資料表 RelativesInCompany。

2020-08-08 14:45:20::資料行 'Relationship' 不屬於資料表 RelativesInCompany。

2020-08-08 14:45:21::資料行 'Relationship' 不屬於資料表 RelativesInCompany。

2020-08-08 14:45:30::資料行 'Relationship' 不屬於資料表 RelativesInCompany。

2020-08-08 14:45:30::資料行 'Relationship' 不屬於資料表 RelativesInCompany。

2020-08-08 14:45:30::資料行 'Relationship' 不屬於資料表 RelativesInCompany。

2020-08-08 14:45:31::資料行 'Relationship' 不屬於資料表 RelativesInCompany。

2020-08-08 14:46:04::資料行 'Relationship' 不屬於資料表 RelativesInCompany。

2020-08-08 14:46:04::資料行 'Relationship' 不屬於資料表 RelativesInCompany。

2020-08-08 14:46:04::資料行 'Relationship' 不屬於資料表 RelativesInCompany。

2020-08-08 14:46:05::資料行 'Relationship' 不屬於資料表 RelativesInCompany。

2020-08-08 14:46:05::資料行 'Relationship' 不屬於資料表 RelativesInCompany。

2020-08-08 14:46:05::並未將物件參考設定為物件的執行個體。

2020-08-08 14:46:05::作業無效。已經關閉連接。

2020-08-08 14:46:05::並未將物件參考設定為物件的執行個體。

2020-08-08 14:46:05::資料行 'Relationship' 不屬於資料表 RelativesInCompany。

2020-08-08 14:46:05::資料行 'Relationship' 不屬於資料表 RelativesInCompany。

2020-08-08 14:46:06::資料行 'Relationship' 不屬於資料表 RelativesInCompany。

2020-08-08 14:46:06::資料行 'Relationship' 不屬於資料表 RelativesInCompany。

2020-08-08 14:46:06::資料行 'Relationship' 不屬於資料表 RelativesInCompany。

2020-08-08 14:46:06::資料行 'Relationship' 不屬於資料表 RelativesInCompany。

2020-08-08 14:46:06::資料行 'Relationship' 不屬於資料表 RelativesInCompany。

2020-08-08 14:46:07::資料行 'Relationship' 不屬於資料表 RelativesInCompany。

2020-08-08 14:46:07::資料行 'Relationship' 不屬於資料表 RelativesInCompany。

2020-08-08 14:46:07::資料行 'Relationship' 不屬於資料表 RelativesInCompany。

2020-08-08 14:46:07::資料行 'Relationship' 不屬於資料表 RelativesInCompany。

2020-08-08 14:46:08::資料行 'Relationship' 不屬於資料表 RelativesInCompany。

2020-08-08 14:46:08::資料行 'Relationship' 不屬於資料表 RelativesInCompany。

2020-08-08 14:46:08::資料行 'Relationship' 不屬於資料表 RelativesInCompany。

2020-08-08 14:46:21::資料行 'Relationship' 不屬於資料表 RelativesInCompany。

2020-08-08 14:46:22::資料行 'Relationship' 不屬於資料表 RelativesInCompany。

2020-08-08 14:46:22::資料行 'Relationship' 不屬於資料表 RelativesInCompany。

2020-08-08 14:46:22::資料行 'Relationship' 不屬於資料表 RelativesInCompany。

2020-08-08 14:46:34::資料行 'Relationship' 不屬於資料表 RelativesInCompany。

2020-08-08 14:46:34::資料行 'Relationship' 不屬於資料表 RelativesInCompany。

2020-08-08 14:46:34::資料行 'Relationship' 不屬於資料表 RelativesInCompany。

2020-08-08 14:46:35::資料行 'Relationship' 不屬於資料表 RelativesInCompany。

2020-08-08 14:46:35::資料行 'Relationship' 不屬於資料表 RelativesInCompany。

2020-08-08 14:46:35::資料行 'Relationship' 不屬於資料表 RelativesInCompany。

2020-08-08 14:46:35::資料行 'Relationship' 不屬於資料表 RelativesInCompany。

2020-08-08 14:46:43::資料行 'Relationship' 不屬於資料表 RelativesInCompany。

2020-08-08 14:46:43::資料行 'Relationship' 不屬於資料表 RelativesInCompany。

2020-08-08 14:46:43::資料行 'Relationship' 不屬於資料表 RelativesInCompany。

2020-08-08 14:46:43::資料行 'Relationship' 不屬於資料表 RelativesInCompany。

2020-08-08 14:46:43::資料行 'Relationship' 不屬於資料表 RelativesInCompany。

2020-08-08 14:46:44::資料行 'Relationship' 不屬於資料表 RelativesInCompany。

2020-08-08 14:46:44::資料行 'Relationship' 不屬於資料表 RelativesInCompany。

2020-08-08 14:46:44::資料行 'Relationship' 不屬於資料表 RelativesInCompany。

2020-08-08 14:46:44::資料行 'Relationship' 不屬於資料表 RelativesInCompany。

2020-08-08 14:46:44::資料行 'Relationship' 不屬於資料表 RelativesInCompany。

2020-08-08 14:46:44::資料行 'Relationship' 不屬於資料表 RelativesInCompany。

2020-08-08 14:46:45::資料行 'Relationship' 不屬於資料表 RelativesInCompany。

2020-08-08 14:46:45::資料行 'Relationship' 不屬於資料表 RelativesInCompany。

2020-08-08 14:46:45::資料行 'Relationship' 不屬於資料表 RelativesInCompany。

2020-08-08 14:46:45::資料行 'Relationship' 不屬於資料表 RelativesInCompany。

2020-08-08 14:46:45::資料行 'Relationship' 不屬於資料表 RelativesInCompany。

2020-08-08 14:46:45::資料行 'Relationship' 不屬於資料表 RelativesInCompany。

2020-08-08 14:46:46::資料行 'Relationship' 不屬於資料表 RelativesInCompany。

2020-08-08 14:46:46::資料行 'Relationship' 不屬於資料表 RelativesInCompany。

2020-08-08 14:46:46::資料行 'Relationship' 不屬於資料表 RelativesInCompany。

2020-08-08 14:46:46::資料行 'Relationship' 不屬於資料表 RelativesInCompany。

2020-08-08 14:46:47::資料行 'Relationship' 不屬於資料表 RelativesInCompany。

2020-08-08 14:46:47::資料行 'Relationship' 不屬於資料表 RelativesInCompany。

2020-08-08 14:46:47::資料行 'Relationship' 不屬於資料表 RelativesInCompany。

2020-08-08 14:46:47::資料行 'Relationship' 不屬於資料表 RelativesInCompany。

2020-08-08 14:46:48::資料行 'Relationship' 不屬於資料表 RelativesInCompany。

2020-08-08 14:46:48::資料行 'Relationship' 不屬於資料表 RelativesInCompany。

2020-08-08 14:46:48::資料行 'Relationship' 不屬於資料表 RelativesInCompany。

2020-08-08 14:46:48::並未將物件參考設定為物件的執行個體。

2020-08-08 14:46:48::已經開啟一個與這個 Command 相關的 DataReader，必須先將它關閉。

2020-08-08 14:46:48::並未將物件參考設定為物件的執行個體。

2020-08-08 14:48:56::資料行 'Relationship' 不屬於資料表 RelativesInCompany。

2020-08-08 14:48:58::資料行 'Relationship' 不屬於資料表 RelativesInCompany。

2020-08-08 14:48:58::資料行 'Relationship' 不屬於資料表 RelativesInCompany。

2020-08-08 14:48:58::資料行 'Relationship' 不屬於資料表 RelativesInCompany。

2020-08-08 14:49:00::資料行 'Relationship' 不屬於資料表 RelativesInCompany。

2020-08-08 14:49:01::資料行 'Relationship' 不屬於資料表 RelativesInCompany。

2020-08-08 14:49:01::資料行 'Relationship' 不屬於資料表 RelativesInCompany。

2020-08-08 14:49:01::資料行 'Relationship' 不屬於資料表 RelativesInCompany。

2020-08-08 14:49:01::資料行 'Relationship' 不屬於資料表 RelativesInCompany。

2020-08-08 14:49:01::資料行 'Relationship' 不屬於資料表 RelativesInCompany。

2020-08-08 14:49:01::資料行 'Relationship' 不屬於資料表 RelativesInCompany。

2020-08-08 14:49:10::資料行 'Relationship' 不屬於資料表 RelativesInCompany。

2020-08-08 14:49:11::資料行 'Relationship' 不屬於資料表 RelativesInCompany。

2020-08-08 14:49:11::資料行 'Relationship' 不屬於資料表 RelativesInCompany。

2020-08-08 14:49:11::資料行 'Relationship' 不屬於資料表 RelativesInCompany。

2020-08-08 14:50:12::資料行 'Relationship' 不屬於資料表 RelativesInCompany。

2020-08-08 14:50:13::資料行 'Relationship' 不屬於資料表 RelativesInCompany。

2020-08-08 14:50:14::資料行 'Relationship' 不屬於資料表 RelativesInCompany。

2020-08-08 14:50:15::資料行 'Relationship' 不屬於資料表 RelativesInCompany。

2020-08-08 14:50:15::資料行 'Relationship' 不屬於資料表 RelativesInCompany。

2020-08-08 14:50:15::資料行 'Relationship' 不屬於資料表 RelativesInCompany。

2020-08-08 14:50:15::資料行 'Relationship' 不屬於資料表 RelativesInCompany。

2020-08-08 14:50:16::資料行 'Relationship' 不屬於資料表 RelativesInCompany。

2020-08-08 14:50:31::資料行 'Relationship' 不屬於資料表 RelativesInCompany。

2020-08-08 14:50:32::資料行 'Relationship' 不屬於資料表 RelativesInCompany。

2020-08-08 14:50:35::資料行 'Relationship' 不屬於資料表 RelativesInCompany。

2020-08-08 14:50:35::資料行 'Relationship' 不屬於資料表 RelativesInCompany。

2020-08-08 14:50:36::資料行 'Relationship' 不屬於資料表 RelativesInCompany。

2020-08-08 14:50:36::資料行 'Relationship' 不屬於資料表 RelativesInCompany。

2020-08-08 14:50:39::資料行 'Relationship' 不屬於資料表 RelativesInCompany。

2020-08-08 14:50:40::資料行 'Relationship' 不屬於資料表 RelativesInCompany。

2020-08-08 14:51:02::資料行 'Relationship' 不屬於資料表 RelativesInCompany。

2020-08-08 14:51:07::資料行 'Relationship' 不屬於資料表 RelativesInCompany。

2020-08-08 14:51:08::資料行 'Relationship' 不屬於資料表 RelativesInCompany。

2020-08-08 14:51:09::資料行 'Relationship' 不屬於資料表 RelativesInCompany。

2020-08-08 14:51:10::已經開啟一個與這個 Command 相關的 DataReader，必須先將它關閉。

2020-08-08 14:51:10::並未將物件參考設定為物件的執行個體。

2020-08-08 14:51:10::並未將物件參考設定為物件的執行個體。

2020-08-08 14:51:10::資料行 'Relationship' 不屬於資料表 RelativesInCompany。

2020-08-08 14:51:10::資料行 'Relationship' 不屬於資料表 RelativesInCompany。

2020-08-08 14:51:10::資料行 'Relationship' 不屬於資料表 RelativesInCompany。

2020-08-08 14:51:10::資料行 'Relationship' 不屬於資料表 RelativesInCompany。

2020-08-08 14:51:11::資料行 'Relationship' 不屬於資料表 RelativesInCompany。

2020-08-08 14:51:23::資料行 'Relationship' 不屬於資料表 RelativesInCompany。

2020-08-08 14:51:32::資料行 'Relationship' 不屬於資料表 RelativesInCompany。

2020-08-08 14:51:33::資料行 'Relationship' 不屬於資料表 RelativesInCompany。

2020-08-08 14:51:34::資料行 'Relationship' 不屬於資料表 RelativesInCompany。

2020-08-08 14:51:34::資料行 'Relationship' 不屬於資料表 RelativesInCompany。

2020-08-08 14:51:34::資料行 'Relationship' 不屬於資料表 RelativesInCompany。

2020-08-08 14:51:34::資料行 'Relationship' 不屬於資料表 RelativesInCompany。

2020-08-08 14:51:36::資料行 'Relationship' 不屬於資料表 RelativesInCompany。

2020-08-08 14:51:40::資料行 'Relationship' 不屬於資料表 RelativesInCompany。

2020-08-08 14:51:42::資料行 'Relationship' 不屬於資料表 RelativesInCompany。

2020-08-08 14:51:42::資料行 'Relationship' 不屬於資料表 RelativesInCompany。

2020-08-08 14:51:44::資料行 'Relationship' 不屬於資料表 RelativesInCompany。

2020-08-08 14:51:45::資料行 'Relationship' 不屬於資料表 RelativesInCompany。

2020-08-08 14:51:45::資料行 'Relationship' 不屬於資料表 RelativesInCompany。

2020-08-08 14:51:46::資料行 'Relationship' 不屬於資料表 RelativesInCompany。

2020-08-08 14:51:46::資料行 'Relationship' 不屬於資料表 RelativesInCompany。

2020-08-08 14:51:47::資料行 'Relationship' 不屬於資料表 RelativesInCompany。

2020-08-08 14:51:47::資料行 'Relationship' 不屬於資料表 RelativesInCompany。

2020-08-08 14:51:47::資料行 'Relationship' 不屬於資料表 RelativesInCompany。

2020-08-08 14:51:48::資料行 'Relationship' 不屬於資料表 RelativesInCompany。

2020-08-08 14:51:48::資料行 'Relationship' 不屬於資料表 RelativesInCompany。

2020-08-08 14:51:48::資料行 'Relationship' 不屬於資料表 RelativesInCompany。

2020-08-08 14:51:48::資料行 'Relationship' 不屬於資料表 RelativesInCompany。

2020-08-08 14:51:48::資料行 'Relationship' 不屬於資料表 RelativesInCompany。

2020-08-08 14:51:48::資料行 'Relationship' 不屬於資料表 RelativesInCompany。

2020-08-08 14:53:00::資料行 'Relationship' 不屬於資料表 RelativesInCompany。

2020-08-08 14:53:08::資料行 'Relationship' 不屬於資料表 RelativesInCompany。

2020-08-08 14:53:10::資料行 'Relationship' 不屬於資料表 RelativesInCompany。

2020-08-08 14:53:15::資料行 'Relationship' 不屬於資料表 RelativesInCompany。

2020-08-08 14:53:28::資料行 'Relationship' 不屬於資料表 RelativesInCompany。

2020-08-08 14:53:29::資料行 'Relationship' 不屬於資料表 RelativesInCompany。

2020-08-08 14:53:29::資料行 'Relationship' 不屬於資料表 RelativesInCompany。

2020-08-08 14:53:29::資料行 'Relationship' 不屬於資料表 RelativesInCompany。

2020-08-08 14:53:29::資料行 'Relationship' 不屬於資料表 RelativesInCompany。

2020-08-08 14:53:29::資料行 'Relationship' 不屬於資料表 RelativesInCompany。

2020-08-08 14:53:30::資料行 'Relationship' 不屬於資料表 RelativesInCompany。

2020-08-08 14:54:15::資料行 'Relationship' 不屬於資料表 RelativesInCompany。

2020-08-08 14:54:16::資料行 'Relationship' 不屬於資料表 RelativesInCompany。

2020-08-08 14:54:16::資料行 'Relationship' 不屬於資料表 RelativesInCompany。

2020-08-08 14:54:16::資料行 'Relationship' 不屬於資料表 RelativesInCompany。

2020-08-08 14:54:16::資料行 'Relationship' 不屬於資料表 RelativesInCompany。

2020-08-08 14:54:21::資料行 'Relationship' 不屬於資料表 RelativesInCompany。

2020-08-08 14:54:22::資料行 'Relationship' 不屬於資料表 RelativesInCompany。

2020-08-08 14:54:22::資料行 'Relationship' 不屬於資料表 RelativesInCompany。

2020-08-08 14:54:22::資料行 'Relationship' 不屬於資料表 RelativesInCompany。

2020-08-08 14:54:22::資料行 'Relationship' 不屬於資料表 RelativesInCompany。

2020-08-08 14:54:22::資料行 'Relationship' 不屬於資料表 RelativesInCompany。

2020-08-08 14:54:23::資料行 'Relationship' 不屬於資料表 RelativesInCompany。

2020-08-08 14:54:23::資料行 'Relationship' 不屬於資料表 RelativesInCompany。

2020-08-08 14:54:24::資料行 'Relationship' 不屬於資料表 RelativesInCompany。

2020-08-08 14:54:24::資料行 'Relationship' 不屬於資料表 RelativesInCompany。

2020-08-08 14:54:24::資料行 'Relationship' 不屬於資料表 RelativesInCompany。

2020-08-08 14:54:26::資料行 'Relationship' 不屬於資料表 RelativesInCompany。

2020-08-08 14:54:26::資料行 'Relationship' 不屬於資料表 RelativesInCompany。

2020-08-08 14:54:27::資料行 'Relationship' 不屬於資料表 RelativesInCompany。

2020-08-08 14:54:27::資料行 'Relationship' 不屬於資料表 RelativesInCompany。

2020-08-08 14:54:27::資料行 'Relationship' 不屬於資料表 RelativesInCompany。

2020-08-08 14:54:27::資料行 'Relationship' 不屬於資料表 RelativesInCompany。

2020-08-08 14:54:27::資料行 'Relationship' 不屬於資料表 RelativesInCompany。

2020-08-08 14:54:27::資料行 'Relationship' 不屬於資料表 RelativesInCompany。

2020-08-08 14:54:28::資料行 'Relationship' 不屬於資料表 RelativesInCompany。

2020-08-08 14:54:28::資料行 'Relationship' 不屬於資料表 RelativesInCompany。

2020-08-08 14:54:28::資料行 'Relationship' 不屬於資料表 RelativesInCompany。

2020-08-08 14:54:28::資料行 'Relationship' 不屬於資料表 RelativesInCompany。

2020-08-08 14:54:28::資料行 'Relationship' 不屬於資料表 RelativesInCompany。

2020-08-08 14:54:28::資料行 'Relationship' 不屬於資料表 RelativesInCompany。

2020-08-08 14:54:29::資料行 'Relationship' 不屬於資料表 RelativesInCompany。

2020-08-08 14:54:29::資料行 'Relationship' 不屬於資料表 RelativesInCompany。

2020-08-08 14:54:29::資料行 'Relationship' 不屬於資料表 RelativesInCompany。

2020-08-08 14:54:29::資料行 'Relationship' 不屬於資料表 RelativesInCompany。

2020-08-08 14:54:29::資料行 'Relationship' 不屬於資料表 RelativesInCompany。

2020-08-08 14:54:29::資料行 'Relationship' 不屬於資料表 RelativesInCompany。

2020-08-08 14:54:30::資料行 'Relationship' 不屬於資料表 RelativesInCompany。

2020-08-08 14:54:38::資料行 'Relationship' 不屬於資料表 RelativesInCompany。

2020-08-08 14:54:39::資料行 'Relationship' 不屬於資料表 RelativesInCompany。

2020-08-08 14:54:44::資料行 'Relationship' 不屬於資料表 RelativesInCompany。

2020-08-08 14:54:45::資料行 'Relationship' 不屬於資料表 RelativesInCompany。

2020-08-08 14:54:45::資料行 'Relationship' 不屬於資料表 RelativesInCompany。

2020-08-08 14:54:45::資料行 'Relationship' 不屬於資料表 RelativesInCompany。

2020-08-08 14:54:46::資料行 'Relationship' 不屬於資料表 RelativesInCompany。

2020-08-08 14:54:46::資料行 'Relationship' 不屬於資料表 RelativesInCompany。

2020-08-08 14:54:46::資料行 'Relationship' 不屬於資料表 RelativesInCompany。

2020-08-08 14:54:46::資料行 'Relationship' 不屬於資料表 RelativesInCompany。

2020-08-08 14:54:46::資料行 'Relationship' 不屬於資料表 RelativesInCompany。

2020-08-08 14:54:47::資料行 'Relationship' 不屬於資料表 RelativesInCompany。

2020-08-08 14:54:49::資料行 'Relationship' 不屬於資料表 RelativesInCompany。

2020-08-08 14:54:49::資料行 'Relationship' 不屬於資料表 RelativesInCompany。

2020-08-08 14:54:50::資料行 'Relationship' 不屬於資料表 RelativesInCompany。

2020-08-08 14:54:51::資料行 'Relationship' 不屬於資料表 RelativesInCompany。

2020-08-08 14:54:51::資料行 'Relationship' 不屬於資料表 RelativesInCompany。

2020-08-08 15:46:16::資料行 'Relationship' 不屬於資料表 RelativesInCompany。

2020-08-08 19:31:51::ExecuteReader 必須有開啟與可用的 Connection。連接目前的狀態為連接中。

2020-08-08 19:31:51::並未將物件參考設定為物件的執行個體。

