2020-11-14 08:13:38::ExecuteReader 必須有開啟與可用的 Connection。連接目前的狀態為連接中。

2020-11-14 08:13:38::並未將物件參考設定為物件的執行個體。

2020-11-14 09:31:11::並未將物件參考設定為物件的執行個體。

2020-11-14 09:31:11::並未將物件參考設定為物件的執行個體。

2020-11-14 14:55:11::輸入字串格式不正確。無法在 Relationship 資料行中儲存 <>。需要的型別是 Int32。

2020-11-14 14:55:13::輸入字串格式不正確。無法在 Relationship 資料行中儲存 <>。需要的型別是 Int32。

2020-11-14 14:55:21::輸入字串格式不正確。無法在 Relationship 資料行中儲存 <>。需要的型別是 Int32。

2020-11-14 14:55:23::輸入字串格式不正確。無法在 Relationship 資料行中儲存 <>。需要的型別是 Int32。

2020-11-14 14:55:24::輸入字串格式不正確。無法在 Relationship 資料行中儲存 <>。需要的型別是 Int32。

2020-11-14 14:55:24::輸入字串格式不正確。無法在 Relationship 資料行中儲存 <>。需要的型別是 Int32。

2020-11-14 14:55:25::輸入字串格式不正確。無法在 Relationship 資料行中儲存 <>。需要的型別是 Int32。

2020-11-14 14:55:28::輸入字串格式不正確。無法在 Relationship 資料行中儲存 <>。需要的型別是 Int32。

2020-11-14 14:55:29::輸入字串格式不正確。無法在 Relationship 資料行中儲存 <>。需要的型別是 Int32。

2020-11-14 14:55:30::輸入字串格式不正確。無法在 Relationship 資料行中儲存 <>。需要的型別是 Int32。

2020-11-14 14:55:30::輸入字串格式不正確。無法在 Relationship 資料行中儲存 <>。需要的型別是 Int32。

2020-11-14 14:55:30::輸入字串格式不正確。無法在 Relationship 資料行中儲存 <>。需要的型別是 Int32。

2020-11-14 14:55:30::輸入字串格式不正確。無法在 Relationship 資料行中儲存 <>。需要的型別是 Int32。

2020-11-14 14:55:30::輸入字串格式不正確。無法在 Relationship 資料行中儲存 <>。需要的型別是 Int32。

2020-11-14 14:55:31::輸入字串格式不正確。無法在 Relationship 資料行中儲存 <>。需要的型別是 Int32。

2020-11-14 14:55:31::輸入字串格式不正確。無法在 Relationship 資料行中儲存 <>。需要的型別是 Int32。

2020-11-14 14:55:35::輸入字串格式不正確。無法在 Relationship 資料行中儲存 <>。需要的型別是 Int32。

2020-11-14 14:55:35::輸入字串格式不正確。無法在 Relationship 資料行中儲存 <>。需要的型別是 Int32。

2020-11-14 14:55:35::輸入字串格式不正確。無法在 Relationship 資料行中儲存 <>。需要的型別是 Int32。

2020-11-14 14:55:36::輸入字串格式不正確。無法在 Relationship 資料行中儲存 <>。需要的型別是 Int32。

2020-11-14 14:55:36::輸入字串格式不正確。無法在 Relationship 資料行中儲存 <>。需要的型別是 Int32。

2020-11-14 14:55:36::輸入字串格式不正確。無法在 Relationship 資料行中儲存 <>。需要的型別是 Int32。

2020-11-14 14:55:36::輸入字串格式不正確。無法在 Relationship 資料行中儲存 <>。需要的型別是 Int32。

2020-11-14 14:55:36::輸入字串格式不正確。無法在 Relationship 資料行中儲存 <>。需要的型別是 Int32。

2020-11-14 14:55:37::輸入字串格式不正確。無法在 Relationship 資料行中儲存 <>。需要的型別是 Int32。

2020-11-14 14:55:37::輸入字串格式不正確。無法在 Relationship 資料行中儲存 <>。需要的型別是 Int32。

2020-11-14 14:55:37::輸入字串格式不正確。無法在 Relationship 資料行中儲存 <>。需要的型別是 Int32。

2020-11-14 14:55:50::輸入字串格式不正確。無法在 Relationship 資料行中儲存 <>。需要的型別是 Int32。

2020-11-14 14:55:50::輸入字串格式不正確。無法在 Relationship 資料行中儲存 <>。需要的型別是 Int32。

2020-11-14 14:55:50::輸入字串格式不正確。無法在 Relationship 資料行中儲存 <>。需要的型別是 Int32。

2020-11-14 14:55:50::輸入字串格式不正確。無法在 Relationship 資料行中儲存 <>。需要的型別是 Int32。

2020-11-14 14:55:51::輸入字串格式不正確。無法在 Relationship 資料行中儲存 <>。需要的型別是 Int32。

2020-11-14 14:55:51::輸入字串格式不正確。無法在 Relationship 資料行中儲存 <>。需要的型別是 Int32。

2020-11-14 14:55:51::輸入字串格式不正確。無法在 Relationship 資料行中儲存 <>。需要的型別是 Int32。

2020-11-14 14:55:51::輸入字串格式不正確。無法在 Relationship 資料行中儲存 <>。需要的型別是 Int32。

2020-11-14 14:55:51::輸入字串格式不正確。無法在 Relationship 資料行中儲存 <>。需要的型別是 Int32。

2020-11-14 14:55:57::輸入字串格式不正確。無法在 Relationship 資料行中儲存 <>。需要的型別是 Int32。

2020-11-14 14:55:57::輸入字串格式不正確。無法在 Relationship 資料行中儲存 <>。需要的型別是 Int32。

2020-11-14 14:55:58::輸入字串格式不正確。無法在 Relationship 資料行中儲存 <>。需要的型別是 Int32。

2020-11-14 14:55:58::輸入字串格式不正確。無法在 Relationship 資料行中儲存 <>。需要的型別是 Int32。

2020-11-14 14:55:58::輸入字串格式不正確。無法在 Relationship 資料行中儲存 <>。需要的型別是 Int32。

2020-11-14 14:56:04::輸入字串格式不正確。無法在 Relationship 資料行中儲存 <>。需要的型別是 Int32。

2020-11-14 14:56:06::輸入字串格式不正確。無法在 Relationship 資料行中儲存 <>。需要的型別是 Int32。

2020-11-14 14:56:06::輸入字串格式不正確。無法在 Relationship 資料行中儲存 <>。需要的型別是 Int32。

2020-11-14 14:56:07::輸入字串格式不正確。無法在 Relationship 資料行中儲存 <>。需要的型別是 Int32。

2020-11-14 14:56:07::輸入字串格式不正確。無法在 Relationship 資料行中儲存 <>。需要的型別是 Int32。

2020-11-14 14:56:07::輸入字串格式不正確。無法在 Relationship 資料行中儲存 <>。需要的型別是 Int32。

2020-11-14 14:56:07::輸入字串格式不正確。無法在 Relationship 資料行中儲存 <>。需要的型別是 Int32。

2020-11-14 14:56:08::輸入字串格式不正確。無法在 Relationship 資料行中儲存 <>。需要的型別是 Int32。

2020-11-14 14:56:08::輸入字串格式不正確。無法在 Relationship 資料行中儲存 <>。需要的型別是 Int32。

2020-11-14 14:56:08::輸入字串格式不正確。無法在 Relationship 資料行中儲存 <>。需要的型別是 Int32。

2020-11-14 14:56:08::輸入字串格式不正確。無法在 Relationship 資料行中儲存 <>。需要的型別是 Int32。

2020-11-14 14:56:08::輸入字串格式不正確。無法在 Relationship 資料行中儲存 <>。需要的型別是 Int32。

2020-11-14 14:56:08::輸入字串格式不正確。無法在 Relationship 資料行中儲存 <>。需要的型別是 Int32。

2020-11-14 14:56:09::輸入字串格式不正確。無法在 Relationship 資料行中儲存 <>。需要的型別是 Int32。

2020-11-14 14:56:09::輸入字串格式不正確。無法在 Relationship 資料行中儲存 <>。需要的型別是 Int32。

2020-11-14 14:56:09::輸入字串格式不正確。無法在 Relationship 資料行中儲存 <>。需要的型別是 Int32。

2020-11-14 14:56:09::輸入字串格式不正確。無法在 Relationship 資料行中儲存 <>。需要的型別是 Int32。

2020-11-14 14:56:09::輸入字串格式不正確。無法在 Relationship 資料行中儲存 <>。需要的型別是 Int32。

2020-11-14 14:56:10::輸入字串格式不正確。無法在 Relationship 資料行中儲存 <>。需要的型別是 Int32。

2020-11-14 14:56:10::輸入字串格式不正確。無法在 Relationship 資料行中儲存 <>。需要的型別是 Int32。

2020-11-14 14:56:10::輸入字串格式不正確。無法在 Relationship 資料行中儲存 <>。需要的型別是 Int32。

2020-11-14 14:56:10::輸入字串格式不正確。無法在 Relationship 資料行中儲存 <>。需要的型別是 Int32。

2020-11-14 14:56:10::輸入字串格式不正確。無法在 Relationship 資料行中儲存 <>。需要的型別是 Int32。

2020-11-14 14:56:10::輸入字串格式不正確。無法在 Relationship 資料行中儲存 <>。需要的型別是 Int32。

2020-11-14 14:56:11::輸入字串格式不正確。無法在 Relationship 資料行中儲存 <>。需要的型別是 Int32。

2020-11-14 14:56:11::輸入字串格式不正確。無法在 Relationship 資料行中儲存 <>。需要的型別是 Int32。

2020-11-14 14:56:11::輸入字串格式不正確。無法在 Relationship 資料行中儲存 <>。需要的型別是 Int32。

2020-11-14 14:56:11::輸入字串格式不正確。無法在 Relationship 資料行中儲存 <>。需要的型別是 Int32。

2020-11-14 14:56:11::輸入字串格式不正確。無法在 Relationship 資料行中儲存 <>。需要的型別是 Int32。

2020-11-14 14:56:12::輸入字串格式不正確。無法在 Relationship 資料行中儲存 <>。需要的型別是 Int32。

2020-11-14 14:56:12::輸入字串格式不正確。無法在 Relationship 資料行中儲存 <>。需要的型別是 Int32。

2020-11-14 14:56:12::輸入字串格式不正確。無法在 Relationship 資料行中儲存 <>。需要的型別是 Int32。

2020-11-14 14:56:12::輸入字串格式不正確。無法在 Relationship 資料行中儲存 <>。需要的型別是 Int32。

2020-11-14 14:56:12::輸入字串格式不正確。無法在 Relationship 資料行中儲存 <>。需要的型別是 Int32。

2020-11-14 14:56:13::輸入字串格式不正確。無法在 Relationship 資料行中儲存 <>。需要的型別是 Int32。

2020-11-14 14:56:14::ExecuteReader 必須有開啟與可用的 Connection。連接目前的狀態為開啟。

2020-11-14 14:56:14::並未將物件參考設定為物件的執行個體。

2020-11-14 14:56:40::ExecuteReader 必須有開啟與可用的 Connection。連接目前的狀態為開啟。

2020-11-14 14:56:40::並未將物件參考設定為物件的執行個體。

2020-11-14 14:56:40::ExecuteReader 必須有開啟與可用的 Connection。連接目前的狀態為開啟。

2020-11-14 14:56:40::並未將物件參考設定為物件的執行個體。

2020-11-14 14:56:41::ExecuteReader 必須有開啟與可用的 Connection。連接目前的狀態為開啟。

2020-11-14 14:56:41::並未將物件參考設定為物件的執行個體。

2020-11-14 14:56:41::ExecuteReader 必須有開啟與可用的 Connection。連接目前的狀態為開啟。

2020-11-14 14:56:41::並未將物件參考設定為物件的執行個體。

2020-11-14 14:56:41::ExecuteReader 必須有開啟與可用的 Connection。連接目前的狀態為開啟。

2020-11-14 14:56:41::並未將物件參考設定為物件的執行個體。

2020-11-14 14:56:41::ExecuteReader 必須有開啟與可用的 Connection。連接目前的狀態為開啟。

2020-11-14 14:56:41::並未將物件參考設定為物件的執行個體。

2020-11-14 14:56:41::ExecuteReader 必須有開啟與可用的 Connection。連接目前的狀態為開啟。

2020-11-14 14:56:41::並未將物件參考設定為物件的執行個體。

2020-11-14 14:56:42::ExecuteReader 必須有開啟與可用的 Connection。連接目前的狀態為開啟。

2020-11-14 14:56:42::並未將物件參考設定為物件的執行個體。

2020-11-14 14:56:43::並未將物件參考設定為物件的執行個體。

2020-11-14 14:56:43::並未將物件參考設定為物件的執行個體。

2020-11-14 14:58:34::輸入字串格式不正確。無法在 Relationship 資料行中儲存 <>。需要的型別是 Int32。

2020-11-14 14:58:36::輸入字串格式不正確。無法在 Relationship 資料行中儲存 <>。需要的型別是 Int32。

2020-11-14 14:58:36::輸入字串格式不正確。無法在 Relationship 資料行中儲存 <>。需要的型別是 Int32。

2020-11-14 14:58:37::輸入字串格式不正確。無法在 Relationship 資料行中儲存 <>。需要的型別是 Int32。

2020-11-14 14:58:37::輸入字串格式不正確。無法在 Relationship 資料行中儲存 <>。需要的型別是 Int32。

2020-11-14 14:58:37::輸入字串格式不正確。無法在 Relationship 資料行中儲存 <>。需要的型別是 Int32。

2020-11-14 14:58:37::輸入字串格式不正確。無法在 Relationship 資料行中儲存 <>。需要的型別是 Int32。

2020-11-14 14:58:38::輸入字串格式不正確。無法在 Relationship 資料行中儲存 <>。需要的型別是 Int32。

2020-11-14 14:58:38::輸入字串格式不正確。無法在 Relationship 資料行中儲存 <>。需要的型別是 Int32。

2020-11-14 14:58:38::輸入字串格式不正確。無法在 Relationship 資料行中儲存 <>。需要的型別是 Int32。

2020-11-14 14:58:38::輸入字串格式不正確。無法在 Relationship 資料行中儲存 <>。需要的型別是 Int32。

2020-11-14 14:58:38::輸入字串格式不正確。無法在 Relationship 資料行中儲存 <>。需要的型別是 Int32。

2020-11-14 14:58:38::輸入字串格式不正確。無法在 Relationship 資料行中儲存 <>。需要的型別是 Int32。

2020-11-14 14:58:39::輸入字串格式不正確。無法在 Relationship 資料行中儲存 <>。需要的型別是 Int32。

2020-11-14 14:58:39::輸入字串格式不正確。無法在 Relationship 資料行中儲存 <>。需要的型別是 Int32。

2020-11-14 14:58:39::輸入字串格式不正確。無法在 Relationship 資料行中儲存 <>。需要的型別是 Int32。

2020-11-14 14:58:39::輸入字串格式不正確。無法在 Relationship 資料行中儲存 <>。需要的型別是 Int32。

2020-11-14 14:58:39::輸入字串格式不正確。無法在 Relationship 資料行中儲存 <>。需要的型別是 Int32。

2020-11-14 14:58:40::輸入字串格式不正確。無法在 Relationship 資料行中儲存 <>。需要的型別是 Int32。

2020-11-14 14:58:40::輸入字串格式不正確。無法在 Relationship 資料行中儲存 <>。需要的型別是 Int32。

2020-11-14 14:58:42::輸入字串格式不正確。無法在 Relationship 資料行中儲存 <>。需要的型別是 Int32。

2020-11-14 14:58:42::輸入字串格式不正確。無法在 Relationship 資料行中儲存 <>。需要的型別是 Int32。

2020-11-14 14:58:42::輸入字串格式不正確。無法在 Relationship 資料行中儲存 <>。需要的型別是 Int32。

2020-11-14 14:58:43::輸入字串格式不正確。無法在 Relationship 資料行中儲存 <>。需要的型別是 Int32。

2020-11-14 14:58:43::輸入字串格式不正確。無法在 Relationship 資料行中儲存 <>。需要的型別是 Int32。

2020-11-14 14:58:44::輸入字串格式不正確。無法在 Relationship 資料行中儲存 <>。需要的型別是 Int32。

2020-11-14 14:58:44::輸入字串格式不正確。無法在 Relationship 資料行中儲存 <>。需要的型別是 Int32。

2020-11-14 14:58:44::輸入字串格式不正確。無法在 Relationship 資料行中儲存 <>。需要的型別是 Int32。

2020-11-14 14:58:44::輸入字串格式不正確。無法在 Relationship 資料行中儲存 <>。需要的型別是 Int32。

2020-11-14 14:58:45::輸入字串格式不正確。無法在 Relationship 資料行中儲存 <>。需要的型別是 Int32。

2020-11-14 14:58:45::輸入字串格式不正確。無法在 Relationship 資料行中儲存 <>。需要的型別是 Int32。

2020-11-14 14:58:45::輸入字串格式不正確。無法在 Relationship 資料行中儲存 <>。需要的型別是 Int32。

2020-11-14 14:58:45::輸入字串格式不正確。無法在 Relationship 資料行中儲存 <>。需要的型別是 Int32。

2020-11-14 14:58:45::輸入字串格式不正確。無法在 Relationship 資料行中儲存 <>。需要的型別是 Int32。

2020-11-14 14:58:45::輸入字串格式不正確。無法在 Relationship 資料行中儲存 <>。需要的型別是 Int32。

2020-11-14 14:58:46::輸入字串格式不正確。無法在 Relationship 資料行中儲存 <>。需要的型別是 Int32。

2020-11-14 14:58:46::輸入字串格式不正確。無法在 Relationship 資料行中儲存 <>。需要的型別是 Int32。

2020-11-14 14:58:46::輸入字串格式不正確。無法在 Relationship 資料行中儲存 <>。需要的型別是 Int32。

2020-11-14 14:58:46::輸入字串格式不正確。無法在 Relationship 資料行中儲存 <>。需要的型別是 Int32。

2020-11-14 14:58:46::輸入字串格式不正確。無法在 Relationship 資料行中儲存 <>。需要的型別是 Int32。

2020-11-14 14:58:46::輸入字串格式不正確。無法在 Relationship 資料行中儲存 <>。需要的型別是 Int32。

2020-11-14 14:58:47::輸入字串格式不正確。無法在 Relationship 資料行中儲存 <>。需要的型別是 Int32。

2020-11-14 14:58:51::輸入字串格式不正確。無法在 Relationship 資料行中儲存 <>。需要的型別是 Int32。

2020-11-14 14:58:51::輸入字串格式不正確。無法在 Relationship 資料行中儲存 <>。需要的型別是 Int32。

2020-11-14 14:58:56::輸入字串格式不正確。無法在 Relationship 資料行中儲存 <>。需要的型別是 Int32。

2020-11-14 14:58:57::輸入字串格式不正確。無法在 Relationship 資料行中儲存 <>。需要的型別是 Int32。

2020-11-14 14:58:57::輸入字串格式不正確。無法在 Relationship 資料行中儲存 <>。需要的型別是 Int32。

2020-11-14 14:59:00::輸入字串格式不正確。無法在 Relationship 資料行中儲存 <>。需要的型別是 Int32。

2020-11-14 14:59:01::輸入字串格式不正確。無法在 Relationship 資料行中儲存 <>。需要的型別是 Int32。

2020-11-14 14:59:01::輸入字串格式不正確。無法在 Relationship 資料行中儲存 <>。需要的型別是 Int32。

2020-11-14 14:59:01::輸入字串格式不正確。無法在 Relationship 資料行中儲存 <>。需要的型別是 Int32。

2020-11-14 14:59:01::輸入字串格式不正確。無法在 Relationship 資料行中儲存 <>。需要的型別是 Int32。

2020-11-14 14:59:02::輸入字串格式不正確。無法在 Relationship 資料行中儲存 <>。需要的型別是 Int32。

2020-11-14 14:59:03::輸入字串格式不正確。無法在 Relationship 資料行中儲存 <>。需要的型別是 Int32。

2020-11-14 14:59:03::輸入字串格式不正確。無法在 Relationship 資料行中儲存 <>。需要的型別是 Int32。

2020-11-14 14:59:03::輸入字串格式不正確。無法在 Relationship 資料行中儲存 <>。需要的型別是 Int32。

2020-11-14 14:59:03::輸入字串格式不正確。無法在 Relationship 資料行中儲存 <>。需要的型別是 Int32。

2020-11-14 14:59:04::輸入字串格式不正確。無法在 Relationship 資料行中儲存 <>。需要的型別是 Int32。

2020-11-14 15:00:59::輸入字串格式不正確。無法在 Relationship 資料行中儲存 <>。需要的型別是 Int32。

2020-11-14 15:01:01::輸入字串格式不正確。無法在 Relationship 資料行中儲存 <>。需要的型別是 Int32。

2020-11-14 15:01:01::輸入字串格式不正確。無法在 Relationship 資料行中儲存 <>。需要的型別是 Int32。

2020-11-14 15:01:01::輸入字串格式不正確。無法在 Relationship 資料行中儲存 <>。需要的型別是 Int32。

2020-11-14 15:01:01::輸入字串格式不正確。無法在 Relationship 資料行中儲存 <>。需要的型別是 Int32。

2020-11-14 15:01:01::輸入字串格式不正確。無法在 Relationship 資料行中儲存 <>。需要的型別是 Int32。

2020-11-14 15:01:01::輸入字串格式不正確。無法在 Relationship 資料行中儲存 <>。需要的型別是 Int32。

2020-11-14 15:01:02::輸入字串格式不正確。無法在 Relationship 資料行中儲存 <>。需要的型別是 Int32。

2020-11-14 15:01:02::輸入字串格式不正確。無法在 Relationship 資料行中儲存 <>。需要的型別是 Int32。

2020-11-14 15:01:02::輸入字串格式不正確。無法在 Relationship 資料行中儲存 <>。需要的型別是 Int32。

2020-11-14 15:01:02::輸入字串格式不正確。無法在 Relationship 資料行中儲存 <>。需要的型別是 Int32。

2020-11-14 15:01:03::輸入字串格式不正確。無法在 Relationship 資料行中儲存 <>。需要的型別是 Int32。

2020-11-14 15:01:03::輸入字串格式不正確。無法在 Relationship 資料行中儲存 <>。需要的型別是 Int32。

2020-11-14 15:01:03::輸入字串格式不正確。無法在 Relationship 資料行中儲存 <>。需要的型別是 Int32。

2020-11-14 15:01:03::輸入字串格式不正確。無法在 Relationship 資料行中儲存 <>。需要的型別是 Int32。

2020-11-14 15:01:03::輸入字串格式不正確。無法在 Relationship 資料行中儲存 <>。需要的型別是 Int32。

2020-11-14 15:01:04::輸入字串格式不正確。無法在 Relationship 資料行中儲存 <>。需要的型別是 Int32。

2020-11-14 15:01:04::輸入字串格式不正確。無法在 Relationship 資料行中儲存 <>。需要的型別是 Int32。

2020-11-14 15:01:04::輸入字串格式不正確。無法在 Relationship 資料行中儲存 <>。需要的型別是 Int32。

2020-11-14 15:01:04::輸入字串格式不正確。無法在 Relationship 資料行中儲存 <>。需要的型別是 Int32。

2020-11-14 15:01:05::輸入字串格式不正確。無法在 Relationship 資料行中儲存 <>。需要的型別是 Int32。

2020-11-14 15:01:05::輸入字串格式不正確。無法在 Relationship 資料行中儲存 <>。需要的型別是 Int32。

2020-11-14 15:01:05::輸入字串格式不正確。無法在 Relationship 資料行中儲存 <>。需要的型別是 Int32。

2020-11-14 15:01:06::輸入字串格式不正確。無法在 Relationship 資料行中儲存 <>。需要的型別是 Int32。

2020-11-14 15:01:06::輸入字串格式不正確。無法在 Relationship 資料行中儲存 <>。需要的型別是 Int32。

2020-11-14 15:01:06::輸入字串格式不正確。無法在 Relationship 資料行中儲存 <>。需要的型別是 Int32。

2020-11-14 15:01:06::輸入字串格式不正確。無法在 Relationship 資料行中儲存 <>。需要的型別是 Int32。

2020-11-14 15:01:07::並未將物件參考設定為物件的執行個體。

2020-11-14 15:01:07::已經開啟一個與這個 Command 相關的 DataReader，必須先將它關閉。

2020-11-14 15:01:07::並未將物件參考設定為物件的執行個體。

2020-11-14 15:01:07::輸入字串格式不正確。無法在 Relationship 資料行中儲存 <>。需要的型別是 Int32。

2020-11-14 15:01:08::輸入字串格式不正確。無法在 Relationship 資料行中儲存 <>。需要的型別是 Int32。

2020-11-14 15:01:08::輸入字串格式不正確。無法在 Relationship 資料行中儲存 <>。需要的型別是 Int32。

2020-11-14 15:01:09::輸入字串格式不正確。無法在 Relationship 資料行中儲存 <>。需要的型別是 Int32。

2020-11-14 15:01:13::輸入字串格式不正確。無法在 Relationship 資料行中儲存 <>。需要的型別是 Int32。

2020-11-14 15:01:13::輸入字串格式不正確。無法在 Relationship 資料行中儲存 <>。需要的型別是 Int32。

2020-11-14 15:01:13::輸入字串格式不正確。無法在 Relationship 資料行中儲存 <>。需要的型別是 Int32。

2020-11-14 15:01:14::輸入字串格式不正確。無法在 Relationship 資料行中儲存 <>。需要的型別是 Int32。

2020-11-14 15:01:18::輸入字串格式不正確。無法在 Relationship 資料行中儲存 <>。需要的型別是 Int32。

2020-11-14 15:01:18::輸入字串格式不正確。無法在 Relationship 資料行中儲存 <>。需要的型別是 Int32。

2020-11-14 15:01:18::輸入字串格式不正確。無法在 Relationship 資料行中儲存 <>。需要的型別是 Int32。

2020-11-14 15:01:18::輸入字串格式不正確。無法在 Relationship 資料行中儲存 <>。需要的型別是 Int32。

2020-11-14 15:01:19::輸入字串格式不正確。無法在 Relationship 資料行中儲存 <>。需要的型別是 Int32。

2020-11-14 15:01:19::輸入字串格式不正確。無法在 Relationship 資料行中儲存 <>。需要的型別是 Int32。

2020-11-14 15:01:19::輸入字串格式不正確。無法在 Relationship 資料行中儲存 <>。需要的型別是 Int32。

2020-11-14 15:01:20::輸入字串格式不正確。無法在 Relationship 資料行中儲存 <>。需要的型別是 Int32。

2020-11-14 15:01:20::輸入字串格式不正確。無法在 Relationship 資料行中儲存 <>。需要的型別是 Int32。

2020-11-14 15:01:20::輸入字串格式不正確。無法在 Relationship 資料行中儲存 <>。需要的型別是 Int32。

2020-11-14 15:01:20::輸入字串格式不正確。無法在 Relationship 資料行中儲存 <>。需要的型別是 Int32。

2020-11-14 15:01:20::輸入字串格式不正確。無法在 Relationship 資料行中儲存 <>。需要的型別是 Int32。

2020-11-14 15:01:20::輸入字串格式不正確。無法在 Relationship 資料行中儲存 <>。需要的型別是 Int32。

2020-11-14 15:01:21::輸入字串格式不正確。無法在 Relationship 資料行中儲存 <>。需要的型別是 Int32。

2020-11-14 15:01:25::輸入字串格式不正確。無法在 Relationship 資料行中儲存 <>。需要的型別是 Int32。

2020-11-14 15:01:28::輸入字串格式不正確。無法在 Relationship 資料行中儲存 <>。需要的型別是 Int32。

2020-11-14 15:01:29::輸入字串格式不正確。無法在 Relationship 資料行中儲存 <>。需要的型別是 Int32。

2020-11-14 15:01:29::輸入字串格式不正確。無法在 Relationship 資料行中儲存 <>。需要的型別是 Int32。

2020-11-14 15:01:34::輸入字串格式不正確。無法在 Relationship 資料行中儲存 <>。需要的型別是 Int32。

2020-11-14 15:01:38::輸入字串格式不正確。無法在 Relationship 資料行中儲存 <>。需要的型別是 Int32。

2020-11-14 15:01:39::輸入字串格式不正確。無法在 Relationship 資料行中儲存 <>。需要的型別是 Int32。

2020-11-14 15:01:46::輸入字串格式不正確。無法在 Relationship 資料行中儲存 <>。需要的型別是 Int32。

2020-11-14 15:01:47::輸入字串格式不正確。無法在 Relationship 資料行中儲存 <>。需要的型別是 Int32。

2020-11-14 15:01:47::輸入字串格式不正確。無法在 Relationship 資料行中儲存 <>。需要的型別是 Int32。

2020-11-14 15:01:48::輸入字串格式不正確。無法在 Relationship 資料行中儲存 <>。需要的型別是 Int32。

2020-11-14 15:01:48::輸入字串格式不正確。無法在 Relationship 資料行中儲存 <>。需要的型別是 Int32。

2020-11-14 15:01:50::輸入字串格式不正確。無法在 Relationship 資料行中儲存 <>。需要的型別是 Int32。

2020-11-14 15:01:50::輸入字串格式不正確。無法在 Relationship 資料行中儲存 <>。需要的型別是 Int32。

2020-11-14 15:01:51::輸入字串格式不正確。無法在 Relationship 資料行中儲存 <>。需要的型別是 Int32。

2020-11-14 15:01:51::輸入字串格式不正確。無法在 Relationship 資料行中儲存 <>。需要的型別是 Int32。

2020-11-14 15:01:51::輸入字串格式不正確。無法在 Relationship 資料行中儲存 <>。需要的型別是 Int32。

2020-11-14 15:01:51::輸入字串格式不正確。無法在 Relationship 資料行中儲存 <>。需要的型別是 Int32。

2020-11-14 15:01:51::輸入字串格式不正確。無法在 Relationship 資料行中儲存 <>。需要的型別是 Int32。

2020-11-14 15:01:54::輸入字串格式不正確。無法在 Relationship 資料行中儲存 <>。需要的型別是 Int32。

2020-11-14 15:01:55::輸入字串格式不正確。無法在 Relationship 資料行中儲存 <>。需要的型別是 Int32。

2020-11-14 15:01:55::輸入字串格式不正確。無法在 Relationship 資料行中儲存 <>。需要的型別是 Int32。

2020-11-14 17:38:53::已經開啟一個與這個 Command 相關的 DataReader，必須先將它關閉。

2020-11-14 17:38:53::並未將物件參考設定為物件的執行個體。

2020-11-14 17:38:53::並未將物件參考設定為物件的執行個體。

2020-11-14 21:27:39::並未將物件參考設定為物件的執行個體。

2020-11-14 21:27:39::並未將物件參考設定為物件的執行個體。

2020-11-14 21:27:40::ExecuteReader 必須有開啟與可用的 Connection。連接目前的狀態為連接中。

2020-11-14 21:27:40::並未將物件參考設定為物件的執行個體。

