2020-11-18 10:19:33::並未將物件參考設定為物件的執行個體。

2020-11-18 10:19:33::作業無效。已經關閉連接。

2020-11-18 10:19:33::並未將物件參考設定為物件的執行個體。

2020-11-18 17:04:52::資料來源的型別 String 指定值無法轉換成指定目標資料行的型別 nvarchar。

2020-11-18 17:04:52::資料來源的型別 String 指定值無法轉換成指定目標資料行的型別 nvarchar。

2020-11-18 17:04:53::資料來源的型別 String 指定值無法轉換成指定目標資料行的型別 nvarchar。

2020-11-18 17:04:53::資料來源的型別 String 指定值無法轉換成指定目標資料行的型別 nvarchar。

2020-11-18 17:04:56::資料來源的型別 String 指定值無法轉換成指定目標資料行的型別 nvarchar。

2020-11-18 17:04:56::資料來源的型別 String 指定值無法轉換成指定目標資料行的型別 nvarchar。

2020-11-18 17:04:56::資料來源的型別 String 指定值無法轉換成指定目標資料行的型別 nvarchar。

2020-11-18 17:04:56::資料來源的型別 String 指定值無法轉換成指定目標資料行的型別 nvarchar。

2020-11-18 17:04:56::資料來源的型別 String 指定值無法轉換成指定目標資料行的型別 nvarchar。

2020-11-18 17:04:56::資料來源的型別 String 指定值無法轉換成指定目標資料行的型別 nvarchar。

2020-11-18 17:04:56::資料來源的型別 String 指定值無法轉換成指定目標資料行的型別 nvarchar。

2020-11-18 17:04:56::資料來源的型別 String 指定值無法轉換成指定目標資料行的型別 nvarchar。

2020-11-18 17:04:56::資料來源的型別 String 指定值無法轉換成指定目標資料行的型別 nvarchar。

2020-11-18 17:04:57::資料來源的型別 String 指定值無法轉換成指定目標資料行的型別 nvarchar。

2020-11-18 17:04:57::資料來源的型別 String 指定值無法轉換成指定目標資料行的型別 nvarchar。

2020-11-18 17:04:57::資料來源的型別 String 指定值無法轉換成指定目標資料行的型別 nvarchar。

2020-11-18 17:04:57::資料來源的型別 String 指定值無法轉換成指定目標資料行的型別 nvarchar。

2020-11-18 17:04:57::資料來源的型別 String 指定值無法轉換成指定目標資料行的型別 nvarchar。

2020-11-18 17:04:58::資料來源的型別 String 指定值無法轉換成指定目標資料行的型別 nvarchar。

2020-11-18 17:04:58::資料來源的型別 String 指定值無法轉換成指定目標資料行的型別 nvarchar。

2020-11-18 17:04:58::資料來源的型別 String 指定值無法轉換成指定目標資料行的型別 nvarchar。

2020-11-18 17:04:58::資料來源的型別 String 指定值無法轉換成指定目標資料行的型別 nvarchar。

2020-11-18 17:04:58::資料來源的型別 String 指定值無法轉換成指定目標資料行的型別 nvarchar。

2020-11-18 17:04:58::資料來源的型別 String 指定值無法轉換成指定目標資料行的型別 nvarchar。

2020-11-18 17:04:58::資料來源的型別 String 指定值無法轉換成指定目標資料行的型別 nvarchar。

2020-11-18 17:04:58::資料來源的型別 String 指定值無法轉換成指定目標資料行的型別 nvarchar。

2020-11-18 17:04:59::資料來源的型別 String 指定值無法轉換成指定目標資料行的型別 nvarchar。

2020-11-18 17:04:59::資料來源的型別 String 指定值無法轉換成指定目標資料行的型別 nvarchar。

2020-11-18 17:04:59::資料來源的型別 String 指定值無法轉換成指定目標資料行的型別 nvarchar。

2020-11-18 17:04:59::資料來源的型別 String 指定值無法轉換成指定目標資料行的型別 nvarchar。

2020-11-18 17:04:59::資料來源的型別 String 指定值無法轉換成指定目標資料行的型別 nvarchar。

2020-11-18 17:04:59::資料來源的型別 String 指定值無法轉換成指定目標資料行的型別 nvarchar。

2020-11-18 17:05:02::資料來源的型別 String 指定值無法轉換成指定目標資料行的型別 nvarchar。

2020-11-18 17:05:02::資料來源的型別 String 指定值無法轉換成指定目標資料行的型別 nvarchar。

2020-11-18 17:05:05::資料來源的型別 String 指定值無法轉換成指定目標資料行的型別 nvarchar。

2020-11-18 17:05:05::資料來源的型別 String 指定值無法轉換成指定目標資料行的型別 nvarchar。

2020-11-18 17:05:06::資料來源的型別 String 指定值無法轉換成指定目標資料行的型別 nvarchar。

2020-11-18 17:05:07::資料來源的型別 String 指定值無法轉換成指定目標資料行的型別 nvarchar。

2020-11-18 17:05:07::資料來源的型別 String 指定值無法轉換成指定目標資料行的型別 nvarchar。

2020-11-18 17:05:07::資料來源的型別 String 指定值無法轉換成指定目標資料行的型別 nvarchar。

2020-11-18 17:05:07::並未將物件參考設定為物件的執行個體。

2020-11-18 17:05:07::已經開啟一個與這個 Command 相關的 DataReader，必須先將它關閉。

2020-11-18 17:05:07::並未將物件參考設定為物件的執行個體。

2020-11-18 17:05:07::資料來源的型別 String 指定值無法轉換成指定目標資料行的型別 nvarchar。

2020-11-18 17:05:07::資料來源的型別 String 指定值無法轉換成指定目標資料行的型別 nvarchar。

2020-11-18 17:05:08::資料來源的型別 String 指定值無法轉換成指定目標資料行的型別 nvarchar。

2020-11-18 17:05:08::資料來源的型別 String 指定值無法轉換成指定目標資料行的型別 nvarchar。

2020-11-18 17:05:08::資料來源的型別 String 指定值無法轉換成指定目標資料行的型別 nvarchar。

2020-11-18 17:05:08::資料來源的型別 String 指定值無法轉換成指定目標資料行的型別 nvarchar。

2020-11-18 17:05:08::資料來源的型別 String 指定值無法轉換成指定目標資料行的型別 nvarchar。

2020-11-18 17:05:08::資料來源的型別 String 指定值無法轉換成指定目標資料行的型別 nvarchar。

2020-11-18 17:05:08::資料來源的型別 String 指定值無法轉換成指定目標資料行的型別 nvarchar。

2020-11-18 17:05:08::資料來源的型別 String 指定值無法轉換成指定目標資料行的型別 nvarchar。

2020-11-18 17:05:09::已經開啟一個與這個 Command 相關的 DataReader，必須先將它關閉。

2020-11-18 17:05:09::並未將物件參考設定為物件的執行個體。

2020-11-18 17:05:09::並未將物件參考設定為物件的執行個體。

2020-11-18 17:05:09::資料來源的型別 String 指定值無法轉換成指定目標資料行的型別 nvarchar。

2020-11-18 17:05:09::資料來源的型別 String 指定值無法轉換成指定目標資料行的型別 nvarchar。

2020-11-18 17:05:09::資料來源的型別 String 指定值無法轉換成指定目標資料行的型別 nvarchar。

2020-11-18 17:05:09::資料來源的型別 String 指定值無法轉換成指定目標資料行的型別 nvarchar。

2020-11-18 17:05:12::資料來源的型別 String 指定值無法轉換成指定目標資料行的型別 nvarchar。

2020-11-18 17:05:12::資料來源的型別 String 指定值無法轉換成指定目標資料行的型別 nvarchar。

2020-11-18 17:05:14::資料來源的型別 String 指定值無法轉換成指定目標資料行的型別 nvarchar。

2020-11-18 17:05:14::資料來源的型別 String 指定值無法轉換成指定目標資料行的型別 nvarchar。

2020-11-18 17:05:15::資料來源的型別 String 指定值無法轉換成指定目標資料行的型別 nvarchar。

2020-11-18 17:05:15::資料來源的型別 String 指定值無法轉換成指定目標資料行的型別 nvarchar。

2020-11-18 17:05:15::資料來源的型別 String 指定值無法轉換成指定目標資料行的型別 nvarchar。

2020-11-18 17:05:15::資料來源的型別 String 指定值無法轉換成指定目標資料行的型別 nvarchar。

2020-11-18 17:05:16::資料來源的型別 String 指定值無法轉換成指定目標資料行的型別 nvarchar。

2020-11-18 17:05:16::資料來源的型別 String 指定值無法轉換成指定目標資料行的型別 nvarchar。

2020-11-18 17:05:16::資料來源的型別 String 指定值無法轉換成指定目標資料行的型別 nvarchar。

2020-11-18 17:05:16::資料來源的型別 String 指定值無法轉換成指定目標資料行的型別 nvarchar。

2020-11-18 17:05:16::資料來源的型別 String 指定值無法轉換成指定目標資料行的型別 nvarchar。

2020-11-18 17:05:16::資料來源的型別 String 指定值無法轉換成指定目標資料行的型別 nvarchar。

2020-11-18 17:05:16::資料來源的型別 String 指定值無法轉換成指定目標資料行的型別 nvarchar。

2020-11-18 17:05:16::資料來源的型別 String 指定值無法轉換成指定目標資料行的型別 nvarchar。

2020-11-18 17:05:21::資料來源的型別 String 指定值無法轉換成指定目標資料行的型別 nvarchar。

2020-11-18 17:05:21::資料來源的型別 String 指定值無法轉換成指定目標資料行的型別 nvarchar。

2020-11-18 17:05:28::資料來源的型別 String 指定值無法轉換成指定目標資料行的型別 nvarchar。

2020-11-18 17:05:28::資料來源的型別 String 指定值無法轉換成指定目標資料行的型別 nvarchar。

2020-11-18 17:05:29::資料來源的型別 String 指定值無法轉換成指定目標資料行的型別 nvarchar。

2020-11-18 17:05:29::資料來源的型別 String 指定值無法轉換成指定目標資料行的型別 nvarchar。

2020-11-18 17:05:29::資料來源的型別 String 指定值無法轉換成指定目標資料行的型別 nvarchar。

2020-11-18 17:05:29::資料來源的型別 String 指定值無法轉換成指定目標資料行的型別 nvarchar。

2020-11-18 17:05:35::資料來源的型別 String 指定值無法轉換成指定目標資料行的型別 nvarchar。

2020-11-18 17:05:35::資料來源的型別 String 指定值無法轉換成指定目標資料行的型別 nvarchar。

2020-11-18 17:05:37::資料來源的型別 String 指定值無法轉換成指定目標資料行的型別 nvarchar。

2020-11-18 17:05:37::資料來源的型別 String 指定值無法轉換成指定目標資料行的型別 nvarchar。

2020-11-18 17:05:38::ExecuteReader 必須有開啟與可用的 Connection。連接目前的狀態為連接中。

2020-11-18 17:05:38::並未將物件參考設定為物件的執行個體。

2020-11-18 17:05:38::資料來源的型別 String 指定值無法轉換成指定目標資料行的型別 nvarchar。

2020-11-18 17:05:38::資料來源的型別 String 指定值無法轉換成指定目標資料行的型別 nvarchar。

2020-11-18 17:05:40::資料來源的型別 String 指定值無法轉換成指定目標資料行的型別 nvarchar。

2020-11-18 17:05:40::資料來源的型別 String 指定值無法轉換成指定目標資料行的型別 nvarchar。

2020-11-18 17:05:40::資料來源的型別 String 指定值無法轉換成指定目標資料行的型別 nvarchar。

2020-11-18 17:05:40::資料來源的型別 String 指定值無法轉換成指定目標資料行的型別 nvarchar。

2020-11-18 17:05:41::資料來源的型別 String 指定值無法轉換成指定目標資料行的型別 nvarchar。

2020-11-18 17:05:41::資料來源的型別 String 指定值無法轉換成指定目標資料行的型別 nvarchar。

2020-11-18 17:05:41::資料來源的型別 String 指定值無法轉換成指定目標資料行的型別 nvarchar。

2020-11-18 17:05:41::資料來源的型別 String 指定值無法轉換成指定目標資料行的型別 nvarchar。

2020-11-18 17:05:41::資料來源的型別 String 指定值無法轉換成指定目標資料行的型別 nvarchar。

2020-11-18 17:05:41::資料來源的型別 String 指定值無法轉換成指定目標資料行的型別 nvarchar。

2020-11-18 17:05:41::資料來源的型別 String 指定值無法轉換成指定目標資料行的型別 nvarchar。

2020-11-18 17:05:41::資料來源的型別 String 指定值無法轉換成指定目標資料行的型別 nvarchar。

2020-11-18 17:05:42::資料來源的型別 String 指定值無法轉換成指定目標資料行的型別 nvarchar。

2020-11-18 17:05:42::資料來源的型別 String 指定值無法轉換成指定目標資料行的型別 nvarchar。

2020-11-18 17:05:44::資料來源的型別 String 指定值無法轉換成指定目標資料行的型別 nvarchar。

2020-11-18 17:05:44::資料來源的型別 String 指定值無法轉換成指定目標資料行的型別 nvarchar。

2020-11-18 17:05:44::資料來源的型別 String 指定值無法轉換成指定目標資料行的型別 nvarchar。

2020-11-18 17:05:45::資料來源的型別 String 指定值無法轉換成指定目標資料行的型別 nvarchar。

2020-11-18 17:05:45::資料來源的型別 String 指定值無法轉換成指定目標資料行的型別 nvarchar。

2020-11-18 17:05:45::資料來源的型別 String 指定值無法轉換成指定目標資料行的型別 nvarchar。

2020-11-18 17:05:45::資料來源的型別 String 指定值無法轉換成指定目標資料行的型別 nvarchar。

2020-11-18 17:05:45::資料來源的型別 String 指定值無法轉換成指定目標資料行的型別 nvarchar。

2020-11-18 17:05:45::已經開啟一個與這個 Command 相關的 DataReader，必須先將它關閉。

2020-11-18 17:05:45::並未將物件參考設定為物件的執行個體。

2020-11-18 17:05:45::並未將物件參考設定為物件的執行個體。

2020-11-18 17:05:46::資料來源的型別 String 指定值無法轉換成指定目標資料行的型別 nvarchar。

2020-11-18 17:05:46::資料來源的型別 String 指定值無法轉換成指定目標資料行的型別 nvarchar。

2020-11-18 17:05:46::已經開啟一個與這個 Command 相關的 DataReader，必須先將它關閉。

2020-11-18 17:05:46::並未將物件參考設定為物件的執行個體。

2020-11-18 17:05:46::並未將物件參考設定為物件的執行個體。

2020-11-18 17:05:46::資料來源的型別 String 指定值無法轉換成指定目標資料行的型別 nvarchar。

2020-11-18 17:05:46::資料來源的型別 String 指定值無法轉換成指定目標資料行的型別 nvarchar。

2020-11-18 17:05:47::資料來源的型別 String 指定值無法轉換成指定目標資料行的型別 nvarchar。

2020-11-18 17:05:47::資料來源的型別 String 指定值無法轉換成指定目標資料行的型別 nvarchar。

2020-11-18 17:05:47::資料來源的型別 String 指定值無法轉換成指定目標資料行的型別 nvarchar。

2020-11-18 17:05:47::資料來源的型別 String 指定值無法轉換成指定目標資料行的型別 nvarchar。

2020-11-18 17:05:48::資料來源的型別 String 指定值無法轉換成指定目標資料行的型別 nvarchar。

2020-11-18 17:05:48::資料來源的型別 String 指定值無法轉換成指定目標資料行的型別 nvarchar。

2020-11-18 17:05:48::資料來源的型別 String 指定值無法轉換成指定目標資料行的型別 nvarchar。

2020-11-18 17:05:48::資料來源的型別 String 指定值無法轉換成指定目標資料行的型別 nvarchar。

2020-11-18 17:05:49::資料來源的型別 String 指定值無法轉換成指定目標資料行的型別 nvarchar。

2020-11-18 17:05:49::資料來源的型別 String 指定值無法轉換成指定目標資料行的型別 nvarchar。

2020-11-18 17:05:49::資料來源的型別 String 指定值無法轉換成指定目標資料行的型別 nvarchar。

2020-11-18 17:05:49::資料來源的型別 String 指定值無法轉換成指定目標資料行的型別 nvarchar。

2020-11-18 17:05:49::資料來源的型別 String 指定值無法轉換成指定目標資料行的型別 nvarchar。

2020-11-18 17:05:49::資料來源的型別 String 指定值無法轉換成指定目標資料行的型別 nvarchar。

2020-11-18 17:05:49::資料來源的型別 String 指定值無法轉換成指定目標資料行的型別 nvarchar。

2020-11-18 17:05:49::資料來源的型別 String 指定值無法轉換成指定目標資料行的型別 nvarchar。

2020-11-18 17:05:50::資料來源的型別 String 指定值無法轉換成指定目標資料行的型別 nvarchar。

2020-11-18 17:05:50::資料來源的型別 String 指定值無法轉換成指定目標資料行的型別 nvarchar。

2020-11-18 17:05:50::資料來源的型別 String 指定值無法轉換成指定目標資料行的型別 nvarchar。

2020-11-18 17:05:50::資料來源的型別 String 指定值無法轉換成指定目標資料行的型別 nvarchar。

2020-11-18 17:05:50::並未將物件參考設定為物件的執行個體。

2020-11-18 17:05:50::已經開啟一個與這個 Command 相關的 DataReader，必須先將它關閉。

2020-11-18 17:05:50::並未將物件參考設定為物件的執行個體。

2020-11-18 17:05:53::資料來源的型別 String 指定值無法轉換成指定目標資料行的型別 nvarchar。

2020-11-18 17:05:53::資料來源的型別 String 指定值無法轉換成指定目標資料行的型別 nvarchar。

2020-11-18 17:05:55::資料來源的型別 String 指定值無法轉換成指定目標資料行的型別 nvarchar。

2020-11-18 17:05:55::資料來源的型別 String 指定值無法轉換成指定目標資料行的型別 nvarchar。

2020-11-18 17:05:57::資料來源的型別 String 指定值無法轉換成指定目標資料行的型別 nvarchar。

2020-11-18 17:05:57::資料來源的型別 String 指定值無法轉換成指定目標資料行的型別 nvarchar。

2020-11-18 17:05:57::資料來源的型別 String 指定值無法轉換成指定目標資料行的型別 nvarchar。

2020-11-18 17:05:57::資料來源的型別 String 指定值無法轉換成指定目標資料行的型別 nvarchar。

2020-11-18 17:05:58::資料來源的型別 String 指定值無法轉換成指定目標資料行的型別 nvarchar。

2020-11-18 17:05:58::資料來源的型別 String 指定值無法轉換成指定目標資料行的型別 nvarchar。

2020-11-18 17:05:59::資料來源的型別 String 指定值無法轉換成指定目標資料行的型別 nvarchar。

2020-11-18 17:05:59::資料來源的型別 String 指定值無法轉換成指定目標資料行的型別 nvarchar。

2020-11-18 17:06:05::資料來源的型別 String 指定值無法轉換成指定目標資料行的型別 nvarchar。

2020-11-18 17:06:05::資料來源的型別 String 指定值無法轉換成指定目標資料行的型別 nvarchar。

2020-11-18 17:06:10::資料來源的型別 String 指定值無法轉換成指定目標資料行的型別 nvarchar。

2020-11-18 17:06:10::資料來源的型別 String 指定值無法轉換成指定目標資料行的型別 nvarchar。

2020-11-18 17:06:13::資料來源的型別 String 指定值無法轉換成指定目標資料行的型別 nvarchar。

2020-11-18 17:06:13::資料來源的型別 String 指定值無法轉換成指定目標資料行的型別 nvarchar。

2020-11-18 17:06:14::資料來源的型別 String 指定值無法轉換成指定目標資料行的型別 nvarchar。

2020-11-18 17:06:14::資料來源的型別 String 指定值無法轉換成指定目標資料行的型別 nvarchar。

2020-11-18 17:06:15::資料來源的型別 String 指定值無法轉換成指定目標資料行的型別 nvarchar。

2020-11-18 17:06:15::資料來源的型別 String 指定值無法轉換成指定目標資料行的型別 nvarchar。

2020-11-18 17:06:15::資料來源的型別 String 指定值無法轉換成指定目標資料行的型別 nvarchar。

2020-11-18 17:06:15::資料來源的型別 String 指定值無法轉換成指定目標資料行的型別 nvarchar。

2020-11-18 17:06:15::資料來源的型別 String 指定值無法轉換成指定目標資料行的型別 nvarchar。

2020-11-18 17:06:15::資料來源的型別 String 指定值無法轉換成指定目標資料行的型別 nvarchar。

2020-11-18 17:06:15::資料來源的型別 String 指定值無法轉換成指定目標資料行的型別 nvarchar。

2020-11-18 17:06:15::資料來源的型別 String 指定值無法轉換成指定目標資料行的型別 nvarchar。

2020-11-18 17:06:16::資料來源的型別 String 指定值無法轉換成指定目標資料行的型別 nvarchar。

2020-11-18 17:06:16::資料來源的型別 String 指定值無法轉換成指定目標資料行的型別 nvarchar。

2020-11-18 17:06:16::資料來源的型別 String 指定值無法轉換成指定目標資料行的型別 nvarchar。

2020-11-18 17:06:16::資料來源的型別 String 指定值無法轉換成指定目標資料行的型別 nvarchar。

2020-11-18 17:06:16::資料來源的型別 String 指定值無法轉換成指定目標資料行的型別 nvarchar。

2020-11-18 17:06:16::資料來源的型別 String 指定值無法轉換成指定目標資料行的型別 nvarchar。

2020-11-18 17:06:16::資料來源的型別 String 指定值無法轉換成指定目標資料行的型別 nvarchar。

2020-11-18 17:06:16::資料來源的型別 String 指定值無法轉換成指定目標資料行的型別 nvarchar。

2020-11-18 17:06:19::資料來源的型別 String 指定值無法轉換成指定目標資料行的型別 nvarchar。

2020-11-18 17:06:19::資料來源的型別 String 指定值無法轉換成指定目標資料行的型別 nvarchar。

2020-11-18 17:06:20::資料來源的型別 String 指定值無法轉換成指定目標資料行的型別 nvarchar。

2020-11-18 17:06:20::資料來源的型別 String 指定值無法轉換成指定目標資料行的型別 nvarchar。

2020-11-18 17:06:20::資料來源的型別 String 指定值無法轉換成指定目標資料行的型別 nvarchar。

2020-11-18 17:06:20::資料來源的型別 String 指定值無法轉換成指定目標資料行的型別 nvarchar。

2020-11-18 17:06:21::資料來源的型別 String 指定值無法轉換成指定目標資料行的型別 nvarchar。

2020-11-18 17:06:21::資料來源的型別 String 指定值無法轉換成指定目標資料行的型別 nvarchar。

2020-11-18 17:06:22::資料來源的型別 String 指定值無法轉換成指定目標資料行的型別 nvarchar。

2020-11-18 17:06:22::資料來源的型別 String 指定值無法轉換成指定目標資料行的型別 nvarchar。

2020-11-18 17:06:23::資料來源的型別 String 指定值無法轉換成指定目標資料行的型別 nvarchar。

2020-11-18 17:06:23::資料來源的型別 String 指定值無法轉換成指定目標資料行的型別 nvarchar。

2020-11-18 17:06:23::資料來源的型別 String 指定值無法轉換成指定目標資料行的型別 nvarchar。

2020-11-18 17:06:23::資料來源的型別 String 指定值無法轉換成指定目標資料行的型別 nvarchar。

2020-11-18 17:06:27::資料來源的型別 String 指定值無法轉換成指定目標資料行的型別 nvarchar。

2020-11-18 17:06:27::資料來源的型別 String 指定值無法轉換成指定目標資料行的型別 nvarchar。

2020-11-18 17:06:28::資料來源的型別 String 指定值無法轉換成指定目標資料行的型別 nvarchar。

2020-11-18 17:06:28::資料來源的型別 String 指定值無法轉換成指定目標資料行的型別 nvarchar。

2020-11-18 17:06:30::資料來源的型別 String 指定值無法轉換成指定目標資料行的型別 nvarchar。

2020-11-18 17:06:30::資料來源的型別 String 指定值無法轉換成指定目標資料行的型別 nvarchar。

2020-11-18 17:06:31::資料來源的型別 String 指定值無法轉換成指定目標資料行的型別 nvarchar。

2020-11-18 17:06:31::資料來源的型別 String 指定值無法轉換成指定目標資料行的型別 nvarchar。

2020-11-18 17:06:33::資料來源的型別 String 指定值無法轉換成指定目標資料行的型別 nvarchar。

2020-11-18 17:06:33::資料來源的型別 String 指定值無法轉換成指定目標資料行的型別 nvarchar。

2020-11-18 17:06:39::資料來源的型別 String 指定值無法轉換成指定目標資料行的型別 nvarchar。

2020-11-18 17:06:39::資料來源的型別 String 指定值無法轉換成指定目標資料行的型別 nvarchar。

2020-11-18 17:06:40::資料來源的型別 String 指定值無法轉換成指定目標資料行的型別 nvarchar。

2020-11-18 17:06:40::資料來源的型別 String 指定值無法轉換成指定目標資料行的型別 nvarchar。

2020-11-18 17:06:40::資料來源的型別 String 指定值無法轉換成指定目標資料行的型別 nvarchar。

2020-11-18 17:06:40::資料來源的型別 String 指定值無法轉換成指定目標資料行的型別 nvarchar。

2020-11-18 17:06:41::資料來源的型別 String 指定值無法轉換成指定目標資料行的型別 nvarchar。

2020-11-18 17:06:41::資料來源的型別 String 指定值無法轉換成指定目標資料行的型別 nvarchar。

2020-11-18 17:06:42::資料來源的型別 String 指定值無法轉換成指定目標資料行的型別 nvarchar。

2020-11-18 17:06:42::資料來源的型別 String 指定值無法轉換成指定目標資料行的型別 nvarchar。

2020-11-18 17:06:43::資料來源的型別 String 指定值無法轉換成指定目標資料行的型別 nvarchar。

2020-11-18 17:06:43::資料來源的型別 String 指定值無法轉換成指定目標資料行的型別 nvarchar。

2020-11-18 17:06:48::資料來源的型別 String 指定值無法轉換成指定目標資料行的型別 nvarchar。

2020-11-18 17:06:48::資料來源的型別 String 指定值無法轉換成指定目標資料行的型別 nvarchar。

2020-11-18 17:06:49::資料來源的型別 String 指定值無法轉換成指定目標資料行的型別 nvarchar。

2020-11-18 17:06:49::資料來源的型別 String 指定值無法轉換成指定目標資料行的型別 nvarchar。

2020-11-18 17:06:49::資料來源的型別 String 指定值無法轉換成指定目標資料行的型別 nvarchar。

2020-11-18 17:06:49::資料來源的型別 String 指定值無法轉換成指定目標資料行的型別 nvarchar。

2020-11-18 17:06:50::資料來源的型別 String 指定值無法轉換成指定目標資料行的型別 nvarchar。

2020-11-18 17:06:50::資料來源的型別 String 指定值無法轉換成指定目標資料行的型別 nvarchar。

2020-11-18 17:06:50::資料來源的型別 String 指定值無法轉換成指定目標資料行的型別 nvarchar。

2020-11-18 17:06:50::資料來源的型別 String 指定值無法轉換成指定目標資料行的型別 nvarchar。

2020-11-18 17:06:50::資料來源的型別 String 指定值無法轉換成指定目標資料行的型別 nvarchar。

2020-11-18 17:06:50::資料來源的型別 String 指定值無法轉換成指定目標資料行的型別 nvarchar。

2020-11-18 17:06:50::資料來源的型別 String 指定值無法轉換成指定目標資料行的型別 nvarchar。

2020-11-18 17:06:50::資料來源的型別 String 指定值無法轉換成指定目標資料行的型別 nvarchar。

2020-11-18 17:06:51::資料來源的型別 String 指定值無法轉換成指定目標資料行的型別 nvarchar。

2020-11-18 17:06:51::資料來源的型別 String 指定值無法轉換成指定目標資料行的型別 nvarchar。

2020-11-18 17:06:51::資料來源的型別 String 指定值無法轉換成指定目標資料行的型別 nvarchar。

2020-11-18 17:06:51::資料來源的型別 String 指定值無法轉換成指定目標資料行的型別 nvarchar。

2020-11-18 17:06:51::資料來源的型別 String 指定值無法轉換成指定目標資料行的型別 nvarchar。

2020-11-18 17:06:51::資料來源的型別 String 指定值無法轉換成指定目標資料行的型別 nvarchar。

2020-11-18 17:06:51::資料來源的型別 String 指定值無法轉換成指定目標資料行的型別 nvarchar。

2020-11-18 17:06:51::資料來源的型別 String 指定值無法轉換成指定目標資料行的型別 nvarchar。

2020-11-18 17:06:52::資料來源的型別 String 指定值無法轉換成指定目標資料行的型別 nvarchar。

2020-11-18 17:06:52::資料來源的型別 String 指定值無法轉換成指定目標資料行的型別 nvarchar。

2020-11-18 17:06:52::資料來源的型別 String 指定值無法轉換成指定目標資料行的型別 nvarchar。

2020-11-18 17:06:52::資料來源的型別 String 指定值無法轉換成指定目標資料行的型別 nvarchar。

2020-11-18 17:06:52::資料來源的型別 String 指定值無法轉換成指定目標資料行的型別 nvarchar。

2020-11-18 17:06:52::資料來源的型別 String 指定值無法轉換成指定目標資料行的型別 nvarchar。

2020-11-18 17:07:00::資料來源的型別 String 指定值無法轉換成指定目標資料行的型別 nvarchar。

2020-11-18 17:07:00::資料來源的型別 String 指定值無法轉換成指定目標資料行的型別 nvarchar。

2020-11-18 17:07:00::資料來源的型別 String 指定值無法轉換成指定目標資料行的型別 nvarchar。

2020-11-18 17:07:00::資料來源的型別 String 指定值無法轉換成指定目標資料行的型別 nvarchar。

2020-11-18 17:07:00::資料來源的型別 String 指定值無法轉換成指定目標資料行的型別 nvarchar。

2020-11-18 17:07:00::資料來源的型別 String 指定值無法轉換成指定目標資料行的型別 nvarchar。

2020-11-18 17:07:01::資料來源的型別 String 指定值無法轉換成指定目標資料行的型別 nvarchar。

2020-11-18 17:07:01::資料來源的型別 String 指定值無法轉換成指定目標資料行的型別 nvarchar。

2020-11-18 17:07:01::資料來源的型別 String 指定值無法轉換成指定目標資料行的型別 nvarchar。

2020-11-18 17:07:01::資料來源的型別 String 指定值無法轉換成指定目標資料行的型別 nvarchar。

2020-11-18 17:07:01::資料來源的型別 String 指定值無法轉換成指定目標資料行的型別 nvarchar。

2020-11-18 17:07:01::資料來源的型別 String 指定值無法轉換成指定目標資料行的型別 nvarchar。

2020-11-18 17:07:01::資料來源的型別 String 指定值無法轉換成指定目標資料行的型別 nvarchar。

2020-11-18 17:07:01::資料來源的型別 String 指定值無法轉換成指定目標資料行的型別 nvarchar。

2020-11-18 17:07:02::資料來源的型別 String 指定值無法轉換成指定目標資料行的型別 nvarchar。

2020-11-18 17:07:02::資料來源的型別 String 指定值無法轉換成指定目標資料行的型別 nvarchar。

2020-11-18 17:07:02::資料來源的型別 String 指定值無法轉換成指定目標資料行的型別 nvarchar。

2020-11-18 17:07:02::資料來源的型別 String 指定值無法轉換成指定目標資料行的型別 nvarchar。

2020-11-18 17:07:02::已經開啟一個與這個 Command 相關的 DataReader，必須先將它關閉。

2020-11-18 17:07:02::並未將物件參考設定為物件的執行個體。

2020-11-18 17:07:02::並未將物件參考設定為物件的執行個體。

2020-11-18 17:07:04::資料來源的型別 String 指定值無法轉換成指定目標資料行的型別 nvarchar。

2020-11-18 17:07:04::資料來源的型別 String 指定值無法轉換成指定目標資料行的型別 nvarchar。

2020-11-18 17:07:04::資料來源的型別 String 指定值無法轉換成指定目標資料行的型別 nvarchar。

2020-11-18 17:07:04::資料來源的型別 String 指定值無法轉換成指定目標資料行的型別 nvarchar。

2020-11-18 17:07:18::資料來源的型別 String 指定值無法轉換成指定目標資料行的型別 nvarchar。

2020-11-18 17:07:18::資料來源的型別 String 指定值無法轉換成指定目標資料行的型別 nvarchar。

2020-11-18 17:07:19::資料來源的型別 String 指定值無法轉換成指定目標資料行的型別 nvarchar。

2020-11-18 17:07:19::資料來源的型別 String 指定值無法轉換成指定目標資料行的型別 nvarchar。

