2020-10-15 00:21:27::ExecuteReader 必須有開啟與可用的 Connection。連接目前的狀態為連接中。

2020-10-15 00:21:27::並未將物件參考設定為物件的執行個體。

2020-10-15 07:00:26::ExecuteReader 必須有開啟與可用的 Connection。連接目前的狀態為連接中。

2020-10-15 07:00:26::並未將物件參考設定為物件的執行個體。

2020-10-15 12:23:49::並未將物件參考設定為物件的執行個體。

2020-10-15 12:23:49::連接未關閉。連接目前的狀態為連接中。

2020-10-15 12:23:49::連接未關閉。連接目前的狀態為連接中。

2020-10-15 12:23:49::並未將物件參考設定為物件的執行個體。

2020-10-15 12:23:49::並未將物件參考設定為物件的執行個體。

2020-10-15 12:23:49::並未將物件參考設定為物件的執行個體。

2020-10-15 12:23:49::ExecuteReader 必須有開啟與可用的 Connection。連接目前的狀態為連接中。

2020-10-15 12:23:49::並未將物件參考設定為物件的執行個體。

2020-10-15 12:23:49::ExecuteReader 必須有開啟與可用的 Connection。連接目前的狀態為連接中。

2020-10-15 12:23:49::並未將物件參考設定為物件的執行個體。

2020-10-15 12:23:49::作業無效。已經關閉連接。

2020-10-15 12:23:49::並未將物件參考設定為物件的執行個體。

2020-10-15 12:23:49::並未將物件參考設定為物件的執行個體。

2020-10-15 12:23:49::資料來源的型別 String 指定值無法轉換成指定目標資料行的型別 nvarchar。

2020-10-15 12:23:49::資料來源的型別 String 指定值無法轉換成指定目標資料行的型別 nvarchar。

2020-10-15 12:23:49::資料來源的型別 String 指定值無法轉換成指定目標資料行的型別 nvarchar。

2020-10-15 12:23:49::資料來源的型別 String 指定值無法轉換成指定目標資料行的型別 nvarchar。

2020-10-15 12:23:50::資料來源的型別 String 指定值無法轉換成指定目標資料行的型別 nvarchar。

2020-10-15 12:23:50::資料來源的型別 String 指定值無法轉換成指定目標資料行的型別 nvarchar。

2020-10-15 12:23:50::資料來源的型別 String 指定值無法轉換成指定目標資料行的型別 nvarchar。

2020-10-15 12:23:50::資料來源的型別 String 指定值無法轉換成指定目標資料行的型別 nvarchar。

2020-10-15 12:23:50::資料來源的型別 String 指定值無法轉換成指定目標資料行的型別 nvarchar。

2020-10-15 12:23:50::資料來源的型別 String 指定值無法轉換成指定目標資料行的型別 nvarchar。

2020-10-15 12:23:50::資料來源的型別 String 指定值無法轉換成指定目標資料行的型別 nvarchar。

2020-10-15 12:23:50::資料來源的型別 String 指定值無法轉換成指定目標資料行的型別 nvarchar。

2020-10-15 12:23:50::資料來源的型別 String 指定值無法轉換成指定目標資料行的型別 nvarchar。

2020-10-15 12:23:50::資料來源的型別 String 指定值無法轉換成指定目標資料行的型別 nvarchar。

2020-10-15 12:23:51::資料來源的型別 String 指定值無法轉換成指定目標資料行的型別 nvarchar。

2020-10-15 12:23:51::資料來源的型別 String 指定值無法轉換成指定目標資料行的型別 nvarchar。

2020-10-15 12:23:51::資料來源的型別 String 指定值無法轉換成指定目標資料行的型別 nvarchar。

2020-10-15 12:23:51::資料來源的型別 String 指定值無法轉換成指定目標資料行的型別 nvarchar。

2020-10-15 12:23:51::資料來源的型別 String 指定值無法轉換成指定目標資料行的型別 nvarchar。

2020-10-15 12:23:51::資料來源的型別 String 指定值無法轉換成指定目標資料行的型別 nvarchar。

2020-10-15 12:23:51::資料來源的型別 String 指定值無法轉換成指定目標資料行的型別 nvarchar。

2020-10-15 12:23:51::資料來源的型別 String 指定值無法轉換成指定目標資料行的型別 nvarchar。

2020-10-15 12:23:54::資料來源的型別 String 指定值無法轉換成指定目標資料行的型別 nvarchar。

2020-10-15 12:23:54::資料來源的型別 String 指定值無法轉換成指定目標資料行的型別 nvarchar。

2020-10-15 12:23:54::資料來源的型別 String 指定值無法轉換成指定目標資料行的型別 nvarchar。

2020-10-15 12:23:54::資料來源的型別 String 指定值無法轉換成指定目標資料行的型別 nvarchar。

2020-10-15 12:23:55::資料來源的型別 String 指定值無法轉換成指定目標資料行的型別 nvarchar。

2020-10-15 12:23:55::資料來源的型別 String 指定值無法轉換成指定目標資料行的型別 nvarchar。

2020-10-15 12:23:55::資料來源的型別 String 指定值無法轉換成指定目標資料行的型別 nvarchar。

2020-10-15 12:23:55::資料來源的型別 String 指定值無法轉換成指定目標資料行的型別 nvarchar。

2020-10-15 12:23:56::資料來源的型別 String 指定值無法轉換成指定目標資料行的型別 nvarchar。

2020-10-15 12:23:56::資料來源的型別 String 指定值無法轉換成指定目標資料行的型別 nvarchar。

2020-10-15 16:49:45::資料來源的型別 String 指定值無法轉換成指定目標資料行的型別 nvarchar。

2020-10-15 16:49:45::資料來源的型別 String 指定值無法轉換成指定目標資料行的型別 nvarchar。

2020-10-15 16:51:52::資料來源的型別 String 指定值無法轉換成指定目標資料行的型別 nvarchar。

2020-10-15 16:51:52::資料來源的型別 String 指定值無法轉換成指定目標資料行的型別 nvarchar。

2020-10-15 16:51:55::資料來源的型別 String 指定值無法轉換成指定目標資料行的型別 nvarchar。

2020-10-15 16:51:55::資料來源的型別 String 指定值無法轉換成指定目標資料行的型別 nvarchar。

2020-10-15 16:51:56::資料來源的型別 String 指定值無法轉換成指定目標資料行的型別 nvarchar。

2020-10-15 16:51:56::資料來源的型別 String 指定值無法轉換成指定目標資料行的型別 nvarchar。

2020-10-15 16:52:03::資料來源的型別 String 指定值無法轉換成指定目標資料行的型別 nvarchar。

2020-10-15 16:52:03::資料來源的型別 String 指定值無法轉換成指定目標資料行的型別 nvarchar。

2020-10-15 16:52:03::資料來源的型別 String 指定值無法轉換成指定目標資料行的型別 nvarchar。

2020-10-15 16:52:04::資料來源的型別 String 指定值無法轉換成指定目標資料行的型別 nvarchar。

2020-10-15 16:52:04::資料來源的型別 String 指定值無法轉換成指定目標資料行的型別 nvarchar。

2020-10-15 16:52:04::資料來源的型別 String 指定值無法轉換成指定目標資料行的型別 nvarchar。

2020-10-15 16:52:04::資料來源的型別 String 指定值無法轉換成指定目標資料行的型別 nvarchar。

2020-10-15 16:52:04::資料來源的型別 String 指定值無法轉換成指定目標資料行的型別 nvarchar。

2020-10-15 16:52:04::資料來源的型別 String 指定值無法轉換成指定目標資料行的型別 nvarchar。

2020-10-15 16:52:04::資料來源的型別 String 指定值無法轉換成指定目標資料行的型別 nvarchar。

2020-10-15 16:52:05::資料來源的型別 String 指定值無法轉換成指定目標資料行的型別 nvarchar。

2020-10-15 16:52:05::資料來源的型別 String 指定值無法轉換成指定目標資料行的型別 nvarchar。

2020-10-15 16:52:05::資料來源的型別 String 指定值無法轉換成指定目標資料行的型別 nvarchar。

2020-10-15 16:52:05::資料來源的型別 String 指定值無法轉換成指定目標資料行的型別 nvarchar。

2020-10-15 16:52:06::資料來源的型別 String 指定值無法轉換成指定目標資料行的型別 nvarchar。

2020-10-15 16:52:06::資料來源的型別 String 指定值無法轉換成指定目標資料行的型別 nvarchar。

2020-10-15 16:52:07::資料來源的型別 String 指定值無法轉換成指定目標資料行的型別 nvarchar。

2020-10-15 16:52:07::資料來源的型別 String 指定值無法轉換成指定目標資料行的型別 nvarchar。

2020-10-15 16:53:33::資料來源的型別 String 指定值無法轉換成指定目標資料行的型別 nvarchar。

2020-10-15 16:53:33::資料來源的型別 String 指定值無法轉換成指定目標資料行的型別 nvarchar。

2020-10-15 16:53:37::資料來源的型別 String 指定值無法轉換成指定目標資料行的型別 nvarchar。

2020-10-15 16:53:37::資料來源的型別 String 指定值無法轉換成指定目標資料行的型別 nvarchar。

2020-10-15 16:53:42::資料來源的型別 String 指定值無法轉換成指定目標資料行的型別 nvarchar。

2020-10-15 16:53:42::資料來源的型別 String 指定值無法轉換成指定目標資料行的型別 nvarchar。

2020-10-15 16:53:44::資料來源的型別 String 指定值無法轉換成指定目標資料行的型別 nvarchar。

2020-10-15 16:53:44::資料來源的型別 String 指定值無法轉換成指定目標資料行的型別 nvarchar。

2020-10-15 16:53:45::資料來源的型別 String 指定值無法轉換成指定目標資料行的型別 nvarchar。

2020-10-15 16:53:45::資料來源的型別 String 指定值無法轉換成指定目標資料行的型別 nvarchar。

2020-10-15 16:53:46::資料來源的型別 String 指定值無法轉換成指定目標資料行的型別 nvarchar。

2020-10-15 16:53:46::資料來源的型別 String 指定值無法轉換成指定目標資料行的型別 nvarchar。

2020-10-15 16:53:47::資料來源的型別 String 指定值無法轉換成指定目標資料行的型別 nvarchar。

2020-10-15 16:53:47::資料來源的型別 String 指定值無法轉換成指定目標資料行的型別 nvarchar。

2020-10-15 16:53:47::資料來源的型別 String 指定值無法轉換成指定目標資料行的型別 nvarchar。

2020-10-15 16:53:47::資料來源的型別 String 指定值無法轉換成指定目標資料行的型別 nvarchar。

2020-10-15 16:53:48::資料來源的型別 String 指定值無法轉換成指定目標資料行的型別 nvarchar。

2020-10-15 16:53:48::資料來源的型別 String 指定值無法轉換成指定目標資料行的型別 nvarchar。

2020-10-15 16:53:48::資料來源的型別 String 指定值無法轉換成指定目標資料行的型別 nvarchar。

2020-10-15 16:53:48::資料來源的型別 String 指定值無法轉換成指定目標資料行的型別 nvarchar。

2020-10-15 16:53:49::資料來源的型別 String 指定值無法轉換成指定目標資料行的型別 nvarchar。

2020-10-15 16:53:49::資料來源的型別 String 指定值無法轉換成指定目標資料行的型別 nvarchar。

2020-10-15 16:53:54::資料來源的型別 String 指定值無法轉換成指定目標資料行的型別 nvarchar。

2020-10-15 16:53:54::資料來源的型別 String 指定值無法轉換成指定目標資料行的型別 nvarchar。

2020-10-15 16:54:04::資料來源的型別 String 指定值無法轉換成指定目標資料行的型別 nvarchar。

2020-10-15 16:54:04::資料來源的型別 String 指定值無法轉換成指定目標資料行的型別 nvarchar。

2020-10-15 16:54:06::資料來源的型別 String 指定值無法轉換成指定目標資料行的型別 nvarchar。

2020-10-15 16:54:06::資料來源的型別 String 指定值無法轉換成指定目標資料行的型別 nvarchar。

2020-10-15 16:54:07::資料來源的型別 String 指定值無法轉換成指定目標資料行的型別 nvarchar。

2020-10-15 16:54:07::資料來源的型別 String 指定值無法轉換成指定目標資料行的型別 nvarchar。

2020-10-15 16:54:08::資料來源的型別 String 指定值無法轉換成指定目標資料行的型別 nvarchar。

2020-10-15 16:54:08::資料來源的型別 String 指定值無法轉換成指定目標資料行的型別 nvarchar。

2020-10-15 16:54:09::資料來源的型別 String 指定值無法轉換成指定目標資料行的型別 nvarchar。

2020-10-15 16:54:09::資料來源的型別 String 指定值無法轉換成指定目標資料行的型別 nvarchar。

2020-10-15 16:54:11::資料來源的型別 String 指定值無法轉換成指定目標資料行的型別 nvarchar。

2020-10-15 16:54:11::資料來源的型別 String 指定值無法轉換成指定目標資料行的型別 nvarchar。

2020-10-15 16:54:14::資料來源的型別 String 指定值無法轉換成指定目標資料行的型別 nvarchar。

2020-10-15 16:54:14::資料來源的型別 String 指定值無法轉換成指定目標資料行的型別 nvarchar。

2020-10-15 16:54:14::資料來源的型別 String 指定值無法轉換成指定目標資料行的型別 nvarchar。

2020-10-15 16:54:14::資料來源的型別 String 指定值無法轉換成指定目標資料行的型別 nvarchar。

2020-10-15 16:54:15::資料來源的型別 String 指定值無法轉換成指定目標資料行的型別 nvarchar。

2020-10-15 16:54:15::資料來源的型別 String 指定值無法轉換成指定目標資料行的型別 nvarchar。

2020-10-15 16:54:16::資料來源的型別 String 指定值無法轉換成指定目標資料行的型別 nvarchar。

2020-10-15 16:54:16::資料來源的型別 String 指定值無法轉換成指定目標資料行的型別 nvarchar。

2020-10-15 16:54:17::資料來源的型別 String 指定值無法轉換成指定目標資料行的型別 nvarchar。

2020-10-15 16:54:17::資料來源的型別 String 指定值無法轉換成指定目標資料行的型別 nvarchar。

2020-10-15 16:54:18::資料來源的型別 String 指定值無法轉換成指定目標資料行的型別 nvarchar。

2020-10-15 16:54:18::資料來源的型別 String 指定值無法轉換成指定目標資料行的型別 nvarchar。

2020-10-15 16:54:18::資料來源的型別 String 指定值無法轉換成指定目標資料行的型別 nvarchar。

2020-10-15 16:54:18::資料來源的型別 String 指定值無法轉換成指定目標資料行的型別 nvarchar。

2020-10-15 16:54:18::資料來源的型別 String 指定值無法轉換成指定目標資料行的型別 nvarchar。

2020-10-15 16:54:18::資料來源的型別 String 指定值無法轉換成指定目標資料行的型別 nvarchar。

2020-10-15 16:54:19::資料來源的型別 String 指定值無法轉換成指定目標資料行的型別 nvarchar。

2020-10-15 16:54:19::資料來源的型別 String 指定值無法轉換成指定目標資料行的型別 nvarchar。

2020-10-15 16:54:20::資料來源的型別 String 指定值無法轉換成指定目標資料行的型別 nvarchar。

2020-10-15 16:54:20::資料來源的型別 String 指定值無法轉換成指定目標資料行的型別 nvarchar。

2020-10-15 16:54:20::資料來源的型別 String 指定值無法轉換成指定目標資料行的型別 nvarchar。

2020-10-15 16:54:20::資料來源的型別 String 指定值無法轉換成指定目標資料行的型別 nvarchar。

2020-10-15 16:54:20::資料來源的型別 String 指定值無法轉換成指定目標資料行的型別 nvarchar。

2020-10-15 16:54:20::資料來源的型別 String 指定值無法轉換成指定目標資料行的型別 nvarchar。

2020-10-15 16:54:20::資料來源的型別 String 指定值無法轉換成指定目標資料行的型別 nvarchar。

2020-10-15 16:54:20::資料來源的型別 String 指定值無法轉換成指定目標資料行的型別 nvarchar。

2020-10-15 16:54:20::資料來源的型別 String 指定值無法轉換成指定目標資料行的型別 nvarchar。

2020-10-15 16:54:20::資料來源的型別 String 指定值無法轉換成指定目標資料行的型別 nvarchar。

2020-10-15 16:54:21::資料來源的型別 String 指定值無法轉換成指定目標資料行的型別 nvarchar。

2020-10-15 16:54:21::資料來源的型別 String 指定值無法轉換成指定目標資料行的型別 nvarchar。

2020-10-15 16:54:21::資料來源的型別 String 指定值無法轉換成指定目標資料行的型別 nvarchar。

2020-10-15 16:54:21::資料來源的型別 String 指定值無法轉換成指定目標資料行的型別 nvarchar。

2020-10-15 16:54:21::資料來源的型別 String 指定值無法轉換成指定目標資料行的型別 nvarchar。

2020-10-15 16:54:21::資料來源的型別 String 指定值無法轉換成指定目標資料行的型別 nvarchar。

2020-10-15 16:54:22::資料來源的型別 String 指定值無法轉換成指定目標資料行的型別 nvarchar。

2020-10-15 16:54:22::資料來源的型別 String 指定值無法轉換成指定目標資料行的型別 nvarchar。

2020-10-15 16:54:22::資料來源的型別 String 指定值無法轉換成指定目標資料行的型別 nvarchar。

2020-10-15 16:54:22::資料來源的型別 String 指定值無法轉換成指定目標資料行的型別 nvarchar。

2020-10-15 16:54:22::資料來源的型別 String 指定值無法轉換成指定目標資料行的型別 nvarchar。

2020-10-15 16:54:22::資料來源的型別 String 指定值無法轉換成指定目標資料行的型別 nvarchar。

2020-10-15 16:54:22::資料來源的型別 String 指定值無法轉換成指定目標資料行的型別 nvarchar。

2020-10-15 16:54:22::資料來源的型別 String 指定值無法轉換成指定目標資料行的型別 nvarchar。

2020-10-15 16:54:45::資料來源的型別 String 指定值無法轉換成指定目標資料行的型別 nvarchar。

2020-10-15 16:54:45::資料來源的型別 String 指定值無法轉換成指定目標資料行的型別 nvarchar。

2020-10-15 16:54:47::資料來源的型別 String 指定值無法轉換成指定目標資料行的型別 nvarchar。

2020-10-15 16:54:47::資料來源的型別 String 指定值無法轉換成指定目標資料行的型別 nvarchar。

2020-10-15 16:54:51::資料來源的型別 String 指定值無法轉換成指定目標資料行的型別 nvarchar。

2020-10-15 16:54:51::資料來源的型別 String 指定值無法轉換成指定目標資料行的型別 nvarchar。

2020-10-15 16:54:51::資料來源的型別 String 指定值無法轉換成指定目標資料行的型別 nvarchar。

2020-10-15 16:54:51::資料來源的型別 String 指定值無法轉換成指定目標資料行的型別 nvarchar。

2020-10-15 16:54:52::資料來源的型別 String 指定值無法轉換成指定目標資料行的型別 nvarchar。

2020-10-15 16:54:52::資料來源的型別 String 指定值無法轉換成指定目標資料行的型別 nvarchar。

2020-10-15 16:55:02::資料來源的型別 String 指定值無法轉換成指定目標資料行的型別 nvarchar。

2020-10-15 16:55:02::資料來源的型別 String 指定值無法轉換成指定目標資料行的型別 nvarchar。

2020-10-15 16:55:16::資料來源的型別 String 指定值無法轉換成指定目標資料行的型別 nvarchar。

2020-10-15 16:55:16::資料來源的型別 String 指定值無法轉換成指定目標資料行的型別 nvarchar。

2020-10-15 16:55:17::資料來源的型別 String 指定值無法轉換成指定目標資料行的型別 nvarchar。

2020-10-15 16:55:17::資料來源的型別 String 指定值無法轉換成指定目標資料行的型別 nvarchar。

2020-10-15 16:55:18::資料來源的型別 String 指定值無法轉換成指定目標資料行的型別 nvarchar。

2020-10-15 16:55:18::資料來源的型別 String 指定值無法轉換成指定目標資料行的型別 nvarchar。

2020-10-15 16:55:18::資料來源的型別 String 指定值無法轉換成指定目標資料行的型別 nvarchar。

2020-10-15 16:55:18::資料來源的型別 String 指定值無法轉換成指定目標資料行的型別 nvarchar。

2020-10-15 16:55:19::資料來源的型別 String 指定值無法轉換成指定目標資料行的型別 nvarchar。

2020-10-15 16:55:19::資料來源的型別 String 指定值無法轉換成指定目標資料行的型別 nvarchar。

2020-10-15 16:55:20::資料來源的型別 String 指定值無法轉換成指定目標資料行的型別 nvarchar。

2020-10-15 16:55:20::資料來源的型別 String 指定值無法轉換成指定目標資料行的型別 nvarchar。

2020-10-15 16:55:21::資料來源的型別 String 指定值無法轉換成指定目標資料行的型別 nvarchar。

2020-10-15 16:55:21::資料來源的型別 String 指定值無法轉換成指定目標資料行的型別 nvarchar。

2020-10-15 16:55:33::資料來源的型別 String 指定值無法轉換成指定目標資料行的型別 nvarchar。

2020-10-15 16:55:33::資料來源的型別 String 指定值無法轉換成指定目標資料行的型別 nvarchar。

2020-10-15 16:55:34::資料來源的型別 String 指定值無法轉換成指定目標資料行的型別 nvarchar。

2020-10-15 16:55:34::資料來源的型別 String 指定值無法轉換成指定目標資料行的型別 nvarchar。

2020-10-15 16:55:35::資料來源的型別 String 指定值無法轉換成指定目標資料行的型別 nvarchar。

2020-10-15 16:55:35::資料來源的型別 String 指定值無法轉換成指定目標資料行的型別 nvarchar。

2020-10-15 16:55:36::資料來源的型別 String 指定值無法轉換成指定目標資料行的型別 nvarchar。

2020-10-15 16:55:36::資料來源的型別 String 指定值無法轉換成指定目標資料行的型別 nvarchar。

2020-10-15 16:55:36::資料來源的型別 String 指定值無法轉換成指定目標資料行的型別 nvarchar。

2020-10-15 16:55:36::資料來源的型別 String 指定值無法轉換成指定目標資料行的型別 nvarchar。

2020-10-15 16:55:43::資料來源的型別 String 指定值無法轉換成指定目標資料行的型別 nvarchar。

2020-10-15 16:55:43::資料來源的型別 String 指定值無法轉換成指定目標資料行的型別 nvarchar。

2020-10-15 16:55:43::資料來源的型別 String 指定值無法轉換成指定目標資料行的型別 nvarchar。

2020-10-15 16:55:43::資料來源的型別 String 指定值無法轉換成指定目標資料行的型別 nvarchar。

2020-10-15 16:55:44::資料來源的型別 String 指定值無法轉換成指定目標資料行的型別 nvarchar。

2020-10-15 16:55:44::資料來源的型別 String 指定值無法轉換成指定目標資料行的型別 nvarchar。

2020-10-15 16:55:45::資料來源的型別 String 指定值無法轉換成指定目標資料行的型別 nvarchar。

2020-10-15 16:55:45::資料來源的型別 String 指定值無法轉換成指定目標資料行的型別 nvarchar。

2020-10-15 16:55:45::資料來源的型別 String 指定值無法轉換成指定目標資料行的型別 nvarchar。

2020-10-15 16:55:45::資料來源的型別 String 指定值無法轉換成指定目標資料行的型別 nvarchar。

2020-10-15 16:55:46::資料來源的型別 String 指定值無法轉換成指定目標資料行的型別 nvarchar。

2020-10-15 16:55:46::資料來源的型別 String 指定值無法轉換成指定目標資料行的型別 nvarchar。

2020-10-15 16:55:46::資料來源的型別 String 指定值無法轉換成指定目標資料行的型別 nvarchar。

2020-10-15 16:55:46::資料來源的型別 String 指定值無法轉換成指定目標資料行的型別 nvarchar。

2020-10-15 16:57:35::資料來源的型別 String 指定值無法轉換成指定目標資料行的型別 nvarchar。

2020-10-15 16:57:35::資料來源的型別 String 指定值無法轉換成指定目標資料行的型別 nvarchar。

2020-10-15 16:57:36::資料來源的型別 String 指定值無法轉換成指定目標資料行的型別 nvarchar。

2020-10-15 16:57:36::資料來源的型別 String 指定值無法轉換成指定目標資料行的型別 nvarchar。

2020-10-15 16:57:37::資料來源的型別 String 指定值無法轉換成指定目標資料行的型別 nvarchar。

2020-10-15 16:57:37::資料來源的型別 String 指定值無法轉換成指定目標資料行的型別 nvarchar。

2020-10-15 16:57:37::資料來源的型別 String 指定值無法轉換成指定目標資料行的型別 nvarchar。

2020-10-15 16:57:37::資料來源的型別 String 指定值無法轉換成指定目標資料行的型別 nvarchar。

2020-10-15 16:57:38::資料來源的型別 String 指定值無法轉換成指定目標資料行的型別 nvarchar。

2020-10-15 16:57:38::資料來源的型別 String 指定值無法轉換成指定目標資料行的型別 nvarchar。

2020-10-15 16:57:39::資料來源的型別 String 指定值無法轉換成指定目標資料行的型別 nvarchar。

2020-10-15 16:57:39::資料來源的型別 String 指定值無法轉換成指定目標資料行的型別 nvarchar。

2020-10-15 16:57:39::資料來源的型別 String 指定值無法轉換成指定目標資料行的型別 nvarchar。

2020-10-15 16:57:39::資料來源的型別 String 指定值無法轉換成指定目標資料行的型別 nvarchar。

2020-10-15 16:57:40::資料來源的型別 String 指定值無法轉換成指定目標資料行的型別 nvarchar。

2020-10-15 16:57:40::資料來源的型別 String 指定值無法轉換成指定目標資料行的型別 nvarchar。

2020-10-15 16:57:40::資料來源的型別 String 指定值無法轉換成指定目標資料行的型別 nvarchar。

2020-10-15 16:57:40::資料來源的型別 String 指定值無法轉換成指定目標資料行的型別 nvarchar。

2020-10-15 16:57:41::資料來源的型別 String 指定值無法轉換成指定目標資料行的型別 nvarchar。

2020-10-15 16:57:41::資料來源的型別 String 指定值無法轉換成指定目標資料行的型別 nvarchar。

2020-10-15 16:57:42::資料來源的型別 String 指定值無法轉換成指定目標資料行的型別 nvarchar。

2020-10-15 16:57:42::資料來源的型別 String 指定值無法轉換成指定目標資料行的型別 nvarchar。

2020-10-15 16:57:42::資料來源的型別 String 指定值無法轉換成指定目標資料行的型別 nvarchar。

2020-10-15 16:57:42::資料來源的型別 String 指定值無法轉換成指定目標資料行的型別 nvarchar。

2020-10-15 16:57:43::資料來源的型別 String 指定值無法轉換成指定目標資料行的型別 nvarchar。

2020-10-15 16:57:43::資料來源的型別 String 指定值無法轉換成指定目標資料行的型別 nvarchar。

2020-10-15 16:57:43::資料來源的型別 String 指定值無法轉換成指定目標資料行的型別 nvarchar。

2020-10-15 16:57:43::資料來源的型別 String 指定值無法轉換成指定目標資料行的型別 nvarchar。

2020-10-15 16:57:44::資料來源的型別 String 指定值無法轉換成指定目標資料行的型別 nvarchar。

2020-10-15 16:57:44::資料來源的型別 String 指定值無法轉換成指定目標資料行的型別 nvarchar。

2020-10-15 16:57:45::資料來源的型別 String 指定值無法轉換成指定目標資料行的型別 nvarchar。

2020-10-15 16:57:45::資料來源的型別 String 指定值無法轉換成指定目標資料行的型別 nvarchar。

2020-10-15 16:57:45::資料來源的型別 String 指定值無法轉換成指定目標資料行的型別 nvarchar。

2020-10-15 16:57:45::資料來源的型別 String 指定值無法轉換成指定目標資料行的型別 nvarchar。

2020-10-15 16:57:45::資料來源的型別 String 指定值無法轉換成指定目標資料行的型別 nvarchar。

2020-10-15 16:57:45::資料來源的型別 String 指定值無法轉換成指定目標資料行的型別 nvarchar。

2020-10-15 16:57:46::資料來源的型別 String 指定值無法轉換成指定目標資料行的型別 nvarchar。

2020-10-15 16:57:46::資料來源的型別 String 指定值無法轉換成指定目標資料行的型別 nvarchar。

2020-10-15 16:57:46::資料來源的型別 String 指定值無法轉換成指定目標資料行的型別 nvarchar。

2020-10-15 16:57:46::資料來源的型別 String 指定值無法轉換成指定目標資料行的型別 nvarchar。

2020-10-15 16:57:46::資料來源的型別 String 指定值無法轉換成指定目標資料行的型別 nvarchar。

2020-10-15 16:57:46::資料來源的型別 String 指定值無法轉換成指定目標資料行的型別 nvarchar。

2020-10-15 16:57:46::資料來源的型別 String 指定值無法轉換成指定目標資料行的型別 nvarchar。

2020-10-15 16:57:46::資料來源的型別 String 指定值無法轉換成指定目標資料行的型別 nvarchar。

2020-10-15 16:57:47::資料來源的型別 String 指定值無法轉換成指定目標資料行的型別 nvarchar。

2020-10-15 16:57:47::資料來源的型別 String 指定值無法轉換成指定目標資料行的型別 nvarchar。

2020-10-15 16:57:47::資料來源的型別 String 指定值無法轉換成指定目標資料行的型別 nvarchar。

2020-10-15 16:57:47::資料來源的型別 String 指定值無法轉換成指定目標資料行的型別 nvarchar。

2020-10-15 16:57:48::資料來源的型別 String 指定值無法轉換成指定目標資料行的型別 nvarchar。

2020-10-15 16:57:48::資料來源的型別 String 指定值無法轉換成指定目標資料行的型別 nvarchar。

2020-10-15 16:57:48::資料來源的型別 String 指定值無法轉換成指定目標資料行的型別 nvarchar。

2020-10-15 16:57:48::資料來源的型別 String 指定值無法轉換成指定目標資料行的型別 nvarchar。

2020-10-15 16:57:48::資料來源的型別 String 指定值無法轉換成指定目標資料行的型別 nvarchar。

2020-10-15 16:57:48::資料來源的型別 String 指定值無法轉換成指定目標資料行的型別 nvarchar。

2020-10-15 16:57:50::資料來源的型別 String 指定值無法轉換成指定目標資料行的型別 nvarchar。

2020-10-15 16:57:50::資料來源的型別 String 指定值無法轉換成指定目標資料行的型別 nvarchar。

2020-10-15 16:57:50::資料來源的型別 String 指定值無法轉換成指定目標資料行的型別 nvarchar。

2020-10-15 16:57:50::資料來源的型別 String 指定值無法轉換成指定目標資料行的型別 nvarchar。

2020-10-15 16:57:51::資料來源的型別 String 指定值無法轉換成指定目標資料行的型別 nvarchar。

2020-10-15 16:57:51::資料來源的型別 String 指定值無法轉換成指定目標資料行的型別 nvarchar。

2020-10-15 16:57:51::資料來源的型別 String 指定值無法轉換成指定目標資料行的型別 nvarchar。

2020-10-15 16:57:51::資料來源的型別 String 指定值無法轉換成指定目標資料行的型別 nvarchar。

2020-10-15 16:57:51::資料來源的型別 String 指定值無法轉換成指定目標資料行的型別 nvarchar。

2020-10-15 16:57:51::資料來源的型別 String 指定值無法轉換成指定目標資料行的型別 nvarchar。

2020-10-15 16:57:52::資料來源的型別 String 指定值無法轉換成指定目標資料行的型別 nvarchar。

2020-10-15 16:57:52::資料來源的型別 String 指定值無法轉換成指定目標資料行的型別 nvarchar。

2020-10-15 16:57:52::資料來源的型別 String 指定值無法轉換成指定目標資料行的型別 nvarchar。

2020-10-15 16:57:52::資料來源的型別 String 指定值無法轉換成指定目標資料行的型別 nvarchar。

2020-10-15 16:57:52::資料來源的型別 String 指定值無法轉換成指定目標資料行的型別 nvarchar。

2020-10-15 16:57:52::資料來源的型別 String 指定值無法轉換成指定目標資料行的型別 nvarchar。

2020-10-15 16:57:52::資料來源的型別 String 指定值無法轉換成指定目標資料行的型別 nvarchar。

2020-10-15 16:57:52::資料來源的型別 String 指定值無法轉換成指定目標資料行的型別 nvarchar。

2020-10-15 16:57:53::資料來源的型別 String 指定值無法轉換成指定目標資料行的型別 nvarchar。

2020-10-15 16:57:53::資料來源的型別 String 指定值無法轉換成指定目標資料行的型別 nvarchar。

2020-10-15 16:57:53::資料來源的型別 String 指定值無法轉換成指定目標資料行的型別 nvarchar。

2020-10-15 16:57:53::資料來源的型別 String 指定值無法轉換成指定目標資料行的型別 nvarchar。

2020-10-15 16:57:53::資料來源的型別 String 指定值無法轉換成指定目標資料行的型別 nvarchar。

2020-10-15 16:57:53::資料來源的型別 String 指定值無法轉換成指定目標資料行的型別 nvarchar。

2020-10-15 16:57:54::資料來源的型別 String 指定值無法轉換成指定目標資料行的型別 nvarchar。

2020-10-15 16:57:54::資料來源的型別 String 指定值無法轉換成指定目標資料行的型別 nvarchar。

2020-10-15 16:57:54::資料來源的型別 String 指定值無法轉換成指定目標資料行的型別 nvarchar。

2020-10-15 16:57:54::資料來源的型別 String 指定值無法轉換成指定目標資料行的型別 nvarchar。

2020-10-15 16:57:54::資料來源的型別 String 指定值無法轉換成指定目標資料行的型別 nvarchar。

2020-10-15 16:57:54::資料來源的型別 String 指定值無法轉換成指定目標資料行的型別 nvarchar。

2020-10-15 16:57:55::資料來源的型別 String 指定值無法轉換成指定目標資料行的型別 nvarchar。

2020-10-15 16:57:55::資料來源的型別 String 指定值無法轉換成指定目標資料行的型別 nvarchar。

2020-10-15 16:57:55::資料來源的型別 String 指定值無法轉換成指定目標資料行的型別 nvarchar。

2020-10-15 16:57:55::資料來源的型別 String 指定值無法轉換成指定目標資料行的型別 nvarchar。

2020-10-15 16:57:55::資料來源的型別 String 指定值無法轉換成指定目標資料行的型別 nvarchar。

2020-10-15 16:57:55::資料來源的型別 String 指定值無法轉換成指定目標資料行的型別 nvarchar。

2020-10-15 16:57:55::資料來源的型別 String 指定值無法轉換成指定目標資料行的型別 nvarchar。

2020-10-15 16:57:55::資料來源的型別 String 指定值無法轉換成指定目標資料行的型別 nvarchar。

2020-10-15 16:57:56::資料來源的型別 String 指定值無法轉換成指定目標資料行的型別 nvarchar。

2020-10-15 16:57:56::資料來源的型別 String 指定值無法轉換成指定目標資料行的型別 nvarchar。

2020-10-15 16:57:56::資料來源的型別 String 指定值無法轉換成指定目標資料行的型別 nvarchar。

2020-10-15 16:57:56::資料來源的型別 String 指定值無法轉換成指定目標資料行的型別 nvarchar。

2020-10-15 16:57:56::資料來源的型別 String 指定值無法轉換成指定目標資料行的型別 nvarchar。

2020-10-15 16:57:56::資料來源的型別 String 指定值無法轉換成指定目標資料行的型別 nvarchar。

2020-10-15 16:58:14::資料來源的型別 String 指定值無法轉換成指定目標資料行的型別 nvarchar。

2020-10-15 16:58:14::資料來源的型別 String 指定值無法轉換成指定目標資料行的型別 nvarchar。

2020-10-15 16:58:14::資料來源的型別 String 指定值無法轉換成指定目標資料行的型別 nvarchar。

2020-10-15 16:58:14::資料來源的型別 String 指定值無法轉換成指定目標資料行的型別 nvarchar。

2020-10-15 16:58:14::資料來源的型別 String 指定值無法轉換成指定目標資料行的型別 nvarchar。

2020-10-15 16:58:14::資料來源的型別 String 指定值無法轉換成指定目標資料行的型別 nvarchar。

2020-10-15 16:58:15::資料來源的型別 String 指定值無法轉換成指定目標資料行的型別 nvarchar。

2020-10-15 16:58:15::資料來源的型別 String 指定值無法轉換成指定目標資料行的型別 nvarchar。

2020-10-15 16:58:17::資料來源的型別 String 指定值無法轉換成指定目標資料行的型別 nvarchar。

2020-10-15 16:58:17::資料來源的型別 String 指定值無法轉換成指定目標資料行的型別 nvarchar。

2020-10-15 16:58:17::資料來源的型別 String 指定值無法轉換成指定目標資料行的型別 nvarchar。

2020-10-15 16:58:17::資料來源的型別 String 指定值無法轉換成指定目標資料行的型別 nvarchar。

2020-10-15 16:58:17::資料來源的型別 String 指定值無法轉換成指定目標資料行的型別 nvarchar。

2020-10-15 16:58:17::資料來源的型別 String 指定值無法轉換成指定目標資料行的型別 nvarchar。

2020-10-15 20:07:22::並未將物件參考設定為物件的執行個體。

2020-10-15 20:07:23::並未將物件參考設定為物件的執行個體。

2020-10-15 21:21:31::並未將物件參考設定為物件的執行個體。

2020-10-15 21:21:32::連接未關閉。連接目前的狀態為連接中。

2020-10-15 21:21:32::並未將物件參考設定為物件的執行個體。

2020-10-15 21:21:32::並未將物件參考設定為物件的執行個體。

2020-10-15 21:34:00::資料來源的型別 String 指定值無法轉換成指定目標資料行的型別 nvarchar。

2020-10-15 21:34:00::資料來源的型別 String 指定值無法轉換成指定目標資料行的型別 nvarchar。

2020-10-15 21:35:08::資料來源的型別 String 指定值無法轉換成指定目標資料行的型別 nvarchar。

2020-10-15 21:35:08::資料來源的型別 String 指定值無法轉換成指定目標資料行的型別 nvarchar。

2020-10-15 21:35:11::資料來源的型別 String 指定值無法轉換成指定目標資料行的型別 nvarchar。

2020-10-15 21:35:11::資料來源的型別 String 指定值無法轉換成指定目標資料行的型別 nvarchar。

2020-10-15 21:35:12::資料來源的型別 String 指定值無法轉換成指定目標資料行的型別 nvarchar。

2020-10-15 21:35:12::資料來源的型別 String 指定值無法轉換成指定目標資料行的型別 nvarchar。

2020-10-15 21:35:12::資料來源的型別 String 指定值無法轉換成指定目標資料行的型別 nvarchar。

2020-10-15 21:35:12::資料來源的型別 String 指定值無法轉換成指定目標資料行的型別 nvarchar。

2020-10-15 21:35:12::資料來源的型別 String 指定值無法轉換成指定目標資料行的型別 nvarchar。

2020-10-15 21:35:12::資料來源的型別 String 指定值無法轉換成指定目標資料行的型別 nvarchar。

2020-10-15 21:35:13::資料來源的型別 String 指定值無法轉換成指定目標資料行的型別 nvarchar。

2020-10-15 21:35:13::資料來源的型別 String 指定值無法轉換成指定目標資料行的型別 nvarchar。

2020-10-15 21:35:13::資料來源的型別 String 指定值無法轉換成指定目標資料行的型別 nvarchar。

2020-10-15 21:35:13::資料來源的型別 String 指定值無法轉換成指定目標資料行的型別 nvarchar。

2020-10-15 21:35:14::資料來源的型別 String 指定值無法轉換成指定目標資料行的型別 nvarchar。

2020-10-15 21:35:14::資料來源的型別 String 指定值無法轉換成指定目標資料行的型別 nvarchar。

2020-10-15 21:35:14::資料來源的型別 String 指定值無法轉換成指定目標資料行的型別 nvarchar。

2020-10-15 21:35:14::資料來源的型別 String 指定值無法轉換成指定目標資料行的型別 nvarchar。

2020-10-15 21:35:14::資料來源的型別 String 指定值無法轉換成指定目標資料行的型別 nvarchar。

2020-10-15 21:35:14::資料來源的型別 String 指定值無法轉換成指定目標資料行的型別 nvarchar。

2020-10-15 21:35:14::資料來源的型別 String 指定值無法轉換成指定目標資料行的型別 nvarchar。

2020-10-15 21:35:14::資料來源的型別 String 指定值無法轉換成指定目標資料行的型別 nvarchar。

2020-10-15 21:35:14::資料來源的型別 String 指定值無法轉換成指定目標資料行的型別 nvarchar。

2020-10-15 21:35:14::資料來源的型別 String 指定值無法轉換成指定目標資料行的型別 nvarchar。

2020-10-15 21:35:17::資料來源的型別 String 指定值無法轉換成指定目標資料行的型別 nvarchar。

2020-10-15 21:35:17::資料來源的型別 String 指定值無法轉換成指定目標資料行的型別 nvarchar。

2020-10-15 21:35:19::資料來源的型別 String 指定值無法轉換成指定目標資料行的型別 nvarchar。

2020-10-15 21:35:19::資料來源的型別 String 指定值無法轉換成指定目標資料行的型別 nvarchar。

2020-10-15 21:35:20::資料來源的型別 String 指定值無法轉換成指定目標資料行的型別 nvarchar。

2020-10-15 21:35:20::資料來源的型別 String 指定值無法轉換成指定目標資料行的型別 nvarchar。

2020-10-15 21:35:26::資料來源的型別 String 指定值無法轉換成指定目標資料行的型別 nvarchar。

2020-10-15 21:35:26::資料來源的型別 String 指定值無法轉換成指定目標資料行的型別 nvarchar。

2020-10-15 21:35:27::資料來源的型別 String 指定值無法轉換成指定目標資料行的型別 nvarchar。

2020-10-15 21:35:27::資料來源的型別 String 指定值無法轉換成指定目標資料行的型別 nvarchar。

2020-10-15 21:35:27::資料來源的型別 String 指定值無法轉換成指定目標資料行的型別 nvarchar。

2020-10-15 21:35:27::資料來源的型別 String 指定值無法轉換成指定目標資料行的型別 nvarchar。

2020-10-15 21:35:28::資料來源的型別 String 指定值無法轉換成指定目標資料行的型別 nvarchar。

2020-10-15 21:35:28::資料來源的型別 String 指定值無法轉換成指定目標資料行的型別 nvarchar。

2020-10-15 21:35:28::資料來源的型別 String 指定值無法轉換成指定目標資料行的型別 nvarchar。

2020-10-15 21:35:28::資料來源的型別 String 指定值無法轉換成指定目標資料行的型別 nvarchar。

2020-10-15 21:35:29::資料來源的型別 String 指定值無法轉換成指定目標資料行的型別 nvarchar。

2020-10-15 21:35:29::資料來源的型別 String 指定值無法轉換成指定目標資料行的型別 nvarchar。

2020-10-15 21:35:29::資料來源的型別 String 指定值無法轉換成指定目標資料行的型別 nvarchar。

2020-10-15 21:35:29::資料來源的型別 String 指定值無法轉換成指定目標資料行的型別 nvarchar。

2020-10-15 21:35:29::資料來源的型別 String 指定值無法轉換成指定目標資料行的型別 nvarchar。

2020-10-15 21:35:29::資料來源的型別 String 指定值無法轉換成指定目標資料行的型別 nvarchar。

2020-10-15 21:35:30::資料來源的型別 String 指定值無法轉換成指定目標資料行的型別 nvarchar。

2020-10-15 21:35:30::資料來源的型別 String 指定值無法轉換成指定目標資料行的型別 nvarchar。

2020-10-15 21:35:30::資料來源的型別 String 指定值無法轉換成指定目標資料行的型別 nvarchar。

2020-10-15 21:35:30::資料來源的型別 String 指定值無法轉換成指定目標資料行的型別 nvarchar。

2020-10-15 21:35:30::資料來源的型別 String 指定值無法轉換成指定目標資料行的型別 nvarchar。

2020-10-15 21:35:30::資料來源的型別 String 指定值無法轉換成指定目標資料行的型別 nvarchar。

2020-10-15 21:35:31::資料來源的型別 String 指定值無法轉換成指定目標資料行的型別 nvarchar。

2020-10-15 21:35:31::資料來源的型別 String 指定值無法轉換成指定目標資料行的型別 nvarchar。

2020-10-15 21:35:31::資料來源的型別 String 指定值無法轉換成指定目標資料行的型別 nvarchar。

2020-10-15 21:35:31::資料來源的型別 String 指定值無法轉換成指定目標資料行的型別 nvarchar。

2020-10-15 21:35:31::資料來源的型別 String 指定值無法轉換成指定目標資料行的型別 nvarchar。

2020-10-15 21:35:31::資料來源的型別 String 指定值無法轉換成指定目標資料行的型別 nvarchar。

2020-10-15 21:35:32::資料來源的型別 String 指定值無法轉換成指定目標資料行的型別 nvarchar。

2020-10-15 21:35:32::資料來源的型別 String 指定值無法轉換成指定目標資料行的型別 nvarchar。

2020-10-15 21:35:32::資料來源的型別 String 指定值無法轉換成指定目標資料行的型別 nvarchar。

2020-10-15 21:35:32::資料來源的型別 String 指定值無法轉換成指定目標資料行的型別 nvarchar。

2020-10-15 21:35:32::資料來源的型別 String 指定值無法轉換成指定目標資料行的型別 nvarchar。

2020-10-15 21:35:32::資料來源的型別 String 指定值無法轉換成指定目標資料行的型別 nvarchar。

2020-10-15 21:35:32::資料來源的型別 String 指定值無法轉換成指定目標資料行的型別 nvarchar。

2020-10-15 21:35:32::資料來源的型別 String 指定值無法轉換成指定目標資料行的型別 nvarchar。

2020-10-15 21:35:33::資料來源的型別 String 指定值無法轉換成指定目標資料行的型別 nvarchar。

2020-10-15 21:35:33::資料來源的型別 String 指定值無法轉換成指定目標資料行的型別 nvarchar。

2020-10-15 21:35:33::資料來源的型別 String 指定值無法轉換成指定目標資料行的型別 nvarchar。

2020-10-15 21:35:33::資料來源的型別 String 指定值無法轉換成指定目標資料行的型別 nvarchar。

2020-10-15 21:35:34::資料來源的型別 String 指定值無法轉換成指定目標資料行的型別 nvarchar。

2020-10-15 21:35:34::資料來源的型別 String 指定值無法轉換成指定目標資料行的型別 nvarchar。

2020-10-15 21:35:34::資料來源的型別 String 指定值無法轉換成指定目標資料行的型別 nvarchar。

2020-10-15 21:35:34::資料來源的型別 String 指定值無法轉換成指定目標資料行的型別 nvarchar。

2020-10-15 21:35:34::資料來源的型別 String 指定值無法轉換成指定目標資料行的型別 nvarchar。

2020-10-15 21:35:34::資料來源的型別 String 指定值無法轉換成指定目標資料行的型別 nvarchar。

2020-10-15 21:35:34::資料來源的型別 String 指定值無法轉換成指定目標資料行的型別 nvarchar。

2020-10-15 21:35:34::資料來源的型別 String 指定值無法轉換成指定目標資料行的型別 nvarchar。

2020-10-15 21:35:35::資料來源的型別 String 指定值無法轉換成指定目標資料行的型別 nvarchar。

2020-10-15 21:35:35::資料來源的型別 String 指定值無法轉換成指定目標資料行的型別 nvarchar。

2020-10-15 21:35:35::資料來源的型別 String 指定值無法轉換成指定目標資料行的型別 nvarchar。

2020-10-15 21:35:35::資料來源的型別 String 指定值無法轉換成指定目標資料行的型別 nvarchar。

2020-10-15 21:35:35::資料來源的型別 String 指定值無法轉換成指定目標資料行的型別 nvarchar。

2020-10-15 21:35:35::資料來源的型別 String 指定值無法轉換成指定目標資料行的型別 nvarchar。

2020-10-15 21:35:36::資料來源的型別 String 指定值無法轉換成指定目標資料行的型別 nvarchar。

2020-10-15 21:35:36::資料來源的型別 String 指定值無法轉換成指定目標資料行的型別 nvarchar。

2020-10-15 21:35:36::資料來源的型別 String 指定值無法轉換成指定目標資料行的型別 nvarchar。

2020-10-15 21:35:36::資料來源的型別 String 指定值無法轉換成指定目標資料行的型別 nvarchar。

2020-10-15 21:35:36::資料來源的型別 String 指定值無法轉換成指定目標資料行的型別 nvarchar。

2020-10-15 21:35:36::資料來源的型別 String 指定值無法轉換成指定目標資料行的型別 nvarchar。

2020-10-15 21:35:40::資料來源的型別 String 指定值無法轉換成指定目標資料行的型別 nvarchar。

2020-10-15 21:35:40::資料來源的型別 String 指定值無法轉換成指定目標資料行的型別 nvarchar。

2020-10-15 21:35:41::資料來源的型別 String 指定值無法轉換成指定目標資料行的型別 nvarchar。

2020-10-15 21:35:41::資料來源的型別 String 指定值無法轉換成指定目標資料行的型別 nvarchar。

2020-10-15 21:35:41::資料來源的型別 String 指定值無法轉換成指定目標資料行的型別 nvarchar。

2020-10-15 21:35:41::資料來源的型別 String 指定值無法轉換成指定目標資料行的型別 nvarchar。

2020-10-15 21:35:42::資料來源的型別 String 指定值無法轉換成指定目標資料行的型別 nvarchar。

2020-10-15 21:35:42::資料來源的型別 String 指定值無法轉換成指定目標資料行的型別 nvarchar。

2020-10-15 21:35:42::資料來源的型別 String 指定值無法轉換成指定目標資料行的型別 nvarchar。

2020-10-15 21:35:42::資料來源的型別 String 指定值無法轉換成指定目標資料行的型別 nvarchar。

2020-10-15 21:35:42::資料來源的型別 String 指定值無法轉換成指定目標資料行的型別 nvarchar。

2020-10-15 21:35:42::資料來源的型別 String 指定值無法轉換成指定目標資料行的型別 nvarchar。

2020-10-15 21:35:42::資料來源的型別 String 指定值無法轉換成指定目標資料行的型別 nvarchar。

2020-10-15 21:35:42::資料來源的型別 String 指定值無法轉換成指定目標資料行的型別 nvarchar。

2020-10-15 21:35:43::資料來源的型別 String 指定值無法轉換成指定目標資料行的型別 nvarchar。

2020-10-15 21:35:43::資料來源的型別 String 指定值無法轉換成指定目標資料行的型別 nvarchar。

2020-10-15 21:35:43::資料來源的型別 String 指定值無法轉換成指定目標資料行的型別 nvarchar。

2020-10-15 21:35:43::資料來源的型別 String 指定值無法轉換成指定目標資料行的型別 nvarchar。

2020-10-15 21:35:43::資料來源的型別 String 指定值無法轉換成指定目標資料行的型別 nvarchar。

2020-10-15 21:35:43::資料來源的型別 String 指定值無法轉換成指定目標資料行的型別 nvarchar。

2020-10-15 21:35:44::資料來源的型別 String 指定值無法轉換成指定目標資料行的型別 nvarchar。

2020-10-15 21:35:44::資料來源的型別 String 指定值無法轉換成指定目標資料行的型別 nvarchar。

2020-10-15 21:35:44::資料來源的型別 String 指定值無法轉換成指定目標資料行的型別 nvarchar。

2020-10-15 21:35:44::資料來源的型別 String 指定值無法轉換成指定目標資料行的型別 nvarchar。

2020-10-15 21:35:45::資料來源的型別 String 指定值無法轉換成指定目標資料行的型別 nvarchar。

2020-10-15 21:35:45::資料來源的型別 String 指定值無法轉換成指定目標資料行的型別 nvarchar。

2020-10-15 21:35:45::資料來源的型別 String 指定值無法轉換成指定目標資料行的型別 nvarchar。

2020-10-15 21:35:45::資料來源的型別 String 指定值無法轉換成指定目標資料行的型別 nvarchar。

2020-10-15 21:35:45::資料來源的型別 String 指定值無法轉換成指定目標資料行的型別 nvarchar。

2020-10-15 21:35:45::資料來源的型別 String 指定值無法轉換成指定目標資料行的型別 nvarchar。

2020-10-15 21:35:46::資料來源的型別 String 指定值無法轉換成指定目標資料行的型別 nvarchar。

2020-10-15 21:35:46::資料來源的型別 String 指定值無法轉換成指定目標資料行的型別 nvarchar。

2020-10-15 21:36:09::資料來源的型別 String 指定值無法轉換成指定目標資料行的型別 nvarchar。

2020-10-15 21:36:09::資料來源的型別 String 指定值無法轉換成指定目標資料行的型別 nvarchar。

2020-10-15 21:36:09::資料來源的型別 String 指定值無法轉換成指定目標資料行的型別 nvarchar。

2020-10-15 21:36:09::資料來源的型別 String 指定值無法轉換成指定目標資料行的型別 nvarchar。

2020-10-15 21:36:10::資料來源的型別 String 指定值無法轉換成指定目標資料行的型別 nvarchar。

2020-10-15 21:36:10::資料來源的型別 String 指定值無法轉換成指定目標資料行的型別 nvarchar。

2020-10-15 21:36:10::資料來源的型別 String 指定值無法轉換成指定目標資料行的型別 nvarchar。

2020-10-15 21:36:10::資料來源的型別 String 指定值無法轉換成指定目標資料行的型別 nvarchar。

2020-10-15 21:36:10::資料來源的型別 String 指定值無法轉換成指定目標資料行的型別 nvarchar。

2020-10-15 21:36:10::資料來源的型別 String 指定值無法轉換成指定目標資料行的型別 nvarchar。

2020-10-15 21:36:11::資料來源的型別 String 指定值無法轉換成指定目標資料行的型別 nvarchar。

2020-10-15 21:36:11::資料來源的型別 String 指定值無法轉換成指定目標資料行的型別 nvarchar。

2020-10-15 21:36:11::資料來源的型別 String 指定值無法轉換成指定目標資料行的型別 nvarchar。

2020-10-15 21:36:11::資料來源的型別 String 指定值無法轉換成指定目標資料行的型別 nvarchar。

2020-10-15 21:36:15::資料來源的型別 String 指定值無法轉換成指定目標資料行的型別 nvarchar。

2020-10-15 21:36:15::資料來源的型別 String 指定值無法轉換成指定目標資料行的型別 nvarchar。

2020-10-15 21:36:17::資料來源的型別 String 指定值無法轉換成指定目標資料行的型別 nvarchar。

2020-10-15 21:36:17::資料來源的型別 String 指定值無法轉換成指定目標資料行的型別 nvarchar。

2020-10-15 21:36:18::資料來源的型別 String 指定值無法轉換成指定目標資料行的型別 nvarchar。

2020-10-15 21:36:18::資料來源的型別 String 指定值無法轉換成指定目標資料行的型別 nvarchar。

2020-10-15 21:36:18::資料來源的型別 String 指定值無法轉換成指定目標資料行的型別 nvarchar。

2020-10-15 21:36:18::資料來源的型別 String 指定值無法轉換成指定目標資料行的型別 nvarchar。

2020-10-15 21:36:19::資料來源的型別 String 指定值無法轉換成指定目標資料行的型別 nvarchar。

2020-10-15 21:36:19::資料來源的型別 String 指定值無法轉換成指定目標資料行的型別 nvarchar。

2020-10-15 21:36:19::資料來源的型別 String 指定值無法轉換成指定目標資料行的型別 nvarchar。

2020-10-15 21:36:19::資料來源的型別 String 指定值無法轉換成指定目標資料行的型別 nvarchar。

2020-10-15 21:36:19::資料來源的型別 String 指定值無法轉換成指定目標資料行的型別 nvarchar。

2020-10-15 21:36:19::資料來源的型別 String 指定值無法轉換成指定目標資料行的型別 nvarchar。

2020-10-15 21:36:19::資料來源的型別 String 指定值無法轉換成指定目標資料行的型別 nvarchar。

2020-10-15 21:36:19::資料來源的型別 String 指定值無法轉換成指定目標資料行的型別 nvarchar。

2020-10-15 21:36:20::資料來源的型別 String 指定值無法轉換成指定目標資料行的型別 nvarchar。

2020-10-15 21:36:20::資料來源的型別 String 指定值無法轉換成指定目標資料行的型別 nvarchar。

2020-10-15 21:36:20::資料來源的型別 String 指定值無法轉換成指定目標資料行的型別 nvarchar。

2020-10-15 21:36:20::資料來源的型別 String 指定值無法轉換成指定目標資料行的型別 nvarchar。

2020-10-15 21:36:20::資料來源的型別 String 指定值無法轉換成指定目標資料行的型別 nvarchar。

2020-10-15 21:36:20::資料來源的型別 String 指定值無法轉換成指定目標資料行的型別 nvarchar。

2020-10-15 21:36:20::資料來源的型別 String 指定值無法轉換成指定目標資料行的型別 nvarchar。

2020-10-15 21:36:20::資料來源的型別 String 指定值無法轉換成指定目標資料行的型別 nvarchar。

2020-10-15 21:36:21::資料來源的型別 String 指定值無法轉換成指定目標資料行的型別 nvarchar。

2020-10-15 21:36:21::資料來源的型別 String 指定值無法轉換成指定目標資料行的型別 nvarchar。

2020-10-15 21:36:22::資料來源的型別 String 指定值無法轉換成指定目標資料行的型別 nvarchar。

2020-10-15 21:36:22::資料來源的型別 String 指定值無法轉換成指定目標資料行的型別 nvarchar。

2020-10-15 21:36:23::資料來源的型別 String 指定值無法轉換成指定目標資料行的型別 nvarchar。

2020-10-15 21:36:23::資料來源的型別 String 指定值無法轉換成指定目標資料行的型別 nvarchar。

2020-10-15 21:36:24::資料來源的型別 String 指定值無法轉換成指定目標資料行的型別 nvarchar。

2020-10-15 21:36:24::資料來源的型別 String 指定值無法轉換成指定目標資料行的型別 nvarchar。

2020-10-15 21:36:28::資料來源的型別 String 指定值無法轉換成指定目標資料行的型別 nvarchar。

2020-10-15 21:36:28::資料來源的型別 String 指定值無法轉換成指定目標資料行的型別 nvarchar。

2020-10-15 21:36:34::資料來源的型別 String 指定值無法轉換成指定目標資料行的型別 nvarchar。

2020-10-15 21:36:34::資料來源的型別 String 指定值無法轉換成指定目標資料行的型別 nvarchar。

2020-10-15 21:36:37::資料來源的型別 String 指定值無法轉換成指定目標資料行的型別 nvarchar。

2020-10-15 21:36:37::資料來源的型別 String 指定值無法轉換成指定目標資料行的型別 nvarchar。

2020-10-15 21:36:43::資料來源的型別 String 指定值無法轉換成指定目標資料行的型別 nvarchar。

2020-10-15 21:36:43::資料來源的型別 String 指定值無法轉換成指定目標資料行的型別 nvarchar。

2020-10-15 21:36:44::資料來源的型別 String 指定值無法轉換成指定目標資料行的型別 nvarchar。

2020-10-15 21:36:44::資料來源的型別 String 指定值無法轉換成指定目標資料行的型別 nvarchar。

2020-10-15 21:36:45::資料來源的型別 String 指定值無法轉換成指定目標資料行的型別 nvarchar。

2020-10-15 21:36:45::資料來源的型別 String 指定值無法轉換成指定目標資料行的型別 nvarchar。

2020-10-15 21:36:45::資料來源的型別 String 指定值無法轉換成指定目標資料行的型別 nvarchar。

2020-10-15 21:36:45::資料來源的型別 String 指定值無法轉換成指定目標資料行的型別 nvarchar。

2020-10-15 21:36:46::資料來源的型別 String 指定值無法轉換成指定目標資料行的型別 nvarchar。

2020-10-15 21:36:46::資料來源的型別 String 指定值無法轉換成指定目標資料行的型別 nvarchar。

2020-10-15 21:36:47::資料來源的型別 String 指定值無法轉換成指定目標資料行的型別 nvarchar。

2020-10-15 21:36:47::資料來源的型別 String 指定值無法轉換成指定目標資料行的型別 nvarchar。

2020-10-15 21:36:47::資料來源的型別 String 指定值無法轉換成指定目標資料行的型別 nvarchar。

2020-10-15 21:36:47::資料來源的型別 String 指定值無法轉換成指定目標資料行的型別 nvarchar。

2020-10-15 21:36:48::資料來源的型別 String 指定值無法轉換成指定目標資料行的型別 nvarchar。

2020-10-15 21:36:48::資料來源的型別 String 指定值無法轉換成指定目標資料行的型別 nvarchar。

2020-10-15 21:36:48::資料來源的型別 String 指定值無法轉換成指定目標資料行的型別 nvarchar。

2020-10-15 21:36:48::資料來源的型別 String 指定值無法轉換成指定目標資料行的型別 nvarchar。

2020-10-15 21:36:51::資料來源的型別 String 指定值無法轉換成指定目標資料行的型別 nvarchar。

2020-10-15 21:36:51::資料來源的型別 String 指定值無法轉換成指定目標資料行的型別 nvarchar。

2020-10-15 21:36:53::資料來源的型別 String 指定值無法轉換成指定目標資料行的型別 nvarchar。

2020-10-15 21:36:53::資料來源的型別 String 指定值無法轉換成指定目標資料行的型別 nvarchar。

2020-10-15 21:36:57::資料來源的型別 String 指定值無法轉換成指定目標資料行的型別 nvarchar。

2020-10-15 21:36:57::資料來源的型別 String 指定值無法轉換成指定目標資料行的型別 nvarchar。

2020-10-15 21:36:57::資料來源的型別 String 指定值無法轉換成指定目標資料行的型別 nvarchar。

2020-10-15 21:36:57::資料來源的型別 String 指定值無法轉換成指定目標資料行的型別 nvarchar。

2020-10-15 21:36:58::資料來源的型別 String 指定值無法轉換成指定目標資料行的型別 nvarchar。

2020-10-15 21:36:58::資料來源的型別 String 指定值無法轉換成指定目標資料行的型別 nvarchar。

2020-10-15 21:37:02::資料來源的型別 String 指定值無法轉換成指定目標資料行的型別 nvarchar。

2020-10-15 21:37:02::資料來源的型別 String 指定值無法轉換成指定目標資料行的型別 nvarchar。

2020-10-15 21:37:02::資料來源的型別 String 指定值無法轉換成指定目標資料行的型別 nvarchar。

2020-10-15 21:37:02::資料來源的型別 String 指定值無法轉換成指定目標資料行的型別 nvarchar。

2020-10-15 21:37:11::資料來源的型別 String 指定值無法轉換成指定目標資料行的型別 nvarchar。

2020-10-15 21:37:11::資料來源的型別 String 指定值無法轉換成指定目標資料行的型別 nvarchar。

2020-10-15 21:37:18::資料來源的型別 String 指定值無法轉換成指定目標資料行的型別 nvarchar。

2020-10-15 21:37:18::資料來源的型別 String 指定值無法轉換成指定目標資料行的型別 nvarchar。

2020-10-15 21:37:18::資料來源的型別 String 指定值無法轉換成指定目標資料行的型別 nvarchar。

2020-10-15 21:37:18::資料來源的型別 String 指定值無法轉換成指定目標資料行的型別 nvarchar。

