2020-12-31 10:59:00::ExecuteReader 必須有開啟與可用的 Connection。連接目前的狀態為連接中。

2020-12-31 10:59:00::並未將物件參考設定為物件的執行個體。

2020-12-31 10:59:01::資料來源的型別 String 指定值無法轉換成指定目標資料行的型別 nvarchar。

2020-12-31 10:59:01::資料來源的型別 String 指定值無法轉換成指定目標資料行的型別 nvarchar。

2020-12-31 10:59:03::資料來源的型別 String 指定值無法轉換成指定目標資料行的型別 nvarchar。

2020-12-31 10:59:03::資料來源的型別 String 指定值無法轉換成指定目標資料行的型別 nvarchar。

2020-12-31 10:59:08::資料來源的型別 String 指定值無法轉換成指定目標資料行的型別 nvarchar。

2020-12-31 10:59:08::資料來源的型別 String 指定值無法轉換成指定目標資料行的型別 nvarchar。

2020-12-31 11:00:58::資料來源的型別 String 指定值無法轉換成指定目標資料行的型別 nvarchar。

2020-12-31 11:00:58::資料來源的型別 String 指定值無法轉換成指定目標資料行的型別 nvarchar。

2020-12-31 11:01:02::資料來源的型別 String 指定值無法轉換成指定目標資料行的型別 nvarchar。

2020-12-31 11:01:02::資料來源的型別 String 指定值無法轉換成指定目標資料行的型別 nvarchar。

2020-12-31 11:01:07::資料來源的型別 String 指定值無法轉換成指定目標資料行的型別 nvarchar。

2020-12-31 11:01:07::資料來源的型別 String 指定值無法轉換成指定目標資料行的型別 nvarchar。

2020-12-31 11:02:26::資料來源的型別 String 指定值無法轉換成指定目標資料行的型別 nvarchar。

2020-12-31 11:02:26::資料來源的型別 String 指定值無法轉換成指定目標資料行的型別 nvarchar。

2020-12-31 11:02:44::資料來源的型別 String 指定值無法轉換成指定目標資料行的型別 nvarchar。

2020-12-31 11:02:44::資料來源的型別 String 指定值無法轉換成指定目標資料行的型別 nvarchar。

2020-12-31 11:02:47::資料來源的型別 String 指定值無法轉換成指定目標資料行的型別 nvarchar。

2020-12-31 11:02:47::資料來源的型別 String 指定值無法轉換成指定目標資料行的型別 nvarchar。

2020-12-31 11:02:51::資料來源的型別 String 指定值無法轉換成指定目標資料行的型別 nvarchar。

2020-12-31 11:02:51::資料來源的型別 String 指定值無法轉換成指定目標資料行的型別 nvarchar。

2020-12-31 11:02:52::資料來源的型別 String 指定值無法轉換成指定目標資料行的型別 nvarchar。

2020-12-31 11:02:52::資料來源的型別 String 指定值無法轉換成指定目標資料行的型別 nvarchar。

2020-12-31 11:02:54::資料來源的型別 String 指定值無法轉換成指定目標資料行的型別 nvarchar。

2020-12-31 11:02:54::資料來源的型別 String 指定值無法轉換成指定目標資料行的型別 nvarchar。

2020-12-31 11:02:59::資料來源的型別 String 指定值無法轉換成指定目標資料行的型別 nvarchar。

2020-12-31 11:02:59::資料來源的型別 String 指定值無法轉換成指定目標資料行的型別 nvarchar。

2020-12-31 11:03:09::資料來源的型別 String 指定值無法轉換成指定目標資料行的型別 nvarchar。

2020-12-31 11:03:09::資料來源的型別 String 指定值無法轉換成指定目標資料行的型別 nvarchar。

2020-12-31 11:03:10::資料來源的型別 String 指定值無法轉換成指定目標資料行的型別 nvarchar。

2020-12-31 11:03:10::資料來源的型別 String 指定值無法轉換成指定目標資料行的型別 nvarchar。

2020-12-31 11:03:11::資料來源的型別 String 指定值無法轉換成指定目標資料行的型別 nvarchar。

2020-12-31 11:03:11::資料來源的型別 String 指定值無法轉換成指定目標資料行的型別 nvarchar。

2020-12-31 11:03:11::資料來源的型別 String 指定值無法轉換成指定目標資料行的型別 nvarchar。

2020-12-31 11:03:11::資料來源的型別 String 指定值無法轉換成指定目標資料行的型別 nvarchar。

2020-12-31 11:03:13::資料來源的型別 String 指定值無法轉換成指定目標資料行的型別 nvarchar。

2020-12-31 11:03:13::資料來源的型別 String 指定值無法轉換成指定目標資料行的型別 nvarchar。

2020-12-31 11:03:15::資料來源的型別 String 指定值無法轉換成指定目標資料行的型別 nvarchar。

2020-12-31 11:03:15::資料來源的型別 String 指定值無法轉換成指定目標資料行的型別 nvarchar。

2020-12-31 11:03:15::資料來源的型別 String 指定值無法轉換成指定目標資料行的型別 nvarchar。

2020-12-31 11:03:15::資料來源的型別 String 指定值無法轉換成指定目標資料行的型別 nvarchar。

2020-12-31 11:03:16::資料來源的型別 String 指定值無法轉換成指定目標資料行的型別 nvarchar。

2020-12-31 11:03:16::資料來源的型別 String 指定值無法轉換成指定目標資料行的型別 nvarchar。

2020-12-31 11:03:17::資料來源的型別 String 指定值無法轉換成指定目標資料行的型別 nvarchar。

2020-12-31 11:03:17::資料來源的型別 String 指定值無法轉換成指定目標資料行的型別 nvarchar。

2020-12-31 11:03:17::資料來源的型別 String 指定值無法轉換成指定目標資料行的型別 nvarchar。

2020-12-31 11:03:17::資料來源的型別 String 指定值無法轉換成指定目標資料行的型別 nvarchar。

2020-12-31 11:03:17::資料來源的型別 String 指定值無法轉換成指定目標資料行的型別 nvarchar。

2020-12-31 11:03:17::資料來源的型別 String 指定值無法轉換成指定目標資料行的型別 nvarchar。

2020-12-31 11:03:17::資料來源的型別 String 指定值無法轉換成指定目標資料行的型別 nvarchar。

2020-12-31 11:03:17::資料來源的型別 String 指定值無法轉換成指定目標資料行的型別 nvarchar。

2020-12-31 11:03:18::資料來源的型別 String 指定值無法轉換成指定目標資料行的型別 nvarchar。

2020-12-31 11:03:18::資料來源的型別 String 指定值無法轉換成指定目標資料行的型別 nvarchar。

2020-12-31 11:03:18::資料來源的型別 String 指定值無法轉換成指定目標資料行的型別 nvarchar。

2020-12-31 11:03:18::資料來源的型別 String 指定值無法轉換成指定目標資料行的型別 nvarchar。

2020-12-31 11:03:20::資料來源的型別 String 指定值無法轉換成指定目標資料行的型別 nvarchar。

2020-12-31 11:03:20::資料來源的型別 String 指定值無法轉換成指定目標資料行的型別 nvarchar。

2020-12-31 11:03:20::資料來源的型別 String 指定值無法轉換成指定目標資料行的型別 nvarchar。

2020-12-31 11:03:20::資料來源的型別 String 指定值無法轉換成指定目標資料行的型別 nvarchar。

2020-12-31 11:03:20::資料來源的型別 String 指定值無法轉換成指定目標資料行的型別 nvarchar。

2020-12-31 11:03:20::資料來源的型別 String 指定值無法轉換成指定目標資料行的型別 nvarchar。

2020-12-31 11:03:20::資料來源的型別 String 指定值無法轉換成指定目標資料行的型別 nvarchar。

2020-12-31 11:03:20::資料來源的型別 String 指定值無法轉換成指定目標資料行的型別 nvarchar。

2020-12-31 11:03:21::資料來源的型別 String 指定值無法轉換成指定目標資料行的型別 nvarchar。

2020-12-31 11:03:21::資料來源的型別 String 指定值無法轉換成指定目標資料行的型別 nvarchar。

2020-12-31 11:03:21::資料來源的型別 String 指定值無法轉換成指定目標資料行的型別 nvarchar。

2020-12-31 11:03:21::資料來源的型別 String 指定值無法轉換成指定目標資料行的型別 nvarchar。

2020-12-31 11:03:21::資料來源的型別 String 指定值無法轉換成指定目標資料行的型別 nvarchar。

2020-12-31 11:03:21::資料來源的型別 String 指定值無法轉換成指定目標資料行的型別 nvarchar。

2020-12-31 11:03:28::資料來源的型別 String 指定值無法轉換成指定目標資料行的型別 nvarchar。

2020-12-31 11:03:28::資料來源的型別 String 指定值無法轉換成指定目標資料行的型別 nvarchar。

2020-12-31 11:03:31::資料來源的型別 String 指定值無法轉換成指定目標資料行的型別 nvarchar。

2020-12-31 11:03:31::資料來源的型別 String 指定值無法轉換成指定目標資料行的型別 nvarchar。

2020-12-31 11:03:37::資料來源的型別 String 指定值無法轉換成指定目標資料行的型別 nvarchar。

2020-12-31 11:03:37::資料來源的型別 String 指定值無法轉換成指定目標資料行的型別 nvarchar。

2020-12-31 11:03:37::資料來源的型別 String 指定值無法轉換成指定目標資料行的型別 nvarchar。

2020-12-31 11:03:37::資料來源的型別 String 指定值無法轉換成指定目標資料行的型別 nvarchar。

2020-12-31 11:03:37::資料來源的型別 String 指定值無法轉換成指定目標資料行的型別 nvarchar。

2020-12-31 11:03:37::資料來源的型別 String 指定值無法轉換成指定目標資料行的型別 nvarchar。

2020-12-31 11:03:37::資料來源的型別 String 指定值無法轉換成指定目標資料行的型別 nvarchar。

2020-12-31 11:03:37::資料來源的型別 String 指定值無法轉換成指定目標資料行的型別 nvarchar。

2020-12-31 11:03:42::資料來源的型別 String 指定值無法轉換成指定目標資料行的型別 nvarchar。

2020-12-31 11:03:42::資料來源的型別 String 指定值無法轉換成指定目標資料行的型別 nvarchar。

2020-12-31 11:03:43::資料來源的型別 String 指定值無法轉換成指定目標資料行的型別 nvarchar。

2020-12-31 11:03:43::資料來源的型別 String 指定值無法轉換成指定目標資料行的型別 nvarchar。

2020-12-31 11:03:43::資料來源的型別 String 指定值無法轉換成指定目標資料行的型別 nvarchar。

2020-12-31 11:03:43::資料來源的型別 String 指定值無法轉換成指定目標資料行的型別 nvarchar。

2020-12-31 11:03:43::資料來源的型別 String 指定值無法轉換成指定目標資料行的型別 nvarchar。

2020-12-31 11:03:43::資料來源的型別 String 指定值無法轉換成指定目標資料行的型別 nvarchar。

2020-12-31 11:03:43::資料來源的型別 String 指定值無法轉換成指定目標資料行的型別 nvarchar。

2020-12-31 11:03:43::資料來源的型別 String 指定值無法轉換成指定目標資料行的型別 nvarchar。

2020-12-31 11:03:43::資料來源的型別 String 指定值無法轉換成指定目標資料行的型別 nvarchar。

2020-12-31 11:03:43::資料來源的型別 String 指定值無法轉換成指定目標資料行的型別 nvarchar。

2020-12-31 11:03:43::資料來源的型別 String 指定值無法轉換成指定目標資料行的型別 nvarchar。

2020-12-31 11:03:43::資料來源的型別 String 指定值無法轉換成指定目標資料行的型別 nvarchar。

2020-12-31 11:03:43::資料來源的型別 String 指定值無法轉換成指定目標資料行的型別 nvarchar。

2020-12-31 11:03:43::資料來源的型別 String 指定值無法轉換成指定目標資料行的型別 nvarchar。

2020-12-31 11:03:44::資料來源的型別 String 指定值無法轉換成指定目標資料行的型別 nvarchar。

2020-12-31 11:03:44::資料來源的型別 String 指定值無法轉換成指定目標資料行的型別 nvarchar。

2020-12-31 11:03:44::資料來源的型別 String 指定值無法轉換成指定目標資料行的型別 nvarchar。

2020-12-31 11:03:44::資料來源的型別 String 指定值無法轉換成指定目標資料行的型別 nvarchar。

2020-12-31 11:03:44::資料來源的型別 String 指定值無法轉換成指定目標資料行的型別 nvarchar。

2020-12-31 11:03:44::資料來源的型別 String 指定值無法轉換成指定目標資料行的型別 nvarchar。

2020-12-31 11:03:50::資料來源的型別 String 指定值無法轉換成指定目標資料行的型別 nvarchar。

2020-12-31 11:03:50::資料來源的型別 String 指定值無法轉換成指定目標資料行的型別 nvarchar。

2020-12-31 11:03:50::資料來源的型別 String 指定值無法轉換成指定目標資料行的型別 nvarchar。

2020-12-31 11:03:50::資料來源的型別 String 指定值無法轉換成指定目標資料行的型別 nvarchar。

2020-12-31 11:03:51::並未將物件參考設定為物件的執行個體。

2020-12-31 11:03:51::作業無效。已經關閉連接。

2020-12-31 11:03:51::並未將物件參考設定為物件的執行個體。

2020-12-31 11:03:51::資料來源的型別 String 指定值無法轉換成指定目標資料行的型別 nvarchar。

2020-12-31 11:03:51::資料來源的型別 String 指定值無法轉換成指定目標資料行的型別 nvarchar。

2020-12-31 11:03:54::資料來源的型別 String 指定值無法轉換成指定目標資料行的型別 nvarchar。

2020-12-31 11:03:54::資料來源的型別 String 指定值無法轉換成指定目標資料行的型別 nvarchar。

2020-12-31 11:03:54::資料來源的型別 String 指定值無法轉換成指定目標資料行的型別 nvarchar。

2020-12-31 11:03:54::資料來源的型別 String 指定值無法轉換成指定目標資料行的型別 nvarchar。

2020-12-31 11:03:54::資料來源的型別 String 指定值無法轉換成指定目標資料行的型別 nvarchar。

2020-12-31 11:03:54::資料來源的型別 String 指定值無法轉換成指定目標資料行的型別 nvarchar。

2020-12-31 11:03:54::資料來源的型別 String 指定值無法轉換成指定目標資料行的型別 nvarchar。

2020-12-31 11:03:54::資料來源的型別 String 指定值無法轉換成指定目標資料行的型別 nvarchar。

2020-12-31 11:03:55::資料來源的型別 String 指定值無法轉換成指定目標資料行的型別 nvarchar。

2020-12-31 11:03:55::資料來源的型別 String 指定值無法轉換成指定目標資料行的型別 nvarchar。

2020-12-31 11:03:55::資料來源的型別 String 指定值無法轉換成指定目標資料行的型別 nvarchar。

2020-12-31 11:03:55::資料來源的型別 String 指定值無法轉換成指定目標資料行的型別 nvarchar。

2020-12-31 11:03:55::資料來源的型別 String 指定值無法轉換成指定目標資料行的型別 nvarchar。

2020-12-31 11:03:55::資料來源的型別 String 指定值無法轉換成指定目標資料行的型別 nvarchar。

2020-12-31 11:03:55::資料來源的型別 String 指定值無法轉換成指定目標資料行的型別 nvarchar。

2020-12-31 11:03:55::資料來源的型別 String 指定值無法轉換成指定目標資料行的型別 nvarchar。

2020-12-31 11:03:56::資料來源的型別 String 指定值無法轉換成指定目標資料行的型別 nvarchar。

2020-12-31 11:03:56::資料來源的型別 String 指定值無法轉換成指定目標資料行的型別 nvarchar。

2020-12-31 11:04:08::資料來源的型別 String 指定值無法轉換成指定目標資料行的型別 nvarchar。

2020-12-31 11:04:08::資料來源的型別 String 指定值無法轉換成指定目標資料行的型別 nvarchar。

2020-12-31 11:04:09::資料來源的型別 String 指定值無法轉換成指定目標資料行的型別 nvarchar。

2020-12-31 11:04:09::資料來源的型別 String 指定值無法轉換成指定目標資料行的型別 nvarchar。

2020-12-31 11:04:09::資料來源的型別 String 指定值無法轉換成指定目標資料行的型別 nvarchar。

2020-12-31 11:04:09::資料來源的型別 String 指定值無法轉換成指定目標資料行的型別 nvarchar。

2020-12-31 11:04:09::資料來源的型別 String 指定值無法轉換成指定目標資料行的型別 nvarchar。

2020-12-31 11:04:09::資料來源的型別 String 指定值無法轉換成指定目標資料行的型別 nvarchar。

2020-12-31 11:04:09::資料來源的型別 String 指定值無法轉換成指定目標資料行的型別 nvarchar。

2020-12-31 11:04:09::資料來源的型別 String 指定值無法轉換成指定目標資料行的型別 nvarchar。

2020-12-31 11:04:13::資料來源的型別 String 指定值無法轉換成指定目標資料行的型別 nvarchar。

2020-12-31 11:04:13::資料來源的型別 String 指定值無法轉換成指定目標資料行的型別 nvarchar。

2020-12-31 11:04:14::資料來源的型別 String 指定值無法轉換成指定目標資料行的型別 nvarchar。

2020-12-31 11:04:14::資料來源的型別 String 指定值無法轉換成指定目標資料行的型別 nvarchar。

2020-12-31 11:04:14::資料來源的型別 String 指定值無法轉換成指定目標資料行的型別 nvarchar。

2020-12-31 11:04:14::資料來源的型別 String 指定值無法轉換成指定目標資料行的型別 nvarchar。

2020-12-31 11:04:14::資料來源的型別 String 指定值無法轉換成指定目標資料行的型別 nvarchar。

2020-12-31 11:04:14::資料來源的型別 String 指定值無法轉換成指定目標資料行的型別 nvarchar。

2020-12-31 11:04:15::資料來源的型別 String 指定值無法轉換成指定目標資料行的型別 nvarchar。

2020-12-31 11:04:15::資料來源的型別 String 指定值無法轉換成指定目標資料行的型別 nvarchar。

2020-12-31 11:04:43::資料來源的型別 String 指定值無法轉換成指定目標資料行的型別 nvarchar。

2020-12-31 11:04:43::資料來源的型別 String 指定值無法轉換成指定目標資料行的型別 nvarchar。

2020-12-31 11:04:44::資料來源的型別 String 指定值無法轉換成指定目標資料行的型別 nvarchar。

2020-12-31 11:04:44::資料來源的型別 String 指定值無法轉換成指定目標資料行的型別 nvarchar。

2020-12-31 11:04:44::資料來源的型別 String 指定值無法轉換成指定目標資料行的型別 nvarchar。

2020-12-31 11:04:44::資料來源的型別 String 指定值無法轉換成指定目標資料行的型別 nvarchar。

2020-12-31 11:04:44::資料來源的型別 String 指定值無法轉換成指定目標資料行的型別 nvarchar。

2020-12-31 11:04:44::資料來源的型別 String 指定值無法轉換成指定目標資料行的型別 nvarchar。

2020-12-31 11:04:50::資料來源的型別 String 指定值無法轉換成指定目標資料行的型別 nvarchar。

2020-12-31 11:04:50::資料來源的型別 String 指定值無法轉換成指定目標資料行的型別 nvarchar。

2020-12-31 11:04:50::資料來源的型別 String 指定值無法轉換成指定目標資料行的型別 nvarchar。

2020-12-31 11:04:50::資料來源的型別 String 指定值無法轉換成指定目標資料行的型別 nvarchar。

2020-12-31 11:04:50::資料來源的型別 String 指定值無法轉換成指定目標資料行的型別 nvarchar。

2020-12-31 11:04:50::資料來源的型別 String 指定值無法轉換成指定目標資料行的型別 nvarchar。

2020-12-31 11:04:50::資料來源的型別 String 指定值無法轉換成指定目標資料行的型別 nvarchar。

2020-12-31 11:04:50::資料來源的型別 String 指定值無法轉換成指定目標資料行的型別 nvarchar。

2020-12-31 11:04:51::資料來源的型別 String 指定值無法轉換成指定目標資料行的型別 nvarchar。

2020-12-31 11:04:51::資料來源的型別 String 指定值無法轉換成指定目標資料行的型別 nvarchar。

2020-12-31 11:04:52::資料來源的型別 String 指定值無法轉換成指定目標資料行的型別 nvarchar。

2020-12-31 11:04:52::資料來源的型別 String 指定值無法轉換成指定目標資料行的型別 nvarchar。

2020-12-31 11:04:53::資料來源的型別 String 指定值無法轉換成指定目標資料行的型別 nvarchar。

2020-12-31 11:04:53::資料來源的型別 String 指定值無法轉換成指定目標資料行的型別 nvarchar。

2020-12-31 11:04:54::資料來源的型別 String 指定值無法轉換成指定目標資料行的型別 nvarchar。

2020-12-31 11:04:54::資料來源的型別 String 指定值無法轉換成指定目標資料行的型別 nvarchar。

2020-12-31 11:04:56::資料來源的型別 String 指定值無法轉換成指定目標資料行的型別 nvarchar。

2020-12-31 11:04:56::資料來源的型別 String 指定值無法轉換成指定目標資料行的型別 nvarchar。

2020-12-31 11:05:05::資料來源的型別 String 指定值無法轉換成指定目標資料行的型別 nvarchar。

2020-12-31 11:05:05::資料來源的型別 String 指定值無法轉換成指定目標資料行的型別 nvarchar。

2020-12-31 11:05:06::資料來源的型別 String 指定值無法轉換成指定目標資料行的型別 nvarchar。

2020-12-31 11:05:06::資料來源的型別 String 指定值無法轉換成指定目標資料行的型別 nvarchar。

2020-12-31 11:05:06::並未將物件參考設定為物件的執行個體。

2020-12-31 11:05:06::已經開啟一個與這個 Command 相關的 DataReader，必須先將它關閉。

2020-12-31 11:05:06::並未將物件參考設定為物件的執行個體。

2020-12-31 11:05:06::資料來源的型別 String 指定值無法轉換成指定目標資料行的型別 nvarchar。

2020-12-31 11:05:06::資料來源的型別 String 指定值無法轉換成指定目標資料行的型別 nvarchar。

2020-12-31 11:05:07::資料來源的型別 String 指定值無法轉換成指定目標資料行的型別 nvarchar。

2020-12-31 11:05:07::資料來源的型別 String 指定值無法轉換成指定目標資料行的型別 nvarchar。

2020-12-31 11:05:18::資料來源的型別 String 指定值無法轉換成指定目標資料行的型別 nvarchar。

2020-12-31 11:05:18::資料來源的型別 String 指定值無法轉換成指定目標資料行的型別 nvarchar。

2020-12-31 11:05:19::資料來源的型別 String 指定值無法轉換成指定目標資料行的型別 nvarchar。

2020-12-31 11:05:19::資料來源的型別 String 指定值無法轉換成指定目標資料行的型別 nvarchar。

2020-12-31 11:05:19::資料來源的型別 String 指定值無法轉換成指定目標資料行的型別 nvarchar。

2020-12-31 11:05:19::資料來源的型別 String 指定值無法轉換成指定目標資料行的型別 nvarchar。

2020-12-31 11:05:19::資料來源的型別 String 指定值無法轉換成指定目標資料行的型別 nvarchar。

2020-12-31 11:05:19::資料來源的型別 String 指定值無法轉換成指定目標資料行的型別 nvarchar。

2020-12-31 11:05:19::資料來源的型別 String 指定值無法轉換成指定目標資料行的型別 nvarchar。

2020-12-31 11:05:19::資料來源的型別 String 指定值無法轉換成指定目標資料行的型別 nvarchar。

2020-12-31 11:05:21::資料來源的型別 String 指定值無法轉換成指定目標資料行的型別 nvarchar。

2020-12-31 11:05:21::資料來源的型別 String 指定值無法轉換成指定目標資料行的型別 nvarchar。

2020-12-31 11:05:21::資料來源的型別 String 指定值無法轉換成指定目標資料行的型別 nvarchar。

2020-12-31 11:05:21::資料來源的型別 String 指定值無法轉換成指定目標資料行的型別 nvarchar。

2020-12-31 11:05:24::資料來源的型別 String 指定值無法轉換成指定目標資料行的型別 nvarchar。

2020-12-31 11:05:24::資料來源的型別 String 指定值無法轉換成指定目標資料行的型別 nvarchar。

2020-12-31 11:05:25::資料來源的型別 String 指定值無法轉換成指定目標資料行的型別 nvarchar。

2020-12-31 11:05:25::資料來源的型別 String 指定值無法轉換成指定目標資料行的型別 nvarchar。

2020-12-31 11:05:27::資料來源的型別 String 指定值無法轉換成指定目標資料行的型別 nvarchar。

2020-12-31 11:05:27::資料來源的型別 String 指定值無法轉換成指定目標資料行的型別 nvarchar。

2020-12-31 11:05:27::資料來源的型別 String 指定值無法轉換成指定目標資料行的型別 nvarchar。

2020-12-31 11:05:27::資料來源的型別 String 指定值無法轉換成指定目標資料行的型別 nvarchar。

2020-12-31 11:09:17::資料來源的型別 String 指定值無法轉換成指定目標資料行的型別 nvarchar。

2020-12-31 11:09:17::資料來源的型別 String 指定值無法轉換成指定目標資料行的型別 nvarchar。

2020-12-31 11:09:18::資料來源的型別 String 指定值無法轉換成指定目標資料行的型別 nvarchar。

2020-12-31 11:09:18::資料來源的型別 String 指定值無法轉換成指定目標資料行的型別 nvarchar。

2020-12-31 11:09:18::資料來源的型別 String 指定值無法轉換成指定目標資料行的型別 nvarchar。

2020-12-31 11:09:18::資料來源的型別 String 指定值無法轉換成指定目標資料行的型別 nvarchar。

2020-12-31 11:49:06::並未將物件參考設定為物件的執行個體。

2020-12-31 11:49:06::並未將物件參考設定為物件的執行個體。

2020-12-31 11:49:07::資料來源的型別 String 指定值無法轉換成指定目標資料行的型別 nvarchar。

2020-12-31 11:49:07::資料來源的型別 String 指定值無法轉換成指定目標資料行的型別 nvarchar。

2020-12-31 11:49:48::資料來源的型別 String 指定值無法轉換成指定目標資料行的型別 nvarchar。

2020-12-31 11:49:48::資料來源的型別 String 指定值無法轉換成指定目標資料行的型別 nvarchar。

2020-12-31 11:49:51::資料來源的型別 String 指定值無法轉換成指定目標資料行的型別 nvarchar。

2020-12-31 11:49:51::資料來源的型別 String 指定值無法轉換成指定目標資料行的型別 nvarchar。

2020-12-31 11:49:52::資料來源的型別 String 指定值無法轉換成指定目標資料行的型別 nvarchar。

2020-12-31 11:49:52::資料來源的型別 String 指定值無法轉換成指定目標資料行的型別 nvarchar。

2020-12-31 11:49:53::資料來源的型別 String 指定值無法轉換成指定目標資料行的型別 nvarchar。

2020-12-31 11:49:53::資料來源的型別 String 指定值無法轉換成指定目標資料行的型別 nvarchar。

2020-12-31 11:49:54::資料來源的型別 String 指定值無法轉換成指定目標資料行的型別 nvarchar。

2020-12-31 11:49:54::資料來源的型別 String 指定值無法轉換成指定目標資料行的型別 nvarchar。

2020-12-31 11:49:55::資料來源的型別 String 指定值無法轉換成指定目標資料行的型別 nvarchar。

2020-12-31 11:49:55::資料來源的型別 String 指定值無法轉換成指定目標資料行的型別 nvarchar。

2020-12-31 11:49:55::資料來源的型別 String 指定值無法轉換成指定目標資料行的型別 nvarchar。

2020-12-31 11:49:55::資料來源的型別 String 指定值無法轉換成指定目標資料行的型別 nvarchar。

2020-12-31 11:49:55::資料來源的型別 String 指定值無法轉換成指定目標資料行的型別 nvarchar。

2020-12-31 11:49:55::資料來源的型別 String 指定值無法轉換成指定目標資料行的型別 nvarchar。

2020-12-31 11:49:58::資料來源的型別 String 指定值無法轉換成指定目標資料行的型別 nvarchar。

2020-12-31 11:49:58::資料來源的型別 String 指定值無法轉換成指定目標資料行的型別 nvarchar。

2020-12-31 11:49:59::資料來源的型別 String 指定值無法轉換成指定目標資料行的型別 nvarchar。

2020-12-31 11:49:59::資料來源的型別 String 指定值無法轉換成指定目標資料行的型別 nvarchar。

2020-12-31 11:50:00::資料來源的型別 String 指定值無法轉換成指定目標資料行的型別 nvarchar。

2020-12-31 11:50:00::資料來源的型別 String 指定值無法轉換成指定目標資料行的型別 nvarchar。

2020-12-31 11:50:01::資料來源的型別 String 指定值無法轉換成指定目標資料行的型別 nvarchar。

2020-12-31 11:50:01::資料來源的型別 String 指定值無法轉換成指定目標資料行的型別 nvarchar。

2020-12-31 11:50:01::資料來源的型別 String 指定值無法轉換成指定目標資料行的型別 nvarchar。

2020-12-31 11:50:01::資料來源的型別 String 指定值無法轉換成指定目標資料行的型別 nvarchar。

2020-12-31 11:50:01::資料來源的型別 String 指定值無法轉換成指定目標資料行的型別 nvarchar。

2020-12-31 11:50:01::資料來源的型別 String 指定值無法轉換成指定目標資料行的型別 nvarchar。

2020-12-31 11:50:02::資料來源的型別 String 指定值無法轉換成指定目標資料行的型別 nvarchar。

2020-12-31 11:50:02::資料來源的型別 String 指定值無法轉換成指定目標資料行的型別 nvarchar。

2020-12-31 11:50:02::資料來源的型別 String 指定值無法轉換成指定目標資料行的型別 nvarchar。

2020-12-31 11:50:02::資料來源的型別 String 指定值無法轉換成指定目標資料行的型別 nvarchar。

2020-12-31 11:50:05::資料來源的型別 String 指定值無法轉換成指定目標資料行的型別 nvarchar。

2020-12-31 11:50:05::資料來源的型別 String 指定值無法轉換成指定目標資料行的型別 nvarchar。

2020-12-31 11:50:07::資料來源的型別 String 指定值無法轉換成指定目標資料行的型別 nvarchar。

2020-12-31 11:50:07::資料來源的型別 String 指定值無法轉換成指定目標資料行的型別 nvarchar。

2020-12-31 11:50:08::資料來源的型別 String 指定值無法轉換成指定目標資料行的型別 nvarchar。

2020-12-31 11:50:08::資料來源的型別 String 指定值無法轉換成指定目標資料行的型別 nvarchar。

2020-12-31 11:50:08::資料來源的型別 String 指定值無法轉換成指定目標資料行的型別 nvarchar。

2020-12-31 11:50:08::資料來源的型別 String 指定值無法轉換成指定目標資料行的型別 nvarchar。

2020-12-31 11:50:09::資料來源的型別 String 指定值無法轉換成指定目標資料行的型別 nvarchar。

2020-12-31 11:50:09::資料來源的型別 String 指定值無法轉換成指定目標資料行的型別 nvarchar。

2020-12-31 11:50:10::資料來源的型別 String 指定值無法轉換成指定目標資料行的型別 nvarchar。

2020-12-31 11:50:10::資料來源的型別 String 指定值無法轉換成指定目標資料行的型別 nvarchar。

2020-12-31 11:50:10::資料來源的型別 String 指定值無法轉換成指定目標資料行的型別 nvarchar。

2020-12-31 11:50:10::資料來源的型別 String 指定值無法轉換成指定目標資料行的型別 nvarchar。

