2020-11-16 09:17:30::資料來源的型別 String 指定值無法轉換成指定目標資料行的型別 nvarchar。

2020-11-16 09:17:30::資料來源的型別 String 指定值無法轉換成指定目標資料行的型別 nvarchar。

2020-11-16 09:17:30::資料來源的型別 String 指定值無法轉換成指定目標資料行的型別 nvarchar。

2020-11-16 09:17:30::資料來源的型別 String 指定值無法轉換成指定目標資料行的型別 nvarchar。

2020-11-16 09:17:31::並未將物件參考設定為物件的執行個體。

2020-11-16 09:17:31::已經開啟一個與這個 Command 相關的 DataReader，必須先將它關閉。

2020-11-16 09:17:31::並未將物件參考設定為物件的執行個體。

2020-11-16 09:17:31::資料來源的型別 String 指定值無法轉換成指定目標資料行的型別 nvarchar。

2020-11-16 09:17:31::資料來源的型別 String 指定值無法轉換成指定目標資料行的型別 nvarchar。

2020-11-16 09:17:31::資料來源的型別 String 指定值無法轉換成指定目標資料行的型別 nvarchar。

2020-11-16 09:17:31::資料來源的型別 String 指定值無法轉換成指定目標資料行的型別 nvarchar。

2020-11-16 09:17:32::資料來源的型別 String 指定值無法轉換成指定目標資料行的型別 nvarchar。

2020-11-16 09:17:32::資料來源的型別 String 指定值無法轉換成指定目標資料行的型別 nvarchar。

2020-11-16 09:17:32::資料來源的型別 String 指定值無法轉換成指定目標資料行的型別 nvarchar。

2020-11-16 09:17:32::資料來源的型別 String 指定值無法轉換成指定目標資料行的型別 nvarchar。

2020-11-16 09:17:32::資料來源的型別 String 指定值無法轉換成指定目標資料行的型別 nvarchar。

2020-11-16 09:17:32::資料來源的型別 String 指定值無法轉換成指定目標資料行的型別 nvarchar。

2020-11-16 09:17:33::資料來源的型別 String 指定值無法轉換成指定目標資料行的型別 nvarchar。

2020-11-16 09:17:33::資料來源的型別 String 指定值無法轉換成指定目標資料行的型別 nvarchar。

2020-11-16 09:17:33::資料來源的型別 String 指定值無法轉換成指定目標資料行的型別 nvarchar。

2020-11-16 09:17:33::資料來源的型別 String 指定值無法轉換成指定目標資料行的型別 nvarchar。

2020-11-16 09:17:35::資料來源的型別 String 指定值無法轉換成指定目標資料行的型別 nvarchar。

2020-11-16 09:17:35::資料來源的型別 String 指定值無法轉換成指定目標資料行的型別 nvarchar。

2020-11-16 09:18:41::ExecuteReader 必須有開啟與可用的 Connection。連接目前的狀態為開啟。

2020-11-16 09:18:41::並未將物件參考設定為物件的執行個體。

2020-11-16 09:18:41::ExecuteReader 必須有開啟與可用的 Connection。連接目前的狀態為開啟。

2020-11-16 09:18:41::並未將物件參考設定為物件的執行個體。

2020-11-16 09:18:41::ExecuteReader 必須有開啟與可用的 Connection。連接目前的狀態為開啟。

2020-11-16 09:18:41::並未將物件參考設定為物件的執行個體。

2020-11-16 09:18:42::ExecuteReader 必須有開啟與可用的 Connection。連接目前的狀態為開啟。

2020-11-16 09:18:42::並未將物件參考設定為物件的執行個體。

2020-11-16 09:18:42::ExecuteReader 必須有開啟與可用的 Connection。連接目前的狀態為開啟。

2020-11-16 09:18:42::並未將物件參考設定為物件的執行個體。

2020-11-16 09:18:42::ExecuteReader 必須有開啟與可用的 Connection。連接目前的狀態為開啟。

2020-11-16 09:18:42::並未將物件參考設定為物件的執行個體。

2020-11-16 09:18:43::ExecuteReader 必須有開啟與可用的 Connection。連接目前的狀態為開啟。

2020-11-16 09:18:43::並未將物件參考設定為物件的執行個體。

2020-11-16 09:18:43::ExecuteReader 必須有開啟與可用的 Connection。連接目前的狀態為開啟。

2020-11-16 09:18:43::並未將物件參考設定為物件的執行個體。

2020-11-16 09:18:43::ExecuteReader 必須有開啟與可用的 Connection。連接目前的狀態為開啟。

2020-11-16 09:18:43::並未將物件參考設定為物件的執行個體。

2020-11-16 09:18:43::並未將物件參考設定為物件的執行個體。

2020-11-16 09:18:43::資料來源的型別 String 指定值無法轉換成指定目標資料行的型別 nvarchar。

2020-11-16 09:18:43::資料來源的型別 String 指定值無法轉換成指定目標資料行的型別 nvarchar。

2020-11-16 10:29:19::ExecuteReader 必須有開啟與可用的 Connection。連接目前的狀態為連接中。

2020-11-16 10:29:19::並未將物件參考設定為物件的執行個體。

