2020-11-24 22:23:25::並未將物件參考設定為物件的執行個體。

2020-11-24 22:23:25::並未將物件參考設定為物件的執行個體。

2020-11-24 22:23:26::資料來源的型別 String 指定值無法轉換成指定目標資料行的型別 nvarchar。

2020-11-24 22:23:26::資料來源的型別 String 指定值無法轉換成指定目標資料行的型別 nvarchar。

2020-11-24 22:23:28::資料來源的型別 String 指定值無法轉換成指定目標資料行的型別 nvarchar。

2020-11-24 22:23:28::資料來源的型別 String 指定值無法轉換成指定目標資料行的型別 nvarchar。

2020-11-24 22:23:28::資料來源的型別 String 指定值無法轉換成指定目標資料行的型別 nvarchar。

2020-11-24 22:23:28::資料來源的型別 String 指定值無法轉換成指定目標資料行的型別 nvarchar。

2020-11-24 22:23:29::資料來源的型別 String 指定值無法轉換成指定目標資料行的型別 nvarchar。

2020-11-24 22:23:29::資料來源的型別 String 指定值無法轉換成指定目標資料行的型別 nvarchar。

2020-11-24 22:23:29::資料來源的型別 String 指定值無法轉換成指定目標資料行的型別 nvarchar。

2020-11-24 22:23:29::資料來源的型別 String 指定值無法轉換成指定目標資料行的型別 nvarchar。

2020-11-24 22:23:29::資料來源的型別 String 指定值無法轉換成指定目標資料行的型別 nvarchar。

2020-11-24 22:23:29::資料來源的型別 String 指定值無法轉換成指定目標資料行的型別 nvarchar。

2020-11-24 22:23:29::資料來源的型別 String 指定值無法轉換成指定目標資料行的型別 nvarchar。

2020-11-24 22:23:29::資料來源的型別 String 指定值無法轉換成指定目標資料行的型別 nvarchar。

2020-11-24 22:23:33::資料來源的型別 String 指定值無法轉換成指定目標資料行的型別 nvarchar。

2020-11-24 22:23:33::資料來源的型別 String 指定值無法轉換成指定目標資料行的型別 nvarchar。

2020-11-24 22:23:33::資料來源的型別 String 指定值無法轉換成指定目標資料行的型別 nvarchar。

2020-11-24 22:23:33::資料來源的型別 String 指定值無法轉換成指定目標資料行的型別 nvarchar。

2020-11-24 22:25:28::資料來源的型別 String 指定值無法轉換成指定目標資料行的型別 nvarchar。

2020-11-24 22:25:28::資料來源的型別 String 指定值無法轉換成指定目標資料行的型別 nvarchar。

2020-11-24 22:36:52::資料來源的型別 String 指定值無法轉換成指定目標資料行的型別 nvarchar。

2020-11-24 22:36:52::資料來源的型別 String 指定值無法轉換成指定目標資料行的型別 nvarchar。

2020-11-24 22:36:57::資料來源的型別 String 指定值無法轉換成指定目標資料行的型別 nvarchar。

2020-11-24 22:36:57::資料來源的型別 String 指定值無法轉換成指定目標資料行的型別 nvarchar。

2020-11-24 22:37:01::資料來源的型別 String 指定值無法轉換成指定目標資料行的型別 nvarchar。

2020-11-24 22:37:01::資料來源的型別 String 指定值無法轉換成指定目標資料行的型別 nvarchar。

2020-11-24 22:37:05::資料來源的型別 String 指定值無法轉換成指定目標資料行的型別 nvarchar。

2020-11-24 22:37:05::資料來源的型別 String 指定值無法轉換成指定目標資料行的型別 nvarchar。

2020-11-24 22:37:08::資料來源的型別 String 指定值無法轉換成指定目標資料行的型別 nvarchar。

2020-11-24 22:37:08::資料來源的型別 String 指定值無法轉換成指定目標資料行的型別 nvarchar。

2020-11-24 22:37:12::資料來源的型別 String 指定值無法轉換成指定目標資料行的型別 nvarchar。

2020-11-24 22:37:12::資料來源的型別 String 指定值無法轉換成指定目標資料行的型別 nvarchar。

2020-11-24 22:37:14::資料來源的型別 String 指定值無法轉換成指定目標資料行的型別 nvarchar。

2020-11-24 22:37:14::資料來源的型別 String 指定值無法轉換成指定目標資料行的型別 nvarchar。

2020-11-24 22:37:15::資料來源的型別 String 指定值無法轉換成指定目標資料行的型別 nvarchar。

2020-11-24 22:37:15::資料來源的型別 String 指定值無法轉換成指定目標資料行的型別 nvarchar。

2020-11-24 22:37:16::資料來源的型別 String 指定值無法轉換成指定目標資料行的型別 nvarchar。

2020-11-24 22:37:16::資料來源的型別 String 指定值無法轉換成指定目標資料行的型別 nvarchar。

2020-11-24 22:37:16::資料來源的型別 String 指定值無法轉換成指定目標資料行的型別 nvarchar。

2020-11-24 22:37:16::資料來源的型別 String 指定值無法轉換成指定目標資料行的型別 nvarchar。

2020-11-24 22:37:18::資料來源的型別 String 指定值無法轉換成指定目標資料行的型別 nvarchar。

2020-11-24 22:37:18::資料來源的型別 String 指定值無法轉換成指定目標資料行的型別 nvarchar。

2020-11-24 22:37:18::資料來源的型別 String 指定值無法轉換成指定目標資料行的型別 nvarchar。

2020-11-24 22:37:18::資料來源的型別 String 指定值無法轉換成指定目標資料行的型別 nvarchar。

2020-11-24 22:37:19::資料來源的型別 String 指定值無法轉換成指定目標資料行的型別 nvarchar。

2020-11-24 22:37:19::資料來源的型別 String 指定值無法轉換成指定目標資料行的型別 nvarchar。

2020-11-24 22:37:19::資料來源的型別 String 指定值無法轉換成指定目標資料行的型別 nvarchar。

2020-11-24 22:37:19::資料來源的型別 String 指定值無法轉換成指定目標資料行的型別 nvarchar。

2020-11-24 22:37:19::資料來源的型別 String 指定值無法轉換成指定目標資料行的型別 nvarchar。

2020-11-24 22:37:19::資料來源的型別 String 指定值無法轉換成指定目標資料行的型別 nvarchar。

2020-11-24 22:37:19::資料來源的型別 String 指定值無法轉換成指定目標資料行的型別 nvarchar。

2020-11-24 22:37:19::資料來源的型別 String 指定值無法轉換成指定目標資料行的型別 nvarchar。

2020-11-24 22:37:19::資料來源的型別 String 指定值無法轉換成指定目標資料行的型別 nvarchar。

2020-11-24 22:37:19::資料來源的型別 String 指定值無法轉換成指定目標資料行的型別 nvarchar。

2020-11-24 22:37:19::資料來源的型別 String 指定值無法轉換成指定目標資料行的型別 nvarchar。

2020-11-24 22:37:19::資料來源的型別 String 指定值無法轉換成指定目標資料行的型別 nvarchar。

2020-11-24 22:37:19::資料來源的型別 String 指定值無法轉換成指定目標資料行的型別 nvarchar。

2020-11-24 22:37:19::資料來源的型別 String 指定值無法轉換成指定目標資料行的型別 nvarchar。

2020-11-24 22:37:20::資料來源的型別 String 指定值無法轉換成指定目標資料行的型別 nvarchar。

2020-11-24 22:37:20::資料來源的型別 String 指定值無法轉換成指定目標資料行的型別 nvarchar。

2020-11-24 22:37:20::資料來源的型別 String 指定值無法轉換成指定目標資料行的型別 nvarchar。

2020-11-24 22:37:20::資料來源的型別 String 指定值無法轉換成指定目標資料行的型別 nvarchar。

2020-11-24 22:37:21::資料來源的型別 String 指定值無法轉換成指定目標資料行的型別 nvarchar。

2020-11-24 22:37:22::資料來源的型別 String 指定值無法轉換成指定目標資料行的型別 nvarchar。

2020-11-24 22:37:22::資料來源的型別 String 指定值無法轉換成指定目標資料行的型別 nvarchar。

2020-11-24 22:37:22::資料來源的型別 String 指定值無法轉換成指定目標資料行的型別 nvarchar。

2020-11-24 22:37:22::資料來源的型別 String 指定值無法轉換成指定目標資料行的型別 nvarchar。

2020-11-24 22:37:22::資料來源的型別 String 指定值無法轉換成指定目標資料行的型別 nvarchar。

2020-11-24 22:37:22::資料來源的型別 String 指定值無法轉換成指定目標資料行的型別 nvarchar。

2020-11-24 22:37:22::資料來源的型別 String 指定值無法轉換成指定目標資料行的型別 nvarchar。

2020-11-24 22:37:22::資料來源的型別 String 指定值無法轉換成指定目標資料行的型別 nvarchar。

2020-11-24 22:37:22::資料來源的型別 String 指定值無法轉換成指定目標資料行的型別 nvarchar。

2020-11-24 22:37:22::資料來源的型別 String 指定值無法轉換成指定目標資料行的型別 nvarchar。

2020-11-24 22:37:22::資料來源的型別 String 指定值無法轉換成指定目標資料行的型別 nvarchar。

2020-11-24 22:37:22::資料來源的型別 String 指定值無法轉換成指定目標資料行的型別 nvarchar。

2020-11-24 22:37:22::資料來源的型別 String 指定值無法轉換成指定目標資料行的型別 nvarchar。

2020-11-24 22:37:22::資料來源的型別 String 指定值無法轉換成指定目標資料行的型別 nvarchar。

2020-11-24 22:37:22::資料來源的型別 String 指定值無法轉換成指定目標資料行的型別 nvarchar。

2020-11-24 22:37:23::資料來源的型別 String 指定值無法轉換成指定目標資料行的型別 nvarchar。

2020-11-24 22:37:23::資料來源的型別 String 指定值無法轉換成指定目標資料行的型別 nvarchar。

2020-11-24 22:37:23::資料來源的型別 String 指定值無法轉換成指定目標資料行的型別 nvarchar。

2020-11-24 22:37:23::資料來源的型別 String 指定值無法轉換成指定目標資料行的型別 nvarchar。

2020-11-24 22:37:23::資料來源的型別 String 指定值無法轉換成指定目標資料行的型別 nvarchar。

2020-11-24 22:37:23::資料來源的型別 String 指定值無法轉換成指定目標資料行的型別 nvarchar。

2020-11-24 22:37:23::資料來源的型別 String 指定值無法轉換成指定目標資料行的型別 nvarchar。

2020-11-24 22:37:23::資料來源的型別 String 指定值無法轉換成指定目標資料行的型別 nvarchar。

2020-11-24 22:37:23::並未將物件參考設定為物件的執行個體。

2020-11-24 22:37:23::作業無效。已經關閉連接。

2020-11-24 22:37:23::並未將物件參考設定為物件的執行個體。

2020-11-24 22:37:23::資料來源的型別 String 指定值無法轉換成指定目標資料行的型別 nvarchar。

2020-11-24 22:37:23::資料來源的型別 String 指定值無法轉換成指定目標資料行的型別 nvarchar。

2020-11-24 22:37:23::資料來源的型別 String 指定值無法轉換成指定目標資料行的型別 nvarchar。

2020-11-24 22:37:23::資料來源的型別 String 指定值無法轉換成指定目標資料行的型別 nvarchar。

2020-11-24 22:37:24::資料來源的型別 String 指定值無法轉換成指定目標資料行的型別 nvarchar。

2020-11-24 22:37:24::資料來源的型別 String 指定值無法轉換成指定目標資料行的型別 nvarchar。

2020-11-24 22:37:24::資料來源的型別 String 指定值無法轉換成指定目標資料行的型別 nvarchar。

2020-11-24 22:37:24::資料來源的型別 String 指定值無法轉換成指定目標資料行的型別 nvarchar。

2020-11-24 22:37:24::資料來源的型別 String 指定值無法轉換成指定目標資料行的型別 nvarchar。

2020-11-24 22:37:24::資料來源的型別 String 指定值無法轉換成指定目標資料行的型別 nvarchar。

2020-11-24 22:37:25::資料來源的型別 String 指定值無法轉換成指定目標資料行的型別 nvarchar。

2020-11-24 22:37:25::資料來源的型別 String 指定值無法轉換成指定目標資料行的型別 nvarchar。

2020-11-24 22:37:32::資料來源的型別 String 指定值無法轉換成指定目標資料行的型別 nvarchar。

2020-11-24 22:37:32::資料來源的型別 String 指定值無法轉換成指定目標資料行的型別 nvarchar。

2020-11-24 22:37:32::資料來源的型別 String 指定值無法轉換成指定目標資料行的型別 nvarchar。

2020-11-24 22:37:32::資料來源的型別 String 指定值無法轉換成指定目標資料行的型別 nvarchar。

2020-11-24 22:37:32::資料來源的型別 String 指定值無法轉換成指定目標資料行的型別 nvarchar。

2020-11-24 22:37:32::資料來源的型別 String 指定值無法轉換成指定目標資料行的型別 nvarchar。

2020-11-24 22:37:33::資料來源的型別 String 指定值無法轉換成指定目標資料行的型別 nvarchar。

2020-11-24 22:37:33::資料來源的型別 String 指定值無法轉換成指定目標資料行的型別 nvarchar。

2020-11-24 22:37:33::已經開啟一個與這個 Command 相關的 DataReader，必須先將它關閉。

2020-11-24 22:37:33::並未將物件參考設定為物件的執行個體。

2020-11-24 22:37:33::並未將物件參考設定為物件的執行個體。

2020-11-24 22:37:33::資料來源的型別 String 指定值無法轉換成指定目標資料行的型別 nvarchar。

2020-11-24 22:37:33::資料來源的型別 String 指定值無法轉換成指定目標資料行的型別 nvarchar。

2020-11-24 22:37:33::資料來源的型別 String 指定值無法轉換成指定目標資料行的型別 nvarchar。

2020-11-24 22:37:33::資料來源的型別 String 指定值無法轉換成指定目標資料行的型別 nvarchar。

2020-11-24 22:37:33::資料來源的型別 String 指定值無法轉換成指定目標資料行的型別 nvarchar。

2020-11-24 22:37:33::資料來源的型別 String 指定值無法轉換成指定目標資料行的型別 nvarchar。

2020-11-24 22:37:33::資料來源的型別 String 指定值無法轉換成指定目標資料行的型別 nvarchar。

2020-11-24 22:37:33::資料來源的型別 String 指定值無法轉換成指定目標資料行的型別 nvarchar。

2020-11-24 22:37:33::資料來源的型別 String 指定值無法轉換成指定目標資料行的型別 nvarchar。

2020-11-24 22:37:33::資料來源的型別 String 指定值無法轉換成指定目標資料行的型別 nvarchar。

2020-11-24 22:37:43::資料來源的型別 String 指定值無法轉換成指定目標資料行的型別 nvarchar。

2020-11-24 22:37:43::資料來源的型別 String 指定值無法轉換成指定目標資料行的型別 nvarchar。

2020-11-24 22:37:44::資料來源的型別 String 指定值無法轉換成指定目標資料行的型別 nvarchar。

2020-11-24 22:37:44::資料來源的型別 String 指定值無法轉換成指定目標資料行的型別 nvarchar。

2020-11-24 22:37:44::資料來源的型別 String 指定值無法轉換成指定目標資料行的型別 nvarchar。

2020-11-24 22:37:44::資料來源的型別 String 指定值無法轉換成指定目標資料行的型別 nvarchar。

2020-11-24 22:37:45::資料來源的型別 String 指定值無法轉換成指定目標資料行的型別 nvarchar。

2020-11-24 22:37:45::資料來源的型別 String 指定值無法轉換成指定目標資料行的型別 nvarchar。

2020-11-24 22:37:45::資料來源的型別 String 指定值無法轉換成指定目標資料行的型別 nvarchar。

2020-11-24 22:37:45::資料來源的型別 String 指定值無法轉換成指定目標資料行的型別 nvarchar。

2020-11-24 22:37:45::資料來源的型別 String 指定值無法轉換成指定目標資料行的型別 nvarchar。

2020-11-24 22:37:45::資料來源的型別 String 指定值無法轉換成指定目標資料行的型別 nvarchar。

2020-11-24 22:37:45::資料來源的型別 String 指定值無法轉換成指定目標資料行的型別 nvarchar。

2020-11-24 22:37:45::資料來源的型別 String 指定值無法轉換成指定目標資料行的型別 nvarchar。

2020-11-24 22:37:45::資料來源的型別 String 指定值無法轉換成指定目標資料行的型別 nvarchar。

2020-11-24 22:37:45::資料來源的型別 String 指定值無法轉換成指定目標資料行的型別 nvarchar。

2020-11-24 22:37:46::資料來源的型別 String 指定值無法轉換成指定目標資料行的型別 nvarchar。

2020-11-24 22:37:46::資料來源的型別 String 指定值無法轉換成指定目標資料行的型別 nvarchar。

2020-11-24 22:37:46::資料來源的型別 String 指定值無法轉換成指定目標資料行的型別 nvarchar。

2020-11-24 22:37:46::資料來源的型別 String 指定值無法轉換成指定目標資料行的型別 nvarchar。

2020-11-24 22:37:46::資料來源的型別 String 指定值無法轉換成指定目標資料行的型別 nvarchar。

2020-11-24 22:37:46::資料來源的型別 String 指定值無法轉換成指定目標資料行的型別 nvarchar。

2020-11-24 22:37:46::資料來源的型別 String 指定值無法轉換成指定目標資料行的型別 nvarchar。

2020-11-24 22:37:46::資料來源的型別 String 指定值無法轉換成指定目標資料行的型別 nvarchar。

2020-11-24 22:37:46::資料來源的型別 String 指定值無法轉換成指定目標資料行的型別 nvarchar。

2020-11-24 22:37:46::資料來源的型別 String 指定值無法轉換成指定目標資料行的型別 nvarchar。

2020-11-24 22:37:47::資料來源的型別 String 指定值無法轉換成指定目標資料行的型別 nvarchar。

2020-11-24 22:37:47::資料來源的型別 String 指定值無法轉換成指定目標資料行的型別 nvarchar。

2020-11-24 22:37:47::資料來源的型別 String 指定值無法轉換成指定目標資料行的型別 nvarchar。

2020-11-24 22:37:47::資料來源的型別 String 指定值無法轉換成指定目標資料行的型別 nvarchar。

2020-11-24 22:37:47::資料來源的型別 String 指定值無法轉換成指定目標資料行的型別 nvarchar。

2020-11-24 22:37:47::資料來源的型別 String 指定值無法轉換成指定目標資料行的型別 nvarchar。

2020-11-24 22:37:47::資料來源的型別 String 指定值無法轉換成指定目標資料行的型別 nvarchar。

2020-11-24 22:37:47::資料來源的型別 String 指定值無法轉換成指定目標資料行的型別 nvarchar。

2020-11-24 22:37:47::資料來源的型別 String 指定值無法轉換成指定目標資料行的型別 nvarchar。

2020-11-24 22:37:47::資料來源的型別 String 指定值無法轉換成指定目標資料行的型別 nvarchar。

2020-11-24 22:37:48::資料來源的型別 String 指定值無法轉換成指定目標資料行的型別 nvarchar。

2020-11-24 22:37:48::資料來源的型別 String 指定值無法轉換成指定目標資料行的型別 nvarchar。

2020-11-24 22:37:48::資料來源的型別 String 指定值無法轉換成指定目標資料行的型別 nvarchar。

2020-11-24 22:37:48::資料來源的型別 String 指定值無法轉換成指定目標資料行的型別 nvarchar。

2020-11-24 22:37:48::資料來源的型別 String 指定值無法轉換成指定目標資料行的型別 nvarchar。

2020-11-24 22:37:48::資料來源的型別 String 指定值無法轉換成指定目標資料行的型別 nvarchar。

2020-11-24 22:37:50::資料來源的型別 String 指定值無法轉換成指定目標資料行的型別 nvarchar。

2020-11-24 22:37:50::資料來源的型別 String 指定值無法轉換成指定目標資料行的型別 nvarchar。

2020-11-24 22:37:51::資料來源的型別 String 指定值無法轉換成指定目標資料行的型別 nvarchar。

2020-11-24 22:37:51::資料來源的型別 String 指定值無法轉換成指定目標資料行的型別 nvarchar。

2020-11-24 22:37:51::資料來源的型別 String 指定值無法轉換成指定目標資料行的型別 nvarchar。

2020-11-24 22:37:51::資料來源的型別 String 指定值無法轉換成指定目標資料行的型別 nvarchar。

2020-11-24 22:37:52::資料來源的型別 String 指定值無法轉換成指定目標資料行的型別 nvarchar。

2020-11-24 22:37:52::資料來源的型別 String 指定值無法轉換成指定目標資料行的型別 nvarchar。

2020-11-24 22:37:52::資料來源的型別 String 指定值無法轉換成指定目標資料行的型別 nvarchar。

2020-11-24 22:37:52::資料來源的型別 String 指定值無法轉換成指定目標資料行的型別 nvarchar。

2020-11-24 22:37:52::資料來源的型別 String 指定值無法轉換成指定目標資料行的型別 nvarchar。

2020-11-24 22:37:52::資料來源的型別 String 指定值無法轉換成指定目標資料行的型別 nvarchar。

2020-11-24 22:37:52::資料來源的型別 String 指定值無法轉換成指定目標資料行的型別 nvarchar。

2020-11-24 22:37:52::資料來源的型別 String 指定值無法轉換成指定目標資料行的型別 nvarchar。

2020-11-24 22:37:52::資料來源的型別 String 指定值無法轉換成指定目標資料行的型別 nvarchar。

2020-11-24 22:37:52::資料來源的型別 String 指定值無法轉換成指定目標資料行的型別 nvarchar。

2020-11-24 22:38:01::資料來源的型別 String 指定值無法轉換成指定目標資料行的型別 nvarchar。

2020-11-24 22:38:01::資料來源的型別 String 指定值無法轉換成指定目標資料行的型別 nvarchar。

2020-11-24 22:38:02::資料來源的型別 String 指定值無法轉換成指定目標資料行的型別 nvarchar。

2020-11-24 22:38:02::資料來源的型別 String 指定值無法轉換成指定目標資料行的型別 nvarchar。

2020-11-24 22:38:03::資料來源的型別 String 指定值無法轉換成指定目標資料行的型別 nvarchar。

2020-11-24 22:38:03::資料來源的型別 String 指定值無法轉換成指定目標資料行的型別 nvarchar。

2020-11-24 22:38:03::資料來源的型別 String 指定值無法轉換成指定目標資料行的型別 nvarchar。

2020-11-24 22:38:03::資料來源的型別 String 指定值無法轉換成指定目標資料行的型別 nvarchar。

2020-11-24 22:38:03::資料來源的型別 String 指定值無法轉換成指定目標資料行的型別 nvarchar。

2020-11-24 22:38:03::資料來源的型別 String 指定值無法轉換成指定目標資料行的型別 nvarchar。

2020-11-24 22:38:08::資料來源的型別 String 指定值無法轉換成指定目標資料行的型別 nvarchar。

2020-11-24 22:38:08::資料來源的型別 String 指定值無法轉換成指定目標資料行的型別 nvarchar。

2020-11-24 22:38:09::資料來源的型別 String 指定值無法轉換成指定目標資料行的型別 nvarchar。

2020-11-24 22:38:09::資料來源的型別 String 指定值無法轉換成指定目標資料行的型別 nvarchar。

2020-11-24 22:38:10::資料來源的型別 String 指定值無法轉換成指定目標資料行的型別 nvarchar。

2020-11-24 22:38:10::資料來源的型別 String 指定值無法轉換成指定目標資料行的型別 nvarchar。

2020-11-24 22:38:12::資料來源的型別 String 指定值無法轉換成指定目標資料行的型別 nvarchar。

2020-11-24 22:38:12::資料來源的型別 String 指定值無法轉換成指定目標資料行的型別 nvarchar。

2020-11-24 22:38:12::資料來源的型別 String 指定值無法轉換成指定目標資料行的型別 nvarchar。

2020-11-24 22:38:12::資料來源的型別 String 指定值無法轉換成指定目標資料行的型別 nvarchar。

2020-11-24 22:38:12::資料來源的型別 String 指定值無法轉換成指定目標資料行的型別 nvarchar。

2020-11-24 22:38:12::資料來源的型別 String 指定值無法轉換成指定目標資料行的型別 nvarchar。

2020-11-24 22:38:12::資料來源的型別 String 指定值無法轉換成指定目標資料行的型別 nvarchar。

2020-11-24 22:38:12::資料來源的型別 String 指定值無法轉換成指定目標資料行的型別 nvarchar。

2020-11-24 22:38:14::資料來源的型別 String 指定值無法轉換成指定目標資料行的型別 nvarchar。

2020-11-24 22:38:14::資料來源的型別 String 指定值無法轉換成指定目標資料行的型別 nvarchar。

2020-11-24 22:38:15::資料來源的型別 String 指定值無法轉換成指定目標資料行的型別 nvarchar。

2020-11-24 22:38:15::資料來源的型別 String 指定值無法轉換成指定目標資料行的型別 nvarchar。

2020-11-24 22:38:15::資料來源的型別 String 指定值無法轉換成指定目標資料行的型別 nvarchar。

2020-11-24 22:38:15::資料來源的型別 String 指定值無法轉換成指定目標資料行的型別 nvarchar。

2020-11-24 22:38:15::資料來源的型別 String 指定值無法轉換成指定目標資料行的型別 nvarchar。

2020-11-24 22:38:15::資料來源的型別 String 指定值無法轉換成指定目標資料行的型別 nvarchar。

2020-11-24 22:38:16::資料來源的型別 String 指定值無法轉換成指定目標資料行的型別 nvarchar。

2020-11-24 22:38:16::資料來源的型別 String 指定值無法轉換成指定目標資料行的型別 nvarchar。

2020-11-24 22:38:16::資料來源的型別 String 指定值無法轉換成指定目標資料行的型別 nvarchar。

2020-11-24 22:38:16::資料來源的型別 String 指定值無法轉換成指定目標資料行的型別 nvarchar。

2020-11-24 22:38:16::資料來源的型別 String 指定值無法轉換成指定目標資料行的型別 nvarchar。

2020-11-24 22:38:16::資料來源的型別 String 指定值無法轉換成指定目標資料行的型別 nvarchar。

2020-11-24 22:38:16::已經開啟一個與這個 Command 相關的 DataReader，必須先將它關閉。

2020-11-24 22:38:16::並未將物件參考設定為物件的執行個體。

2020-11-24 22:38:16::並未將物件參考設定為物件的執行個體。

2020-11-24 22:38:16::資料來源的型別 String 指定值無法轉換成指定目標資料行的型別 nvarchar。

2020-11-24 22:38:16::資料來源的型別 String 指定值無法轉換成指定目標資料行的型別 nvarchar。

2020-11-24 22:38:17::資料來源的型別 String 指定值無法轉換成指定目標資料行的型別 nvarchar。

2020-11-24 22:38:17::資料來源的型別 String 指定值無法轉換成指定目標資料行的型別 nvarchar。

2020-11-24 22:38:17::資料來源的型別 String 指定值無法轉換成指定目標資料行的型別 nvarchar。

2020-11-24 22:38:17::資料來源的型別 String 指定值無法轉換成指定目標資料行的型別 nvarchar。

2020-11-24 22:38:17::資料來源的型別 String 指定值無法轉換成指定目標資料行的型別 nvarchar。

2020-11-24 22:38:17::資料來源的型別 String 指定值無法轉換成指定目標資料行的型別 nvarchar。

2020-11-24 22:38:17::資料來源的型別 String 指定值無法轉換成指定目標資料行的型別 nvarchar。

2020-11-24 22:38:17::資料來源的型別 String 指定值無法轉換成指定目標資料行的型別 nvarchar。

2020-11-24 22:38:17::資料來源的型別 String 指定值無法轉換成指定目標資料行的型別 nvarchar。

2020-11-24 22:38:17::資料來源的型別 String 指定值無法轉換成指定目標資料行的型別 nvarchar。

2020-11-24 22:38:18::資料來源的型別 String 指定值無法轉換成指定目標資料行的型別 nvarchar。

2020-11-24 22:38:18::資料來源的型別 String 指定值無法轉換成指定目標資料行的型別 nvarchar。

2020-11-24 22:38:18::資料來源的型別 String 指定值無法轉換成指定目標資料行的型別 nvarchar。

2020-11-24 22:38:18::資料來源的型別 String 指定值無法轉換成指定目標資料行的型別 nvarchar。

2020-11-24 22:38:18::資料來源的型別 String 指定值無法轉換成指定目標資料行的型別 nvarchar。

2020-11-24 22:38:18::資料來源的型別 String 指定值無法轉換成指定目標資料行的型別 nvarchar。

2020-11-24 22:38:18::資料來源的型別 String 指定值無法轉換成指定目標資料行的型別 nvarchar。

2020-11-24 22:38:18::資料來源的型別 String 指定值無法轉換成指定目標資料行的型別 nvarchar。

2020-11-24 22:38:18::資料來源的型別 String 指定值無法轉換成指定目標資料行的型別 nvarchar。

2020-11-24 22:38:18::資料來源的型別 String 指定值無法轉換成指定目標資料行的型別 nvarchar。

2020-11-24 22:38:19::已經開啟一個與這個 Command 相關的 DataReader，必須先將它關閉。

2020-11-24 22:38:19::並未將物件參考設定為物件的執行個體。

2020-11-24 22:38:19::並未將物件參考設定為物件的執行個體。

2020-11-24 22:38:19::資料來源的型別 String 指定值無法轉換成指定目標資料行的型別 nvarchar。

2020-11-24 22:38:19::資料來源的型別 String 指定值無法轉換成指定目標資料行的型別 nvarchar。

2020-11-24 22:38:19::已經開啟一個與這個 Command 相關的 DataReader，必須先將它關閉。

2020-11-24 22:38:19::並未將物件參考設定為物件的執行個體。

2020-11-24 22:38:19::並未將物件參考設定為物件的執行個體。

2020-11-24 22:38:21::資料來源的型別 String 指定值無法轉換成指定目標資料行的型別 nvarchar。

2020-11-24 22:38:21::資料來源的型別 String 指定值無法轉換成指定目標資料行的型別 nvarchar。

2020-11-24 22:38:21::資料來源的型別 String 指定值無法轉換成指定目標資料行的型別 nvarchar。

2020-11-24 22:38:21::資料來源的型別 String 指定值無法轉換成指定目標資料行的型別 nvarchar。

2020-11-24 22:38:21::資料來源的型別 String 指定值無法轉換成指定目標資料行的型別 nvarchar。

2020-11-24 22:38:21::資料來源的型別 String 指定值無法轉換成指定目標資料行的型別 nvarchar。

2020-11-24 22:38:23::資料來源的型別 String 指定值無法轉換成指定目標資料行的型別 nvarchar。

2020-11-24 22:38:23::資料來源的型別 String 指定值無法轉換成指定目標資料行的型別 nvarchar。

2020-11-24 22:38:23::已經開啟一個與這個 Command 相關的 DataReader，必須先將它關閉。

2020-11-24 22:38:23::並未將物件參考設定為物件的執行個體。

2020-11-24 22:38:23::並未將物件參考設定為物件的執行個體。

2020-11-24 22:38:23::資料來源的型別 String 指定值無法轉換成指定目標資料行的型別 nvarchar。

2020-11-24 22:38:23::資料來源的型別 String 指定值無法轉換成指定目標資料行的型別 nvarchar。

2020-11-24 22:38:24::資料來源的型別 String 指定值無法轉換成指定目標資料行的型別 nvarchar。

2020-11-24 22:38:24::資料來源的型別 String 指定值無法轉換成指定目標資料行的型別 nvarchar。

2020-11-24 22:38:25::資料來源的型別 String 指定值無法轉換成指定目標資料行的型別 nvarchar。

2020-11-24 22:38:25::資料來源的型別 String 指定值無法轉換成指定目標資料行的型別 nvarchar。

2020-11-24 22:38:25::已經開啟一個與這個 Command 相關的 DataReader，必須先將它關閉。

2020-11-24 22:38:25::並未將物件參考設定為物件的執行個體。

2020-11-24 22:38:25::並未將物件參考設定為物件的執行個體。

2020-11-24 22:38:26::資料來源的型別 String 指定值無法轉換成指定目標資料行的型別 nvarchar。

2020-11-24 22:38:26::資料來源的型別 String 指定值無法轉換成指定目標資料行的型別 nvarchar。

2020-11-24 22:38:26::資料來源的型別 String 指定值無法轉換成指定目標資料行的型別 nvarchar。

2020-11-24 22:38:26::資料來源的型別 String 指定值無法轉換成指定目標資料行的型別 nvarchar。

2020-11-24 22:38:35::資料來源的型別 String 指定值無法轉換成指定目標資料行的型別 nvarchar。

2020-11-24 22:38:35::資料來源的型別 String 指定值無法轉換成指定目標資料行的型別 nvarchar。

2020-11-24 22:38:35::資料來源的型別 String 指定值無法轉換成指定目標資料行的型別 nvarchar。

2020-11-24 22:38:35::資料來源的型別 String 指定值無法轉換成指定目標資料行的型別 nvarchar。

2020-11-24 22:38:35::資料來源的型別 String 指定值無法轉換成指定目標資料行的型別 nvarchar。

2020-11-24 22:38:35::資料來源的型別 String 指定值無法轉換成指定目標資料行的型別 nvarchar。

2020-11-24 22:38:35::資料來源的型別 String 指定值無法轉換成指定目標資料行的型別 nvarchar。

2020-11-24 22:38:35::資料來源的型別 String 指定值無法轉換成指定目標資料行的型別 nvarchar。

2020-11-24 22:38:35::資料來源的型別 String 指定值無法轉換成指定目標資料行的型別 nvarchar。

2020-11-24 22:38:35::資料來源的型別 String 指定值無法轉換成指定目標資料行的型別 nvarchar。

2020-11-24 22:38:35::資料來源的型別 String 指定值無法轉換成指定目標資料行的型別 nvarchar。

2020-11-24 22:38:35::資料來源的型別 String 指定值無法轉換成指定目標資料行的型別 nvarchar。

2020-11-24 22:38:36::資料來源的型別 String 指定值無法轉換成指定目標資料行的型別 nvarchar。

2020-11-24 22:38:36::資料來源的型別 String 指定值無法轉換成指定目標資料行的型別 nvarchar。

2020-11-24 22:38:36::資料來源的型別 String 指定值無法轉換成指定目標資料行的型別 nvarchar。

2020-11-24 22:38:36::資料來源的型別 String 指定值無法轉換成指定目標資料行的型別 nvarchar。

2020-11-24 22:38:36::資料來源的型別 String 指定值無法轉換成指定目標資料行的型別 nvarchar。

2020-11-24 22:38:36::資料來源的型別 String 指定值無法轉換成指定目標資料行的型別 nvarchar。

2020-11-24 22:38:36::資料來源的型別 String 指定值無法轉換成指定目標資料行的型別 nvarchar。

2020-11-24 22:38:36::資料來源的型別 String 指定值無法轉換成指定目標資料行的型別 nvarchar。

2020-11-24 22:38:38::資料來源的型別 String 指定值無法轉換成指定目標資料行的型別 nvarchar。

2020-11-24 22:38:38::資料來源的型別 String 指定值無法轉換成指定目標資料行的型別 nvarchar。

2020-11-24 22:38:38::資料來源的型別 String 指定值無法轉換成指定目標資料行的型別 nvarchar。

2020-11-24 22:38:38::資料來源的型別 String 指定值無法轉換成指定目標資料行的型別 nvarchar。

2020-11-24 22:38:39::資料來源的型別 String 指定值無法轉換成指定目標資料行的型別 nvarchar。

2020-11-24 22:38:39::資料來源的型別 String 指定值無法轉換成指定目標資料行的型別 nvarchar。

2020-11-24 22:38:39::資料來源的型別 String 指定值無法轉換成指定目標資料行的型別 nvarchar。

2020-11-24 22:38:39::資料來源的型別 String 指定值無法轉換成指定目標資料行的型別 nvarchar。

2020-11-24 22:38:44::資料來源的型別 String 指定值無法轉換成指定目標資料行的型別 nvarchar。

2020-11-24 22:38:44::資料來源的型別 String 指定值無法轉換成指定目標資料行的型別 nvarchar。

2020-11-24 22:38:44::資料來源的型別 String 指定值無法轉換成指定目標資料行的型別 nvarchar。

2020-11-24 22:38:44::資料來源的型別 String 指定值無法轉換成指定目標資料行的型別 nvarchar。

2020-11-24 22:38:45::資料來源的型別 String 指定值無法轉換成指定目標資料行的型別 nvarchar。

2020-11-24 22:38:45::資料來源的型別 String 指定值無法轉換成指定目標資料行的型別 nvarchar。

2020-11-24 22:38:45::資料來源的型別 String 指定值無法轉換成指定目標資料行的型別 nvarchar。

2020-11-24 22:38:45::資料來源的型別 String 指定值無法轉換成指定目標資料行的型別 nvarchar。

2020-11-24 22:38:45::資料來源的型別 String 指定值無法轉換成指定目標資料行的型別 nvarchar。

2020-11-24 22:38:45::資料來源的型別 String 指定值無法轉換成指定目標資料行的型別 nvarchar。

2020-11-24 22:38:45::資料來源的型別 String 指定值無法轉換成指定目標資料行的型別 nvarchar。

2020-11-24 22:38:45::資料來源的型別 String 指定值無法轉換成指定目標資料行的型別 nvarchar。

2020-11-24 22:38:45::資料來源的型別 String 指定值無法轉換成指定目標資料行的型別 nvarchar。

2020-11-24 22:38:45::資料來源的型別 String 指定值無法轉換成指定目標資料行的型別 nvarchar。

2020-11-24 22:38:45::資料來源的型別 String 指定值無法轉換成指定目標資料行的型別 nvarchar。

2020-11-24 22:38:45::資料來源的型別 String 指定值無法轉換成指定目標資料行的型別 nvarchar。

2020-11-24 22:38:46::資料來源的型別 String 指定值無法轉換成指定目標資料行的型別 nvarchar。

2020-11-24 22:38:46::資料來源的型別 String 指定值無法轉換成指定目標資料行的型別 nvarchar。

2020-11-24 22:38:46::資料來源的型別 String 指定值無法轉換成指定目標資料行的型別 nvarchar。

2020-11-24 22:38:46::資料來源的型別 String 指定值無法轉換成指定目標資料行的型別 nvarchar。

2020-11-24 22:38:46::資料來源的型別 String 指定值無法轉換成指定目標資料行的型別 nvarchar。

2020-11-24 22:38:46::資料來源的型別 String 指定值無法轉換成指定目標資料行的型別 nvarchar。

2020-11-24 22:38:46::資料來源的型別 String 指定值無法轉換成指定目標資料行的型別 nvarchar。

2020-11-24 22:38:46::資料來源的型別 String 指定值無法轉換成指定目標資料行的型別 nvarchar。

2020-11-24 22:38:46::資料來源的型別 String 指定值無法轉換成指定目標資料行的型別 nvarchar。

2020-11-24 22:38:46::資料來源的型別 String 指定值無法轉換成指定目標資料行的型別 nvarchar。

2020-11-24 22:38:47::資料來源的型別 String 指定值無法轉換成指定目標資料行的型別 nvarchar。

2020-11-24 22:38:47::資料來源的型別 String 指定值無法轉換成指定目標資料行的型別 nvarchar。

2020-11-24 22:38:47::資料來源的型別 String 指定值無法轉換成指定目標資料行的型別 nvarchar。

2020-11-24 22:38:47::資料來源的型別 String 指定值無法轉換成指定目標資料行的型別 nvarchar。

2020-11-24 22:38:47::資料來源的型別 String 指定值無法轉換成指定目標資料行的型別 nvarchar。

2020-11-24 22:38:47::資料來源的型別 String 指定值無法轉換成指定目標資料行的型別 nvarchar。

2020-11-24 22:38:48::資料來源的型別 String 指定值無法轉換成指定目標資料行的型別 nvarchar。

2020-11-24 22:38:48::資料來源的型別 String 指定值無法轉換成指定目標資料行的型別 nvarchar。

2020-11-24 22:38:48::資料來源的型別 String 指定值無法轉換成指定目標資料行的型別 nvarchar。

2020-11-24 22:38:48::資料來源的型別 String 指定值無法轉換成指定目標資料行的型別 nvarchar。

2020-11-24 22:38:49::資料來源的型別 String 指定值無法轉換成指定目標資料行的型別 nvarchar。

2020-11-24 22:38:49::資料來源的型別 String 指定值無法轉換成指定目標資料行的型別 nvarchar。

2020-11-24 22:38:49::資料來源的型別 String 指定值無法轉換成指定目標資料行的型別 nvarchar。

2020-11-24 22:38:49::資料來源的型別 String 指定值無法轉換成指定目標資料行的型別 nvarchar。

2020-11-24 22:38:49::資料來源的型別 String 指定值無法轉換成指定目標資料行的型別 nvarchar。

2020-11-24 22:38:49::資料來源的型別 String 指定值無法轉換成指定目標資料行的型別 nvarchar。

2020-11-24 22:38:55::資料來源的型別 String 指定值無法轉換成指定目標資料行的型別 nvarchar。

2020-11-24 22:38:55::資料來源的型別 String 指定值無法轉換成指定目標資料行的型別 nvarchar。

2020-11-24 22:38:55::資料來源的型別 String 指定值無法轉換成指定目標資料行的型別 nvarchar。

2020-11-24 22:38:55::資料來源的型別 String 指定值無法轉換成指定目標資料行的型別 nvarchar。

2020-11-24 22:38:55::資料來源的型別 String 指定值無法轉換成指定目標資料行的型別 nvarchar。

2020-11-24 22:38:55::資料來源的型別 String 指定值無法轉換成指定目標資料行的型別 nvarchar。

2020-11-24 22:38:55::資料來源的型別 String 指定值無法轉換成指定目標資料行的型別 nvarchar。

2020-11-24 22:38:55::資料來源的型別 String 指定值無法轉換成指定目標資料行的型別 nvarchar。

2020-11-24 22:38:56::資料來源的型別 String 指定值無法轉換成指定目標資料行的型別 nvarchar。

2020-11-24 22:38:56::資料來源的型別 String 指定值無法轉換成指定目標資料行的型別 nvarchar。

2020-11-24 22:38:56::資料來源的型別 String 指定值無法轉換成指定目標資料行的型別 nvarchar。

2020-11-24 22:38:56::資料來源的型別 String 指定值無法轉換成指定目標資料行的型別 nvarchar。

2020-11-24 22:38:56::資料來源的型別 String 指定值無法轉換成指定目標資料行的型別 nvarchar。

2020-11-24 22:38:56::資料來源的型別 String 指定值無法轉換成指定目標資料行的型別 nvarchar。

2020-11-24 22:38:56::資料來源的型別 String 指定值無法轉換成指定目標資料行的型別 nvarchar。

2020-11-24 22:38:56::資料來源的型別 String 指定值無法轉換成指定目標資料行的型別 nvarchar。

2020-11-24 22:38:57::資料來源的型別 String 指定值無法轉換成指定目標資料行的型別 nvarchar。

2020-11-24 22:38:57::資料來源的型別 String 指定值無法轉換成指定目標資料行的型別 nvarchar。

2020-11-24 22:39:01::資料來源的型別 String 指定值無法轉換成指定目標資料行的型別 nvarchar。

2020-11-24 22:39:01::資料來源的型別 String 指定值無法轉換成指定目標資料行的型別 nvarchar。

2020-11-24 22:39:01::資料來源的型別 String 指定值無法轉換成指定目標資料行的型別 nvarchar。

2020-11-24 22:39:01::資料來源的型別 String 指定值無法轉換成指定目標資料行的型別 nvarchar。

2020-11-24 22:39:01::資料來源的型別 String 指定值無法轉換成指定目標資料行的型別 nvarchar。

2020-11-24 22:39:01::資料來源的型別 String 指定值無法轉換成指定目標資料行的型別 nvarchar。

2020-11-24 22:39:02::資料來源的型別 String 指定值無法轉換成指定目標資料行的型別 nvarchar。

2020-11-24 22:39:02::資料來源的型別 String 指定值無法轉換成指定目標資料行的型別 nvarchar。

2020-11-24 22:39:18::資料來源的型別 String 指定值無法轉換成指定目標資料行的型別 nvarchar。

2020-11-24 22:39:18::資料來源的型別 String 指定值無法轉換成指定目標資料行的型別 nvarchar。

2020-11-24 22:39:19::資料來源的型別 String 指定值無法轉換成指定目標資料行的型別 nvarchar。

2020-11-24 22:39:19::資料來源的型別 String 指定值無法轉換成指定目標資料行的型別 nvarchar。

2020-11-24 22:39:19::資料來源的型別 String 指定值無法轉換成指定目標資料行的型別 nvarchar。

2020-11-24 22:39:19::資料來源的型別 String 指定值無法轉換成指定目標資料行的型別 nvarchar。

2020-11-24 22:39:19::資料來源的型別 String 指定值無法轉換成指定目標資料行的型別 nvarchar。

2020-11-24 22:39:19::資料來源的型別 String 指定值無法轉換成指定目標資料行的型別 nvarchar。

2020-11-24 22:39:32::資料來源的型別 String 指定值無法轉換成指定目標資料行的型別 nvarchar。

2020-11-24 22:39:32::資料來源的型別 String 指定值無法轉換成指定目標資料行的型別 nvarchar。

2020-11-24 22:39:33::資料來源的型別 String 指定值無法轉換成指定目標資料行的型別 nvarchar。

2020-11-24 22:39:33::資料來源的型別 String 指定值無法轉換成指定目標資料行的型別 nvarchar。

2020-11-24 22:39:33::資料來源的型別 String 指定值無法轉換成指定目標資料行的型別 nvarchar。

2020-11-24 22:39:33::資料來源的型別 String 指定值無法轉換成指定目標資料行的型別 nvarchar。

2020-11-24 22:39:34::已經開啟一個與這個 Command 相關的 DataReader，必須先將它關閉。

2020-11-24 22:39:34::並未將物件參考設定為物件的執行個體。

2020-11-24 22:39:34::並未將物件參考設定為物件的執行個體。

2020-11-24 22:39:34::資料來源的型別 String 指定值無法轉換成指定目標資料行的型別 nvarchar。

2020-11-24 22:39:34::資料來源的型別 String 指定值無法轉換成指定目標資料行的型別 nvarchar。

2020-11-24 22:39:34::資料來源的型別 String 指定值無法轉換成指定目標資料行的型別 nvarchar。

2020-11-24 22:39:34::資料來源的型別 String 指定值無法轉換成指定目標資料行的型別 nvarchar。

2020-11-24 22:39:37::資料來源的型別 String 指定值無法轉換成指定目標資料行的型別 nvarchar。

2020-11-24 22:39:37::資料來源的型別 String 指定值無法轉換成指定目標資料行的型別 nvarchar。

2020-11-24 22:39:37::資料來源的型別 String 指定值無法轉換成指定目標資料行的型別 nvarchar。

2020-11-24 22:39:37::資料來源的型別 String 指定值無法轉換成指定目標資料行的型別 nvarchar。

2020-11-24 22:39:37::資料來源的型別 String 指定值無法轉換成指定目標資料行的型別 nvarchar。

2020-11-24 22:39:37::資料來源的型別 String 指定值無法轉換成指定目標資料行的型別 nvarchar。

2020-11-24 22:39:37::資料來源的型別 String 指定值無法轉換成指定目標資料行的型別 nvarchar。

2020-11-24 22:39:37::資料來源的型別 String 指定值無法轉換成指定目標資料行的型別 nvarchar。

2020-11-24 22:39:38::資料來源的型別 String 指定值無法轉換成指定目標資料行的型別 nvarchar。

2020-11-24 22:39:38::資料來源的型別 String 指定值無法轉換成指定目標資料行的型別 nvarchar。

2020-11-24 22:39:38::資料來源的型別 String 指定值無法轉換成指定目標資料行的型別 nvarchar。

2020-11-24 22:39:38::資料來源的型別 String 指定值無法轉換成指定目標資料行的型別 nvarchar。

2020-11-24 22:39:39::資料來源的型別 String 指定值無法轉換成指定目標資料行的型別 nvarchar。

2020-11-24 22:39:39::資料來源的型別 String 指定值無法轉換成指定目標資料行的型別 nvarchar。

2020-11-24 22:39:39::資料來源的型別 String 指定值無法轉換成指定目標資料行的型別 nvarchar。

2020-11-24 22:39:39::資料來源的型別 String 指定值無法轉換成指定目標資料行的型別 nvarchar。

2020-11-24 22:39:39::資料來源的型別 String 指定值無法轉換成指定目標資料行的型別 nvarchar。

2020-11-24 22:39:39::資料來源的型別 String 指定值無法轉換成指定目標資料行的型別 nvarchar。

2020-11-24 22:40:39::資料來源的型別 String 指定值無法轉換成指定目標資料行的型別 nvarchar。

2020-11-24 22:40:39::資料來源的型別 String 指定值無法轉換成指定目標資料行的型別 nvarchar。

2020-11-24 22:40:40::已經開啟一個與這個 Command 相關的 DataReader，必須先將它關閉。

2020-11-24 22:40:40::並未將物件參考設定為物件的執行個體。

2020-11-24 22:40:40::並未將物件參考設定為物件的執行個體。

2020-11-24 22:40:40::資料來源的型別 String 指定值無法轉換成指定目標資料行的型別 nvarchar。

2020-11-24 22:40:40::資料來源的型別 String 指定值無法轉換成指定目標資料行的型別 nvarchar。

2020-11-24 22:40:45::資料來源的型別 String 指定值無法轉換成指定目標資料行的型別 nvarchar。

2020-11-24 22:40:45::資料來源的型別 String 指定值無法轉換成指定目標資料行的型別 nvarchar。

2020-11-24 22:40:45::資料來源的型別 String 指定值無法轉換成指定目標資料行的型別 nvarchar。

2020-11-24 22:40:45::資料來源的型別 String 指定值無法轉換成指定目標資料行的型別 nvarchar。

2020-11-24 22:40:45::資料來源的型別 String 指定值無法轉換成指定目標資料行的型別 nvarchar。

2020-11-24 22:40:45::資料來源的型別 String 指定值無法轉換成指定目標資料行的型別 nvarchar。

2020-11-24 22:40:45::資料來源的型別 String 指定值無法轉換成指定目標資料行的型別 nvarchar。

2020-11-24 22:40:45::資料來源的型別 String 指定值無法轉換成指定目標資料行的型別 nvarchar。

2020-11-24 22:40:45::資料來源的型別 String 指定值無法轉換成指定目標資料行的型別 nvarchar。

2020-11-24 22:40:45::資料來源的型別 String 指定值無法轉換成指定目標資料行的型別 nvarchar。

2020-11-24 22:40:46::資料來源的型別 String 指定值無法轉換成指定目標資料行的型別 nvarchar。

2020-11-24 22:40:46::資料來源的型別 String 指定值無法轉換成指定目標資料行的型別 nvarchar。

2020-11-24 22:40:46::資料來源的型別 String 指定值無法轉換成指定目標資料行的型別 nvarchar。

2020-11-24 22:40:46::資料來源的型別 String 指定值無法轉換成指定目標資料行的型別 nvarchar。

2020-11-24 22:40:46::資料來源的型別 String 指定值無法轉換成指定目標資料行的型別 nvarchar。

2020-11-24 22:40:46::資料來源的型別 String 指定值無法轉換成指定目標資料行的型別 nvarchar。

2020-11-24 22:40:46::資料來源的型別 String 指定值無法轉換成指定目標資料行的型別 nvarchar。

2020-11-24 22:40:46::資料來源的型別 String 指定值無法轉換成指定目標資料行的型別 nvarchar。

2020-11-24 22:40:58::已經開啟一個與這個 Command 相關的 DataReader，必須先將它關閉。

2020-11-24 22:40:58::並未將物件參考設定為物件的執行個體。

2020-11-24 22:40:58::並未將物件參考設定為物件的執行個體。

2020-11-24 22:40:58::資料來源的型別 String 指定值無法轉換成指定目標資料行的型別 nvarchar。

2020-11-24 22:40:58::資料來源的型別 String 指定值無法轉換成指定目標資料行的型別 nvarchar。

2020-11-24 22:40:58::資料來源的型別 String 指定值無法轉換成指定目標資料行的型別 nvarchar。

2020-11-24 22:40:58::資料來源的型別 String 指定值無法轉換成指定目標資料行的型別 nvarchar。

2020-11-24 22:40:58::資料來源的型別 String 指定值無法轉換成指定目標資料行的型別 nvarchar。

2020-11-24 22:40:58::資料來源的型別 String 指定值無法轉換成指定目標資料行的型別 nvarchar。

2020-11-24 22:40:58::已經開啟一個與這個 Command 相關的 DataReader，必須先將它關閉。

2020-11-24 22:40:58::並未將物件參考設定為物件的執行個體。

2020-11-24 22:40:59::並未將物件參考設定為物件的執行個體。

2020-11-24 22:40:59::資料來源的型別 String 指定值無法轉換成指定目標資料行的型別 nvarchar。

2020-11-24 22:40:59::資料來源的型別 String 指定值無法轉換成指定目標資料行的型別 nvarchar。

2020-11-24 22:40:59::已經開啟一個與這個 Command 相關的 DataReader，必須先將它關閉。

2020-11-24 22:40:59::並未將物件參考設定為物件的執行個體。

2020-11-24 22:40:59::並未將物件參考設定為物件的執行個體。

2020-11-24 22:40:59::資料來源的型別 String 指定值無法轉換成指定目標資料行的型別 nvarchar。

2020-11-24 22:40:59::資料來源的型別 String 指定值無法轉換成指定目標資料行的型別 nvarchar。

2020-11-24 22:41:00::資料來源的型別 String 指定值無法轉換成指定目標資料行的型別 nvarchar。

2020-11-24 22:41:00::資料來源的型別 String 指定值無法轉換成指定目標資料行的型別 nvarchar。

2020-11-24 22:41:00::資料來源的型別 String 指定值無法轉換成指定目標資料行的型別 nvarchar。

2020-11-24 22:41:00::資料來源的型別 String 指定值無法轉換成指定目標資料行的型別 nvarchar。

2020-11-24 22:41:00::資料來源的型別 String 指定值無法轉換成指定目標資料行的型別 nvarchar。

2020-11-24 22:41:00::資料來源的型別 String 指定值無法轉換成指定目標資料行的型別 nvarchar。

2020-11-24 22:41:00::資料來源的型別 String 指定值無法轉換成指定目標資料行的型別 nvarchar。

2020-11-24 22:41:00::資料來源的型別 String 指定值無法轉換成指定目標資料行的型別 nvarchar。

2020-11-24 22:41:01::資料來源的型別 String 指定值無法轉換成指定目標資料行的型別 nvarchar。

2020-11-24 22:41:01::資料來源的型別 String 指定值無法轉換成指定目標資料行的型別 nvarchar。

2020-11-24 22:41:01::資料來源的型別 String 指定值無法轉換成指定目標資料行的型別 nvarchar。

2020-11-24 22:41:01::資料來源的型別 String 指定值無法轉換成指定目標資料行的型別 nvarchar。

2020-11-24 22:41:01::資料來源的型別 String 指定值無法轉換成指定目標資料行的型別 nvarchar。

2020-11-24 22:41:01::資料來源的型別 String 指定值無法轉換成指定目標資料行的型別 nvarchar。

2020-11-24 22:41:01::資料來源的型別 String 指定值無法轉換成指定目標資料行的型別 nvarchar。

2020-11-24 22:41:01::資料來源的型別 String 指定值無法轉換成指定目標資料行的型別 nvarchar。

2020-11-24 22:41:01::資料來源的型別 String 指定值無法轉換成指定目標資料行的型別 nvarchar。

2020-11-24 22:41:01::資料來源的型別 String 指定值無法轉換成指定目標資料行的型別 nvarchar。

2020-11-24 22:41:02::資料來源的型別 String 指定值無法轉換成指定目標資料行的型別 nvarchar。

2020-11-24 22:41:02::資料來源的型別 String 指定值無法轉換成指定目標資料行的型別 nvarchar。

2020-11-24 22:41:02::資料來源的型別 String 指定值無法轉換成指定目標資料行的型別 nvarchar。

2020-11-24 22:41:02::資料來源的型別 String 指定值無法轉換成指定目標資料行的型別 nvarchar。

2020-11-24 22:41:02::資料來源的型別 String 指定值無法轉換成指定目標資料行的型別 nvarchar。

2020-11-24 22:41:02::資料來源的型別 String 指定值無法轉換成指定目標資料行的型別 nvarchar。

2020-11-24 22:41:02::資料來源的型別 String 指定值無法轉換成指定目標資料行的型別 nvarchar。

2020-11-24 22:41:02::資料來源的型別 String 指定值無法轉換成指定目標資料行的型別 nvarchar。

2020-11-24 22:41:03::資料來源的型別 String 指定值無法轉換成指定目標資料行的型別 nvarchar。

2020-11-24 22:41:03::資料來源的型別 String 指定值無法轉換成指定目標資料行的型別 nvarchar。

2020-11-24 22:41:05::資料來源的型別 String 指定值無法轉換成指定目標資料行的型別 nvarchar。

2020-11-24 22:41:05::資料來源的型別 String 指定值無法轉換成指定目標資料行的型別 nvarchar。

2020-11-24 22:41:05::資料來源的型別 String 指定值無法轉換成指定目標資料行的型別 nvarchar。

2020-11-24 22:41:05::資料來源的型別 String 指定值無法轉換成指定目標資料行的型別 nvarchar。

2020-11-24 22:41:05::資料來源的型別 String 指定值無法轉換成指定目標資料行的型別 nvarchar。

2020-11-24 22:41:05::資料來源的型別 String 指定值無法轉換成指定目標資料行的型別 nvarchar。

2020-11-24 22:41:06::資料來源的型別 String 指定值無法轉換成指定目標資料行的型別 nvarchar。

2020-11-24 22:41:06::資料來源的型別 String 指定值無法轉換成指定目標資料行的型別 nvarchar。

2020-11-24 22:41:08::資料來源的型別 String 指定值無法轉換成指定目標資料行的型別 nvarchar。

2020-11-24 22:41:08::資料來源的型別 String 指定值無法轉換成指定目標資料行的型別 nvarchar。

2020-11-24 22:41:09::資料來源的型別 String 指定值無法轉換成指定目標資料行的型別 nvarchar。

2020-11-24 22:41:09::資料來源的型別 String 指定值無法轉換成指定目標資料行的型別 nvarchar。

2020-11-24 22:41:09::資料來源的型別 String 指定值無法轉換成指定目標資料行的型別 nvarchar。

2020-11-24 22:41:09::資料來源的型別 String 指定值無法轉換成指定目標資料行的型別 nvarchar。

2020-11-24 22:41:09::資料來源的型別 String 指定值無法轉換成指定目標資料行的型別 nvarchar。

2020-11-24 22:41:09::資料來源的型別 String 指定值無法轉換成指定目標資料行的型別 nvarchar。

2020-11-24 22:41:09::資料來源的型別 String 指定值無法轉換成指定目標資料行的型別 nvarchar。

2020-11-24 22:41:09::資料來源的型別 String 指定值無法轉換成指定目標資料行的型別 nvarchar。

2020-11-24 22:41:10::資料來源的型別 String 指定值無法轉換成指定目標資料行的型別 nvarchar。

2020-11-24 22:41:10::資料來源的型別 String 指定值無法轉換成指定目標資料行的型別 nvarchar。

2020-11-24 22:41:10::資料來源的型別 String 指定值無法轉換成指定目標資料行的型別 nvarchar。

2020-11-24 22:41:10::資料來源的型別 String 指定值無法轉換成指定目標資料行的型別 nvarchar。

2020-11-24 22:41:10::資料來源的型別 String 指定值無法轉換成指定目標資料行的型別 nvarchar。

2020-11-24 22:41:10::資料來源的型別 String 指定值無法轉換成指定目標資料行的型別 nvarchar。

2020-11-24 22:41:10::資料來源的型別 String 指定值無法轉換成指定目標資料行的型別 nvarchar。

2020-11-24 22:41:10::資料來源的型別 String 指定值無法轉換成指定目標資料行的型別 nvarchar。

2020-11-24 22:41:10::資料來源的型別 String 指定值無法轉換成指定目標資料行的型別 nvarchar。

2020-11-24 22:41:10::資料來源的型別 String 指定值無法轉換成指定目標資料行的型別 nvarchar。

2020-11-24 22:41:10::資料來源的型別 String 指定值無法轉換成指定目標資料行的型別 nvarchar。

2020-11-24 22:41:10::資料來源的型別 String 指定值無法轉換成指定目標資料行的型別 nvarchar。

2020-11-24 22:41:11::資料來源的型別 String 指定值無法轉換成指定目標資料行的型別 nvarchar。

2020-11-24 22:41:11::資料來源的型別 String 指定值無法轉換成指定目標資料行的型別 nvarchar。

2020-11-24 22:41:21::資料來源的型別 String 指定值無法轉換成指定目標資料行的型別 nvarchar。

2020-11-24 22:41:21::資料來源的型別 String 指定值無法轉換成指定目標資料行的型別 nvarchar。

2020-11-24 22:41:26::資料來源的型別 String 指定值無法轉換成指定目標資料行的型別 nvarchar。

2020-11-24 22:41:26::資料來源的型別 String 指定值無法轉換成指定目標資料行的型別 nvarchar。

2020-11-24 22:41:27::資料來源的型別 String 指定值無法轉換成指定目標資料行的型別 nvarchar。

2020-11-24 22:41:27::資料來源的型別 String 指定值無法轉換成指定目標資料行的型別 nvarchar。

2020-11-24 22:41:27::資料來源的型別 String 指定值無法轉換成指定目標資料行的型別 nvarchar。

2020-11-24 22:41:27::資料來源的型別 String 指定值無法轉換成指定目標資料行的型別 nvarchar。

2020-11-24 22:41:27::資料來源的型別 String 指定值無法轉換成指定目標資料行的型別 nvarchar。

2020-11-24 22:41:27::資料來源的型別 String 指定值無法轉換成指定目標資料行的型別 nvarchar。

2020-11-24 22:41:28::資料來源的型別 String 指定值無法轉換成指定目標資料行的型別 nvarchar。

2020-11-24 22:41:28::資料來源的型別 String 指定值無法轉換成指定目標資料行的型別 nvarchar。

2020-11-24 22:41:28::資料來源的型別 String 指定值無法轉換成指定目標資料行的型別 nvarchar。

2020-11-24 22:41:28::資料來源的型別 String 指定值無法轉換成指定目標資料行的型別 nvarchar。

2020-11-24 22:41:28::資料來源的型別 String 指定值無法轉換成指定目標資料行的型別 nvarchar。

2020-11-24 22:41:28::資料來源的型別 String 指定值無法轉換成指定目標資料行的型別 nvarchar。

2020-11-24 22:42:09::資料來源的型別 String 指定值無法轉換成指定目標資料行的型別 nvarchar。

2020-11-24 22:42:09::資料來源的型別 String 指定值無法轉換成指定目標資料行的型別 nvarchar。

2020-11-24 22:42:28::資料來源的型別 String 指定值無法轉換成指定目標資料行的型別 nvarchar。

2020-11-24 22:42:28::資料來源的型別 String 指定值無法轉換成指定目標資料行的型別 nvarchar。

2020-11-24 22:43:03::資料來源的型別 String 指定值無法轉換成指定目標資料行的型別 nvarchar。

2020-11-24 22:43:03::資料來源的型別 String 指定值無法轉換成指定目標資料行的型別 nvarchar。

2020-11-24 22:43:15::資料來源的型別 String 指定值無法轉換成指定目標資料行的型別 nvarchar。

2020-11-24 22:43:15::資料來源的型別 String 指定值無法轉換成指定目標資料行的型別 nvarchar。

2020-11-24 22:58:17::資料來源的型別 String 指定值無法轉換成指定目標資料行的型別 nvarchar。

2020-11-24 22:58:17::資料來源的型別 String 指定值無法轉換成指定目標資料行的型別 nvarchar。

2020-11-24 22:58:19::資料來源的型別 String 指定值無法轉換成指定目標資料行的型別 nvarchar。

2020-11-24 22:58:19::資料來源的型別 String 指定值無法轉換成指定目標資料行的型別 nvarchar。

2020-11-24 22:58:27::資料來源的型別 String 指定值無法轉換成指定目標資料行的型別 nvarchar。

2020-11-24 22:58:27::資料來源的型別 String 指定值無法轉換成指定目標資料行的型別 nvarchar。

2020-11-24 22:58:35::資料來源的型別 String 指定值無法轉換成指定目標資料行的型別 nvarchar。

2020-11-24 22:58:35::資料來源的型別 String 指定值無法轉換成指定目標資料行的型別 nvarchar。

2020-11-24 23:02:26::資料來源的型別 String 指定值無法轉換成指定目標資料行的型別 nvarchar。

2020-11-24 23:02:26::資料來源的型別 String 指定值無法轉換成指定目標資料行的型別 nvarchar。

2020-11-24 23:02:28::資料來源的型別 String 指定值無法轉換成指定目標資料行的型別 nvarchar。

2020-11-24 23:02:28::資料來源的型別 String 指定值無法轉換成指定目標資料行的型別 nvarchar。

2020-11-24 23:02:28::已經開啟一個與這個 Command 相關的 DataReader，必須先將它關閉。

2020-11-24 23:02:28::並未將物件參考設定為物件的執行個體。

2020-11-24 23:02:28::並未將物件參考設定為物件的執行個體。

2020-11-24 23:02:29::資料來源的型別 String 指定值無法轉換成指定目標資料行的型別 nvarchar。

2020-11-24 23:02:29::資料來源的型別 String 指定值無法轉換成指定目標資料行的型別 nvarchar。

2020-11-24 23:02:29::資料來源的型別 String 指定值無法轉換成指定目標資料行的型別 nvarchar。

2020-11-24 23:02:29::資料來源的型別 String 指定值無法轉換成指定目標資料行的型別 nvarchar。

2020-11-24 23:02:29::資料來源的型別 String 指定值無法轉換成指定目標資料行的型別 nvarchar。

2020-11-24 23:02:29::資料來源的型別 String 指定值無法轉換成指定目標資料行的型別 nvarchar。

2020-11-24 23:02:30::資料來源的型別 String 指定值無法轉換成指定目標資料行的型別 nvarchar。

2020-11-24 23:02:30::資料來源的型別 String 指定值無法轉換成指定目標資料行的型別 nvarchar。

2020-11-24 23:02:30::資料來源的型別 String 指定值無法轉換成指定目標資料行的型別 nvarchar。

2020-11-24 23:02:30::資料來源的型別 String 指定值無法轉換成指定目標資料行的型別 nvarchar。

2020-11-24 23:02:30::資料來源的型別 String 指定值無法轉換成指定目標資料行的型別 nvarchar。

2020-11-24 23:02:30::資料來源的型別 String 指定值無法轉換成指定目標資料行的型別 nvarchar。

2020-11-24 23:02:30::資料來源的型別 String 指定值無法轉換成指定目標資料行的型別 nvarchar。

2020-11-24 23:02:30::資料來源的型別 String 指定值無法轉換成指定目標資料行的型別 nvarchar。

2020-11-24 23:02:30::資料來源的型別 String 指定值無法轉換成指定目標資料行的型別 nvarchar。

2020-11-24 23:02:30::資料來源的型別 String 指定值無法轉換成指定目標資料行的型別 nvarchar。

2020-11-24 23:02:31::已經開啟一個與這個 Command 相關的 DataReader，必須先將它關閉。

2020-11-24 23:02:31::並未將物件參考設定為物件的執行個體。

2020-11-24 23:02:31::並未將物件參考設定為物件的執行個體。

2020-11-24 23:02:41::資料來源的型別 String 指定值無法轉換成指定目標資料行的型別 nvarchar。

2020-11-24 23:02:41::資料來源的型別 String 指定值無法轉換成指定目標資料行的型別 nvarchar。

2020-11-24 23:03:25::資料來源的型別 String 指定值無法轉換成指定目標資料行的型別 nvarchar。

2020-11-24 23:03:25::資料來源的型別 String 指定值無法轉換成指定目標資料行的型別 nvarchar。

2020-11-24 23:03:25::資料來源的型別 String 指定值無法轉換成指定目標資料行的型別 nvarchar。

2020-11-24 23:03:25::資料來源的型別 String 指定值無法轉換成指定目標資料行的型別 nvarchar。

2020-11-24 23:03:25::資料來源的型別 String 指定值無法轉換成指定目標資料行的型別 nvarchar。

2020-11-24 23:03:25::資料來源的型別 String 指定值無法轉換成指定目標資料行的型別 nvarchar。

2020-11-24 23:03:25::資料來源的型別 String 指定值無法轉換成指定目標資料行的型別 nvarchar。

2020-11-24 23:03:25::資料來源的型別 String 指定值無法轉換成指定目標資料行的型別 nvarchar。

2020-11-24 23:03:25::資料來源的型別 String 指定值無法轉換成指定目標資料行的型別 nvarchar。

2020-11-24 23:03:25::資料來源的型別 String 指定值無法轉換成指定目標資料行的型別 nvarchar。

2020-11-24 23:17:36::資料來源的型別 String 指定值無法轉換成指定目標資料行的型別 nvarchar。

2020-11-24 23:17:36::資料來源的型別 String 指定值無法轉換成指定目標資料行的型別 nvarchar。

2020-11-24 23:17:37::資料來源的型別 String 指定值無法轉換成指定目標資料行的型別 nvarchar。

2020-11-24 23:17:37::資料來源的型別 String 指定值無法轉換成指定目標資料行的型別 nvarchar。

2020-11-24 23:17:38::資料來源的型別 String 指定值無法轉換成指定目標資料行的型別 nvarchar。

2020-11-24 23:17:38::資料來源的型別 String 指定值無法轉換成指定目標資料行的型別 nvarchar。

2020-11-24 23:17:38::資料來源的型別 String 指定值無法轉換成指定目標資料行的型別 nvarchar。

2020-11-24 23:17:38::資料來源的型別 String 指定值無法轉換成指定目標資料行的型別 nvarchar。

2020-11-24 23:17:38::資料來源的型別 String 指定值無法轉換成指定目標資料行的型別 nvarchar。

2020-11-24 23:17:38::資料來源的型別 String 指定值無法轉換成指定目標資料行的型別 nvarchar。

2020-11-24 23:17:38::資料來源的型別 String 指定值無法轉換成指定目標資料行的型別 nvarchar。

2020-11-24 23:17:38::資料來源的型別 String 指定值無法轉換成指定目標資料行的型別 nvarchar。

2020-11-24 23:17:38::資料來源的型別 String 指定值無法轉換成指定目標資料行的型別 nvarchar。

2020-11-24 23:17:38::資料來源的型別 String 指定值無法轉換成指定目標資料行的型別 nvarchar。

2020-11-24 23:17:38::資料來源的型別 String 指定值無法轉換成指定目標資料行的型別 nvarchar。

2020-11-24 23:17:38::資料來源的型別 String 指定值無法轉換成指定目標資料行的型別 nvarchar。

2020-11-24 23:17:39::資料來源的型別 String 指定值無法轉換成指定目標資料行的型別 nvarchar。

2020-11-24 23:17:39::資料來源的型別 String 指定值無法轉換成指定目標資料行的型別 nvarchar。

2020-11-24 23:17:39::資料來源的型別 String 指定值無法轉換成指定目標資料行的型別 nvarchar。

2020-11-24 23:17:39::資料來源的型別 String 指定值無法轉換成指定目標資料行的型別 nvarchar。

2020-11-24 23:17:39::資料來源的型別 String 指定值無法轉換成指定目標資料行的型別 nvarchar。

2020-11-24 23:17:39::資料來源的型別 String 指定值無法轉換成指定目標資料行的型別 nvarchar。

2020-11-24 23:17:39::資料來源的型別 String 指定值無法轉換成指定目標資料行的型別 nvarchar。

2020-11-24 23:17:39::資料來源的型別 String 指定值無法轉換成指定目標資料行的型別 nvarchar。

2020-11-24 23:17:39::資料來源的型別 String 指定值無法轉換成指定目標資料行的型別 nvarchar。

2020-11-24 23:17:39::資料來源的型別 String 指定值無法轉換成指定目標資料行的型別 nvarchar。

2020-11-24 23:17:40::資料來源的型別 String 指定值無法轉換成指定目標資料行的型別 nvarchar。

2020-11-24 23:17:40::資料來源的型別 String 指定值無法轉換成指定目標資料行的型別 nvarchar。

2020-11-24 23:17:40::資料來源的型別 String 指定值無法轉換成指定目標資料行的型別 nvarchar。

2020-11-24 23:17:40::資料來源的型別 String 指定值無法轉換成指定目標資料行的型別 nvarchar。

2020-11-24 23:17:40::資料來源的型別 String 指定值無法轉換成指定目標資料行的型別 nvarchar。

2020-11-24 23:17:40::資料來源的型別 String 指定值無法轉換成指定目標資料行的型別 nvarchar。

2020-11-24 23:17:40::資料來源的型別 String 指定值無法轉換成指定目標資料行的型別 nvarchar。

2020-11-24 23:17:40::資料來源的型別 String 指定值無法轉換成指定目標資料行的型別 nvarchar。

2020-11-24 23:17:40::資料來源的型別 String 指定值無法轉換成指定目標資料行的型別 nvarchar。

2020-11-24 23:17:40::資料來源的型別 String 指定值無法轉換成指定目標資料行的型別 nvarchar。

2020-11-24 23:17:40::資料來源的型別 String 指定值無法轉換成指定目標資料行的型別 nvarchar。

2020-11-24 23:17:40::資料來源的型別 String 指定值無法轉換成指定目標資料行的型別 nvarchar。

2020-11-24 23:17:41::資料來源的型別 String 指定值無法轉換成指定目標資料行的型別 nvarchar。

2020-11-24 23:17:41::資料來源的型別 String 指定值無法轉換成指定目標資料行的型別 nvarchar。

2020-11-24 23:17:41::資料來源的型別 String 指定值無法轉換成指定目標資料行的型別 nvarchar。

2020-11-24 23:17:41::資料來源的型別 String 指定值無法轉換成指定目標資料行的型別 nvarchar。

2020-11-24 23:17:41::資料來源的型別 String 指定值無法轉換成指定目標資料行的型別 nvarchar。

2020-11-24 23:17:41::資料來源的型別 String 指定值無法轉換成指定目標資料行的型別 nvarchar。

2020-11-24 23:17:41::資料來源的型別 String 指定值無法轉換成指定目標資料行的型別 nvarchar。

2020-11-24 23:17:41::資料來源的型別 String 指定值無法轉換成指定目標資料行的型別 nvarchar。

2020-11-24 23:17:42::資料來源的型別 String 指定值無法轉換成指定目標資料行的型別 nvarchar。

2020-11-24 23:17:42::資料來源的型別 String 指定值無法轉換成指定目標資料行的型別 nvarchar。

