2021-07-20 09:15:33::資料來源的型別 String 指定值無法轉換成指定目標資料行的型別 nvarchar。

2021-07-20 09:15:33::資料來源的型別 String 指定值無法轉換成指定目標資料行的型別 nvarchar。

2021-07-20 09:15:34::資料來源的型別 String 指定值無法轉換成指定目標資料行的型別 nvarchar。

2021-07-20 09:15:34::資料來源的型別 String 指定值無法轉換成指定目標資料行的型別 nvarchar。

2021-07-20 09:15:35::資料來源的型別 String 指定值無法轉換成指定目標資料行的型別 nvarchar。

2021-07-20 09:15:35::資料來源的型別 String 指定值無法轉換成指定目標資料行的型別 nvarchar。

2021-07-20 09:15:35::資料來源的型別 String 指定值無法轉換成指定目標資料行的型別 nvarchar。

2021-07-20 09:15:35::資料來源的型別 String 指定值無法轉換成指定目標資料行的型別 nvarchar。

2021-07-20 09:15:36::資料來源的型別 String 指定值無法轉換成指定目標資料行的型別 nvarchar。

2021-07-20 09:15:36::資料來源的型別 String 指定值無法轉換成指定目標資料行的型別 nvarchar。

2021-07-20 09:15:36::資料來源的型別 String 指定值無法轉換成指定目標資料行的型別 nvarchar。

2021-07-20 09:15:36::資料來源的型別 String 指定值無法轉換成指定目標資料行的型別 nvarchar。

2021-07-20 09:15:36::資料來源的型別 String 指定值無法轉換成指定目標資料行的型別 nvarchar。

2021-07-20 09:15:36::資料來源的型別 String 指定值無法轉換成指定目標資料行的型別 nvarchar。

2021-07-20 09:15:36::資料來源的型別 String 指定值無法轉換成指定目標資料行的型別 nvarchar。

2021-07-20 09:15:36::資料來源的型別 String 指定值無法轉換成指定目標資料行的型別 nvarchar。

2021-07-20 09:36:41::資料來源的型別 String 指定值無法轉換成指定目標資料行的型別 nvarchar。

2021-07-20 09:36:41::資料來源的型別 String 指定值無法轉換成指定目標資料行的型別 nvarchar。

2021-07-20 10:15:54::資料來源的型別 String 指定值無法轉換成指定目標資料行的型別 nvarchar。

2021-07-20 10:15:54::資料來源的型別 String 指定值無法轉換成指定目標資料行的型別 nvarchar。

2021-07-20 10:15:55::資料來源的型別 String 指定值無法轉換成指定目標資料行的型別 nvarchar。

2021-07-20 10:15:55::資料來源的型別 String 指定值無法轉換成指定目標資料行的型別 nvarchar。

2021-07-20 10:15:56::資料來源的型別 String 指定值無法轉換成指定目標資料行的型別 nvarchar。

2021-07-20 10:15:56::資料來源的型別 String 指定值無法轉換成指定目標資料行的型別 nvarchar。

2021-07-20 10:15:57::資料來源的型別 String 指定值無法轉換成指定目標資料行的型別 nvarchar。

2021-07-20 10:15:57::資料來源的型別 String 指定值無法轉換成指定目標資料行的型別 nvarchar。

2021-07-20 10:15:58::資料來源的型別 String 指定值無法轉換成指定目標資料行的型別 nvarchar。

2021-07-20 10:15:58::資料來源的型別 String 指定值無法轉換成指定目標資料行的型別 nvarchar。

2021-07-20 10:15:58::資料來源的型別 String 指定值無法轉換成指定目標資料行的型別 nvarchar。

2021-07-20 10:15:58::資料來源的型別 String 指定值無法轉換成指定目標資料行的型別 nvarchar。

2021-07-20 10:16:20::資料來源的型別 String 指定值無法轉換成指定目標資料行的型別 nvarchar。

2021-07-20 10:16:20::資料來源的型別 String 指定值無法轉換成指定目標資料行的型別 nvarchar。

2021-07-20 10:16:21::資料來源的型別 String 指定值無法轉換成指定目標資料行的型別 nvarchar。

2021-07-20 10:16:21::資料來源的型別 String 指定值無法轉換成指定目標資料行的型別 nvarchar。

2021-07-20 10:16:21::資料來源的型別 String 指定值無法轉換成指定目標資料行的型別 nvarchar。

2021-07-20 10:16:21::資料來源的型別 String 指定值無法轉換成指定目標資料行的型別 nvarchar。

2021-07-20 10:16:22::資料來源的型別 String 指定值無法轉換成指定目標資料行的型別 nvarchar。

2021-07-20 10:16:22::資料來源的型別 String 指定值無法轉換成指定目標資料行的型別 nvarchar。

2021-07-20 10:16:22::資料來源的型別 String 指定值無法轉換成指定目標資料行的型別 nvarchar。

2021-07-20 10:16:22::資料來源的型別 String 指定值無法轉換成指定目標資料行的型別 nvarchar。

2021-07-20 10:16:22::資料來源的型別 String 指定值無法轉換成指定目標資料行的型別 nvarchar。

2021-07-20 10:16:22::資料來源的型別 String 指定值無法轉換成指定目標資料行的型別 nvarchar。

2021-07-20 10:16:25::資料來源的型別 String 指定值無法轉換成指定目標資料行的型別 nvarchar。

2021-07-20 10:16:25::資料來源的型別 String 指定值無法轉換成指定目標資料行的型別 nvarchar。

2021-07-20 10:16:26::資料來源的型別 String 指定值無法轉換成指定目標資料行的型別 nvarchar。

2021-07-20 10:16:26::資料來源的型別 String 指定值無法轉換成指定目標資料行的型別 nvarchar。

2021-07-20 10:16:26::資料來源的型別 String 指定值無法轉換成指定目標資料行的型別 nvarchar。

2021-07-20 10:16:26::資料來源的型別 String 指定值無法轉換成指定目標資料行的型別 nvarchar。

2021-07-20 10:16:26::資料來源的型別 String 指定值無法轉換成指定目標資料行的型別 nvarchar。

2021-07-20 10:16:26::資料來源的型別 String 指定值無法轉換成指定目標資料行的型別 nvarchar。

2021-07-20 10:16:26::資料來源的型別 String 指定值無法轉換成指定目標資料行的型別 nvarchar。

2021-07-20 10:16:26::資料來源的型別 String 指定值無法轉換成指定目標資料行的型別 nvarchar。

2021-07-20 10:16:27::資料來源的型別 String 指定值無法轉換成指定目標資料行的型別 nvarchar。

2021-07-20 10:16:27::資料來源的型別 String 指定值無法轉換成指定目標資料行的型別 nvarchar。

2021-07-20 10:16:27::資料來源的型別 String 指定值無法轉換成指定目標資料行的型別 nvarchar。

2021-07-20 10:16:27::資料來源的型別 String 指定值無法轉換成指定目標資料行的型別 nvarchar。

2021-07-20 10:16:27::資料來源的型別 String 指定值無法轉換成指定目標資料行的型別 nvarchar。

2021-07-20 10:16:27::資料來源的型別 String 指定值無法轉換成指定目標資料行的型別 nvarchar。

2021-07-20 10:16:27::資料來源的型別 String 指定值無法轉換成指定目標資料行的型別 nvarchar。

2021-07-20 10:16:27::資料來源的型別 String 指定值無法轉換成指定目標資料行的型別 nvarchar。

2021-07-20 10:16:28::資料來源的型別 String 指定值無法轉換成指定目標資料行的型別 nvarchar。

2021-07-20 10:16:28::資料來源的型別 String 指定值無法轉換成指定目標資料行的型別 nvarchar。

2021-07-20 10:16:28::資料來源的型別 String 指定值無法轉換成指定目標資料行的型別 nvarchar。

2021-07-20 10:16:28::資料來源的型別 String 指定值無法轉換成指定目標資料行的型別 nvarchar。

2021-07-20 10:16:28::資料來源的型別 String 指定值無法轉換成指定目標資料行的型別 nvarchar。

2021-07-20 10:16:28::資料來源的型別 String 指定值無法轉換成指定目標資料行的型別 nvarchar。

2021-07-20 10:16:39::資料來源的型別 String 指定值無法轉換成指定目標資料行的型別 nvarchar。

2021-07-20 10:16:39::資料來源的型別 String 指定值無法轉換成指定目標資料行的型別 nvarchar。

2021-07-20 10:17:24::資料來源的型別 String 指定值無法轉換成指定目標資料行的型別 nvarchar。

2021-07-20 10:17:24::資料來源的型別 String 指定值無法轉換成指定目標資料行的型別 nvarchar。

2021-07-20 10:17:24::資料來源的型別 String 指定值無法轉換成指定目標資料行的型別 nvarchar。

2021-07-20 10:17:24::資料來源的型別 String 指定值無法轉換成指定目標資料行的型別 nvarchar。

2021-07-20 10:17:25::資料來源的型別 String 指定值無法轉換成指定目標資料行的型別 nvarchar。

2021-07-20 10:17:25::資料來源的型別 String 指定值無法轉換成指定目標資料行的型別 nvarchar。

2021-07-20 10:17:25::資料來源的型別 String 指定值無法轉換成指定目標資料行的型別 nvarchar。

2021-07-20 10:17:25::資料來源的型別 String 指定值無法轉換成指定目標資料行的型別 nvarchar。

2021-07-20 10:17:25::資料來源的型別 String 指定值無法轉換成指定目標資料行的型別 nvarchar。

2021-07-20 10:17:25::資料來源的型別 String 指定值無法轉換成指定目標資料行的型別 nvarchar。

2021-07-20 10:17:30::資料來源的型別 String 指定值無法轉換成指定目標資料行的型別 nvarchar。

2021-07-20 10:17:30::資料來源的型別 String 指定值無法轉換成指定目標資料行的型別 nvarchar。

2021-07-20 10:17:30::資料來源的型別 String 指定值無法轉換成指定目標資料行的型別 nvarchar。

2021-07-20 10:17:30::資料來源的型別 String 指定值無法轉換成指定目標資料行的型別 nvarchar。

2021-07-20 10:17:31::資料來源的型別 String 指定值無法轉換成指定目標資料行的型別 nvarchar。

2021-07-20 10:17:31::資料來源的型別 String 指定值無法轉換成指定目標資料行的型別 nvarchar。

2021-07-20 10:17:31::資料來源的型別 String 指定值無法轉換成指定目標資料行的型別 nvarchar。

2021-07-20 10:17:31::資料來源的型別 String 指定值無法轉換成指定目標資料行的型別 nvarchar。

2021-07-20 10:17:31::資料來源的型別 String 指定值無法轉換成指定目標資料行的型別 nvarchar。

2021-07-20 10:17:31::資料來源的型別 String 指定值無法轉換成指定目標資料行的型別 nvarchar。

2021-07-20 10:17:31::資料來源的型別 String 指定值無法轉換成指定目標資料行的型別 nvarchar。

2021-07-20 10:17:31::資料來源的型別 String 指定值無法轉換成指定目標資料行的型別 nvarchar。

2021-07-20 10:17:31::資料來源的型別 String 指定值無法轉換成指定目標資料行的型別 nvarchar。

2021-07-20 10:17:31::資料來源的型別 String 指定值無法轉換成指定目標資料行的型別 nvarchar。

2021-07-20 10:17:32::資料來源的型別 String 指定值無法轉換成指定目標資料行的型別 nvarchar。

2021-07-20 10:17:32::資料來源的型別 String 指定值無法轉換成指定目標資料行的型別 nvarchar。

2021-07-20 10:17:33::資料來源的型別 String 指定值無法轉換成指定目標資料行的型別 nvarchar。

2021-07-20 10:17:33::資料來源的型別 String 指定值無法轉換成指定目標資料行的型別 nvarchar。

2021-07-20 10:17:33::資料來源的型別 String 指定值無法轉換成指定目標資料行的型別 nvarchar。

2021-07-20 10:17:33::資料來源的型別 String 指定值無法轉換成指定目標資料行的型別 nvarchar。

2021-07-20 10:17:33::資料來源的型別 String 指定值無法轉換成指定目標資料行的型別 nvarchar。

2021-07-20 10:17:33::資料來源的型別 String 指定值無法轉換成指定目標資料行的型別 nvarchar。

2021-07-20 10:17:38::資料來源的型別 String 指定值無法轉換成指定目標資料行的型別 nvarchar。

2021-07-20 10:17:38::資料來源的型別 String 指定值無法轉換成指定目標資料行的型別 nvarchar。

2021-07-20 10:17:39::資料來源的型別 String 指定值無法轉換成指定目標資料行的型別 nvarchar。

2021-07-20 10:17:39::資料來源的型別 String 指定值無法轉換成指定目標資料行的型別 nvarchar。

2021-07-20 10:17:39::資料來源的型別 String 指定值無法轉換成指定目標資料行的型別 nvarchar。

2021-07-20 10:17:39::資料來源的型別 String 指定值無法轉換成指定目標資料行的型別 nvarchar。

2021-07-20 10:17:39::資料來源的型別 String 指定值無法轉換成指定目標資料行的型別 nvarchar。

2021-07-20 10:17:39::資料來源的型別 String 指定值無法轉換成指定目標資料行的型別 nvarchar。

2021-07-20 10:17:39::資料來源的型別 String 指定值無法轉換成指定目標資料行的型別 nvarchar。

2021-07-20 10:17:39::資料來源的型別 String 指定值無法轉換成指定目標資料行的型別 nvarchar。

2021-07-20 10:17:40::資料來源的型別 String 指定值無法轉換成指定目標資料行的型別 nvarchar。

2021-07-20 10:17:40::資料來源的型別 String 指定值無法轉換成指定目標資料行的型別 nvarchar。

2021-07-20 10:17:55::資料來源的型別 String 指定值無法轉換成指定目標資料行的型別 nvarchar。

2021-07-20 10:17:55::資料來源的型別 String 指定值無法轉換成指定目標資料行的型別 nvarchar。

2021-07-20 10:17:55::資料來源的型別 String 指定值無法轉換成指定目標資料行的型別 nvarchar。

2021-07-20 10:17:55::資料來源的型別 String 指定值無法轉換成指定目標資料行的型別 nvarchar。

2021-07-20 10:17:56::資料來源的型別 String 指定值無法轉換成指定目標資料行的型別 nvarchar。

2021-07-20 10:17:56::資料來源的型別 String 指定值無法轉換成指定目標資料行的型別 nvarchar。

2021-07-20 10:17:56::資料來源的型別 String 指定值無法轉換成指定目標資料行的型別 nvarchar。

2021-07-20 10:17:56::資料來源的型別 String 指定值無法轉換成指定目標資料行的型別 nvarchar。

2021-07-20 10:17:56::資料來源的型別 String 指定值無法轉換成指定目標資料行的型別 nvarchar。

2021-07-20 10:17:56::資料來源的型別 String 指定值無法轉換成指定目標資料行的型別 nvarchar。

2021-07-20 10:17:56::資料來源的型別 String 指定值無法轉換成指定目標資料行的型別 nvarchar。

2021-07-20 10:17:56::資料來源的型別 String 指定值無法轉換成指定目標資料行的型別 nvarchar。

2021-07-20 10:17:56::資料來源的型別 String 指定值無法轉換成指定目標資料行的型別 nvarchar。

2021-07-20 10:17:56::資料來源的型別 String 指定值無法轉換成指定目標資料行的型別 nvarchar。

2021-07-20 10:18:14::資料來源的型別 String 指定值無法轉換成指定目標資料行的型別 nvarchar。

2021-07-20 10:18:14::資料來源的型別 String 指定值無法轉換成指定目標資料行的型別 nvarchar。

2021-07-20 10:18:14::資料來源的型別 String 指定值無法轉換成指定目標資料行的型別 nvarchar。

2021-07-20 10:18:14::資料來源的型別 String 指定值無法轉換成指定目標資料行的型別 nvarchar。

2021-07-20 10:18:14::資料來源的型別 String 指定值無法轉換成指定目標資料行的型別 nvarchar。

2021-07-20 10:18:14::資料來源的型別 String 指定值無法轉換成指定目標資料行的型別 nvarchar。

2021-07-20 10:18:15::資料來源的型別 String 指定值無法轉換成指定目標資料行的型別 nvarchar。

2021-07-20 10:18:15::資料來源的型別 String 指定值無法轉換成指定目標資料行的型別 nvarchar。

2021-07-20 10:18:15::資料來源的型別 String 指定值無法轉換成指定目標資料行的型別 nvarchar。

2021-07-20 10:18:15::資料來源的型別 String 指定值無法轉換成指定目標資料行的型別 nvarchar。

2021-07-20 10:18:15::資料來源的型別 String 指定值無法轉換成指定目標資料行的型別 nvarchar。

2021-07-20 10:18:15::資料來源的型別 String 指定值無法轉換成指定目標資料行的型別 nvarchar。

2021-07-20 10:18:15::資料來源的型別 String 指定值無法轉換成指定目標資料行的型別 nvarchar。

2021-07-20 10:18:15::資料來源的型別 String 指定值無法轉換成指定目標資料行的型別 nvarchar。

2021-07-20 10:18:16::資料來源的型別 String 指定值無法轉換成指定目標資料行的型別 nvarchar。

2021-07-20 10:18:16::資料來源的型別 String 指定值無法轉換成指定目標資料行的型別 nvarchar。

2021-07-20 10:18:17::資料來源的型別 String 指定值無法轉換成指定目標資料行的型別 nvarchar。

2021-07-20 10:18:17::資料來源的型別 String 指定值無法轉換成指定目標資料行的型別 nvarchar。

2021-07-20 10:18:18::資料來源的型別 String 指定值無法轉換成指定目標資料行的型別 nvarchar。

2021-07-20 10:18:18::資料來源的型別 String 指定值無法轉換成指定目標資料行的型別 nvarchar。

2021-07-20 10:18:18::資料來源的型別 String 指定值無法轉換成指定目標資料行的型別 nvarchar。

2021-07-20 10:18:18::資料來源的型別 String 指定值無法轉換成指定目標資料行的型別 nvarchar。

2021-07-20 10:18:18::資料來源的型別 String 指定值無法轉換成指定目標資料行的型別 nvarchar。

2021-07-20 10:18:18::資料來源的型別 String 指定值無法轉換成指定目標資料行的型別 nvarchar。

2021-07-20 10:18:18::資料來源的型別 String 指定值無法轉換成指定目標資料行的型別 nvarchar。

2021-07-20 10:18:18::資料來源的型別 String 指定值無法轉換成指定目標資料行的型別 nvarchar。

2021-07-20 10:18:19::資料來源的型別 String 指定值無法轉換成指定目標資料行的型別 nvarchar。

2021-07-20 10:18:19::資料來源的型別 String 指定值無法轉換成指定目標資料行的型別 nvarchar。

2021-07-20 10:18:19::資料來源的型別 String 指定值無法轉換成指定目標資料行的型別 nvarchar。

2021-07-20 10:18:19::資料來源的型別 String 指定值無法轉換成指定目標資料行的型別 nvarchar。

2021-07-20 10:18:19::資料來源的型別 String 指定值無法轉換成指定目標資料行的型別 nvarchar。

2021-07-20 10:18:19::資料來源的型別 String 指定值無法轉換成指定目標資料行的型別 nvarchar。

2021-07-20 10:18:19::資料來源的型別 String 指定值無法轉換成指定目標資料行的型別 nvarchar。

2021-07-20 10:18:19::資料來源的型別 String 指定值無法轉換成指定目標資料行的型別 nvarchar。

2021-07-20 10:18:20::資料來源的型別 String 指定值無法轉換成指定目標資料行的型別 nvarchar。

2021-07-20 10:18:20::資料來源的型別 String 指定值無法轉換成指定目標資料行的型別 nvarchar。

2021-07-20 10:18:21::資料來源的型別 String 指定值無法轉換成指定目標資料行的型別 nvarchar。

2021-07-20 10:18:21::資料來源的型別 String 指定值無法轉換成指定目標資料行的型別 nvarchar。

2021-07-20 10:18:21::資料來源的型別 String 指定值無法轉換成指定目標資料行的型別 nvarchar。

2021-07-20 10:18:21::資料來源的型別 String 指定值無法轉換成指定目標資料行的型別 nvarchar。

2021-07-20 10:18:27::資料來源的型別 String 指定值無法轉換成指定目標資料行的型別 nvarchar。

2021-07-20 10:18:27::資料來源的型別 String 指定值無法轉換成指定目標資料行的型別 nvarchar。

2021-07-20 10:18:28::資料來源的型別 String 指定值無法轉換成指定目標資料行的型別 nvarchar。

2021-07-20 10:18:28::資料來源的型別 String 指定值無法轉換成指定目標資料行的型別 nvarchar。

2021-07-20 10:18:28::資料來源的型別 String 指定值無法轉換成指定目標資料行的型別 nvarchar。

2021-07-20 10:18:28::資料來源的型別 String 指定值無法轉換成指定目標資料行的型別 nvarchar。

2021-07-20 10:18:44::資料來源的型別 String 指定值無法轉換成指定目標資料行的型別 nvarchar。

2021-07-20 10:18:44::資料來源的型別 String 指定值無法轉換成指定目標資料行的型別 nvarchar。

2021-07-20 10:18:45::資料來源的型別 String 指定值無法轉換成指定目標資料行的型別 nvarchar。

2021-07-20 10:18:45::資料來源的型別 String 指定值無法轉換成指定目標資料行的型別 nvarchar。

2021-07-20 10:18:45::資料來源的型別 String 指定值無法轉換成指定目標資料行的型別 nvarchar。

2021-07-20 10:18:45::資料來源的型別 String 指定值無法轉換成指定目標資料行的型別 nvarchar。

2021-07-20 10:19:11::資料來源的型別 String 指定值無法轉換成指定目標資料行的型別 nvarchar。

2021-07-20 10:19:11::資料來源的型別 String 指定值無法轉換成指定目標資料行的型別 nvarchar。

2021-07-20 10:19:12::資料來源的型別 String 指定值無法轉換成指定目標資料行的型別 nvarchar。

2021-07-20 10:19:12::資料來源的型別 String 指定值無法轉換成指定目標資料行的型別 nvarchar。

2021-07-20 10:19:12::資料來源的型別 String 指定值無法轉換成指定目標資料行的型別 nvarchar。

2021-07-20 10:19:12::資料來源的型別 String 指定值無法轉換成指定目標資料行的型別 nvarchar。

2021-07-20 10:19:12::資料來源的型別 String 指定值無法轉換成指定目標資料行的型別 nvarchar。

2021-07-20 10:19:12::資料來源的型別 String 指定值無法轉換成指定目標資料行的型別 nvarchar。

2021-07-20 10:19:12::資料來源的型別 String 指定值無法轉換成指定目標資料行的型別 nvarchar。

2021-07-20 10:19:12::資料來源的型別 String 指定值無法轉換成指定目標資料行的型別 nvarchar。

2021-07-20 10:19:13::資料來源的型別 String 指定值無法轉換成指定目標資料行的型別 nvarchar。

2021-07-20 10:19:13::資料來源的型別 String 指定值無法轉換成指定目標資料行的型別 nvarchar。

2021-07-20 10:19:13::資料來源的型別 String 指定值無法轉換成指定目標資料行的型別 nvarchar。

2021-07-20 10:19:13::資料來源的型別 String 指定值無法轉換成指定目標資料行的型別 nvarchar。

2021-07-20 10:19:13::資料來源的型別 String 指定值無法轉換成指定目標資料行的型別 nvarchar。

2021-07-20 10:19:13::資料來源的型別 String 指定值無法轉換成指定目標資料行的型別 nvarchar。

2021-07-20 10:19:38::資料來源的型別 String 指定值無法轉換成指定目標資料行的型別 nvarchar。

2021-07-20 10:19:38::資料來源的型別 String 指定值無法轉換成指定目標資料行的型別 nvarchar。

2021-07-20 10:19:39::資料來源的型別 String 指定值無法轉換成指定目標資料行的型別 nvarchar。

2021-07-20 10:19:39::資料來源的型別 String 指定值無法轉換成指定目標資料行的型別 nvarchar。

2021-07-20 10:19:39::資料來源的型別 String 指定值無法轉換成指定目標資料行的型別 nvarchar。

2021-07-20 10:19:39::資料來源的型別 String 指定值無法轉換成指定目標資料行的型別 nvarchar。

2021-07-20 10:19:39::資料來源的型別 String 指定值無法轉換成指定目標資料行的型別 nvarchar。

2021-07-20 10:19:39::資料來源的型別 String 指定值無法轉換成指定目標資料行的型別 nvarchar。

2021-07-20 10:19:39::資料來源的型別 String 指定值無法轉換成指定目標資料行的型別 nvarchar。

2021-07-20 10:19:39::資料來源的型別 String 指定值無法轉換成指定目標資料行的型別 nvarchar。

2021-07-20 10:20:24::資料來源的型別 String 指定值無法轉換成指定目標資料行的型別 nvarchar。

2021-07-20 10:20:24::資料來源的型別 String 指定值無法轉換成指定目標資料行的型別 nvarchar。

2021-07-20 10:20:24::資料來源的型別 String 指定值無法轉換成指定目標資料行的型別 nvarchar。

2021-07-20 10:20:24::資料來源的型別 String 指定值無法轉換成指定目標資料行的型別 nvarchar。

2021-07-20 10:20:25::資料來源的型別 String 指定值無法轉換成指定目標資料行的型別 nvarchar。

2021-07-20 10:20:25::資料來源的型別 String 指定值無法轉換成指定目標資料行的型別 nvarchar。

2021-07-20 10:20:25::資料來源的型別 String 指定值無法轉換成指定目標資料行的型別 nvarchar。

2021-07-20 10:20:25::資料來源的型別 String 指定值無法轉換成指定目標資料行的型別 nvarchar。

2021-07-20 10:20:25::資料來源的型別 String 指定值無法轉換成指定目標資料行的型別 nvarchar。

2021-07-20 10:20:25::資料來源的型別 String 指定值無法轉換成指定目標資料行的型別 nvarchar。

2021-07-20 10:20:25::資料來源的型別 String 指定值無法轉換成指定目標資料行的型別 nvarchar。

2021-07-20 10:20:25::資料來源的型別 String 指定值無法轉換成指定目標資料行的型別 nvarchar。

2021-07-20 10:20:33::資料來源的型別 String 指定值無法轉換成指定目標資料行的型別 nvarchar。

2021-07-20 10:20:33::資料來源的型別 String 指定值無法轉換成指定目標資料行的型別 nvarchar。

2021-07-20 10:20:33::資料來源的型別 String 指定值無法轉換成指定目標資料行的型別 nvarchar。

2021-07-20 10:20:33::資料來源的型別 String 指定值無法轉換成指定目標資料行的型別 nvarchar。

2021-07-20 10:20:33::資料來源的型別 String 指定值無法轉換成指定目標資料行的型別 nvarchar。

2021-07-20 10:20:33::資料來源的型別 String 指定值無法轉換成指定目標資料行的型別 nvarchar。

2021-07-20 10:20:34::資料來源的型別 String 指定值無法轉換成指定目標資料行的型別 nvarchar。

2021-07-20 10:20:34::資料來源的型別 String 指定值無法轉換成指定目標資料行的型別 nvarchar。

2021-07-20 10:20:34::資料來源的型別 String 指定值無法轉換成指定目標資料行的型別 nvarchar。

2021-07-20 10:20:34::資料來源的型別 String 指定值無法轉換成指定目標資料行的型別 nvarchar。

2021-07-20 10:20:34::資料來源的型別 String 指定值無法轉換成指定目標資料行的型別 nvarchar。

2021-07-20 10:20:34::資料來源的型別 String 指定值無法轉換成指定目標資料行的型別 nvarchar。

2021-07-20 10:20:36::資料來源的型別 String 指定值無法轉換成指定目標資料行的型別 nvarchar。

2021-07-20 10:20:36::資料來源的型別 String 指定值無法轉換成指定目標資料行的型別 nvarchar。

2021-07-20 10:20:36::資料來源的型別 String 指定值無法轉換成指定目標資料行的型別 nvarchar。

2021-07-20 10:20:36::資料來源的型別 String 指定值無法轉換成指定目標資料行的型別 nvarchar。

2021-07-20 10:20:37::資料來源的型別 String 指定值無法轉換成指定目標資料行的型別 nvarchar。

2021-07-20 10:20:37::資料來源的型別 String 指定值無法轉換成指定目標資料行的型別 nvarchar。

2021-07-20 10:20:37::資料來源的型別 String 指定值無法轉換成指定目標資料行的型別 nvarchar。

2021-07-20 10:20:37::資料來源的型別 String 指定值無法轉換成指定目標資料行的型別 nvarchar。

2021-07-20 10:20:50::資料來源的型別 String 指定值無法轉換成指定目標資料行的型別 nvarchar。

2021-07-20 10:20:50::資料來源的型別 String 指定值無法轉換成指定目標資料行的型別 nvarchar。

2021-07-20 10:20:51::資料來源的型別 String 指定值無法轉換成指定目標資料行的型別 nvarchar。

2021-07-20 10:20:51::資料來源的型別 String 指定值無法轉換成指定目標資料行的型別 nvarchar。

2021-07-20 10:20:51::資料來源的型別 String 指定值無法轉換成指定目標資料行的型別 nvarchar。

2021-07-20 10:20:51::資料來源的型別 String 指定值無法轉換成指定目標資料行的型別 nvarchar。

2021-07-20 10:20:51::資料來源的型別 String 指定值無法轉換成指定目標資料行的型別 nvarchar。

2021-07-20 10:20:51::資料來源的型別 String 指定值無法轉換成指定目標資料行的型別 nvarchar。

2021-07-20 10:20:51::資料來源的型別 String 指定值無法轉換成指定目標資料行的型別 nvarchar。

2021-07-20 10:20:51::資料來源的型別 String 指定值無法轉換成指定目標資料行的型別 nvarchar。

2021-07-20 10:23:14::資料來源的型別 String 指定值無法轉換成指定目標資料行的型別 nvarchar。

2021-07-20 10:23:14::資料來源的型別 String 指定值無法轉換成指定目標資料行的型別 nvarchar。

2021-07-20 10:23:14::資料來源的型別 String 指定值無法轉換成指定目標資料行的型別 nvarchar。

2021-07-20 10:23:14::資料來源的型別 String 指定值無法轉換成指定目標資料行的型別 nvarchar。

2021-07-20 10:23:14::資料來源的型別 String 指定值無法轉換成指定目標資料行的型別 nvarchar。

2021-07-20 10:23:14::資料來源的型別 String 指定值無法轉換成指定目標資料行的型別 nvarchar。

2021-07-20 10:23:15::資料來源的型別 String 指定值無法轉換成指定目標資料行的型別 nvarchar。

2021-07-20 10:23:15::資料來源的型別 String 指定值無法轉換成指定目標資料行的型別 nvarchar。

2021-07-20 10:23:17::資料來源的型別 String 指定值無法轉換成指定目標資料行的型別 nvarchar。

2021-07-20 10:23:17::資料來源的型別 String 指定值無法轉換成指定目標資料行的型別 nvarchar。

2021-07-20 10:23:18::資料來源的型別 String 指定值無法轉換成指定目標資料行的型別 nvarchar。

2021-07-20 10:23:18::資料來源的型別 String 指定值無法轉換成指定目標資料行的型別 nvarchar。

2021-07-20 10:23:18::資料來源的型別 String 指定值無法轉換成指定目標資料行的型別 nvarchar。

2021-07-20 10:23:18::資料來源的型別 String 指定值無法轉換成指定目標資料行的型別 nvarchar。

2021-07-20 10:23:18::資料來源的型別 String 指定值無法轉換成指定目標資料行的型別 nvarchar。

2021-07-20 10:23:18::資料來源的型別 String 指定值無法轉換成指定目標資料行的型別 nvarchar。

2021-07-20 10:23:28::資料來源的型別 String 指定值無法轉換成指定目標資料行的型別 nvarchar。

2021-07-20 10:23:28::資料來源的型別 String 指定值無法轉換成指定目標資料行的型別 nvarchar。

2021-07-20 10:23:29::資料來源的型別 String 指定值無法轉換成指定目標資料行的型別 nvarchar。

2021-07-20 10:23:29::資料來源的型別 String 指定值無法轉換成指定目標資料行的型別 nvarchar。

2021-07-20 10:23:29::資料來源的型別 String 指定值無法轉換成指定目標資料行的型別 nvarchar。

2021-07-20 10:23:29::資料來源的型別 String 指定值無法轉換成指定目標資料行的型別 nvarchar。

2021-07-20 10:23:29::資料來源的型別 String 指定值無法轉換成指定目標資料行的型別 nvarchar。

2021-07-20 10:23:29::資料來源的型別 String 指定值無法轉換成指定目標資料行的型別 nvarchar。

2021-07-20 10:23:29::資料來源的型別 String 指定值無法轉換成指定目標資料行的型別 nvarchar。

2021-07-20 10:23:29::資料來源的型別 String 指定值無法轉換成指定目標資料行的型別 nvarchar。

2021-07-20 10:23:30::資料來源的型別 String 指定值無法轉換成指定目標資料行的型別 nvarchar。

2021-07-20 10:23:30::資料來源的型別 String 指定值無法轉換成指定目標資料行的型別 nvarchar。

2021-07-20 10:23:30::資料來源的型別 String 指定值無法轉換成指定目標資料行的型別 nvarchar。

2021-07-20 10:23:30::資料來源的型別 String 指定值無法轉換成指定目標資料行的型別 nvarchar。

2021-07-20 10:36:56::資料來源的型別 String 指定值無法轉換成指定目標資料行的型別 nvarchar。

2021-07-20 10:36:56::資料來源的型別 String 指定值無法轉換成指定目標資料行的型別 nvarchar。

2021-07-20 10:36:57::資料來源的型別 String 指定值無法轉換成指定目標資料行的型別 nvarchar。

2021-07-20 10:36:57::資料來源的型別 String 指定值無法轉換成指定目標資料行的型別 nvarchar。

2021-07-20 10:36:57::資料來源的型別 String 指定值無法轉換成指定目標資料行的型別 nvarchar。

2021-07-20 10:36:57::資料來源的型別 String 指定值無法轉換成指定目標資料行的型別 nvarchar。

2021-07-20 10:36:57::資料來源的型別 String 指定值無法轉換成指定目標資料行的型別 nvarchar。

2021-07-20 10:36:57::資料來源的型別 String 指定值無法轉換成指定目標資料行的型別 nvarchar。

2021-07-20 10:36:58::資料來源的型別 String 指定值無法轉換成指定目標資料行的型別 nvarchar。

2021-07-20 10:36:58::資料來源的型別 String 指定值無法轉換成指定目標資料行的型別 nvarchar。

2021-07-20 10:37:04::資料來源的型別 String 指定值無法轉換成指定目標資料行的型別 nvarchar。

2021-07-20 10:37:04::資料來源的型別 String 指定值無法轉換成指定目標資料行的型別 nvarchar。

2021-07-20 10:37:04::資料來源的型別 String 指定值無法轉換成指定目標資料行的型別 nvarchar。

2021-07-20 10:37:04::資料來源的型別 String 指定值無法轉換成指定目標資料行的型別 nvarchar。

2021-07-20 10:37:05::資料來源的型別 String 指定值無法轉換成指定目標資料行的型別 nvarchar。

2021-07-20 10:37:05::資料來源的型別 String 指定值無法轉換成指定目標資料行的型別 nvarchar。

2021-07-20 10:37:05::資料來源的型別 String 指定值無法轉換成指定目標資料行的型別 nvarchar。

2021-07-20 10:37:05::資料來源的型別 String 指定值無法轉換成指定目標資料行的型別 nvarchar。

2021-07-20 11:03:24::並未將物件參考設定為物件的執行個體。

2021-07-20 11:03:24::已經開啟一個與這個 Command 相關的 DataReader，必須先將它關閉。

2021-07-20 11:03:24::ExecuteReader 必須有開啟與可用的 Connection。連接目前的狀態為連接中。

2021-07-20 11:03:24::並未將物件參考設定為物件的執行個體。

2021-07-20 11:03:24::並未將物件參考設定為物件的執行個體。

2021-07-20 11:03:24::並未將物件參考設定為物件的執行個體。

2021-07-20 11:03:24::資料來源的型別 String 指定值無法轉換成指定目標資料行的型別 nvarchar。

2021-07-20 11:03:24::資料來源的型別 String 指定值無法轉換成指定目標資料行的型別 nvarchar。

2021-07-20 11:03:26::資料來源的型別 String 指定值無法轉換成指定目標資料行的型別 nvarchar。

2021-07-20 11:03:26::資料來源的型別 String 指定值無法轉換成指定目標資料行的型別 nvarchar。

2021-07-20 11:03:27::資料來源的型別 String 指定值無法轉換成指定目標資料行的型別 nvarchar。

2021-07-20 11:03:27::資料來源的型別 String 指定值無法轉換成指定目標資料行的型別 nvarchar。

2021-07-20 11:03:27::資料來源的型別 String 指定值無法轉換成指定目標資料行的型別 nvarchar。

2021-07-20 11:03:27::資料來源的型別 String 指定值無法轉換成指定目標資料行的型別 nvarchar。

2021-07-20 11:03:27::資料來源的型別 String 指定值無法轉換成指定目標資料行的型別 nvarchar。

2021-07-20 11:03:27::資料來源的型別 String 指定值無法轉換成指定目標資料行的型別 nvarchar。

2021-07-20 11:03:27::資料來源的型別 String 指定值無法轉換成指定目標資料行的型別 nvarchar。

2021-07-20 11:03:27::資料來源的型別 String 指定值無法轉換成指定目標資料行的型別 nvarchar。

2021-07-20 11:03:27::資料來源的型別 String 指定值無法轉換成指定目標資料行的型別 nvarchar。

2021-07-20 11:03:27::資料來源的型別 String 指定值無法轉換成指定目標資料行的型別 nvarchar。

2021-07-20 11:03:28::資料來源的型別 String 指定值無法轉換成指定目標資料行的型別 nvarchar。

2021-07-20 11:03:28::資料來源的型別 String 指定值無法轉換成指定目標資料行的型別 nvarchar。

2021-07-20 11:03:50::資料來源的型別 String 指定值無法轉換成指定目標資料行的型別 nvarchar。

2021-07-20 11:03:50::資料來源的型別 String 指定值無法轉換成指定目標資料行的型別 nvarchar。

2021-07-20 11:03:51::資料來源的型別 String 指定值無法轉換成指定目標資料行的型別 nvarchar。

2021-07-20 11:03:51::資料來源的型別 String 指定值無法轉換成指定目標資料行的型別 nvarchar。

2021-07-20 11:03:51::資料來源的型別 String 指定值無法轉換成指定目標資料行的型別 nvarchar。

2021-07-20 11:03:51::資料來源的型別 String 指定值無法轉換成指定目標資料行的型別 nvarchar。

2021-07-20 11:05:47::資料來源的型別 String 指定值無法轉換成指定目標資料行的型別 nvarchar。

2021-07-20 11:05:47::資料來源的型別 String 指定值無法轉換成指定目標資料行的型別 nvarchar。

2021-07-20 11:05:48::資料來源的型別 String 指定值無法轉換成指定目標資料行的型別 nvarchar。

2021-07-20 11:05:48::資料來源的型別 String 指定值無法轉換成指定目標資料行的型別 nvarchar。

2021-07-20 11:05:48::資料來源的型別 String 指定值無法轉換成指定目標資料行的型別 nvarchar。

2021-07-20 11:05:48::資料來源的型別 String 指定值無法轉換成指定目標資料行的型別 nvarchar。

2021-07-20 11:05:48::資料來源的型別 String 指定值無法轉換成指定目標資料行的型別 nvarchar。

2021-07-20 11:05:48::資料來源的型別 String 指定值無法轉換成指定目標資料行的型別 nvarchar。

2021-07-20 11:05:48::資料來源的型別 String 指定值無法轉換成指定目標資料行的型別 nvarchar。

2021-07-20 11:05:48::資料來源的型別 String 指定值無法轉換成指定目標資料行的型別 nvarchar。

2021-07-20 12:25:55::並未將物件參考設定為物件的執行個體。

2021-07-20 12:25:55::ExecuteReader 必須有開啟與可用的 Connection。連接目前的狀態為連接中。

2021-07-20 12:25:55::ExecuteReader 必須有開啟與可用的 Connection。連接目前的狀態為連接中。

2021-07-20 12:25:55::並未將物件參考設定為物件的執行個體。

2021-07-20 12:25:55::並未將物件參考設定為物件的執行個體。

2021-07-20 12:25:55::並未將物件參考設定為物件的執行個體。

2021-07-20 12:26:00::資料來源的型別 String 指定值無法轉換成指定目標資料行的型別 nvarchar。

2021-07-20 12:26:00::資料來源的型別 String 指定值無法轉換成指定目標資料行的型別 nvarchar。

2021-07-20 12:26:01::資料來源的型別 String 指定值無法轉換成指定目標資料行的型別 nvarchar。

2021-07-20 12:26:01::資料來源的型別 String 指定值無法轉換成指定目標資料行的型別 nvarchar。

2021-07-20 12:26:02::資料來源的型別 String 指定值無法轉換成指定目標資料行的型別 nvarchar。

2021-07-20 12:26:02::資料來源的型別 String 指定值無法轉換成指定目標資料行的型別 nvarchar。

2021-07-20 12:26:04::資料來源的型別 String 指定值無法轉換成指定目標資料行的型別 nvarchar。

2021-07-20 12:26:04::資料來源的型別 String 指定值無法轉換成指定目標資料行的型別 nvarchar。

2021-07-20 12:26:04::資料來源的型別 String 指定值無法轉換成指定目標資料行的型別 nvarchar。

2021-07-20 12:26:04::資料來源的型別 String 指定值無法轉換成指定目標資料行的型別 nvarchar。

2021-07-20 12:26:05::資料來源的型別 String 指定值無法轉換成指定目標資料行的型別 nvarchar。

2021-07-20 12:26:05::資料來源的型別 String 指定值無法轉換成指定目標資料行的型別 nvarchar。

2021-07-20 12:26:05::資料來源的型別 String 指定值無法轉換成指定目標資料行的型別 nvarchar。

2021-07-20 12:26:05::資料來源的型別 String 指定值無法轉換成指定目標資料行的型別 nvarchar。

2021-07-20 12:26:08::資料來源的型別 String 指定值無法轉換成指定目標資料行的型別 nvarchar。

2021-07-20 12:26:08::資料來源的型別 String 指定值無法轉換成指定目標資料行的型別 nvarchar。

2021-07-20 12:26:08::資料來源的型別 String 指定值無法轉換成指定目標資料行的型別 nvarchar。

2021-07-20 12:26:08::資料來源的型別 String 指定值無法轉換成指定目標資料行的型別 nvarchar。

2021-07-20 12:26:09::資料來源的型別 String 指定值無法轉換成指定目標資料行的型別 nvarchar。

2021-07-20 12:26:09::資料來源的型別 String 指定值無法轉換成指定目標資料行的型別 nvarchar。

2021-07-20 12:26:09::資料來源的型別 String 指定值無法轉換成指定目標資料行的型別 nvarchar。

2021-07-20 12:26:09::資料來源的型別 String 指定值無法轉換成指定目標資料行的型別 nvarchar。

2021-07-20 12:26:09::資料來源的型別 String 指定值無法轉換成指定目標資料行的型別 nvarchar。

2021-07-20 12:26:09::資料來源的型別 String 指定值無法轉換成指定目標資料行的型別 nvarchar。

2021-07-20 14:18:32::資料來源的型別 String 指定值無法轉換成指定目標資料行的型別 nvarchar。

2021-07-20 14:18:32::資料來源的型別 String 指定值無法轉換成指定目標資料行的型別 nvarchar。

2021-07-20 14:18:32::資料來源的型別 String 指定值無法轉換成指定目標資料行的型別 nvarchar。

2021-07-20 14:18:32::資料來源的型別 String 指定值無法轉換成指定目標資料行的型別 nvarchar。

2021-07-20 14:18:33::資料來源的型別 String 指定值無法轉換成指定目標資料行的型別 nvarchar。

2021-07-20 14:18:33::資料來源的型別 String 指定值無法轉換成指定目標資料行的型別 nvarchar。

2021-07-20 14:18:33::資料來源的型別 String 指定值無法轉換成指定目標資料行的型別 nvarchar。

2021-07-20 14:18:33::資料來源的型別 String 指定值無法轉換成指定目標資料行的型別 nvarchar。

2021-07-20 14:18:33::資料來源的型別 String 指定值無法轉換成指定目標資料行的型別 nvarchar。

2021-07-20 14:18:33::資料來源的型別 String 指定值無法轉換成指定目標資料行的型別 nvarchar。

2021-07-20 14:18:43::資料來源的型別 String 指定值無法轉換成指定目標資料行的型別 nvarchar。

2021-07-20 14:18:43::資料來源的型別 String 指定值無法轉換成指定目標資料行的型別 nvarchar。

2021-07-20 14:18:43::資料來源的型別 String 指定值無法轉換成指定目標資料行的型別 nvarchar。

2021-07-20 14:18:43::資料來源的型別 String 指定值無法轉換成指定目標資料行的型別 nvarchar。

2021-07-20 14:18:43::資料來源的型別 String 指定值無法轉換成指定目標資料行的型別 nvarchar。

2021-07-20 14:18:43::資料來源的型別 String 指定值無法轉換成指定目標資料行的型別 nvarchar。

2021-07-20 14:18:43::資料來源的型別 String 指定值無法轉換成指定目標資料行的型別 nvarchar。

2021-07-20 14:18:43::資料來源的型別 String 指定值無法轉換成指定目標資料行的型別 nvarchar。

2021-07-20 14:18:44::資料來源的型別 String 指定值無法轉換成指定目標資料行的型別 nvarchar。

2021-07-20 14:18:44::資料來源的型別 String 指定值無法轉換成指定目標資料行的型別 nvarchar。

2021-07-20 14:18:44::資料來源的型別 String 指定值無法轉換成指定目標資料行的型別 nvarchar。

2021-07-20 14:18:44::資料來源的型別 String 指定值無法轉換成指定目標資料行的型別 nvarchar。

2021-07-20 14:18:44::資料來源的型別 String 指定值無法轉換成指定目標資料行的型別 nvarchar。

2021-07-20 14:18:44::資料來源的型別 String 指定值無法轉換成指定目標資料行的型別 nvarchar。

2021-07-20 14:18:44::資料來源的型別 String 指定值無法轉換成指定目標資料行的型別 nvarchar。

2021-07-20 14:18:44::資料來源的型別 String 指定值無法轉換成指定目標資料行的型別 nvarchar。

2021-07-20 14:36:02::資料來源的型別 String 指定值無法轉換成指定目標資料行的型別 nvarchar。

2021-07-20 14:36:02::資料來源的型別 String 指定值無法轉換成指定目標資料行的型別 nvarchar。

2021-07-20 14:36:03::資料來源的型別 String 指定值無法轉換成指定目標資料行的型別 nvarchar。

2021-07-20 14:36:03::資料來源的型別 String 指定值無法轉換成指定目標資料行的型別 nvarchar。

2021-07-20 14:36:04::資料來源的型別 String 指定值無法轉換成指定目標資料行的型別 nvarchar。

2021-07-20 14:36:04::資料來源的型別 String 指定值無法轉換成指定目標資料行的型別 nvarchar。

2021-07-20 14:36:45::資料來源的型別 String 指定值無法轉換成指定目標資料行的型別 nvarchar。

2021-07-20 14:36:45::資料來源的型別 String 指定值無法轉換成指定目標資料行的型別 nvarchar。

2021-07-20 14:36:45::資料來源的型別 String 指定值無法轉換成指定目標資料行的型別 nvarchar。

2021-07-20 14:36:45::資料來源的型別 String 指定值無法轉換成指定目標資料行的型別 nvarchar。

2021-07-20 14:36:46::資料來源的型別 String 指定值無法轉換成指定目標資料行的型別 nvarchar。

2021-07-20 14:36:46::資料來源的型別 String 指定值無法轉換成指定目標資料行的型別 nvarchar。

2021-07-20 14:36:47::資料來源的型別 String 指定值無法轉換成指定目標資料行的型別 nvarchar。

2021-07-20 14:36:47::資料來源的型別 String 指定值無法轉換成指定目標資料行的型別 nvarchar。

2021-07-20 14:36:47::資料來源的型別 String 指定值無法轉換成指定目標資料行的型別 nvarchar。

2021-07-20 14:36:47::資料來源的型別 String 指定值無法轉換成指定目標資料行的型別 nvarchar。

2021-07-20 14:36:47::資料來源的型別 String 指定值無法轉換成指定目標資料行的型別 nvarchar。

2021-07-20 14:36:47::資料來源的型別 String 指定值無法轉換成指定目標資料行的型別 nvarchar。

2021-07-20 14:36:48::資料來源的型別 String 指定值無法轉換成指定目標資料行的型別 nvarchar。

2021-07-20 14:36:48::資料來源的型別 String 指定值無法轉換成指定目標資料行的型別 nvarchar。

2021-07-20 14:36:48::資料來源的型別 String 指定值無法轉換成指定目標資料行的型別 nvarchar。

2021-07-20 14:36:48::資料來源的型別 String 指定值無法轉換成指定目標資料行的型別 nvarchar。

2021-07-20 14:36:56::資料來源的型別 String 指定值無法轉換成指定目標資料行的型別 nvarchar。

2021-07-20 14:36:56::資料來源的型別 String 指定值無法轉換成指定目標資料行的型別 nvarchar。

2021-07-20 14:36:56::資料來源的型別 String 指定值無法轉換成指定目標資料行的型別 nvarchar。

2021-07-20 14:36:56::資料來源的型別 String 指定值無法轉換成指定目標資料行的型別 nvarchar。

2021-07-20 14:37:20::資料來源的型別 String 指定值無法轉換成指定目標資料行的型別 nvarchar。

2021-07-20 14:37:21::資料來源的型別 String 指定值無法轉換成指定目標資料行的型別 nvarchar。

2021-07-20 14:37:21::資料來源的型別 String 指定值無法轉換成指定目標資料行的型別 nvarchar。

2021-07-20 14:37:21::資料來源的型別 String 指定值無法轉換成指定目標資料行的型別 nvarchar。

2021-07-20 14:37:21::資料來源的型別 String 指定值無法轉換成指定目標資料行的型別 nvarchar。

2021-07-20 14:37:21::資料來源的型別 String 指定值無法轉換成指定目標資料行的型別 nvarchar。

2021-07-20 14:37:22::資料來源的型別 String 指定值無法轉換成指定目標資料行的型別 nvarchar。

2021-07-20 14:37:22::資料來源的型別 String 指定值無法轉換成指定目標資料行的型別 nvarchar。

2021-07-20 14:38:03::資料來源的型別 String 指定值無法轉換成指定目標資料行的型別 nvarchar。

2021-07-20 14:38:03::資料來源的型別 String 指定值無法轉換成指定目標資料行的型別 nvarchar。

2021-07-20 14:38:03::資料來源的型別 String 指定值無法轉換成指定目標資料行的型別 nvarchar。

2021-07-20 14:38:03::資料來源的型別 String 指定值無法轉換成指定目標資料行的型別 nvarchar。

2021-07-20 14:38:04::資料來源的型別 String 指定值無法轉換成指定目標資料行的型別 nvarchar。

2021-07-20 14:38:04::資料來源的型別 String 指定值無法轉換成指定目標資料行的型別 nvarchar。

2021-07-20 14:38:04::資料來源的型別 String 指定值無法轉換成指定目標資料行的型別 nvarchar。

2021-07-20 14:38:04::資料來源的型別 String 指定值無法轉換成指定目標資料行的型別 nvarchar。

2021-07-20 14:38:12::資料來源的型別 String 指定值無法轉換成指定目標資料行的型別 nvarchar。

2021-07-20 14:38:12::資料來源的型別 String 指定值無法轉換成指定目標資料行的型別 nvarchar。

2021-07-20 14:38:12::資料來源的型別 String 指定值無法轉換成指定目標資料行的型別 nvarchar。

2021-07-20 14:38:12::資料來源的型別 String 指定值無法轉換成指定目標資料行的型別 nvarchar。

2021-07-20 14:38:13::資料來源的型別 String 指定值無法轉換成指定目標資料行的型別 nvarchar。

2021-07-20 14:38:13::資料來源的型別 String 指定值無法轉換成指定目標資料行的型別 nvarchar。

2021-07-20 14:38:13::資料來源的型別 String 指定值無法轉換成指定目標資料行的型別 nvarchar。

2021-07-20 14:38:13::資料來源的型別 String 指定值無法轉換成指定目標資料行的型別 nvarchar。

2021-07-20 14:38:14::資料來源的型別 String 指定值無法轉換成指定目標資料行的型別 nvarchar。

2021-07-20 14:38:14::資料來源的型別 String 指定值無法轉換成指定目標資料行的型別 nvarchar。

2021-07-20 14:38:14::資料來源的型別 String 指定值無法轉換成指定目標資料行的型別 nvarchar。

2021-07-20 14:38:14::資料來源的型別 String 指定值無法轉換成指定目標資料行的型別 nvarchar。

2021-07-20 14:38:14::資料來源的型別 String 指定值無法轉換成指定目標資料行的型別 nvarchar。

2021-07-20 14:38:14::資料來源的型別 String 指定值無法轉換成指定目標資料行的型別 nvarchar。

2021-07-20 14:38:15::資料來源的型別 String 指定值無法轉換成指定目標資料行的型別 nvarchar。

2021-07-20 14:38:15::資料來源的型別 String 指定值無法轉換成指定目標資料行的型別 nvarchar。

2021-07-20 14:38:17::資料來源的型別 String 指定值無法轉換成指定目標資料行的型別 nvarchar。

2021-07-20 14:38:17::資料來源的型別 String 指定值無法轉換成指定目標資料行的型別 nvarchar。

2021-07-20 14:38:17::資料來源的型別 String 指定值無法轉換成指定目標資料行的型別 nvarchar。

2021-07-20 14:38:17::資料來源的型別 String 指定值無法轉換成指定目標資料行的型別 nvarchar。

2021-07-20 14:38:17::資料來源的型別 String 指定值無法轉換成指定目標資料行的型別 nvarchar。

2021-07-20 14:38:17::資料來源的型別 String 指定值無法轉換成指定目標資料行的型別 nvarchar。

2021-07-20 14:38:18::資料來源的型別 String 指定值無法轉換成指定目標資料行的型別 nvarchar。

2021-07-20 14:38:18::資料來源的型別 String 指定值無法轉換成指定目標資料行的型別 nvarchar。

2021-07-20 14:38:18::資料來源的型別 String 指定值無法轉換成指定目標資料行的型別 nvarchar。

2021-07-20 14:38:18::資料來源的型別 String 指定值無法轉換成指定目標資料行的型別 nvarchar。

2021-07-20 14:38:31::資料來源的型別 String 指定值無法轉換成指定目標資料行的型別 nvarchar。

2021-07-20 14:38:31::資料來源的型別 String 指定值無法轉換成指定目標資料行的型別 nvarchar。

2021-07-20 14:38:32::資料來源的型別 String 指定值無法轉換成指定目標資料行的型別 nvarchar。

2021-07-20 14:38:32::資料來源的型別 String 指定值無法轉換成指定目標資料行的型別 nvarchar。

2021-07-20 14:39:10::資料來源的型別 String 指定值無法轉換成指定目標資料行的型別 nvarchar。

2021-07-20 14:39:10::資料來源的型別 String 指定值無法轉換成指定目標資料行的型別 nvarchar。

2021-07-20 14:39:10::資料來源的型別 String 指定值無法轉換成指定目標資料行的型別 nvarchar。

2021-07-20 14:39:10::資料來源的型別 String 指定值無法轉換成指定目標資料行的型別 nvarchar。

2021-07-20 14:39:11::資料來源的型別 String 指定值無法轉換成指定目標資料行的型別 nvarchar。

2021-07-20 14:39:11::資料來源的型別 String 指定值無法轉換成指定目標資料行的型別 nvarchar。

2021-07-20 14:39:11::資料來源的型別 String 指定值無法轉換成指定目標資料行的型別 nvarchar。

2021-07-20 14:39:11::資料來源的型別 String 指定值無法轉換成指定目標資料行的型別 nvarchar。

2021-07-20 14:39:11::資料來源的型別 String 指定值無法轉換成指定目標資料行的型別 nvarchar。

2021-07-20 14:39:11::資料來源的型別 String 指定值無法轉換成指定目標資料行的型別 nvarchar。

2021-07-20 14:39:21::資料來源的型別 String 指定值無法轉換成指定目標資料行的型別 nvarchar。

2021-07-20 14:39:21::資料來源的型別 String 指定值無法轉換成指定目標資料行的型別 nvarchar。

2021-07-20 14:39:21::資料來源的型別 String 指定值無法轉換成指定目標資料行的型別 nvarchar。

2021-07-20 14:39:21::資料來源的型別 String 指定值無法轉換成指定目標資料行的型別 nvarchar。

2021-07-20 14:39:22::資料來源的型別 String 指定值無法轉換成指定目標資料行的型別 nvarchar。

2021-07-20 14:39:22::資料來源的型別 String 指定值無法轉換成指定目標資料行的型別 nvarchar。

2021-07-20 14:39:22::資料來源的型別 String 指定值無法轉換成指定目標資料行的型別 nvarchar。

2021-07-20 14:39:22::資料來源的型別 String 指定值無法轉換成指定目標資料行的型別 nvarchar。

2021-07-20 14:39:28::資料來源的型別 String 指定值無法轉換成指定目標資料行的型別 nvarchar。

2021-07-20 14:39:28::資料來源的型別 String 指定值無法轉換成指定目標資料行的型別 nvarchar。

2021-07-20 14:39:29::資料來源的型別 String 指定值無法轉換成指定目標資料行的型別 nvarchar。

2021-07-20 14:39:29::資料來源的型別 String 指定值無法轉換成指定目標資料行的型別 nvarchar。

2021-07-20 14:39:31::資料來源的型別 String 指定值無法轉換成指定目標資料行的型別 nvarchar。

2021-07-20 14:39:31::資料來源的型別 String 指定值無法轉換成指定目標資料行的型別 nvarchar。

2021-07-20 14:39:31::資料來源的型別 String 指定值無法轉換成指定目標資料行的型別 nvarchar。

2021-07-20 14:39:31::資料來源的型別 String 指定值無法轉換成指定目標資料行的型別 nvarchar。

2021-07-20 14:39:31::資料來源的型別 String 指定值無法轉換成指定目標資料行的型別 nvarchar。

2021-07-20 14:39:31::資料來源的型別 String 指定值無法轉換成指定目標資料行的型別 nvarchar。

2021-07-20 14:39:32::資料來源的型別 String 指定值無法轉換成指定目標資料行的型別 nvarchar。

2021-07-20 14:39:32::資料來源的型別 String 指定值無法轉換成指定目標資料行的型別 nvarchar。

2021-07-20 14:39:39::資料來源的型別 String 指定值無法轉換成指定目標資料行的型別 nvarchar。

2021-07-20 14:39:39::資料來源的型別 String 指定值無法轉換成指定目標資料行的型別 nvarchar。

2021-07-20 14:39:40::資料來源的型別 String 指定值無法轉換成指定目標資料行的型別 nvarchar。

2021-07-20 14:39:40::資料來源的型別 String 指定值無法轉換成指定目標資料行的型別 nvarchar。

2021-07-20 14:39:40::資料來源的型別 String 指定值無法轉換成指定目標資料行的型別 nvarchar。

2021-07-20 14:39:40::資料來源的型別 String 指定值無法轉換成指定目標資料行的型別 nvarchar。

2021-07-20 14:40:26::資料來源的型別 String 指定值無法轉換成指定目標資料行的型別 nvarchar。

2021-07-20 14:40:26::資料來源的型別 String 指定值無法轉換成指定目標資料行的型別 nvarchar。

2021-07-20 14:40:46::資料來源的型別 String 指定值無法轉換成指定目標資料行的型別 nvarchar。

2021-07-20 14:40:46::資料來源的型別 String 指定值無法轉換成指定目標資料行的型別 nvarchar。

2021-07-20 15:07:10::字串未被辨認為有效的 DateTime。無法在 Vaccination1Date 資料行中儲存 <20210527>。需要的型別是 DateTime。

2021-07-20 15:07:11::字串未被辨認為有效的 DateTime。無法在 Vaccination1Date 資料行中儲存 <20210527>。需要的型別是 DateTime。

2021-07-20 15:07:12::字串未被辨認為有效的 DateTime。無法在 Vaccination1Date 資料行中儲存 <20210527>。需要的型別是 DateTime。

2021-07-20 15:07:12::字串未被辨認為有效的 DateTime。無法在 Vaccination1Date 資料行中儲存 <20210527>。需要的型別是 DateTime。

2021-07-20 15:07:13::字串未被辨認為有效的 DateTime。無法在 Vaccination1Date 資料行中儲存 <20210527>。需要的型別是 DateTime。

2021-07-20 15:07:13::字串未被辨認為有效的 DateTime。無法在 Vaccination1Date 資料行中儲存 <20210527>。需要的型別是 DateTime。

2021-07-20 15:08:44::字串未被辨認為有效的 DateTime。無法在 Vaccination1Date 資料行中儲存 <20210527>。需要的型別是 DateTime。

2021-07-20 15:08:44::字串未被辨認為有效的 DateTime。無法在 Vaccination1Date 資料行中儲存 <20210527>。需要的型別是 DateTime。

2021-07-20 15:08:45::字串未被辨認為有效的 DateTime。無法在 Vaccination1Date 資料行中儲存 <20210527>。需要的型別是 DateTime。

2021-07-20 15:08:45::字串未被辨認為有效的 DateTime。無法在 Vaccination1Date 資料行中儲存 <20210527>。需要的型別是 DateTime。

2021-07-20 21:05:55::資料來源的型別 String 指定值無法轉換成指定目標資料行的型別 nvarchar。

2021-07-20 21:05:55::資料來源的型別 String 指定值無法轉換成指定目標資料行的型別 nvarchar。

2021-07-20 21:05:57::資料來源的型別 String 指定值無法轉換成指定目標資料行的型別 nvarchar。

2021-07-20 21:05:57::資料來源的型別 String 指定值無法轉換成指定目標資料行的型別 nvarchar。

2021-07-20 21:06:00::資料來源的型別 String 指定值無法轉換成指定目標資料行的型別 nvarchar。

2021-07-20 21:06:00::資料來源的型別 String 指定值無法轉換成指定目標資料行的型別 nvarchar。

2021-07-20 21:06:04::資料來源的型別 String 指定值無法轉換成指定目標資料行的型別 nvarchar。

2021-07-20 21:06:04::資料來源的型別 String 指定值無法轉換成指定目標資料行的型別 nvarchar。

2021-07-20 21:07:11::資料來源的型別 String 指定值無法轉換成指定目標資料行的型別 nvarchar。

2021-07-20 21:07:11::資料來源的型別 String 指定值無法轉換成指定目標資料行的型別 nvarchar。

2021-07-20 21:07:34::資料來源的型別 String 指定值無法轉換成指定目標資料行的型別 nvarchar。

2021-07-20 21:07:34::資料來源的型別 String 指定值無法轉換成指定目標資料行的型別 nvarchar。

2021-07-20 21:07:35::資料來源的型別 String 指定值無法轉換成指定目標資料行的型別 nvarchar。

2021-07-20 21:07:35::資料來源的型別 String 指定值無法轉換成指定目標資料行的型別 nvarchar。

2021-07-20 21:07:36::資料來源的型別 String 指定值無法轉換成指定目標資料行的型別 nvarchar。

2021-07-20 21:07:36::資料來源的型別 String 指定值無法轉換成指定目標資料行的型別 nvarchar。

2021-07-20 21:07:36::資料來源的型別 String 指定值無法轉換成指定目標資料行的型別 nvarchar。

2021-07-20 21:07:36::資料來源的型別 String 指定值無法轉換成指定目標資料行的型別 nvarchar。

2021-07-20 21:07:37::資料來源的型別 String 指定值無法轉換成指定目標資料行的型別 nvarchar。

2021-07-20 21:07:37::資料來源的型別 String 指定值無法轉換成指定目標資料行的型別 nvarchar。

2021-07-20 21:07:37::資料來源的型別 String 指定值無法轉換成指定目標資料行的型別 nvarchar。

2021-07-20 21:07:37::資料來源的型別 String 指定值無法轉換成指定目標資料行的型別 nvarchar。

2021-07-20 21:07:37::資料來源的型別 String 指定值無法轉換成指定目標資料行的型別 nvarchar。

2021-07-20 21:07:37::資料來源的型別 String 指定值無法轉換成指定目標資料行的型別 nvarchar。

2021-07-20 21:07:37::資料來源的型別 String 指定值無法轉換成指定目標資料行的型別 nvarchar。

2021-07-20 21:07:37::資料來源的型別 String 指定值無法轉換成指定目標資料行的型別 nvarchar。

2021-07-20 21:07:38::資料來源的型別 String 指定值無法轉換成指定目標資料行的型別 nvarchar。

2021-07-20 21:07:38::資料來源的型別 String 指定值無法轉換成指定目標資料行的型別 nvarchar。

2021-07-20 21:07:38::資料來源的型別 String 指定值無法轉換成指定目標資料行的型別 nvarchar。

2021-07-20 21:07:38::資料來源的型別 String 指定值無法轉換成指定目標資料行的型別 nvarchar。

2021-07-20 21:07:38::資料來源的型別 String 指定值無法轉換成指定目標資料行的型別 nvarchar。

2021-07-20 21:07:38::資料來源的型別 String 指定值無法轉換成指定目標資料行的型別 nvarchar。

2021-07-20 21:09:03::資料來源的型別 String 指定值無法轉換成指定目標資料行的型別 nvarchar。

2021-07-20 21:09:03::資料來源的型別 String 指定值無法轉換成指定目標資料行的型別 nvarchar。

2021-07-20 21:09:05::資料來源的型別 String 指定值無法轉換成指定目標資料行的型別 nvarchar。

2021-07-20 21:09:05::資料來源的型別 String 指定值無法轉換成指定目標資料行的型別 nvarchar。

2021-07-20 21:09:06::資料來源的型別 String 指定值無法轉換成指定目標資料行的型別 nvarchar。

2021-07-20 21:09:06::資料來源的型別 String 指定值無法轉換成指定目標資料行的型別 nvarchar。

2021-07-20 21:09:26::資料來源的型別 String 指定值無法轉換成指定目標資料行的型別 nvarchar。

2021-07-20 21:09:26::資料來源的型別 String 指定值無法轉換成指定目標資料行的型別 nvarchar。

2021-07-20 21:09:27::資料來源的型別 String 指定值無法轉換成指定目標資料行的型別 nvarchar。

2021-07-20 21:09:27::資料來源的型別 String 指定值無法轉換成指定目標資料行的型別 nvarchar。

2021-07-20 21:09:28::資料來源的型別 String 指定值無法轉換成指定目標資料行的型別 nvarchar。

2021-07-20 21:09:28::資料來源的型別 String 指定值無法轉換成指定目標資料行的型別 nvarchar。

2021-07-20 21:09:28::資料來源的型別 String 指定值無法轉換成指定目標資料行的型別 nvarchar。

2021-07-20 21:09:28::資料來源的型別 String 指定值無法轉換成指定目標資料行的型別 nvarchar。

2021-07-20 21:09:29::資料來源的型別 String 指定值無法轉換成指定目標資料行的型別 nvarchar。

2021-07-20 21:09:29::資料來源的型別 String 指定值無法轉換成指定目標資料行的型別 nvarchar。

2021-07-20 21:09:29::資料來源的型別 String 指定值無法轉換成指定目標資料行的型別 nvarchar。

2021-07-20 21:09:29::資料來源的型別 String 指定值無法轉換成指定目標資料行的型別 nvarchar。

2021-07-20 21:09:29::資料來源的型別 String 指定值無法轉換成指定目標資料行的型別 nvarchar。

2021-07-20 21:09:29::資料來源的型別 String 指定值無法轉換成指定目標資料行的型別 nvarchar。

2021-07-20 21:09:30::資料來源的型別 String 指定值無法轉換成指定目標資料行的型別 nvarchar。

2021-07-20 21:09:30::資料來源的型別 String 指定值無法轉換成指定目標資料行的型別 nvarchar。

2021-07-20 21:09:31::資料來源的型別 String 指定值無法轉換成指定目標資料行的型別 nvarchar。

2021-07-20 21:09:31::資料來源的型別 String 指定值無法轉換成指定目標資料行的型別 nvarchar。

2021-07-20 21:09:31::資料來源的型別 String 指定值無法轉換成指定目標資料行的型別 nvarchar。

2021-07-20 21:09:31::資料來源的型別 String 指定值無法轉換成指定目標資料行的型別 nvarchar。

2021-07-20 21:09:32::資料來源的型別 String 指定值無法轉換成指定目標資料行的型別 nvarchar。

2021-07-20 21:09:32::資料來源的型別 String 指定值無法轉換成指定目標資料行的型別 nvarchar。

2021-07-20 21:09:34::資料來源的型別 String 指定值無法轉換成指定目標資料行的型別 nvarchar。

2021-07-20 21:09:34::資料來源的型別 String 指定值無法轉換成指定目標資料行的型別 nvarchar。

2021-07-20 21:09:35::資料來源的型別 String 指定值無法轉換成指定目標資料行的型別 nvarchar。

2021-07-20 21:09:35::資料來源的型別 String 指定值無法轉換成指定目標資料行的型別 nvarchar。

2021-07-20 21:09:42::資料來源的型別 String 指定值無法轉換成指定目標資料行的型別 nvarchar。

2021-07-20 21:09:42::資料來源的型別 String 指定值無法轉換成指定目標資料行的型別 nvarchar。

2021-07-20 21:09:43::資料來源的型別 String 指定值無法轉換成指定目標資料行的型別 nvarchar。

2021-07-20 21:09:43::資料來源的型別 String 指定值無法轉換成指定目標資料行的型別 nvarchar。

2021-07-20 21:09:43::資料來源的型別 String 指定值無法轉換成指定目標資料行的型別 nvarchar。

2021-07-20 21:09:43::資料來源的型別 String 指定值無法轉換成指定目標資料行的型別 nvarchar。

2021-07-20 21:09:44::資料來源的型別 String 指定值無法轉換成指定目標資料行的型別 nvarchar。

2021-07-20 21:09:44::資料來源的型別 String 指定值無法轉換成指定目標資料行的型別 nvarchar。

2021-07-20 21:09:47::資料來源的型別 String 指定值無法轉換成指定目標資料行的型別 nvarchar。

2021-07-20 21:09:47::資料來源的型別 String 指定值無法轉換成指定目標資料行的型別 nvarchar。

2021-07-20 21:10:12::資料來源的型別 String 指定值無法轉換成指定目標資料行的型別 nvarchar。

2021-07-20 21:10:12::資料來源的型別 String 指定值無法轉換成指定目標資料行的型別 nvarchar。

2021-07-20 21:10:12::資料來源的型別 String 指定值無法轉換成指定目標資料行的型別 nvarchar。

2021-07-20 21:10:12::資料來源的型別 String 指定值無法轉換成指定目標資料行的型別 nvarchar。

2021-07-20 21:10:12::資料來源的型別 String 指定值無法轉換成指定目標資料行的型別 nvarchar。

2021-07-20 21:10:12::資料來源的型別 String 指定值無法轉換成指定目標資料行的型別 nvarchar。

2021-07-20 21:10:13::資料來源的型別 String 指定值無法轉換成指定目標資料行的型別 nvarchar。

2021-07-20 21:10:13::資料來源的型別 String 指定值無法轉換成指定目標資料行的型別 nvarchar。

2021-07-20 21:10:13::資料來源的型別 String 指定值無法轉換成指定目標資料行的型別 nvarchar。

2021-07-20 21:10:13::資料來源的型別 String 指定值無法轉換成指定目標資料行的型別 nvarchar。

2021-07-20 21:10:13::資料來源的型別 String 指定值無法轉換成指定目標資料行的型別 nvarchar。

2021-07-20 21:10:13::資料來源的型別 String 指定值無法轉換成指定目標資料行的型別 nvarchar。

2021-07-20 21:10:13::資料來源的型別 String 指定值無法轉換成指定目標資料行的型別 nvarchar。

2021-07-20 21:10:13::資料來源的型別 String 指定值無法轉換成指定目標資料行的型別 nvarchar。

2021-07-20 21:10:14::資料來源的型別 String 指定值無法轉換成指定目標資料行的型別 nvarchar。

2021-07-20 21:10:14::資料來源的型別 String 指定值無法轉換成指定目標資料行的型別 nvarchar。

2021-07-20 21:10:15::資料來源的型別 String 指定值無法轉換成指定目標資料行的型別 nvarchar。

2021-07-20 21:10:15::資料來源的型別 String 指定值無法轉換成指定目標資料行的型別 nvarchar。

2021-07-20 21:10:15::資料來源的型別 String 指定值無法轉換成指定目標資料行的型別 nvarchar。

2021-07-20 21:10:15::資料來源的型別 String 指定值無法轉換成指定目標資料行的型別 nvarchar。

2021-07-20 21:10:26::資料來源的型別 String 指定值無法轉換成指定目標資料行的型別 nvarchar。

2021-07-20 21:10:26::資料來源的型別 String 指定值無法轉換成指定目標資料行的型別 nvarchar。

2021-07-20 21:10:26::資料來源的型別 String 指定值無法轉換成指定目標資料行的型別 nvarchar。

2021-07-20 21:10:26::資料來源的型別 String 指定值無法轉換成指定目標資料行的型別 nvarchar。

2021-07-20 21:10:26::資料來源的型別 String 指定值無法轉換成指定目標資料行的型別 nvarchar。

2021-07-20 21:10:26::資料來源的型別 String 指定值無法轉換成指定目標資料行的型別 nvarchar。

2021-07-20 21:10:27::資料來源的型別 String 指定值無法轉換成指定目標資料行的型別 nvarchar。

2021-07-20 21:10:27::資料來源的型別 String 指定值無法轉換成指定目標資料行的型別 nvarchar。

2021-07-20 21:10:27::資料來源的型別 String 指定值無法轉換成指定目標資料行的型別 nvarchar。

2021-07-20 21:10:27::資料來源的型別 String 指定值無法轉換成指定目標資料行的型別 nvarchar。

2021-07-20 21:10:27::資料來源的型別 String 指定值無法轉換成指定目標資料行的型別 nvarchar。

2021-07-20 21:10:27::資料來源的型別 String 指定值無法轉換成指定目標資料行的型別 nvarchar。

2021-07-20 21:10:27::資料來源的型別 String 指定值無法轉換成指定目標資料行的型別 nvarchar。

2021-07-20 21:10:27::資料來源的型別 String 指定值無法轉換成指定目標資料行的型別 nvarchar。

2021-07-20 21:10:28::資料來源的型別 String 指定值無法轉換成指定目標資料行的型別 nvarchar。

2021-07-20 21:10:28::資料來源的型別 String 指定值無法轉換成指定目標資料行的型別 nvarchar。

2021-07-20 21:10:40::資料來源的型別 String 指定值無法轉換成指定目標資料行的型別 nvarchar。

2021-07-20 21:10:40::資料來源的型別 String 指定值無法轉換成指定目標資料行的型別 nvarchar。

2021-07-20 21:10:40::資料來源的型別 String 指定值無法轉換成指定目標資料行的型別 nvarchar。

2021-07-20 21:10:40::資料來源的型別 String 指定值無法轉換成指定目標資料行的型別 nvarchar。

2021-07-20 21:10:40::資料來源的型別 String 指定值無法轉換成指定目標資料行的型別 nvarchar。

2021-07-20 21:10:40::資料來源的型別 String 指定值無法轉換成指定目標資料行的型別 nvarchar。

2021-07-20 21:10:41::資料來源的型別 String 指定值無法轉換成指定目標資料行的型別 nvarchar。

2021-07-20 21:10:41::資料來源的型別 String 指定值無法轉換成指定目標資料行的型別 nvarchar。

2021-07-20 21:10:41::資料來源的型別 String 指定值無法轉換成指定目標資料行的型別 nvarchar。

2021-07-20 21:10:41::資料來源的型別 String 指定值無法轉換成指定目標資料行的型別 nvarchar。

2021-07-20 21:10:41::資料來源的型別 String 指定值無法轉換成指定目標資料行的型別 nvarchar。

2021-07-20 21:10:41::資料來源的型別 String 指定值無法轉換成指定目標資料行的型別 nvarchar。

2021-07-20 21:12:00::資料來源的型別 String 指定值無法轉換成指定目標資料行的型別 nvarchar。

2021-07-20 21:12:00::資料來源的型別 String 指定值無法轉換成指定目標資料行的型別 nvarchar。

2021-07-20 21:12:01::資料來源的型別 String 指定值無法轉換成指定目標資料行的型別 nvarchar。

2021-07-20 21:12:01::資料來源的型別 String 指定值無法轉換成指定目標資料行的型別 nvarchar。

2021-07-20 21:12:02::資料來源的型別 String 指定值無法轉換成指定目標資料行的型別 nvarchar。

2021-07-20 21:12:02::資料來源的型別 String 指定值無法轉換成指定目標資料行的型別 nvarchar。

2021-07-20 21:12:03::資料來源的型別 String 指定值無法轉換成指定目標資料行的型別 nvarchar。

2021-07-20 21:12:03::資料來源的型別 String 指定值無法轉換成指定目標資料行的型別 nvarchar。

2021-07-20 21:12:03::資料來源的型別 String 指定值無法轉換成指定目標資料行的型別 nvarchar。

2021-07-20 21:12:03::資料來源的型別 String 指定值無法轉換成指定目標資料行的型別 nvarchar。

2021-07-20 21:12:04::資料來源的型別 String 指定值無法轉換成指定目標資料行的型別 nvarchar。

2021-07-20 21:12:04::資料來源的型別 String 指定值無法轉換成指定目標資料行的型別 nvarchar。

2021-07-20 21:12:21::資料來源的型別 String 指定值無法轉換成指定目標資料行的型別 nvarchar。

2021-07-20 21:12:21::資料來源的型別 String 指定值無法轉換成指定目標資料行的型別 nvarchar。

2021-07-20 21:12:22::資料來源的型別 String 指定值無法轉換成指定目標資料行的型別 nvarchar。

2021-07-20 21:12:22::資料來源的型別 String 指定值無法轉換成指定目標資料行的型別 nvarchar。

2021-07-20 21:12:22::資料來源的型別 String 指定值無法轉換成指定目標資料行的型別 nvarchar。

2021-07-20 21:12:22::資料來源的型別 String 指定值無法轉換成指定目標資料行的型別 nvarchar。

2021-07-20 21:12:23::資料來源的型別 String 指定值無法轉換成指定目標資料行的型別 nvarchar。

2021-07-20 21:12:23::資料來源的型別 String 指定值無法轉換成指定目標資料行的型別 nvarchar。

2021-07-20 21:12:23::資料來源的型別 String 指定值無法轉換成指定目標資料行的型別 nvarchar。

2021-07-20 21:12:23::資料來源的型別 String 指定值無法轉換成指定目標資料行的型別 nvarchar。

2021-07-20 21:12:24::資料來源的型別 String 指定值無法轉換成指定目標資料行的型別 nvarchar。

2021-07-20 21:12:24::資料來源的型別 String 指定值無法轉換成指定目標資料行的型別 nvarchar。

2021-07-20 21:12:41::資料來源的型別 String 指定值無法轉換成指定目標資料行的型別 nvarchar。

2021-07-20 21:12:41::資料來源的型別 String 指定值無法轉換成指定目標資料行的型別 nvarchar。

2021-07-20 21:12:42::資料來源的型別 String 指定值無法轉換成指定目標資料行的型別 nvarchar。

2021-07-20 21:12:42::資料來源的型別 String 指定值無法轉換成指定目標資料行的型別 nvarchar。

2021-07-20 21:12:42::資料來源的型別 String 指定值無法轉換成指定目標資料行的型別 nvarchar。

2021-07-20 21:12:42::資料來源的型別 String 指定值無法轉換成指定目標資料行的型別 nvarchar。

2021-07-20 21:12:42::資料來源的型別 String 指定值無法轉換成指定目標資料行的型別 nvarchar。

2021-07-20 21:12:42::資料來源的型別 String 指定值無法轉換成指定目標資料行的型別 nvarchar。

2021-07-20 21:12:42::資料來源的型別 String 指定值無法轉換成指定目標資料行的型別 nvarchar。

2021-07-20 21:12:42::資料來源的型別 String 指定值無法轉換成指定目標資料行的型別 nvarchar。

2021-07-20 21:12:43::資料來源的型別 String 指定值無法轉換成指定目標資料行的型別 nvarchar。

2021-07-20 21:12:43::資料來源的型別 String 指定值無法轉換成指定目標資料行的型別 nvarchar。

2021-07-20 21:12:43::資料來源的型別 String 指定值無法轉換成指定目標資料行的型別 nvarchar。

2021-07-20 21:12:43::資料來源的型別 String 指定值無法轉換成指定目標資料行的型別 nvarchar。

2021-07-20 21:12:43::資料來源的型別 String 指定值無法轉換成指定目標資料行的型別 nvarchar。

2021-07-20 21:12:43::資料來源的型別 String 指定值無法轉換成指定目標資料行的型別 nvarchar。

2021-07-20 21:12:44::資料來源的型別 String 指定值無法轉換成指定目標資料行的型別 nvarchar。

2021-07-20 21:12:44::資料來源的型別 String 指定值無法轉換成指定目標資料行的型別 nvarchar。

2021-07-20 21:12:44::資料來源的型別 String 指定值無法轉換成指定目標資料行的型別 nvarchar。

2021-07-20 21:12:44::資料來源的型別 String 指定值無法轉換成指定目標資料行的型別 nvarchar。

2021-07-20 21:12:44::資料來源的型別 String 指定值無法轉換成指定目標資料行的型別 nvarchar。

2021-07-20 21:12:44::資料來源的型別 String 指定值無法轉換成指定目標資料行的型別 nvarchar。

2021-07-20 21:12:44::資料來源的型別 String 指定值無法轉換成指定目標資料行的型別 nvarchar。

2021-07-20 21:12:44::資料來源的型別 String 指定值無法轉換成指定目標資料行的型別 nvarchar。

2021-07-20 21:12:45::資料來源的型別 String 指定值無法轉換成指定目標資料行的型別 nvarchar。

2021-07-20 21:12:45::資料來源的型別 String 指定值無法轉換成指定目標資料行的型別 nvarchar。

2021-07-20 21:32:24::資料來源的型別 String 指定值無法轉換成指定目標資料行的型別 nvarchar。

2021-07-20 21:32:24::資料來源的型別 String 指定值無法轉換成指定目標資料行的型別 nvarchar。

2021-07-20 21:32:25::資料來源的型別 String 指定值無法轉換成指定目標資料行的型別 nvarchar。

2021-07-20 21:32:25::資料來源的型別 String 指定值無法轉換成指定目標資料行的型別 nvarchar。

2021-07-20 21:32:26::資料來源的型別 String 指定值無法轉換成指定目標資料行的型別 nvarchar。

2021-07-20 21:32:26::資料來源的型別 String 指定值無法轉換成指定目標資料行的型別 nvarchar。

2021-07-20 21:32:40::資料來源的型別 String 指定值無法轉換成指定目標資料行的型別 nvarchar。

2021-07-20 21:32:40::資料來源的型別 String 指定值無法轉換成指定目標資料行的型別 nvarchar。

2021-07-20 21:32:41::資料來源的型別 String 指定值無法轉換成指定目標資料行的型別 nvarchar。

2021-07-20 21:32:41::資料來源的型別 String 指定值無法轉換成指定目標資料行的型別 nvarchar。

2021-07-20 21:32:42::資料來源的型別 String 指定值無法轉換成指定目標資料行的型別 nvarchar。

2021-07-20 21:32:42::資料來源的型別 String 指定值無法轉換成指定目標資料行的型別 nvarchar。

2021-07-20 21:32:43::資料來源的型別 String 指定值無法轉換成指定目標資料行的型別 nvarchar。

2021-07-20 21:32:43::資料來源的型別 String 指定值無法轉換成指定目標資料行的型別 nvarchar。

2021-07-20 21:32:43::資料來源的型別 String 指定值無法轉換成指定目標資料行的型別 nvarchar。

2021-07-20 21:32:43::資料來源的型別 String 指定值無法轉換成指定目標資料行的型別 nvarchar。

2021-07-20 21:32:43::資料來源的型別 String 指定值無法轉換成指定目標資料行的型別 nvarchar。

2021-07-20 21:32:43::資料來源的型別 String 指定值無法轉換成指定目標資料行的型別 nvarchar。

2021-07-20 21:32:43::資料來源的型別 String 指定值無法轉換成指定目標資料行的型別 nvarchar。

2021-07-20 21:32:44::資料來源的型別 String 指定值無法轉換成指定目標資料行的型別 nvarchar。

2021-07-20 21:32:44::資料來源的型別 String 指定值無法轉換成指定目標資料行的型別 nvarchar。

2021-07-20 21:32:44::資料來源的型別 String 指定值無法轉換成指定目標資料行的型別 nvarchar。

2021-07-20 21:32:44::資料來源的型別 String 指定值無法轉換成指定目標資料行的型別 nvarchar。

2021-07-20 21:32:44::資料來源的型別 String 指定值無法轉換成指定目標資料行的型別 nvarchar。

2021-07-20 21:32:44::資料來源的型別 String 指定值無法轉換成指定目標資料行的型別 nvarchar。

2021-07-20 21:32:44::資料來源的型別 String 指定值無法轉換成指定目標資料行的型別 nvarchar。

2021-07-20 21:32:44::資料來源的型別 String 指定值無法轉換成指定目標資料行的型別 nvarchar。

2021-07-20 21:32:44::資料來源的型別 String 指定值無法轉換成指定目標資料行的型別 nvarchar。

2021-07-20 21:32:45::資料來源的型別 String 指定值無法轉換成指定目標資料行的型別 nvarchar。

2021-07-20 21:32:45::資料來源的型別 String 指定值無法轉換成指定目標資料行的型別 nvarchar。

2021-07-20 21:32:45::資料來源的型別 String 指定值無法轉換成指定目標資料行的型別 nvarchar。

2021-07-20 21:32:45::資料來源的型別 String 指定值無法轉換成指定目標資料行的型別 nvarchar。

2021-07-20 21:32:45::資料來源的型別 String 指定值無法轉換成指定目標資料行的型別 nvarchar。

2021-07-20 21:32:45::資料來源的型別 String 指定值無法轉換成指定目標資料行的型別 nvarchar。

2021-07-20 21:32:45::資料來源的型別 String 指定值無法轉換成指定目標資料行的型別 nvarchar。

2021-07-20 21:32:45::資料來源的型別 String 指定值無法轉換成指定目標資料行的型別 nvarchar。

2021-07-20 21:32:45::資料來源的型別 String 指定值無法轉換成指定目標資料行的型別 nvarchar。

2021-07-20 21:32:45::資料來源的型別 String 指定值無法轉換成指定目標資料行的型別 nvarchar。

2021-07-20 21:32:46::資料來源的型別 String 指定值無法轉換成指定目標資料行的型別 nvarchar。

2021-07-20 21:32:46::資料來源的型別 String 指定值無法轉換成指定目標資料行的型別 nvarchar。

2021-07-20 21:33:26::資料來源的型別 String 指定值無法轉換成指定目標資料行的型別 nvarchar。

2021-07-20 21:33:26::資料來源的型別 String 指定值無法轉換成指定目標資料行的型別 nvarchar。

2021-07-20 21:33:27::資料來源的型別 String 指定值無法轉換成指定目標資料行的型別 nvarchar。

2021-07-20 21:33:27::資料來源的型別 String 指定值無法轉換成指定目標資料行的型別 nvarchar。

2021-07-20 21:33:28::資料來源的型別 String 指定值無法轉換成指定目標資料行的型別 nvarchar。

2021-07-20 21:33:28::資料來源的型別 String 指定值無法轉換成指定目標資料行的型別 nvarchar。

2021-07-20 21:33:29::資料來源的型別 String 指定值無法轉換成指定目標資料行的型別 nvarchar。

2021-07-20 21:33:29::資料來源的型別 String 指定值無法轉換成指定目標資料行的型別 nvarchar。

2021-07-20 21:33:29::資料來源的型別 String 指定值無法轉換成指定目標資料行的型別 nvarchar。

2021-07-20 21:33:29::資料來源的型別 String 指定值無法轉換成指定目標資料行的型別 nvarchar。

2021-07-20 21:33:30::資料來源的型別 String 指定值無法轉換成指定目標資料行的型別 nvarchar。

2021-07-20 21:33:30::資料來源的型別 String 指定值無法轉換成指定目標資料行的型別 nvarchar。

2021-07-20 21:33:30::資料來源的型別 String 指定值無法轉換成指定目標資料行的型別 nvarchar。

2021-07-20 21:33:30::資料來源的型別 String 指定值無法轉換成指定目標資料行的型別 nvarchar。

2021-07-20 21:33:30::資料來源的型別 String 指定值無法轉換成指定目標資料行的型別 nvarchar。

2021-07-20 21:33:30::資料來源的型別 String 指定值無法轉換成指定目標資料行的型別 nvarchar。

2021-07-20 21:33:30::資料來源的型別 String 指定值無法轉換成指定目標資料行的型別 nvarchar。

2021-07-20 21:33:30::資料來源的型別 String 指定值無法轉換成指定目標資料行的型別 nvarchar。

2021-07-20 21:33:30::資料來源的型別 String 指定值無法轉換成指定目標資料行的型別 nvarchar。

2021-07-20 21:33:30::資料來源的型別 String 指定值無法轉換成指定目標資料行的型別 nvarchar。

2021-07-20 21:33:31::資料來源的型別 String 指定值無法轉換成指定目標資料行的型別 nvarchar。

2021-07-20 21:33:31::資料來源的型別 String 指定值無法轉換成指定目標資料行的型別 nvarchar。

2021-07-20 21:33:31::資料來源的型別 String 指定值無法轉換成指定目標資料行的型別 nvarchar。

2021-07-20 21:33:31::資料來源的型別 String 指定值無法轉換成指定目標資料行的型別 nvarchar。

2021-07-20 21:33:31::資料來源的型別 String 指定值無法轉換成指定目標資料行的型別 nvarchar。

2021-07-20 21:33:31::資料來源的型別 String 指定值無法轉換成指定目標資料行的型別 nvarchar。

2021-07-20 21:33:31::資料來源的型別 String 指定值無法轉換成指定目標資料行的型別 nvarchar。

2021-07-20 21:33:31::資料來源的型別 String 指定值無法轉換成指定目標資料行的型別 nvarchar。

2021-07-20 21:33:31::資料來源的型別 String 指定值無法轉換成指定目標資料行的型別 nvarchar。

2021-07-20 21:33:31::資料來源的型別 String 指定值無法轉換成指定目標資料行的型別 nvarchar。

2021-07-20 21:33:32::資料來源的型別 String 指定值無法轉換成指定目標資料行的型別 nvarchar。

2021-07-20 21:33:32::資料來源的型別 String 指定值無法轉換成指定目標資料行的型別 nvarchar。

2021-07-20 21:33:32::資料來源的型別 String 指定值無法轉換成指定目標資料行的型別 nvarchar。

2021-07-20 21:33:32::資料來源的型別 String 指定值無法轉換成指定目標資料行的型別 nvarchar。

2021-07-20 21:33:32::資料來源的型別 String 指定值無法轉換成指定目標資料行的型別 nvarchar。

2021-07-20 21:33:32::資料來源的型別 String 指定值無法轉換成指定目標資料行的型別 nvarchar。

2021-07-20 21:34:16::資料來源的型別 String 指定值無法轉換成指定目標資料行的型別 nvarchar。

2021-07-20 21:34:16::資料來源的型別 String 指定值無法轉換成指定目標資料行的型別 nvarchar。

2021-07-20 21:34:16::資料來源的型別 String 指定值無法轉換成指定目標資料行的型別 nvarchar。

2021-07-20 21:34:16::資料來源的型別 String 指定值無法轉換成指定目標資料行的型別 nvarchar。

2021-07-20 21:34:17::資料來源的型別 String 指定值無法轉換成指定目標資料行的型別 nvarchar。

2021-07-20 21:34:17::資料來源的型別 String 指定值無法轉換成指定目標資料行的型別 nvarchar。

2021-07-20 21:34:17::資料來源的型別 String 指定值無法轉換成指定目標資料行的型別 nvarchar。

2021-07-20 21:34:17::資料來源的型別 String 指定值無法轉換成指定目標資料行的型別 nvarchar。

2021-07-20 21:34:17::資料來源的型別 String 指定值無法轉換成指定目標資料行的型別 nvarchar。

2021-07-20 21:34:17::資料來源的型別 String 指定值無法轉換成指定目標資料行的型別 nvarchar。

2021-07-20 21:34:17::資料來源的型別 String 指定值無法轉換成指定目標資料行的型別 nvarchar。

2021-07-20 21:34:17::資料來源的型別 String 指定值無法轉換成指定目標資料行的型別 nvarchar。

2021-07-20 21:34:17::資料來源的型別 String 指定值無法轉換成指定目標資料行的型別 nvarchar。

2021-07-20 21:34:17::資料來源的型別 String 指定值無法轉換成指定目標資料行的型別 nvarchar。

2021-07-20 21:34:18::資料來源的型別 String 指定值無法轉換成指定目標資料行的型別 nvarchar。

2021-07-20 21:34:18::資料來源的型別 String 指定值無法轉換成指定目標資料行的型別 nvarchar。

2021-07-20 21:34:18::資料來源的型別 String 指定值無法轉換成指定目標資料行的型別 nvarchar。

2021-07-20 21:34:18::資料來源的型別 String 指定值無法轉換成指定目標資料行的型別 nvarchar。

2021-07-20 21:34:18::資料來源的型別 String 指定值無法轉換成指定目標資料行的型別 nvarchar。

2021-07-20 21:34:18::資料來源的型別 String 指定值無法轉換成指定目標資料行的型別 nvarchar。

2021-07-20 21:34:18::資料來源的型別 String 指定值無法轉換成指定目標資料行的型別 nvarchar。

2021-07-20 21:34:18::資料來源的型別 String 指定值無法轉換成指定目標資料行的型別 nvarchar。

2021-07-20 21:34:19::資料來源的型別 String 指定值無法轉換成指定目標資料行的型別 nvarchar。

2021-07-20 21:34:19::資料來源的型別 String 指定值無法轉換成指定目標資料行的型別 nvarchar。

2021-07-20 21:34:19::資料來源的型別 String 指定值無法轉換成指定目標資料行的型別 nvarchar。

2021-07-20 21:34:19::資料來源的型別 String 指定值無法轉換成指定目標資料行的型別 nvarchar。

2021-07-20 21:34:19::資料來源的型別 String 指定值無法轉換成指定目標資料行的型別 nvarchar。

2021-07-20 21:34:19::資料來源的型別 String 指定值無法轉換成指定目標資料行的型別 nvarchar。

2021-07-20 21:34:21::資料來源的型別 String 指定值無法轉換成指定目標資料行的型別 nvarchar。

2021-07-20 21:34:21::資料來源的型別 String 指定值無法轉換成指定目標資料行的型別 nvarchar。

2021-07-20 21:34:21::資料來源的型別 String 指定值無法轉換成指定目標資料行的型別 nvarchar。

2021-07-20 21:34:21::資料來源的型別 String 指定值無法轉換成指定目標資料行的型別 nvarchar。

2021-07-20 21:34:22::資料來源的型別 String 指定值無法轉換成指定目標資料行的型別 nvarchar。

2021-07-20 21:34:22::資料來源的型別 String 指定值無法轉換成指定目標資料行的型別 nvarchar。

2021-07-20 21:50:07::資料來源的型別 String 指定值無法轉換成指定目標資料行的型別 nvarchar。

2021-07-20 21:50:07::資料來源的型別 String 指定值無法轉換成指定目標資料行的型別 nvarchar。

2021-07-20 21:50:09::資料來源的型別 String 指定值無法轉換成指定目標資料行的型別 nvarchar。

2021-07-20 21:50:09::資料來源的型別 String 指定值無法轉換成指定目標資料行的型別 nvarchar。

2021-07-20 21:50:10::資料來源的型別 String 指定值無法轉換成指定目標資料行的型別 nvarchar。

2021-07-20 21:50:10::資料來源的型別 String 指定值無法轉換成指定目標資料行的型別 nvarchar。

2021-07-20 21:50:25::資料來源的型別 String 指定值無法轉換成指定目標資料行的型別 nvarchar。

2021-07-20 21:50:25::資料來源的型別 String 指定值無法轉換成指定目標資料行的型別 nvarchar。

2021-07-20 21:50:26::資料來源的型別 String 指定值無法轉換成指定目標資料行的型別 nvarchar。

2021-07-20 21:50:26::資料來源的型別 String 指定值無法轉換成指定目標資料行的型別 nvarchar。

2021-07-20 21:50:27::資料來源的型別 String 指定值無法轉換成指定目標資料行的型別 nvarchar。

2021-07-20 21:50:27::資料來源的型別 String 指定值無法轉換成指定目標資料行的型別 nvarchar。

2021-07-20 21:50:27::資料來源的型別 String 指定值無法轉換成指定目標資料行的型別 nvarchar。

2021-07-20 21:50:27::資料來源的型別 String 指定值無法轉換成指定目標資料行的型別 nvarchar。

2021-07-20 21:50:27::資料來源的型別 String 指定值無法轉換成指定目標資料行的型別 nvarchar。

2021-07-20 21:50:27::資料來源的型別 String 指定值無法轉換成指定目標資料行的型別 nvarchar。

2021-07-20 21:50:28::資料來源的型別 String 指定值無法轉換成指定目標資料行的型別 nvarchar。

2021-07-20 21:50:28::資料來源的型別 String 指定值無法轉換成指定目標資料行的型別 nvarchar。

2021-07-20 21:50:30::資料來源的型別 String 指定值無法轉換成指定目標資料行的型別 nvarchar。

2021-07-20 21:50:30::資料來源的型別 String 指定值無法轉換成指定目標資料行的型別 nvarchar。

2021-07-20 21:50:30::資料來源的型別 String 指定值無法轉換成指定目標資料行的型別 nvarchar。

2021-07-20 21:50:30::資料來源的型別 String 指定值無法轉換成指定目標資料行的型別 nvarchar。

2021-07-20 21:50:30::資料來源的型別 String 指定值無法轉換成指定目標資料行的型別 nvarchar。

2021-07-20 21:50:31::資料來源的型別 String 指定值無法轉換成指定目標資料行的型別 nvarchar。

2021-07-20 21:50:50::資料來源的型別 String 指定值無法轉換成指定目標資料行的型別 nvarchar。

2021-07-20 21:50:51::資料來源的型別 String 指定值無法轉換成指定目標資料行的型別 nvarchar。

2021-07-20 21:50:51::資料來源的型別 String 指定值無法轉換成指定目標資料行的型別 nvarchar。

2021-07-20 21:50:51::資料來源的型別 String 指定值無法轉換成指定目標資料行的型別 nvarchar。

2021-07-20 21:50:52::資料來源的型別 String 指定值無法轉換成指定目標資料行的型別 nvarchar。

2021-07-20 21:50:52::資料來源的型別 String 指定值無法轉換成指定目標資料行的型別 nvarchar。

2021-07-20 21:51:05::資料來源的型別 String 指定值無法轉換成指定目標資料行的型別 nvarchar。

2021-07-20 21:51:05::資料來源的型別 String 指定值無法轉換成指定目標資料行的型別 nvarchar。

2021-07-20 21:51:06::資料來源的型別 String 指定值無法轉換成指定目標資料行的型別 nvarchar。

2021-07-20 21:51:06::資料來源的型別 String 指定值無法轉換成指定目標資料行的型別 nvarchar。

2021-07-20 21:51:07::資料來源的型別 String 指定值無法轉換成指定目標資料行的型別 nvarchar。

2021-07-20 21:51:07::資料來源的型別 String 指定值無法轉換成指定目標資料行的型別 nvarchar。

2021-07-20 21:51:07::資料來源的型別 String 指定值無法轉換成指定目標資料行的型別 nvarchar。

2021-07-20 21:51:07::資料來源的型別 String 指定值無法轉換成指定目標資料行的型別 nvarchar。

2021-07-20 21:51:07::資料來源的型別 String 指定值無法轉換成指定目標資料行的型別 nvarchar。

2021-07-20 21:51:07::資料來源的型別 String 指定值無法轉換成指定目標資料行的型別 nvarchar。

2021-07-20 21:51:07::資料來源的型別 String 指定值無法轉換成指定目標資料行的型別 nvarchar。

2021-07-20 21:51:07::資料來源的型別 String 指定值無法轉換成指定目標資料行的型別 nvarchar。

2021-07-20 21:51:08::資料來源的型別 String 指定值無法轉換成指定目標資料行的型別 nvarchar。

2021-07-20 21:51:08::資料來源的型別 String 指定值無法轉換成指定目標資料行的型別 nvarchar。

2021-07-20 21:51:09::資料來源的型別 String 指定值無法轉換成指定目標資料行的型別 nvarchar。

2021-07-20 21:51:09::資料來源的型別 String 指定值無法轉換成指定目標資料行的型別 nvarchar。

2021-07-20 21:51:10::資料來源的型別 String 指定值無法轉換成指定目標資料行的型別 nvarchar。

2021-07-20 21:51:10::資料來源的型別 String 指定值無法轉換成指定目標資料行的型別 nvarchar。

2021-07-20 21:51:10::資料來源的型別 String 指定值無法轉換成指定目標資料行的型別 nvarchar。

2021-07-20 21:51:10::資料來源的型別 String 指定值無法轉換成指定目標資料行的型別 nvarchar。

2021-07-20 21:51:10::資料來源的型別 String 指定值無法轉換成指定目標資料行的型別 nvarchar。

2021-07-20 21:51:10::資料來源的型別 String 指定值無法轉換成指定目標資料行的型別 nvarchar。

2021-07-20 21:51:11::資料來源的型別 String 指定值無法轉換成指定目標資料行的型別 nvarchar。

2021-07-20 21:51:11::資料來源的型別 String 指定值無法轉換成指定目標資料行的型別 nvarchar。

