2021-08-21 08:30:36::ExecuteReader 必須有開啟與可用的 Connection。連接目前的狀態為連接中。

2021-08-21 08:30:36::並未將物件參考設定為物件的執行個體。

2021-08-21 08:30:36::ExecuteReader 必須有開啟與可用的 Connection。連接目前的狀態為連接中。

2021-08-21 08:30:36::並未將物件參考設定為物件的執行個體。

2021-08-21 08:30:36::已經開啟一個與這個 Command 相關的 DataReader，必須先將它關閉。

2021-08-21 08:30:36::並未將物件參考設定為物件的執行個體。

2021-08-21 08:30:36::並未將物件參考設定為物件的執行個體。

2021-08-21 08:30:38::資料來源的型別 String 指定值無法轉換成指定目標資料行的型別 nvarchar。

2021-08-21 08:30:38::資料來源的型別 String 指定值無法轉換成指定目標資料行的型別 nvarchar。

2021-08-21 08:30:39::資料來源的型別 String 指定值無法轉換成指定目標資料行的型別 nvarchar。

2021-08-21 08:30:39::資料來源的型別 String 指定值無法轉換成指定目標資料行的型別 nvarchar。

2021-08-21 08:30:44::資料來源的型別 String 指定值無法轉換成指定目標資料行的型別 nvarchar。

2021-08-21 08:30:44::資料來源的型別 String 指定值無法轉換成指定目標資料行的型別 nvarchar。

2021-08-21 08:30:44::資料來源的型別 String 指定值無法轉換成指定目標資料行的型別 nvarchar。

2021-08-21 08:30:44::資料來源的型別 String 指定值無法轉換成指定目標資料行的型別 nvarchar。

2021-08-21 08:30:44::資料來源的型別 String 指定值無法轉換成指定目標資料行的型別 nvarchar。

2021-08-21 08:30:44::資料來源的型別 String 指定值無法轉換成指定目標資料行的型別 nvarchar。

2021-08-21 08:30:48::資料來源的型別 String 指定值無法轉換成指定目標資料行的型別 nvarchar。

2021-08-21 08:30:48::資料來源的型別 String 指定值無法轉換成指定目標資料行的型別 nvarchar。

2021-08-21 08:30:48::資料來源的型別 String 指定值無法轉換成指定目標資料行的型別 nvarchar。

2021-08-21 08:30:48::資料來源的型別 String 指定值無法轉換成指定目標資料行的型別 nvarchar。

2021-08-21 08:30:48::資料來源的型別 String 指定值無法轉換成指定目標資料行的型別 nvarchar。

2021-08-21 08:30:48::資料來源的型別 String 指定值無法轉換成指定目標資料行的型別 nvarchar。

2021-08-21 08:30:50::資料來源的型別 String 指定值無法轉換成指定目標資料行的型別 nvarchar。

2021-08-21 08:30:50::資料來源的型別 String 指定值無法轉換成指定目標資料行的型別 nvarchar。

2021-08-21 08:45:23::資料來源的型別 String 指定值無法轉換成指定目標資料行的型別 nvarchar。

2021-08-21 08:45:23::資料來源的型別 String 指定值無法轉換成指定目標資料行的型別 nvarchar。

2021-08-21 08:45:24::資料來源的型別 String 指定值無法轉換成指定目標資料行的型別 nvarchar。

2021-08-21 08:45:24::資料來源的型別 String 指定值無法轉換成指定目標資料行的型別 nvarchar。

2021-08-21 08:45:29::資料來源的型別 String 指定值無法轉換成指定目標資料行的型別 nvarchar。

2021-08-21 08:45:29::資料來源的型別 String 指定值無法轉換成指定目標資料行的型別 nvarchar。

2021-08-21 08:45:30::資料來源的型別 String 指定值無法轉換成指定目標資料行的型別 nvarchar。

2021-08-21 08:45:30::資料來源的型別 String 指定值無法轉換成指定目標資料行的型別 nvarchar。

2021-08-21 08:45:35::資料來源的型別 String 指定值無法轉換成指定目標資料行的型別 nvarchar。

2021-08-21 08:45:35::資料來源的型別 String 指定值無法轉換成指定目標資料行的型別 nvarchar。

2021-08-21 08:45:35::資料來源的型別 String 指定值無法轉換成指定目標資料行的型別 nvarchar。

2021-08-21 08:45:35::資料來源的型別 String 指定值無法轉換成指定目標資料行的型別 nvarchar。

2021-08-21 08:45:36::資料來源的型別 String 指定值無法轉換成指定目標資料行的型別 nvarchar。

2021-08-21 08:45:36::資料來源的型別 String 指定值無法轉換成指定目標資料行的型別 nvarchar。

2021-08-21 08:45:37::資料來源的型別 String 指定值無法轉換成指定目標資料行的型別 nvarchar。

2021-08-21 08:45:37::資料來源的型別 String 指定值無法轉換成指定目標資料行的型別 nvarchar。

2021-08-21 08:45:37::資料來源的型別 String 指定值無法轉換成指定目標資料行的型別 nvarchar。

2021-08-21 08:45:37::資料來源的型別 String 指定值無法轉換成指定目標資料行的型別 nvarchar。

2021-08-21 08:45:37::資料來源的型別 String 指定值無法轉換成指定目標資料行的型別 nvarchar。

2021-08-21 08:45:37::資料來源的型別 String 指定值無法轉換成指定目標資料行的型別 nvarchar。

2021-08-21 08:45:37::資料來源的型別 String 指定值無法轉換成指定目標資料行的型別 nvarchar。

2021-08-21 08:45:37::資料來源的型別 String 指定值無法轉換成指定目標資料行的型別 nvarchar。

2021-08-21 08:45:37::資料來源的型別 String 指定值無法轉換成指定目標資料行的型別 nvarchar。

2021-08-21 08:45:37::資料來源的型別 String 指定值無法轉換成指定目標資料行的型別 nvarchar。

2021-08-21 08:45:39::資料來源的型別 String 指定值無法轉換成指定目標資料行的型別 nvarchar。

2021-08-21 08:45:39::資料來源的型別 String 指定值無法轉換成指定目標資料行的型別 nvarchar。

2021-08-21 08:45:46::資料來源的型別 String 指定值無法轉換成指定目標資料行的型別 nvarchar。

2021-08-21 08:45:46::資料來源的型別 String 指定值無法轉換成指定目標資料行的型別 nvarchar。

2021-08-21 08:45:47::資料來源的型別 String 指定值無法轉換成指定目標資料行的型別 nvarchar。

2021-08-21 08:45:47::資料來源的型別 String 指定值無法轉換成指定目標資料行的型別 nvarchar。

2021-08-21 08:45:56::資料來源的型別 String 指定值無法轉換成指定目標資料行的型別 nvarchar。

2021-08-21 08:45:56::資料來源的型別 String 指定值無法轉換成指定目標資料行的型別 nvarchar。

2021-08-21 08:45:56::資料來源的型別 String 指定值無法轉換成指定目標資料行的型別 nvarchar。

2021-08-21 08:45:56::資料來源的型別 String 指定值無法轉換成指定目標資料行的型別 nvarchar。

2021-08-21 08:45:59::資料來源的型別 String 指定值無法轉換成指定目標資料行的型別 nvarchar。

2021-08-21 08:45:59::資料來源的型別 String 指定值無法轉換成指定目標資料行的型別 nvarchar。

2021-08-21 08:45:59::資料來源的型別 String 指定值無法轉換成指定目標資料行的型別 nvarchar。

2021-08-21 08:45:59::資料來源的型別 String 指定值無法轉換成指定目標資料行的型別 nvarchar。

2021-08-21 08:45:59::資料來源的型別 String 指定值無法轉換成指定目標資料行的型別 nvarchar。

2021-08-21 08:45:59::資料來源的型別 String 指定值無法轉換成指定目標資料行的型別 nvarchar。

2021-08-21 14:11:25::ExecuteReader 必須有開啟與可用的 Connection。連接目前的狀態為連接中。

2021-08-21 14:11:25::並未將物件參考設定為物件的執行個體。

2021-08-21 14:23:19::並未將物件參考設定為物件的執行個體。

2021-08-21 14:23:19::作業無效。已經關閉連接。

2021-08-21 14:23:19::並未將物件參考設定為物件的執行個體。

