2021-03-11 08:01:45::並未將物件參考設定為物件的執行個體。

2021-03-11 08:01:45::連接未關閉。連接目前的狀態為連接中。

2021-03-11 08:01:45::連接未關閉。連接目前的狀態為連接中。

2021-03-11 08:01:45::並未將物件參考設定為物件的執行個體。

2021-03-11 08:01:45::並未將物件參考設定為物件的執行個體。

2021-03-11 08:01:45::並未將物件參考設定為物件的執行個體。

2021-03-11 08:01:45::資料來源的型別 String 指定值無法轉換成指定目標資料行的型別 nvarchar。

2021-03-11 08:01:45::資料來源的型別 String 指定值無法轉換成指定目標資料行的型別 nvarchar。

2021-03-11 08:01:46::資料來源的型別 String 指定值無法轉換成指定目標資料行的型別 nvarchar。

2021-03-11 08:01:46::資料來源的型別 String 指定值無法轉換成指定目標資料行的型別 nvarchar。

2021-03-11 08:01:46::資料來源的型別 String 指定值無法轉換成指定目標資料行的型別 nvarchar。

2021-03-11 08:01:46::資料來源的型別 String 指定值無法轉換成指定目標資料行的型別 nvarchar。

2021-03-11 08:01:46::資料來源的型別 String 指定值無法轉換成指定目標資料行的型別 nvarchar。

2021-03-11 08:01:46::資料來源的型別 String 指定值無法轉換成指定目標資料行的型別 nvarchar。

2021-03-11 08:01:46::資料來源的型別 String 指定值無法轉換成指定目標資料行的型別 nvarchar。

2021-03-11 08:01:46::資料來源的型別 String 指定值無法轉換成指定目標資料行的型別 nvarchar。

2021-03-11 08:01:46::資料來源的型別 String 指定值無法轉換成指定目標資料行的型別 nvarchar。

2021-03-11 08:01:46::資料來源的型別 String 指定值無法轉換成指定目標資料行的型別 nvarchar。

2021-03-11 08:01:47::資料來源的型別 String 指定值無法轉換成指定目標資料行的型別 nvarchar。

2021-03-11 08:01:47::資料來源的型別 String 指定值無法轉換成指定目標資料行的型別 nvarchar。

2021-03-11 08:01:47::資料來源的型別 String 指定值無法轉換成指定目標資料行的型別 nvarchar。

2021-03-11 08:01:47::資料來源的型別 String 指定值無法轉換成指定目標資料行的型別 nvarchar。

2021-03-11 08:01:47::資料來源的型別 String 指定值無法轉換成指定目標資料行的型別 nvarchar。

2021-03-11 08:01:47::資料來源的型別 String 指定值無法轉換成指定目標資料行的型別 nvarchar。

2021-03-11 08:01:48::資料來源的型別 String 指定值無法轉換成指定目標資料行的型別 nvarchar。

2021-03-11 08:01:48::資料來源的型別 String 指定值無法轉換成指定目標資料行的型別 nvarchar。

2021-03-11 08:01:48::資料來源的型別 String 指定值無法轉換成指定目標資料行的型別 nvarchar。

2021-03-11 08:01:48::資料來源的型別 String 指定值無法轉換成指定目標資料行的型別 nvarchar。

2021-03-11 08:01:48::資料來源的型別 String 指定值無法轉換成指定目標資料行的型別 nvarchar。

2021-03-11 08:01:48::資料來源的型別 String 指定值無法轉換成指定目標資料行的型別 nvarchar。

2021-03-11 08:01:49::資料來源的型別 String 指定值無法轉換成指定目標資料行的型別 nvarchar。

2021-03-11 08:01:49::資料來源的型別 String 指定值無法轉換成指定目標資料行的型別 nvarchar。

2021-03-11 08:01:49::資料來源的型別 String 指定值無法轉換成指定目標資料行的型別 nvarchar。

2021-03-11 08:01:49::資料來源的型別 String 指定值無法轉換成指定目標資料行的型別 nvarchar。

2021-03-11 08:01:49::資料來源的型別 String 指定值無法轉換成指定目標資料行的型別 nvarchar。

2021-03-11 08:01:49::資料來源的型別 String 指定值無法轉換成指定目標資料行的型別 nvarchar。

2021-03-11 08:01:49::資料來源的型別 String 指定值無法轉換成指定目標資料行的型別 nvarchar。

2021-03-11 08:01:49::資料來源的型別 String 指定值無法轉換成指定目標資料行的型別 nvarchar。

2021-03-11 08:01:50::資料來源的型別 String 指定值無法轉換成指定目標資料行的型別 nvarchar。

2021-03-11 08:01:50::資料來源的型別 String 指定值無法轉換成指定目標資料行的型別 nvarchar。

2021-03-11 08:01:50::資料來源的型別 String 指定值無法轉換成指定目標資料行的型別 nvarchar。

2021-03-11 08:01:50::資料來源的型別 String 指定值無法轉換成指定目標資料行的型別 nvarchar。

2021-03-11 08:01:50::資料來源的型別 String 指定值無法轉換成指定目標資料行的型別 nvarchar。

2021-03-11 08:01:50::資料來源的型別 String 指定值無法轉換成指定目標資料行的型別 nvarchar。

2021-03-11 08:01:50::資料來源的型別 String 指定值無法轉換成指定目標資料行的型別 nvarchar。

2021-03-11 08:01:50::資料來源的型別 String 指定值無法轉換成指定目標資料行的型別 nvarchar。

2021-03-11 08:01:50::資料來源的型別 String 指定值無法轉換成指定目標資料行的型別 nvarchar。

2021-03-11 08:01:50::資料來源的型別 String 指定值無法轉換成指定目標資料行的型別 nvarchar。

2021-03-11 08:01:51::資料來源的型別 String 指定值無法轉換成指定目標資料行的型別 nvarchar。

2021-03-11 08:01:51::資料來源的型別 String 指定值無法轉換成指定目標資料行的型別 nvarchar。

2021-03-11 08:01:51::資料來源的型別 String 指定值無法轉換成指定目標資料行的型別 nvarchar。

2021-03-11 08:01:51::資料來源的型別 String 指定值無法轉換成指定目標資料行的型別 nvarchar。

2021-03-11 08:01:51::資料來源的型別 String 指定值無法轉換成指定目標資料行的型別 nvarchar。

2021-03-11 08:01:51::資料來源的型別 String 指定值無法轉換成指定目標資料行的型別 nvarchar。

2021-03-11 08:01:51::資料來源的型別 String 指定值無法轉換成指定目標資料行的型別 nvarchar。

2021-03-11 08:01:51::資料來源的型別 String 指定值無法轉換成指定目標資料行的型別 nvarchar。

2021-03-11 08:01:51::資料來源的型別 String 指定值無法轉換成指定目標資料行的型別 nvarchar。

2021-03-11 08:01:51::資料來源的型別 String 指定值無法轉換成指定目標資料行的型別 nvarchar。

2021-03-11 08:01:52::資料來源的型別 String 指定值無法轉換成指定目標資料行的型別 nvarchar。

2021-03-11 08:01:52::資料來源的型別 String 指定值無法轉換成指定目標資料行的型別 nvarchar。

2021-03-11 08:02:09::資料來源的型別 String 指定值無法轉換成指定目標資料行的型別 nvarchar。

2021-03-11 08:02:09::資料來源的型別 String 指定值無法轉換成指定目標資料行的型別 nvarchar。

2021-03-11 08:02:09::資料來源的型別 String 指定值無法轉換成指定目標資料行的型別 nvarchar。

2021-03-11 08:02:09::資料來源的型別 String 指定值無法轉換成指定目標資料行的型別 nvarchar。

2021-03-11 08:02:10::資料來源的型別 String 指定值無法轉換成指定目標資料行的型別 nvarchar。

2021-03-11 08:02:10::資料來源的型別 String 指定值無法轉換成指定目標資料行的型別 nvarchar。

2021-03-11 08:02:10::並未將物件參考設定為物件的執行個體。

2021-03-11 08:02:10::作業無效。已經關閉連接。

2021-03-11 08:02:10::並未將物件參考設定為物件的執行個體。

2021-03-11 08:02:10::資料來源的型別 String 指定值無法轉換成指定目標資料行的型別 nvarchar。

2021-03-11 08:02:10::資料來源的型別 String 指定值無法轉換成指定目標資料行的型別 nvarchar。

2021-03-11 08:02:10::資料來源的型別 String 指定值無法轉換成指定目標資料行的型別 nvarchar。

2021-03-11 08:02:10::資料來源的型別 String 指定值無法轉換成指定目標資料行的型別 nvarchar。

2021-03-11 08:02:10::資料來源的型別 String 指定值無法轉換成指定目標資料行的型別 nvarchar。

2021-03-11 08:02:10::資料來源的型別 String 指定值無法轉換成指定目標資料行的型別 nvarchar。

2021-03-11 08:02:11::資料來源的型別 String 指定值無法轉換成指定目標資料行的型別 nvarchar。

2021-03-11 08:02:11::資料來源的型別 String 指定值無法轉換成指定目標資料行的型別 nvarchar。

2021-03-11 08:02:11::資料來源的型別 String 指定值無法轉換成指定目標資料行的型別 nvarchar。

2021-03-11 08:02:11::資料來源的型別 String 指定值無法轉換成指定目標資料行的型別 nvarchar。

2021-03-11 08:02:11::資料來源的型別 String 指定值無法轉換成指定目標資料行的型別 nvarchar。

2021-03-11 08:02:11::資料來源的型別 String 指定值無法轉換成指定目標資料行的型別 nvarchar。

2021-03-11 08:02:15::資料來源的型別 String 指定值無法轉換成指定目標資料行的型別 nvarchar。

2021-03-11 08:02:15::資料來源的型別 String 指定值無法轉換成指定目標資料行的型別 nvarchar。

2021-03-11 08:02:16::資料來源的型別 String 指定值無法轉換成指定目標資料行的型別 nvarchar。

2021-03-11 08:02:16::資料來源的型別 String 指定值無法轉換成指定目標資料行的型別 nvarchar。

2021-03-11 08:02:16::資料來源的型別 String 指定值無法轉換成指定目標資料行的型別 nvarchar。

2021-03-11 08:02:16::資料來源的型別 String 指定值無法轉換成指定目標資料行的型別 nvarchar。

2021-03-11 08:02:16::資料來源的型別 String 指定值無法轉換成指定目標資料行的型別 nvarchar。

2021-03-11 08:02:16::資料來源的型別 String 指定值無法轉換成指定目標資料行的型別 nvarchar。

2021-03-11 08:02:16::資料來源的型別 String 指定值無法轉換成指定目標資料行的型別 nvarchar。

2021-03-11 08:02:16::資料來源的型別 String 指定值無法轉換成指定目標資料行的型別 nvarchar。

2021-03-11 08:02:17::資料來源的型別 String 指定值無法轉換成指定目標資料行的型別 nvarchar。

2021-03-11 08:02:17::資料來源的型別 String 指定值無法轉換成指定目標資料行的型別 nvarchar。

2021-03-11 08:02:20::資料來源的型別 String 指定值無法轉換成指定目標資料行的型別 nvarchar。

2021-03-11 08:02:20::資料來源的型別 String 指定值無法轉換成指定目標資料行的型別 nvarchar。

2021-03-11 08:02:21::資料來源的型別 String 指定值無法轉換成指定目標資料行的型別 nvarchar。

2021-03-11 08:02:21::資料來源的型別 String 指定值無法轉換成指定目標資料行的型別 nvarchar。

2021-03-11 08:02:21::資料來源的型別 String 指定值無法轉換成指定目標資料行的型別 nvarchar。

2021-03-11 08:02:21::資料來源的型別 String 指定值無法轉換成指定目標資料行的型別 nvarchar。

2021-03-11 08:02:21::資料來源的型別 String 指定值無法轉換成指定目標資料行的型別 nvarchar。

2021-03-11 08:02:21::資料來源的型別 String 指定值無法轉換成指定目標資料行的型別 nvarchar。

2021-03-11 08:02:21::資料來源的型別 String 指定值無法轉換成指定目標資料行的型別 nvarchar。

2021-03-11 08:02:21::資料來源的型別 String 指定值無法轉換成指定目標資料行的型別 nvarchar。

2021-03-11 08:02:21::資料來源的型別 String 指定值無法轉換成指定目標資料行的型別 nvarchar。

2021-03-11 08:02:21::資料來源的型別 String 指定值無法轉換成指定目標資料行的型別 nvarchar。

2021-03-11 08:02:22::資料來源的型別 String 指定值無法轉換成指定目標資料行的型別 nvarchar。

2021-03-11 08:02:22::資料來源的型別 String 指定值無法轉換成指定目標資料行的型別 nvarchar。

2021-03-11 08:02:22::資料來源的型別 String 指定值無法轉換成指定目標資料行的型別 nvarchar。

2021-03-11 08:02:22::資料來源的型別 String 指定值無法轉換成指定目標資料行的型別 nvarchar。

2021-03-11 08:02:22::資料來源的型別 String 指定值無法轉換成指定目標資料行的型別 nvarchar。

2021-03-11 08:02:22::資料來源的型別 String 指定值無法轉換成指定目標資料行的型別 nvarchar。

2021-03-11 08:02:22::資料來源的型別 String 指定值無法轉換成指定目標資料行的型別 nvarchar。

2021-03-11 08:02:22::資料來源的型別 String 指定值無法轉換成指定目標資料行的型別 nvarchar。

2021-03-11 08:02:22::資料來源的型別 String 指定值無法轉換成指定目標資料行的型別 nvarchar。

2021-03-11 08:02:22::資料來源的型別 String 指定值無法轉換成指定目標資料行的型別 nvarchar。

2021-03-11 08:02:22::資料來源的型別 String 指定值無法轉換成指定目標資料行的型別 nvarchar。

2021-03-11 08:02:22::資料來源的型別 String 指定值無法轉換成指定目標資料行的型別 nvarchar。

2021-03-11 08:02:23::資料來源的型別 String 指定值無法轉換成指定目標資料行的型別 nvarchar。

2021-03-11 08:02:23::資料來源的型別 String 指定值無法轉換成指定目標資料行的型別 nvarchar。

2021-03-11 08:02:23::資料來源的型別 String 指定值無法轉換成指定目標資料行的型別 nvarchar。

2021-03-11 08:02:23::資料來源的型別 String 指定值無法轉換成指定目標資料行的型別 nvarchar。

2021-03-11 08:02:23::資料來源的型別 String 指定值無法轉換成指定目標資料行的型別 nvarchar。

2021-03-11 08:02:23::資料來源的型別 String 指定值無法轉換成指定目標資料行的型別 nvarchar。

2021-03-11 08:02:23::資料來源的型別 String 指定值無法轉換成指定目標資料行的型別 nvarchar。

2021-03-11 08:02:23::資料來源的型別 String 指定值無法轉換成指定目標資料行的型別 nvarchar。

2021-03-11 08:02:23::資料來源的型別 String 指定值無法轉換成指定目標資料行的型別 nvarchar。

2021-03-11 08:02:23::資料來源的型別 String 指定值無法轉換成指定目標資料行的型別 nvarchar。

2021-03-11 08:02:23::資料來源的型別 String 指定值無法轉換成指定目標資料行的型別 nvarchar。

2021-03-11 08:02:23::資料來源的型別 String 指定值無法轉換成指定目標資料行的型別 nvarchar。

2021-03-11 08:02:23::資料來源的型別 String 指定值無法轉換成指定目標資料行的型別 nvarchar。

2021-03-11 08:02:23::資料來源的型別 String 指定值無法轉換成指定目標資料行的型別 nvarchar。

2021-03-11 08:02:24::資料來源的型別 String 指定值無法轉換成指定目標資料行的型別 nvarchar。

2021-03-11 08:02:24::資料來源的型別 String 指定值無法轉換成指定目標資料行的型別 nvarchar。

2021-03-11 08:02:24::資料來源的型別 String 指定值無法轉換成指定目標資料行的型別 nvarchar。

2021-03-11 08:02:24::資料來源的型別 String 指定值無法轉換成指定目標資料行的型別 nvarchar。

2021-03-11 08:02:24::資料來源的型別 String 指定值無法轉換成指定目標資料行的型別 nvarchar。

2021-03-11 08:02:24::資料來源的型別 String 指定值無法轉換成指定目標資料行的型別 nvarchar。

2021-03-11 08:02:24::資料來源的型別 String 指定值無法轉換成指定目標資料行的型別 nvarchar。

2021-03-11 08:02:24::資料來源的型別 String 指定值無法轉換成指定目標資料行的型別 nvarchar。

2021-03-11 08:02:24::資料來源的型別 String 指定值無法轉換成指定目標資料行的型別 nvarchar。

2021-03-11 08:02:24::資料來源的型別 String 指定值無法轉換成指定目標資料行的型別 nvarchar。

2021-03-11 08:02:24::資料來源的型別 String 指定值無法轉換成指定目標資料行的型別 nvarchar。

2021-03-11 08:02:24::資料來源的型別 String 指定值無法轉換成指定目標資料行的型別 nvarchar。

2021-03-11 08:02:24::資料來源的型別 String 指定值無法轉換成指定目標資料行的型別 nvarchar。

2021-03-11 08:02:24::資料來源的型別 String 指定值無法轉換成指定目標資料行的型別 nvarchar。

2021-03-11 08:02:25::資料來源的型別 String 指定值無法轉換成指定目標資料行的型別 nvarchar。

2021-03-11 08:02:25::資料來源的型別 String 指定值無法轉換成指定目標資料行的型別 nvarchar。

2021-03-11 08:02:25::資料來源的型別 String 指定值無法轉換成指定目標資料行的型別 nvarchar。

2021-03-11 08:02:25::資料來源的型別 String 指定值無法轉換成指定目標資料行的型別 nvarchar。

2021-03-11 08:02:25::資料來源的型別 String 指定值無法轉換成指定目標資料行的型別 nvarchar。

2021-03-11 08:02:25::資料來源的型別 String 指定值無法轉換成指定目標資料行的型別 nvarchar。

2021-03-11 08:02:25::資料來源的型別 String 指定值無法轉換成指定目標資料行的型別 nvarchar。

2021-03-11 08:02:25::資料來源的型別 String 指定值無法轉換成指定目標資料行的型別 nvarchar。

2021-03-11 08:02:25::資料來源的型別 String 指定值無法轉換成指定目標資料行的型別 nvarchar。

2021-03-11 08:02:25::資料來源的型別 String 指定值無法轉換成指定目標資料行的型別 nvarchar。

2021-03-11 08:02:26::資料來源的型別 String 指定值無法轉換成指定目標資料行的型別 nvarchar。

2021-03-11 08:02:26::資料來源的型別 String 指定值無法轉換成指定目標資料行的型別 nvarchar。

2021-03-11 08:02:26::資料來源的型別 String 指定值無法轉換成指定目標資料行的型別 nvarchar。

2021-03-11 08:02:26::資料來源的型別 String 指定值無法轉換成指定目標資料行的型別 nvarchar。

2021-03-11 08:02:38::資料來源的型別 String 指定值無法轉換成指定目標資料行的型別 nvarchar。

2021-03-11 08:02:38::資料來源的型別 String 指定值無法轉換成指定目標資料行的型別 nvarchar。

2021-03-11 08:02:39::資料來源的型別 String 指定值無法轉換成指定目標資料行的型別 nvarchar。

2021-03-11 08:02:39::資料來源的型別 String 指定值無法轉換成指定目標資料行的型別 nvarchar。

2021-03-11 08:02:39::資料來源的型別 String 指定值無法轉換成指定目標資料行的型別 nvarchar。

2021-03-11 08:02:39::資料來源的型別 String 指定值無法轉換成指定目標資料行的型別 nvarchar。

2021-03-11 08:02:39::資料來源的型別 String 指定值無法轉換成指定目標資料行的型別 nvarchar。

2021-03-11 08:02:39::資料來源的型別 String 指定值無法轉換成指定目標資料行的型別 nvarchar。

2021-03-11 14:51:19::並未將物件參考設定為物件的執行個體。

2021-03-11 14:51:19::已經開啟一個與這個 Command 相關的 DataReader，必須先將它關閉。

2021-03-11 14:51:19::並未將物件參考設定為物件的執行個體。

