2021-01-11 08:55:22::並未將物件參考設定為物件的執行個體。

2021-01-11 08:55:22::並未將物件參考設定為物件的執行個體。

2021-01-11 14:18:31::並未將物件參考設定為物件的執行個體。

2021-01-11 14:18:31::連接未關閉。連接目前的狀態為連接中。

2021-01-11 14:18:31::並未將物件參考設定為物件的執行個體。

2021-01-11 14:18:31::並未將物件參考設定為物件的執行個體。

2021-01-11 14:18:31::ExecuteReader 必須有開啟與可用的 Connection。連接目前的狀態為連接中。

2021-01-11 14:18:31::並未將物件參考設定為物件的執行個體。

2021-01-11 14:43:26::資料行 'ApplyChannel' 不屬於資料表 Employee。

2021-01-11 14:43:34::資料行 'ApplyChannel' 不屬於資料表 Employee。

2021-01-11 14:43:35::資料行 'ApplyChannel' 不屬於資料表 Employee。

2021-01-11 14:43:35::資料行 'ApplyChannel' 不屬於資料表 Employee。

2021-01-11 14:43:35::資料行 'ApplyChannel' 不屬於資料表 Employee。

2021-01-11 14:43:35::資料行 'ApplyChannel' 不屬於資料表 Employee。

2021-01-11 14:43:35::資料行 'ApplyChannel' 不屬於資料表 Employee。

2021-01-11 14:43:36::資料行 'ApplyChannel' 不屬於資料表 Employee。

2021-01-11 14:43:36::資料行 'ApplyChannel' 不屬於資料表 Employee。

2021-01-11 14:43:36::資料行 'ApplyChannel' 不屬於資料表 Employee。

2021-01-11 14:43:36::資料行 'ApplyChannel' 不屬於資料表 Employee。

2021-01-11 14:43:36::資料行 'ApplyChannel' 不屬於資料表 Employee。

2021-01-11 14:43:36::資料行 'ApplyChannel' 不屬於資料表 Employee。

2021-01-11 14:43:36::資料行 'ApplyChannel' 不屬於資料表 Employee。

2021-01-11 14:43:37::資料行 'ApplyChannel' 不屬於資料表 Employee。

2021-01-11 14:43:37::資料行 'ApplyChannel' 不屬於資料表 Employee。

2021-01-11 14:43:37::資料行 'ApplyChannel' 不屬於資料表 Employee。

2021-01-11 14:43:37::資料行 'ApplyChannel' 不屬於資料表 Employee。

2021-01-11 14:43:37::資料行 'ApplyChannel' 不屬於資料表 Employee。

2021-01-11 14:43:37::資料行 'ApplyChannel' 不屬於資料表 Employee。

2021-01-11 14:43:38::資料行 'ApplyChannel' 不屬於資料表 Employee。

2021-01-11 14:43:38::資料行 'ApplyChannel' 不屬於資料表 Employee。

2021-01-11 14:43:38::資料行 'ApplyChannel' 不屬於資料表 Employee。

2021-01-11 14:43:38::資料行 'ApplyChannel' 不屬於資料表 Employee。

2021-01-11 14:43:38::資料行 'ApplyChannel' 不屬於資料表 Employee。

2021-01-11 14:44:38::資料行 'ApplyChannel' 不屬於資料表 Employee。

2021-01-11 14:45:40::資料行 'ApplyChannel' 不屬於資料表 Employee。

2021-01-11 14:45:43::資料行 'ApplyChannel' 不屬於資料表 Employee。

2021-01-11 14:45:47::資料行 'ApplyChannel' 不屬於資料表 Employee。

2021-01-11 14:45:48::資料行 'ApplyChannel' 不屬於資料表 Employee。

2021-01-11 14:45:48::資料行 'ApplyChannel' 不屬於資料表 Employee。

2021-01-11 14:45:48::資料行 'ApplyChannel' 不屬於資料表 Employee。

2021-01-11 14:45:49::資料行 'ApplyChannel' 不屬於資料表 Employee。

2021-01-11 14:45:49::資料行 'ApplyChannel' 不屬於資料表 Employee。

2021-01-11 14:45:49::資料行 'ApplyChannel' 不屬於資料表 Employee。

2021-01-11 14:45:52::資料行 'ApplyChannel' 不屬於資料表 Employee。

2021-01-11 14:45:53::資料行 'ApplyChannel' 不屬於資料表 Employee。

2021-01-11 14:45:53::資料行 'ApplyChannel' 不屬於資料表 Employee。

2021-01-11 14:45:53::資料行 'ApplyChannel' 不屬於資料表 Employee。

2021-01-11 14:45:53::資料行 'ApplyChannel' 不屬於資料表 Employee。

2021-01-11 14:45:53::資料行 'ApplyChannel' 不屬於資料表 Employee。

2021-01-11 14:45:53::資料行 'ApplyChannel' 不屬於資料表 Employee。

2021-01-11 14:45:53::資料行 'ApplyChannel' 不屬於資料表 Employee。

2021-01-11 14:45:58::資料行 'ApplyChannel' 不屬於資料表 Employee。

2021-01-11 14:45:58::資料行 'ApplyChannel' 不屬於資料表 Employee。

2021-01-11 14:45:58::資料行 'ApplyChannel' 不屬於資料表 Employee。

2021-01-11 14:45:58::資料行 'ApplyChannel' 不屬於資料表 Employee。

2021-01-11 14:45:59::資料行 'ApplyChannel' 不屬於資料表 Employee。

2021-01-11 14:45:59::資料行 'ApplyChannel' 不屬於資料表 Employee。

2021-01-11 14:45:59::資料行 'ApplyChannel' 不屬於資料表 Employee。

2021-01-11 14:45:59::資料行 'ApplyChannel' 不屬於資料表 Employee。

2021-01-11 14:45:59::資料行 'ApplyChannel' 不屬於資料表 Employee。

2021-01-11 14:45:59::資料行 'ApplyChannel' 不屬於資料表 Employee。

2021-01-11 14:45:59::資料行 'ApplyChannel' 不屬於資料表 Employee。

2021-01-11 14:46:00::資料行 'ApplyChannel' 不屬於資料表 Employee。

2021-01-11 14:46:00::資料行 'ApplyChannel' 不屬於資料表 Employee。

2021-01-11 14:46:00::資料行 'ApplyChannel' 不屬於資料表 Employee。

2021-01-11 14:46:00::資料行 'ApplyChannel' 不屬於資料表 Employee。

2021-01-11 14:46:00::資料行 'ApplyChannel' 不屬於資料表 Employee。

2021-01-11 14:46:00::資料行 'ApplyChannel' 不屬於資料表 Employee。

2021-01-11 14:46:01::資料行 'ApplyChannel' 不屬於資料表 Employee。

2021-01-11 14:46:01::資料行 'ApplyChannel' 不屬於資料表 Employee。

2021-01-11 14:46:01::資料行 'ApplyChannel' 不屬於資料表 Employee。

2021-01-11 14:46:01::資料行 'ApplyChannel' 不屬於資料表 Employee。

2021-01-11 14:46:08::資料行 'ApplyChannel' 不屬於資料表 Employee。

2021-01-11 14:46:09::資料行 'ApplyChannel' 不屬於資料表 Employee。

2021-01-11 14:46:09::資料行 'ApplyChannel' 不屬於資料表 Employee。

2021-01-11 14:46:09::資料行 'ApplyChannel' 不屬於資料表 Employee。

2021-01-11 14:46:10::資料行 'ApplyChannel' 不屬於資料表 Employee。

2021-01-11 14:46:10::資料行 'ApplyChannel' 不屬於資料表 Employee。

2021-01-11 14:46:10::資料行 'ApplyChannel' 不屬於資料表 Employee。

2021-01-11 14:46:10::資料行 'ApplyChannel' 不屬於資料表 Employee。

2021-01-11 14:46:10::資料行 'ApplyChannel' 不屬於資料表 Employee。

2021-01-11 14:46:11::資料行 'ApplyChannel' 不屬於資料表 Employee。

2021-01-11 14:46:11::資料行 'ApplyChannel' 不屬於資料表 Employee。

2021-01-11 14:46:11::資料行 'ApplyChannel' 不屬於資料表 Employee。

2021-01-11 14:46:11::資料行 'ApplyChannel' 不屬於資料表 Employee。

2021-01-11 14:46:11::資料行 'ApplyChannel' 不屬於資料表 Employee。

2021-01-11 14:46:26::資料行 'ApplyChannel' 不屬於資料表 Employee。

2021-01-11 14:46:30::資料行 'ApplyChannel' 不屬於資料表 Employee。

2021-01-11 14:46:31::資料行 'ApplyChannel' 不屬於資料表 Employee。

2021-01-11 14:46:31::資料行 'ApplyChannel' 不屬於資料表 Employee。

2021-01-11 14:46:31::資料行 'ApplyChannel' 不屬於資料表 Employee。

2021-01-11 14:46:32::資料行 'ApplyChannel' 不屬於資料表 Employee。

2021-01-11 14:46:32::資料行 'ApplyChannel' 不屬於資料表 Employee。

2021-01-11 14:46:35::資料行 'ApplyChannel' 不屬於資料表 Employee。

2021-01-11 14:46:36::資料行 'ApplyChannel' 不屬於資料表 Employee。

2021-01-11 14:46:37::資料行 'ApplyChannel' 不屬於資料表 Employee。

2021-01-11 14:46:38::資料行 'ApplyChannel' 不屬於資料表 Employee。

2021-01-11 14:47:30::資料行 'ApplyChannel' 不屬於資料表 Employee。

2021-01-11 14:47:32::資料行 'ApplyChannel' 不屬於資料表 Employee。

2021-01-11 14:47:33::資料行 'ApplyChannel' 不屬於資料表 Employee。

2021-01-11 14:47:34::資料行 'ApplyChannel' 不屬於資料表 Employee。

2021-01-11 14:47:35::資料行 'ApplyChannel' 不屬於資料表 Employee。

2021-01-11 14:47:36::資料行 'ApplyChannel' 不屬於資料表 Employee。

2021-01-11 14:47:36::資料行 'ApplyChannel' 不屬於資料表 Employee。

2021-01-11 14:47:37::資料行 'ApplyChannel' 不屬於資料表 Employee。

2021-01-11 14:47:38::資料行 'ApplyChannel' 不屬於資料表 Employee。

2021-01-11 14:47:43::資料行 'ApplyChannel' 不屬於資料表 Employee。

2021-01-11 14:47:45::資料行 'ApplyChannel' 不屬於資料表 Employee。

2021-01-11 14:47:46::資料行 'ApplyChannel' 不屬於資料表 Employee。

2021-01-11 14:47:47::資料行 'ApplyChannel' 不屬於資料表 Employee。

2021-01-11 14:47:48::資料行 'ApplyChannel' 不屬於資料表 Employee。

2021-01-11 14:47:48::資料行 'ApplyChannel' 不屬於資料表 Employee。

2021-01-11 14:47:48::資料行 'ApplyChannel' 不屬於資料表 Employee。

2021-01-11 14:47:49::資料行 'ApplyChannel' 不屬於資料表 Employee。

2021-01-11 14:47:51::資料行 'ApplyChannel' 不屬於資料表 Employee。

2021-01-11 14:47:52::資料行 'ApplyChannel' 不屬於資料表 Employee。

2021-01-11 14:47:53::資料行 'ApplyChannel' 不屬於資料表 Employee。

2021-01-11 14:47:54::資料行 'ApplyChannel' 不屬於資料表 Employee。

2021-01-11 14:47:54::資料行 'ApplyChannel' 不屬於資料表 Employee。

2021-01-11 14:47:55::資料行 'ApplyChannel' 不屬於資料表 Employee。

2021-01-11 14:47:55::資料行 'ApplyChannel' 不屬於資料表 Employee。

2021-01-11 14:47:56::資料行 'ApplyChannel' 不屬於資料表 Employee。

2021-01-11 14:47:56::資料行 'ApplyChannel' 不屬於資料表 Employee。

2021-01-11 14:47:56::資料行 'ApplyChannel' 不屬於資料表 Employee。

2021-01-11 14:47:56::資料行 'ApplyChannel' 不屬於資料表 Employee。

2021-01-11 14:47:57::資料行 'ApplyChannel' 不屬於資料表 Employee。

2021-01-11 14:47:58::資料行 'ApplyChannel' 不屬於資料表 Employee。

2021-01-11 14:47:58::資料行 'ApplyChannel' 不屬於資料表 Employee。

2021-01-11 14:47:58::資料行 'ApplyChannel' 不屬於資料表 Employee。

2021-01-11 14:47:59::資料行 'ApplyChannel' 不屬於資料表 Employee。

2021-01-11 14:47:59::資料行 'ApplyChannel' 不屬於資料表 Employee。

2021-01-11 14:47:59::資料行 'ApplyChannel' 不屬於資料表 Employee。

2021-01-11 14:48:37::資料行 'ApplyChannel' 不屬於資料表 Employee。

2021-01-11 14:48:38::資料行 'ApplyChannel' 不屬於資料表 Employee。

2021-01-11 14:48:47::資料行 'ApplyChannel' 不屬於資料表 Employee。

2021-01-11 14:48:48::資料行 'ApplyChannel' 不屬於資料表 Employee。

2021-01-11 14:48:48::資料行 'ApplyChannel' 不屬於資料表 Employee。

2021-01-11 14:48:49::資料行 'ApplyChannel' 不屬於資料表 Employee。

2021-01-11 14:48:49::資料行 'ApplyChannel' 不屬於資料表 Employee。

2021-01-11 14:48:49::資料行 'ApplyChannel' 不屬於資料表 Employee。

2021-01-11 14:48:50::資料行 'ApplyChannel' 不屬於資料表 Employee。

2021-01-11 14:48:50::資料行 'ApplyChannel' 不屬於資料表 Employee。

2021-01-11 14:48:51::資料行 'ApplyChannel' 不屬於資料表 Employee。

2021-01-11 14:48:51::資料行 'ApplyChannel' 不屬於資料表 Employee。

2021-01-11 14:48:51::資料行 'ApplyChannel' 不屬於資料表 Employee。

2021-01-11 14:48:52::資料行 'ApplyChannel' 不屬於資料表 Employee。

2021-01-11 14:48:52::資料行 'ApplyChannel' 不屬於資料表 Employee。

2021-01-11 14:49:00::資料行 'ApplyChannel' 不屬於資料表 Employee。

2021-01-11 14:49:00::資料行 'ApplyChannel' 不屬於資料表 Employee。

2021-01-11 14:49:02::資料行 'ApplyChannel' 不屬於資料表 Employee。

2021-01-11 14:49:02::資料行 'ApplyChannel' 不屬於資料表 Employee。

2021-01-11 14:49:02::資料行 'ApplyChannel' 不屬於資料表 Employee。

2021-01-11 14:49:02::資料行 'ApplyChannel' 不屬於資料表 Employee。

2021-01-11 14:49:03::資料行 'ApplyChannel' 不屬於資料表 Employee。

2021-01-11 14:49:03::資料行 'ApplyChannel' 不屬於資料表 Employee。

2021-01-11 14:49:03::資料行 'ApplyChannel' 不屬於資料表 Employee。

2021-01-11 14:49:03::資料行 'ApplyChannel' 不屬於資料表 Employee。

2021-01-11 14:49:03::資料行 'ApplyChannel' 不屬於資料表 Employee。

2021-01-11 14:49:03::資料行 'ApplyChannel' 不屬於資料表 Employee。

2021-01-11 14:49:04::資料行 'ApplyChannel' 不屬於資料表 Employee。

2021-01-11 14:49:04::資料行 'ApplyChannel' 不屬於資料表 Employee。

2021-01-11 14:49:04::資料行 'ApplyChannel' 不屬於資料表 Employee。

2021-01-11 14:49:04::資料行 'ApplyChannel' 不屬於資料表 Employee。

2021-01-11 14:49:04::資料行 'ApplyChannel' 不屬於資料表 Employee。

2021-01-11 14:49:04::資料行 'ApplyChannel' 不屬於資料表 Employee。

2021-01-11 14:49:05::資料行 'ApplyChannel' 不屬於資料表 Employee。

2021-01-11 14:49:05::資料行 'ApplyChannel' 不屬於資料表 Employee。

2021-01-11 14:49:05::資料行 'ApplyChannel' 不屬於資料表 Employee。

2021-01-11 14:49:05::資料行 'ApplyChannel' 不屬於資料表 Employee。

2021-01-11 14:49:05::資料行 'ApplyChannel' 不屬於資料表 Employee。

2021-01-11 14:49:05::資料行 'ApplyChannel' 不屬於資料表 Employee。

2021-01-11 14:49:05::資料行 'ApplyChannel' 不屬於資料表 Employee。

2021-01-11 14:49:06::資料行 'ApplyChannel' 不屬於資料表 Employee。

2021-01-11 14:49:12::資料行 'ApplyChannel' 不屬於資料表 Employee。

2021-01-11 14:49:13::資料行 'ApplyChannel' 不屬於資料表 Employee。

2021-01-11 14:49:13::資料行 'ApplyChannel' 不屬於資料表 Employee。

2021-01-11 14:49:13::資料行 'ApplyChannel' 不屬於資料表 Employee。

2021-01-11 14:49:13::資料行 'ApplyChannel' 不屬於資料表 Employee。

2021-01-11 14:49:13::資料行 'ApplyChannel' 不屬於資料表 Employee。

2021-01-11 14:49:14::資料行 'ApplyChannel' 不屬於資料表 Employee。

2021-01-11 14:49:14::資料行 'ApplyChannel' 不屬於資料表 Employee。

2021-01-11 14:49:14::資料行 'ApplyChannel' 不屬於資料表 Employee。

2021-01-11 14:49:15::資料行 'ApplyChannel' 不屬於資料表 Employee。

2021-01-11 14:49:15::資料行 'ApplyChannel' 不屬於資料表 Employee。

2021-01-11 14:49:15::資料行 'ApplyChannel' 不屬於資料表 Employee。

2021-01-11 14:49:16::資料行 'ApplyChannel' 不屬於資料表 Employee。

2021-01-11 14:49:16::資料行 'ApplyChannel' 不屬於資料表 Employee。

2021-01-11 14:49:16::資料行 'ApplyChannel' 不屬於資料表 Employee。

2021-01-11 14:49:16::資料行 'ApplyChannel' 不屬於資料表 Employee。

2021-01-11 14:49:17::資料行 'ApplyChannel' 不屬於資料表 Employee。

2021-01-11 14:49:17::資料行 'ApplyChannel' 不屬於資料表 Employee。

2021-01-11 14:49:17::資料行 'ApplyChannel' 不屬於資料表 Employee。

2021-01-11 14:49:17::資料行 'ApplyChannel' 不屬於資料表 Employee。

2021-01-11 14:49:18::資料行 'ApplyChannel' 不屬於資料表 Employee。

2021-01-11 14:49:18::資料行 'ApplyChannel' 不屬於資料表 Employee。

2021-01-11 14:49:18::資料行 'ApplyChannel' 不屬於資料表 Employee。

2021-01-11 14:52:11::並未將物件參考設定為物件的執行個體。

2021-01-11 14:52:11::作業無效。已經關閉連接。

2021-01-11 14:52:11::並未將物件參考設定為物件的執行個體。

2021-01-11 18:19:54::資料行 'ApplyChannel' 不屬於資料表 Employee。

2021-01-11 18:19:58::資料行 'ApplyChannel' 不屬於資料表 Employee。

2021-01-11 18:19:59::資料行 'ApplyChannel' 不屬於資料表 Employee。

2021-01-11 18:20:00::資料行 'ApplyChannel' 不屬於資料表 Employee。

2021-01-11 18:20:00::資料行 'ApplyChannel' 不屬於資料表 Employee。

2021-01-11 18:20:01::資料行 'ApplyChannel' 不屬於資料表 Employee。

2021-01-11 18:20:05::資料行 'ApplyChannel' 不屬於資料表 Employee。

2021-01-11 18:20:05::資料行 'ApplyChannel' 不屬於資料表 Employee。

2021-01-11 18:20:53::資料行 'ApplyChannel' 不屬於資料表 Employee。

2021-01-11 18:20:56::資料行 'ApplyChannel' 不屬於資料表 Employee。

2021-01-11 18:20:57::資料行 'ApplyChannel' 不屬於資料表 Employee。

2021-01-11 18:21:09::資料行 'ApplyChannel' 不屬於資料表 Employee。

2021-01-11 18:21:11::資料行 'ApplyChannel' 不屬於資料表 Employee。

2021-01-11 18:21:13::資料行 'ApplyChannel' 不屬於資料表 Employee。

2021-01-11 18:21:18::資料行 'ApplyChannel' 不屬於資料表 Employee。

2021-01-11 18:21:19::資料行 'ApplyChannel' 不屬於資料表 Employee。

2021-01-11 18:21:25::資料行 'ApplyChannel' 不屬於資料表 Employee。

2021-01-11 18:21:26::資料行 'ApplyChannel' 不屬於資料表 Employee。

2021-01-11 18:21:26::資料行 'ApplyChannel' 不屬於資料表 Employee。

2021-01-11 18:21:26::資料行 'ApplyChannel' 不屬於資料表 Employee。

2021-01-11 18:21:26::資料行 'ApplyChannel' 不屬於資料表 Employee。

2021-01-11 18:21:27::資料行 'ApplyChannel' 不屬於資料表 Employee。

2021-01-11 18:21:27::資料行 'ApplyChannel' 不屬於資料表 Employee。

2021-01-11 18:21:27::資料行 'ApplyChannel' 不屬於資料表 Employee。

2021-01-11 18:21:27::資料行 'ApplyChannel' 不屬於資料表 Employee。

2021-01-11 18:21:27::資料行 'ApplyChannel' 不屬於資料表 Employee。

2021-01-11 18:21:27::資料行 'ApplyChannel' 不屬於資料表 Employee。

2021-01-11 18:21:27::資料行 'ApplyChannel' 不屬於資料表 Employee。

2021-01-11 18:21:28::資料行 'ApplyChannel' 不屬於資料表 Employee。

2021-01-11 18:22:17::資料行 'ApplyChannel' 不屬於資料表 Employee。

2021-01-11 18:22:18::資料行 'ApplyChannel' 不屬於資料表 Employee。

2021-01-11 18:22:19::資料行 'ApplyChannel' 不屬於資料表 Employee。

2021-01-11 18:23:03::資料行 'ApplyChannel' 不屬於資料表 Employee。

2021-01-11 18:23:04::資料行 'ApplyChannel' 不屬於資料表 Employee。

2021-01-11 18:23:05::資料行 'ApplyChannel' 不屬於資料表 Employee。

2021-01-11 18:23:08::資料行 'ApplyChannel' 不屬於資料表 Employee。

2021-01-11 18:23:12::資料行 'ApplyChannel' 不屬於資料表 Employee。

2021-01-11 18:23:14::資料行 'ApplyChannel' 不屬於資料表 Employee。

2021-01-11 18:23:14::資料行 'ApplyChannel' 不屬於資料表 Employee。

2021-01-11 18:23:14::資料行 'ApplyChannel' 不屬於資料表 Employee。

2021-01-11 18:23:57::資料行 'ApplyChannel' 不屬於資料表 Employee。

2021-01-11 18:23:58::資料行 'ApplyChannel' 不屬於資料表 Employee。

2021-01-11 18:23:59::資料行 'ApplyChannel' 不屬於資料表 Employee。

2021-01-11 18:23:59::資料行 'ApplyChannel' 不屬於資料表 Employee。

2021-01-11 18:24:00::資料行 'ApplyChannel' 不屬於資料表 Employee。

2021-01-11 18:24:02::資料行 'ApplyChannel' 不屬於資料表 Employee。

2021-01-11 18:24:03::資料行 'ApplyChannel' 不屬於資料表 Employee。

2021-01-11 18:24:04::資料行 'ApplyChannel' 不屬於資料表 Employee。

2021-01-11 18:24:04::資料行 'ApplyChannel' 不屬於資料表 Employee。

2021-01-11 18:24:04::資料行 'ApplyChannel' 不屬於資料表 Employee。

2021-01-11 18:24:04::資料行 'ApplyChannel' 不屬於資料表 Employee。

2021-01-11 18:24:05::資料行 'ApplyChannel' 不屬於資料表 Employee。

2021-01-11 18:24:05::資料行 'ApplyChannel' 不屬於資料表 Employee。

2021-01-11 18:24:05::資料行 'ApplyChannel' 不屬於資料表 Employee。

2021-01-11 18:24:06::資料行 'ApplyChannel' 不屬於資料表 Employee。

2021-01-11 18:24:06::資料行 'ApplyChannel' 不屬於資料表 Employee。

2021-01-11 18:24:08::資料行 'ApplyChannel' 不屬於資料表 Employee。

2021-01-11 18:24:08::資料行 'ApplyChannel' 不屬於資料表 Employee。

2021-01-11 18:24:09::資料行 'ApplyChannel' 不屬於資料表 Employee。

2021-01-11 18:24:09::資料行 'ApplyChannel' 不屬於資料表 Employee。

2021-01-11 18:24:09::資料行 'ApplyChannel' 不屬於資料表 Employee。

2021-01-11 18:24:10::資料行 'ApplyChannel' 不屬於資料表 Employee。

2021-01-11 18:24:10::資料行 'ApplyChannel' 不屬於資料表 Employee。

2021-01-11 18:24:10::資料行 'ApplyChannel' 不屬於資料表 Employee。

2021-01-11 18:24:10::資料行 'ApplyChannel' 不屬於資料表 Employee。

2021-01-11 18:24:10::資料行 'ApplyChannel' 不屬於資料表 Employee。

2021-01-11 18:24:11::資料行 'ApplyChannel' 不屬於資料表 Employee。

2021-01-11 18:24:14::資料行 'ApplyChannel' 不屬於資料表 Employee。

2021-01-11 18:24:15::資料行 'ApplyChannel' 不屬於資料表 Employee。

2021-01-11 18:24:23::資料行 'ApplyChannel' 不屬於資料表 Employee。

2021-01-11 18:24:24::資料行 'ApplyChannel' 不屬於資料表 Employee。

2021-01-11 18:24:25::資料行 'ApplyChannel' 不屬於資料表 Employee。

2021-01-11 18:24:27::資料行 'ApplyChannel' 不屬於資料表 Employee。

2021-01-11 18:24:27::資料行 'ApplyChannel' 不屬於資料表 Employee。

2021-01-11 18:24:28::資料行 'ApplyChannel' 不屬於資料表 Employee。

2021-01-11 18:24:28::資料行 'ApplyChannel' 不屬於資料表 Employee。

2021-01-11 18:24:28::資料行 'ApplyChannel' 不屬於資料表 Employee。

2021-01-11 18:24:28::資料行 'ApplyChannel' 不屬於資料表 Employee。

2021-01-11 18:24:31::資料行 'ApplyChannel' 不屬於資料表 Employee。

2021-01-11 18:24:31::資料行 'ApplyChannel' 不屬於資料表 Employee。

2021-01-11 18:24:31::資料行 'ApplyChannel' 不屬於資料表 Employee。

2021-01-11 18:28:25::資料行 'ApplyChannel' 不屬於資料表 Employee。

2021-01-11 18:28:29::資料行 'ApplyChannel' 不屬於資料表 Employee。

2021-01-11 18:28:58::資料行 'ApplyChannel' 不屬於資料表 Employee。

2021-01-11 18:29:00::資料行 'ApplyChannel' 不屬於資料表 Employee。

2021-01-11 18:29:01::資料行 'ApplyChannel' 不屬於資料表 Employee。

2021-01-11 18:29:04::資料行 'ApplyChannel' 不屬於資料表 Employee。

2021-01-11 18:29:05::資料行 'ApplyChannel' 不屬於資料表 Employee。

2021-01-11 18:29:06::資料行 'ApplyChannel' 不屬於資料表 Employee。

2021-01-11 18:29:06::資料行 'ApplyChannel' 不屬於資料表 Employee。

2021-01-11 18:29:06::資料行 'ApplyChannel' 不屬於資料表 Employee。

2021-01-11 18:29:06::資料行 'ApplyChannel' 不屬於資料表 Employee。

2021-01-11 18:29:06::資料行 'ApplyChannel' 不屬於資料表 Employee。

2021-01-11 18:29:06::資料行 'ApplyChannel' 不屬於資料表 Employee。

2021-01-11 18:29:07::資料行 'ApplyChannel' 不屬於資料表 Employee。

2021-01-11 18:29:07::資料行 'ApplyChannel' 不屬於資料表 Employee。

2021-01-11 18:29:07::資料行 'ApplyChannel' 不屬於資料表 Employee。

2021-01-11 18:29:09::資料行 'ApplyChannel' 不屬於資料表 Employee。

2021-01-11 18:29:10::資料行 'ApplyChannel' 不屬於資料表 Employee。

2021-01-11 18:29:10::資料行 'ApplyChannel' 不屬於資料表 Employee。

2021-01-11 18:29:16::資料行 'ApplyChannel' 不屬於資料表 Employee。

2021-01-11 18:29:17::資料行 'ApplyChannel' 不屬於資料表 Employee。

2021-01-11 18:29:18::資料行 'ApplyChannel' 不屬於資料表 Employee。

2021-01-11 18:29:18::資料行 'ApplyChannel' 不屬於資料表 Employee。

2021-01-11 18:29:18::資料行 'ApplyChannel' 不屬於資料表 Employee。

2021-01-11 18:29:23::資料行 'ApplyChannel' 不屬於資料表 Employee。

2021-01-11 18:29:24::資料行 'ApplyChannel' 不屬於資料表 Employee。

2021-01-11 18:29:33::資料行 'ApplyChannel' 不屬於資料表 Employee。

2021-01-11 18:29:35::資料行 'ApplyChannel' 不屬於資料表 Employee。

2021-01-11 18:29:36::資料行 'ApplyChannel' 不屬於資料表 Employee。

2021-01-11 18:29:57::資料行 'ApplyChannel' 不屬於資料表 Employee。

2021-01-11 18:29:58::資料行 'ApplyChannel' 不屬於資料表 Employee。

2021-01-11 18:29:59::資料行 'ApplyChannel' 不屬於資料表 Employee。

2021-01-11 18:29:59::資料行 'ApplyChannel' 不屬於資料表 Employee。

2021-01-11 18:30:00::資料行 'ApplyChannel' 不屬於資料表 Employee。

2021-01-11 18:30:00::資料行 'ApplyChannel' 不屬於資料表 Employee。

2021-01-11 18:30:01::資料行 'ApplyChannel' 不屬於資料表 Employee。

2021-01-11 18:30:02::資料行 'ApplyChannel' 不屬於資料表 Employee。

2021-01-11 18:30:03::資料行 'ApplyChannel' 不屬於資料表 Employee。

2021-01-11 18:30:04::資料行 'ApplyChannel' 不屬於資料表 Employee。

2021-01-11 18:30:04::資料行 'ApplyChannel' 不屬於資料表 Employee。

2021-01-11 18:30:04::資料行 'ApplyChannel' 不屬於資料表 Employee。

2021-01-11 18:30:06::資料行 'ApplyChannel' 不屬於資料表 Employee。

2021-01-11 18:30:07::資料行 'ApplyChannel' 不屬於資料表 Employee。

2021-01-11 18:30:09::資料行 'ApplyChannel' 不屬於資料表 Employee。

2021-01-11 18:30:10::資料行 'ApplyChannel' 不屬於資料表 Employee。

2021-01-11 18:30:10::資料行 'ApplyChannel' 不屬於資料表 Employee。

2021-01-11 18:30:10::資料行 'ApplyChannel' 不屬於資料表 Employee。

2021-01-11 18:30:11::資料行 'ApplyChannel' 不屬於資料表 Employee。

2021-01-11 18:30:11::資料行 'ApplyChannel' 不屬於資料表 Employee。

2021-01-11 18:30:11::資料行 'ApplyChannel' 不屬於資料表 Employee。

2021-01-11 18:30:12::資料行 'ApplyChannel' 不屬於資料表 Employee。

2021-01-11 18:30:17::資料行 'ApplyChannel' 不屬於資料表 Employee。

2021-01-11 18:30:18::資料行 'ApplyChannel' 不屬於資料表 Employee。

2021-01-11 18:30:18::資料行 'ApplyChannel' 不屬於資料表 Employee。

2021-01-11 18:30:19::資料行 'ApplyChannel' 不屬於資料表 Employee。

2021-01-11 18:31:03::資料行 'ApplyChannel' 不屬於資料表 Employee。

2021-01-11 18:31:04::資料行 'ApplyChannel' 不屬於資料表 Employee。

2021-01-11 18:31:05::資料行 'ApplyChannel' 不屬於資料表 Employee。

2021-01-11 18:31:06::資料行 'ApplyChannel' 不屬於資料表 Employee。

2021-01-11 18:31:06::資料行 'ApplyChannel' 不屬於資料表 Employee。

2021-01-11 18:31:06::資料行 'ApplyChannel' 不屬於資料表 Employee。

2021-01-11 18:31:07::資料行 'ApplyChannel' 不屬於資料表 Employee。

2021-01-11 18:31:07::資料行 'ApplyChannel' 不屬於資料表 Employee。

2021-01-11 18:31:07::資料行 'ApplyChannel' 不屬於資料表 Employee。

2021-01-11 18:31:11::資料行 'ApplyChannel' 不屬於資料表 Employee。

2021-01-11 18:31:11::資料行 'ApplyChannel' 不屬於資料表 Employee。

2021-01-11 18:31:12::資料行 'ApplyChannel' 不屬於資料表 Employee。

2021-01-11 18:31:12::資料行 'ApplyChannel' 不屬於資料表 Employee。

2021-01-11 18:31:12::資料行 'ApplyChannel' 不屬於資料表 Employee。

2021-01-11 18:31:15::資料行 'ApplyChannel' 不屬於資料表 Employee。

2021-01-11 18:31:16::資料行 'ApplyChannel' 不屬於資料表 Employee。

2021-01-11 18:31:16::資料行 'ApplyChannel' 不屬於資料表 Employee。

2021-01-11 18:31:17::資料行 'ApplyChannel' 不屬於資料表 Employee。

2021-01-11 18:31:21::資料行 'ApplyChannel' 不屬於資料表 Employee。

2021-01-11 18:31:52::資料行 'ApplyChannel' 不屬於資料表 Employee。

2021-01-11 18:31:53::資料行 'ApplyChannel' 不屬於資料表 Employee。

2021-01-11 18:31:53::資料行 'ApplyChannel' 不屬於資料表 Employee。

2021-01-11 18:31:54::資料行 'ApplyChannel' 不屬於資料表 Employee。

2021-01-11 18:31:54::資料行 'ApplyChannel' 不屬於資料表 Employee。

2021-01-11 18:31:54::資料行 'ApplyChannel' 不屬於資料表 Employee。

2021-01-11 18:31:55::資料行 'ApplyChannel' 不屬於資料表 Employee。

2021-01-11 18:31:55::資料行 'ApplyChannel' 不屬於資料表 Employee。

2021-01-11 18:31:55::資料行 'ApplyChannel' 不屬於資料表 Employee。

2021-01-11 18:31:55::資料行 'ApplyChannel' 不屬於資料表 Employee。

2021-01-11 18:31:56::資料行 'ApplyChannel' 不屬於資料表 Employee。

2021-01-11 19:27:00::資料行 'ApplyChannel' 不屬於資料表 Employee。

2021-01-11 19:27:01::資料行 'ApplyChannel' 不屬於資料表 Employee。

2021-01-11 19:27:01::資料行 'ApplyChannel' 不屬於資料表 Employee。

2021-01-11 19:27:01::資料行 'ApplyChannel' 不屬於資料表 Employee。

2021-01-11 19:27:01::資料行 'ApplyChannel' 不屬於資料表 Employee。

2021-01-11 19:27:01::資料行 'ApplyChannel' 不屬於資料表 Employee。

2021-01-11 19:27:01::資料行 'ApplyChannel' 不屬於資料表 Employee。

2021-01-11 19:27:02::資料行 'ApplyChannel' 不屬於資料表 Employee。

2021-01-11 19:27:02::資料行 'ApplyChannel' 不屬於資料表 Employee。

2021-01-11 19:27:04::資料行 'ApplyChannel' 不屬於資料表 Employee。

2021-01-11 19:27:04::資料行 'ApplyChannel' 不屬於資料表 Employee。

2021-01-11 19:27:04::資料行 'ApplyChannel' 不屬於資料表 Employee。

2021-01-11 19:27:05::資料行 'ApplyChannel' 不屬於資料表 Employee。

2021-01-11 19:27:05::資料行 'ApplyChannel' 不屬於資料表 Employee。

2021-01-11 19:27:05::資料行 'ApplyChannel' 不屬於資料表 Employee。

2021-01-11 19:27:05::資料行 'ApplyChannel' 不屬於資料表 Employee。

2021-01-11 19:27:05::資料行 'ApplyChannel' 不屬於資料表 Employee。

2021-01-11 19:28:19::資料行 'ApplyChannel' 不屬於資料表 Employee。

2021-01-11 19:28:22::資料行 'ApplyChannel' 不屬於資料表 Employee。

2021-01-11 19:28:24::資料行 'ApplyChannel' 不屬於資料表 Employee。

2021-01-11 19:28:25::資料行 'ApplyChannel' 不屬於資料表 Employee。

2021-01-11 19:28:25::資料行 'ApplyChannel' 不屬於資料表 Employee。

2021-01-11 19:28:26::資料行 'ApplyChannel' 不屬於資料表 Employee。

2021-01-11 19:28:26::資料行 'ApplyChannel' 不屬於資料表 Employee。

2021-01-11 19:28:26::資料行 'ApplyChannel' 不屬於資料表 Employee。

2021-01-11 19:28:26::資料行 'ApplyChannel' 不屬於資料表 Employee。

2021-01-11 19:28:27::資料行 'ApplyChannel' 不屬於資料表 Employee。

2021-01-11 19:28:31::資料行 'ApplyChannel' 不屬於資料表 Employee。

2021-01-11 19:28:31::資料行 'ApplyChannel' 不屬於資料表 Employee。

2021-01-11 19:28:31::資料行 'ApplyChannel' 不屬於資料表 Employee。

2021-01-11 19:28:37::資料行 'ApplyChannel' 不屬於資料表 Employee。

2021-01-11 19:28:37::資料行 'ApplyChannel' 不屬於資料表 Employee。

2021-01-11 19:28:37::資料行 'ApplyChannel' 不屬於資料表 Employee。

2021-01-11 19:28:38::資料行 'ApplyChannel' 不屬於資料表 Employee。

2021-01-11 19:28:38::資料行 'ApplyChannel' 不屬於資料表 Employee。

2021-01-11 19:28:40::資料行 'ApplyChannel' 不屬於資料表 Employee。

2021-01-11 19:28:41::資料行 'ApplyChannel' 不屬於資料表 Employee。

2021-01-11 19:52:29::資料行 'ApplyChannel' 不屬於資料表 Employee。

2021-01-11 19:52:31::資料行 'ApplyChannel' 不屬於資料表 Employee。

2021-01-11 19:54:07::資料行 'ApplyChannel' 不屬於資料表 Employee。

2021-01-11 19:54:08::資料行 'ApplyChannel' 不屬於資料表 Employee。

2021-01-11 19:54:11::資料行 'ApplyChannel' 不屬於資料表 Employee。

2021-01-11 19:54:13::資料行 'ApplyChannel' 不屬於資料表 Employee。

2021-01-11 19:54:13::資料行 'ApplyChannel' 不屬於資料表 Employee。

2021-01-11 19:54:14::資料行 'ApplyChannel' 不屬於資料表 Employee。

2021-01-11 19:54:14::資料行 'ApplyChannel' 不屬於資料表 Employee。

2021-01-11 19:54:17::資料行 'ApplyChannel' 不屬於資料表 Employee。

2021-01-11 19:54:18::資料行 'ApplyChannel' 不屬於資料表 Employee。

2021-01-11 19:54:18::資料行 'ApplyChannel' 不屬於資料表 Employee。

2021-01-11 19:54:18::資料行 'ApplyChannel' 不屬於資料表 Employee。

2021-01-11 19:54:19::資料行 'ApplyChannel' 不屬於資料表 Employee。

2021-01-11 19:54:19::資料行 'ApplyChannel' 不屬於資料表 Employee。

2021-01-11 19:54:19::資料行 'ApplyChannel' 不屬於資料表 Employee。

2021-01-11 19:54:19::資料行 'ApplyChannel' 不屬於資料表 Employee。

2021-01-11 19:54:19::資料行 'ApplyChannel' 不屬於資料表 Employee。

2021-01-11 19:54:25::資料行 'ApplyChannel' 不屬於資料表 Employee。

2021-01-11 19:54:25::資料行 'ApplyChannel' 不屬於資料表 Employee。

2021-01-11 19:54:25::資料行 'ApplyChannel' 不屬於資料表 Employee。

2021-01-11 19:54:26::資料行 'ApplyChannel' 不屬於資料表 Employee。

2021-01-11 19:54:26::資料行 'ApplyChannel' 不屬於資料表 Employee。

2021-01-11 19:54:26::資料行 'ApplyChannel' 不屬於資料表 Employee。

2021-01-11 19:54:26::資料行 'ApplyChannel' 不屬於資料表 Employee。

2021-01-11 19:54:26::資料行 'ApplyChannel' 不屬於資料表 Employee。

2021-01-11 19:54:26::資料行 'ApplyChannel' 不屬於資料表 Employee。

2021-01-11 19:54:27::資料行 'ApplyChannel' 不屬於資料表 Employee。

2021-01-11 19:54:41::資料行 'ApplyChannel' 不屬於資料表 Employee。

2021-01-11 19:54:43::資料行 'ApplyChannel' 不屬於資料表 Employee。

2021-01-11 19:54:45::資料行 'ApplyChannel' 不屬於資料表 Employee。

2021-01-11 19:54:46::資料行 'ApplyChannel' 不屬於資料表 Employee。

2021-01-11 19:54:46::資料行 'ApplyChannel' 不屬於資料表 Employee。

2021-01-11 19:54:46::資料行 'ApplyChannel' 不屬於資料表 Employee。

2021-01-11 19:54:46::資料行 'ApplyChannel' 不屬於資料表 Employee。

2021-01-11 19:54:47::資料行 'ApplyChannel' 不屬於資料表 Employee。

2021-01-11 19:54:47::資料行 'ApplyChannel' 不屬於資料表 Employee。

2021-01-11 19:54:47::資料行 'ApplyChannel' 不屬於資料表 Employee。

2021-01-11 19:54:47::資料行 'ApplyChannel' 不屬於資料表 Employee。

2021-01-11 19:54:47::資料行 'ApplyChannel' 不屬於資料表 Employee。

2021-01-11 19:54:47::資料行 'ApplyChannel' 不屬於資料表 Employee。

2021-01-11 19:54:47::資料行 'ApplyChannel' 不屬於資料表 Employee。

2021-01-11 19:54:48::資料行 'ApplyChannel' 不屬於資料表 Employee。

2021-01-11 19:54:48::資料行 'ApplyChannel' 不屬於資料表 Employee。

2021-01-11 19:54:48::資料行 'ApplyChannel' 不屬於資料表 Employee。

2021-01-11 19:54:48::資料行 'ApplyChannel' 不屬於資料表 Employee。

2021-01-11 19:54:48::資料行 'ApplyChannel' 不屬於資料表 Employee。

2021-01-11 19:54:48::資料行 'ApplyChannel' 不屬於資料表 Employee。

2021-01-11 19:54:49::資料行 'ApplyChannel' 不屬於資料表 Employee。

2021-01-11 19:54:51::資料行 'ApplyChannel' 不屬於資料表 Employee。

2021-01-11 19:54:52::資料行 'ApplyChannel' 不屬於資料表 Employee。

2021-01-11 19:54:52::資料行 'ApplyChannel' 不屬於資料表 Employee。

2021-01-11 19:54:52::資料行 'ApplyChannel' 不屬於資料表 Employee。

2021-01-11 19:54:52::資料行 'ApplyChannel' 不屬於資料表 Employee。

2021-01-11 19:56:55::資料行 'ApplyChannel' 不屬於資料表 Employee。

2021-01-11 19:57:48::資料行 'ApplyChannel' 不屬於資料表 Employee。

2021-01-11 19:57:50::資料行 'ApplyChannel' 不屬於資料表 Employee。

2021-01-11 19:57:51::資料行 'ApplyChannel' 不屬於資料表 Employee。

2021-01-11 19:57:52::資料行 'ApplyChannel' 不屬於資料表 Employee。

2021-01-11 19:57:52::資料行 'ApplyChannel' 不屬於資料表 Employee。

2021-01-11 19:57:53::資料行 'ApplyChannel' 不屬於資料表 Employee。

2021-01-11 19:57:53::資料行 'ApplyChannel' 不屬於資料表 Employee。

2021-01-11 19:57:53::資料行 'ApplyChannel' 不屬於資料表 Employee。

2021-01-11 19:57:54::資料行 'ApplyChannel' 不屬於資料表 Employee。

2021-01-11 19:57:54::資料行 'ApplyChannel' 不屬於資料表 Employee。

2021-01-11 19:57:54::資料行 'ApplyChannel' 不屬於資料表 Employee。

2021-01-11 19:57:54::資料行 'ApplyChannel' 不屬於資料表 Employee。

2021-01-11 19:57:54::資料行 'ApplyChannel' 不屬於資料表 Employee。

2021-01-11 19:57:55::資料行 'ApplyChannel' 不屬於資料表 Employee。

2021-01-11 19:57:55::資料行 'ApplyChannel' 不屬於資料表 Employee。

2021-01-11 19:57:55::資料行 'ApplyChannel' 不屬於資料表 Employee。

2021-01-11 19:57:55::資料行 'ApplyChannel' 不屬於資料表 Employee。

2021-01-11 19:57:55::資料行 'ApplyChannel' 不屬於資料表 Employee。

2021-01-11 19:57:55::資料行 'ApplyChannel' 不屬於資料表 Employee。

2021-01-11 19:58:00::資料行 'ApplyChannel' 不屬於資料表 Employee。

2021-01-11 19:58:01::資料行 'ApplyChannel' 不屬於資料表 Employee。

2021-01-11 19:58:12::資料行 'ApplyChannel' 不屬於資料表 Employee。

2021-01-11 19:58:12::資料行 'ApplyChannel' 不屬於資料表 Employee。

2021-01-11 19:58:12::資料行 'ApplyChannel' 不屬於資料表 Employee。

2021-01-11 20:26:36::資料行 'ApplyChannel' 不屬於資料表 Employee。

2021-01-11 20:26:38::資料行 'ApplyChannel' 不屬於資料表 Employee。

2021-01-11 20:26:43::資料行 'ApplyChannel' 不屬於資料表 Employee。

2021-01-11 20:26:44::資料行 'ApplyChannel' 不屬於資料表 Employee。

2021-01-11 20:27:03::資料行 'ApplyChannel' 不屬於資料表 Employee。

2021-01-11 20:27:05::資料行 'ApplyChannel' 不屬於資料表 Employee。

2021-01-11 20:27:06::資料行 'ApplyChannel' 不屬於資料表 Employee。

2021-01-11 20:27:06::資料行 'ApplyChannel' 不屬於資料表 Employee。

2021-01-11 20:27:06::資料行 'ApplyChannel' 不屬於資料表 Employee。

2021-01-11 20:28:15::資料行 'ApplyChannel' 不屬於資料表 Employee。

2021-01-11 20:28:17::資料行 'ApplyChannel' 不屬於資料表 Employee。

2021-01-11 20:28:23::資料行 'ApplyChannel' 不屬於資料表 Employee。

2021-01-11 20:28:23::資料行 'ApplyChannel' 不屬於資料表 Employee。

2021-01-11 20:28:24::資料行 'ApplyChannel' 不屬於資料表 Employee。

2021-01-11 20:28:24::資料行 'ApplyChannel' 不屬於資料表 Employee。

2021-01-11 20:28:24::並未將物件參考設定為物件的執行個體。

2021-01-11 20:28:24::已經開啟一個與這個 Command 相關的 DataReader，必須先將它關閉。

2021-01-11 20:28:24::已經開啟一個與這個 Command 相關的 DataReader，必須先將它關閉。

2021-01-11 20:28:24::並未將物件參考設定為物件的執行個體。

2021-01-11 20:28:24::並未將物件參考設定為物件的執行個體。

2021-01-11 20:28:29::資料行 'ApplyChannel' 不屬於資料表 Employee。

2021-01-11 20:28:30::資料行 'ApplyChannel' 不屬於資料表 Employee。

2021-01-11 20:28:31::資料行 'ApplyChannel' 不屬於資料表 Employee。

2021-01-11 20:29:20::資料行 'ApplyChannel' 不屬於資料表 Employee。

2021-01-11 20:29:23::資料行 'ApplyChannel' 不屬於資料表 Employee。

2021-01-11 20:29:32::資料行 'ApplyChannel' 不屬於資料表 Employee。

2021-01-11 20:29:43::資料行 'ApplyChannel' 不屬於資料表 Employee。

2021-01-11 20:29:44::資料行 'ApplyChannel' 不屬於資料表 Employee。

2021-01-11 20:29:44::資料行 'ApplyChannel' 不屬於資料表 Employee。

2021-01-11 20:29:44::資料行 'ApplyChannel' 不屬於資料表 Employee。

2021-01-11 20:29:44::資料行 'ApplyChannel' 不屬於資料表 Employee。

2021-01-11 20:29:45::資料行 'ApplyChannel' 不屬於資料表 Employee。

2021-01-11 20:29:45::資料行 'ApplyChannel' 不屬於資料表 Employee。

2021-01-11 20:29:45::資料行 'ApplyChannel' 不屬於資料表 Employee。

2021-01-11 20:30:04::資料行 'ApplyChannel' 不屬於資料表 Employee。

2021-01-11 20:30:08::資料行 'ApplyChannel' 不屬於資料表 Employee。

2021-01-11 20:30:09::資料行 'ApplyChannel' 不屬於資料表 Employee。

2021-01-11 20:30:10::資料行 'ApplyChannel' 不屬於資料表 Employee。

2021-01-11 20:30:11::資料行 'ApplyChannel' 不屬於資料表 Employee。

2021-01-11 20:30:11::資料行 'ApplyChannel' 不屬於資料表 Employee。

2021-01-11 20:30:11::資料行 'ApplyChannel' 不屬於資料表 Employee。

2021-01-11 20:30:16::資料行 'ApplyChannel' 不屬於資料表 Employee。

2021-01-11 20:30:21::資料行 'ApplyChannel' 不屬於資料表 Employee。

2021-01-11 20:30:26::資料行 'ApplyChannel' 不屬於資料表 Employee。

2021-01-11 20:30:31::資料行 'ApplyChannel' 不屬於資料表 Employee。

2021-01-11 20:30:32::資料行 'ApplyChannel' 不屬於資料表 Employee。

2021-01-11 20:30:33::資料行 'ApplyChannel' 不屬於資料表 Employee。

2021-01-11 20:30:33::資料行 'ApplyChannel' 不屬於資料表 Employee。

2021-01-11 20:30:36::資料行 'ApplyChannel' 不屬於資料表 Employee。

2021-01-11 20:30:39::資料行 'ApplyChannel' 不屬於資料表 Employee。

2021-01-11 20:30:40::資料行 'ApplyChannel' 不屬於資料表 Employee。

2021-01-11 20:30:41::資料行 'ApplyChannel' 不屬於資料表 Employee。

2021-01-11 20:30:42::資料行 'ApplyChannel' 不屬於資料表 Employee。

2021-01-11 20:32:28::資料行 'ApplyChannel' 不屬於資料表 Employee。

2021-01-11 20:32:45::資料行 'ApplyChannel' 不屬於資料表 Employee。

2021-01-11 20:32:47::資料行 'ApplyChannel' 不屬於資料表 Employee。

2021-01-11 20:32:47::資料行 'ApplyChannel' 不屬於資料表 Employee。

2021-01-11 20:32:47::資料行 'ApplyChannel' 不屬於資料表 Employee。

2021-01-11 20:32:55::資料行 'ApplyChannel' 不屬於資料表 Employee。

2021-01-11 20:32:57::資料行 'ApplyChannel' 不屬於資料表 Employee。

2021-01-11 20:32:58::資料行 'ApplyChannel' 不屬於資料表 Employee。

2021-01-11 20:32:58::資料行 'ApplyChannel' 不屬於資料表 Employee。

2021-01-11 20:32:58::資料行 'ApplyChannel' 不屬於資料表 Employee。

2021-01-11 20:32:58::資料行 'ApplyChannel' 不屬於資料表 Employee。

2021-01-11 20:32:59::資料行 'ApplyChannel' 不屬於資料表 Employee。

2021-01-11 20:32:59::資料行 'ApplyChannel' 不屬於資料表 Employee。

2021-01-11 20:32:59::資料行 'ApplyChannel' 不屬於資料表 Employee。

2021-01-11 20:32:59::資料行 'ApplyChannel' 不屬於資料表 Employee。

2021-01-11 20:32:59::資料行 'ApplyChannel' 不屬於資料表 Employee。

2021-01-11 20:33:00::資料行 'ApplyChannel' 不屬於資料表 Employee。

2021-01-11 20:33:00::資料行 'ApplyChannel' 不屬於資料表 Employee。

2021-01-11 20:33:00::資料行 'ApplyChannel' 不屬於資料表 Employee。

2021-01-11 20:33:03::資料行 'ApplyChannel' 不屬於資料表 Employee。

2021-01-11 20:33:04::資料行 'ApplyChannel' 不屬於資料表 Employee。

2021-01-11 20:33:04::資料行 'ApplyChannel' 不屬於資料表 Employee。

2021-01-11 20:33:04::並未將物件參考設定為物件的執行個體。

2021-01-11 20:33:04::已經開啟一個與這個 Command 相關的 DataReader，必須先將它關閉。

2021-01-11 20:33:04::並未將物件參考設定為物件的執行個體。

2021-01-11 20:33:05::資料行 'ApplyChannel' 不屬於資料表 Employee。

2021-01-11 20:33:09::資料行 'ApplyChannel' 不屬於資料表 Employee。

2021-01-11 20:33:21::資料行 'ApplyChannel' 不屬於資料表 Employee。

2021-01-11 20:33:23::資料行 'ApplyChannel' 不屬於資料表 Employee。

2021-01-11 20:33:23::資料行 'ApplyChannel' 不屬於資料表 Employee。

2021-01-11 20:33:23::資料行 'ApplyChannel' 不屬於資料表 Employee。

2021-01-11 20:33:23::資料行 'ApplyChannel' 不屬於資料表 Employee。

2021-01-11 20:33:24::資料行 'ApplyChannel' 不屬於資料表 Employee。

2021-01-11 20:33:24::資料行 'ApplyChannel' 不屬於資料表 Employee。

2021-01-11 20:33:24::資料行 'ApplyChannel' 不屬於資料表 Employee。

2021-01-11 20:33:27::資料行 'ApplyChannel' 不屬於資料表 Employee。

2021-01-11 20:33:32::資料行 'ApplyChannel' 不屬於資料表 Employee。

2021-01-11 20:33:32::資料行 'ApplyChannel' 不屬於資料表 Employee。

2021-01-11 20:33:33::資料行 'ApplyChannel' 不屬於資料表 Employee。

2021-01-11 20:33:33::資料行 'ApplyChannel' 不屬於資料表 Employee。

2021-01-11 20:33:33::資料行 'ApplyChannel' 不屬於資料表 Employee。

2021-01-11 20:34:37::資料行 'ApplyChannel' 不屬於資料表 Employee。

2021-01-11 20:34:38::資料行 'ApplyChannel' 不屬於資料表 Employee。

2021-01-11 20:34:40::資料行 'ApplyChannel' 不屬於資料表 Employee。

2021-01-11 20:34:40::資料行 'ApplyChannel' 不屬於資料表 Employee。

2021-01-11 20:34:40::資料行 'ApplyChannel' 不屬於資料表 Employee。

2021-01-11 20:34:40::資料行 'ApplyChannel' 不屬於資料表 Employee。

2021-01-11 20:34:41::資料行 'ApplyChannel' 不屬於資料表 Employee。

2021-01-11 20:34:41::資料行 'ApplyChannel' 不屬於資料表 Employee。

2021-01-11 20:34:41::資料行 'ApplyChannel' 不屬於資料表 Employee。

2021-01-11 20:34:41::資料行 'ApplyChannel' 不屬於資料表 Employee。

2021-01-11 20:34:42::資料行 'ApplyChannel' 不屬於資料表 Employee。

2021-01-11 20:34:44::資料行 'ApplyChannel' 不屬於資料表 Employee。

2021-01-11 20:34:44::資料行 'ApplyChannel' 不屬於資料表 Employee。

2021-01-11 20:34:44::資料行 'ApplyChannel' 不屬於資料表 Employee。

2021-01-11 20:34:45::資料行 'ApplyChannel' 不屬於資料表 Employee。

2021-01-11 20:34:45::資料行 'ApplyChannel' 不屬於資料表 Employee。

2021-01-11 20:34:45::資料行 'ApplyChannel' 不屬於資料表 Employee。

2021-01-11 20:34:45::資料行 'ApplyChannel' 不屬於資料表 Employee。

2021-01-11 20:34:45::資料行 'ApplyChannel' 不屬於資料表 Employee。

2021-01-11 20:34:57::資料行 'ApplyChannel' 不屬於資料表 Employee。

2021-01-11 20:34:58::資料行 'ApplyChannel' 不屬於資料表 Employee。

2021-01-11 20:34:58::資料行 'ApplyChannel' 不屬於資料表 Employee。

2021-01-11 20:35:00::資料行 'ApplyChannel' 不屬於資料表 Employee。

2021-01-11 20:35:00::資料行 'ApplyChannel' 不屬於資料表 Employee。

2021-01-11 20:35:01::資料行 'ApplyChannel' 不屬於資料表 Employee。

2021-01-11 20:35:01::資料行 'ApplyChannel' 不屬於資料表 Employee。

2021-01-11 20:35:01::資料行 'ApplyChannel' 不屬於資料表 Employee。

2021-01-11 20:35:01::資料行 'ApplyChannel' 不屬於資料表 Employee。

2021-01-11 20:35:01::資料行 'ApplyChannel' 不屬於資料表 Employee。

2021-01-11 20:35:02::資料行 'ApplyChannel' 不屬於資料表 Employee。

2021-01-11 20:35:02::資料行 'ApplyChannel' 不屬於資料表 Employee。

2021-01-11 20:35:02::資料行 'ApplyChannel' 不屬於資料表 Employee。

2021-01-11 20:35:02::資料行 'ApplyChannel' 不屬於資料表 Employee。

2021-01-11 20:35:03::資料行 'ApplyChannel' 不屬於資料表 Employee。

2021-01-11 20:35:03::資料行 'ApplyChannel' 不屬於資料表 Employee。

2021-01-11 20:35:03::資料行 'ApplyChannel' 不屬於資料表 Employee。

2021-01-11 20:35:03::資料行 'ApplyChannel' 不屬於資料表 Employee。

2021-01-11 20:35:04::資料行 'ApplyChannel' 不屬於資料表 Employee。

2021-01-11 20:35:04::資料行 'ApplyChannel' 不屬於資料表 Employee。

2021-01-11 20:35:04::資料行 'ApplyChannel' 不屬於資料表 Employee。

2021-01-11 20:35:04::資料行 'ApplyChannel' 不屬於資料表 Employee。

2021-01-11 20:35:04::資料行 'ApplyChannel' 不屬於資料表 Employee。

2021-01-11 20:35:05::資料行 'ApplyChannel' 不屬於資料表 Employee。

2021-01-11 20:35:05::資料行 'ApplyChannel' 不屬於資料表 Employee。

2021-01-11 20:35:05::資料行 'ApplyChannel' 不屬於資料表 Employee。

2021-01-11 20:36:13::資料行 'ApplyChannel' 不屬於資料表 Employee。

2021-01-11 20:36:15::資料行 'ApplyChannel' 不屬於資料表 Employee。

2021-01-11 20:36:15::資料行 'ApplyChannel' 不屬於資料表 Employee。

2021-01-11 20:36:15::資料行 'ApplyChannel' 不屬於資料表 Employee。

2021-01-11 20:36:16::資料行 'ApplyChannel' 不屬於資料表 Employee。

2021-01-11 20:36:16::資料行 'ApplyChannel' 不屬於資料表 Employee。

2021-01-11 20:36:17::資料行 'ApplyChannel' 不屬於資料表 Employee。

2021-01-11 20:36:17::資料行 'ApplyChannel' 不屬於資料表 Employee。

2021-01-11 20:36:17::資料行 'ApplyChannel' 不屬於資料表 Employee。

2021-01-11 20:36:17::資料行 'ApplyChannel' 不屬於資料表 Employee。

2021-01-11 20:36:40::資料行 'ApplyChannel' 不屬於資料表 Employee。

2021-01-11 20:36:41::資料行 'ApplyChannel' 不屬於資料表 Employee。

