2021-10-18 13:38:45::並未將物件參考設定為物件的執行個體。

2021-10-18 13:38:45::已經開啟一個與這個 Command 相關的 DataReader，必須先將它關閉。

2021-10-18 13:38:45::並未將物件參考設定為物件的執行個體。

2021-10-18 17:52:45::ExecuteReader 必須有開啟與可用的 Connection。連接目前的狀態為連接中。

2021-10-18 17:52:45::ExecuteReader 必須有開啟與可用的 Connection。連接目前的狀態為連接中。

2021-10-18 17:52:45::ExecuteReader 必須有開啟與可用的 Connection。連接目前的狀態為連接中。

2021-10-18 17:52:45::ExecuteReader 必須有開啟與可用的 Connection。連接目前的狀態為連接中。

2021-10-18 17:52:45::ExecuteReader 必須有開啟與可用的 Connection。連接目前的狀態為連接中。

2021-10-18 17:52:45::並未將物件參考設定為物件的執行個體。

2021-10-18 17:52:45::並未將物件參考設定為物件的執行個體。

2021-10-18 17:52:45::並未將物件參考設定為物件的執行個體。

2021-10-18 17:52:45::並未將物件參考設定為物件的執行個體。

2021-10-18 17:52:45::並未將物件參考設定為物件的執行個體。

2021-10-18 17:52:46::並未將物件參考設定為物件的執行個體。

2021-10-18 17:52:46::ExecuteReader 必須有開啟與可用的 Connection。連接目前的狀態為連接中。

2021-10-18 17:52:46::並未將物件參考設定為物件的執行個體。

2021-10-18 17:52:46::作業無效。已經關閉連接。

2021-10-18 17:52:46::並未將物件參考設定為物件的執行個體。

2021-10-18 17:52:46::ExecuteReader 必須有開啟與可用的 Connection。連接目前的狀態為開啟。

2021-10-18 17:52:46::並未將物件參考設定為物件的執行個體。

2021-10-18 17:52:46::ExecuteReader 必須有開啟與可用的 Connection。連接目前的狀態為開啟。

2021-10-18 17:52:46::並未將物件參考設定為物件的執行個體。

2021-10-18 17:52:46::ExecuteReader 必須有開啟與可用的 Connection。連接目前的狀態為開啟。

2021-10-18 17:52:46::並未將物件參考設定為物件的執行個體。

2021-10-18 17:52:46::ExecuteReader 必須有開啟與可用的 Connection。連接目前的狀態為開啟。

2021-10-18 17:52:46::並未將物件參考設定為物件的執行個體。

2021-10-18 17:52:46::ExecuteReader 必須有開啟與可用的 Connection。連接目前的狀態為開啟。

2021-10-18 17:52:46::並未將物件參考設定為物件的執行個體。

2021-10-18 17:53:16::並未將物件參考設定為物件的執行個體。

2021-10-18 19:06:19::資料來源的型別 String 指定值無法轉換成指定目標資料行的型別 nvarchar。

2021-10-18 19:06:19::資料來源的型別 String 指定值無法轉換成指定目標資料行的型別 nvarchar。

2021-10-18 19:06:21::資料來源的型別 String 指定值無法轉換成指定目標資料行的型別 nvarchar。

2021-10-18 19:06:21::資料來源的型別 String 指定值無法轉換成指定目標資料行的型別 nvarchar。

2021-10-18 19:06:23::資料來源的型別 String 指定值無法轉換成指定目標資料行的型別 nvarchar。

2021-10-18 19:06:23::資料來源的型別 String 指定值無法轉換成指定目標資料行的型別 nvarchar。

2021-10-18 19:06:23::資料來源的型別 String 指定值無法轉換成指定目標資料行的型別 nvarchar。

2021-10-18 19:06:23::資料來源的型別 String 指定值無法轉換成指定目標資料行的型別 nvarchar。

2021-10-18 19:06:24::資料來源的型別 String 指定值無法轉換成指定目標資料行的型別 nvarchar。

2021-10-18 19:06:24::資料來源的型別 String 指定值無法轉換成指定目標資料行的型別 nvarchar。

2021-10-18 19:06:24::資料來源的型別 String 指定值無法轉換成指定目標資料行的型別 nvarchar。

2021-10-18 19:06:24::資料來源的型別 String 指定值無法轉換成指定目標資料行的型別 nvarchar。

2021-10-18 19:06:24::資料來源的型別 String 指定值無法轉換成指定目標資料行的型別 nvarchar。

2021-10-18 19:06:24::資料來源的型別 String 指定值無法轉換成指定目標資料行的型別 nvarchar。

2021-10-18 19:06:24::資料來源的型別 String 指定值無法轉換成指定目標資料行的型別 nvarchar。

2021-10-18 19:06:24::資料來源的型別 String 指定值無法轉換成指定目標資料行的型別 nvarchar。

2021-10-18 19:06:25::資料來源的型別 String 指定值無法轉換成指定目標資料行的型別 nvarchar。

2021-10-18 19:06:25::資料來源的型別 String 指定值無法轉換成指定目標資料行的型別 nvarchar。

2021-10-18 19:06:25::資料來源的型別 String 指定值無法轉換成指定目標資料行的型別 nvarchar。

2021-10-18 19:06:25::資料來源的型別 String 指定值無法轉換成指定目標資料行的型別 nvarchar。

2021-10-18 19:06:25::資料來源的型別 String 指定值無法轉換成指定目標資料行的型別 nvarchar。

2021-10-18 19:06:25::資料來源的型別 String 指定值無法轉換成指定目標資料行的型別 nvarchar。

2021-10-18 19:06:25::資料來源的型別 String 指定值無法轉換成指定目標資料行的型別 nvarchar。

2021-10-18 19:06:25::資料來源的型別 String 指定值無法轉換成指定目標資料行的型別 nvarchar。

2021-10-18 19:06:26::資料來源的型別 String 指定值無法轉換成指定目標資料行的型別 nvarchar。

2021-10-18 19:06:26::資料來源的型別 String 指定值無法轉換成指定目標資料行的型別 nvarchar。

2021-10-18 19:06:26::資料來源的型別 String 指定值無法轉換成指定目標資料行的型別 nvarchar。

2021-10-18 19:06:26::資料來源的型別 String 指定值無法轉換成指定目標資料行的型別 nvarchar。

2021-10-18 19:06:26::資料來源的型別 String 指定值無法轉換成指定目標資料行的型別 nvarchar。

2021-10-18 19:06:26::資料來源的型別 String 指定值無法轉換成指定目標資料行的型別 nvarchar。

2021-10-18 19:06:26::資料來源的型別 String 指定值無法轉換成指定目標資料行的型別 nvarchar。

2021-10-18 19:06:26::資料來源的型別 String 指定值無法轉換成指定目標資料行的型別 nvarchar。

2021-10-18 19:06:40::資料來源的型別 String 指定值無法轉換成指定目標資料行的型別 nvarchar。

2021-10-18 19:06:40::資料來源的型別 String 指定值無法轉換成指定目標資料行的型別 nvarchar。

2021-10-18 19:06:40::資料來源的型別 String 指定值無法轉換成指定目標資料行的型別 nvarchar。

2021-10-18 19:06:40::資料來源的型別 String 指定值無法轉換成指定目標資料行的型別 nvarchar。

2021-10-18 19:06:40::資料來源的型別 String 指定值無法轉換成指定目標資料行的型別 nvarchar。

2021-10-18 19:06:40::資料來源的型別 String 指定值無法轉換成指定目標資料行的型別 nvarchar。

2021-10-18 19:06:40::資料來源的型別 String 指定值無法轉換成指定目標資料行的型別 nvarchar。

2021-10-18 19:06:40::資料來源的型別 String 指定值無法轉換成指定目標資料行的型別 nvarchar。

2021-10-18 19:06:40::資料來源的型別 String 指定值無法轉換成指定目標資料行的型別 nvarchar。

2021-10-18 19:06:40::資料來源的型別 String 指定值無法轉換成指定目標資料行的型別 nvarchar。

2021-10-18 19:06:40::資料來源的型別 String 指定值無法轉換成指定目標資料行的型別 nvarchar。

2021-10-18 19:06:40::資料來源的型別 String 指定值無法轉換成指定目標資料行的型別 nvarchar。

2021-10-18 19:07:10::資料來源的型別 String 指定值無法轉換成指定目標資料行的型別 nvarchar。

2021-10-18 19:07:10::資料來源的型別 String 指定值無法轉換成指定目標資料行的型別 nvarchar。

2021-10-18 19:07:10::資料來源的型別 String 指定值無法轉換成指定目標資料行的型別 nvarchar。

2021-10-18 19:07:10::資料來源的型別 String 指定值無法轉換成指定目標資料行的型別 nvarchar。

2021-10-18 19:07:10::資料來源的型別 String 指定值無法轉換成指定目標資料行的型別 nvarchar。

2021-10-18 19:07:10::資料來源的型別 String 指定值無法轉換成指定目標資料行的型別 nvarchar。

2021-10-18 19:07:11::資料來源的型別 String 指定值無法轉換成指定目標資料行的型別 nvarchar。

2021-10-18 19:07:11::資料來源的型別 String 指定值無法轉換成指定目標資料行的型別 nvarchar。

2021-10-18 19:07:24::資料來源的型別 String 指定值無法轉換成指定目標資料行的型別 nvarchar。

2021-10-18 19:07:24::資料來源的型別 String 指定值無法轉換成指定目標資料行的型別 nvarchar。

2021-10-18 19:07:26::資料來源的型別 String 指定值無法轉換成指定目標資料行的型別 nvarchar。

2021-10-18 19:07:26::資料來源的型別 String 指定值無法轉換成指定目標資料行的型別 nvarchar。

2021-10-18 19:07:26::資料來源的型別 String 指定值無法轉換成指定目標資料行的型別 nvarchar。

2021-10-18 19:07:26::資料來源的型別 String 指定值無法轉換成指定目標資料行的型別 nvarchar。

2021-10-18 19:09:34::資料來源的型別 String 指定值無法轉換成指定目標資料行的型別 nvarchar。

2021-10-18 19:09:34::資料來源的型別 String 指定值無法轉換成指定目標資料行的型別 nvarchar。

2021-10-18 19:09:36::資料來源的型別 String 指定值無法轉換成指定目標資料行的型別 nvarchar。

2021-10-18 19:09:36::資料來源的型別 String 指定值無法轉換成指定目標資料行的型別 nvarchar。

2021-10-18 19:09:37::資料來源的型別 String 指定值無法轉換成指定目標資料行的型別 nvarchar。

2021-10-18 19:09:37::資料來源的型別 String 指定值無法轉換成指定目標資料行的型別 nvarchar。

2021-10-18 19:09:37::資料來源的型別 String 指定值無法轉換成指定目標資料行的型別 nvarchar。

2021-10-18 19:09:37::資料來源的型別 String 指定值無法轉換成指定目標資料行的型別 nvarchar。

2021-10-18 19:09:37::資料來源的型別 String 指定值無法轉換成指定目標資料行的型別 nvarchar。

2021-10-18 19:09:37::資料來源的型別 String 指定值無法轉換成指定目標資料行的型別 nvarchar。

2021-10-18 19:09:38::資料來源的型別 String 指定值無法轉換成指定目標資料行的型別 nvarchar。

2021-10-18 19:09:38::資料來源的型別 String 指定值無法轉換成指定目標資料行的型別 nvarchar。

2021-10-18 19:09:38::資料來源的型別 String 指定值無法轉換成指定目標資料行的型別 nvarchar。

2021-10-18 19:09:38::資料來源的型別 String 指定值無法轉換成指定目標資料行的型別 nvarchar。

2021-10-18 19:09:38::資料來源的型別 String 指定值無法轉換成指定目標資料行的型別 nvarchar。

2021-10-18 19:09:38::資料來源的型別 String 指定值無法轉換成指定目標資料行的型別 nvarchar。

2021-10-18 19:09:38::資料來源的型別 String 指定值無法轉換成指定目標資料行的型別 nvarchar。

2021-10-18 19:09:38::資料來源的型別 String 指定值無法轉換成指定目標資料行的型別 nvarchar。

2021-10-18 19:09:39::資料來源的型別 String 指定值無法轉換成指定目標資料行的型別 nvarchar。

2021-10-18 19:09:39::資料來源的型別 String 指定值無法轉換成指定目標資料行的型別 nvarchar。

2021-10-18 19:09:39::資料來源的型別 String 指定值無法轉換成指定目標資料行的型別 nvarchar。

2021-10-18 19:09:39::資料來源的型別 String 指定值無法轉換成指定目標資料行的型別 nvarchar。

2021-10-18 19:09:39::資料來源的型別 String 指定值無法轉換成指定目標資料行的型別 nvarchar。

2021-10-18 19:09:39::資料來源的型別 String 指定值無法轉換成指定目標資料行的型別 nvarchar。

2021-10-18 19:09:39::資料來源的型別 String 指定值無法轉換成指定目標資料行的型別 nvarchar。

2021-10-18 19:09:39::資料來源的型別 String 指定值無法轉換成指定目標資料行的型別 nvarchar。

2021-10-18 19:09:39::資料來源的型別 String 指定值無法轉換成指定目標資料行的型別 nvarchar。

2021-10-18 19:09:40::資料來源的型別 String 指定值無法轉換成指定目標資料行的型別 nvarchar。

2021-10-18 19:09:40::資料來源的型別 String 指定值無法轉換成指定目標資料行的型別 nvarchar。

2021-10-18 19:09:40::資料來源的型別 String 指定值無法轉換成指定目標資料行的型別 nvarchar。

2021-10-18 19:09:40::資料來源的型別 String 指定值無法轉換成指定目標資料行的型別 nvarchar。

2021-10-18 19:09:40::資料來源的型別 String 指定值無法轉換成指定目標資料行的型別 nvarchar。

2021-10-18 19:09:40::資料來源的型別 String 指定值無法轉換成指定目標資料行的型別 nvarchar。

2021-10-18 19:09:40::資料來源的型別 String 指定值無法轉換成指定目標資料行的型別 nvarchar。

2021-10-18 19:09:40::資料來源的型別 String 指定值無法轉換成指定目標資料行的型別 nvarchar。

2021-10-18 19:09:40::資料來源的型別 String 指定值無法轉換成指定目標資料行的型別 nvarchar。

2021-10-18 19:09:41::資料來源的型別 String 指定值無法轉換成指定目標資料行的型別 nvarchar。

2021-10-18 19:09:41::資料來源的型別 String 指定值無法轉換成指定目標資料行的型別 nvarchar。

2021-10-18 19:09:41::資料來源的型別 String 指定值無法轉換成指定目標資料行的型別 nvarchar。

2021-10-18 19:09:41::資料來源的型別 String 指定值無法轉換成指定目標資料行的型別 nvarchar。

2021-10-18 19:09:42::資料來源的型別 String 指定值無法轉換成指定目標資料行的型別 nvarchar。

2021-10-18 19:09:42::資料來源的型別 String 指定值無法轉換成指定目標資料行的型別 nvarchar。

2021-10-18 19:09:42::資料來源的型別 String 指定值無法轉換成指定目標資料行的型別 nvarchar。

2021-10-18 19:09:42::資料來源的型別 String 指定值無法轉換成指定目標資料行的型別 nvarchar。

2021-10-18 19:09:43::資料來源的型別 String 指定值無法轉換成指定目標資料行的型別 nvarchar。

2021-10-18 19:09:43::資料來源的型別 String 指定值無法轉換成指定目標資料行的型別 nvarchar。

2021-10-18 19:09:43::資料來源的型別 String 指定值無法轉換成指定目標資料行的型別 nvarchar。

2021-10-18 19:09:43::資料來源的型別 String 指定值無法轉換成指定目標資料行的型別 nvarchar。

2021-10-18 19:09:43::資料來源的型別 String 指定值無法轉換成指定目標資料行的型別 nvarchar。

2021-10-18 19:09:43::資料來源的型別 String 指定值無法轉換成指定目標資料行的型別 nvarchar。

2021-10-18 19:09:43::資料來源的型別 String 指定值無法轉換成指定目標資料行的型別 nvarchar。

2021-10-18 19:09:43::資料來源的型別 String 指定值無法轉換成指定目標資料行的型別 nvarchar。

2021-10-18 19:09:44::資料來源的型別 String 指定值無法轉換成指定目標資料行的型別 nvarchar。

2021-10-18 19:09:44::資料來源的型別 String 指定值無法轉換成指定目標資料行的型別 nvarchar。

2021-10-18 19:09:44::資料來源的型別 String 指定值無法轉換成指定目標資料行的型別 nvarchar。

2021-10-18 19:09:44::資料來源的型別 String 指定值無法轉換成指定目標資料行的型別 nvarchar。

2021-10-18 19:09:47::資料來源的型別 String 指定值無法轉換成指定目標資料行的型別 nvarchar。

2021-10-18 19:09:47::資料來源的型別 String 指定值無法轉換成指定目標資料行的型別 nvarchar。

2021-10-18 19:09:47::資料來源的型別 String 指定值無法轉換成指定目標資料行的型別 nvarchar。

2021-10-18 19:09:47::資料來源的型別 String 指定值無法轉換成指定目標資料行的型別 nvarchar。

2021-10-18 19:09:47::資料來源的型別 String 指定值無法轉換成指定目標資料行的型別 nvarchar。

2021-10-18 19:09:47::資料來源的型別 String 指定值無法轉換成指定目標資料行的型別 nvarchar。

2021-10-18 19:09:48::資料來源的型別 String 指定值無法轉換成指定目標資料行的型別 nvarchar。

2021-10-18 19:09:48::資料來源的型別 String 指定值無法轉換成指定目標資料行的型別 nvarchar。

2021-10-18 19:09:48::資料來源的型別 String 指定值無法轉換成指定目標資料行的型別 nvarchar。

2021-10-18 19:09:48::資料來源的型別 String 指定值無法轉換成指定目標資料行的型別 nvarchar。

2021-10-18 19:09:48::資料來源的型別 String 指定值無法轉換成指定目標資料行的型別 nvarchar。

2021-10-18 19:09:48::資料來源的型別 String 指定值無法轉換成指定目標資料行的型別 nvarchar。

2021-10-18 19:09:48::資料來源的型別 String 指定值無法轉換成指定目標資料行的型別 nvarchar。

2021-10-18 19:09:48::資料來源的型別 String 指定值無法轉換成指定目標資料行的型別 nvarchar。

2021-10-18 19:09:52::資料來源的型別 String 指定值無法轉換成指定目標資料行的型別 nvarchar。

2021-10-18 19:09:52::資料來源的型別 String 指定值無法轉換成指定目標資料行的型別 nvarchar。

2021-10-18 19:09:53::資料來源的型別 String 指定值無法轉換成指定目標資料行的型別 nvarchar。

2021-10-18 19:09:53::資料來源的型別 String 指定值無法轉換成指定目標資料行的型別 nvarchar。

2021-10-18 19:09:53::資料來源的型別 String 指定值無法轉換成指定目標資料行的型別 nvarchar。

2021-10-18 19:09:53::資料來源的型別 String 指定值無法轉換成指定目標資料行的型別 nvarchar。

2021-10-18 19:09:54::資料來源的型別 String 指定值無法轉換成指定目標資料行的型別 nvarchar。

2021-10-18 19:09:54::資料來源的型別 String 指定值無法轉換成指定目標資料行的型別 nvarchar。

2021-10-18 19:09:54::資料來源的型別 String 指定值無法轉換成指定目標資料行的型別 nvarchar。

2021-10-18 19:09:54::資料來源的型別 String 指定值無法轉換成指定目標資料行的型別 nvarchar。

2021-10-18 19:09:55::資料來源的型別 String 指定值無法轉換成指定目標資料行的型別 nvarchar。

2021-10-18 19:09:55::資料來源的型別 String 指定值無法轉換成指定目標資料行的型別 nvarchar。

2021-10-18 19:09:55::資料來源的型別 String 指定值無法轉換成指定目標資料行的型別 nvarchar。

2021-10-18 19:09:55::資料來源的型別 String 指定值無法轉換成指定目標資料行的型別 nvarchar。

2021-10-18 19:09:55::資料來源的型別 String 指定值無法轉換成指定目標資料行的型別 nvarchar。

2021-10-18 19:09:55::資料來源的型別 String 指定值無法轉換成指定目標資料行的型別 nvarchar。

