2021-07-23 14:26:07::資料行 'Relationship' 不屬於資料表 Families。

2021-07-23 14:26:08::資料行 'Relationship' 不屬於資料表 Families。

2021-07-23 14:26:10::資料行 'Relationship' 不屬於資料表 Families。

2021-07-23 14:26:10::資料行 'Relationship' 不屬於資料表 Families。

2021-07-23 14:26:10::資料行 'Relationship' 不屬於資料表 Families。

2021-07-23 14:26:10::資料行 'Relationship' 不屬於資料表 Families。

2021-07-23 14:26:10::資料行 'Relationship' 不屬於資料表 Families。

2021-07-23 14:26:11::資料行 'Relationship' 不屬於資料表 Families。

2021-07-23 14:26:11::資料行 'Relationship' 不屬於資料表 Families。

2021-07-23 14:26:13::資料行 'Relationship' 不屬於資料表 Families。

2021-07-23 14:26:37::資料行 'Relationship' 不屬於資料表 Families。

2021-07-23 14:26:37::資料行 'Relationship' 不屬於資料表 Families。

2021-07-23 14:26:37::資料行 'Relationship' 不屬於資料表 Families。

2021-07-23 14:26:37::資料行 'Relationship' 不屬於資料表 Families。

2021-07-23 14:26:37::資料行 'Relationship' 不屬於資料表 Families。

2021-07-23 14:26:37::資料行 'Relationship' 不屬於資料表 Families。

2021-07-23 14:26:51::資料行 'Relationship' 不屬於資料表 Families。

2021-07-23 14:26:52::資料行 'Relationship' 不屬於資料表 Families。

2021-07-23 14:26:52::資料行 'Relationship' 不屬於資料表 Families。

2021-07-23 14:26:52::資料行 'Relationship' 不屬於資料表 Families。

2021-07-23 14:27:07::資料行 'Relationship' 不屬於資料表 Families。

2021-07-23 14:27:10::資料行 'Relationship' 不屬於資料表 Families。

2021-07-23 14:27:10::資料行 'Relationship' 不屬於資料表 Families。

2021-07-23 14:27:10::資料行 'Relationship' 不屬於資料表 Families。

2021-07-23 14:27:10::資料行 'Relationship' 不屬於資料表 Families。

2021-07-23 14:27:11::資料行 'Relationship' 不屬於資料表 Families。

2021-07-23 14:27:11::資料行 'Relationship' 不屬於資料表 Families。

2021-07-23 14:27:11::資料行 'Relationship' 不屬於資料表 Families。

2021-07-23 14:27:11::資料行 'Relationship' 不屬於資料表 Families。

2021-07-23 14:27:11::資料行 'Relationship' 不屬於資料表 Families。

2021-07-23 14:27:11::資料行 'Relationship' 不屬於資料表 Families。

2021-07-23 14:27:12::資料行 'Relationship' 不屬於資料表 Families。

2021-07-23 14:27:12::資料行 'Relationship' 不屬於資料表 Families。

2021-07-23 14:27:12::資料行 'Relationship' 不屬於資料表 Families。

2021-07-23 14:27:12::資料行 'Relationship' 不屬於資料表 Families。

2021-07-23 14:27:12::資料行 'Relationship' 不屬於資料表 Families。

2021-07-23 14:27:12::資料行 'Relationship' 不屬於資料表 Families。

2021-07-23 14:27:12::資料行 'Relationship' 不屬於資料表 Families。

2021-07-23 14:27:13::資料行 'Relationship' 不屬於資料表 Families。

2021-07-23 14:27:13::資料行 'Relationship' 不屬於資料表 Families。

2021-07-23 14:27:13::資料行 'Relationship' 不屬於資料表 Families。

2021-07-23 14:27:13::資料行 'Relationship' 不屬於資料表 Families。

2021-07-23 14:27:13::資料行 'Relationship' 不屬於資料表 Families。

2021-07-23 14:27:13::資料行 'Relationship' 不屬於資料表 Families。

2021-07-23 14:27:14::資料行 'Relationship' 不屬於資料表 Families。

2021-07-23 14:27:14::資料行 'Relationship' 不屬於資料表 Families。

2021-07-23 14:27:14::資料行 'Relationship' 不屬於資料表 Families。

2021-07-23 14:27:14::資料行 'Relationship' 不屬於資料表 Families。

2021-07-23 14:27:14::資料行 'Relationship' 不屬於資料表 Families。

2021-07-23 14:27:14::資料行 'Relationship' 不屬於資料表 Families。

2021-07-23 14:27:15::資料行 'Relationship' 不屬於資料表 Families。

2021-07-23 14:27:15::資料行 'Relationship' 不屬於資料表 Families。

2021-07-23 14:27:15::資料行 'Relationship' 不屬於資料表 Families。

2021-07-23 14:27:15::資料行 'Relationship' 不屬於資料表 Families。

2021-07-23 14:27:39::資料行 'Relationship' 不屬於資料表 Families。

2021-07-23 14:27:40::資料行 'Relationship' 不屬於資料表 Families。

2021-07-23 14:27:40::資料行 'Relationship' 不屬於資料表 Families。

2021-07-23 14:27:40::資料行 'Relationship' 不屬於資料表 Families。

2021-07-23 14:27:41::資料行 'Relationship' 不屬於資料表 Families。

2021-07-23 14:27:41::資料行 'Relationship' 不屬於資料表 Families。

2021-07-23 14:27:41::資料行 'Relationship' 不屬於資料表 Families。

2021-07-23 14:27:41::資料行 'Relationship' 不屬於資料表 Families。

2021-07-23 14:27:41::資料行 'Relationship' 不屬於資料表 Families。

2021-07-23 14:27:41::資料行 'Relationship' 不屬於資料表 Families。

2021-07-23 14:27:41::資料行 'Relationship' 不屬於資料表 Families。

2021-07-23 14:27:41::資料行 'Relationship' 不屬於資料表 Families。

2021-07-23 14:27:42::資料行 'Relationship' 不屬於資料表 Families。

2021-07-23 14:27:42::資料行 'Relationship' 不屬於資料表 Families。

2021-07-23 14:27:42::資料行 'Relationship' 不屬於資料表 Families。

2021-07-23 14:27:42::資料行 'Relationship' 不屬於資料表 Families。

2021-07-23 14:27:42::並未將物件參考設定為物件的執行個體。

2021-07-23 14:27:42::已經開啟一個與這個 Command 相關的 DataReader，必須先將它關閉。

2021-07-23 14:27:42::並未將物件參考設定為物件的執行個體。

2021-07-23 14:27:43::資料行 'Relationship' 不屬於資料表 Families。

2021-07-23 14:27:43::資料行 'Relationship' 不屬於資料表 Families。

2021-07-23 14:27:43::資料行 'Relationship' 不屬於資料表 Families。

2021-07-23 14:27:43::資料行 'Relationship' 不屬於資料表 Families。

2021-07-23 14:27:43::資料行 'Relationship' 不屬於資料表 Families。

2021-07-23 14:27:43::資料行 'Relationship' 不屬於資料表 Families。

2021-07-23 14:27:43::資料行 'Relationship' 不屬於資料表 Families。

2021-07-23 14:27:44::資料行 'Relationship' 不屬於資料表 Families。

2021-07-23 14:27:44::資料行 'Relationship' 不屬於資料表 Families。

2021-07-23 14:27:44::資料行 'Relationship' 不屬於資料表 Families。

2021-07-23 14:27:44::資料行 'Relationship' 不屬於資料表 Families。

2021-07-23 14:27:44::資料行 'Relationship' 不屬於資料表 Families。

2021-07-23 14:27:44::資料行 'Relationship' 不屬於資料表 Families。

2021-07-23 14:27:44::資料行 'Relationship' 不屬於資料表 Families。

2021-07-23 14:27:45::資料行 'Relationship' 不屬於資料表 Families。

2021-07-23 14:27:45::資料行 'Relationship' 不屬於資料表 Families。

2021-07-23 14:27:45::資料行 'Relationship' 不屬於資料表 Families。

2021-07-23 14:27:45::資料行 'Relationship' 不屬於資料表 Families。

2021-07-23 14:27:46::資料行 'Relationship' 不屬於資料表 Families。

2021-07-23 14:27:46::資料行 'Relationship' 不屬於資料表 Families。

2021-07-23 14:27:47::資料行 'Relationship' 不屬於資料表 Families。

2021-07-23 14:27:47::資料行 'Relationship' 不屬於資料表 Families。

2021-07-23 14:27:47::資料行 'Relationship' 不屬於資料表 Families。

2021-07-23 14:27:47::資料行 'Relationship' 不屬於資料表 Families。

2021-07-23 14:27:47::資料行 'Relationship' 不屬於資料表 Families。

2021-07-23 14:27:47::資料行 'Relationship' 不屬於資料表 Families。

2021-07-23 14:27:48::資料行 'Relationship' 不屬於資料表 Families。

2021-07-23 14:27:48::資料行 'Relationship' 不屬於資料表 Families。

2021-07-23 14:27:48::資料行 'Relationship' 不屬於資料表 Families。

2021-07-23 14:27:48::資料行 'Relationship' 不屬於資料表 Families。

2021-07-23 14:27:48::資料行 'Relationship' 不屬於資料表 Families。

2021-07-23 14:27:48::資料行 'Relationship' 不屬於資料表 Families。

2021-07-23 14:27:48::資料行 'Relationship' 不屬於資料表 Families。

2021-07-23 14:27:49::資料行 'Relationship' 不屬於資料表 Families。

2021-07-23 14:27:49::資料行 'Relationship' 不屬於資料表 Families。

2021-07-23 14:27:49::資料行 'Relationship' 不屬於資料表 Families。

2021-07-23 14:27:49::資料行 'Relationship' 不屬於資料表 Families。

2021-07-23 14:27:49::資料行 'Relationship' 不屬於資料表 Families。

2021-07-23 14:27:49::資料行 'Relationship' 不屬於資料表 Families。

2021-07-23 14:27:50::資料行 'Relationship' 不屬於資料表 Families。

2021-07-23 14:27:50::資料行 'Relationship' 不屬於資料表 Families。

2021-07-23 14:27:50::資料行 'Relationship' 不屬於資料表 Families。

2021-07-23 14:27:50::資料行 'Relationship' 不屬於資料表 Families。

2021-07-23 14:27:50::資料行 'Relationship' 不屬於資料表 Families。

2021-07-23 14:27:50::資料行 'Relationship' 不屬於資料表 Families。

2021-07-23 14:27:50::資料行 'Relationship' 不屬於資料表 Families。

2021-07-23 14:27:51::資料行 'Relationship' 不屬於資料表 Families。

2021-07-23 14:27:51::資料行 'Relationship' 不屬於資料表 Families。

2021-07-23 14:27:51::資料行 'Relationship' 不屬於資料表 Families。

2021-07-23 14:27:51::資料行 'Relationship' 不屬於資料表 Families。

2021-07-23 14:27:51::資料行 'Relationship' 不屬於資料表 Families。

2021-07-23 14:27:51::資料行 'Relationship' 不屬於資料表 Families。

2021-07-23 14:27:52::資料行 'Relationship' 不屬於資料表 Families。

2021-07-23 14:27:52::資料行 'Relationship' 不屬於資料表 Families。

2021-07-23 14:27:52::資料行 'Relationship' 不屬於資料表 Families。

2021-07-23 14:27:52::資料行 'Relationship' 不屬於資料表 Families。

2021-07-23 14:27:52::資料行 'Relationship' 不屬於資料表 Families。

2021-07-23 14:27:52::資料行 'Relationship' 不屬於資料表 Families。

2021-07-23 14:27:53::資料行 'Relationship' 不屬於資料表 Families。

2021-07-23 14:27:53::資料行 'Relationship' 不屬於資料表 Families。

2021-07-23 14:27:53::資料行 'Relationship' 不屬於資料表 Families。

2021-07-23 14:27:58::資料行 'Relationship' 不屬於資料表 Families。

2021-07-23 14:27:58::資料行 'Relationship' 不屬於資料表 Families。

2021-07-23 14:27:59::資料行 'Relationship' 不屬於資料表 Families。

2021-07-23 14:27:59::資料行 'Relationship' 不屬於資料表 Families。

2021-07-23 14:27:59::資料行 'Relationship' 不屬於資料表 Families。

2021-07-23 14:27:59::資料行 'Relationship' 不屬於資料表 Families。

2021-07-23 14:28:00::資料行 'Relationship' 不屬於資料表 Families。

2021-07-23 14:28:00::資料行 'Relationship' 不屬於資料表 Families。

2021-07-23 14:28:00::資料行 'Relationship' 不屬於資料表 Families。

2021-07-23 14:28:00::資料行 'Relationship' 不屬於資料表 Families。

2021-07-23 14:28:00::資料行 'Relationship' 不屬於資料表 Families。

2021-07-23 14:28:00::資料行 'Relationship' 不屬於資料表 Families。

2021-07-23 14:28:00::資料行 'Relationship' 不屬於資料表 Families。

2021-07-23 14:28:01::資料行 'Relationship' 不屬於資料表 Families。

2021-07-23 14:28:01::資料行 'Relationship' 不屬於資料表 Families。

2021-07-23 14:28:01::資料行 'Relationship' 不屬於資料表 Families。

2021-07-23 14:28:01::資料行 'Relationship' 不屬於資料表 Families。

2021-07-23 14:28:01::資料行 'Relationship' 不屬於資料表 Families。

2021-07-23 14:28:01::資料行 'Relationship' 不屬於資料表 Families。

2021-07-23 14:28:02::資料行 'Relationship' 不屬於資料表 Families。

2021-07-23 14:28:02::資料行 'Relationship' 不屬於資料表 Families。

2021-07-23 14:28:02::資料行 'Relationship' 不屬於資料表 Families。

2021-07-23 14:28:02::資料行 'Relationship' 不屬於資料表 Families。

2021-07-23 14:28:02::資料行 'Relationship' 不屬於資料表 Families。

2021-07-23 14:28:02::資料行 'Relationship' 不屬於資料表 Families。

2021-07-23 14:28:03::資料行 'Relationship' 不屬於資料表 Families。

2021-07-23 14:28:03::資料行 'Relationship' 不屬於資料表 Families。

2021-07-23 14:28:03::資料行 'Relationship' 不屬於資料表 Families。

2021-07-23 14:28:03::資料行 'Relationship' 不屬於資料表 Families。

2021-07-23 14:28:03::資料行 'Relationship' 不屬於資料表 Families。

2021-07-23 14:28:03::資料行 'Relationship' 不屬於資料表 Families。

2021-07-23 14:28:04::資料行 'Relationship' 不屬於資料表 Families。

2021-07-23 14:28:04::資料行 'Relationship' 不屬於資料表 Families。

2021-07-23 14:28:04::資料行 'Relationship' 不屬於資料表 Families。

2021-07-23 14:28:04::資料行 'Relationship' 不屬於資料表 Families。

2021-07-23 14:28:04::資料行 'Relationship' 不屬於資料表 Families。

2021-07-23 14:28:04::資料行 'Relationship' 不屬於資料表 Families。

2021-07-23 14:28:05::資料行 'Relationship' 不屬於資料表 Families。

2021-07-23 14:28:05::資料行 'Relationship' 不屬於資料表 Families。

2021-07-23 14:28:08::資料行 'Relationship' 不屬於資料表 Families。

2021-07-23 14:28:08::資料行 'Relationship' 不屬於資料表 Families。

2021-07-23 14:28:09::資料行 'Relationship' 不屬於資料表 Families。

2021-07-23 14:28:09::資料行 'Relationship' 不屬於資料表 Families。

2021-07-23 14:28:09::資料行 'Relationship' 不屬於資料表 Families。

2021-07-23 14:28:09::資料行 'Relationship' 不屬於資料表 Families。

2021-07-23 14:28:09::資料行 'Relationship' 不屬於資料表 Families。

2021-07-23 14:28:09::資料行 'Relationship' 不屬於資料表 Families。

2021-07-23 14:28:10::資料行 'Relationship' 不屬於資料表 Families。

2021-07-23 14:28:10::資料行 'Relationship' 不屬於資料表 Families。

2021-07-23 14:28:10::資料行 'Relationship' 不屬於資料表 Families。

2021-07-23 14:28:10::資料行 'Relationship' 不屬於資料表 Families。

2021-07-23 14:28:10::資料行 'Relationship' 不屬於資料表 Families。

2021-07-23 14:28:11::資料行 'Relationship' 不屬於資料表 Families。

2021-07-23 14:28:11::資料行 'Relationship' 不屬於資料表 Families。

2021-07-23 14:28:11::資料行 'Relationship' 不屬於資料表 Families。

2021-07-23 14:28:11::資料行 'Relationship' 不屬於資料表 Families。

2021-07-23 14:28:12::資料行 'Relationship' 不屬於資料表 Families。

2021-07-23 14:28:15::資料行 'Relationship' 不屬於資料表 Families。

2021-07-23 14:28:16::資料行 'Relationship' 不屬於資料表 Families。

2021-07-23 14:28:18::資料行 'Relationship' 不屬於資料表 Families。

2021-07-23 14:28:18::資料行 'Relationship' 不屬於資料表 Families。

2021-07-23 14:28:19::資料行 'Relationship' 不屬於資料表 Families。

2021-07-23 14:28:19::資料行 'Relationship' 不屬於資料表 Families。

2021-07-23 14:28:20::資料行 'Relationship' 不屬於資料表 Families。

2021-07-23 14:28:20::資料行 'Relationship' 不屬於資料表 Families。

2021-07-23 14:28:20::資料行 'Relationship' 不屬於資料表 Families。

2021-07-23 14:28:21::資料行 'Relationship' 不屬於資料表 Families。

2021-07-23 14:28:21::資料行 'Relationship' 不屬於資料表 Families。

2021-07-23 14:28:22::資料行 'Relationship' 不屬於資料表 Families。

2021-07-23 14:28:22::資料行 'Relationship' 不屬於資料表 Families。

2021-07-23 14:28:22::資料行 'Relationship' 不屬於資料表 Families。

2021-07-23 14:28:23::資料行 'Relationship' 不屬於資料表 Families。

2021-07-23 14:28:23::資料行 'Relationship' 不屬於資料表 Families。

2021-07-23 14:28:24::資料行 'Relationship' 不屬於資料表 Families。

2021-07-23 14:28:24::資料行 'Relationship' 不屬於資料表 Families。

2021-07-23 14:28:25::資料行 'Relationship' 不屬於資料表 Families。

2021-07-23 14:28:25::資料行 'Relationship' 不屬於資料表 Families。

2021-07-23 14:28:25::資料行 'Relationship' 不屬於資料表 Families。

2021-07-23 14:28:25::資料行 'Relationship' 不屬於資料表 Families。

2021-07-23 14:28:25::資料行 'Relationship' 不屬於資料表 Families。

2021-07-23 14:28:26::資料行 'Relationship' 不屬於資料表 Families。

2021-07-23 14:28:26::資料行 'Relationship' 不屬於資料表 Families。

2021-07-23 14:28:26::資料行 'Relationship' 不屬於資料表 Families。

2021-07-23 14:28:26::資料行 'Relationship' 不屬於資料表 Families。

2021-07-23 14:28:26::資料行 'Relationship' 不屬於資料表 Families。

2021-07-23 14:28:26::資料行 'Relationship' 不屬於資料表 Families。

2021-07-23 14:28:27::資料行 'Relationship' 不屬於資料表 Families。

2021-07-23 14:28:27::資料行 'Relationship' 不屬於資料表 Families。

2021-07-23 14:28:27::資料行 'Relationship' 不屬於資料表 Families。

2021-07-23 14:28:27::資料行 'Relationship' 不屬於資料表 Families。

2021-07-23 14:28:27::資料行 'Relationship' 不屬於資料表 Families。

2021-07-23 14:28:27::資料行 'Relationship' 不屬於資料表 Families。

2021-07-23 14:28:28::資料行 'Relationship' 不屬於資料表 Families。

2021-07-23 14:28:28::資料行 'Relationship' 不屬於資料表 Families。

2021-07-23 14:28:28::資料行 'Relationship' 不屬於資料表 Families。

2021-07-23 14:28:28::資料行 'Relationship' 不屬於資料表 Families。

2021-07-23 14:28:28::資料行 'Relationship' 不屬於資料表 Families。

2021-07-23 14:28:28::資料行 'Relationship' 不屬於資料表 Families。

2021-07-23 14:28:29::資料行 'Relationship' 不屬於資料表 Families。

2021-07-23 14:28:29::資料行 'Relationship' 不屬於資料表 Families。

2021-07-23 14:28:29::資料行 'Relationship' 不屬於資料表 Families。

2021-07-23 14:28:29::資料行 'Relationship' 不屬於資料表 Families。

2021-07-23 14:28:29::資料行 'Relationship' 不屬於資料表 Families。

2021-07-23 14:28:29::資料行 'Relationship' 不屬於資料表 Families。

2021-07-23 14:28:29::資料行 'Relationship' 不屬於資料表 Families。

2021-07-23 14:28:30::資料行 'Relationship' 不屬於資料表 Families。

2021-07-23 14:28:30::資料行 'Relationship' 不屬於資料表 Families。

2021-07-23 14:28:30::資料行 'Relationship' 不屬於資料表 Families。

2021-07-23 14:28:30::資料行 'Relationship' 不屬於資料表 Families。

2021-07-23 14:28:30::資料行 'Relationship' 不屬於資料表 Families。

2021-07-23 14:28:30::資料行 'Relationship' 不屬於資料表 Families。

2021-07-23 14:28:31::資料行 'Relationship' 不屬於資料表 Families。

2021-07-23 14:28:31::資料行 'Relationship' 不屬於資料表 Families。

2021-07-23 14:28:31::資料行 'Relationship' 不屬於資料表 Families。

2021-07-23 14:28:31::資料行 'Relationship' 不屬於資料表 Families。

2021-07-23 14:28:31::資料行 'Relationship' 不屬於資料表 Families。

2021-07-23 14:28:32::資料行 'Relationship' 不屬於資料表 Families。

2021-07-23 14:28:32::資料行 'Relationship' 不屬於資料表 Families。

2021-07-23 14:28:32::資料行 'Relationship' 不屬於資料表 Families。

2021-07-23 14:28:32::資料行 'Relationship' 不屬於資料表 Families。

2021-07-23 14:28:49::資料行 'Relationship' 不屬於資料表 Families。

2021-07-23 14:28:50::資料行 'Relationship' 不屬於資料表 Families。

2021-07-23 14:29:03::資料行 'Relationship' 不屬於資料表 Families。

2021-07-23 14:29:05::資料行 'Relationship' 不屬於資料表 Families。

2021-07-23 14:32:00::資料行 'Relationship' 不屬於資料表 Families。

2021-07-23 14:32:02::資料行 'Relationship' 不屬於資料表 Families。

2021-07-23 14:32:02::資料行 'Relationship' 不屬於資料表 Families。

2021-07-23 14:32:02::資料行 'Relationship' 不屬於資料表 Families。

2021-07-23 14:32:02::資料行 'Relationship' 不屬於資料表 Families。

2021-07-23 14:32:02::資料行 'Relationship' 不屬於資料表 Families。

2021-07-23 14:32:02::資料行 'Relationship' 不屬於資料表 Families。

2021-07-23 14:32:02::資料行 'Relationship' 不屬於資料表 Families。

2021-07-23 14:32:02::資料行 'Relationship' 不屬於資料表 Families。

2021-07-23 14:32:02::資料行 'Relationship' 不屬於資料表 Families。

2021-07-23 14:32:03::資料行 'Relationship' 不屬於資料表 Families。

2021-07-23 14:32:03::資料行 'Relationship' 不屬於資料表 Families。

2021-07-23 14:32:03::資料行 'Relationship' 不屬於資料表 Families。

2021-07-23 14:32:03::資料行 'Relationship' 不屬於資料表 Families。

2021-07-23 14:32:03::資料行 'Relationship' 不屬於資料表 Families。

2021-07-23 14:32:03::資料行 'Relationship' 不屬於資料表 Families。

2021-07-23 14:32:04::資料行 'Relationship' 不屬於資料表 Families。

2021-07-23 14:32:04::資料行 'Relationship' 不屬於資料表 Families。

2021-07-23 14:32:14::資料行 'Relationship' 不屬於資料表 Families。

2021-07-23 14:32:20::資料行 'Relationship' 不屬於資料表 Families。

2021-07-23 14:32:22::資料行 'Relationship' 不屬於資料表 Families。

2021-07-23 14:32:23::資料行 'Relationship' 不屬於資料表 Families。

2021-07-23 14:32:23::資料行 'Relationship' 不屬於資料表 Families。

2021-07-23 14:32:26::資料行 'Relationship' 不屬於資料表 Families。

2021-07-23 14:32:27::資料行 'Relationship' 不屬於資料表 Families。

2021-07-23 14:32:28::資料行 'Relationship' 不屬於資料表 Families。

2021-07-23 14:32:28::資料行 'Relationship' 不屬於資料表 Families。

2021-07-23 14:32:28::資料行 'Relationship' 不屬於資料表 Families。

2021-07-23 14:32:51::資料行 'Relationship' 不屬於資料表 Families。

2021-07-23 14:32:52::資料行 'Relationship' 不屬於資料表 Families。

2021-07-23 14:32:52::資料行 'Relationship' 不屬於資料表 Families。

2021-07-23 14:32:52::資料行 'Relationship' 不屬於資料表 Families。

2021-07-23 14:32:53::資料行 'Relationship' 不屬於資料表 Families。

2021-07-23 14:32:53::資料行 'Relationship' 不屬於資料表 Families。

2021-07-23 14:32:53::資料行 'Relationship' 不屬於資料表 Families。

2021-07-23 14:32:53::資料行 'Relationship' 不屬於資料表 Families。

2021-07-23 14:32:53::資料行 'Relationship' 不屬於資料表 Families。

2021-07-23 14:32:54::資料行 'Relationship' 不屬於資料表 Families。

2021-07-23 14:33:03::資料行 'Relationship' 不屬於資料表 Families。

2021-07-23 14:33:12::資料行 'Relationship' 不屬於資料表 Families。

2021-07-23 14:33:36::資料行 'Relationship' 不屬於資料表 Families。

2021-07-23 14:33:37::資料行 'Relationship' 不屬於資料表 Families。

2021-07-23 14:33:39::資料行 'Relationship' 不屬於資料表 Families。

2021-07-23 14:33:40::資料行 'Relationship' 不屬於資料表 Families。

2021-07-23 14:33:45::資料行 'Relationship' 不屬於資料表 Families。

2021-07-23 14:33:46::資料行 'Relationship' 不屬於資料表 Families。

2021-07-23 14:34:36::資料行 'Relationship' 不屬於資料表 Families。

2021-07-23 14:34:39::資料行 'Relationship' 不屬於資料表 Families。

2021-07-23 14:34:40::資料行 'Relationship' 不屬於資料表 Families。

2021-07-23 14:34:40::資料行 'Relationship' 不屬於資料表 Families。

2021-07-23 14:34:40::資料行 'Relationship' 不屬於資料表 Families。

2021-07-23 14:34:41::資料行 'Relationship' 不屬於資料表 Families。

2021-07-23 14:34:41::資料行 'Relationship' 不屬於資料表 Families。

2021-07-23 14:34:41::資料行 'Relationship' 不屬於資料表 Families。

2021-07-23 14:34:41::資料行 'Relationship' 不屬於資料表 Families。

2021-07-23 14:34:41::資料行 'Relationship' 不屬於資料表 Families。

2021-07-23 14:34:41::資料行 'Relationship' 不屬於資料表 Families。

2021-07-23 14:34:41::資料行 'Relationship' 不屬於資料表 Families。

2021-07-23 14:34:41::資料行 'Relationship' 不屬於資料表 Families。

2021-07-23 14:34:41::資料行 'Relationship' 不屬於資料表 Families。

2021-07-23 14:34:42::資料行 'Relationship' 不屬於資料表 Families。

2021-07-23 14:34:42::資料行 'Relationship' 不屬於資料表 Families。

2021-07-23 14:34:43::資料行 'Relationship' 不屬於資料表 Families。

2021-07-23 14:34:43::資料行 'Relationship' 不屬於資料表 Families。

2021-07-23 14:34:44::資料行 'Relationship' 不屬於資料表 Families。

2021-07-23 14:34:44::資料行 'Relationship' 不屬於資料表 Families。

2021-07-23 14:34:44::資料行 'Relationship' 不屬於資料表 Families。

2021-07-23 14:34:44::資料行 'Relationship' 不屬於資料表 Families。

2021-07-23 14:34:44::資料行 'Relationship' 不屬於資料表 Families。

2021-07-23 14:34:44::資料行 'Relationship' 不屬於資料表 Families。

2021-07-23 14:34:44::資料行 'Relationship' 不屬於資料表 Families。

2021-07-23 14:34:45::資料行 'Relationship' 不屬於資料表 Families。

2021-07-23 14:34:45::資料行 'Relationship' 不屬於資料表 Families。

2021-07-23 14:34:45::資料行 'Relationship' 不屬於資料表 Families。

2021-07-23 14:34:45::資料行 'Relationship' 不屬於資料表 Families。

2021-07-23 14:34:45::資料行 'Relationship' 不屬於資料表 Families。

2021-07-23 14:34:45::資料行 'Relationship' 不屬於資料表 Families。

2021-07-23 14:34:45::資料行 'Relationship' 不屬於資料表 Families。

2021-07-23 14:34:46::資料行 'Relationship' 不屬於資料表 Families。

2021-07-23 14:34:46::資料行 'Relationship' 不屬於資料表 Families。

2021-07-23 14:34:46::資料行 'Relationship' 不屬於資料表 Families。

2021-07-23 14:34:46::資料行 'Relationship' 不屬於資料表 Families。

2021-07-23 14:34:46::資料行 'Relationship' 不屬於資料表 Families。

2021-07-23 14:34:46::資料行 'Relationship' 不屬於資料表 Families。

2021-07-23 14:34:46::資料行 'Relationship' 不屬於資料表 Families。

2021-07-23 14:34:47::資料行 'Relationship' 不屬於資料表 Families。

2021-07-23 14:34:47::資料行 'Relationship' 不屬於資料表 Families。

2021-07-23 14:34:47::資料行 'Relationship' 不屬於資料表 Families。

2021-07-23 14:34:47::資料行 'Relationship' 不屬於資料表 Families。

2021-07-23 14:34:47::資料行 'Relationship' 不屬於資料表 Families。

2021-07-23 14:34:47::資料行 'Relationship' 不屬於資料表 Families。

2021-07-23 14:34:48::資料行 'Relationship' 不屬於資料表 Families。

2021-07-23 14:34:48::資料行 'Relationship' 不屬於資料表 Families。

2021-07-23 14:35:39::資料行 'Relationship' 不屬於資料表 Families。

2021-07-23 14:35:39::資料行 'Relationship' 不屬於資料表 Families。

2021-07-23 14:35:39::資料行 'Relationship' 不屬於資料表 Families。

2021-07-23 14:35:39::資料行 'Relationship' 不屬於資料表 Families。

2021-07-23 14:35:40::資料行 'Relationship' 不屬於資料表 Families。

2021-07-23 14:35:40::資料行 'Relationship' 不屬於資料表 Families。

2021-07-23 14:35:40::資料行 'Relationship' 不屬於資料表 Families。

2021-07-23 14:35:41::資料行 'Relationship' 不屬於資料表 Families。

2021-07-23 14:35:44::資料行 'Relationship' 不屬於資料表 Families。

2021-07-23 14:35:44::資料行 'Relationship' 不屬於資料表 Families。

2021-07-23 14:35:44::資料行 'Relationship' 不屬於資料表 Families。

2021-07-23 14:35:44::資料行 'Relationship' 不屬於資料表 Families。

2021-07-23 14:35:45::資料行 'Relationship' 不屬於資料表 Families。

2021-07-23 14:35:45::資料行 'Relationship' 不屬於資料表 Families。

2021-07-23 14:35:45::資料行 'Relationship' 不屬於資料表 Families。

2021-07-23 14:35:45::資料行 'Relationship' 不屬於資料表 Families。

2021-07-23 14:35:45::資料行 'Relationship' 不屬於資料表 Families。

2021-07-23 14:35:45::資料行 'Relationship' 不屬於資料表 Families。

2021-07-23 14:35:46::資料行 'Relationship' 不屬於資料表 Families。

2021-07-23 14:35:46::資料行 'Relationship' 不屬於資料表 Families。

2021-07-23 14:35:46::資料行 'Relationship' 不屬於資料表 Families。

2021-07-23 14:35:46::資料行 'Relationship' 不屬於資料表 Families。

2021-07-23 14:35:46::資料行 'Relationship' 不屬於資料表 Families。

2021-07-23 14:35:46::資料行 'Relationship' 不屬於資料表 Families。

2021-07-23 14:35:46::資料行 'Relationship' 不屬於資料表 Families。

2021-07-23 14:37:49::資料行 'Relationship' 不屬於資料表 Families。

2021-07-23 14:37:50::資料行 'Relationship' 不屬於資料表 Families。

2021-07-23 14:37:50::資料行 'Relationship' 不屬於資料表 Families。

2021-07-23 14:37:51::資料行 'Relationship' 不屬於資料表 Families。

2021-07-23 14:37:51::資料行 'Relationship' 不屬於資料表 Families。

2021-07-23 14:37:51::資料行 'Relationship' 不屬於資料表 Families。

2021-07-23 14:37:51::資料行 'Relationship' 不屬於資料表 Families。

2021-07-23 14:37:51::資料行 'Relationship' 不屬於資料表 Families。

2021-07-23 14:37:51::資料行 'Relationship' 不屬於資料表 Families。

2021-07-23 14:37:51::資料行 'Relationship' 不屬於資料表 Families。

2021-07-23 14:37:52::資料行 'Relationship' 不屬於資料表 Families。

2021-07-23 14:37:52::資料行 'Relationship' 不屬於資料表 Families。

2021-07-23 14:37:52::資料行 'Relationship' 不屬於資料表 Families。

2021-07-23 14:37:52::資料行 'Relationship' 不屬於資料表 Families。

2021-07-23 14:37:52::資料行 'Relationship' 不屬於資料表 Families。

2021-07-23 14:37:52::資料行 'Relationship' 不屬於資料表 Families。

2021-07-23 14:37:52::資料行 'Relationship' 不屬於資料表 Families。

2021-07-23 14:37:53::資料行 'Relationship' 不屬於資料表 Families。

2021-07-23 14:37:53::資料行 'Relationship' 不屬於資料表 Families。

2021-07-23 14:37:53::資料行 'Relationship' 不屬於資料表 Families。

2021-07-23 14:37:53::資料行 'Relationship' 不屬於資料表 Families。

2021-07-23 14:38:08::資料行 'Relationship' 不屬於資料表 Families。

2021-07-23 14:38:08::資料行 'Relationship' 不屬於資料表 Families。

2021-07-23 14:38:09::資料行 'Relationship' 不屬於資料表 Families。

2021-07-23 14:38:09::資料行 'Relationship' 不屬於資料表 Families。

2021-07-23 14:38:09::資料行 'Relationship' 不屬於資料表 Families。

2021-07-23 14:38:09::資料行 'Relationship' 不屬於資料表 Families。

2021-07-23 14:38:09::資料行 'Relationship' 不屬於資料表 Families。

2021-07-23 14:38:09::資料行 'Relationship' 不屬於資料表 Families。

2021-07-23 14:38:09::資料行 'Relationship' 不屬於資料表 Families。

2021-07-23 14:38:10::資料行 'Relationship' 不屬於資料表 Families。

2021-07-23 14:38:10::資料行 'Relationship' 不屬於資料表 Families。

2021-07-23 14:38:10::資料行 'Relationship' 不屬於資料表 Families。

2021-07-23 14:38:10::資料行 'Relationship' 不屬於資料表 Families。

2021-07-23 14:38:10::資料行 'Relationship' 不屬於資料表 Families。

2021-07-23 14:38:10::資料行 'Relationship' 不屬於資料表 Families。

2021-07-23 14:38:11::資料行 'Relationship' 不屬於資料表 Families。

2021-07-23 14:38:11::資料行 'Relationship' 不屬於資料表 Families。

2021-07-23 14:38:11::資料行 'Relationship' 不屬於資料表 Families。

2021-07-23 14:38:11::資料行 'Relationship' 不屬於資料表 Families。

2021-07-23 14:38:11::資料行 'Relationship' 不屬於資料表 Families。

2021-07-23 14:38:11::資料行 'Relationship' 不屬於資料表 Families。

2021-07-23 14:38:12::資料行 'Relationship' 不屬於資料表 Families。

2021-07-23 14:38:12::資料行 'Relationship' 不屬於資料表 Families。

2021-07-23 14:38:12::資料行 'Relationship' 不屬於資料表 Families。

2021-07-23 14:38:28::資料行 'Relationship' 不屬於資料表 Families。

2021-07-23 14:38:29::資料行 'Relationship' 不屬於資料表 Families。

2021-07-23 14:38:29::資料行 'Relationship' 不屬於資料表 Families。

2021-07-23 14:38:30::資料行 'Relationship' 不屬於資料表 Families。

2021-07-23 14:38:30::資料行 'Relationship' 不屬於資料表 Families。

2021-07-23 14:38:30::資料行 'Relationship' 不屬於資料表 Families。

2021-07-23 14:38:30::資料行 'Relationship' 不屬於資料表 Families。

2021-07-23 14:38:31::資料行 'Relationship' 不屬於資料表 Families。

2021-07-23 14:38:31::資料行 'Relationship' 不屬於資料表 Families。

2021-07-23 14:38:31::資料行 'Relationship' 不屬於資料表 Families。

2021-07-23 14:38:31::資料行 'Relationship' 不屬於資料表 Families。

2021-07-23 14:38:31::資料行 'Relationship' 不屬於資料表 Families。

2021-07-23 14:38:31::資料行 'Relationship' 不屬於資料表 Families。

2021-07-23 14:38:31::資料行 'Relationship' 不屬於資料表 Families。

2021-07-23 14:38:31::資料行 'Relationship' 不屬於資料表 Families。

2021-07-23 14:38:32::資料行 'Relationship' 不屬於資料表 Families。

2021-07-23 14:38:32::資料行 'Relationship' 不屬於資料表 Families。

2021-07-23 14:38:32::資料行 'Relationship' 不屬於資料表 Families。

2021-07-23 14:38:32::資料行 'Relationship' 不屬於資料表 Families。

2021-07-23 14:38:32::資料行 'Relationship' 不屬於資料表 Families。

2021-07-23 14:38:32::資料行 'Relationship' 不屬於資料表 Families。

2021-07-23 14:38:33::資料行 'Relationship' 不屬於資料表 Families。

2021-07-23 14:38:33::資料行 'Relationship' 不屬於資料表 Families。

2021-07-23 14:38:33::資料行 'Relationship' 不屬於資料表 Families。

2021-07-23 14:38:33::資料行 'Relationship' 不屬於資料表 Families。

2021-07-23 14:38:33::資料行 'Relationship' 不屬於資料表 Families。

2021-07-23 14:38:33::資料行 'Relationship' 不屬於資料表 Families。

2021-07-23 14:38:33::資料行 'Relationship' 不屬於資料表 Families。

2021-07-23 14:38:34::資料行 'Relationship' 不屬於資料表 Families。

2021-07-23 14:38:34::資料行 'Relationship' 不屬於資料表 Families。

2021-07-23 14:38:34::資料行 'Relationship' 不屬於資料表 Families。

2021-07-23 14:38:34::資料行 'Relationship' 不屬於資料表 Families。

2021-07-23 14:38:34::資料行 'Relationship' 不屬於資料表 Families。

2021-07-23 14:38:34::資料行 'Relationship' 不屬於資料表 Families。

2021-07-23 14:38:34::資料行 'Relationship' 不屬於資料表 Families。

2021-07-23 14:38:35::資料行 'Relationship' 不屬於資料表 Families。

2021-07-23 14:38:35::資料行 'Relationship' 不屬於資料表 Families。

2021-07-23 14:38:35::資料行 'Relationship' 不屬於資料表 Families。

2021-07-23 14:38:35::資料行 'Relationship' 不屬於資料表 Families。

2021-07-23 14:38:35::資料行 'Relationship' 不屬於資料表 Families。

2021-07-23 14:38:35::資料行 'Relationship' 不屬於資料表 Families。

2021-07-23 14:38:36::資料行 'Relationship' 不屬於資料表 Families。

2021-07-23 14:38:36::資料行 'Relationship' 不屬於資料表 Families。

2021-07-23 14:38:36::資料行 'Relationship' 不屬於資料表 Families。

2021-07-23 14:38:36::資料行 'Relationship' 不屬於資料表 Families。

2021-07-23 14:38:36::資料行 'Relationship' 不屬於資料表 Families。

2021-07-23 14:38:36::資料行 'Relationship' 不屬於資料表 Families。

2021-07-23 14:38:37::資料行 'Relationship' 不屬於資料表 Families。

2021-07-23 14:38:37::資料行 'Relationship' 不屬於資料表 Families。

2021-07-23 14:38:37::資料行 'Relationship' 不屬於資料表 Families。

2021-07-23 14:38:37::資料行 'Relationship' 不屬於資料表 Families。

2021-07-23 14:38:37::資料行 'Relationship' 不屬於資料表 Families。

2021-07-23 14:38:37::資料行 'Relationship' 不屬於資料表 Families。

2021-07-23 14:38:37::資料行 'Relationship' 不屬於資料表 Families。

2021-07-23 14:38:38::資料行 'Relationship' 不屬於資料表 Families。

2021-07-23 14:38:38::資料行 'Relationship' 不屬於資料表 Families。

2021-07-23 14:38:38::資料行 'Relationship' 不屬於資料表 Families。

2021-07-23 14:38:38::資料行 'Relationship' 不屬於資料表 Families。

2021-07-23 14:38:38::資料行 'Relationship' 不屬於資料表 Families。

2021-07-23 14:38:38::資料行 'Relationship' 不屬於資料表 Families。

2021-07-23 14:38:39::資料行 'Relationship' 不屬於資料表 Families。

2021-07-23 14:38:39::資料行 'Relationship' 不屬於資料表 Families。

2021-07-23 14:38:39::資料行 'Relationship' 不屬於資料表 Families。

2021-07-23 14:38:39::資料行 'Relationship' 不屬於資料表 Families。

2021-07-23 14:38:39::資料行 'Relationship' 不屬於資料表 Families。

2021-07-23 14:38:40::資料行 'Relationship' 不屬於資料表 Families。

2021-07-23 14:38:40::資料行 'Relationship' 不屬於資料表 Families。

2021-07-23 14:38:40::資料行 'Relationship' 不屬於資料表 Families。

2021-07-23 14:38:40::資料行 'Relationship' 不屬於資料表 Families。

2021-07-23 14:38:40::資料行 'Relationship' 不屬於資料表 Families。

2021-07-23 14:38:40::資料行 'Relationship' 不屬於資料表 Families。

2021-07-23 14:38:41::資料行 'Relationship' 不屬於資料表 Families。

2021-07-23 14:38:41::資料行 'Relationship' 不屬於資料表 Families。

2021-07-23 14:38:41::資料行 'Relationship' 不屬於資料表 Families。

2021-07-23 14:38:41::資料行 'Relationship' 不屬於資料表 Families。

2021-07-23 14:38:41::資料行 'Relationship' 不屬於資料表 Families。

2021-07-23 14:38:41::資料行 'Relationship' 不屬於資料表 Families。

2021-07-23 14:38:42::資料行 'Relationship' 不屬於資料表 Families。

2021-07-23 14:38:42::資料行 'Relationship' 不屬於資料表 Families。

2021-07-23 14:38:42::資料行 'Relationship' 不屬於資料表 Families。

2021-07-23 14:38:42::資料行 'Relationship' 不屬於資料表 Families。

2021-07-23 14:38:42::資料行 'Relationship' 不屬於資料表 Families。

2021-07-23 14:38:42::資料行 'Relationship' 不屬於資料表 Families。

2021-07-23 14:38:43::資料行 'Relationship' 不屬於資料表 Families。

2021-07-23 14:38:43::資料行 'Relationship' 不屬於資料表 Families。

2021-07-23 14:38:43::資料行 'Relationship' 不屬於資料表 Families。

2021-07-23 14:38:43::資料行 'Relationship' 不屬於資料表 Families。

2021-07-23 14:38:43::資料行 'Relationship' 不屬於資料表 Families。

2021-07-23 14:38:44::資料行 'Relationship' 不屬於資料表 Families。

2021-07-23 14:38:44::資料行 'Relationship' 不屬於資料表 Families。

2021-07-23 14:38:44::資料行 'Relationship' 不屬於資料表 Families。

2021-07-23 14:38:44::資料行 'Relationship' 不屬於資料表 Families。

2021-07-23 14:38:44::資料行 'Relationship' 不屬於資料表 Families。

2021-07-23 14:38:45::已經開啟一個與這個 Command 相關的 DataReader，必須先將它關閉。

2021-07-23 14:38:45::並未將物件參考設定為物件的執行個體。

2021-07-23 14:38:45::並未將物件參考設定為物件的執行個體。

2021-07-23 14:38:45::資料行 'Relationship' 不屬於資料表 Families。

2021-07-23 14:38:45::資料行 'Relationship' 不屬於資料表 Families。

2021-07-23 14:38:45::資料行 'Relationship' 不屬於資料表 Families。

2021-07-23 14:38:45::資料行 'Relationship' 不屬於資料表 Families。

2021-07-23 14:38:45::資料行 'Relationship' 不屬於資料表 Families。

2021-07-23 14:38:46::資料行 'Relationship' 不屬於資料表 Families。

2021-07-23 14:38:46::資料行 'Relationship' 不屬於資料表 Families。

2021-07-23 14:38:46::資料行 'Relationship' 不屬於資料表 Families。

2021-07-23 14:38:46::資料行 'Relationship' 不屬於資料表 Families。

2021-07-23 14:38:46::資料行 'Relationship' 不屬於資料表 Families。

2021-07-23 14:38:46::資料行 'Relationship' 不屬於資料表 Families。

2021-07-23 14:38:47::資料行 'Relationship' 不屬於資料表 Families。

2021-07-23 14:38:47::資料行 'Relationship' 不屬於資料表 Families。

2021-07-23 14:38:47::資料行 'Relationship' 不屬於資料表 Families。

2021-07-23 14:38:47::資料行 'Relationship' 不屬於資料表 Families。

2021-07-23 14:38:47::資料行 'Relationship' 不屬於資料表 Families。

2021-07-23 14:38:47::資料行 'Relationship' 不屬於資料表 Families。

2021-07-23 14:38:48::資料行 'Relationship' 不屬於資料表 Families。

2021-07-23 14:38:48::資料行 'Relationship' 不屬於資料表 Families。

2021-07-23 14:38:48::資料行 'Relationship' 不屬於資料表 Families。

2021-07-23 14:38:49::資料行 'Relationship' 不屬於資料表 Families。

2021-07-23 14:38:49::資料行 'Relationship' 不屬於資料表 Families。

2021-07-23 14:38:49::資料行 'Relationship' 不屬於資料表 Families。

2021-07-23 14:38:49::資料行 'Relationship' 不屬於資料表 Families。

2021-07-23 14:38:50::資料行 'Relationship' 不屬於資料表 Families。

2021-07-23 14:38:50::資料行 'Relationship' 不屬於資料表 Families。

2021-07-23 14:38:50::資料行 'Relationship' 不屬於資料表 Families。

2021-07-23 14:38:50::資料行 'Relationship' 不屬於資料表 Families。

2021-07-23 14:38:50::資料行 'Relationship' 不屬於資料表 Families。

2021-07-23 14:38:50::資料行 'Relationship' 不屬於資料表 Families。

2021-07-23 14:38:51::資料行 'Relationship' 不屬於資料表 Families。

2021-07-23 14:38:51::資料行 'Relationship' 不屬於資料表 Families。

2021-07-23 14:38:51::資料行 'Relationship' 不屬於資料表 Families。

2021-07-23 14:38:51::資料行 'Relationship' 不屬於資料表 Families。

2021-07-23 14:38:51::資料行 'Relationship' 不屬於資料表 Families。

2021-07-23 14:38:51::資料行 'Relationship' 不屬於資料表 Families。

2021-07-23 14:38:52::資料行 'Relationship' 不屬於資料表 Families。

2021-07-23 14:38:52::資料行 'Relationship' 不屬於資料表 Families。

2021-07-23 14:38:52::資料行 'Relationship' 不屬於資料表 Families。

2021-07-23 14:38:52::資料行 'Relationship' 不屬於資料表 Families。

2021-07-23 14:38:52::資料行 'Relationship' 不屬於資料表 Families。

2021-07-23 14:38:52::資料行 'Relationship' 不屬於資料表 Families。

2021-07-23 14:38:53::資料行 'Relationship' 不屬於資料表 Families。

2021-07-23 14:41:49::資料行 'Relationship' 不屬於資料表 Families。

2021-07-23 14:41:51::資料行 'Relationship' 不屬於資料表 Families。

2021-07-23 14:41:51::資料行 'Relationship' 不屬於資料表 Families。

2021-07-23 14:41:51::資料行 'Relationship' 不屬於資料表 Families。

2021-07-23 14:41:51::資料行 'Relationship' 不屬於資料表 Families。

2021-07-23 14:41:51::資料行 'Relationship' 不屬於資料表 Families。

2021-07-23 14:41:52::資料行 'Relationship' 不屬於資料表 Families。

2021-07-23 14:41:52::資料行 'Relationship' 不屬於資料表 Families。

2021-07-23 14:41:52::資料行 'Relationship' 不屬於資料表 Families。

2021-07-23 14:41:52::資料行 'Relationship' 不屬於資料表 Families。

2021-07-23 14:41:53::資料行 'Relationship' 不屬於資料表 Families。

2021-07-23 14:41:53::資料行 'Relationship' 不屬於資料表 Families。

2021-07-23 14:41:53::資料行 'Relationship' 不屬於資料表 Families。

2021-07-23 14:41:53::資料行 'Relationship' 不屬於資料表 Families。

2021-07-23 14:41:53::資料行 'Relationship' 不屬於資料表 Families。

2021-07-23 14:41:53::資料行 'Relationship' 不屬於資料表 Families。

2021-07-23 14:41:53::資料行 'Relationship' 不屬於資料表 Families。

2021-07-23 14:41:54::資料行 'Relationship' 不屬於資料表 Families。

2021-07-23 14:41:54::資料行 'Relationship' 不屬於資料表 Families。

2021-07-23 14:41:54::資料行 'Relationship' 不屬於資料表 Families。

2021-07-23 14:41:54::資料行 'Relationship' 不屬於資料表 Families。

2021-07-23 14:41:54::資料行 'Relationship' 不屬於資料表 Families。

2021-07-23 14:41:54::資料行 'Relationship' 不屬於資料表 Families。

2021-07-23 14:41:54::資料行 'Relationship' 不屬於資料表 Families。

2021-07-23 14:41:54::資料行 'Relationship' 不屬於資料表 Families。

2021-07-23 14:41:54::資料行 'Relationship' 不屬於資料表 Families。

2021-07-23 14:41:55::資料行 'Relationship' 不屬於資料表 Families。

2021-07-23 14:51:53::ExecuteReader 必須有開啟與可用的 Connection。連接目前的狀態為連接中。

2021-07-23 14:51:53::ExecuteReader 必須有開啟與可用的 Connection。連接目前的狀態為連接中。

2021-07-23 14:51:53::索引在陣列的界限之外。

2021-07-23 14:51:53::並未將物件參考設定為物件的執行個體。

2021-07-23 14:51:53::並未將物件參考設定為物件的執行個體。

2021-07-23 14:51:53::並未將物件參考設定為物件的執行個體。

2021-07-23 15:18:26::資料行 'Relationship' 不屬於資料表 Families。

2021-07-23 15:18:27::資料行 'Relationship' 不屬於資料表 Families。

2021-07-23 15:18:28::資料行 'Relationship' 不屬於資料表 Families。

2021-07-23 15:18:28::資料行 'Relationship' 不屬於資料表 Families。

2021-07-23 15:18:28::資料行 'Relationship' 不屬於資料表 Families。

2021-07-23 15:18:28::資料行 'Relationship' 不屬於資料表 Families。

2021-07-23 15:18:28::資料行 'Relationship' 不屬於資料表 Families。

2021-07-23 15:18:29::資料行 'Relationship' 不屬於資料表 Families。

2021-07-23 15:18:29::資料行 'Relationship' 不屬於資料表 Families。

2021-07-23 15:18:29::資料行 'Relationship' 不屬於資料表 Families。

2021-07-23 15:18:29::資料行 'Relationship' 不屬於資料表 Families。

2021-07-23 15:18:29::資料行 'Relationship' 不屬於資料表 Families。

2021-07-23 15:18:29::資料行 'Relationship' 不屬於資料表 Families。

2021-07-23 15:18:29::資料行 'Relationship' 不屬於資料表 Families。

2021-07-23 15:18:30::資料行 'Relationship' 不屬於資料表 Families。

2021-07-23 15:18:30::資料行 'Relationship' 不屬於資料表 Families。

2021-07-23 15:18:30::資料行 'Relationship' 不屬於資料表 Families。

2021-07-23 15:18:30::資料行 'Relationship' 不屬於資料表 Families。

2021-07-23 15:18:31::資料行 'Relationship' 不屬於資料表 Families。

2021-07-23 15:18:31::資料行 'Relationship' 不屬於資料表 Families。

2021-07-23 15:18:31::資料行 'Relationship' 不屬於資料表 Families。

2021-07-23 15:18:31::資料行 'Relationship' 不屬於資料表 Families。

2021-07-23 15:18:31::資料行 'Relationship' 不屬於資料表 Families。

2021-07-23 15:18:31::資料行 'Relationship' 不屬於資料表 Families。

2021-07-23 15:18:32::資料行 'Relationship' 不屬於資料表 Families。

2021-07-23 15:18:32::資料行 'Relationship' 不屬於資料表 Families。

2021-07-23 15:18:32::資料行 'Relationship' 不屬於資料表 Families。

2021-07-23 15:18:32::資料行 'Relationship' 不屬於資料表 Families。

2021-07-23 15:18:32::資料行 'Relationship' 不屬於資料表 Families。

2021-07-23 15:18:33::資料行 'Relationship' 不屬於資料表 Families。

2021-07-23 15:18:33::資料行 'Relationship' 不屬於資料表 Families。

2021-07-23 15:18:33::資料行 'Relationship' 不屬於資料表 Families。

2021-07-23 15:18:33::資料行 'Relationship' 不屬於資料表 Families。

2021-07-23 15:18:34::資料行 'Relationship' 不屬於資料表 Families。

2021-07-23 15:18:34::資料行 'Relationship' 不屬於資料表 Families。

2021-07-23 15:18:34::資料行 'Relationship' 不屬於資料表 Families。

2021-07-23 15:18:34::資料行 'Relationship' 不屬於資料表 Families。

2021-07-23 15:18:34::資料行 'Relationship' 不屬於資料表 Families。

2021-07-23 15:18:34::資料行 'Relationship' 不屬於資料表 Families。

2021-07-23 15:18:35::資料行 'Relationship' 不屬於資料表 Families。

2021-07-23 15:18:35::資料行 'Relationship' 不屬於資料表 Families。

2021-07-23 15:18:35::資料行 'Relationship' 不屬於資料表 Families。

2021-07-23 15:18:35::資料行 'Relationship' 不屬於資料表 Families。

2021-07-23 15:18:35::資料行 'Relationship' 不屬於資料表 Families。

2021-07-23 15:18:35::資料行 'Relationship' 不屬於資料表 Families。

2021-07-23 15:18:36::資料行 'Relationship' 不屬於資料表 Families。

2021-07-23 15:18:36::資料行 'Relationship' 不屬於資料表 Families。

2021-07-23 15:18:36::資料行 'Relationship' 不屬於資料表 Families。

2021-07-23 15:18:36::資料行 'Relationship' 不屬於資料表 Families。

2021-07-23 15:18:36::資料行 'Relationship' 不屬於資料表 Families。

2021-07-23 15:18:36::資料行 'Relationship' 不屬於資料表 Families。

2021-07-23 15:18:37::資料行 'Relationship' 不屬於資料表 Families。

2021-07-23 15:18:37::資料行 'Relationship' 不屬於資料表 Families。

2021-07-23 15:18:37::資料行 'Relationship' 不屬於資料表 Families。

2021-07-23 15:18:37::資料行 'Relationship' 不屬於資料表 Families。

2021-07-23 15:18:37::資料行 'Relationship' 不屬於資料表 Families。

2021-07-23 15:18:37::資料行 'Relationship' 不屬於資料表 Families。

2021-07-23 15:18:37::資料行 'Relationship' 不屬於資料表 Families。

2021-07-23 15:18:38::資料行 'Relationship' 不屬於資料表 Families。

2021-07-23 15:18:38::資料行 'Relationship' 不屬於資料表 Families。

2021-07-23 15:18:38::資料行 'Relationship' 不屬於資料表 Families。

2021-07-23 15:18:38::資料行 'Relationship' 不屬於資料表 Families。

2021-07-23 15:18:38::資料行 'Relationship' 不屬於資料表 Families。

2021-07-23 15:18:38::資料行 'Relationship' 不屬於資料表 Families。

2021-07-23 15:18:39::資料行 'Relationship' 不屬於資料表 Families。

2021-07-23 15:18:39::資料行 'Relationship' 不屬於資料表 Families。

2021-07-23 15:18:39::資料行 'Relationship' 不屬於資料表 Families。

2021-07-23 15:18:39::資料行 'Relationship' 不屬於資料表 Families。

2021-07-23 15:18:39::資料行 'Relationship' 不屬於資料表 Families。

2021-07-23 15:18:39::資料行 'Relationship' 不屬於資料表 Families。

2021-07-23 15:18:40::資料行 'Relationship' 不屬於資料表 Families。

2021-07-23 15:18:40::資料行 'Relationship' 不屬於資料表 Families。

2021-07-23 15:18:40::資料行 'Relationship' 不屬於資料表 Families。

2021-07-23 15:18:40::資料行 'Relationship' 不屬於資料表 Families。

2021-07-23 15:18:40::資料行 'Relationship' 不屬於資料表 Families。

2021-07-23 15:18:41::資料行 'Relationship' 不屬於資料表 Families。

2021-07-23 15:18:41::資料行 'Relationship' 不屬於資料表 Families。

2021-07-23 15:18:42::資料行 'Relationship' 不屬於資料表 Families。

2021-07-23 15:18:43::資料行 'Relationship' 不屬於資料表 Families。

2021-07-23 15:18:43::資料行 'Relationship' 不屬於資料表 Families。

2021-07-23 15:18:43::資料行 'Relationship' 不屬於資料表 Families。

2021-07-23 15:18:43::資料行 'Relationship' 不屬於資料表 Families。

2021-07-23 15:18:43::資料行 'Relationship' 不屬於資料表 Families。

2021-07-23 15:18:43::資料行 'Relationship' 不屬於資料表 Families。

2021-07-23 15:19:01::資料行 'Relationship' 不屬於資料表 Families。

2021-07-23 15:19:02::資料行 'Relationship' 不屬於資料表 Families。

2021-07-23 15:19:02::資料行 'Relationship' 不屬於資料表 Families。

2021-07-23 15:19:02::資料行 'Relationship' 不屬於資料表 Families。

2021-07-23 15:19:02::資料行 'Relationship' 不屬於資料表 Families。

2021-07-23 15:19:03::資料行 'Relationship' 不屬於資料表 Families。

2021-07-23 15:19:03::資料行 'Relationship' 不屬於資料表 Families。

2021-07-23 15:19:03::資料行 'Relationship' 不屬於資料表 Families。

2021-07-23 15:19:03::資料行 'Relationship' 不屬於資料表 Families。

2021-07-23 15:19:04::資料行 'Relationship' 不屬於資料表 Families。

2021-07-23 15:19:04::資料行 'Relationship' 不屬於資料表 Families。

2021-07-23 15:19:04::資料行 'Relationship' 不屬於資料表 Families。

2021-07-23 15:19:04::資料行 'Relationship' 不屬於資料表 Families。

2021-07-23 15:19:04::資料行 'Relationship' 不屬於資料表 Families。

2021-07-23 15:19:04::資料行 'Relationship' 不屬於資料表 Families。

2021-07-23 15:19:05::資料行 'Relationship' 不屬於資料表 Families。

2021-07-23 15:19:05::資料行 'Relationship' 不屬於資料表 Families。

2021-07-23 15:19:05::資料行 'Relationship' 不屬於資料表 Families。

2021-07-23 15:19:05::資料行 'Relationship' 不屬於資料表 Families。

2021-07-23 15:19:05::資料行 'Relationship' 不屬於資料表 Families。

2021-07-23 15:19:05::資料行 'Relationship' 不屬於資料表 Families。

2021-07-23 15:19:06::資料行 'Relationship' 不屬於資料表 Families。

2021-07-23 15:19:06::資料行 'Relationship' 不屬於資料表 Families。

2021-07-23 15:19:06::資料行 'Relationship' 不屬於資料表 Families。

2021-07-23 15:19:06::資料行 'Relationship' 不屬於資料表 Families。

2021-07-23 15:19:06::資料行 'Relationship' 不屬於資料表 Families。

2021-07-23 15:19:06::資料行 'Relationship' 不屬於資料表 Families。

2021-07-23 15:19:06::資料行 'Relationship' 不屬於資料表 Families。

2021-07-23 15:19:07::資料行 'Relationship' 不屬於資料表 Families。

2021-07-23 15:19:07::資料行 'Relationship' 不屬於資料表 Families。

2021-07-23 15:19:07::資料行 'Relationship' 不屬於資料表 Families。

2021-07-23 15:19:07::資料行 'Relationship' 不屬於資料表 Families。

2021-07-23 15:19:07::資料行 'Relationship' 不屬於資料表 Families。

2021-07-23 15:19:07::資料行 'Relationship' 不屬於資料表 Families。

2021-07-23 15:19:08::資料行 'Relationship' 不屬於資料表 Families。

2021-07-23 15:19:08::資料行 'Relationship' 不屬於資料表 Families。

2021-07-23 15:19:08::資料行 'Relationship' 不屬於資料表 Families。

2021-07-23 15:19:08::資料行 'Relationship' 不屬於資料表 Families。

2021-07-23 15:19:08::資料行 'Relationship' 不屬於資料表 Families。

2021-07-23 15:19:09::資料行 'Relationship' 不屬於資料表 Families。

2021-07-23 15:19:09::資料行 'Relationship' 不屬於資料表 Families。

2021-07-23 15:19:10::資料行 'Relationship' 不屬於資料表 Families。

2021-07-23 15:19:10::資料行 'Relationship' 不屬於資料表 Families。

2021-07-23 15:19:10::資料行 'Relationship' 不屬於資料表 Families。

2021-07-23 15:19:11::資料行 'Relationship' 不屬於資料表 Families。

2021-07-23 15:19:11::資料行 'Relationship' 不屬於資料表 Families。

2021-07-23 15:19:11::資料行 'Relationship' 不屬於資料表 Families。

2021-07-23 15:19:11::資料行 'Relationship' 不屬於資料表 Families。

2021-07-23 15:19:11::資料行 'Relationship' 不屬於資料表 Families。

2021-07-23 15:19:11::資料行 'Relationship' 不屬於資料表 Families。

2021-07-23 15:19:11::資料行 'Relationship' 不屬於資料表 Families。

2021-07-23 15:19:12::資料行 'Relationship' 不屬於資料表 Families。

2021-07-23 15:19:12::資料行 'Relationship' 不屬於資料表 Families。

2021-07-23 15:19:12::資料行 'Relationship' 不屬於資料表 Families。

2021-07-23 15:19:12::資料行 'Relationship' 不屬於資料表 Families。

2021-07-23 15:19:12::資料行 'Relationship' 不屬於資料表 Families。

2021-07-23 15:19:12::資料行 'Relationship' 不屬於資料表 Families。

2021-07-23 15:19:12::資料行 'Relationship' 不屬於資料表 Families。

2021-07-23 15:19:13::資料行 'Relationship' 不屬於資料表 Families。

2021-07-23 15:19:13::資料行 'Relationship' 不屬於資料表 Families。

2021-07-23 15:19:13::資料行 'Relationship' 不屬於資料表 Families。

2021-07-23 15:19:13::資料行 'Relationship' 不屬於資料表 Families。

2021-07-23 15:19:13::資料行 'Relationship' 不屬於資料表 Families。

2021-07-23 15:19:14::資料行 'Relationship' 不屬於資料表 Families。

2021-07-23 15:19:14::資料行 'Relationship' 不屬於資料表 Families。

2021-07-23 15:19:14::資料行 'Relationship' 不屬於資料表 Families。

2021-07-23 15:19:14::資料行 'Relationship' 不屬於資料表 Families。

2021-07-23 15:19:14::資料行 'Relationship' 不屬於資料表 Families。

2021-07-23 15:19:14::資料行 'Relationship' 不屬於資料表 Families。

2021-07-23 15:19:14::資料行 'Relationship' 不屬於資料表 Families。

2021-07-23 15:19:15::資料行 'Relationship' 不屬於資料表 Families。

2021-07-23 15:19:15::資料行 'Relationship' 不屬於資料表 Families。

2021-07-23 15:19:15::資料行 'Relationship' 不屬於資料表 Families。

2021-07-23 15:19:15::資料行 'Relationship' 不屬於資料表 Families。

2021-07-23 15:19:15::資料行 'Relationship' 不屬於資料表 Families。

2021-07-23 15:19:15::資料行 'Relationship' 不屬於資料表 Families。

2021-07-23 15:19:16::資料行 'Relationship' 不屬於資料表 Families。

2021-07-23 15:19:16::資料行 'Relationship' 不屬於資料表 Families。

2021-07-23 15:19:16::資料行 'Relationship' 不屬於資料表 Families。

2021-07-23 15:19:16::資料行 'Relationship' 不屬於資料表 Families。

2021-07-23 15:19:16::資料行 'Relationship' 不屬於資料表 Families。

2021-07-23 15:19:16::資料行 'Relationship' 不屬於資料表 Families。

2021-07-23 15:19:17::資料行 'Relationship' 不屬於資料表 Families。

2021-07-23 15:19:17::資料行 'Relationship' 不屬於資料表 Families。

2021-07-23 15:19:17::資料行 'Relationship' 不屬於資料表 Families。

2021-07-23 15:19:17::資料行 'Relationship' 不屬於資料表 Families。

2021-07-23 15:19:17::資料行 'Relationship' 不屬於資料表 Families。

2021-07-23 15:19:17::資料行 'Relationship' 不屬於資料表 Families。

2021-07-23 15:19:18::資料行 'Relationship' 不屬於資料表 Families。

2021-07-23 15:19:18::資料行 'Relationship' 不屬於資料表 Families。

2021-07-23 15:19:18::資料行 'Relationship' 不屬於資料表 Families。

2021-07-23 15:19:18::資料行 'Relationship' 不屬於資料表 Families。

2021-07-23 15:19:18::資料行 'Relationship' 不屬於資料表 Families。

2021-07-23 15:19:18::資料行 'Relationship' 不屬於資料表 Families。

2021-07-23 15:19:19::資料行 'Relationship' 不屬於資料表 Families。

2021-07-23 15:19:19::資料行 'Relationship' 不屬於資料表 Families。

2021-07-23 15:19:19::資料行 'Relationship' 不屬於資料表 Families。

2021-07-23 15:19:19::資料行 'Relationship' 不屬於資料表 Families。

2021-07-23 15:19:19::資料行 'Relationship' 不屬於資料表 Families。

2021-07-23 15:19:19::資料行 'Relationship' 不屬於資料表 Families。

2021-07-23 15:19:20::資料行 'Relationship' 不屬於資料表 Families。

2021-07-23 15:19:20::資料行 'Relationship' 不屬於資料表 Families。

2021-07-23 15:19:20::資料行 'Relationship' 不屬於資料表 Families。

2021-07-23 15:19:20::資料行 'Relationship' 不屬於資料表 Families。

2021-07-23 15:19:20::資料行 'Relationship' 不屬於資料表 Families。

2021-07-23 15:19:20::資料行 'Relationship' 不屬於資料表 Families。

2021-07-23 15:19:21::資料行 'Relationship' 不屬於資料表 Families。

2021-07-23 15:19:21::資料行 'Relationship' 不屬於資料表 Families。

2021-07-23 15:19:21::資料行 'Relationship' 不屬於資料表 Families。

2021-07-23 15:19:21::資料行 'Relationship' 不屬於資料表 Families。

2021-07-23 15:19:21::資料行 'Relationship' 不屬於資料表 Families。

2021-07-23 15:19:21::資料行 'Relationship' 不屬於資料表 Families。

2021-07-23 15:19:22::資料行 'Relationship' 不屬於資料表 Families。

2021-07-23 15:19:22::資料行 'Relationship' 不屬於資料表 Families。

2021-07-23 15:19:22::資料行 'Relationship' 不屬於資料表 Families。

2021-07-23 15:19:22::資料行 'Relationship' 不屬於資料表 Families。

2021-07-23 15:19:22::資料行 'Relationship' 不屬於資料表 Families。

2021-07-23 15:19:22::資料行 'Relationship' 不屬於資料表 Families。

2021-07-23 15:19:23::資料行 'Relationship' 不屬於資料表 Families。

2021-07-23 15:19:23::資料行 'Relationship' 不屬於資料表 Families。

2021-07-23 15:19:23::資料行 'Relationship' 不屬於資料表 Families。

2021-07-23 15:19:23::資料行 'Relationship' 不屬於資料表 Families。

2021-07-23 15:19:23::資料行 'Relationship' 不屬於資料表 Families。

2021-07-23 15:19:23::資料行 'Relationship' 不屬於資料表 Families。

2021-07-23 15:19:24::資料行 'Relationship' 不屬於資料表 Families。

2021-07-23 15:19:24::資料行 'Relationship' 不屬於資料表 Families。

2021-07-23 15:19:24::資料行 'Relationship' 不屬於資料表 Families。

2021-07-23 15:19:24::資料行 'Relationship' 不屬於資料表 Families。

2021-07-23 15:19:24::資料行 'Relationship' 不屬於資料表 Families。

2021-07-23 15:19:25::資料行 'Relationship' 不屬於資料表 Families。

2021-07-23 15:19:25::資料行 'Relationship' 不屬於資料表 Families。

2021-07-23 15:19:25::已經開啟一個與這個 Command 相關的 DataReader，必須先將它關閉。

2021-07-23 15:19:25::並未將物件參考設定為物件的執行個體。

2021-07-23 15:19:25::並未將物件參考設定為物件的執行個體。

2021-07-23 15:19:25::資料行 'Relationship' 不屬於資料表 Families。

2021-07-23 15:19:25::資料行 'Relationship' 不屬於資料表 Families。

2021-07-23 15:19:25::資料行 'Relationship' 不屬於資料表 Families。

2021-07-23 15:19:26::資料行 'Relationship' 不屬於資料表 Families。

2021-07-23 15:19:26::資料行 'Relationship' 不屬於資料表 Families。

2021-07-23 15:19:26::資料行 'Relationship' 不屬於資料表 Families。

2021-07-23 15:19:26::資料行 'Relationship' 不屬於資料表 Families。

2021-07-23 15:19:26::資料行 'Relationship' 不屬於資料表 Families。

2021-07-23 15:19:26::資料行 'Relationship' 不屬於資料表 Families。

2021-07-23 15:19:26::資料行 'Relationship' 不屬於資料表 Families。

2021-07-23 15:19:27::資料行 'Relationship' 不屬於資料表 Families。

2021-07-23 15:19:27::資料行 'Relationship' 不屬於資料表 Families。

2021-07-23 15:19:27::資料行 'Relationship' 不屬於資料表 Families。

2021-07-23 15:19:27::資料行 'Relationship' 不屬於資料表 Families。

2021-07-23 15:19:27::資料行 'Relationship' 不屬於資料表 Families。

2021-07-23 15:19:27::資料行 'Relationship' 不屬於資料表 Families。

2021-07-23 15:19:28::資料行 'Relationship' 不屬於資料表 Families。

2021-07-23 15:19:28::資料行 'Relationship' 不屬於資料表 Families。

2021-07-23 15:19:28::資料行 'Relationship' 不屬於資料表 Families。

2021-07-23 15:19:28::資料行 'Relationship' 不屬於資料表 Families。

2021-07-23 15:19:28::資料行 'Relationship' 不屬於資料表 Families。

2021-07-23 15:19:28::資料行 'Relationship' 不屬於資料表 Families。

2021-07-23 15:19:29::資料行 'Relationship' 不屬於資料表 Families。

2021-07-23 15:19:29::資料行 'Relationship' 不屬於資料表 Families。

2021-07-23 15:19:29::資料行 'Relationship' 不屬於資料表 Families。

2021-07-23 15:19:29::資料行 'Relationship' 不屬於資料表 Families。

2021-07-23 15:19:29::資料行 'Relationship' 不屬於資料表 Families。

2021-07-23 15:19:29::資料行 'Relationship' 不屬於資料表 Families。

2021-07-23 15:19:30::資料行 'Relationship' 不屬於資料表 Families。

2021-07-23 15:19:30::資料行 'Relationship' 不屬於資料表 Families。

2021-07-23 15:19:30::資料行 'Relationship' 不屬於資料表 Families。

2021-07-23 15:19:30::資料行 'Relationship' 不屬於資料表 Families。

2021-07-23 15:19:30::資料行 'Relationship' 不屬於資料表 Families。

2021-07-23 15:19:30::資料行 'Relationship' 不屬於資料表 Families。

2021-07-23 15:19:31::資料行 'Relationship' 不屬於資料表 Families。

2021-07-23 15:19:31::資料行 'Relationship' 不屬於資料表 Families。

2021-07-23 15:19:31::資料行 'Relationship' 不屬於資料表 Families。

2021-07-23 15:19:31::資料行 'Relationship' 不屬於資料表 Families。

2021-07-23 15:19:31::資料行 'Relationship' 不屬於資料表 Families。

2021-07-23 15:19:31::資料行 'Relationship' 不屬於資料表 Families。

2021-07-23 15:19:32::資料行 'Relationship' 不屬於資料表 Families。

2021-07-23 15:19:32::資料行 'Relationship' 不屬於資料表 Families。

2021-07-23 15:19:32::資料行 'Relationship' 不屬於資料表 Families。

2021-07-23 15:19:32::資料行 'Relationship' 不屬於資料表 Families。

2021-07-23 15:19:32::資料行 'Relationship' 不屬於資料表 Families。

2021-07-23 16:06:23::資料行 'Relationship' 不屬於資料表 Families。

2021-07-23 16:06:24::資料行 'Relationship' 不屬於資料表 Families。

2021-07-23 16:06:25::資料行 'Relationship' 不屬於資料表 Families。

2021-07-23 16:06:25::資料行 'Relationship' 不屬於資料表 Families。

2021-07-23 16:06:25::資料行 'Relationship' 不屬於資料表 Families。

