2021-07-18 13:53:01::資料來源的型別 String 指定值無法轉換成指定目標資料行的型別 nvarchar。

2021-07-18 13:53:01::資料來源的型別 String 指定值無法轉換成指定目標資料行的型別 nvarchar。

2021-07-18 13:53:03::資料來源的型別 String 指定值無法轉換成指定目標資料行的型別 nvarchar。

2021-07-18 13:53:03::資料來源的型別 String 指定值無法轉換成指定目標資料行的型別 nvarchar。

2021-07-18 13:53:04::資料來源的型別 String 指定值無法轉換成指定目標資料行的型別 nvarchar。

2021-07-18 13:53:04::資料來源的型別 String 指定值無法轉換成指定目標資料行的型別 nvarchar。

2021-07-18 13:53:04::資料來源的型別 String 指定值無法轉換成指定目標資料行的型別 nvarchar。

2021-07-18 13:53:04::資料來源的型別 String 指定值無法轉換成指定目標資料行的型別 nvarchar。

2021-07-18 13:53:05::資料來源的型別 String 指定值無法轉換成指定目標資料行的型別 nvarchar。

2021-07-18 13:53:05::資料來源的型別 String 指定值無法轉換成指定目標資料行的型別 nvarchar。

2021-07-18 13:53:05::資料來源的型別 String 指定值無法轉換成指定目標資料行的型別 nvarchar。

2021-07-18 13:53:05::資料來源的型別 String 指定值無法轉換成指定目標資料行的型別 nvarchar。

2021-07-18 13:53:06::資料來源的型別 String 指定值無法轉換成指定目標資料行的型別 nvarchar。

2021-07-18 13:53:06::資料來源的型別 String 指定值無法轉換成指定目標資料行的型別 nvarchar。

2021-07-18 13:53:06::資料來源的型別 String 指定值無法轉換成指定目標資料行的型別 nvarchar。

2021-07-18 13:53:06::資料來源的型別 String 指定值無法轉換成指定目標資料行的型別 nvarchar。

2021-07-18 13:53:12::資料來源的型別 String 指定值無法轉換成指定目標資料行的型別 nvarchar。

2021-07-18 13:53:12::資料來源的型別 String 指定值無法轉換成指定目標資料行的型別 nvarchar。

2021-07-18 13:53:13::資料來源的型別 String 指定值無法轉換成指定目標資料行的型別 nvarchar。

2021-07-18 13:53:13::資料來源的型別 String 指定值無法轉換成指定目標資料行的型別 nvarchar。

2021-07-18 13:53:13::資料來源的型別 String 指定值無法轉換成指定目標資料行的型別 nvarchar。

2021-07-18 13:53:13::資料來源的型別 String 指定值無法轉換成指定目標資料行的型別 nvarchar。

2021-07-18 13:53:13::資料來源的型別 String 指定值無法轉換成指定目標資料行的型別 nvarchar。

2021-07-18 13:53:13::資料來源的型別 String 指定值無法轉換成指定目標資料行的型別 nvarchar。

2021-07-18 13:53:13::資料來源的型別 String 指定值無法轉換成指定目標資料行的型別 nvarchar。

2021-07-18 13:53:13::資料來源的型別 String 指定值無法轉換成指定目標資料行的型別 nvarchar。

2021-07-18 13:53:14::資料來源的型別 String 指定值無法轉換成指定目標資料行的型別 nvarchar。

2021-07-18 13:53:14::資料來源的型別 String 指定值無法轉換成指定目標資料行的型別 nvarchar。

2021-07-18 13:53:14::資料來源的型別 String 指定值無法轉換成指定目標資料行的型別 nvarchar。

2021-07-18 13:53:14::資料來源的型別 String 指定值無法轉換成指定目標資料行的型別 nvarchar。

2021-07-18 13:53:14::資料來源的型別 String 指定值無法轉換成指定目標資料行的型別 nvarchar。

2021-07-18 13:53:14::資料來源的型別 String 指定值無法轉換成指定目標資料行的型別 nvarchar。

2021-07-18 13:53:14::資料來源的型別 String 指定值無法轉換成指定目標資料行的型別 nvarchar。

2021-07-18 13:53:14::資料來源的型別 String 指定值無法轉換成指定目標資料行的型別 nvarchar。

2021-07-18 13:53:14::資料來源的型別 String 指定值無法轉換成指定目標資料行的型別 nvarchar。

2021-07-18 13:53:14::資料來源的型別 String 指定值無法轉換成指定目標資料行的型別 nvarchar。

2021-07-18 13:53:14::資料來源的型別 String 指定值無法轉換成指定目標資料行的型別 nvarchar。

2021-07-18 13:53:14::資料來源的型別 String 指定值無法轉換成指定目標資料行的型別 nvarchar。

2021-07-18 13:53:15::資料來源的型別 String 指定值無法轉換成指定目標資料行的型別 nvarchar。

2021-07-18 13:53:15::資料來源的型別 String 指定值無法轉換成指定目標資料行的型別 nvarchar。

2021-07-18 13:53:17::資料來源的型別 String 指定值無法轉換成指定目標資料行的型別 nvarchar。

2021-07-18 13:53:17::資料來源的型別 String 指定值無法轉換成指定目標資料行的型別 nvarchar。

2021-07-18 13:53:18::資料來源的型別 String 指定值無法轉換成指定目標資料行的型別 nvarchar。

2021-07-18 13:53:18::資料來源的型別 String 指定值無法轉換成指定目標資料行的型別 nvarchar。

2021-07-18 13:53:18::資料來源的型別 String 指定值無法轉換成指定目標資料行的型別 nvarchar。

2021-07-18 13:53:18::資料來源的型別 String 指定值無法轉換成指定目標資料行的型別 nvarchar。

2021-07-18 13:53:18::資料來源的型別 String 指定值無法轉換成指定目標資料行的型別 nvarchar。

2021-07-18 13:53:18::資料來源的型別 String 指定值無法轉換成指定目標資料行的型別 nvarchar。

2021-07-18 13:53:23::資料來源的型別 String 指定值無法轉換成指定目標資料行的型別 nvarchar。

2021-07-18 13:53:23::資料來源的型別 String 指定值無法轉換成指定目標資料行的型別 nvarchar。

2021-07-18 13:53:24::資料來源的型別 String 指定值無法轉換成指定目標資料行的型別 nvarchar。

2021-07-18 13:53:24::資料來源的型別 String 指定值無法轉換成指定目標資料行的型別 nvarchar。

2021-07-18 13:53:24::資料來源的型別 String 指定值無法轉換成指定目標資料行的型別 nvarchar。

2021-07-18 13:53:24::資料來源的型別 String 指定值無法轉換成指定目標資料行的型別 nvarchar。

2021-07-18 13:53:24::資料來源的型別 String 指定值無法轉換成指定目標資料行的型別 nvarchar。

2021-07-18 13:53:24::資料來源的型別 String 指定值無法轉換成指定目標資料行的型別 nvarchar。

2021-07-18 13:53:26::資料來源的型別 String 指定值無法轉換成指定目標資料行的型別 nvarchar。

2021-07-18 13:53:26::資料來源的型別 String 指定值無法轉換成指定目標資料行的型別 nvarchar。

2021-07-18 13:53:57::資料來源的型別 String 指定值無法轉換成指定目標資料行的型別 nvarchar。

2021-07-18 13:53:57::資料來源的型別 String 指定值無法轉換成指定目標資料行的型別 nvarchar。

2021-07-18 13:53:58::資料來源的型別 String 指定值無法轉換成指定目標資料行的型別 nvarchar。

2021-07-18 13:53:58::資料來源的型別 String 指定值無法轉換成指定目標資料行的型別 nvarchar。

2021-07-18 13:53:58::資料來源的型別 String 指定值無法轉換成指定目標資料行的型別 nvarchar。

2021-07-18 13:53:58::資料來源的型別 String 指定值無法轉換成指定目標資料行的型別 nvarchar。

2021-07-18 13:57:22::資料來源的型別 String 指定值無法轉換成指定目標資料行的型別 nvarchar。

2021-07-18 13:57:22::資料來源的型別 String 指定值無法轉換成指定目標資料行的型別 nvarchar。

2021-07-18 13:57:23::資料來源的型別 String 指定值無法轉換成指定目標資料行的型別 nvarchar。

2021-07-18 13:57:23::資料來源的型別 String 指定值無法轉換成指定目標資料行的型別 nvarchar。

2021-07-18 13:57:24::資料來源的型別 String 指定值無法轉換成指定目標資料行的型別 nvarchar。

2021-07-18 13:57:24::資料來源的型別 String 指定值無法轉換成指定目標資料行的型別 nvarchar。

2021-07-18 13:57:25::資料來源的型別 String 指定值無法轉換成指定目標資料行的型別 nvarchar。

2021-07-18 13:57:25::資料來源的型別 String 指定值無法轉換成指定目標資料行的型別 nvarchar。

2021-07-18 13:57:25::資料來源的型別 String 指定值無法轉換成指定目標資料行的型別 nvarchar。

2021-07-18 13:57:25::資料來源的型別 String 指定值無法轉換成指定目標資料行的型別 nvarchar。

2021-07-18 13:57:25::資料來源的型別 String 指定值無法轉換成指定目標資料行的型別 nvarchar。

2021-07-18 13:57:25::資料來源的型別 String 指定值無法轉換成指定目標資料行的型別 nvarchar。

2021-07-18 13:57:25::資料來源的型別 String 指定值無法轉換成指定目標資料行的型別 nvarchar。

2021-07-18 13:57:25::資料來源的型別 String 指定值無法轉換成指定目標資料行的型別 nvarchar。

2021-07-18 13:57:25::資料來源的型別 String 指定值無法轉換成指定目標資料行的型別 nvarchar。

2021-07-18 13:57:26::資料來源的型別 String 指定值無法轉換成指定目標資料行的型別 nvarchar。

2021-07-18 13:57:26::資料來源的型別 String 指定值無法轉換成指定目標資料行的型別 nvarchar。

2021-07-18 13:57:26::資料來源的型別 String 指定值無法轉換成指定目標資料行的型別 nvarchar。

2021-07-18 13:57:26::資料來源的型別 String 指定值無法轉換成指定目標資料行的型別 nvarchar。

2021-07-18 13:57:26::資料來源的型別 String 指定值無法轉換成指定目標資料行的型別 nvarchar。

2021-07-18 13:57:26::資料來源的型別 String 指定值無法轉換成指定目標資料行的型別 nvarchar。

2021-07-18 13:57:26::資料來源的型別 String 指定值無法轉換成指定目標資料行的型別 nvarchar。

2021-07-18 13:57:26::資料來源的型別 String 指定值無法轉換成指定目標資料行的型別 nvarchar。

2021-07-18 13:57:26::資料來源的型別 String 指定值無法轉換成指定目標資料行的型別 nvarchar。

2021-07-18 13:57:26::資料來源的型別 String 指定值無法轉換成指定目標資料行的型別 nvarchar。

2021-07-18 13:57:26::資料來源的型別 String 指定值無法轉換成指定目標資料行的型別 nvarchar。

2021-07-18 13:57:27::資料來源的型別 String 指定值無法轉換成指定目標資料行的型別 nvarchar。

2021-07-18 13:57:27::資料來源的型別 String 指定值無法轉換成指定目標資料行的型別 nvarchar。

2021-07-18 13:57:27::資料來源的型別 String 指定值無法轉換成指定目標資料行的型別 nvarchar。

2021-07-18 13:57:27::資料來源的型別 String 指定值無法轉換成指定目標資料行的型別 nvarchar。

2021-07-18 13:57:27::資料來源的型別 String 指定值無法轉換成指定目標資料行的型別 nvarchar。

2021-07-18 13:57:27::資料來源的型別 String 指定值無法轉換成指定目標資料行的型別 nvarchar。

2021-07-18 13:57:27::資料來源的型別 String 指定值無法轉換成指定目標資料行的型別 nvarchar。

2021-07-18 13:57:27::資料來源的型別 String 指定值無法轉換成指定目標資料行的型別 nvarchar。

2021-07-18 13:57:27::資料來源的型別 String 指定值無法轉換成指定目標資料行的型別 nvarchar。

2021-07-18 13:57:27::資料來源的型別 String 指定值無法轉換成指定目標資料行的型別 nvarchar。

2021-07-18 13:57:28::資料來源的型別 String 指定值無法轉換成指定目標資料行的型別 nvarchar。

2021-07-18 13:57:28::資料來源的型別 String 指定值無法轉換成指定目標資料行的型別 nvarchar。

2021-07-18 13:57:28::資料來源的型別 String 指定值無法轉換成指定目標資料行的型別 nvarchar。

2021-07-18 13:57:28::資料來源的型別 String 指定值無法轉換成指定目標資料行的型別 nvarchar。

2021-07-18 13:57:28::資料來源的型別 String 指定值無法轉換成指定目標資料行的型別 nvarchar。

2021-07-18 13:57:28::資料來源的型別 String 指定值無法轉換成指定目標資料行的型別 nvarchar。

2021-07-18 13:57:28::資料來源的型別 String 指定值無法轉換成指定目標資料行的型別 nvarchar。

2021-07-18 13:57:28::資料來源的型別 String 指定值無法轉換成指定目標資料行的型別 nvarchar。

2021-07-18 13:57:28::資料來源的型別 String 指定值無法轉換成指定目標資料行的型別 nvarchar。

2021-07-18 13:57:28::資料來源的型別 String 指定值無法轉換成指定目標資料行的型別 nvarchar。

2021-07-18 13:57:28::資料來源的型別 String 指定值無法轉換成指定目標資料行的型別 nvarchar。

2021-07-18 13:57:28::資料來源的型別 String 指定值無法轉換成指定目標資料行的型別 nvarchar。

2021-07-18 13:57:29::資料來源的型別 String 指定值無法轉換成指定目標資料行的型別 nvarchar。

2021-07-18 13:57:29::資料來源的型別 String 指定值無法轉換成指定目標資料行的型別 nvarchar。

2021-07-18 13:57:29::資料來源的型別 String 指定值無法轉換成指定目標資料行的型別 nvarchar。

2021-07-18 13:57:29::資料來源的型別 String 指定值無法轉換成指定目標資料行的型別 nvarchar。

2021-07-18 13:57:29::資料來源的型別 String 指定值無法轉換成指定目標資料行的型別 nvarchar。

2021-07-18 13:57:29::資料來源的型別 String 指定值無法轉換成指定目標資料行的型別 nvarchar。

2021-07-18 13:57:29::資料來源的型別 String 指定值無法轉換成指定目標資料行的型別 nvarchar。

2021-07-18 13:57:29::資料來源的型別 String 指定值無法轉換成指定目標資料行的型別 nvarchar。

2021-07-18 13:57:29::資料來源的型別 String 指定值無法轉換成指定目標資料行的型別 nvarchar。

2021-07-18 13:57:29::資料來源的型別 String 指定值無法轉換成指定目標資料行的型別 nvarchar。

2021-07-18 13:57:29::資料來源的型別 String 指定值無法轉換成指定目標資料行的型別 nvarchar。

2021-07-18 13:57:29::資料來源的型別 String 指定值無法轉換成指定目標資料行的型別 nvarchar。

2021-07-18 13:57:30::資料來源的型別 String 指定值無法轉換成指定目標資料行的型別 nvarchar。

2021-07-18 13:57:30::資料來源的型別 String 指定值無法轉換成指定目標資料行的型別 nvarchar。

2021-07-18 13:57:30::資料來源的型別 String 指定值無法轉換成指定目標資料行的型別 nvarchar。

2021-07-18 13:57:30::資料來源的型別 String 指定值無法轉換成指定目標資料行的型別 nvarchar。

2021-07-18 13:57:30::資料來源的型別 String 指定值無法轉換成指定目標資料行的型別 nvarchar。

2021-07-18 13:57:30::資料來源的型別 String 指定值無法轉換成指定目標資料行的型別 nvarchar。

2021-07-18 13:57:30::資料來源的型別 String 指定值無法轉換成指定目標資料行的型別 nvarchar。

2021-07-18 13:57:30::資料來源的型別 String 指定值無法轉換成指定目標資料行的型別 nvarchar。

2021-07-18 13:57:30::資料來源的型別 String 指定值無法轉換成指定目標資料行的型別 nvarchar。

2021-07-18 13:57:30::資料來源的型別 String 指定值無法轉換成指定目標資料行的型別 nvarchar。

2021-07-18 13:57:31::資料來源的型別 String 指定值無法轉換成指定目標資料行的型別 nvarchar。

2021-07-18 13:57:31::資料來源的型別 String 指定值無法轉換成指定目標資料行的型別 nvarchar。

2021-07-18 13:57:31::資料來源的型別 String 指定值無法轉換成指定目標資料行的型別 nvarchar。

2021-07-18 13:57:31::資料來源的型別 String 指定值無法轉換成指定目標資料行的型別 nvarchar。

2021-07-18 13:57:32::已經開啟一個與這個 Command 相關的 DataReader，必須先將它關閉。

2021-07-18 13:57:32::並未將物件參考設定為物件的執行個體。

2021-07-18 13:57:32::並未將物件參考設定為物件的執行個體。

2021-07-18 13:57:32::資料來源的型別 String 指定值無法轉換成指定目標資料行的型別 nvarchar。

2021-07-18 13:57:32::資料來源的型別 String 指定值無法轉換成指定目標資料行的型別 nvarchar。

2021-07-18 13:57:32::資料來源的型別 String 指定值無法轉換成指定目標資料行的型別 nvarchar。

2021-07-18 13:57:32::資料來源的型別 String 指定值無法轉換成指定目標資料行的型別 nvarchar。

2021-07-18 13:57:33::已經開啟一個與這個 Command 相關的 DataReader，必須先將它關閉。

2021-07-18 13:57:33::並未將物件參考設定為物件的執行個體。

2021-07-18 13:57:33::並未將物件參考設定為物件的執行個體。

2021-07-18 13:57:33::資料來源的型別 String 指定值無法轉換成指定目標資料行的型別 nvarchar。

2021-07-18 13:57:33::資料來源的型別 String 指定值無法轉換成指定目標資料行的型別 nvarchar。

2021-07-18 13:57:33::資料來源的型別 String 指定值無法轉換成指定目標資料行的型別 nvarchar。

2021-07-18 13:57:33::資料來源的型別 String 指定值無法轉換成指定目標資料行的型別 nvarchar。

2021-07-18 13:57:33::資料來源的型別 String 指定值無法轉換成指定目標資料行的型別 nvarchar。

2021-07-18 13:57:33::資料來源的型別 String 指定值無法轉換成指定目標資料行的型別 nvarchar。

2021-07-18 13:57:33::資料來源的型別 String 指定值無法轉換成指定目標資料行的型別 nvarchar。

2021-07-18 13:57:33::資料來源的型別 String 指定值無法轉換成指定目標資料行的型別 nvarchar。

2021-07-18 13:57:34::資料來源的型別 String 指定值無法轉換成指定目標資料行的型別 nvarchar。

2021-07-18 13:57:34::資料來源的型別 String 指定值無法轉換成指定目標資料行的型別 nvarchar。

2021-07-18 13:57:34::資料來源的型別 String 指定值無法轉換成指定目標資料行的型別 nvarchar。

2021-07-18 13:57:34::資料來源的型別 String 指定值無法轉換成指定目標資料行的型別 nvarchar。

2021-07-18 13:57:34::資料來源的型別 String 指定值無法轉換成指定目標資料行的型別 nvarchar。

2021-07-18 13:57:34::資料來源的型別 String 指定值無法轉換成指定目標資料行的型別 nvarchar。

2021-07-18 13:57:34::資料來源的型別 String 指定值無法轉換成指定目標資料行的型別 nvarchar。

2021-07-18 13:57:34::資料來源的型別 String 指定值無法轉換成指定目標資料行的型別 nvarchar。

2021-07-18 13:57:34::資料來源的型別 String 指定值無法轉換成指定目標資料行的型別 nvarchar。

2021-07-18 13:57:34::資料來源的型別 String 指定值無法轉換成指定目標資料行的型別 nvarchar。

2021-07-18 13:57:35::資料來源的型別 String 指定值無法轉換成指定目標資料行的型別 nvarchar。

2021-07-18 13:57:35::資料來源的型別 String 指定值無法轉換成指定目標資料行的型別 nvarchar。

2021-07-18 13:57:35::資料來源的型別 String 指定值無法轉換成指定目標資料行的型別 nvarchar。

2021-07-18 13:57:35::資料來源的型別 String 指定值無法轉換成指定目標資料行的型別 nvarchar。

2021-07-18 13:57:35::資料來源的型別 String 指定值無法轉換成指定目標資料行的型別 nvarchar。

2021-07-18 13:57:35::資料來源的型別 String 指定值無法轉換成指定目標資料行的型別 nvarchar。

2021-07-18 13:57:35::資料來源的型別 String 指定值無法轉換成指定目標資料行的型別 nvarchar。

2021-07-18 13:57:35::資料來源的型別 String 指定值無法轉換成指定目標資料行的型別 nvarchar。

2021-07-18 13:57:35::資料來源的型別 String 指定值無法轉換成指定目標資料行的型別 nvarchar。

2021-07-18 13:57:35::資料來源的型別 String 指定值無法轉換成指定目標資料行的型別 nvarchar。

2021-07-18 13:57:35::資料來源的型別 String 指定值無法轉換成指定目標資料行的型別 nvarchar。

2021-07-18 13:57:35::資料來源的型別 String 指定值無法轉換成指定目標資料行的型別 nvarchar。

2021-07-18 13:57:36::資料來源的型別 String 指定值無法轉換成指定目標資料行的型別 nvarchar。

2021-07-18 13:57:36::資料來源的型別 String 指定值無法轉換成指定目標資料行的型別 nvarchar。

2021-07-18 13:57:36::資料來源的型別 String 指定值無法轉換成指定目標資料行的型別 nvarchar。

2021-07-18 13:57:36::資料來源的型別 String 指定值無法轉換成指定目標資料行的型別 nvarchar。

2021-07-18 13:57:36::資料來源的型別 String 指定值無法轉換成指定目標資料行的型別 nvarchar。

2021-07-18 13:57:36::資料來源的型別 String 指定值無法轉換成指定目標資料行的型別 nvarchar。

2021-07-18 13:57:36::資料來源的型別 String 指定值無法轉換成指定目標資料行的型別 nvarchar。

2021-07-18 13:57:36::資料來源的型別 String 指定值無法轉換成指定目標資料行的型別 nvarchar。

2021-07-18 13:57:36::資料來源的型別 String 指定值無法轉換成指定目標資料行的型別 nvarchar。

2021-07-18 13:57:36::資料來源的型別 String 指定值無法轉換成指定目標資料行的型別 nvarchar。

2021-07-18 13:57:38::資料來源的型別 String 指定值無法轉換成指定目標資料行的型別 nvarchar。

2021-07-18 13:57:38::資料來源的型別 String 指定值無法轉換成指定目標資料行的型別 nvarchar。

2021-07-18 13:57:38::資料來源的型別 String 指定值無法轉換成指定目標資料行的型別 nvarchar。

2021-07-18 13:57:38::資料來源的型別 String 指定值無法轉換成指定目標資料行的型別 nvarchar。

2021-07-18 13:57:38::資料來源的型別 String 指定值無法轉換成指定目標資料行的型別 nvarchar。

2021-07-18 13:57:38::資料來源的型別 String 指定值無法轉換成指定目標資料行的型別 nvarchar。

2021-07-18 13:57:38::資料來源的型別 String 指定值無法轉換成指定目標資料行的型別 nvarchar。

2021-07-18 13:57:38::資料來源的型別 String 指定值無法轉換成指定目標資料行的型別 nvarchar。

2021-07-18 13:57:38::資料來源的型別 String 指定值無法轉換成指定目標資料行的型別 nvarchar。

2021-07-18 13:57:38::資料來源的型別 String 指定值無法轉換成指定目標資料行的型別 nvarchar。

2021-07-18 13:57:39::資料來源的型別 String 指定值無法轉換成指定目標資料行的型別 nvarchar。

2021-07-18 13:57:39::資料來源的型別 String 指定值無法轉換成指定目標資料行的型別 nvarchar。

2021-07-18 13:57:39::資料來源的型別 String 指定值無法轉換成指定目標資料行的型別 nvarchar。

2021-07-18 13:57:39::資料來源的型別 String 指定值無法轉換成指定目標資料行的型別 nvarchar。

2021-07-18 13:57:39::資料來源的型別 String 指定值無法轉換成指定目標資料行的型別 nvarchar。

2021-07-18 13:57:39::資料來源的型別 String 指定值無法轉換成指定目標資料行的型別 nvarchar。

2021-07-18 13:57:39::資料來源的型別 String 指定值無法轉換成指定目標資料行的型別 nvarchar。

2021-07-18 13:57:39::資料來源的型別 String 指定值無法轉換成指定目標資料行的型別 nvarchar。

2021-07-18 13:57:39::資料來源的型別 String 指定值無法轉換成指定目標資料行的型別 nvarchar。

2021-07-18 13:57:39::資料來源的型別 String 指定值無法轉換成指定目標資料行的型別 nvarchar。

2021-07-18 13:57:39::資料來源的型別 String 指定值無法轉換成指定目標資料行的型別 nvarchar。

2021-07-18 13:57:39::資料來源的型別 String 指定值無法轉換成指定目標資料行的型別 nvarchar。

2021-07-18 13:57:40::資料來源的型別 String 指定值無法轉換成指定目標資料行的型別 nvarchar。

2021-07-18 13:57:40::資料來源的型別 String 指定值無法轉換成指定目標資料行的型別 nvarchar。

2021-07-18 14:00:19::資料來源的型別 String 指定值無法轉換成指定目標資料行的型別 nvarchar。

2021-07-18 14:00:19::資料來源的型別 String 指定值無法轉換成指定目標資料行的型別 nvarchar。

2021-07-18 14:00:20::資料來源的型別 String 指定值無法轉換成指定目標資料行的型別 nvarchar。

2021-07-18 14:00:20::資料來源的型別 String 指定值無法轉換成指定目標資料行的型別 nvarchar。

2021-07-18 14:00:21::資料來源的型別 String 指定值無法轉換成指定目標資料行的型別 nvarchar。

2021-07-18 14:00:21::資料來源的型別 String 指定值無法轉換成指定目標資料行的型別 nvarchar。

2021-07-18 14:00:24::資料來源的型別 String 指定值無法轉換成指定目標資料行的型別 nvarchar。

2021-07-18 14:00:24::資料來源的型別 String 指定值無法轉換成指定目標資料行的型別 nvarchar。

2021-07-18 14:00:24::資料來源的型別 String 指定值無法轉換成指定目標資料行的型別 nvarchar。

2021-07-18 14:00:24::資料來源的型別 String 指定值無法轉換成指定目標資料行的型別 nvarchar。

2021-07-18 14:00:24::資料來源的型別 String 指定值無法轉換成指定目標資料行的型別 nvarchar。

2021-07-18 14:00:24::資料來源的型別 String 指定值無法轉換成指定目標資料行的型別 nvarchar。

2021-07-18 14:00:24::資料來源的型別 String 指定值無法轉換成指定目標資料行的型別 nvarchar。

2021-07-18 14:00:24::資料來源的型別 String 指定值無法轉換成指定目標資料行的型別 nvarchar。

2021-07-18 14:00:26::資料來源的型別 String 指定值無法轉換成指定目標資料行的型別 nvarchar。

2021-07-18 14:00:26::資料來源的型別 String 指定值無法轉換成指定目標資料行的型別 nvarchar。

2021-07-18 14:00:26::資料來源的型別 String 指定值無法轉換成指定目標資料行的型別 nvarchar。

2021-07-18 14:00:26::資料來源的型別 String 指定值無法轉換成指定目標資料行的型別 nvarchar。

2021-07-18 14:00:29::資料來源的型別 String 指定值無法轉換成指定目標資料行的型別 nvarchar。

2021-07-18 14:00:29::資料來源的型別 String 指定值無法轉換成指定目標資料行的型別 nvarchar。

2021-07-18 14:00:30::資料來源的型別 String 指定值無法轉換成指定目標資料行的型別 nvarchar。

2021-07-18 14:00:30::資料來源的型別 String 指定值無法轉換成指定目標資料行的型別 nvarchar。

2021-07-18 14:00:30::資料來源的型別 String 指定值無法轉換成指定目標資料行的型別 nvarchar。

2021-07-18 14:00:30::資料來源的型別 String 指定值無法轉換成指定目標資料行的型別 nvarchar。

2021-07-18 14:00:50::資料來源的型別 String 指定值無法轉換成指定目標資料行的型別 nvarchar。

2021-07-18 14:00:50::資料來源的型別 String 指定值無法轉換成指定目標資料行的型別 nvarchar。

2021-07-18 14:00:51::資料來源的型別 String 指定值無法轉換成指定目標資料行的型別 nvarchar。

2021-07-18 14:00:51::資料來源的型別 String 指定值無法轉換成指定目標資料行的型別 nvarchar。

2021-07-18 14:04:08::資料來源的型別 String 指定值無法轉換成指定目標資料行的型別 nvarchar。

2021-07-18 14:04:08::資料來源的型別 String 指定值無法轉換成指定目標資料行的型別 nvarchar。

2021-07-18 14:04:08::資料來源的型別 String 指定值無法轉換成指定目標資料行的型別 nvarchar。

2021-07-18 14:04:08::資料來源的型別 String 指定值無法轉換成指定目標資料行的型別 nvarchar。

2021-07-18 14:04:08::資料來源的型別 String 指定值無法轉換成指定目標資料行的型別 nvarchar。

2021-07-18 14:04:08::資料來源的型別 String 指定值無法轉換成指定目標資料行的型別 nvarchar。

2021-07-18 14:04:09::資料來源的型別 String 指定值無法轉換成指定目標資料行的型別 nvarchar。

2021-07-18 14:04:09::資料來源的型別 String 指定值無法轉換成指定目標資料行的型別 nvarchar。

2021-07-18 14:04:09::資料來源的型別 String 指定值無法轉換成指定目標資料行的型別 nvarchar。

2021-07-18 14:04:09::資料來源的型別 String 指定值無法轉換成指定目標資料行的型別 nvarchar。

2021-07-18 14:04:09::資料來源的型別 String 指定值無法轉換成指定目標資料行的型別 nvarchar。

2021-07-18 14:04:09::資料來源的型別 String 指定值無法轉換成指定目標資料行的型別 nvarchar。

2021-07-18 14:04:09::資料來源的型別 String 指定值無法轉換成指定目標資料行的型別 nvarchar。

2021-07-18 14:04:09::資料來源的型別 String 指定值無法轉換成指定目標資料行的型別 nvarchar。

2021-07-18 14:04:09::資料來源的型別 String 指定值無法轉換成指定目標資料行的型別 nvarchar。

2021-07-18 14:04:09::資料來源的型別 String 指定值無法轉換成指定目標資料行的型別 nvarchar。

2021-07-18 14:04:09::資料來源的型別 String 指定值無法轉換成指定目標資料行的型別 nvarchar。

2021-07-18 14:04:09::資料來源的型別 String 指定值無法轉換成指定目標資料行的型別 nvarchar。

2021-07-18 14:04:10::資料來源的型別 String 指定值無法轉換成指定目標資料行的型別 nvarchar。

2021-07-18 14:04:10::資料來源的型別 String 指定值無法轉換成指定目標資料行的型別 nvarchar。

2021-07-18 14:04:10::資料來源的型別 String 指定值無法轉換成指定目標資料行的型別 nvarchar。

2021-07-18 14:04:10::資料來源的型別 String 指定值無法轉換成指定目標資料行的型別 nvarchar。

2021-07-18 14:04:10::資料來源的型別 String 指定值無法轉換成指定目標資料行的型別 nvarchar。

2021-07-18 14:04:10::資料來源的型別 String 指定值無法轉換成指定目標資料行的型別 nvarchar。

2021-07-18 14:04:10::資料來源的型別 String 指定值無法轉換成指定目標資料行的型別 nvarchar。

2021-07-18 14:04:10::資料來源的型別 String 指定值無法轉換成指定目標資料行的型別 nvarchar。

2021-07-18 14:04:10::資料來源的型別 String 指定值無法轉換成指定目標資料行的型別 nvarchar。

2021-07-18 14:04:10::資料來源的型別 String 指定值無法轉換成指定目標資料行的型別 nvarchar。

2021-07-18 14:04:10::資料來源的型別 String 指定值無法轉換成指定目標資料行的型別 nvarchar。

2021-07-18 14:04:10::資料來源的型別 String 指定值無法轉換成指定目標資料行的型別 nvarchar。

2021-07-18 14:04:11::資料來源的型別 String 指定值無法轉換成指定目標資料行的型別 nvarchar。

2021-07-18 14:04:11::資料來源的型別 String 指定值無法轉換成指定目標資料行的型別 nvarchar。

2021-07-18 14:04:11::資料來源的型別 String 指定值無法轉換成指定目標資料行的型別 nvarchar。

2021-07-18 14:04:11::資料來源的型別 String 指定值無法轉換成指定目標資料行的型別 nvarchar。

2021-07-18 14:04:11::資料來源的型別 String 指定值無法轉換成指定目標資料行的型別 nvarchar。

2021-07-18 14:04:11::資料來源的型別 String 指定值無法轉換成指定目標資料行的型別 nvarchar。

2021-07-18 14:04:12::資料來源的型別 String 指定值無法轉換成指定目標資料行的型別 nvarchar。

2021-07-18 14:04:12::資料來源的型別 String 指定值無法轉換成指定目標資料行的型別 nvarchar。

2021-07-18 14:04:12::資料來源的型別 String 指定值無法轉換成指定目標資料行的型別 nvarchar。

2021-07-18 14:04:12::資料來源的型別 String 指定值無法轉換成指定目標資料行的型別 nvarchar。

2021-07-18 14:04:12::資料來源的型別 String 指定值無法轉換成指定目標資料行的型別 nvarchar。

2021-07-18 14:04:12::資料來源的型別 String 指定值無法轉換成指定目標資料行的型別 nvarchar。

2021-07-18 14:04:12::資料來源的型別 String 指定值無法轉換成指定目標資料行的型別 nvarchar。

2021-07-18 14:04:12::資料來源的型別 String 指定值無法轉換成指定目標資料行的型別 nvarchar。

2021-07-18 14:04:12::資料來源的型別 String 指定值無法轉換成指定目標資料行的型別 nvarchar。

2021-07-18 14:04:12::資料來源的型別 String 指定值無法轉換成指定目標資料行的型別 nvarchar。

2021-07-18 14:04:12::資料來源的型別 String 指定值無法轉換成指定目標資料行的型別 nvarchar。

2021-07-18 14:04:12::資料來源的型別 String 指定值無法轉換成指定目標資料行的型別 nvarchar。

2021-07-18 14:04:12::資料來源的型別 String 指定值無法轉換成指定目標資料行的型別 nvarchar。

2021-07-18 14:04:12::資料來源的型別 String 指定值無法轉換成指定目標資料行的型別 nvarchar。

2021-07-18 14:04:13::資料來源的型別 String 指定值無法轉換成指定目標資料行的型別 nvarchar。

2021-07-18 14:04:13::資料來源的型別 String 指定值無法轉換成指定目標資料行的型別 nvarchar。

2021-07-18 14:04:13::資料來源的型別 String 指定值無法轉換成指定目標資料行的型別 nvarchar。

2021-07-18 14:04:13::資料來源的型別 String 指定值無法轉換成指定目標資料行的型別 nvarchar。

2021-07-18 14:04:13::資料來源的型別 String 指定值無法轉換成指定目標資料行的型別 nvarchar。

2021-07-18 14:04:13::資料來源的型別 String 指定值無法轉換成指定目標資料行的型別 nvarchar。

2021-07-18 14:04:19::資料來源的型別 String 指定值無法轉換成指定目標資料行的型別 nvarchar。

2021-07-18 14:04:19::資料來源的型別 String 指定值無法轉換成指定目標資料行的型別 nvarchar。

2021-07-18 14:04:20::資料來源的型別 String 指定值無法轉換成指定目標資料行的型別 nvarchar。

2021-07-18 14:04:20::資料來源的型別 String 指定值無法轉換成指定目標資料行的型別 nvarchar。

2021-07-18 14:04:20::資料來源的型別 String 指定值無法轉換成指定目標資料行的型別 nvarchar。

2021-07-18 14:04:20::資料來源的型別 String 指定值無法轉換成指定目標資料行的型別 nvarchar。

2021-07-18 14:04:20::資料來源的型別 String 指定值無法轉換成指定目標資料行的型別 nvarchar。

2021-07-18 14:04:20::資料來源的型別 String 指定值無法轉換成指定目標資料行的型別 nvarchar。

2021-07-18 14:04:20::資料來源的型別 String 指定值無法轉換成指定目標資料行的型別 nvarchar。

2021-07-18 14:04:20::資料來源的型別 String 指定值無法轉換成指定目標資料行的型別 nvarchar。

2021-07-18 14:04:20::資料來源的型別 String 指定值無法轉換成指定目標資料行的型別 nvarchar。

2021-07-18 14:04:20::資料來源的型別 String 指定值無法轉換成指定目標資料行的型別 nvarchar。

2021-07-18 14:04:26::資料來源的型別 String 指定值無法轉換成指定目標資料行的型別 nvarchar。

2021-07-18 14:04:26::資料來源的型別 String 指定值無法轉換成指定目標資料行的型別 nvarchar。

2021-07-18 14:04:27::資料來源的型別 String 指定值無法轉換成指定目標資料行的型別 nvarchar。

2021-07-18 14:04:27::資料來源的型別 String 指定值無法轉換成指定目標資料行的型別 nvarchar。

2021-07-18 14:04:27::資料來源的型別 String 指定值無法轉換成指定目標資料行的型別 nvarchar。

2021-07-18 14:04:27::資料來源的型別 String 指定值無法轉換成指定目標資料行的型別 nvarchar。

2021-07-18 14:04:27::資料來源的型別 String 指定值無法轉換成指定目標資料行的型別 nvarchar。

2021-07-18 14:04:27::資料來源的型別 String 指定值無法轉換成指定目標資料行的型別 nvarchar。

2021-07-18 14:04:27::資料來源的型別 String 指定值無法轉換成指定目標資料行的型別 nvarchar。

2021-07-18 14:04:27::資料來源的型別 String 指定值無法轉換成指定目標資料行的型別 nvarchar。

2021-07-18 14:04:28::資料來源的型別 String 指定值無法轉換成指定目標資料行的型別 nvarchar。

2021-07-18 14:04:28::資料來源的型別 String 指定值無法轉換成指定目標資料行的型別 nvarchar。

2021-07-18 14:04:28::已經開啟一個與這個 Command 相關的 DataReader，必須先將它關閉。

2021-07-18 14:04:28::並未將物件參考設定為物件的執行個體。

2021-07-18 14:04:28::並未將物件參考設定為物件的執行個體。

2021-07-18 14:04:28::資料來源的型別 String 指定值無法轉換成指定目標資料行的型別 nvarchar。

2021-07-18 14:04:28::資料來源的型別 String 指定值無法轉換成指定目標資料行的型別 nvarchar。

2021-07-18 14:04:28::資料來源的型別 String 指定值無法轉換成指定目標資料行的型別 nvarchar。

2021-07-18 14:04:28::資料來源的型別 String 指定值無法轉換成指定目標資料行的型別 nvarchar。

2021-07-18 14:04:28::資料來源的型別 String 指定值無法轉換成指定目標資料行的型別 nvarchar。

2021-07-18 14:04:28::資料來源的型別 String 指定值無法轉換成指定目標資料行的型別 nvarchar。

2021-07-18 14:04:30::資料來源的型別 String 指定值無法轉換成指定目標資料行的型別 nvarchar。

2021-07-18 14:04:30::資料來源的型別 String 指定值無法轉換成指定目標資料行的型別 nvarchar。

2021-07-18 14:04:30::資料來源的型別 String 指定值無法轉換成指定目標資料行的型別 nvarchar。

2021-07-18 14:04:30::資料來源的型別 String 指定值無法轉換成指定目標資料行的型別 nvarchar。

2021-07-18 14:04:30::資料來源的型別 String 指定值無法轉換成指定目標資料行的型別 nvarchar。

2021-07-18 14:04:30::資料來源的型別 String 指定值無法轉換成指定目標資料行的型別 nvarchar。

2021-07-18 14:04:31::資料來源的型別 String 指定值無法轉換成指定目標資料行的型別 nvarchar。

2021-07-18 14:04:31::資料來源的型別 String 指定值無法轉換成指定目標資料行的型別 nvarchar。

2021-07-18 14:04:31::資料來源的型別 String 指定值無法轉換成指定目標資料行的型別 nvarchar。

2021-07-18 14:04:31::資料來源的型別 String 指定值無法轉換成指定目標資料行的型別 nvarchar。

2021-07-18 14:04:31::資料來源的型別 String 指定值無法轉換成指定目標資料行的型別 nvarchar。

2021-07-18 14:04:31::資料來源的型別 String 指定值無法轉換成指定目標資料行的型別 nvarchar。

2021-07-18 14:04:31::資料來源的型別 String 指定值無法轉換成指定目標資料行的型別 nvarchar。

2021-07-18 14:04:31::資料來源的型別 String 指定值無法轉換成指定目標資料行的型別 nvarchar。

2021-07-18 14:04:31::資料來源的型別 String 指定值無法轉換成指定目標資料行的型別 nvarchar。

2021-07-18 14:04:31::資料來源的型別 String 指定值無法轉換成指定目標資料行的型別 nvarchar。

2021-07-18 14:04:32::資料來源的型別 String 指定值無法轉換成指定目標資料行的型別 nvarchar。

2021-07-18 14:04:32::資料來源的型別 String 指定值無法轉換成指定目標資料行的型別 nvarchar。

2021-07-18 14:04:32::資料來源的型別 String 指定值無法轉換成指定目標資料行的型別 nvarchar。

2021-07-18 14:04:32::資料來源的型別 String 指定值無法轉換成指定目標資料行的型別 nvarchar。

2021-07-18 14:04:32::資料來源的型別 String 指定值無法轉換成指定目標資料行的型別 nvarchar。

2021-07-18 14:04:32::資料來源的型別 String 指定值無法轉換成指定目標資料行的型別 nvarchar。

2021-07-18 14:04:32::資料來源的型別 String 指定值無法轉換成指定目標資料行的型別 nvarchar。

2021-07-18 14:04:32::資料來源的型別 String 指定值無法轉換成指定目標資料行的型別 nvarchar。

2021-07-18 14:04:32::資料來源的型別 String 指定值無法轉換成指定目標資料行的型別 nvarchar。

2021-07-18 14:04:32::資料來源的型別 String 指定值無法轉換成指定目標資料行的型別 nvarchar。

2021-07-18 14:04:32::資料來源的型別 String 指定值無法轉換成指定目標資料行的型別 nvarchar。

2021-07-18 14:04:32::資料來源的型別 String 指定值無法轉換成指定目標資料行的型別 nvarchar。

2021-07-18 14:04:33::資料來源的型別 String 指定值無法轉換成指定目標資料行的型別 nvarchar。

2021-07-18 14:04:33::資料來源的型別 String 指定值無法轉換成指定目標資料行的型別 nvarchar。

2021-07-18 14:04:33::資料來源的型別 String 指定值無法轉換成指定目標資料行的型別 nvarchar。

2021-07-18 14:04:33::資料來源的型別 String 指定值無法轉換成指定目標資料行的型別 nvarchar。

2021-07-18 14:04:34::資料來源的型別 String 指定值無法轉換成指定目標資料行的型別 nvarchar。

2021-07-18 14:04:34::資料來源的型別 String 指定值無法轉換成指定目標資料行的型別 nvarchar。

2021-07-18 14:04:34::資料來源的型別 String 指定值無法轉換成指定目標資料行的型別 nvarchar。

2021-07-18 14:04:34::資料來源的型別 String 指定值無法轉換成指定目標資料行的型別 nvarchar。

2021-07-18 14:04:34::資料來源的型別 String 指定值無法轉換成指定目標資料行的型別 nvarchar。

2021-07-18 14:04:34::資料來源的型別 String 指定值無法轉換成指定目標資料行的型別 nvarchar。

2021-07-18 14:04:35::資料來源的型別 String 指定值無法轉換成指定目標資料行的型別 nvarchar。

2021-07-18 14:04:35::資料來源的型別 String 指定值無法轉換成指定目標資料行的型別 nvarchar。

2021-07-18 14:04:35::資料來源的型別 String 指定值無法轉換成指定目標資料行的型別 nvarchar。

2021-07-18 14:04:35::資料來源的型別 String 指定值無法轉換成指定目標資料行的型別 nvarchar。

2021-07-18 14:04:35::資料來源的型別 String 指定值無法轉換成指定目標資料行的型別 nvarchar。

2021-07-18 14:04:35::資料來源的型別 String 指定值無法轉換成指定目標資料行的型別 nvarchar。

2021-07-18 14:04:35::資料來源的型別 String 指定值無法轉換成指定目標資料行的型別 nvarchar。

2021-07-18 14:04:35::資料來源的型別 String 指定值無法轉換成指定目標資料行的型別 nvarchar。

2021-07-18 14:04:35::資料來源的型別 String 指定值無法轉換成指定目標資料行的型別 nvarchar。

2021-07-18 14:04:35::資料來源的型別 String 指定值無法轉換成指定目標資料行的型別 nvarchar。

2021-07-18 14:04:35::資料來源的型別 String 指定值無法轉換成指定目標資料行的型別 nvarchar。

2021-07-18 14:04:35::資料來源的型別 String 指定值無法轉換成指定目標資料行的型別 nvarchar。

2021-07-18 14:04:36::資料來源的型別 String 指定值無法轉換成指定目標資料行的型別 nvarchar。

2021-07-18 14:04:36::資料來源的型別 String 指定值無法轉換成指定目標資料行的型別 nvarchar。

2021-07-18 14:04:36::資料來源的型別 String 指定值無法轉換成指定目標資料行的型別 nvarchar。

2021-07-18 14:04:36::資料來源的型別 String 指定值無法轉換成指定目標資料行的型別 nvarchar。

2021-07-18 14:04:36::資料來源的型別 String 指定值無法轉換成指定目標資料行的型別 nvarchar。

2021-07-18 14:04:36::資料來源的型別 String 指定值無法轉換成指定目標資料行的型別 nvarchar。

2021-07-18 14:04:36::資料來源的型別 String 指定值無法轉換成指定目標資料行的型別 nvarchar。

2021-07-18 14:04:36::資料來源的型別 String 指定值無法轉換成指定目標資料行的型別 nvarchar。

2021-07-18 14:04:36::資料來源的型別 String 指定值無法轉換成指定目標資料行的型別 nvarchar。

2021-07-18 14:04:36::資料來源的型別 String 指定值無法轉換成指定目標資料行的型別 nvarchar。

2021-07-18 14:04:37::資料來源的型別 String 指定值無法轉換成指定目標資料行的型別 nvarchar。

2021-07-18 14:04:37::資料來源的型別 String 指定值無法轉換成指定目標資料行的型別 nvarchar。

2021-07-18 14:04:37::資料來源的型別 String 指定值無法轉換成指定目標資料行的型別 nvarchar。

2021-07-18 14:04:37::資料來源的型別 String 指定值無法轉換成指定目標資料行的型別 nvarchar。

2021-07-18 14:04:37::資料來源的型別 String 指定值無法轉換成指定目標資料行的型別 nvarchar。

2021-07-18 14:04:37::資料來源的型別 String 指定值無法轉換成指定目標資料行的型別 nvarchar。

2021-07-18 14:04:37::資料來源的型別 String 指定值無法轉換成指定目標資料行的型別 nvarchar。

2021-07-18 14:04:37::資料來源的型別 String 指定值無法轉換成指定目標資料行的型別 nvarchar。

2021-07-18 14:04:37::資料來源的型別 String 指定值無法轉換成指定目標資料行的型別 nvarchar。

2021-07-18 14:04:37::資料來源的型別 String 指定值無法轉換成指定目標資料行的型別 nvarchar。

2021-07-18 14:04:38::資料來源的型別 String 指定值無法轉換成指定目標資料行的型別 nvarchar。

2021-07-18 14:04:38::資料來源的型別 String 指定值無法轉換成指定目標資料行的型別 nvarchar。

2021-07-18 14:04:38::資料來源的型別 String 指定值無法轉換成指定目標資料行的型別 nvarchar。

2021-07-18 14:04:38::資料來源的型別 String 指定值無法轉換成指定目標資料行的型別 nvarchar。

2021-07-18 14:04:38::資料來源的型別 String 指定值無法轉換成指定目標資料行的型別 nvarchar。

2021-07-18 14:04:38::資料來源的型別 String 指定值無法轉換成指定目標資料行的型別 nvarchar。

2021-07-18 14:04:38::資料來源的型別 String 指定值無法轉換成指定目標資料行的型別 nvarchar。

2021-07-18 14:04:38::資料來源的型別 String 指定值無法轉換成指定目標資料行的型別 nvarchar。

2021-07-18 14:04:38::資料來源的型別 String 指定值無法轉換成指定目標資料行的型別 nvarchar。

2021-07-18 14:04:38::資料來源的型別 String 指定值無法轉換成指定目標資料行的型別 nvarchar。

2021-07-18 14:04:38::資料來源的型別 String 指定值無法轉換成指定目標資料行的型別 nvarchar。

2021-07-18 14:04:38::資料來源的型別 String 指定值無法轉換成指定目標資料行的型別 nvarchar。

2021-07-18 14:04:39::資料來源的型別 String 指定值無法轉換成指定目標資料行的型別 nvarchar。

2021-07-18 14:04:39::資料來源的型別 String 指定值無法轉換成指定目標資料行的型別 nvarchar。

2021-07-18 14:04:39::資料來源的型別 String 指定值無法轉換成指定目標資料行的型別 nvarchar。

2021-07-18 14:04:39::資料來源的型別 String 指定值無法轉換成指定目標資料行的型別 nvarchar。

2021-07-18 14:04:39::資料來源的型別 String 指定值無法轉換成指定目標資料行的型別 nvarchar。

2021-07-18 14:04:39::資料來源的型別 String 指定值無法轉換成指定目標資料行的型別 nvarchar。

2021-07-18 14:04:47::資料來源的型別 String 指定值無法轉換成指定目標資料行的型別 nvarchar。

2021-07-18 14:04:47::資料來源的型別 String 指定值無法轉換成指定目標資料行的型別 nvarchar。

2021-07-18 14:04:47::資料來源的型別 String 指定值無法轉換成指定目標資料行的型別 nvarchar。

2021-07-18 14:04:47::資料來源的型別 String 指定值無法轉換成指定目標資料行的型別 nvarchar。

2021-07-18 14:04:48::資料來源的型別 String 指定值無法轉換成指定目標資料行的型別 nvarchar。

2021-07-18 14:04:48::資料來源的型別 String 指定值無法轉換成指定目標資料行的型別 nvarchar。

2021-07-18 14:04:58::資料來源的型別 String 指定值無法轉換成指定目標資料行的型別 nvarchar。

2021-07-18 14:04:58::資料來源的型別 String 指定值無法轉換成指定目標資料行的型別 nvarchar。

2021-07-18 14:04:58::資料來源的型別 String 指定值無法轉換成指定目標資料行的型別 nvarchar。

2021-07-18 14:04:58::資料來源的型別 String 指定值無法轉換成指定目標資料行的型別 nvarchar。

2021-07-18 14:04:59::資料來源的型別 String 指定值無法轉換成指定目標資料行的型別 nvarchar。

2021-07-18 14:04:59::資料來源的型別 String 指定值無法轉換成指定目標資料行的型別 nvarchar。

2021-07-18 14:04:59::ExecuteReader 必須有開啟與可用的 Connection。連接目前的狀態為開啟。

2021-07-18 14:04:59::並未將物件參考設定為物件的執行個體。

2021-07-18 14:04:59::ExecuteReader 必須有開啟與可用的 Connection。連接目前的狀態為開啟。

2021-07-18 14:04:59::並未將物件參考設定為物件的執行個體。

2021-07-18 14:04:59::ExecuteReader 必須有開啟與可用的 Connection。連接目前的狀態為開啟。

2021-07-18 14:04:59::並未將物件參考設定為物件的執行個體。

2021-07-18 14:05:00::ExecuteReader 必須有開啟與可用的 Connection。連接目前的狀態為開啟。

2021-07-18 14:05:00::並未將物件參考設定為物件的執行個體。

2021-07-18 14:05:00::ExecuteReader 必須有開啟與可用的 Connection。連接目前的狀態為開啟。

2021-07-18 14:05:00::並未將物件參考設定為物件的執行個體。

2021-07-18 14:05:00::ExecuteReader 必須有開啟與可用的 Connection。連接目前的狀態為開啟。

2021-07-18 14:05:00::並未將物件參考設定為物件的執行個體。

2021-07-18 14:05:00::ExecuteReader 必須有開啟與可用的 Connection。連接目前的狀態為開啟。

2021-07-18 14:05:00::並未將物件參考設定為物件的執行個體。

2021-07-18 14:05:30::並未將物件參考設定為物件的執行個體。

2021-07-18 14:05:33::資料來源的型別 String 指定值無法轉換成指定目標資料行的型別 nvarchar。

2021-07-18 14:05:34::資料來源的型別 String 指定值無法轉換成指定目標資料行的型別 nvarchar。

2021-07-18 14:07:56::資料來源的型別 String 指定值無法轉換成指定目標資料行的型別 nvarchar。

2021-07-18 14:07:56::資料來源的型別 String 指定值無法轉換成指定目標資料行的型別 nvarchar。

2021-07-18 14:07:56::資料來源的型別 String 指定值無法轉換成指定目標資料行的型別 nvarchar。

2021-07-18 14:07:56::資料來源的型別 String 指定值無法轉換成指定目標資料行的型別 nvarchar。

2021-07-18 14:07:56::資料來源的型別 String 指定值無法轉換成指定目標資料行的型別 nvarchar。

2021-07-18 14:07:56::資料來源的型別 String 指定值無法轉換成指定目標資料行的型別 nvarchar。

2021-07-18 14:07:56::資料來源的型別 String 指定值無法轉換成指定目標資料行的型別 nvarchar。

2021-07-18 14:07:56::資料來源的型別 String 指定值無法轉換成指定目標資料行的型別 nvarchar。

2021-07-18 14:07:57::資料來源的型別 String 指定值無法轉換成指定目標資料行的型別 nvarchar。

2021-07-18 14:07:57::資料來源的型別 String 指定值無法轉換成指定目標資料行的型別 nvarchar。

2021-07-18 14:08:47::資料來源的型別 String 指定值無法轉換成指定目標資料行的型別 nvarchar。

2021-07-18 14:08:47::資料來源的型別 String 指定值無法轉換成指定目標資料行的型別 nvarchar。

2021-07-18 14:08:48::資料來源的型別 String 指定值無法轉換成指定目標資料行的型別 nvarchar。

2021-07-18 14:08:48::資料來源的型別 String 指定值無法轉換成指定目標資料行的型別 nvarchar。

2021-07-18 14:08:50::資料來源的型別 String 指定值無法轉換成指定目標資料行的型別 nvarchar。

2021-07-18 14:08:50::資料來源的型別 String 指定值無法轉換成指定目標資料行的型別 nvarchar。

2021-07-18 14:08:50::資料來源的型別 String 指定值無法轉換成指定目標資料行的型別 nvarchar。

2021-07-18 14:08:50::資料來源的型別 String 指定值無法轉換成指定目標資料行的型別 nvarchar。

2021-07-18 14:08:50::資料來源的型別 String 指定值無法轉換成指定目標資料行的型別 nvarchar。

2021-07-18 14:08:50::資料來源的型別 String 指定值無法轉換成指定目標資料行的型別 nvarchar。

2021-07-18 14:08:50::資料來源的型別 String 指定值無法轉換成指定目標資料行的型別 nvarchar。

2021-07-18 14:08:50::資料來源的型別 String 指定值無法轉換成指定目標資料行的型別 nvarchar。

2021-07-18 14:08:52::資料來源的型別 String 指定值無法轉換成指定目標資料行的型別 nvarchar。

2021-07-18 14:08:52::資料來源的型別 String 指定值無法轉換成指定目標資料行的型別 nvarchar。

2021-07-18 14:08:53::資料來源的型別 String 指定值無法轉換成指定目標資料行的型別 nvarchar。

2021-07-18 14:08:53::資料來源的型別 String 指定值無法轉換成指定目標資料行的型別 nvarchar。

2021-07-18 14:08:53::資料來源的型別 String 指定值無法轉換成指定目標資料行的型別 nvarchar。

2021-07-18 14:08:53::資料來源的型別 String 指定值無法轉換成指定目標資料行的型別 nvarchar。

2021-07-18 14:08:57::資料來源的型別 String 指定值無法轉換成指定目標資料行的型別 nvarchar。

2021-07-18 14:08:57::資料來源的型別 String 指定值無法轉換成指定目標資料行的型別 nvarchar。

2021-07-18 14:08:57::資料來源的型別 String 指定值無法轉換成指定目標資料行的型別 nvarchar。

2021-07-18 14:08:57::資料來源的型別 String 指定值無法轉換成指定目標資料行的型別 nvarchar。

2021-07-18 14:08:57::資料來源的型別 String 指定值無法轉換成指定目標資料行的型別 nvarchar。

2021-07-18 14:08:57::資料來源的型別 String 指定值無法轉換成指定目標資料行的型別 nvarchar。

2021-07-18 14:08:58::資料來源的型別 String 指定值無法轉換成指定目標資料行的型別 nvarchar。

2021-07-18 14:08:58::資料來源的型別 String 指定值無法轉換成指定目標資料行的型別 nvarchar。

2021-07-18 14:08:58::資料來源的型別 String 指定值無法轉換成指定目標資料行的型別 nvarchar。

2021-07-18 14:08:58::資料來源的型別 String 指定值無法轉換成指定目標資料行的型別 nvarchar。

2021-07-18 14:08:58::資料來源的型別 String 指定值無法轉換成指定目標資料行的型別 nvarchar。

2021-07-18 14:08:58::資料來源的型別 String 指定值無法轉換成指定目標資料行的型別 nvarchar。

2021-07-18 14:08:58::資料來源的型別 String 指定值無法轉換成指定目標資料行的型別 nvarchar。

2021-07-18 14:08:58::資料來源的型別 String 指定值無法轉換成指定目標資料行的型別 nvarchar。

2021-07-18 14:08:58::資料來源的型別 String 指定值無法轉換成指定目標資料行的型別 nvarchar。

2021-07-18 14:08:58::資料來源的型別 String 指定值無法轉換成指定目標資料行的型別 nvarchar。

2021-07-18 14:08:58::資料來源的型別 String 指定值無法轉換成指定目標資料行的型別 nvarchar。

2021-07-18 14:08:58::資料來源的型別 String 指定值無法轉換成指定目標資料行的型別 nvarchar。

2021-07-18 14:08:59::資料來源的型別 String 指定值無法轉換成指定目標資料行的型別 nvarchar。

2021-07-18 14:08:59::資料來源的型別 String 指定值無法轉換成指定目標資料行的型別 nvarchar。

2021-07-18 14:08:59::資料來源的型別 String 指定值無法轉換成指定目標資料行的型別 nvarchar。

2021-07-18 14:08:59::資料來源的型別 String 指定值無法轉換成指定目標資料行的型別 nvarchar。

2021-07-18 14:08:59::資料來源的型別 String 指定值無法轉換成指定目標資料行的型別 nvarchar。

2021-07-18 14:08:59::資料來源的型別 String 指定值無法轉換成指定目標資料行的型別 nvarchar。

2021-07-18 14:08:59::資料來源的型別 String 指定值無法轉換成指定目標資料行的型別 nvarchar。

2021-07-18 14:08:59::資料來源的型別 String 指定值無法轉換成指定目標資料行的型別 nvarchar。

2021-07-18 14:08:59::資料來源的型別 String 指定值無法轉換成指定目標資料行的型別 nvarchar。

2021-07-18 14:08:59::資料來源的型別 String 指定值無法轉換成指定目標資料行的型別 nvarchar。

2021-07-18 14:09:00::資料來源的型別 String 指定值無法轉換成指定目標資料行的型別 nvarchar。

2021-07-18 14:09:00::資料來源的型別 String 指定值無法轉換成指定目標資料行的型別 nvarchar。

2021-07-18 14:09:00::資料來源的型別 String 指定值無法轉換成指定目標資料行的型別 nvarchar。

2021-07-18 14:09:00::資料來源的型別 String 指定值無法轉換成指定目標資料行的型別 nvarchar。

2021-07-18 14:09:00::資料來源的型別 String 指定值無法轉換成指定目標資料行的型別 nvarchar。

2021-07-18 14:09:00::資料來源的型別 String 指定值無法轉換成指定目標資料行的型別 nvarchar。

2021-07-18 14:09:00::資料來源的型別 String 指定值無法轉換成指定目標資料行的型別 nvarchar。

2021-07-18 14:09:00::資料來源的型別 String 指定值無法轉換成指定目標資料行的型別 nvarchar。

2021-07-18 14:09:00::資料來源的型別 String 指定值無法轉換成指定目標資料行的型別 nvarchar。

2021-07-18 14:09:00::資料來源的型別 String 指定值無法轉換成指定目標資料行的型別 nvarchar。

2021-07-18 14:09:01::資料來源的型別 String 指定值無法轉換成指定目標資料行的型別 nvarchar。

2021-07-18 14:09:01::資料來源的型別 String 指定值無法轉換成指定目標資料行的型別 nvarchar。

2021-07-18 14:09:01::資料來源的型別 String 指定值無法轉換成指定目標資料行的型別 nvarchar。

2021-07-18 14:09:01::資料來源的型別 String 指定值無法轉換成指定目標資料行的型別 nvarchar。

2021-07-18 14:09:01::資料來源的型別 String 指定值無法轉換成指定目標資料行的型別 nvarchar。

2021-07-18 14:09:01::資料來源的型別 String 指定值無法轉換成指定目標資料行的型別 nvarchar。

2021-07-18 14:09:01::資料來源的型別 String 指定值無法轉換成指定目標資料行的型別 nvarchar。

2021-07-18 14:09:01::資料來源的型別 String 指定值無法轉換成指定目標資料行的型別 nvarchar。

2021-07-18 14:10:29::資料來源的型別 String 指定值無法轉換成指定目標資料行的型別 nvarchar。

2021-07-18 14:10:29::資料來源的型別 String 指定值無法轉換成指定目標資料行的型別 nvarchar。

2021-07-18 14:10:30::資料來源的型別 String 指定值無法轉換成指定目標資料行的型別 nvarchar。

2021-07-18 14:10:30::資料來源的型別 String 指定值無法轉換成指定目標資料行的型別 nvarchar。

2021-07-18 14:10:30::資料來源的型別 String 指定值無法轉換成指定目標資料行的型別 nvarchar。

2021-07-18 14:10:30::資料來源的型別 String 指定值無法轉換成指定目標資料行的型別 nvarchar。

2021-07-18 14:10:30::資料來源的型別 String 指定值無法轉換成指定目標資料行的型別 nvarchar。

2021-07-18 14:10:30::資料來源的型別 String 指定值無法轉換成指定目標資料行的型別 nvarchar。

2021-07-18 14:10:30::資料來源的型別 String 指定值無法轉換成指定目標資料行的型別 nvarchar。

2021-07-18 14:10:30::資料來源的型別 String 指定值無法轉換成指定目標資料行的型別 nvarchar。

2021-07-18 14:10:30::資料來源的型別 String 指定值無法轉換成指定目標資料行的型別 nvarchar。

2021-07-18 14:10:30::資料來源的型別 String 指定值無法轉換成指定目標資料行的型別 nvarchar。

2021-07-18 14:10:30::資料來源的型別 String 指定值無法轉換成指定目標資料行的型別 nvarchar。

2021-07-18 14:10:30::資料來源的型別 String 指定值無法轉換成指定目標資料行的型別 nvarchar。

2021-07-18 14:10:31::資料來源的型別 String 指定值無法轉換成指定目標資料行的型別 nvarchar。

2021-07-18 14:10:31::資料來源的型別 String 指定值無法轉換成指定目標資料行的型別 nvarchar。

2021-07-18 14:10:31::資料來源的型別 String 指定值無法轉換成指定目標資料行的型別 nvarchar。

2021-07-18 14:10:31::資料來源的型別 String 指定值無法轉換成指定目標資料行的型別 nvarchar。

2021-07-18 14:10:31::資料來源的型別 String 指定值無法轉換成指定目標資料行的型別 nvarchar。

2021-07-18 14:10:31::資料來源的型別 String 指定值無法轉換成指定目標資料行的型別 nvarchar。

2021-07-18 14:10:31::資料來源的型別 String 指定值無法轉換成指定目標資料行的型別 nvarchar。

2021-07-18 14:10:31::資料來源的型別 String 指定值無法轉換成指定目標資料行的型別 nvarchar。

2021-07-18 14:10:31::資料來源的型別 String 指定值無法轉換成指定目標資料行的型別 nvarchar。

2021-07-18 14:10:31::資料來源的型別 String 指定值無法轉換成指定目標資料行的型別 nvarchar。

2021-07-18 14:10:31::資料來源的型別 String 指定值無法轉換成指定目標資料行的型別 nvarchar。

2021-07-18 14:10:31::資料來源的型別 String 指定值無法轉換成指定目標資料行的型別 nvarchar。

2021-07-18 14:10:31::資料來源的型別 String 指定值無法轉換成指定目標資料行的型別 nvarchar。

2021-07-18 14:10:31::資料來源的型別 String 指定值無法轉換成指定目標資料行的型別 nvarchar。

2021-07-18 14:10:32::資料來源的型別 String 指定值無法轉換成指定目標資料行的型別 nvarchar。

2021-07-18 14:10:32::資料來源的型別 String 指定值無法轉換成指定目標資料行的型別 nvarchar。

2021-07-18 14:10:32::資料來源的型別 String 指定值無法轉換成指定目標資料行的型別 nvarchar。

2021-07-18 14:10:32::資料來源的型別 String 指定值無法轉換成指定目標資料行的型別 nvarchar。

2021-07-18 14:10:32::已經開啟一個與這個 Command 相關的 DataReader，必須先將它關閉。

2021-07-18 14:10:32::並未將物件參考設定為物件的執行個體。

2021-07-18 14:10:32::資料來源的型別 String 指定值無法轉換成指定目標資料行的型別 nvarchar。

2021-07-18 14:10:32::資料來源的型別 String 指定值無法轉換成指定目標資料行的型別 nvarchar。

2021-07-18 14:10:32::資料來源的型別 String 指定值無法轉換成指定目標資料行的型別 nvarchar。

2021-07-18 14:10:32::資料來源的型別 String 指定值無法轉換成指定目標資料行的型別 nvarchar。

2021-07-18 14:10:32::資料來源的型別 String 指定值無法轉換成指定目標資料行的型別 nvarchar。

2021-07-18 14:10:32::資料來源的型別 String 指定值無法轉換成指定目標資料行的型別 nvarchar。

2021-07-18 14:17:16::資料來源的型別 String 指定值無法轉換成指定目標資料行的型別 nvarchar。

2021-07-18 14:17:16::資料來源的型別 String 指定值無法轉換成指定目標資料行的型別 nvarchar。

2021-07-18 14:17:16::資料來源的型別 String 指定值無法轉換成指定目標資料行的型別 nvarchar。

2021-07-18 14:17:16::資料來源的型別 String 指定值無法轉換成指定目標資料行的型別 nvarchar。

2021-07-18 14:17:17::資料來源的型別 String 指定值無法轉換成指定目標資料行的型別 nvarchar。

2021-07-18 14:17:17::資料來源的型別 String 指定值無法轉換成指定目標資料行的型別 nvarchar。

2021-07-18 14:17:17::資料來源的型別 String 指定值無法轉換成指定目標資料行的型別 nvarchar。

2021-07-18 14:17:17::資料來源的型別 String 指定值無法轉換成指定目標資料行的型別 nvarchar。

2021-07-18 14:17:17::資料來源的型別 String 指定值無法轉換成指定目標資料行的型別 nvarchar。

2021-07-18 14:17:17::資料來源的型別 String 指定值無法轉換成指定目標資料行的型別 nvarchar。

2021-07-18 14:17:18::資料來源的型別 String 指定值無法轉換成指定目標資料行的型別 nvarchar。

2021-07-18 14:17:18::資料來源的型別 String 指定值無法轉換成指定目標資料行的型別 nvarchar。

2021-07-18 14:17:18::資料來源的型別 String 指定值無法轉換成指定目標資料行的型別 nvarchar。

2021-07-18 14:17:18::資料來源的型別 String 指定值無法轉換成指定目標資料行的型別 nvarchar。

2021-07-18 14:17:18::資料來源的型別 String 指定值無法轉換成指定目標資料行的型別 nvarchar。

2021-07-18 14:17:18::資料來源的型別 String 指定值無法轉換成指定目標資料行的型別 nvarchar。

2021-07-18 14:17:19::資料來源的型別 String 指定值無法轉換成指定目標資料行的型別 nvarchar。

2021-07-18 14:17:19::ExecuteReader 必須有開啟與可用的 Connection。連接目前的狀態為連接中。

2021-07-18 14:17:19::並未將物件參考設定為物件的執行個體。

2021-07-18 14:17:19::ExecuteReader 必須有開啟與可用的 Connection。連接目前的狀態為連接中。

2021-07-18 14:17:19::並未將物件參考設定為物件的執行個體。

2021-07-18 14:17:19::ExecuteReader 必須有開啟與可用的 Connection。連接目前的狀態為連接中。

2021-07-18 14:17:19::並未將物件參考設定為物件的執行個體。

2021-07-18 14:17:19::資料來源的型別 String 指定值無法轉換成指定目標資料行的型別 nvarchar。

2021-07-18 14:17:19::ExecuteReader 必須有開啟與可用的 Connection。連接目前的狀態為連接中。

2021-07-18 14:17:19::並未將物件參考設定為物件的執行個體。

2021-07-18 14:17:19::ExecuteReader 必須有開啟與可用的 Connection。連接目前的狀態為連接中。

2021-07-18 14:17:19::並未將物件參考設定為物件的執行個體。

2021-07-18 14:17:20::ExecuteReader 必須有開啟與可用的 Connection。連接目前的狀態為連接中。

2021-07-18 14:17:20::並未將物件參考設定為物件的執行個體。

2021-07-18 14:17:20::資料來源的型別 String 指定值無法轉換成指定目標資料行的型別 nvarchar。

2021-07-18 14:17:20::資料來源的型別 String 指定值無法轉換成指定目標資料行的型別 nvarchar。

2021-07-18 14:17:24::資料來源的型別 String 指定值無法轉換成指定目標資料行的型別 nvarchar。

2021-07-18 14:17:24::資料來源的型別 String 指定值無法轉換成指定目標資料行的型別 nvarchar。

2021-07-18 14:17:26::資料來源的型別 String 指定值無法轉換成指定目標資料行的型別 nvarchar。

2021-07-18 14:17:26::資料來源的型別 String 指定值無法轉換成指定目標資料行的型別 nvarchar。

2021-07-18 14:17:27::已經開啟一個與這個 Command 相關的 DataReader，必須先將它關閉。

2021-07-18 14:17:27::並未將物件參考設定為物件的執行個體。

2021-07-18 14:17:27::已經開啟一個與這個 Command 相關的 DataReader，必須先將它關閉。

2021-07-18 14:17:27::並未將物件參考設定為物件的執行個體。

2021-07-18 14:17:27::並未將物件參考設定為物件的執行個體。

2021-07-18 14:17:27::資料來源的型別 String 指定值無法轉換成指定目標資料行的型別 nvarchar。

2021-07-18 14:17:27::資料來源的型別 String 指定值無法轉換成指定目標資料行的型別 nvarchar。

2021-07-18 14:17:28::資料來源的型別 String 指定值無法轉換成指定目標資料行的型別 nvarchar。

2021-07-18 14:17:28::資料來源的型別 String 指定值無法轉換成指定目標資料行的型別 nvarchar。

2021-07-18 14:17:28::資料來源的型別 String 指定值無法轉換成指定目標資料行的型別 nvarchar。

2021-07-18 14:17:28::資料來源的型別 String 指定值無法轉換成指定目標資料行的型別 nvarchar。

2021-07-18 14:17:28::已經開啟一個與這個 Command 相關的 DataReader，必須先將它關閉。

2021-07-18 14:17:28::並未將物件參考設定為物件的執行個體。

2021-07-18 14:17:28::並未將物件參考設定為物件的執行個體。

2021-07-18 14:17:28::已經開啟一個與這個 Command 相關的 DataReader，必須先將它關閉。

2021-07-18 14:17:28::並未將物件參考設定為物件的執行個體。

2021-07-18 14:17:28::並未將物件參考設定為物件的執行個體。

2021-07-18 14:17:29::已經開啟一個與這個 Command 相關的 DataReader，必須先將它關閉。

2021-07-18 14:17:29::並未將物件參考設定為物件的執行個體。

2021-07-18 14:17:29::已經開啟一個與這個 Command 相關的 DataReader，必須先將它關閉。

2021-07-18 14:17:29::並未將物件參考設定為物件的執行個體。

2021-07-18 14:17:29::並未將物件參考設定為物件的執行個體。

2021-07-18 14:17:30::ExecuteReader 必須有開啟與可用的 Connection。連接目前的狀態為開啟。

2021-07-18 14:17:30::並未將物件參考設定為物件的執行個體。

2021-07-18 14:17:30::ExecuteReader 必須有開啟與可用的 Connection。連接目前的狀態為開啟。

2021-07-18 14:17:30::並未將物件參考設定為物件的執行個體。

2021-07-18 14:17:30::ExecuteReader 必須有開啟與可用的 Connection。連接目前的狀態為開啟。

2021-07-18 14:17:30::並未將物件參考設定為物件的執行個體。

2021-07-18 14:17:34::ExecuteReader 必須有開啟與可用的 Connection。連接目前的狀態為開啟。

2021-07-18 14:17:34::並未將物件參考設定為物件的執行個體。

2021-07-18 14:17:34::ExecuteReader 必須有開啟與可用的 Connection。連接目前的狀態為開啟。

2021-07-18 14:17:34::並未將物件參考設定為物件的執行個體。

2021-07-18 14:17:34::ExecuteReader 必須有開啟與可用的 Connection。連接目前的狀態為開啟。

2021-07-18 14:17:34::並未將物件參考設定為物件的執行個體。

2021-07-18 14:17:34::ExecuteReader 必須有開啟與可用的 Connection。連接目前的狀態為開啟。

2021-07-18 14:17:34::並未將物件參考設定為物件的執行個體。

2021-07-18 14:17:34::ExecuteReader 必須有開啟與可用的 Connection。連接目前的狀態為開啟。

2021-07-18 14:17:34::並未將物件參考設定為物件的執行個體。

2021-07-18 14:17:34::ExecuteReader 必須有開啟與可用的 Connection。連接目前的狀態為開啟。

2021-07-18 14:17:34::並未將物件參考設定為物件的執行個體。

2021-07-18 14:17:59::並未將物件參考設定為物件的執行個體。

2021-07-18 14:17:59::資料來源的型別 String 指定值無法轉換成指定目標資料行的型別 nvarchar。

2021-07-18 14:17:59::資料來源的型別 String 指定值無法轉換成指定目標資料行的型別 nvarchar。

