2021-01-06 14:26:34::ExecuteReader 必須有開啟與可用的 Connection。連接目前的狀態為連接中。

2021-01-06 14:26:34::ExecuteReader 必須有開啟與可用的 Connection。連接目前的狀態為開啟。

2021-01-06 14:26:34::並未將物件參考設定為物件的執行個體。

2021-01-06 14:26:34::並未將物件參考設定為物件的執行個體。

2021-01-06 14:26:35::ExecuteReader 必須有開啟與可用的 Connection。連接目前的狀態為開啟。

2021-01-06 14:26:35::並未將物件參考設定為物件的執行個體。

2021-01-06 14:26:35::ExecuteReader 必須有開啟與可用的 Connection。連接目前的狀態為開啟。

2021-01-06 14:26:35::並未將物件參考設定為物件的執行個體。

2021-01-06 14:26:39::ExecuteReader 必須有開啟與可用的 Connection。連接目前的狀態為開啟。

2021-01-06 14:26:39::並未將物件參考設定為物件的執行個體。

2021-01-06 14:26:40::ExecuteReader 必須有開啟與可用的 Connection。連接目前的狀態為開啟。

2021-01-06 14:26:40::並未將物件參考設定為物件的執行個體。

2021-01-06 14:27:04::並未將物件參考設定為物件的執行個體。

2021-01-06 14:37:28::資料行 'Relationship' 不屬於資料表 RelativesInCompany。

2021-01-06 14:37:30::資料行 'Relationship' 不屬於資料表 RelativesInCompany。

2021-01-06 14:38:03::資料行 'Relationship' 不屬於資料表 RelativesInCompany。

2021-01-06 14:38:04::資料行 'Relationship' 不屬於資料表 RelativesInCompany。

2021-01-06 14:38:04::資料行 'Relationship' 不屬於資料表 RelativesInCompany。

2021-01-06 14:38:33::資料行 'Relationship' 不屬於資料表 RelativesInCompany。

2021-01-06 14:38:34::資料行 'Relationship' 不屬於資料表 RelativesInCompany。

2021-01-06 14:38:34::資料行 'Relationship' 不屬於資料表 RelativesInCompany。

2021-01-06 14:38:34::資料行 'Relationship' 不屬於資料表 RelativesInCompany。

2021-01-06 14:38:34::資料行 'Relationship' 不屬於資料表 RelativesInCompany。

2021-01-06 14:38:35::資料行 'Relationship' 不屬於資料表 RelativesInCompany。

2021-01-06 14:38:35::資料行 'Relationship' 不屬於資料表 RelativesInCompany。

2021-01-06 14:38:35::資料行 'Relationship' 不屬於資料表 RelativesInCompany。

2021-01-06 14:38:40::資料行 'Relationship' 不屬於資料表 RelativesInCompany。

2021-01-06 14:38:46::資料行 'Relationship' 不屬於資料表 RelativesInCompany。

2021-01-06 14:40:54::資料行 'Relationship' 不屬於資料表 RelativesInCompany。

2021-01-06 14:41:07::資料行 'Relationship' 不屬於資料表 RelativesInCompany。

2021-01-06 14:41:21::資料行 'Relationship' 不屬於資料表 RelativesInCompany。

2021-01-06 14:41:23::資料行 'Relationship' 不屬於資料表 RelativesInCompany。

2021-01-06 14:41:23::資料行 'Relationship' 不屬於資料表 RelativesInCompany。

2021-01-06 14:41:24::資料行 'Relationship' 不屬於資料表 RelativesInCompany。

2021-01-06 14:41:27::資料行 'Relationship' 不屬於資料表 RelativesInCompany。

2021-01-06 14:41:27::資料行 'Relationship' 不屬於資料表 RelativesInCompany。

2021-01-06 14:41:27::資料行 'Relationship' 不屬於資料表 RelativesInCompany。

2021-01-06 14:41:27::資料行 'Relationship' 不屬於資料表 RelativesInCompany。

2021-01-06 14:42:01::資料行 'Relationship' 不屬於資料表 RelativesInCompany。

2021-01-06 14:42:01::資料行 'Relationship' 不屬於資料表 RelativesInCompany。

2021-01-06 14:42:01::資料行 'Relationship' 不屬於資料表 RelativesInCompany。

2021-01-06 14:42:01::資料行 'Relationship' 不屬於資料表 RelativesInCompany。

2021-01-06 14:42:05::資料行 'Relationship' 不屬於資料表 RelativesInCompany。

2021-01-06 14:42:07::資料行 'Relationship' 不屬於資料表 RelativesInCompany。

2021-01-06 14:42:11::資料行 'Relationship' 不屬於資料表 RelativesInCompany。

2021-01-06 14:42:23::資料行 'Relationship' 不屬於資料表 RelativesInCompany。

2021-01-06 14:42:28::資料行 'Relationship' 不屬於資料表 RelativesInCompany。

2021-01-06 14:42:28::資料行 'Relationship' 不屬於資料表 RelativesInCompany。

2021-01-06 14:42:29::資料行 'Relationship' 不屬於資料表 RelativesInCompany。

2021-01-06 14:42:37::資料行 'Relationship' 不屬於資料表 RelativesInCompany。

2021-01-06 14:42:37::資料行 'Relationship' 不屬於資料表 RelativesInCompany。

2021-01-06 14:42:39::資料行 'Relationship' 不屬於資料表 RelativesInCompany。

2021-01-06 14:42:44::資料行 'Relationship' 不屬於資料表 RelativesInCompany。

2021-01-06 14:44:33::資料行 'Relationship' 不屬於資料表 RelativesInCompany。

2021-01-06 14:44:41::資料行 'Relationship' 不屬於資料表 RelativesInCompany。

2021-01-06 14:44:42::資料行 'Relationship' 不屬於資料表 RelativesInCompany。

2021-01-06 14:44:42::資料行 'Relationship' 不屬於資料表 RelativesInCompany。

2021-01-06 14:44:42::資料行 'Relationship' 不屬於資料表 RelativesInCompany。

2021-01-06 14:44:42::資料行 'Relationship' 不屬於資料表 RelativesInCompany。

2021-01-06 14:44:42::資料行 'Relationship' 不屬於資料表 RelativesInCompany。

2021-01-06 14:44:49::資料行 'Relationship' 不屬於資料表 RelativesInCompany。

2021-01-06 14:45:04::資料行 'Relationship' 不屬於資料表 RelativesInCompany。

2021-01-06 14:45:04::資料行 'Relationship' 不屬於資料表 RelativesInCompany。

2021-01-06 14:45:04::資料行 'Relationship' 不屬於資料表 RelativesInCompany。

2021-01-06 14:45:04::資料行 'Relationship' 不屬於資料表 RelativesInCompany。

2021-01-06 14:45:04::已經開啟一個與這個 Command 相關的 DataReader，必須先將它關閉。

2021-01-06 14:45:04::並未將物件參考設定為物件的執行個體。

2021-01-06 14:45:04::並未將物件參考設定為物件的執行個體。

2021-01-06 14:45:04::已經開啟一個與這個 Command 相關的 DataReader，必須先將它關閉。

2021-01-06 14:45:04::並未將物件參考設定為物件的執行個體。

2021-01-06 14:45:04::並未將物件參考設定為物件的執行個體。

2021-01-06 14:45:04::資料行 'Relationship' 不屬於資料表 RelativesInCompany。

2021-01-06 14:45:09::資料行 'Relationship' 不屬於資料表 RelativesInCompany。

2021-01-06 14:45:11::資料行 'Relationship' 不屬於資料表 RelativesInCompany。

2021-01-06 14:45:11::資料行 'Relationship' 不屬於資料表 RelativesInCompany。

2021-01-06 14:45:12::資料行 'Relationship' 不屬於資料表 RelativesInCompany。

2021-01-06 14:45:12::資料行 'Relationship' 不屬於資料表 RelativesInCompany。

2021-01-06 14:45:12::資料行 'Relationship' 不屬於資料表 RelativesInCompany。

2021-01-06 14:45:12::資料行 'Relationship' 不屬於資料表 RelativesInCompany。

2021-01-06 14:45:13::資料行 'Relationship' 不屬於資料表 RelativesInCompany。

2021-01-06 14:45:16::資料行 'Relationship' 不屬於資料表 RelativesInCompany。

2021-01-06 14:45:16::資料行 'Relationship' 不屬於資料表 RelativesInCompany。

2021-01-06 14:45:16::資料行 'Relationship' 不屬於資料表 RelativesInCompany。

2021-01-06 14:45:18::資料行 'Relationship' 不屬於資料表 RelativesInCompany。

2021-01-06 14:45:18::資料行 'Relationship' 不屬於資料表 RelativesInCompany。

2021-01-06 14:45:19::資料行 'Relationship' 不屬於資料表 RelativesInCompany。

2021-01-06 14:45:19::資料行 'Relationship' 不屬於資料表 RelativesInCompany。

2021-01-06 14:45:19::資料行 'Relationship' 不屬於資料表 RelativesInCompany。

2021-01-06 14:45:19::資料行 'Relationship' 不屬於資料表 RelativesInCompany。

2021-01-06 14:45:19::資料行 'Relationship' 不屬於資料表 RelativesInCompany。

2021-01-06 14:45:21::資料行 'Relationship' 不屬於資料表 RelativesInCompany。

2021-01-06 14:45:23::資料行 'Relationship' 不屬於資料表 RelativesInCompany。

2021-01-06 14:45:32::資料行 'Relationship' 不屬於資料表 RelativesInCompany。

2021-01-06 14:45:43::資料行 'Relationship' 不屬於資料表 RelativesInCompany。

2021-01-06 14:45:44::資料行 'Relationship' 不屬於資料表 RelativesInCompany。

2021-01-06 14:45:46::資料行 'Relationship' 不屬於資料表 RelativesInCompany。

2021-01-06 14:45:46::資料行 'Relationship' 不屬於資料表 RelativesInCompany。

2021-01-06 14:45:47::資料行 'Relationship' 不屬於資料表 RelativesInCompany。

2021-01-06 14:45:47::資料行 'Relationship' 不屬於資料表 RelativesInCompany。

2021-01-06 14:45:47::資料行 'Relationship' 不屬於資料表 RelativesInCompany。

2021-01-06 14:45:47::資料行 'Relationship' 不屬於資料表 RelativesInCompany。

2021-01-06 14:45:47::資料行 'Relationship' 不屬於資料表 RelativesInCompany。

2021-01-06 14:45:47::資料行 'Relationship' 不屬於資料表 RelativesInCompany。

2021-01-06 14:45:50::資料行 'Relationship' 不屬於資料表 RelativesInCompany。

2021-01-06 14:45:51::資料行 'Relationship' 不屬於資料表 RelativesInCompany。

2021-01-06 14:45:52::資料行 'Relationship' 不屬於資料表 RelativesInCompany。

2021-01-06 14:45:52::資料行 'Relationship' 不屬於資料表 RelativesInCompany。

2021-01-06 14:45:55::資料行 'Relationship' 不屬於資料表 RelativesInCompany。

2021-01-06 14:45:56::資料行 'Relationship' 不屬於資料表 RelativesInCompany。

2021-01-06 14:45:56::資料行 'Relationship' 不屬於資料表 RelativesInCompany。

2021-01-06 14:45:56::已經開啟一個與這個 Command 相關的 DataReader，必須先將它關閉。

2021-01-06 14:45:56::並未將物件參考設定為物件的執行個體。

2021-01-06 14:45:56::並未將物件參考設定為物件的執行個體。

2021-01-06 14:46:01::資料行 'Relationship' 不屬於資料表 RelativesInCompany。

2021-01-06 14:46:08::資料行 'Relationship' 不屬於資料表 RelativesInCompany。

2021-01-06 14:46:13::資料行 'Relationship' 不屬於資料表 RelativesInCompany。

2021-01-06 14:46:17::資料行 'Relationship' 不屬於資料表 RelativesInCompany。

2021-01-06 14:46:42::資料行 'Relationship' 不屬於資料表 RelativesInCompany。

2021-01-06 14:46:46::資料行 'Relationship' 不屬於資料表 RelativesInCompany。

2021-01-06 14:46:50::資料行 'Relationship' 不屬於資料表 RelativesInCompany。

2021-01-06 14:47:57::資料行 'Relationship' 不屬於資料表 RelativesInCompany。

2021-01-06 14:47:58::資料行 'Relationship' 不屬於資料表 RelativesInCompany。

2021-01-06 14:48:00::資料行 'Relationship' 不屬於資料表 RelativesInCompany。

2021-01-06 14:48:01::資料行 'Relationship' 不屬於資料表 RelativesInCompany。

2021-01-06 14:48:02::資料行 'Relationship' 不屬於資料表 RelativesInCompany。

2021-01-06 14:48:02::資料行 'Relationship' 不屬於資料表 RelativesInCompany。

2021-01-06 14:48:02::資料行 'Relationship' 不屬於資料表 RelativesInCompany。

2021-01-06 14:48:02::資料行 'Relationship' 不屬於資料表 RelativesInCompany。

2021-01-06 14:48:02::資料行 'Relationship' 不屬於資料表 RelativesInCompany。

2021-01-06 14:48:03::資料行 'Relationship' 不屬於資料表 RelativesInCompany。

2021-01-06 14:48:22::資料行 'Relationship' 不屬於資料表 RelativesInCompany。

2021-01-06 14:48:24::資料行 'Relationship' 不屬於資料表 RelativesInCompany。

2021-01-06 14:48:25::資料行 'Relationship' 不屬於資料表 RelativesInCompany。

2021-01-06 14:48:26::資料行 'Relationship' 不屬於資料表 RelativesInCompany。

2021-01-06 14:48:26::資料行 'Relationship' 不屬於資料表 RelativesInCompany。

2021-01-06 14:48:27::資料行 'Relationship' 不屬於資料表 RelativesInCompany。

2021-01-06 14:48:27::資料行 'Relationship' 不屬於資料表 RelativesInCompany。

2021-01-06 14:48:28::資料行 'Relationship' 不屬於資料表 RelativesInCompany。

2021-01-06 14:48:28::資料行 'Relationship' 不屬於資料表 RelativesInCompany。

2021-01-06 14:48:29::資料行 'Relationship' 不屬於資料表 RelativesInCompany。

2021-01-06 14:48:29::資料行 'Relationship' 不屬於資料表 RelativesInCompany。

2021-01-06 14:48:29::資料行 'Relationship' 不屬於資料表 RelativesInCompany。

2021-01-06 14:48:29::資料行 'Relationship' 不屬於資料表 RelativesInCompany。

2021-01-06 14:48:30::資料行 'Relationship' 不屬於資料表 RelativesInCompany。

2021-01-06 14:48:30::資料行 'Relationship' 不屬於資料表 RelativesInCompany。

2021-01-06 14:48:30::已經開啟一個與這個 Command 相關的 DataReader，必須先將它關閉。

2021-01-06 14:48:30::並未將物件參考設定為物件的執行個體。

2021-01-06 14:48:30::並未將物件參考設定為物件的執行個體。

2021-01-06 14:48:31::資料行 'Relationship' 不屬於資料表 RelativesInCompany。

2021-01-06 14:48:33::資料行 'Relationship' 不屬於資料表 RelativesInCompany。

2021-01-06 14:48:35::資料行 'Relationship' 不屬於資料表 RelativesInCompany。

2021-01-06 14:48:35::並未將物件參考設定為物件的執行個體。

2021-01-06 14:48:35::已經開啟一個與這個 Command 相關的 DataReader，必須先將它關閉。

2021-01-06 14:48:35::並未將物件參考設定為物件的執行個體。

2021-01-06 14:48:36::資料行 'Relationship' 不屬於資料表 RelativesInCompany。

2021-01-06 14:48:36::資料行 'Relationship' 不屬於資料表 RelativesInCompany。

2021-01-06 14:48:36::資料行 'Relationship' 不屬於資料表 RelativesInCompany。

2021-01-06 14:48:39::資料行 'Relationship' 不屬於資料表 RelativesInCompany。

2021-01-06 14:48:39::資料行 'Relationship' 不屬於資料表 RelativesInCompany。

2021-01-06 14:48:40::資料行 'Relationship' 不屬於資料表 RelativesInCompany。

2021-01-06 14:48:40::資料行 'Relationship' 不屬於資料表 RelativesInCompany。

2021-01-06 14:48:40::資料行 'Relationship' 不屬於資料表 RelativesInCompany。

2021-01-06 14:48:40::資料行 'Relationship' 不屬於資料表 RelativesInCompany。

2021-01-06 14:48:41::資料行 'Relationship' 不屬於資料表 RelativesInCompany。

2021-01-06 14:48:41::資料行 'Relationship' 不屬於資料表 RelativesInCompany。

2021-01-06 14:48:42::資料行 'Relationship' 不屬於資料表 RelativesInCompany。

2021-01-06 14:48:43::資料行 'Relationship' 不屬於資料表 RelativesInCompany。

2021-01-06 14:48:43::資料行 'Relationship' 不屬於資料表 RelativesInCompany。

2021-01-06 14:48:44::資料行 'Relationship' 不屬於資料表 RelativesInCompany。

2021-01-06 14:48:49::資料行 'Relationship' 不屬於資料表 RelativesInCompany。

2021-01-06 14:48:52::資料行 'Relationship' 不屬於資料表 RelativesInCompany。

2021-01-06 14:49:00::資料行 'Relationship' 不屬於資料表 RelativesInCompany。

2021-01-06 14:49:05::資料行 'Relationship' 不屬於資料表 RelativesInCompany。

2021-01-06 14:49:06::資料行 'Relationship' 不屬於資料表 RelativesInCompany。

2021-01-06 14:49:08::資料行 'Relationship' 不屬於資料表 RelativesInCompany。

2021-01-06 14:49:09::資料行 'Relationship' 不屬於資料表 RelativesInCompany。

2021-01-06 14:49:11::資料行 'Relationship' 不屬於資料表 RelativesInCompany。

2021-01-06 14:49:12::資料行 'Relationship' 不屬於資料表 RelativesInCompany。

2021-01-06 14:49:12::資料行 'Relationship' 不屬於資料表 RelativesInCompany。

2021-01-06 14:49:13::資料行 'Relationship' 不屬於資料表 RelativesInCompany。

2021-01-06 14:49:14::資料行 'Relationship' 不屬於資料表 RelativesInCompany。

2021-01-06 14:49:16::資料行 'Relationship' 不屬於資料表 RelativesInCompany。

2021-01-06 14:49:16::資料行 'Relationship' 不屬於資料表 RelativesInCompany。

2021-01-06 14:49:16::資料行 'Relationship' 不屬於資料表 RelativesInCompany。

2021-01-06 14:49:19::資料行 'Relationship' 不屬於資料表 RelativesInCompany。

2021-01-06 14:49:20::資料行 'Relationship' 不屬於資料表 RelativesInCompany。

2021-01-06 14:49:20::資料行 'Relationship' 不屬於資料表 RelativesInCompany。

2021-01-06 14:49:22::資料行 'Relationship' 不屬於資料表 RelativesInCompany。

2021-01-06 14:49:22::資料行 'Relationship' 不屬於資料表 RelativesInCompany。

2021-01-06 14:49:24::資料行 'Relationship' 不屬於資料表 RelativesInCompany。

2021-01-06 14:49:24::資料行 'Relationship' 不屬於資料表 RelativesInCompany。

2021-01-06 14:49:24::資料行 'Relationship' 不屬於資料表 RelativesInCompany。

2021-01-06 14:50:47::資料行 'Relationship' 不屬於資料表 RelativesInCompany。

2021-01-06 14:50:49::資料行 'Relationship' 不屬於資料表 RelativesInCompany。

2021-01-06 14:50:49::資料行 'Relationship' 不屬於資料表 RelativesInCompany。

2021-01-06 14:50:50::資料行 'Relationship' 不屬於資料表 RelativesInCompany。

2021-01-06 14:50:50::資料行 'Relationship' 不屬於資料表 RelativesInCompany。

2021-01-06 14:50:50::資料行 'Relationship' 不屬於資料表 RelativesInCompany。

2021-01-06 14:50:50::資料行 'Relationship' 不屬於資料表 RelativesInCompany。

2021-01-06 14:50:51::資料行 'Relationship' 不屬於資料表 RelativesInCompany。

2021-01-06 14:50:51::資料行 'Relationship' 不屬於資料表 RelativesInCompany。

2021-01-06 14:50:51::資料行 'Relationship' 不屬於資料表 RelativesInCompany。

2021-01-06 14:50:51::資料行 'Relationship' 不屬於資料表 RelativesInCompany。

2021-01-06 14:50:51::資料行 'Relationship' 不屬於資料表 RelativesInCompany。

2021-01-06 14:50:51::資料行 'Relationship' 不屬於資料表 RelativesInCompany。

2021-01-06 14:50:52::資料行 'Relationship' 不屬於資料表 RelativesInCompany。

2021-01-06 14:50:52::資料行 'Relationship' 不屬於資料表 RelativesInCompany。

2021-01-06 14:50:52::資料行 'Relationship' 不屬於資料表 RelativesInCompany。

2021-01-06 14:52:11::資料行 'Relationship' 不屬於資料表 RelativesInCompany。

2021-01-06 14:52:12::資料行 'Relationship' 不屬於資料表 RelativesInCompany。

2021-01-06 14:52:12::資料行 'Relationship' 不屬於資料表 RelativesInCompany。

2021-01-06 14:52:12::資料行 'Relationship' 不屬於資料表 RelativesInCompany。

2021-01-06 14:52:44::資料行 'Relationship' 不屬於資料表 RelativesInCompany。

2021-01-06 14:52:46::資料行 'Relationship' 不屬於資料表 RelativesInCompany。

2021-01-06 14:52:46::資料行 'Relationship' 不屬於資料表 RelativesInCompany。

2021-01-06 14:52:46::資料行 'Relationship' 不屬於資料表 RelativesInCompany。

2021-01-06 14:52:46::資料行 'Relationship' 不屬於資料表 RelativesInCompany。

2021-01-06 14:52:46::資料行 'Relationship' 不屬於資料表 RelativesInCompany。

2021-01-06 14:52:47::資料行 'Relationship' 不屬於資料表 RelativesInCompany。

2021-01-06 14:52:47::資料行 'Relationship' 不屬於資料表 RelativesInCompany。

2021-01-06 14:52:47::資料行 'Relationship' 不屬於資料表 RelativesInCompany。

2021-01-06 14:52:47::資料行 'Relationship' 不屬於資料表 RelativesInCompany。

2021-01-06 14:52:48::資料行 'Relationship' 不屬於資料表 RelativesInCompany。

2021-01-06 14:52:48::資料行 'Relationship' 不屬於資料表 RelativesInCompany。

2021-01-06 14:52:48::資料行 'Relationship' 不屬於資料表 RelativesInCompany。

2021-01-06 14:52:48::資料行 'Relationship' 不屬於資料表 RelativesInCompany。

2021-01-06 14:52:48::資料行 'Relationship' 不屬於資料表 RelativesInCompany。

2021-01-06 14:52:48::資料行 'Relationship' 不屬於資料表 RelativesInCompany。

2021-01-06 14:52:48::資料行 'Relationship' 不屬於資料表 RelativesInCompany。

2021-01-06 14:52:49::資料行 'Relationship' 不屬於資料表 RelativesInCompany。

2021-01-06 14:52:49::資料行 'Relationship' 不屬於資料表 RelativesInCompany。

2021-01-06 14:52:49::資料行 'Relationship' 不屬於資料表 RelativesInCompany。

2021-01-06 14:52:50::資料行 'Relationship' 不屬於資料表 RelativesInCompany。

2021-01-06 14:52:50::資料行 'Relationship' 不屬於資料表 RelativesInCompany。

