2021-05-17 08:30:53::ExecuteReader 必須有開啟與可用的 Connection。連接目前的狀態為連接中。

2021-05-17 08:30:53::ExecuteReader 必須有開啟與可用的 Connection。連接目前的狀態為連接中。

2021-05-17 08:30:53::並未將物件參考設定為物件的執行個體。

2021-05-17 08:30:53::並未將物件參考設定為物件的執行個體。

2021-05-17 10:01:24::並未將物件參考設定為物件的執行個體。

2021-05-17 10:01:24::並未將物件參考設定為物件的執行個體。

2021-05-17 10:01:24::已經開啟一個與這個 Command 相關的 DataReader，必須先將它關閉。

2021-05-17 10:01:24::ExecuteReader 必須有開啟與可用的 Connection。連接目前的狀態為連接中。

2021-05-17 10:01:24::並未將物件參考設定為物件的執行個體。

2021-05-17 10:01:24::並未將物件參考設定為物件的執行個體。

2021-05-17 10:01:24::ExecuteReader 必須有開啟與可用的 Connection。連接目前的狀態為連接中。

2021-05-17 10:01:24::並未將物件參考設定為物件的執行個體。

2021-05-17 10:01:24::當讀取器關閉時嘗試呼叫 MetaData 無效。

2021-05-17 10:01:24::並未將物件參考設定為物件的執行個體。

2021-05-17 13:26:18::並未將物件參考設定為物件的執行個體。

2021-05-17 13:26:18::ExecuteReader 必須有開啟與可用的 Connection。連接目前的狀態為連接中。

2021-05-17 13:26:18::作業無效。已經關閉連接。

2021-05-17 13:26:18::ExecuteReader 必須有開啟與可用的 Connection。連接目前的狀態為連接中。

2021-05-17 13:26:18::並未將物件參考設定為物件的執行個體。

2021-05-17 13:26:18::並未將物件參考設定為物件的執行個體。

2021-05-17 13:26:18::並未將物件參考設定為物件的執行個體。

2021-05-17 17:23:22::ExecuteReader 必須有開啟與可用的 Connection。連接目前的狀態為開啟。

2021-05-17 17:23:22::ExecuteReader 必須有開啟與可用的 Connection。連接目前的狀態為開啟。

2021-05-17 17:23:22::ExecuteReader 必須有開啟與可用的 Connection。連接目前的狀態為連接中。

2021-05-17 17:23:22::ExecuteReader 必須有開啟與可用的 Connection。連接目前的狀態為開啟。

2021-05-17 17:23:22::並未將物件參考設定為物件的執行個體。

2021-05-17 17:23:22::並未將物件參考設定為物件的執行個體。

2021-05-17 17:23:22::並未將物件參考設定為物件的執行個體。

2021-05-17 17:23:22::並未將物件參考設定為物件的執行個體。

2021-05-17 17:23:22::ExecuteReader 必須有開啟與可用的 Connection。連接目前的狀態為開啟。

2021-05-17 17:23:22::並未將物件參考設定為物件的執行個體。

2021-05-17 17:23:22::ExecuteReader 必須有開啟與可用的 Connection。連接目前的狀態為開啟。

2021-05-17 17:23:22::並未將物件參考設定為物件的執行個體。

2021-05-17 17:23:23::ExecuteReader 必須有開啟與可用的 Connection。連接目前的狀態為開啟。

2021-05-17 17:23:23::並未將物件參考設定為物件的執行個體。

2021-05-17 17:23:23::ExecuteReader 必須有開啟與可用的 Connection。連接目前的狀態為開啟。

2021-05-17 17:23:23::並未將物件參考設定為物件的執行個體。

2021-05-17 17:23:23::ExecuteReader 必須有開啟與可用的 Connection。連接目前的狀態為開啟。

2021-05-17 17:23:23::並未將物件參考設定為物件的執行個體。

2021-05-17 17:23:23::ExecuteReader 必須有開啟與可用的 Connection。連接目前的狀態為開啟。

2021-05-17 17:23:23::並未將物件參考設定為物件的執行個體。

2021-05-17 17:23:23::ExecuteReader 必須有開啟與可用的 Connection。連接目前的狀態為開啟。

2021-05-17 17:23:23::並未將物件參考設定為物件的執行個體。

2021-05-17 17:23:23::ExecuteReader 必須有開啟與可用的 Connection。連接目前的狀態為開啟。

2021-05-17 17:23:23::並未將物件參考設定為物件的執行個體。

2021-05-17 17:23:23::ExecuteReader 必須有開啟與可用的 Connection。連接目前的狀態為開啟。

2021-05-17 17:23:23::並未將物件參考設定為物件的執行個體。

2021-05-17 17:23:23::ExecuteReader 必須有開啟與可用的 Connection。連接目前的狀態為開啟。

2021-05-17 17:23:23::並未將物件參考設定為物件的執行個體。

2021-05-17 17:23:23::ExecuteReader 必須有開啟與可用的 Connection。連接目前的狀態為開啟。

2021-05-17 17:23:23::並未將物件參考設定為物件的執行個體。

2021-05-17 17:23:23::ExecuteReader 必須有開啟與可用的 Connection。連接目前的狀態為開啟。

2021-05-17 17:23:23::並未將物件參考設定為物件的執行個體。

2021-05-17 17:23:23::ExecuteReader 必須有開啟與可用的 Connection。連接目前的狀態為開啟。

2021-05-17 17:23:23::並未將物件參考設定為物件的執行個體。

2021-05-17 17:23:23::ExecuteReader 必須有開啟與可用的 Connection。連接目前的狀態為開啟。

2021-05-17 17:23:23::並未將物件參考設定為物件的執行個體。

2021-05-17 17:23:24::ExecuteReader 必須有開啟與可用的 Connection。連接目前的狀態為開啟。

2021-05-17 17:23:24::並未將物件參考設定為物件的執行個體。

2021-05-17 17:23:24::ExecuteReader 必須有開啟與可用的 Connection。連接目前的狀態為開啟。

2021-05-17 17:23:24::並未將物件參考設定為物件的執行個體。

2021-05-17 17:23:25::ExecuteReader 必須有開啟與可用的 Connection。連接目前的狀態為開啟。

2021-05-17 17:23:25::並未將物件參考設定為物件的執行個體。

2021-05-17 17:23:25::ExecuteReader 必須有開啟與可用的 Connection。連接目前的狀態為開啟。

2021-05-17 17:23:25::並未將物件參考設定為物件的執行個體。

2021-05-17 17:23:25::ExecuteReader 必須有開啟與可用的 Connection。連接目前的狀態為開啟。

2021-05-17 17:23:25::並未將物件參考設定為物件的執行個體。

2021-05-17 17:23:26::ExecuteReader 必須有開啟與可用的 Connection。連接目前的狀態為開啟。

2021-05-17 17:23:26::並未將物件參考設定為物件的執行個體。

2021-05-17 17:23:29::ExecuteReader 必須有開啟與可用的 Connection。連接目前的狀態為開啟。

2021-05-17 17:23:29::並未將物件參考設定為物件的執行個體。

2021-05-17 17:23:30::ExecuteReader 必須有開啟與可用的 Connection。連接目前的狀態為開啟。

2021-05-17 17:23:30::並未將物件參考設定為物件的執行個體。

2021-05-17 17:23:30::ExecuteReader 必須有開啟與可用的 Connection。連接目前的狀態為開啟。

2021-05-17 17:23:30::並未將物件參考設定為物件的執行個體。

2021-05-17 17:23:30::ExecuteReader 必須有開啟與可用的 Connection。連接目前的狀態為開啟。

2021-05-17 17:23:30::並未將物件參考設定為物件的執行個體。

2021-05-17 17:23:30::ExecuteReader 必須有開啟與可用的 Connection。連接目前的狀態為開啟。

2021-05-17 17:23:30::並未將物件參考設定為物件的執行個體。

2021-05-17 17:23:30::ExecuteReader 必須有開啟與可用的 Connection。連接目前的狀態為開啟。

2021-05-17 17:23:30::並未將物件參考設定為物件的執行個體。

2021-05-17 17:23:33::ExecuteReader 必須有開啟與可用的 Connection。連接目前的狀態為開啟。

2021-05-17 17:23:33::並未將物件參考設定為物件的執行個體。

2021-05-17 17:23:34::ExecuteReader 必須有開啟與可用的 Connection。連接目前的狀態為開啟。

2021-05-17 17:23:34::並未將物件參考設定為物件的執行個體。

2021-05-17 17:23:35::ExecuteReader 必須有開啟與可用的 Connection。連接目前的狀態為開啟。

2021-05-17 17:23:35::並未將物件參考設定為物件的執行個體。

2021-05-17 17:23:35::ExecuteReader 必須有開啟與可用的 Connection。連接目前的狀態為開啟。

2021-05-17 17:23:35::並未將物件參考設定為物件的執行個體。

2021-05-17 17:23:35::ExecuteReader 必須有開啟與可用的 Connection。連接目前的狀態為開啟。

2021-05-17 17:23:35::並未將物件參考設定為物件的執行個體。

2021-05-17 17:23:35::ExecuteReader 必須有開啟與可用的 Connection。連接目前的狀態為開啟。

2021-05-17 17:23:35::並未將物件參考設定為物件的執行個體。

2021-05-17 17:23:36::ExecuteReader 必須有開啟與可用的 Connection。連接目前的狀態為開啟。

2021-05-17 17:23:36::並未將物件參考設定為物件的執行個體。

2021-05-17 17:23:36::ExecuteReader 必須有開啟與可用的 Connection。連接目前的狀態為開啟。

2021-05-17 17:23:36::並未將物件參考設定為物件的執行個體。

2021-05-17 17:23:37::ExecuteReader 必須有開啟與可用的 Connection。連接目前的狀態為開啟。

2021-05-17 17:23:37::並未將物件參考設定為物件的執行個體。

2021-05-17 17:23:37::ExecuteReader 必須有開啟與可用的 Connection。連接目前的狀態為開啟。

2021-05-17 17:23:37::並未將物件參考設定為物件的執行個體。

2021-05-17 17:23:38::ExecuteReader 必須有開啟與可用的 Connection。連接目前的狀態為開啟。

2021-05-17 17:23:38::並未將物件參考設定為物件的執行個體。

2021-05-17 17:23:38::ExecuteReader 必須有開啟與可用的 Connection。連接目前的狀態為開啟。

2021-05-17 17:23:38::並未將物件參考設定為物件的執行個體。

2021-05-17 17:23:38::ExecuteReader 必須有開啟與可用的 Connection。連接目前的狀態為開啟。

2021-05-17 17:23:38::並未將物件參考設定為物件的執行個體。

2021-05-17 17:23:38::ExecuteReader 必須有開啟與可用的 Connection。連接目前的狀態為開啟。

2021-05-17 17:23:38::並未將物件參考設定為物件的執行個體。

2021-05-17 17:23:39::ExecuteReader 必須有開啟與可用的 Connection。連接目前的狀態為開啟。

2021-05-17 17:23:39::並未將物件參考設定為物件的執行個體。

2021-05-17 17:23:40::ExecuteReader 必須有開啟與可用的 Connection。連接目前的狀態為開啟。

2021-05-17 17:23:40::並未將物件參考設定為物件的執行個體。

2021-05-17 17:23:40::ExecuteReader 必須有開啟與可用的 Connection。連接目前的狀態為開啟。

2021-05-17 17:23:40::並未將物件參考設定為物件的執行個體。

2021-05-17 17:23:40::ExecuteReader 必須有開啟與可用的 Connection。連接目前的狀態為開啟。

2021-05-17 17:23:40::並未將物件參考設定為物件的執行個體。

2021-05-17 17:23:41::ExecuteReader 必須有開啟與可用的 Connection。連接目前的狀態為開啟。

2021-05-17 17:23:41::並未將物件參考設定為物件的執行個體。

2021-05-17 17:23:41::ExecuteReader 必須有開啟與可用的 Connection。連接目前的狀態為開啟。

2021-05-17 17:23:41::並未將物件參考設定為物件的執行個體。

2021-05-17 17:23:41::ExecuteReader 必須有開啟與可用的 Connection。連接目前的狀態為開啟。

2021-05-17 17:23:41::並未將物件參考設定為物件的執行個體。

2021-05-17 17:23:48::ExecuteReader 必須有開啟與可用的 Connection。連接目前的狀態為開啟。

2021-05-17 17:23:48::並未將物件參考設定為物件的執行個體。

2021-05-17 17:23:50::ExecuteReader 必須有開啟與可用的 Connection。連接目前的狀態為開啟。

2021-05-17 17:23:50::並未將物件參考設定為物件的執行個體。

2021-05-17 17:23:50::ExecuteReader 必須有開啟與可用的 Connection。連接目前的狀態為開啟。

2021-05-17 17:23:51::並未將物件參考設定為物件的執行個體。

2021-05-17 17:23:51::ExecuteReader 必須有開啟與可用的 Connection。連接目前的狀態為開啟。

2021-05-17 17:23:51::並未將物件參考設定為物件的執行個體。

2021-05-17 17:23:51::ExecuteReader 必須有開啟與可用的 Connection。連接目前的狀態為開啟。

2021-05-17 17:23:51::並未將物件參考設定為物件的執行個體。

2021-05-17 17:23:51::ExecuteReader 必須有開啟與可用的 Connection。連接目前的狀態為開啟。

2021-05-17 17:23:51::並未將物件參考設定為物件的執行個體。

2021-05-17 17:23:51::ExecuteReader 必須有開啟與可用的 Connection。連接目前的狀態為開啟。

2021-05-17 17:23:51::並未將物件參考設定為物件的執行個體。

2021-05-17 17:23:51::並未將物件參考設定為物件的執行個體。

2021-05-17 17:23:52::ExecuteReader 必須有開啟與可用的 Connection。連接目前的狀態為開啟。

2021-05-17 17:23:52::並未將物件參考設定為物件的執行個體。

2021-05-17 17:23:52::ExecuteReader 必須有開啟與可用的 Connection。連接目前的狀態為開啟。

2021-05-17 17:23:52::並未將物件參考設定為物件的執行個體。

2021-05-17 17:23:52::並未將物件參考設定為物件的執行個體。

2021-05-17 20:51:51::並未將物件參考設定為物件的執行個體。

2021-05-17 20:51:51::已經開啟一個與這個 Command 相關的 DataReader，必須先將它關閉。

2021-05-17 20:51:51::並未將物件參考設定為物件的執行個體。

