2021-02-21 08:40:37::並未將物件參考設定為物件的執行個體。

2021-02-21 08:40:37::並未將物件參考設定為物件的執行個體。

2021-02-21 08:40:37::連接未關閉。連接目前的狀態為連接中。

2021-02-21 08:40:37::並未將物件參考設定為物件的執行個體。

2021-02-21 08:40:37::並未將物件參考設定為物件的執行個體。

2021-02-21 08:40:37::並未將物件參考設定為物件的執行個體。

2021-02-21 08:40:37::ExecuteReader 必須有開啟與可用的 Connection。連接目前的狀態為連接中。

2021-02-21 08:40:37::並未將物件參考設定為物件的執行個體。

2021-02-21 10:56:47::並未將物件參考設定為物件的執行個體。

2021-02-21 10:56:47::並未將物件參考設定為物件的執行個體。

2021-02-21 13:27:41::並未將物件參考設定為物件的執行個體。

2021-02-21 13:27:41::並未將物件參考設定為物件的執行個體。

2021-02-21 13:27:41::並未將物件參考設定為物件的執行個體。

2021-02-21 13:27:41::並未將物件參考設定為物件的執行個體。

2021-02-21 13:27:41::並未將物件參考設定為物件的執行個體。

2021-02-21 13:27:41::並未將物件參考設定為物件的執行個體。

2021-02-21 13:27:41::並未將物件參考設定為物件的執行個體。

2021-02-21 13:27:41::作業無效。已經關閉連接。

2021-02-21 13:27:41::作業無效。已經關閉連接。

2021-02-21 13:27:41::作業無效。已經關閉連接。

2021-02-21 13:27:41::並未將物件參考設定為物件的執行個體。

2021-02-21 13:27:41::並未將物件參考設定為物件的執行個體。

2021-02-21 13:27:41::並未將物件參考設定為物件的執行個體。

2021-02-21 13:27:41::內部 .Net Framework Data Provider 錯誤 60。

2021-02-21 13:27:41::內部 .Net Framework Data Provider 錯誤 60。

2021-02-21 13:27:42::ExecuteReader 必須有開啟與可用的 Connection。連接目前的狀態為開啟。

2021-02-21 13:27:42::並未將物件參考設定為物件的執行個體。

2021-02-21 13:27:42::ExecuteReader 必須有開啟與可用的 Connection。連接目前的狀態為連接中。

2021-02-21 13:27:42::並未將物件參考設定為物件的執行個體。

2021-02-21 13:27:42::ExecuteReader 必須有開啟與可用的 Connection。連接目前的狀態為開啟。

2021-02-21 13:27:42::並未將物件參考設定為物件的執行個體。

2021-02-21 13:28:12::並未將物件參考設定為物件的執行個體。

