2021-09-22 13:03:23::ExecuteReader 必須有開啟與可用的 Connection。連接目前的狀態為連接中。

2021-09-22 13:03:24::ExecuteReader 必須有開啟與可用的 Connection。連接目前的狀態為連接中。

2021-09-22 13:03:24::並未將物件參考設定為物件的執行個體。

2021-09-22 13:03:24::已經開啟一個與這個 Command 相關的 DataReader，必須先將它關閉。

2021-09-22 13:03:24::並未將物件參考設定為物件的執行個體。

2021-09-22 13:03:24::並未將物件參考設定為物件的執行個體。

2021-09-22 13:03:24::並未將物件參考設定為物件的執行個體。

2021-09-22 13:03:24::ExecuteReader 必須有開啟與可用的 Connection。連接目前的狀態為連接中。

2021-09-22 13:03:24::並未將物件參考設定為物件的執行個體。

2021-09-22 18:32:14::ExecuteReader 必須有開啟與可用的 Connection。連接目前的狀態為連接中。

2021-09-22 18:32:14::並未將物件參考設定為物件的執行個體。

2021-09-22 18:32:14::資料來源的型別 String 指定值無法轉換成指定目標資料行的型別 nvarchar。

2021-09-22 18:32:14::資料來源的型別 String 指定值無法轉換成指定目標資料行的型別 nvarchar。

2021-09-22 18:32:17::資料來源的型別 String 指定值無法轉換成指定目標資料行的型別 nvarchar。

2021-09-22 18:32:17::資料來源的型別 String 指定值無法轉換成指定目標資料行的型別 nvarchar。

2021-09-22 18:32:59::資料來源的型別 String 指定值無法轉換成指定目標資料行的型別 nvarchar。

2021-09-22 18:32:59::資料來源的型別 String 指定值無法轉換成指定目標資料行的型別 nvarchar。

2021-09-22 18:33:03::資料來源的型別 String 指定值無法轉換成指定目標資料行的型別 nvarchar。

2021-09-22 18:33:03::資料來源的型別 String 指定值無法轉換成指定目標資料行的型別 nvarchar。

2021-09-22 18:33:04::資料來源的型別 String 指定值無法轉換成指定目標資料行的型別 nvarchar。

2021-09-22 18:33:04::資料來源的型別 String 指定值無法轉換成指定目標資料行的型別 nvarchar。

2021-09-22 18:33:04::資料來源的型別 String 指定值無法轉換成指定目標資料行的型別 nvarchar。

2021-09-22 18:33:04::資料來源的型別 String 指定值無法轉換成指定目標資料行的型別 nvarchar。

2021-09-22 18:33:04::資料來源的型別 String 指定值無法轉換成指定目標資料行的型別 nvarchar。

2021-09-22 18:33:04::資料來源的型別 String 指定值無法轉換成指定目標資料行的型別 nvarchar。

2021-09-22 18:33:04::資料來源的型別 String 指定值無法轉換成指定目標資料行的型別 nvarchar。

2021-09-22 18:33:04::資料來源的型別 String 指定值無法轉換成指定目標資料行的型別 nvarchar。

2021-09-22 18:33:04::資料來源的型別 String 指定值無法轉換成指定目標資料行的型別 nvarchar。

2021-09-22 18:33:04::資料來源的型別 String 指定值無法轉換成指定目標資料行的型別 nvarchar。

2021-09-22 18:33:05::資料來源的型別 String 指定值無法轉換成指定目標資料行的型別 nvarchar。

2021-09-22 18:33:05::資料來源的型別 String 指定值無法轉換成指定目標資料行的型別 nvarchar。

2021-09-22 18:33:05::資料來源的型別 String 指定值無法轉換成指定目標資料行的型別 nvarchar。

2021-09-22 18:33:05::資料來源的型別 String 指定值無法轉換成指定目標資料行的型別 nvarchar。

2021-09-22 18:33:05::資料來源的型別 String 指定值無法轉換成指定目標資料行的型別 nvarchar。

2021-09-22 18:33:05::資料來源的型別 String 指定值無法轉換成指定目標資料行的型別 nvarchar。

2021-09-22 18:33:05::資料來源的型別 String 指定值無法轉換成指定目標資料行的型別 nvarchar。

2021-09-22 18:33:05::資料來源的型別 String 指定值無法轉換成指定目標資料行的型別 nvarchar。

2021-09-22 18:33:05::資料來源的型別 String 指定值無法轉換成指定目標資料行的型別 nvarchar。

2021-09-22 18:33:05::資料來源的型別 String 指定值無法轉換成指定目標資料行的型別 nvarchar。

2021-09-22 18:33:05::資料來源的型別 String 指定值無法轉換成指定目標資料行的型別 nvarchar。

2021-09-22 18:33:05::資料來源的型別 String 指定值無法轉換成指定目標資料行的型別 nvarchar。

2021-09-22 18:33:07::資料來源的型別 String 指定值無法轉換成指定目標資料行的型別 nvarchar。

2021-09-22 18:33:07::資料來源的型別 String 指定值無法轉換成指定目標資料行的型別 nvarchar。

2021-09-22 18:33:07::資料來源的型別 String 指定值無法轉換成指定目標資料行的型別 nvarchar。

2021-09-22 18:33:07::資料來源的型別 String 指定值無法轉換成指定目標資料行的型別 nvarchar。

2021-09-22 18:33:07::資料來源的型別 String 指定值無法轉換成指定目標資料行的型別 nvarchar。

2021-09-22 18:33:07::資料來源的型別 String 指定值無法轉換成指定目標資料行的型別 nvarchar。

2021-09-22 18:33:07::資料來源的型別 String 指定值無法轉換成指定目標資料行的型別 nvarchar。

2021-09-22 18:33:07::資料來源的型別 String 指定值無法轉換成指定目標資料行的型別 nvarchar。

2021-09-22 18:33:08::資料來源的型別 String 指定值無法轉換成指定目標資料行的型別 nvarchar。

2021-09-22 18:33:08::資料來源的型別 String 指定值無法轉換成指定目標資料行的型別 nvarchar。

2021-09-22 18:33:08::資料來源的型別 String 指定值無法轉換成指定目標資料行的型別 nvarchar。

2021-09-22 18:33:08::資料來源的型別 String 指定值無法轉換成指定目標資料行的型別 nvarchar。

2021-09-22 18:33:08::資料來源的型別 String 指定值無法轉換成指定目標資料行的型別 nvarchar。

2021-09-22 18:33:08::資料來源的型別 String 指定值無法轉換成指定目標資料行的型別 nvarchar。

2021-09-22 18:33:08::資料來源的型別 String 指定值無法轉換成指定目標資料行的型別 nvarchar。

2021-09-22 18:33:08::資料來源的型別 String 指定值無法轉換成指定目標資料行的型別 nvarchar。

2021-09-22 18:33:08::資料來源的型別 String 指定值無法轉換成指定目標資料行的型別 nvarchar。

2021-09-22 18:33:08::資料來源的型別 String 指定值無法轉換成指定目標資料行的型別 nvarchar。

2021-09-22 18:33:08::資料來源的型別 String 指定值無法轉換成指定目標資料行的型別 nvarchar。

2021-09-22 18:33:08::資料來源的型別 String 指定值無法轉換成指定目標資料行的型別 nvarchar。

2021-09-22 18:33:09::資料來源的型別 String 指定值無法轉換成指定目標資料行的型別 nvarchar。

2021-09-22 18:33:09::資料來源的型別 String 指定值無法轉換成指定目標資料行的型別 nvarchar。

2021-09-22 18:33:09::資料來源的型別 String 指定值無法轉換成指定目標資料行的型別 nvarchar。

2021-09-22 18:33:09::資料來源的型別 String 指定值無法轉換成指定目標資料行的型別 nvarchar。

2021-09-22 18:33:09::資料來源的型別 String 指定值無法轉換成指定目標資料行的型別 nvarchar。

2021-09-22 18:33:09::資料來源的型別 String 指定值無法轉換成指定目標資料行的型別 nvarchar。

2021-09-22 18:33:09::資料來源的型別 String 指定值無法轉換成指定目標資料行的型別 nvarchar。

2021-09-22 18:33:09::資料來源的型別 String 指定值無法轉換成指定目標資料行的型別 nvarchar。

2021-09-22 18:33:09::資料來源的型別 String 指定值無法轉換成指定目標資料行的型別 nvarchar。

2021-09-22 18:33:09::資料來源的型別 String 指定值無法轉換成指定目標資料行的型別 nvarchar。

2021-09-22 18:33:09::資料來源的型別 String 指定值無法轉換成指定目標資料行的型別 nvarchar。

2021-09-22 18:33:09::資料來源的型別 String 指定值無法轉換成指定目標資料行的型別 nvarchar。

2021-09-22 18:33:10::資料來源的型別 String 指定值無法轉換成指定目標資料行的型別 nvarchar。

2021-09-22 18:33:10::資料來源的型別 String 指定值無法轉換成指定目標資料行的型別 nvarchar。

2021-09-22 18:33:10::資料來源的型別 String 指定值無法轉換成指定目標資料行的型別 nvarchar。

2021-09-22 18:33:10::資料來源的型別 String 指定值無法轉換成指定目標資料行的型別 nvarchar。

2021-09-22 18:33:10::資料來源的型別 String 指定值無法轉換成指定目標資料行的型別 nvarchar。

2021-09-22 18:33:10::資料來源的型別 String 指定值無法轉換成指定目標資料行的型別 nvarchar。

2021-09-22 18:33:11::資料來源的型別 String 指定值無法轉換成指定目標資料行的型別 nvarchar。

2021-09-22 18:33:11::資料來源的型別 String 指定值無法轉換成指定目標資料行的型別 nvarchar。

2021-09-22 18:33:11::資料來源的型別 String 指定值無法轉換成指定目標資料行的型別 nvarchar。

2021-09-22 18:33:11::資料來源的型別 String 指定值無法轉換成指定目標資料行的型別 nvarchar。

2021-09-22 18:33:11::資料來源的型別 String 指定值無法轉換成指定目標資料行的型別 nvarchar。

2021-09-22 18:33:11::資料來源的型別 String 指定值無法轉換成指定目標資料行的型別 nvarchar。

2021-09-22 18:33:12::資料來源的型別 String 指定值無法轉換成指定目標資料行的型別 nvarchar。

2021-09-22 18:33:12::資料來源的型別 String 指定值無法轉換成指定目標資料行的型別 nvarchar。

2021-09-22 18:33:12::資料來源的型別 String 指定值無法轉換成指定目標資料行的型別 nvarchar。

2021-09-22 18:33:12::資料來源的型別 String 指定值無法轉換成指定目標資料行的型別 nvarchar。

2021-09-22 18:33:12::資料來源的型別 String 指定值無法轉換成指定目標資料行的型別 nvarchar。

2021-09-22 18:33:12::資料來源的型別 String 指定值無法轉換成指定目標資料行的型別 nvarchar。

2021-09-22 18:33:12::資料來源的型別 String 指定值無法轉換成指定目標資料行的型別 nvarchar。

2021-09-22 18:33:12::資料來源的型別 String 指定值無法轉換成指定目標資料行的型別 nvarchar。

2021-09-22 18:33:12::資料來源的型別 String 指定值無法轉換成指定目標資料行的型別 nvarchar。

2021-09-22 18:33:12::資料來源的型別 String 指定值無法轉換成指定目標資料行的型別 nvarchar。

2021-09-22 18:33:12::資料來源的型別 String 指定值無法轉換成指定目標資料行的型別 nvarchar。

2021-09-22 18:33:12::資料來源的型別 String 指定值無法轉換成指定目標資料行的型別 nvarchar。

2021-09-22 18:33:13::資料來源的型別 String 指定值無法轉換成指定目標資料行的型別 nvarchar。

2021-09-22 18:33:13::資料來源的型別 String 指定值無法轉換成指定目標資料行的型別 nvarchar。

2021-09-22 18:33:48::資料來源的型別 String 指定值無法轉換成指定目標資料行的型別 nvarchar。

2021-09-22 18:33:48::資料來源的型別 String 指定值無法轉換成指定目標資料行的型別 nvarchar。

2021-09-22 18:33:49::資料來源的型別 String 指定值無法轉換成指定目標資料行的型別 nvarchar。

2021-09-22 18:33:49::資料來源的型別 String 指定值無法轉換成指定目標資料行的型別 nvarchar。

2021-09-22 18:33:49::資料來源的型別 String 指定值無法轉換成指定目標資料行的型別 nvarchar。

2021-09-22 18:33:49::資料來源的型別 String 指定值無法轉換成指定目標資料行的型別 nvarchar。

2021-09-22 18:33:50::資料來源的型別 String 指定值無法轉換成指定目標資料行的型別 nvarchar。

2021-09-22 18:33:50::資料來源的型別 String 指定值無法轉換成指定目標資料行的型別 nvarchar。

2021-09-22 18:33:50::資料來源的型別 String 指定值無法轉換成指定目標資料行的型別 nvarchar。

2021-09-22 18:33:50::資料來源的型別 String 指定值無法轉換成指定目標資料行的型別 nvarchar。

2021-09-22 18:33:50::資料來源的型別 String 指定值無法轉換成指定目標資料行的型別 nvarchar。

2021-09-22 18:33:50::資料來源的型別 String 指定值無法轉換成指定目標資料行的型別 nvarchar。

2021-09-22 18:33:50::資料來源的型別 String 指定值無法轉換成指定目標資料行的型別 nvarchar。

2021-09-22 18:33:50::資料來源的型別 String 指定值無法轉換成指定目標資料行的型別 nvarchar。

2021-09-22 18:33:50::資料來源的型別 String 指定值無法轉換成指定目標資料行的型別 nvarchar。

2021-09-22 18:33:50::資料來源的型別 String 指定值無法轉換成指定目標資料行的型別 nvarchar。

2021-09-22 18:33:51::資料來源的型別 String 指定值無法轉換成指定目標資料行的型別 nvarchar。

2021-09-22 18:33:51::資料來源的型別 String 指定值無法轉換成指定目標資料行的型別 nvarchar。

2021-09-22 18:33:51::資料來源的型別 String 指定值無法轉換成指定目標資料行的型別 nvarchar。

2021-09-22 18:33:51::資料來源的型別 String 指定值無法轉換成指定目標資料行的型別 nvarchar。

2021-09-22 18:33:51::資料來源的型別 String 指定值無法轉換成指定目標資料行的型別 nvarchar。

2021-09-22 18:33:51::資料來源的型別 String 指定值無法轉換成指定目標資料行的型別 nvarchar。

2021-09-22 18:33:51::資料來源的型別 String 指定值無法轉換成指定目標資料行的型別 nvarchar。

2021-09-22 18:33:51::資料來源的型別 String 指定值無法轉換成指定目標資料行的型別 nvarchar。

2021-09-22 18:33:51::資料來源的型別 String 指定值無法轉換成指定目標資料行的型別 nvarchar。

2021-09-22 18:33:51::資料來源的型別 String 指定值無法轉換成指定目標資料行的型別 nvarchar。

2021-09-22 18:33:51::資料來源的型別 String 指定值無法轉換成指定目標資料行的型別 nvarchar。

2021-09-22 18:33:51::資料來源的型別 String 指定值無法轉換成指定目標資料行的型別 nvarchar。

2021-09-22 18:33:51::資料來源的型別 String 指定值無法轉換成指定目標資料行的型別 nvarchar。

2021-09-22 18:33:51::資料來源的型別 String 指定值無法轉換成指定目標資料行的型別 nvarchar。

2021-09-22 18:33:53::資料來源的型別 String 指定值無法轉換成指定目標資料行的型別 nvarchar。

2021-09-22 18:33:53::資料來源的型別 String 指定值無法轉換成指定目標資料行的型別 nvarchar。

2021-09-22 18:33:53::資料來源的型別 String 指定值無法轉換成指定目標資料行的型別 nvarchar。

2021-09-22 18:33:53::資料來源的型別 String 指定值無法轉換成指定目標資料行的型別 nvarchar。

2021-09-22 18:33:53::資料來源的型別 String 指定值無法轉換成指定目標資料行的型別 nvarchar。

2021-09-22 18:33:53::資料來源的型別 String 指定值無法轉換成指定目標資料行的型別 nvarchar。

2021-09-22 18:33:53::資料來源的型別 String 指定值無法轉換成指定目標資料行的型別 nvarchar。

2021-09-22 18:33:53::資料來源的型別 String 指定值無法轉換成指定目標資料行的型別 nvarchar。

2021-09-22 18:33:54::資料來源的型別 String 指定值無法轉換成指定目標資料行的型別 nvarchar。

2021-09-22 18:33:54::資料來源的型別 String 指定值無法轉換成指定目標資料行的型別 nvarchar。

2021-09-22 18:33:54::資料來源的型別 String 指定值無法轉換成指定目標資料行的型別 nvarchar。

2021-09-22 18:33:54::資料來源的型別 String 指定值無法轉換成指定目標資料行的型別 nvarchar。

2021-09-22 18:33:54::資料來源的型別 String 指定值無法轉換成指定目標資料行的型別 nvarchar。

2021-09-22 18:33:54::資料來源的型別 String 指定值無法轉換成指定目標資料行的型別 nvarchar。

2021-09-22 18:33:54::資料來源的型別 String 指定值無法轉換成指定目標資料行的型別 nvarchar。

2021-09-22 18:33:54::資料來源的型別 String 指定值無法轉換成指定目標資料行的型別 nvarchar。

2021-09-22 18:33:54::資料來源的型別 String 指定值無法轉換成指定目標資料行的型別 nvarchar。

2021-09-22 18:33:55::資料來源的型別 String 指定值無法轉換成指定目標資料行的型別 nvarchar。

2021-09-22 18:33:55::資料來源的型別 String 指定值無法轉換成指定目標資料行的型別 nvarchar。

2021-09-22 18:33:55::資料來源的型別 String 指定值無法轉換成指定目標資料行的型別 nvarchar。

2021-09-22 18:33:55::資料來源的型別 String 指定值無法轉換成指定目標資料行的型別 nvarchar。

2021-09-22 18:33:55::資料來源的型別 String 指定值無法轉換成指定目標資料行的型別 nvarchar。

2021-09-22 18:33:55::資料來源的型別 String 指定值無法轉換成指定目標資料行的型別 nvarchar。

2021-09-22 18:33:55::資料來源的型別 String 指定值無法轉換成指定目標資料行的型別 nvarchar。

2021-09-22 18:33:55::資料來源的型別 String 指定值無法轉換成指定目標資料行的型別 nvarchar。

2021-09-22 18:33:55::資料來源的型別 String 指定值無法轉換成指定目標資料行的型別 nvarchar。

2021-09-22 18:33:55::資料來源的型別 String 指定值無法轉換成指定目標資料行的型別 nvarchar。

2021-09-22 18:33:55::資料來源的型別 String 指定值無法轉換成指定目標資料行的型別 nvarchar。

2021-09-22 18:33:56::資料來源的型別 String 指定值無法轉換成指定目標資料行的型別 nvarchar。

2021-09-22 18:33:56::資料來源的型別 String 指定值無法轉換成指定目標資料行的型別 nvarchar。

2021-09-22 18:33:56::資料來源的型別 String 指定值無法轉換成指定目標資料行的型別 nvarchar。

2021-09-22 18:33:56::資料來源的型別 String 指定值無法轉換成指定目標資料行的型別 nvarchar。

2021-09-22 18:33:56::資料來源的型別 String 指定值無法轉換成指定目標資料行的型別 nvarchar。

2021-09-22 18:33:56::資料來源的型別 String 指定值無法轉換成指定目標資料行的型別 nvarchar。

2021-09-22 18:39:06::資料來源的型別 String 指定值無法轉換成指定目標資料行的型別 nvarchar。

2021-09-22 18:39:06::資料來源的型別 String 指定值無法轉換成指定目標資料行的型別 nvarchar。

2021-09-22 18:39:07::資料來源的型別 String 指定值無法轉換成指定目標資料行的型別 nvarchar。

2021-09-22 18:39:07::資料來源的型別 String 指定值無法轉換成指定目標資料行的型別 nvarchar。

2021-09-22 18:39:11::資料來源的型別 String 指定值無法轉換成指定目標資料行的型別 nvarchar。

2021-09-22 18:39:11::資料來源的型別 String 指定值無法轉換成指定目標資料行的型別 nvarchar。

2021-09-22 18:39:12::資料來源的型別 String 指定值無法轉換成指定目標資料行的型別 nvarchar。

2021-09-22 18:39:12::資料來源的型別 String 指定值無法轉換成指定目標資料行的型別 nvarchar。

2021-09-22 18:39:13::資料來源的型別 String 指定值無法轉換成指定目標資料行的型別 nvarchar。

2021-09-22 18:39:13::資料來源的型別 String 指定值無法轉換成指定目標資料行的型別 nvarchar。

2021-09-22 18:39:13::資料來源的型別 String 指定值無法轉換成指定目標資料行的型別 nvarchar。

2021-09-22 18:39:13::資料來源的型別 String 指定值無法轉換成指定目標資料行的型別 nvarchar。

2021-09-22 18:39:13::資料來源的型別 String 指定值無法轉換成指定目標資料行的型別 nvarchar。

2021-09-22 18:39:13::資料來源的型別 String 指定值無法轉換成指定目標資料行的型別 nvarchar。

2021-09-22 18:39:14::資料來源的型別 String 指定值無法轉換成指定目標資料行的型別 nvarchar。

2021-09-22 18:39:14::資料來源的型別 String 指定值無法轉換成指定目標資料行的型別 nvarchar。

2021-09-22 18:39:17::ExecuteReader 必須有開啟與可用的 Connection。連接目前的狀態為開啟。

2021-09-22 18:39:17::並未將物件參考設定為物件的執行個體。

2021-09-22 18:39:24::ExecuteReader 必須有開啟與可用的 Connection。連接目前的狀態為開啟。

2021-09-22 18:39:24::並未將物件參考設定為物件的執行個體。

2021-09-22 18:39:24::ExecuteReader 必須有開啟與可用的 Connection。連接目前的狀態為開啟。

2021-09-22 18:39:24::並未將物件參考設定為物件的執行個體。

2021-09-22 18:39:24::ExecuteReader 必須有開啟與可用的 Connection。連接目前的狀態為開啟。

2021-09-22 18:39:24::並未將物件參考設定為物件的執行個體。

2021-09-22 18:39:24::ExecuteReader 必須有開啟與可用的 Connection。連接目前的狀態為開啟。

2021-09-22 18:39:24::並未將物件參考設定為物件的執行個體。

2021-09-22 18:39:24::ExecuteReader 必須有開啟與可用的 Connection。連接目前的狀態為開啟。

2021-09-22 18:39:24::並未將物件參考設定為物件的執行個體。

2021-09-22 18:39:24::ExecuteReader 必須有開啟與可用的 Connection。連接目前的狀態為開啟。

2021-09-22 18:39:24::並未將物件參考設定為物件的執行個體。

2021-09-22 18:39:45::並未將物件參考設定為物件的執行個體。

2021-09-22 18:39:45::資料來源的型別 String 指定值無法轉換成指定目標資料行的型別 nvarchar。

2021-09-22 18:39:45::資料來源的型別 String 指定值無法轉換成指定目標資料行的型別 nvarchar。

2021-09-22 18:39:58::資料來源的型別 String 指定值無法轉換成指定目標資料行的型別 nvarchar。

2021-09-22 18:39:58::資料來源的型別 String 指定值無法轉換成指定目標資料行的型別 nvarchar。

2021-09-22 18:39:58::資料來源的型別 String 指定值無法轉換成指定目標資料行的型別 nvarchar。

2021-09-22 18:39:59::資料來源的型別 String 指定值無法轉換成指定目標資料行的型別 nvarchar。

2021-09-22 18:39:59::資料來源的型別 String 指定值無法轉換成指定目標資料行的型別 nvarchar。

2021-09-22 18:39:59::資料來源的型別 String 指定值無法轉換成指定目標資料行的型別 nvarchar。

2021-09-22 18:39:59::資料來源的型別 String 指定值無法轉換成指定目標資料行的型別 nvarchar。

2021-09-22 18:39:59::資料來源的型別 String 指定值無法轉換成指定目標資料行的型別 nvarchar。

2021-09-22 18:39:59::資料來源的型別 String 指定值無法轉換成指定目標資料行的型別 nvarchar。

2021-09-22 18:39:59::資料來源的型別 String 指定值無法轉換成指定目標資料行的型別 nvarchar。

2021-09-22 18:39:59::資料來源的型別 String 指定值無法轉換成指定目標資料行的型別 nvarchar。

2021-09-22 18:39:59::資料來源的型別 String 指定值無法轉換成指定目標資料行的型別 nvarchar。

2021-09-22 18:40:00::資料來源的型別 String 指定值無法轉換成指定目標資料行的型別 nvarchar。

2021-09-22 18:40:00::資料來源的型別 String 指定值無法轉換成指定目標資料行的型別 nvarchar。

2021-09-22 18:40:00::資料來源的型別 String 指定值無法轉換成指定目標資料行的型別 nvarchar。

2021-09-22 18:40:00::資料來源的型別 String 指定值無法轉換成指定目標資料行的型別 nvarchar。

2021-09-22 18:40:00::資料來源的型別 String 指定值無法轉換成指定目標資料行的型別 nvarchar。

2021-09-22 18:40:00::資料來源的型別 String 指定值無法轉換成指定目標資料行的型別 nvarchar。

2021-09-22 18:40:00::資料來源的型別 String 指定值無法轉換成指定目標資料行的型別 nvarchar。

2021-09-22 18:40:00::資料來源的型別 String 指定值無法轉換成指定目標資料行的型別 nvarchar。

2021-09-22 18:40:00::資料來源的型別 String 指定值無法轉換成指定目標資料行的型別 nvarchar。

2021-09-22 18:40:00::資料來源的型別 String 指定值無法轉換成指定目標資料行的型別 nvarchar。

2021-09-22 18:40:00::資料來源的型別 String 指定值無法轉換成指定目標資料行的型別 nvarchar。

2021-09-22 18:40:00::資料來源的型別 String 指定值無法轉換成指定目標資料行的型別 nvarchar。

2021-09-22 18:40:00::資料來源的型別 String 指定值無法轉換成指定目標資料行的型別 nvarchar。

2021-09-22 18:40:00::資料來源的型別 String 指定值無法轉換成指定目標資料行的型別 nvarchar。

2021-09-22 18:40:00::資料來源的型別 String 指定值無法轉換成指定目標資料行的型別 nvarchar。

2021-09-22 18:40:00::資料來源的型別 String 指定值無法轉換成指定目標資料行的型別 nvarchar。

2021-09-22 18:40:01::資料來源的型別 String 指定值無法轉換成指定目標資料行的型別 nvarchar。

2021-09-22 18:40:01::資料來源的型別 String 指定值無法轉換成指定目標資料行的型別 nvarchar。

2021-09-22 18:40:01::資料來源的型別 String 指定值無法轉換成指定目標資料行的型別 nvarchar。

2021-09-22 18:40:01::資料來源的型別 String 指定值無法轉換成指定目標資料行的型別 nvarchar。

2021-09-22 18:40:01::資料來源的型別 String 指定值無法轉換成指定目標資料行的型別 nvarchar。

2021-09-22 18:40:01::資料來源的型別 String 指定值無法轉換成指定目標資料行的型別 nvarchar。

2021-09-22 18:40:01::資料來源的型別 String 指定值無法轉換成指定目標資料行的型別 nvarchar。

2021-09-22 18:40:01::資料來源的型別 String 指定值無法轉換成指定目標資料行的型別 nvarchar。

2021-09-22 18:40:01::資料來源的型別 String 指定值無法轉換成指定目標資料行的型別 nvarchar。

2021-09-22 18:40:01::資料來源的型別 String 指定值無法轉換成指定目標資料行的型別 nvarchar。

2021-09-22 18:40:02::資料來源的型別 String 指定值無法轉換成指定目標資料行的型別 nvarchar。

2021-09-22 18:40:02::資料來源的型別 String 指定值無法轉換成指定目標資料行的型別 nvarchar。

2021-09-22 18:40:02::資料來源的型別 String 指定值無法轉換成指定目標資料行的型別 nvarchar。

2021-09-22 18:40:02::資料來源的型別 String 指定值無法轉換成指定目標資料行的型別 nvarchar。

2021-09-22 18:40:02::資料來源的型別 String 指定值無法轉換成指定目標資料行的型別 nvarchar。

2021-09-22 18:40:02::資料來源的型別 String 指定值無法轉換成指定目標資料行的型別 nvarchar。

2021-09-22 18:40:02::資料來源的型別 String 指定值無法轉換成指定目標資料行的型別 nvarchar。

2021-09-22 18:40:02::資料來源的型別 String 指定值無法轉換成指定目標資料行的型別 nvarchar。

2021-09-22 18:40:03::資料來源的型別 String 指定值無法轉換成指定目標資料行的型別 nvarchar。

2021-09-22 18:40:03::資料來源的型別 String 指定值無法轉換成指定目標資料行的型別 nvarchar。

2021-09-22 18:40:03::已經開啟一個與這個 Command 相關的 DataReader，必須先將它關閉。

2021-09-22 18:40:03::並未將物件參考設定為物件的執行個體。

2021-09-22 18:40:03::並未將物件參考設定為物件的執行個體。

2021-09-22 18:40:03::已經開啟一個與這個 Command 相關的 DataReader，必須先將它關閉。

2021-09-22 18:40:03::並未將物件參考設定為物件的執行個體。

2021-09-22 18:40:03::並未將物件參考設定為物件的執行個體。

2021-09-22 18:40:03::資料來源的型別 String 指定值無法轉換成指定目標資料行的型別 nvarchar。

2021-09-22 18:40:03::資料來源的型別 String 指定值無法轉換成指定目標資料行的型別 nvarchar。

2021-09-22 18:40:03::資料來源的型別 String 指定值無法轉換成指定目標資料行的型別 nvarchar。

2021-09-22 18:40:03::資料來源的型別 String 指定值無法轉換成指定目標資料行的型別 nvarchar。

2021-09-22 18:40:03::資料來源的型別 String 指定值無法轉換成指定目標資料行的型別 nvarchar。

2021-09-22 18:40:03::資料來源的型別 String 指定值無法轉換成指定目標資料行的型別 nvarchar。

2021-09-22 18:40:04::資料來源的型別 String 指定值無法轉換成指定目標資料行的型別 nvarchar。

2021-09-22 18:40:04::資料來源的型別 String 指定值無法轉換成指定目標資料行的型別 nvarchar。

2021-09-22 18:40:04::資料來源的型別 String 指定值無法轉換成指定目標資料行的型別 nvarchar。

2021-09-22 18:40:04::資料來源的型別 String 指定值無法轉換成指定目標資料行的型別 nvarchar。

2021-09-22 18:40:04::資料來源的型別 String 指定值無法轉換成指定目標資料行的型別 nvarchar。

2021-09-22 18:40:04::資料來源的型別 String 指定值無法轉換成指定目標資料行的型別 nvarchar。

2021-09-22 18:40:04::資料來源的型別 String 指定值無法轉換成指定目標資料行的型別 nvarchar。

2021-09-22 18:40:04::資料來源的型別 String 指定值無法轉換成指定目標資料行的型別 nvarchar。

2021-09-22 18:40:04::資料來源的型別 String 指定值無法轉換成指定目標資料行的型別 nvarchar。

2021-09-22 18:40:04::資料來源的型別 String 指定值無法轉換成指定目標資料行的型別 nvarchar。

2021-09-22 18:40:04::資料來源的型別 String 指定值無法轉換成指定目標資料行的型別 nvarchar。

2021-09-22 18:40:04::資料來源的型別 String 指定值無法轉換成指定目標資料行的型別 nvarchar。

2021-09-22 18:40:05::資料來源的型別 String 指定值無法轉換成指定目標資料行的型別 nvarchar。

2021-09-22 18:40:05::資料來源的型別 String 指定值無法轉換成指定目標資料行的型別 nvarchar。

2021-09-22 18:40:05::資料來源的型別 String 指定值無法轉換成指定目標資料行的型別 nvarchar。

2021-09-22 18:40:05::資料來源的型別 String 指定值無法轉換成指定目標資料行的型別 nvarchar。

2021-09-22 18:40:05::資料來源的型別 String 指定值無法轉換成指定目標資料行的型別 nvarchar。

2021-09-22 18:40:05::資料來源的型別 String 指定值無法轉換成指定目標資料行的型別 nvarchar。

2021-09-22 18:40:05::資料來源的型別 String 指定值無法轉換成指定目標資料行的型別 nvarchar。

2021-09-22 18:40:05::資料來源的型別 String 指定值無法轉換成指定目標資料行的型別 nvarchar。

2021-09-22 18:40:05::資料來源的型別 String 指定值無法轉換成指定目標資料行的型別 nvarchar。

2021-09-22 18:40:05::資料來源的型別 String 指定值無法轉換成指定目標資料行的型別 nvarchar。

2021-09-22 18:40:06::資料來源的型別 String 指定值無法轉換成指定目標資料行的型別 nvarchar。

2021-09-22 18:40:06::資料來源的型別 String 指定值無法轉換成指定目標資料行的型別 nvarchar。

2021-09-22 18:40:06::資料來源的型別 String 指定值無法轉換成指定目標資料行的型別 nvarchar。

2021-09-22 18:40:06::資料來源的型別 String 指定值無法轉換成指定目標資料行的型別 nvarchar。

2021-09-22 18:40:06::資料來源的型別 String 指定值無法轉換成指定目標資料行的型別 nvarchar。

2021-09-22 18:40:06::資料來源的型別 String 指定值無法轉換成指定目標資料行的型別 nvarchar。

2021-09-22 18:40:06::資料來源的型別 String 指定值無法轉換成指定目標資料行的型別 nvarchar。

2021-09-22 18:40:06::資料來源的型別 String 指定值無法轉換成指定目標資料行的型別 nvarchar。

2021-09-22 18:40:07::資料來源的型別 String 指定值無法轉換成指定目標資料行的型別 nvarchar。

2021-09-22 18:40:07::資料來源的型別 String 指定值無法轉換成指定目標資料行的型別 nvarchar。

2021-09-22 18:40:07::資料來源的型別 String 指定值無法轉換成指定目標資料行的型別 nvarchar。

2021-09-22 18:40:07::資料來源的型別 String 指定值無法轉換成指定目標資料行的型別 nvarchar。

2021-09-22 18:40:07::資料來源的型別 String 指定值無法轉換成指定目標資料行的型別 nvarchar。

2021-09-22 18:40:07::資料來源的型別 String 指定值無法轉換成指定目標資料行的型別 nvarchar。

2021-09-22 18:40:07::資料來源的型別 String 指定值無法轉換成指定目標資料行的型別 nvarchar。

2021-09-22 18:40:07::資料來源的型別 String 指定值無法轉換成指定目標資料行的型別 nvarchar。

2021-09-22 18:40:08::資料來源的型別 String 指定值無法轉換成指定目標資料行的型別 nvarchar。

2021-09-22 18:40:08::資料來源的型別 String 指定值無法轉換成指定目標資料行的型別 nvarchar。

2021-09-22 18:40:08::資料來源的型別 String 指定值無法轉換成指定目標資料行的型別 nvarchar。

2021-09-22 18:40:08::資料來源的型別 String 指定值無法轉換成指定目標資料行的型別 nvarchar。

2021-09-22 18:40:32::資料來源的型別 String 指定值無法轉換成指定目標資料行的型別 nvarchar。

2021-09-22 18:40:32::資料來源的型別 String 指定值無法轉換成指定目標資料行的型別 nvarchar。

2021-09-22 18:40:33::資料來源的型別 String 指定值無法轉換成指定目標資料行的型別 nvarchar。

2021-09-22 18:40:33::資料來源的型別 String 指定值無法轉換成指定目標資料行的型別 nvarchar。

2021-09-22 18:40:36::資料來源的型別 String 指定值無法轉換成指定目標資料行的型別 nvarchar。

2021-09-22 18:40:36::資料來源的型別 String 指定值無法轉換成指定目標資料行的型別 nvarchar。

2021-09-22 18:40:37::資料來源的型別 String 指定值無法轉換成指定目標資料行的型別 nvarchar。

2021-09-22 18:40:37::資料來源的型別 String 指定值無法轉換成指定目標資料行的型別 nvarchar。

2021-09-22 18:40:37::資料來源的型別 String 指定值無法轉換成指定目標資料行的型別 nvarchar。

2021-09-22 18:40:37::資料來源的型別 String 指定值無法轉換成指定目標資料行的型別 nvarchar。

2021-09-22 18:40:38::資料來源的型別 String 指定值無法轉換成指定目標資料行的型別 nvarchar。

2021-09-22 18:40:38::資料來源的型別 String 指定值無法轉換成指定目標資料行的型別 nvarchar。

2021-09-22 18:40:38::資料來源的型別 String 指定值無法轉換成指定目標資料行的型別 nvarchar。

2021-09-22 18:40:38::資料來源的型別 String 指定值無法轉換成指定目標資料行的型別 nvarchar。

2021-09-22 18:40:38::資料來源的型別 String 指定值無法轉換成指定目標資料行的型別 nvarchar。

2021-09-22 18:40:38::資料來源的型別 String 指定值無法轉換成指定目標資料行的型別 nvarchar。

2021-09-22 18:40:38::資料來源的型別 String 指定值無法轉換成指定目標資料行的型別 nvarchar。

2021-09-22 18:40:38::資料來源的型別 String 指定值無法轉換成指定目標資料行的型別 nvarchar。

2021-09-22 18:40:38::資料來源的型別 String 指定值無法轉換成指定目標資料行的型別 nvarchar。

2021-09-22 18:40:38::資料來源的型別 String 指定值無法轉換成指定目標資料行的型別 nvarchar。

2021-09-22 18:40:39::資料來源的型別 String 指定值無法轉換成指定目標資料行的型別 nvarchar。

2021-09-22 18:40:39::資料來源的型別 String 指定值無法轉換成指定目標資料行的型別 nvarchar。

2021-09-22 18:40:55::資料來源的型別 String 指定值無法轉換成指定目標資料行的型別 nvarchar。

2021-09-22 18:40:55::資料來源的型別 String 指定值無法轉換成指定目標資料行的型別 nvarchar。

2021-09-22 18:40:56::資料來源的型別 String 指定值無法轉換成指定目標資料行的型別 nvarchar。

2021-09-22 18:40:56::資料來源的型別 String 指定值無法轉換成指定目標資料行的型別 nvarchar。

2021-09-22 18:40:57::資料來源的型別 String 指定值無法轉換成指定目標資料行的型別 nvarchar。

2021-09-22 18:40:57::資料來源的型別 String 指定值無法轉換成指定目標資料行的型別 nvarchar。

2021-09-22 18:40:57::資料來源的型別 String 指定值無法轉換成指定目標資料行的型別 nvarchar。

2021-09-22 18:40:57::資料來源的型別 String 指定值無法轉換成指定目標資料行的型別 nvarchar。

2021-09-22 18:40:57::資料來源的型別 String 指定值無法轉換成指定目標資料行的型別 nvarchar。

2021-09-22 18:40:57::資料來源的型別 String 指定值無法轉換成指定目標資料行的型別 nvarchar。

2021-09-22 18:41:00::資料來源的型別 String 指定值無法轉換成指定目標資料行的型別 nvarchar。

2021-09-22 18:41:00::資料來源的型別 String 指定值無法轉換成指定目標資料行的型別 nvarchar。

2021-09-22 18:41:01::資料來源的型別 String 指定值無法轉換成指定目標資料行的型別 nvarchar。

2021-09-22 18:41:01::資料來源的型別 String 指定值無法轉換成指定目標資料行的型別 nvarchar。

2021-09-22 18:41:01::資料來源的型別 String 指定值無法轉換成指定目標資料行的型別 nvarchar。

2021-09-22 18:41:01::資料來源的型別 String 指定值無法轉換成指定目標資料行的型別 nvarchar。

2021-09-22 18:41:01::資料來源的型別 String 指定值無法轉換成指定目標資料行的型別 nvarchar。

2021-09-22 18:41:01::資料來源的型別 String 指定值無法轉換成指定目標資料行的型別 nvarchar。

2021-09-22 18:41:01::資料來源的型別 String 指定值無法轉換成指定目標資料行的型別 nvarchar。

2021-09-22 18:41:01::資料來源的型別 String 指定值無法轉換成指定目標資料行的型別 nvarchar。

2021-09-22 18:41:01::資料來源的型別 String 指定值無法轉換成指定目標資料行的型別 nvarchar。

2021-09-22 18:41:01::資料來源的型別 String 指定值無法轉換成指定目標資料行的型別 nvarchar。

2021-09-22 18:41:01::資料來源的型別 String 指定值無法轉換成指定目標資料行的型別 nvarchar。

2021-09-22 18:41:01::資料來源的型別 String 指定值無法轉換成指定目標資料行的型別 nvarchar。

2021-09-22 18:41:01::資料來源的型別 String 指定值無法轉換成指定目標資料行的型別 nvarchar。

2021-09-22 18:41:01::資料來源的型別 String 指定值無法轉換成指定目標資料行的型別 nvarchar。

2021-09-22 18:41:01::資料來源的型別 String 指定值無法轉換成指定目標資料行的型別 nvarchar。

2021-09-22 18:41:01::資料來源的型別 String 指定值無法轉換成指定目標資料行的型別 nvarchar。

2021-09-22 18:41:02::資料來源的型別 String 指定值無法轉換成指定目標資料行的型別 nvarchar。

2021-09-22 18:41:02::資料來源的型別 String 指定值無法轉換成指定目標資料行的型別 nvarchar。

2021-09-22 18:41:02::資料來源的型別 String 指定值無法轉換成指定目標資料行的型別 nvarchar。

2021-09-22 18:41:02::資料來源的型別 String 指定值無法轉換成指定目標資料行的型別 nvarchar。

2021-09-22 18:41:02::資料來源的型別 String 指定值無法轉換成指定目標資料行的型別 nvarchar。

2021-09-22 18:41:02::資料來源的型別 String 指定值無法轉換成指定目標資料行的型別 nvarchar。

2021-09-22 18:41:02::資料來源的型別 String 指定值無法轉換成指定目標資料行的型別 nvarchar。

2021-09-22 18:41:02::資料來源的型別 String 指定值無法轉換成指定目標資料行的型別 nvarchar。

2021-09-22 18:44:38::資料來源的型別 String 指定值無法轉換成指定目標資料行的型別 nvarchar。

2021-09-22 18:44:38::資料來源的型別 String 指定值無法轉換成指定目標資料行的型別 nvarchar。

2021-09-22 18:44:40::資料來源的型別 String 指定值無法轉換成指定目標資料行的型別 nvarchar。

2021-09-22 18:44:40::資料來源的型別 String 指定值無法轉換成指定目標資料行的型別 nvarchar。

2021-09-22 18:44:40::資料來源的型別 String 指定值無法轉換成指定目標資料行的型別 nvarchar。

2021-09-22 18:44:40::資料來源的型別 String 指定值無法轉換成指定目標資料行的型別 nvarchar。

2021-09-22 18:44:40::資料來源的型別 String 指定值無法轉換成指定目標資料行的型別 nvarchar。

2021-09-22 18:44:40::資料來源的型別 String 指定值無法轉換成指定目標資料行的型別 nvarchar。

2021-09-22 18:44:40::資料來源的型別 String 指定值無法轉換成指定目標資料行的型別 nvarchar。

2021-09-22 18:44:40::資料來源的型別 String 指定值無法轉換成指定目標資料行的型別 nvarchar。

2021-09-22 18:44:41::資料來源的型別 String 指定值無法轉換成指定目標資料行的型別 nvarchar。

2021-09-22 18:44:41::資料來源的型別 String 指定值無法轉換成指定目標資料行的型別 nvarchar。

2021-09-22 18:44:41::資料來源的型別 String 指定值無法轉換成指定目標資料行的型別 nvarchar。

2021-09-22 18:44:41::資料來源的型別 String 指定值無法轉換成指定目標資料行的型別 nvarchar。

2021-09-22 18:44:41::資料來源的型別 String 指定值無法轉換成指定目標資料行的型別 nvarchar。

2021-09-22 18:44:41::資料來源的型別 String 指定值無法轉換成指定目標資料行的型別 nvarchar。

2021-09-22 18:44:41::資料來源的型別 String 指定值無法轉換成指定目標資料行的型別 nvarchar。

2021-09-22 18:44:41::資料來源的型別 String 指定值無法轉換成指定目標資料行的型別 nvarchar。

2021-09-22 18:44:42::資料來源的型別 String 指定值無法轉換成指定目標資料行的型別 nvarchar。

2021-09-22 18:44:42::資料來源的型別 String 指定值無法轉換成指定目標資料行的型別 nvarchar。

2021-09-22 18:44:42::資料來源的型別 String 指定值無法轉換成指定目標資料行的型別 nvarchar。

2021-09-22 18:44:42::資料來源的型別 String 指定值無法轉換成指定目標資料行的型別 nvarchar。

2021-09-22 18:44:42::資料來源的型別 String 指定值無法轉換成指定目標資料行的型別 nvarchar。

2021-09-22 18:44:42::資料來源的型別 String 指定值無法轉換成指定目標資料行的型別 nvarchar。

2021-09-22 18:44:42::資料來源的型別 String 指定值無法轉換成指定目標資料行的型別 nvarchar。

2021-09-22 18:44:42::資料來源的型別 String 指定值無法轉換成指定目標資料行的型別 nvarchar。

2021-09-22 18:44:42::資料來源的型別 String 指定值無法轉換成指定目標資料行的型別 nvarchar。

2021-09-22 18:44:42::資料來源的型別 String 指定值無法轉換成指定目標資料行的型別 nvarchar。

2021-09-22 18:44:42::資料來源的型別 String 指定值無法轉換成指定目標資料行的型別 nvarchar。

2021-09-22 18:44:42::資料來源的型別 String 指定值無法轉換成指定目標資料行的型別 nvarchar。

2021-09-22 18:44:43::資料來源的型別 String 指定值無法轉換成指定目標資料行的型別 nvarchar。

2021-09-22 18:44:43::資料來源的型別 String 指定值無法轉換成指定目標資料行的型別 nvarchar。

2021-09-22 18:44:43::資料來源的型別 String 指定值無法轉換成指定目標資料行的型別 nvarchar。

2021-09-22 18:44:43::資料來源的型別 String 指定值無法轉換成指定目標資料行的型別 nvarchar。

2021-09-22 18:44:43::資料來源的型別 String 指定值無法轉換成指定目標資料行的型別 nvarchar。

2021-09-22 18:44:43::資料來源的型別 String 指定值無法轉換成指定目標資料行的型別 nvarchar。

2021-09-22 18:44:46::資料來源的型別 String 指定值無法轉換成指定目標資料行的型別 nvarchar。

2021-09-22 18:44:46::資料來源的型別 String 指定值無法轉換成指定目標資料行的型別 nvarchar。

2021-09-22 18:44:46::資料來源的型別 String 指定值無法轉換成指定目標資料行的型別 nvarchar。

2021-09-22 18:44:46::資料來源的型別 String 指定值無法轉換成指定目標資料行的型別 nvarchar。

2021-09-22 18:44:46::資料來源的型別 String 指定值無法轉換成指定目標資料行的型別 nvarchar。

2021-09-22 18:44:46::資料來源的型別 String 指定值無法轉換成指定目標資料行的型別 nvarchar。

2021-09-22 18:44:46::資料來源的型別 String 指定值無法轉換成指定目標資料行的型別 nvarchar。

2021-09-22 18:44:46::資料來源的型別 String 指定值無法轉換成指定目標資料行的型別 nvarchar。

2021-09-22 18:44:46::資料來源的型別 String 指定值無法轉換成指定目標資料行的型別 nvarchar。

2021-09-22 18:44:46::資料來源的型別 String 指定值無法轉換成指定目標資料行的型別 nvarchar。

2021-09-22 18:44:46::資料來源的型別 String 指定值無法轉換成指定目標資料行的型別 nvarchar。

2021-09-22 18:44:46::資料來源的型別 String 指定值無法轉換成指定目標資料行的型別 nvarchar。

2021-09-22 18:44:46::資料來源的型別 String 指定值無法轉換成指定目標資料行的型別 nvarchar。

2021-09-22 18:44:46::資料來源的型別 String 指定值無法轉換成指定目標資料行的型別 nvarchar。

2021-09-22 18:44:47::資料來源的型別 String 指定值無法轉換成指定目標資料行的型別 nvarchar。

2021-09-22 18:44:47::資料來源的型別 String 指定值無法轉換成指定目標資料行的型別 nvarchar。

2021-09-22 18:44:47::資料來源的型別 String 指定值無法轉換成指定目標資料行的型別 nvarchar。

2021-09-22 18:44:47::資料來源的型別 String 指定值無法轉換成指定目標資料行的型別 nvarchar。

2021-09-22 18:44:47::資料來源的型別 String 指定值無法轉換成指定目標資料行的型別 nvarchar。

2021-09-22 18:44:47::資料來源的型別 String 指定值無法轉換成指定目標資料行的型別 nvarchar。

2021-09-22 18:44:47::資料來源的型別 String 指定值無法轉換成指定目標資料行的型別 nvarchar。

2021-09-22 18:44:47::資料來源的型別 String 指定值無法轉換成指定目標資料行的型別 nvarchar。

2021-09-22 18:44:47::資料來源的型別 String 指定值無法轉換成指定目標資料行的型別 nvarchar。

2021-09-22 18:44:47::資料來源的型別 String 指定值無法轉換成指定目標資料行的型別 nvarchar。

2021-09-22 18:44:47::資料來源的型別 String 指定值無法轉換成指定目標資料行的型別 nvarchar。

2021-09-22 18:44:47::資料來源的型別 String 指定值無法轉換成指定目標資料行的型別 nvarchar。

2021-09-22 18:44:48::資料來源的型別 String 指定值無法轉換成指定目標資料行的型別 nvarchar。

2021-09-22 18:44:48::資料來源的型別 String 指定值無法轉換成指定目標資料行的型別 nvarchar。

2021-09-22 18:44:48::資料來源的型別 String 指定值無法轉換成指定目標資料行的型別 nvarchar。

2021-09-22 18:44:48::資料來源的型別 String 指定值無法轉換成指定目標資料行的型別 nvarchar。

2021-09-22 18:44:48::資料來源的型別 String 指定值無法轉換成指定目標資料行的型別 nvarchar。

2021-09-22 18:44:48::資料來源的型別 String 指定值無法轉換成指定目標資料行的型別 nvarchar。

2021-09-22 18:44:48::資料來源的型別 String 指定值無法轉換成指定目標資料行的型別 nvarchar。

2021-09-22 18:44:48::資料來源的型別 String 指定值無法轉換成指定目標資料行的型別 nvarchar。

2021-09-22 18:44:48::資料來源的型別 String 指定值無法轉換成指定目標資料行的型別 nvarchar。

2021-09-22 18:44:48::資料來源的型別 String 指定值無法轉換成指定目標資料行的型別 nvarchar。

2021-09-22 18:47:02::資料來源的型別 String 指定值無法轉換成指定目標資料行的型別 nvarchar。

2021-09-22 18:47:02::資料來源的型別 String 指定值無法轉換成指定目標資料行的型別 nvarchar。

2021-09-22 18:47:25::資料來源的型別 String 指定值無法轉換成指定目標資料行的型別 nvarchar。

2021-09-22 18:47:25::資料來源的型別 String 指定值無法轉換成指定目標資料行的型別 nvarchar。

2021-09-22 18:47:28::資料來源的型別 String 指定值無法轉換成指定目標資料行的型別 nvarchar。

2021-09-22 18:47:28::資料來源的型別 String 指定值無法轉換成指定目標資料行的型別 nvarchar。

2021-09-22 18:47:28::資料來源的型別 String 指定值無法轉換成指定目標資料行的型別 nvarchar。

2021-09-22 18:47:28::資料來源的型別 String 指定值無法轉換成指定目標資料行的型別 nvarchar。

2021-09-22 18:47:28::資料來源的型別 String 指定值無法轉換成指定目標資料行的型別 nvarchar。

2021-09-22 18:47:28::資料來源的型別 String 指定值無法轉換成指定目標資料行的型別 nvarchar。

2021-09-22 18:47:28::資料來源的型別 String 指定值無法轉換成指定目標資料行的型別 nvarchar。

2021-09-22 18:47:28::資料來源的型別 String 指定值無法轉換成指定目標資料行的型別 nvarchar。

2021-09-22 18:47:29::資料來源的型別 String 指定值無法轉換成指定目標資料行的型別 nvarchar。

2021-09-22 18:47:29::資料來源的型別 String 指定值無法轉換成指定目標資料行的型別 nvarchar。

2021-09-22 18:47:29::資料來源的型別 String 指定值無法轉換成指定目標資料行的型別 nvarchar。

2021-09-22 18:47:29::資料來源的型別 String 指定值無法轉換成指定目標資料行的型別 nvarchar。

2021-09-22 18:47:29::資料來源的型別 String 指定值無法轉換成指定目標資料行的型別 nvarchar。

2021-09-22 18:47:29::資料來源的型別 String 指定值無法轉換成指定目標資料行的型別 nvarchar。

2021-09-22 18:47:30::資料來源的型別 String 指定值無法轉換成指定目標資料行的型別 nvarchar。

2021-09-22 18:47:30::資料來源的型別 String 指定值無法轉換成指定目標資料行的型別 nvarchar。

2021-09-22 18:47:30::資料來源的型別 String 指定值無法轉換成指定目標資料行的型別 nvarchar。

2021-09-22 18:47:30::資料來源的型別 String 指定值無法轉換成指定目標資料行的型別 nvarchar。

2021-09-22 18:47:30::資料來源的型別 String 指定值無法轉換成指定目標資料行的型別 nvarchar。

2021-09-22 18:47:30::資料來源的型別 String 指定值無法轉換成指定目標資料行的型別 nvarchar。

2021-09-22 18:47:30::資料來源的型別 String 指定值無法轉換成指定目標資料行的型別 nvarchar。

2021-09-22 18:47:30::資料來源的型別 String 指定值無法轉換成指定目標資料行的型別 nvarchar。

2021-09-22 18:47:30::資料來源的型別 String 指定值無法轉換成指定目標資料行的型別 nvarchar。

2021-09-22 18:47:30::資料來源的型別 String 指定值無法轉換成指定目標資料行的型別 nvarchar。

2021-09-22 18:47:30::資料來源的型別 String 指定值無法轉換成指定目標資料行的型別 nvarchar。

2021-09-22 18:47:30::資料來源的型別 String 指定值無法轉換成指定目標資料行的型別 nvarchar。

2021-09-22 18:47:30::資料來源的型別 String 指定值無法轉換成指定目標資料行的型別 nvarchar。

2021-09-22 18:47:30::資料來源的型別 String 指定值無法轉換成指定目標資料行的型別 nvarchar。

2021-09-22 18:47:31::資料來源的型別 String 指定值無法轉換成指定目標資料行的型別 nvarchar。

2021-09-22 18:47:31::資料來源的型別 String 指定值無法轉換成指定目標資料行的型別 nvarchar。

2021-09-22 18:47:31::資料來源的型別 String 指定值無法轉換成指定目標資料行的型別 nvarchar。

2021-09-22 18:47:31::資料來源的型別 String 指定值無法轉換成指定目標資料行的型別 nvarchar。

