2021-09-11 08:05:52::並未將物件參考設定為物件的執行個體。

2021-09-11 08:05:52::已經開啟一個與這個 Command 相關的 DataReader，必須先將它關閉。

2021-09-11 08:05:52::並未將物件參考設定為物件的執行個體。

2021-09-11 08:06:00::已經開啟一個與這個 Command 相關的 DataReader，必須先將它關閉。

2021-09-11 08:06:00::並未將物件參考設定為物件的執行個體。

2021-09-11 08:06:00::資料行 'Relationship' 不屬於資料表 RelativesInCompany。

2021-09-11 08:06:00::並未將物件參考設定為物件的執行個體。

2021-09-11 08:06:00::已經開啟一個與這個 Command 相關的 DataReader，必須先將它關閉。

2021-09-11 08:06:00::並未將物件參考設定為物件的執行個體。

2021-09-11 08:06:00::SqlDbType 的列舉值 114 無效。
參數名稱: SqlDbType

2021-09-11 08:06:00::並未將物件參考設定為物件的執行個體。

2021-09-11 08:06:00::Internal connection fatal error. Error state: 15, Token : 4

2021-09-11 08:06:00::並未將物件參考設定為物件的執行個體。

2021-09-11 08:06:00::資料行 'Relationship' 不屬於資料表 RelativesInCompany。

2021-09-11 08:06:00::資料行 'Relationship' 不屬於資料表 RelativesInCompany。

2021-09-11 08:06:00::資料行 'Relationship' 不屬於資料表 RelativesInCompany。

2021-09-11 08:06:00::資料行 'Relationship' 不屬於資料表 RelativesInCompany。

2021-09-11 08:06:00::資料行 'Relationship' 不屬於資料表 RelativesInCompany。

2021-09-11 08:06:00::資料行 'Relationship' 不屬於資料表 RelativesInCompany。

2021-09-11 08:06:00::已經開啟一個與這個 Command 相關的 DataReader，必須先將它關閉。

2021-09-11 08:06:00::並未將物件參考設定為物件的執行個體。

2021-09-11 08:06:00::並未將物件參考設定為物件的執行個體。

2021-09-11 08:06:00::資料行 'Relationship' 不屬於資料表 RelativesInCompany。

2021-09-11 08:06:00::資料行 'Relationship' 不屬於資料表 RelativesInCompany。

2021-09-11 08:06:00::資料行 'Relationship' 不屬於資料表 RelativesInCompany。

2021-09-11 08:06:00::資料行 'Relationship' 不屬於資料表 RelativesInCompany。

2021-09-11 08:06:00::資料行 'Relationship' 不屬於資料表 RelativesInCompany。

2021-09-11 08:06:35::資料行 'Relationship' 不屬於資料表 RelativesInCompany。

2021-09-11 08:06:35::資料行 'Relationship' 不屬於資料表 RelativesInCompany。

2021-09-11 08:06:35::資料行 'Relationship' 不屬於資料表 RelativesInCompany。

2021-09-11 08:06:35::資料行 'Relationship' 不屬於資料表 RelativesInCompany。

2021-09-11 08:06:35::已經開啟一個與這個 Command 相關的 DataReader，必須先將它關閉。

2021-09-11 08:06:35::並未將物件參考設定為物件的執行個體。

2021-09-11 08:06:35::並未將物件參考設定為物件的執行個體。

2021-09-11 08:06:36::已經開啟一個與這個 Command 相關的 DataReader，必須先將它關閉。

2021-09-11 08:06:36::並未將物件參考設定為物件的執行個體。

2021-09-11 08:06:36::並未將物件參考設定為物件的執行個體。

2021-09-11 08:06:36::資料行 'Relationship' 不屬於資料表 RelativesInCompany。

2021-09-11 08:06:50::資料行 'Relationship' 不屬於資料表 RelativesInCompany。

2021-09-11 08:06:50::資料行 'Relationship' 不屬於資料表 RelativesInCompany。

2021-09-11 08:06:50::資料行 'Relationship' 不屬於資料表 RelativesInCompany。

2021-09-11 08:06:50::資料行 'Relationship' 不屬於資料表 RelativesInCompany。

2021-09-11 08:06:50::資料行 'Relationship' 不屬於資料表 RelativesInCompany。

2021-09-11 08:06:51::資料行 'Relationship' 不屬於資料表 RelativesInCompany。

2021-09-11 08:06:51::資料行 'Relationship' 不屬於資料表 RelativesInCompany。

2021-09-11 08:06:51::資料行 'Relationship' 不屬於資料表 RelativesInCompany。

2021-09-11 08:06:52::資料行 'Relationship' 不屬於資料表 RelativesInCompany。

2021-09-11 08:06:52::資料行 'Relationship' 不屬於資料表 RelativesInCompany。

2021-09-11 08:07:04::資料行 'Relationship' 不屬於資料表 RelativesInCompany。

2021-09-11 08:07:15::資料行 'Relationship' 不屬於資料表 RelativesInCompany。

2021-09-11 08:07:15::資料行 'Relationship' 不屬於資料表 RelativesInCompany。

2021-09-11 08:07:15::資料行 'Relationship' 不屬於資料表 RelativesInCompany。

2021-09-11 08:11:00::資料行 'Relationship' 不屬於資料表 RelativesInCompany。

2021-09-11 08:11:00::資料行 'Relationship' 不屬於資料表 RelativesInCompany。

2021-09-11 08:11:00::資料行 'Relationship' 不屬於資料表 RelativesInCompany。

2021-09-11 08:11:00::資料行 'Relationship' 不屬於資料表 RelativesInCompany。

2021-09-11 08:11:38::資料行 'Relationship' 不屬於資料表 RelativesInCompany。

2021-09-11 08:11:38::資料行 'Relationship' 不屬於資料表 RelativesInCompany。

2021-09-11 08:11:38::資料行 'Relationship' 不屬於資料表 RelativesInCompany。

2021-09-11 08:11:38::資料行 'Relationship' 不屬於資料表 RelativesInCompany。

2021-09-11 08:11:58::資料行 'Relationship' 不屬於資料表 RelativesInCompany。

2021-09-11 15:04:56::輸入字串格式不正確。無法在 Relationship 資料行中儲存 <>。需要的型別是 Int32。

2021-09-11 15:04:58::輸入字串格式不正確。無法在 Relationship 資料行中儲存 <>。需要的型別是 Int32。

2021-09-11 15:04:59::輸入字串格式不正確。無法在 Relationship 資料行中儲存 <>。需要的型別是 Int32。

2021-09-11 15:05:00::輸入字串格式不正確。無法在 Relationship 資料行中儲存 <>。需要的型別是 Int32。

2021-09-11 15:05:00::輸入字串格式不正確。無法在 Relationship 資料行中儲存 <>。需要的型別是 Int32。

2021-09-11 15:05:01::輸入字串格式不正確。無法在 Relationship 資料行中儲存 <>。需要的型別是 Int32。

2021-09-11 15:05:02::輸入字串格式不正確。無法在 Relationship 資料行中儲存 <>。需要的型別是 Int32。

2021-09-11 15:05:02::輸入字串格式不正確。無法在 Relationship 資料行中儲存 <>。需要的型別是 Int32。

2021-09-11 15:05:02::輸入字串格式不正確。無法在 Relationship 資料行中儲存 <>。需要的型別是 Int32。

2021-09-11 15:05:03::輸入字串格式不正確。無法在 Relationship 資料行中儲存 <>。需要的型別是 Int32。

2021-09-11 15:05:03::輸入字串格式不正確。無法在 Relationship 資料行中儲存 <>。需要的型別是 Int32。

2021-09-11 15:05:04::輸入字串格式不正確。無法在 Relationship 資料行中儲存 <>。需要的型別是 Int32。

2021-09-11 15:05:04::輸入字串格式不正確。無法在 Relationship 資料行中儲存 <>。需要的型別是 Int32。

2021-09-11 15:05:05::輸入字串格式不正確。無法在 Relationship 資料行中儲存 <>。需要的型別是 Int32。

2021-09-11 15:05:05::輸入字串格式不正確。無法在 Relationship 資料行中儲存 <>。需要的型別是 Int32。

2021-09-11 15:05:05::輸入字串格式不正確。無法在 Relationship 資料行中儲存 <>。需要的型別是 Int32。

2021-09-11 15:05:09::輸入字串格式不正確。無法在 Relationship 資料行中儲存 <>。需要的型別是 Int32。

2021-09-11 15:05:09::輸入字串格式不正確。無法在 Relationship 資料行中儲存 <>。需要的型別是 Int32。

2021-09-11 15:05:10::輸入字串格式不正確。無法在 Relationship 資料行中儲存 <>。需要的型別是 Int32。

2021-09-11 15:05:11::輸入字串格式不正確。無法在 Relationship 資料行中儲存 <>。需要的型別是 Int32。

2021-09-11 15:05:12::輸入字串格式不正確。無法在 Relationship 資料行中儲存 <>。需要的型別是 Int32。

2021-09-11 15:05:12::輸入字串格式不正確。無法在 Relationship 資料行中儲存 <>。需要的型別是 Int32。

2021-09-11 15:05:13::輸入字串格式不正確。無法在 Relationship 資料行中儲存 <>。需要的型別是 Int32。

2021-09-11 15:05:13::輸入字串格式不正確。無法在 Relationship 資料行中儲存 <>。需要的型別是 Int32。

2021-09-11 15:05:13::輸入字串格式不正確。無法在 Relationship 資料行中儲存 <>。需要的型別是 Int32。

2021-09-11 15:05:14::輸入字串格式不正確。無法在 Relationship 資料行中儲存 <>。需要的型別是 Int32。

2021-09-11 15:05:14::輸入字串格式不正確。無法在 Relationship 資料行中儲存 <>。需要的型別是 Int32。

2021-09-11 15:05:14::輸入字串格式不正確。無法在 Relationship 資料行中儲存 <>。需要的型別是 Int32。

2021-09-11 15:05:14::輸入字串格式不正確。無法在 Relationship 資料行中儲存 <>。需要的型別是 Int32。

2021-09-11 15:05:15::輸入字串格式不正確。無法在 Relationship 資料行中儲存 <>。需要的型別是 Int32。

2021-09-11 15:05:15::輸入字串格式不正確。無法在 Relationship 資料行中儲存 <>。需要的型別是 Int32。

2021-09-11 15:05:15::輸入字串格式不正確。無法在 Relationship 資料行中儲存 <>。需要的型別是 Int32。

2021-09-11 15:05:15::輸入字串格式不正確。無法在 Relationship 資料行中儲存 <>。需要的型別是 Int32。

2021-09-11 15:05:15::輸入字串格式不正確。無法在 Relationship 資料行中儲存 <>。需要的型別是 Int32。

2021-09-11 15:05:16::輸入字串格式不正確。無法在 Relationship 資料行中儲存 <>。需要的型別是 Int32。

2021-09-11 15:05:16::輸入字串格式不正確。無法在 Relationship 資料行中儲存 <>。需要的型別是 Int32。

2021-09-11 15:05:16::輸入字串格式不正確。無法在 Relationship 資料行中儲存 <>。需要的型別是 Int32。

2021-09-11 15:05:16::輸入字串格式不正確。無法在 Relationship 資料行中儲存 <>。需要的型別是 Int32。

2021-09-11 15:05:16::輸入字串格式不正確。無法在 Relationship 資料行中儲存 <>。需要的型別是 Int32。

2021-09-11 15:05:17::輸入字串格式不正確。無法在 Relationship 資料行中儲存 <>。需要的型別是 Int32。

2021-09-11 15:05:17::輸入字串格式不正確。無法在 Relationship 資料行中儲存 <>。需要的型別是 Int32。

2021-09-11 15:05:17::輸入字串格式不正確。無法在 Relationship 資料行中儲存 <>。需要的型別是 Int32。

2021-09-11 15:05:17::輸入字串格式不正確。無法在 Relationship 資料行中儲存 <>。需要的型別是 Int32。

2021-09-11 15:05:17::輸入字串格式不正確。無法在 Relationship 資料行中儲存 <>。需要的型別是 Int32。

2021-09-11 15:05:18::輸入字串格式不正確。無法在 Relationship 資料行中儲存 <>。需要的型別是 Int32。

2021-09-11 15:05:18::輸入字串格式不正確。無法在 Relationship 資料行中儲存 <>。需要的型別是 Int32。

2021-09-11 15:05:18::輸入字串格式不正確。無法在 Relationship 資料行中儲存 <>。需要的型別是 Int32。

2021-09-11 15:05:18::輸入字串格式不正確。無法在 Relationship 資料行中儲存 <>。需要的型別是 Int32。

2021-09-11 15:05:18::輸入字串格式不正確。無法在 Relationship 資料行中儲存 <>。需要的型別是 Int32。

2021-09-11 15:05:19::輸入字串格式不正確。無法在 Relationship 資料行中儲存 <>。需要的型別是 Int32。

2021-09-11 15:05:20::輸入字串格式不正確。無法在 Relationship 資料行中儲存 <>。需要的型別是 Int32。

2021-09-11 15:05:21::輸入字串格式不正確。無法在 Relationship 資料行中儲存 <>。需要的型別是 Int32。

2021-09-11 15:05:21::輸入字串格式不正確。無法在 Relationship 資料行中儲存 <>。需要的型別是 Int32。

2021-09-11 15:05:21::輸入字串格式不正確。無法在 Relationship 資料行中儲存 <>。需要的型別是 Int32。

2021-09-11 15:05:21::輸入字串格式不正確。無法在 Relationship 資料行中儲存 <>。需要的型別是 Int32。

2021-09-11 15:05:21::輸入字串格式不正確。無法在 Relationship 資料行中儲存 <>。需要的型別是 Int32。

2021-09-11 15:05:22::輸入字串格式不正確。無法在 Relationship 資料行中儲存 <>。需要的型別是 Int32。

2021-09-11 15:05:22::輸入字串格式不正確。無法在 Relationship 資料行中儲存 <>。需要的型別是 Int32。

2021-09-11 15:05:22::輸入字串格式不正確。無法在 Relationship 資料行中儲存 <>。需要的型別是 Int32。

2021-09-11 15:05:22::輸入字串格式不正確。無法在 Relationship 資料行中儲存 <>。需要的型別是 Int32。

2021-09-11 15:05:22::輸入字串格式不正確。無法在 Relationship 資料行中儲存 <>。需要的型別是 Int32。

2021-09-11 15:05:22::輸入字串格式不正確。無法在 Relationship 資料行中儲存 <>。需要的型別是 Int32。

2021-09-11 15:05:23::輸入字串格式不正確。無法在 Relationship 資料行中儲存 <>。需要的型別是 Int32。

2021-09-11 15:05:23::輸入字串格式不正確。無法在 Relationship 資料行中儲存 <>。需要的型別是 Int32。

2021-09-11 15:05:23::輸入字串格式不正確。無法在 Relationship 資料行中儲存 <>。需要的型別是 Int32。

2021-09-11 15:05:23::輸入字串格式不正確。無法在 Relationship 資料行中儲存 <>。需要的型別是 Int32。

2021-09-11 15:05:24::輸入字串格式不正確。無法在 Relationship 資料行中儲存 <>。需要的型別是 Int32。

2021-09-11 15:05:50::輸入字串格式不正確。無法在 Relationship 資料行中儲存 <>。需要的型別是 Int32。

2021-09-11 15:05:51::輸入字串格式不正確。無法在 Relationship 資料行中儲存 <>。需要的型別是 Int32。

2021-09-11 15:05:52::輸入字串格式不正確。無法在 Relationship 資料行中儲存 <>。需要的型別是 Int32。

2021-09-11 15:05:52::輸入字串格式不正確。無法在 Relationship 資料行中儲存 <>。需要的型別是 Int32。

2021-09-11 15:05:52::輸入字串格式不正確。無法在 Relationship 資料行中儲存 <>。需要的型別是 Int32。

2021-09-11 15:05:52::輸入字串格式不正確。無法在 Relationship 資料行中儲存 <>。需要的型別是 Int32。

2021-09-11 15:05:53::輸入字串格式不正確。無法在 Relationship 資料行中儲存 <>。需要的型別是 Int32。

2021-09-11 15:05:53::輸入字串格式不正確。無法在 Relationship 資料行中儲存 <>。需要的型別是 Int32。

2021-09-11 15:05:53::輸入字串格式不正確。無法在 Relationship 資料行中儲存 <>。需要的型別是 Int32。

2021-09-11 15:05:53::輸入字串格式不正確。無法在 Relationship 資料行中儲存 <>。需要的型別是 Int32。

2021-09-11 15:05:53::輸入字串格式不正確。無法在 Relationship 資料行中儲存 <>。需要的型別是 Int32。

2021-09-11 15:05:54::輸入字串格式不正確。無法在 Relationship 資料行中儲存 <>。需要的型別是 Int32。

2021-09-11 15:05:54::輸入字串格式不正確。無法在 Relationship 資料行中儲存 <>。需要的型別是 Int32。

2021-09-11 15:05:54::輸入字串格式不正確。無法在 Relationship 資料行中儲存 <>。需要的型別是 Int32。

2021-09-11 15:05:54::輸入字串格式不正確。無法在 Relationship 資料行中儲存 <>。需要的型別是 Int32。

2021-09-11 15:05:55::輸入字串格式不正確。無法在 Relationship 資料行中儲存 <>。需要的型別是 Int32。

2021-09-11 15:05:55::輸入字串格式不正確。無法在 Relationship 資料行中儲存 <>。需要的型別是 Int32。

2021-09-11 15:05:56::輸入字串格式不正確。無法在 Relationship 資料行中儲存 <>。需要的型別是 Int32。

2021-09-11 15:05:56::輸入字串格式不正確。無法在 Relationship 資料行中儲存 <>。需要的型別是 Int32。

2021-09-11 15:05:56::輸入字串格式不正確。無法在 Relationship 資料行中儲存 <>。需要的型別是 Int32。

2021-09-11 15:05:56::輸入字串格式不正確。無法在 Relationship 資料行中儲存 <>。需要的型別是 Int32。

2021-09-11 15:05:57::輸入字串格式不正確。無法在 Relationship 資料行中儲存 <>。需要的型別是 Int32。

2021-09-11 15:05:57::輸入字串格式不正確。無法在 Relationship 資料行中儲存 <>。需要的型別是 Int32。

2021-09-11 15:05:57::輸入字串格式不正確。無法在 Relationship 資料行中儲存 <>。需要的型別是 Int32。

2021-09-11 15:06:00::輸入字串格式不正確。無法在 Relationship 資料行中儲存 <>。需要的型別是 Int32。

2021-09-11 15:06:03::輸入字串格式不正確。無法在 Relationship 資料行中儲存 <>。需要的型別是 Int32。

2021-09-11 15:06:03::輸入字串格式不正確。無法在 Relationship 資料行中儲存 <>。需要的型別是 Int32。

2021-09-11 15:06:04::輸入字串格式不正確。無法在 Relationship 資料行中儲存 <>。需要的型別是 Int32。

2021-09-11 15:06:04::輸入字串格式不正確。無法在 Relationship 資料行中儲存 <>。需要的型別是 Int32。

2021-09-11 15:06:05::輸入字串格式不正確。無法在 Relationship 資料行中儲存 <>。需要的型別是 Int32。

2021-09-11 15:06:05::輸入字串格式不正確。無法在 Relationship 資料行中儲存 <>。需要的型別是 Int32。

2021-09-11 15:06:05::輸入字串格式不正確。無法在 Relationship 資料行中儲存 <>。需要的型別是 Int32。

2021-09-11 15:06:05::輸入字串格式不正確。無法在 Relationship 資料行中儲存 <>。需要的型別是 Int32。

2021-09-11 15:06:06::輸入字串格式不正確。無法在 Relationship 資料行中儲存 <>。需要的型別是 Int32。

2021-09-11 15:06:06::輸入字串格式不正確。無法在 Relationship 資料行中儲存 <>。需要的型別是 Int32。

2021-09-11 15:06:07::輸入字串格式不正確。無法在 Relationship 資料行中儲存 <>。需要的型別是 Int32。

2021-09-11 15:06:08::輸入字串格式不正確。無法在 Relationship 資料行中儲存 <>。需要的型別是 Int32。

2021-09-11 15:06:08::輸入字串格式不正確。無法在 Relationship 資料行中儲存 <>。需要的型別是 Int32。

2021-09-11 15:06:09::輸入字串格式不正確。無法在 Relationship 資料行中儲存 <>。需要的型別是 Int32。

2021-09-11 15:06:09::輸入字串格式不正確。無法在 Relationship 資料行中儲存 <>。需要的型別是 Int32。

2021-09-11 15:06:10::輸入字串格式不正確。無法在 Relationship 資料行中儲存 <>。需要的型別是 Int32。

2021-09-11 15:06:27::輸入字串格式不正確。無法在 Relationship 資料行中儲存 <>。需要的型別是 Int32。

2021-09-11 15:06:27::輸入字串格式不正確。無法在 Relationship 資料行中儲存 <>。需要的型別是 Int32。

2021-09-11 15:06:29::輸入字串格式不正確。無法在 Relationship 資料行中儲存 <>。需要的型別是 Int32。

2021-09-11 15:06:29::輸入字串格式不正確。無法在 Relationship 資料行中儲存 <>。需要的型別是 Int32。

2021-09-11 15:06:29::輸入字串格式不正確。無法在 Relationship 資料行中儲存 <>。需要的型別是 Int32。

2021-09-11 15:06:30::輸入字串格式不正確。無法在 Relationship 資料行中儲存 <>。需要的型別是 Int32。

2021-09-11 15:06:31::輸入字串格式不正確。無法在 Relationship 資料行中儲存 <>。需要的型別是 Int32。

2021-09-11 15:06:32::輸入字串格式不正確。無法在 Relationship 資料行中儲存 <>。需要的型別是 Int32。

2021-09-11 15:06:32::輸入字串格式不正確。無法在 Relationship 資料行中儲存 <>。需要的型別是 Int32。

2021-09-11 15:06:33::輸入字串格式不正確。無法在 Relationship 資料行中儲存 <>。需要的型別是 Int32。

2021-09-11 15:06:33::輸入字串格式不正確。無法在 Relationship 資料行中儲存 <>。需要的型別是 Int32。

2021-09-11 15:06:34::輸入字串格式不正確。無法在 Relationship 資料行中儲存 <>。需要的型別是 Int32。

2021-09-11 15:06:34::輸入字串格式不正確。無法在 Relationship 資料行中儲存 <>。需要的型別是 Int32。

2021-09-11 15:06:34::輸入字串格式不正確。無法在 Relationship 資料行中儲存 <>。需要的型別是 Int32。

2021-09-11 15:06:35::輸入字串格式不正確。無法在 Relationship 資料行中儲存 <>。需要的型別是 Int32。

2021-09-11 15:06:35::輸入字串格式不正確。無法在 Relationship 資料行中儲存 <>。需要的型別是 Int32。

2021-09-11 15:06:35::輸入字串格式不正確。無法在 Relationship 資料行中儲存 <>。需要的型別是 Int32。

2021-09-11 15:06:36::輸入字串格式不正確。無法在 Relationship 資料行中儲存 <>。需要的型別是 Int32。

2021-09-11 15:06:36::輸入字串格式不正確。無法在 Relationship 資料行中儲存 <>。需要的型別是 Int32。

2021-09-11 15:06:36::輸入字串格式不正確。無法在 Relationship 資料行中儲存 <>。需要的型別是 Int32。

2021-09-11 15:06:36::輸入字串格式不正確。無法在 Relationship 資料行中儲存 <>。需要的型別是 Int32。

2021-09-11 15:06:36::輸入字串格式不正確。無法在 Relationship 資料行中儲存 <>。需要的型別是 Int32。

2021-09-11 15:06:37::輸入字串格式不正確。無法在 Relationship 資料行中儲存 <>。需要的型別是 Int32。

2021-09-11 15:06:37::輸入字串格式不正確。無法在 Relationship 資料行中儲存 <>。需要的型別是 Int32。

2021-09-11 15:06:37::輸入字串格式不正確。無法在 Relationship 資料行中儲存 <>。需要的型別是 Int32。

2021-09-11 15:06:38::輸入字串格式不正確。無法在 Relationship 資料行中儲存 <>。需要的型別是 Int32。

2021-09-11 15:06:38::輸入字串格式不正確。無法在 Relationship 資料行中儲存 <>。需要的型別是 Int32。

2021-09-11 15:06:38::輸入字串格式不正確。無法在 Relationship 資料行中儲存 <>。需要的型別是 Int32。

2021-09-11 15:06:38::輸入字串格式不正確。無法在 Relationship 資料行中儲存 <>。需要的型別是 Int32。

2021-09-11 15:06:46::輸入字串格式不正確。無法在 Relationship 資料行中儲存 <>。需要的型別是 Int32。

2021-09-11 15:06:47::輸入字串格式不正確。無法在 Relationship 資料行中儲存 <>。需要的型別是 Int32。

2021-09-11 15:06:47::輸入字串格式不正確。無法在 Relationship 資料行中儲存 <>。需要的型別是 Int32。

2021-09-11 15:06:47::輸入字串格式不正確。無法在 Relationship 資料行中儲存 <>。需要的型別是 Int32。

2021-09-11 15:06:47::輸入字串格式不正確。無法在 Relationship 資料行中儲存 <>。需要的型別是 Int32。

2021-09-11 15:06:47::輸入字串格式不正確。無法在 Relationship 資料行中儲存 <>。需要的型別是 Int32。

2021-09-11 15:06:48::輸入字串格式不正確。無法在 Relationship 資料行中儲存 <>。需要的型別是 Int32。

2021-09-11 15:06:48::輸入字串格式不正確。無法在 Relationship 資料行中儲存 <>。需要的型別是 Int32。

2021-09-11 15:06:48::輸入字串格式不正確。無法在 Relationship 資料行中儲存 <>。需要的型別是 Int32。

2021-09-11 15:06:48::輸入字串格式不正確。無法在 Relationship 資料行中儲存 <>。需要的型別是 Int32。

2021-09-11 15:06:48::輸入字串格式不正確。無法在 Relationship 資料行中儲存 <>。需要的型別是 Int32。

2021-09-11 15:06:49::輸入字串格式不正確。無法在 Relationship 資料行中儲存 <>。需要的型別是 Int32。

2021-09-11 15:06:49::輸入字串格式不正確。無法在 Relationship 資料行中儲存 <>。需要的型別是 Int32。

2021-09-11 15:06:49::輸入字串格式不正確。無法在 Relationship 資料行中儲存 <>。需要的型別是 Int32。

2021-09-11 15:06:49::輸入字串格式不正確。無法在 Relationship 資料行中儲存 <>。需要的型別是 Int32。

2021-09-11 15:06:49::輸入字串格式不正確。無法在 Relationship 資料行中儲存 <>。需要的型別是 Int32。

2021-09-11 15:06:49::輸入字串格式不正確。無法在 Relationship 資料行中儲存 <>。需要的型別是 Int32。

2021-09-11 15:06:50::輸入字串格式不正確。無法在 Relationship 資料行中儲存 <>。需要的型別是 Int32。

2021-09-11 15:06:50::輸入字串格式不正確。無法在 Relationship 資料行中儲存 <>。需要的型別是 Int32。

2021-09-11 15:06:50::輸入字串格式不正確。無法在 Relationship 資料行中儲存 <>。需要的型別是 Int32。

2021-09-11 15:06:50::輸入字串格式不正確。無法在 Relationship 資料行中儲存 <>。需要的型別是 Int32。

2021-09-11 15:06:51::輸入字串格式不正確。無法在 Relationship 資料行中儲存 <>。需要的型別是 Int32。

2021-09-11 15:06:51::輸入字串格式不正確。無法在 Relationship 資料行中儲存 <>。需要的型別是 Int32。

2021-09-11 15:06:51::輸入字串格式不正確。無法在 Relationship 資料行中儲存 <>。需要的型別是 Int32。

2021-09-11 15:06:52::輸入字串格式不正確。無法在 Relationship 資料行中儲存 <>。需要的型別是 Int32。

2021-09-11 15:06:52::輸入字串格式不正確。無法在 Relationship 資料行中儲存 <>。需要的型別是 Int32。

2021-09-11 15:06:52::輸入字串格式不正確。無法在 Relationship 資料行中儲存 <>。需要的型別是 Int32。

2021-09-11 15:06:53::輸入字串格式不正確。無法在 Relationship 資料行中儲存 <>。需要的型別是 Int32。

2021-09-11 15:06:53::輸入字串格式不正確。無法在 Relationship 資料行中儲存 <>。需要的型別是 Int32。

2021-09-11 15:06:54::輸入字串格式不正確。無法在 Relationship 資料行中儲存 <>。需要的型別是 Int32。

2021-09-11 15:06:54::輸入字串格式不正確。無法在 Relationship 資料行中儲存 <>。需要的型別是 Int32。

2021-09-11 15:06:54::輸入字串格式不正確。無法在 Relationship 資料行中儲存 <>。需要的型別是 Int32。

2021-09-11 15:06:55::輸入字串格式不正確。無法在 Relationship 資料行中儲存 <>。需要的型別是 Int32。

2021-09-11 15:06:55::輸入字串格式不正確。無法在 Relationship 資料行中儲存 <>。需要的型別是 Int32。

2021-09-11 15:06:55::輸入字串格式不正確。無法在 Relationship 資料行中儲存 <>。需要的型別是 Int32。

2021-09-11 15:06:56::輸入字串格式不正確。無法在 Relationship 資料行中儲存 <>。需要的型別是 Int32。

2021-09-11 15:06:56::輸入字串格式不正確。無法在 Relationship 資料行中儲存 <>。需要的型別是 Int32。

2021-09-11 15:06:57::輸入字串格式不正確。無法在 Relationship 資料行中儲存 <>。需要的型別是 Int32。

2021-09-11 15:06:58::輸入字串格式不正確。無法在 Relationship 資料行中儲存 <>。需要的型別是 Int32。

2021-09-11 15:06:58::輸入字串格式不正確。無法在 Relationship 資料行中儲存 <>。需要的型別是 Int32。

2021-09-11 15:06:58::輸入字串格式不正確。無法在 Relationship 資料行中儲存 <>。需要的型別是 Int32。

2021-09-11 15:06:58::輸入字串格式不正確。無法在 Relationship 資料行中儲存 <>。需要的型別是 Int32。

2021-09-11 15:06:58::輸入字串格式不正確。無法在 Relationship 資料行中儲存 <>。需要的型別是 Int32。

2021-09-11 15:06:59::輸入字串格式不正確。無法在 Relationship 資料行中儲存 <>。需要的型別是 Int32。

2021-09-11 15:06:59::輸入字串格式不正確。無法在 Relationship 資料行中儲存 <>。需要的型別是 Int32。

2021-09-11 15:15:50::輸入字串格式不正確。無法在 Relationship 資料行中儲存 <>。需要的型別是 Int32。

2021-09-11 15:15:51::輸入字串格式不正確。無法在 Relationship 資料行中儲存 <>。需要的型別是 Int32。

2021-09-11 15:15:52::輸入字串格式不正確。無法在 Relationship 資料行中儲存 <>。需要的型別是 Int32。

2021-09-11 15:15:54::輸入字串格式不正確。無法在 Relationship 資料行中儲存 <>。需要的型別是 Int32。

2021-09-11 15:15:54::輸入字串格式不正確。無法在 Relationship 資料行中儲存 <>。需要的型別是 Int32。

2021-09-11 15:15:54::輸入字串格式不正確。無法在 Relationship 資料行中儲存 <>。需要的型別是 Int32。

2021-09-11 15:15:55::輸入字串格式不正確。無法在 Relationship 資料行中儲存 <>。需要的型別是 Int32。

2021-09-11 15:15:56::輸入字串格式不正確。無法在 Relationship 資料行中儲存 <>。需要的型別是 Int32。

2021-09-11 15:15:58::輸入字串格式不正確。無法在 Relationship 資料行中儲存 <>。需要的型別是 Int32。

2021-09-11 15:16:00::輸入字串格式不正確。無法在 Relationship 資料行中儲存 <>。需要的型別是 Int32。

2021-09-11 15:16:02::輸入字串格式不正確。無法在 Relationship 資料行中儲存 <>。需要的型別是 Int32。

2021-09-11 15:16:02::輸入字串格式不正確。無法在 Relationship 資料行中儲存 <>。需要的型別是 Int32。

2021-09-11 15:16:03::輸入字串格式不正確。無法在 Relationship 資料行中儲存 <>。需要的型別是 Int32。

2021-09-11 15:16:03::輸入字串格式不正確。無法在 Relationship 資料行中儲存 <>。需要的型別是 Int32。

2021-09-11 15:16:03::輸入字串格式不正確。無法在 Relationship 資料行中儲存 <>。需要的型別是 Int32。

2021-09-11 15:16:04::輸入字串格式不正確。無法在 Relationship 資料行中儲存 <>。需要的型別是 Int32。

2021-09-11 15:16:04::輸入字串格式不正確。無法在 Relationship 資料行中儲存 <>。需要的型別是 Int32。

2021-09-11 15:16:04::輸入字串格式不正確。無法在 Relationship 資料行中儲存 <>。需要的型別是 Int32。

2021-09-11 15:16:05::輸入字串格式不正確。無法在 Relationship 資料行中儲存 <>。需要的型別是 Int32。

2021-09-11 15:16:05::輸入字串格式不正確。無法在 Relationship 資料行中儲存 <>。需要的型別是 Int32。

2021-09-11 15:16:05::輸入字串格式不正確。無法在 Relationship 資料行中儲存 <>。需要的型別是 Int32。

2021-09-11 15:16:06::輸入字串格式不正確。無法在 Relationship 資料行中儲存 <>。需要的型別是 Int32。

2021-09-11 15:16:06::輸入字串格式不正確。無法在 Relationship 資料行中儲存 <>。需要的型別是 Int32。

2021-09-11 15:16:06::輸入字串格式不正確。無法在 Relationship 資料行中儲存 <>。需要的型別是 Int32。

2021-09-11 15:16:07::輸入字串格式不正確。無法在 Relationship 資料行中儲存 <>。需要的型別是 Int32。

2021-09-11 15:16:07::輸入字串格式不正確。無法在 Relationship 資料行中儲存 <>。需要的型別是 Int32。

2021-09-11 15:16:07::輸入字串格式不正確。無法在 Relationship 資料行中儲存 <>。需要的型別是 Int32。

2021-09-11 15:16:07::輸入字串格式不正確。無法在 Relationship 資料行中儲存 <>。需要的型別是 Int32。

2021-09-11 15:16:08::輸入字串格式不正確。無法在 Relationship 資料行中儲存 <>。需要的型別是 Int32。

2021-09-11 15:16:08::輸入字串格式不正確。無法在 Relationship 資料行中儲存 <>。需要的型別是 Int32。

2021-09-11 15:16:08::輸入字串格式不正確。無法在 Relationship 資料行中儲存 <>。需要的型別是 Int32。

2021-09-11 15:16:08::輸入字串格式不正確。無法在 Relationship 資料行中儲存 <>。需要的型別是 Int32。

2021-09-11 15:16:09::輸入字串格式不正確。無法在 Relationship 資料行中儲存 <>。需要的型別是 Int32。

2021-09-11 15:16:09::輸入字串格式不正確。無法在 Relationship 資料行中儲存 <>。需要的型別是 Int32。

2021-09-11 15:16:09::輸入字串格式不正確。無法在 Relationship 資料行中儲存 <>。需要的型別是 Int32。

2021-09-11 15:16:10::輸入字串格式不正確。無法在 Relationship 資料行中儲存 <>。需要的型別是 Int32。

2021-09-11 15:16:12::輸入字串格式不正確。無法在 Relationship 資料行中儲存 <>。需要的型別是 Int32。

2021-09-11 15:16:13::輸入字串格式不正確。無法在 Relationship 資料行中儲存 <>。需要的型別是 Int32。

2021-09-11 15:16:13::輸入字串格式不正確。無法在 Relationship 資料行中儲存 <>。需要的型別是 Int32。

2021-09-11 15:16:14::輸入字串格式不正確。無法在 Relationship 資料行中儲存 <>。需要的型別是 Int32。

2021-09-11 15:16:14::輸入字串格式不正確。無法在 Relationship 資料行中儲存 <>。需要的型別是 Int32。

2021-09-11 15:16:14::輸入字串格式不正確。無法在 Relationship 資料行中儲存 <>。需要的型別是 Int32。

2021-09-11 15:16:24::輸入字串格式不正確。無法在 Relationship 資料行中儲存 <>。需要的型別是 Int32。

2021-09-11 15:16:26::輸入字串格式不正確。無法在 Relationship 資料行中儲存 <>。需要的型別是 Int32。

2021-09-11 15:21:49::輸入字串格式不正確。無法在 Relationship 資料行中儲存 <>。需要的型別是 Int32。

2021-09-11 15:21:52::輸入字串格式不正確。無法在 Relationship 資料行中儲存 <>。需要的型別是 Int32。

2021-09-11 15:21:53::輸入字串格式不正確。無法在 Relationship 資料行中儲存 <>。需要的型別是 Int32。

2021-09-11 15:21:53::輸入字串格式不正確。無法在 Relationship 資料行中儲存 <>。需要的型別是 Int32。

2021-09-11 15:21:53::輸入字串格式不正確。無法在 Relationship 資料行中儲存 <>。需要的型別是 Int32。

2021-09-11 15:21:56::輸入字串格式不正確。無法在 Relationship 資料行中儲存 <>。需要的型別是 Int32。

2021-09-11 15:22:02::輸入字串格式不正確。無法在 Relationship 資料行中儲存 <>。需要的型別是 Int32。

2021-09-11 15:22:04::輸入字串格式不正確。無法在 Relationship 資料行中儲存 <>。需要的型別是 Int32。

2021-09-11 15:22:05::輸入字串格式不正確。無法在 Relationship 資料行中儲存 <>。需要的型別是 Int32。

2021-09-11 15:22:05::輸入字串格式不正確。無法在 Relationship 資料行中儲存 <>。需要的型別是 Int32。

2021-09-11 15:22:05::輸入字串格式不正確。無法在 Relationship 資料行中儲存 <>。需要的型別是 Int32。

2021-09-11 15:22:05::輸入字串格式不正確。無法在 Relationship 資料行中儲存 <>。需要的型別是 Int32。

2021-09-11 15:22:05::輸入字串格式不正確。無法在 Relationship 資料行中儲存 <>。需要的型別是 Int32。

2021-09-11 15:22:06::輸入字串格式不正確。無法在 Relationship 資料行中儲存 <>。需要的型別是 Int32。

2021-09-11 15:22:06::輸入字串格式不正確。無法在 Relationship 資料行中儲存 <>。需要的型別是 Int32。

2021-09-11 15:22:06::輸入字串格式不正確。無法在 Relationship 資料行中儲存 <>。需要的型別是 Int32。

2021-09-11 15:22:06::輸入字串格式不正確。無法在 Relationship 資料行中儲存 <>。需要的型別是 Int32。

2021-09-11 15:22:07::輸入字串格式不正確。無法在 Relationship 資料行中儲存 <>。需要的型別是 Int32。

2021-09-11 15:22:07::輸入字串格式不正確。無法在 Relationship 資料行中儲存 <>。需要的型別是 Int32。

2021-09-11 15:22:07::輸入字串格式不正確。無法在 Relationship 資料行中儲存 <>。需要的型別是 Int32。

2021-09-11 15:22:07::輸入字串格式不正確。無法在 Relationship 資料行中儲存 <>。需要的型別是 Int32。

2021-09-11 15:22:08::輸入字串格式不正確。無法在 Relationship 資料行中儲存 <>。需要的型別是 Int32。

2021-09-11 15:23:00::輸入字串格式不正確。無法在 Relationship 資料行中儲存 <>。需要的型別是 Int32。

2021-09-11 15:23:03::輸入字串格式不正確。無法在 Relationship 資料行中儲存 <>。需要的型別是 Int32。

2021-09-11 15:23:03::輸入字串格式不正確。無法在 Relationship 資料行中儲存 <>。需要的型別是 Int32。

2021-09-11 15:23:04::輸入字串格式不正確。無法在 Relationship 資料行中儲存 <>。需要的型別是 Int32。

2021-09-11 15:23:04::輸入字串格式不正確。無法在 Relationship 資料行中儲存 <>。需要的型別是 Int32。

2021-09-11 15:23:04::輸入字串格式不正確。無法在 Relationship 資料行中儲存 <>。需要的型別是 Int32。

