2021-01-30 16:21:10::Internal connection fatal error. Error state: 15, Token : 0

2021-01-30 16:21:11::並未將物件參考設定為物件的執行個體。

2021-01-30 16:21:11::資料來源的型別 String 指定值無法轉換成指定目標資料行的型別 nvarchar。

2021-01-30 16:21:11::資料來源的型別 String 指定值無法轉換成指定目標資料行的型別 nvarchar。

2021-01-30 16:21:11::資料來源的型別 String 指定值無法轉換成指定目標資料行的型別 nvarchar。

2021-01-30 16:21:11::資料來源的型別 String 指定值無法轉換成指定目標資料行的型別 nvarchar。

2021-01-30 16:21:14::資料來源的型別 String 指定值無法轉換成指定目標資料行的型別 nvarchar。

2021-01-30 16:21:14::資料來源的型別 String 指定值無法轉換成指定目標資料行的型別 nvarchar。

2021-01-30 16:21:18::資料來源的型別 String 指定值無法轉換成指定目標資料行的型別 nvarchar。

2021-01-30 16:21:18::資料來源的型別 String 指定值無法轉換成指定目標資料行的型別 nvarchar。

2021-01-30 16:21:23::資料來源的型別 String 指定值無法轉換成指定目標資料行的型別 nvarchar。

2021-01-30 16:21:23::資料來源的型別 String 指定值無法轉換成指定目標資料行的型別 nvarchar。

2021-01-30 16:21:24::資料來源的型別 String 指定值無法轉換成指定目標資料行的型別 nvarchar。

2021-01-30 16:21:24::資料來源的型別 String 指定值無法轉換成指定目標資料行的型別 nvarchar。

2021-01-30 16:21:24::資料來源的型別 String 指定值無法轉換成指定目標資料行的型別 nvarchar。

2021-01-30 16:21:24::資料來源的型別 String 指定值無法轉換成指定目標資料行的型別 nvarchar。

2021-01-30 16:21:24::資料來源的型別 String 指定值無法轉換成指定目標資料行的型別 nvarchar。

2021-01-30 16:21:24::資料來源的型別 String 指定值無法轉換成指定目標資料行的型別 nvarchar。

2021-01-30 16:21:24::資料來源的型別 String 指定值無法轉換成指定目標資料行的型別 nvarchar。

2021-01-30 16:21:24::資料來源的型別 String 指定值無法轉換成指定目標資料行的型別 nvarchar。

2021-01-30 16:21:24::資料來源的型別 String 指定值無法轉換成指定目標資料行的型別 nvarchar。

2021-01-30 16:21:24::資料來源的型別 String 指定值無法轉換成指定目標資料行的型別 nvarchar。

2021-01-30 16:21:36::資料來源的型別 String 指定值無法轉換成指定目標資料行的型別 nvarchar。

2021-01-30 16:21:36::資料來源的型別 String 指定值無法轉換成指定目標資料行的型別 nvarchar。

2021-01-30 16:21:37::資料來源的型別 String 指定值無法轉換成指定目標資料行的型別 nvarchar。

2021-01-30 16:21:37::資料來源的型別 String 指定值無法轉換成指定目標資料行的型別 nvarchar。

2021-01-30 16:21:37::資料來源的型別 String 指定值無法轉換成指定目標資料行的型別 nvarchar。

2021-01-30 16:21:37::資料來源的型別 String 指定值無法轉換成指定目標資料行的型別 nvarchar。

2021-01-30 16:21:37::資料來源的型別 String 指定值無法轉換成指定目標資料行的型別 nvarchar。

2021-01-30 16:21:37::資料來源的型別 String 指定值無法轉換成指定目標資料行的型別 nvarchar。

2021-01-30 16:21:37::資料來源的型別 String 指定值無法轉換成指定目標資料行的型別 nvarchar。

2021-01-30 16:21:37::資料來源的型別 String 指定值無法轉換成指定目標資料行的型別 nvarchar。

2021-01-30 16:21:37::資料來源的型別 String 指定值無法轉換成指定目標資料行的型別 nvarchar。

2021-01-30 16:21:37::資料來源的型別 String 指定值無法轉換成指定目標資料行的型別 nvarchar。

2021-01-30 16:21:37::資料來源的型別 String 指定值無法轉換成指定目標資料行的型別 nvarchar。

2021-01-30 16:21:37::資料來源的型別 String 指定值無法轉換成指定目標資料行的型別 nvarchar。

2021-01-30 16:21:38::資料來源的型別 String 指定值無法轉換成指定目標資料行的型別 nvarchar。

2021-01-30 16:21:38::資料來源的型別 String 指定值無法轉換成指定目標資料行的型別 nvarchar。

2021-01-30 16:21:38::資料來源的型別 String 指定值無法轉換成指定目標資料行的型別 nvarchar。

2021-01-30 16:21:38::資料來源的型別 String 指定值無法轉換成指定目標資料行的型別 nvarchar。

2021-01-30 16:21:38::資料來源的型別 String 指定值無法轉換成指定目標資料行的型別 nvarchar。

2021-01-30 16:21:38::資料來源的型別 String 指定值無法轉換成指定目標資料行的型別 nvarchar。

2021-01-30 16:21:38::資料來源的型別 String 指定值無法轉換成指定目標資料行的型別 nvarchar。

2021-01-30 16:21:38::資料來源的型別 String 指定值無法轉換成指定目標資料行的型別 nvarchar。

2021-01-30 16:21:38::資料來源的型別 String 指定值無法轉換成指定目標資料行的型別 nvarchar。

2021-01-30 16:21:38::資料來源的型別 String 指定值無法轉換成指定目標資料行的型別 nvarchar。

2021-01-30 16:21:39::資料來源的型別 String 指定值無法轉換成指定目標資料行的型別 nvarchar。

2021-01-30 16:21:39::資料來源的型別 String 指定值無法轉換成指定目標資料行的型別 nvarchar。

2021-01-30 16:21:39::資料來源的型別 String 指定值無法轉換成指定目標資料行的型別 nvarchar。

2021-01-30 16:21:39::資料來源的型別 String 指定值無法轉換成指定目標資料行的型別 nvarchar。

2021-01-30 16:21:39::資料來源的型別 String 指定值無法轉換成指定目標資料行的型別 nvarchar。

2021-01-30 16:21:39::資料來源的型別 String 指定值無法轉換成指定目標資料行的型別 nvarchar。

2021-01-30 16:21:40::資料來源的型別 String 指定值無法轉換成指定目標資料行的型別 nvarchar。

2021-01-30 16:21:40::資料來源的型別 String 指定值無法轉換成指定目標資料行的型別 nvarchar。

2021-01-30 16:21:40::資料來源的型別 String 指定值無法轉換成指定目標資料行的型別 nvarchar。

2021-01-30 16:21:40::資料來源的型別 String 指定值無法轉換成指定目標資料行的型別 nvarchar。

2021-01-30 16:21:41::資料來源的型別 String 指定值無法轉換成指定目標資料行的型別 nvarchar。

2021-01-30 16:21:41::資料來源的型別 String 指定值無法轉換成指定目標資料行的型別 nvarchar。

2021-01-30 16:21:41::資料來源的型別 String 指定值無法轉換成指定目標資料行的型別 nvarchar。

2021-01-30 16:21:41::資料來源的型別 String 指定值無法轉換成指定目標資料行的型別 nvarchar。

2021-01-30 16:21:41::資料來源的型別 String 指定值無法轉換成指定目標資料行的型別 nvarchar。

2021-01-30 16:21:41::資料來源的型別 String 指定值無法轉換成指定目標資料行的型別 nvarchar。

2021-01-30 16:21:42::資料來源的型別 String 指定值無法轉換成指定目標資料行的型別 nvarchar。

2021-01-30 16:21:42::資料來源的型別 String 指定值無法轉換成指定目標資料行的型別 nvarchar。

2021-01-30 16:21:42::資料來源的型別 String 指定值無法轉換成指定目標資料行的型別 nvarchar。

2021-01-30 16:21:42::資料來源的型別 String 指定值無法轉換成指定目標資料行的型別 nvarchar。

2021-01-30 16:21:42::資料來源的型別 String 指定值無法轉換成指定目標資料行的型別 nvarchar。

2021-01-30 16:21:42::資料來源的型別 String 指定值無法轉換成指定目標資料行的型別 nvarchar。

2021-01-30 16:21:42::資料來源的型別 String 指定值無法轉換成指定目標資料行的型別 nvarchar。

2021-01-30 16:21:42::資料來源的型別 String 指定值無法轉換成指定目標資料行的型別 nvarchar。

2021-01-30 16:21:43::資料來源的型別 String 指定值無法轉換成指定目標資料行的型別 nvarchar。

2021-01-30 16:21:43::資料來源的型別 String 指定值無法轉換成指定目標資料行的型別 nvarchar。

2021-01-30 16:21:43::資料來源的型別 String 指定值無法轉換成指定目標資料行的型別 nvarchar。

2021-01-30 16:21:43::資料來源的型別 String 指定值無法轉換成指定目標資料行的型別 nvarchar。

2021-01-30 16:21:43::資料來源的型別 String 指定值無法轉換成指定目標資料行的型別 nvarchar。

2021-01-30 16:21:43::資料來源的型別 String 指定值無法轉換成指定目標資料行的型別 nvarchar。

2021-01-30 16:21:43::資料來源的型別 String 指定值無法轉換成指定目標資料行的型別 nvarchar。

2021-01-30 16:21:43::資料來源的型別 String 指定值無法轉換成指定目標資料行的型別 nvarchar。

2021-01-30 16:21:43::資料來源的型別 String 指定值無法轉換成指定目標資料行的型別 nvarchar。

2021-01-30 16:21:43::資料來源的型別 String 指定值無法轉換成指定目標資料行的型別 nvarchar。

2021-01-30 16:21:44::資料來源的型別 String 指定值無法轉換成指定目標資料行的型別 nvarchar。

2021-01-30 16:21:44::資料來源的型別 String 指定值無法轉換成指定目標資料行的型別 nvarchar。

2021-01-30 16:21:44::資料來源的型別 String 指定值無法轉換成指定目標資料行的型別 nvarchar。

2021-01-30 16:21:44::資料來源的型別 String 指定值無法轉換成指定目標資料行的型別 nvarchar。

2021-01-30 16:21:44::資料來源的型別 String 指定值無法轉換成指定目標資料行的型別 nvarchar。

2021-01-30 16:21:44::資料來源的型別 String 指定值無法轉換成指定目標資料行的型別 nvarchar。

2021-01-30 16:21:44::資料來源的型別 String 指定值無法轉換成指定目標資料行的型別 nvarchar。

2021-01-30 16:21:44::資料來源的型別 String 指定值無法轉換成指定目標資料行的型別 nvarchar。

2021-01-30 16:21:44::資料來源的型別 String 指定值無法轉換成指定目標資料行的型別 nvarchar。

2021-01-30 16:21:44::資料來源的型別 String 指定值無法轉換成指定目標資料行的型別 nvarchar。

2021-01-30 16:21:44::資料來源的型別 String 指定值無法轉換成指定目標資料行的型別 nvarchar。

2021-01-30 16:21:44::資料來源的型別 String 指定值無法轉換成指定目標資料行的型別 nvarchar。

2021-01-30 16:21:45::資料來源的型別 String 指定值無法轉換成指定目標資料行的型別 nvarchar。

2021-01-30 16:21:45::資料來源的型別 String 指定值無法轉換成指定目標資料行的型別 nvarchar。

2021-01-30 16:21:45::資料來源的型別 String 指定值無法轉換成指定目標資料行的型別 nvarchar。

2021-01-30 16:21:45::資料來源的型別 String 指定值無法轉換成指定目標資料行的型別 nvarchar。

2021-01-30 16:21:45::資料來源的型別 String 指定值無法轉換成指定目標資料行的型別 nvarchar。

2021-01-30 16:21:45::資料來源的型別 String 指定值無法轉換成指定目標資料行的型別 nvarchar。

2021-01-30 16:21:45::資料來源的型別 String 指定值無法轉換成指定目標資料行的型別 nvarchar。

2021-01-30 16:21:45::資料來源的型別 String 指定值無法轉換成指定目標資料行的型別 nvarchar。

2021-01-30 16:21:45::資料來源的型別 String 指定值無法轉換成指定目標資料行的型別 nvarchar。

2021-01-30 16:21:45::資料來源的型別 String 指定值無法轉換成指定目標資料行的型別 nvarchar。

2021-01-30 16:21:46::資料來源的型別 String 指定值無法轉換成指定目標資料行的型別 nvarchar。

2021-01-30 16:21:46::資料來源的型別 String 指定值無法轉換成指定目標資料行的型別 nvarchar。

2021-01-30 16:21:46::資料來源的型別 String 指定值無法轉換成指定目標資料行的型別 nvarchar。

2021-01-30 16:21:46::資料來源的型別 String 指定值無法轉換成指定目標資料行的型別 nvarchar。

2021-01-30 16:21:46::資料來源的型別 String 指定值無法轉換成指定目標資料行的型別 nvarchar。

2021-01-30 16:21:46::資料來源的型別 String 指定值無法轉換成指定目標資料行的型別 nvarchar。

2021-01-30 16:21:46::資料來源的型別 String 指定值無法轉換成指定目標資料行的型別 nvarchar。

2021-01-30 16:21:46::資料來源的型別 String 指定值無法轉換成指定目標資料行的型別 nvarchar。

2021-01-30 16:21:46::資料來源的型別 String 指定值無法轉換成指定目標資料行的型別 nvarchar。

2021-01-30 16:21:46::資料來源的型別 String 指定值無法轉換成指定目標資料行的型別 nvarchar。

2021-01-30 16:21:46::資料來源的型別 String 指定值無法轉換成指定目標資料行的型別 nvarchar。

2021-01-30 16:21:46::資料來源的型別 String 指定值無法轉換成指定目標資料行的型別 nvarchar。

2021-01-30 16:21:47::資料來源的型別 String 指定值無法轉換成指定目標資料行的型別 nvarchar。

2021-01-30 16:21:47::資料來源的型別 String 指定值無法轉換成指定目標資料行的型別 nvarchar。

2021-01-30 16:21:47::資料來源的型別 String 指定值無法轉換成指定目標資料行的型別 nvarchar。

2021-01-30 16:21:47::資料來源的型別 String 指定值無法轉換成指定目標資料行的型別 nvarchar。

2021-01-30 16:21:47::資料來源的型別 String 指定值無法轉換成指定目標資料行的型別 nvarchar。

2021-01-30 16:21:47::資料來源的型別 String 指定值無法轉換成指定目標資料行的型別 nvarchar。

2021-01-30 16:21:47::資料來源的型別 String 指定值無法轉換成指定目標資料行的型別 nvarchar。

2021-01-30 16:21:47::資料來源的型別 String 指定值無法轉換成指定目標資料行的型別 nvarchar。

2021-01-30 16:21:47::資料來源的型別 String 指定值無法轉換成指定目標資料行的型別 nvarchar。

2021-01-30 16:21:47::資料來源的型別 String 指定值無法轉換成指定目標資料行的型別 nvarchar。

2021-01-30 16:21:48::資料來源的型別 String 指定值無法轉換成指定目標資料行的型別 nvarchar。

2021-01-30 16:21:48::資料來源的型別 String 指定值無法轉換成指定目標資料行的型別 nvarchar。

2021-01-30 16:21:48::資料來源的型別 String 指定值無法轉換成指定目標資料行的型別 nvarchar。

2021-01-30 16:21:48::資料來源的型別 String 指定值無法轉換成指定目標資料行的型別 nvarchar。

2021-01-30 16:21:48::資料來源的型別 String 指定值無法轉換成指定目標資料行的型別 nvarchar。

2021-01-30 16:21:48::資料來源的型別 String 指定值無法轉換成指定目標資料行的型別 nvarchar。

2021-01-30 16:21:48::資料來源的型別 String 指定值無法轉換成指定目標資料行的型別 nvarchar。

2021-01-30 16:21:48::資料來源的型別 String 指定值無法轉換成指定目標資料行的型別 nvarchar。

2021-01-30 16:21:48::資料來源的型別 String 指定值無法轉換成指定目標資料行的型別 nvarchar。

2021-01-30 16:21:48::資料來源的型別 String 指定值無法轉換成指定目標資料行的型別 nvarchar。

2021-01-30 16:21:48::資料來源的型別 String 指定值無法轉換成指定目標資料行的型別 nvarchar。

2021-01-30 16:21:48::資料來源的型別 String 指定值無法轉換成指定目標資料行的型別 nvarchar。

2021-01-30 16:21:49::資料來源的型別 String 指定值無法轉換成指定目標資料行的型別 nvarchar。

2021-01-30 16:21:49::資料來源的型別 String 指定值無法轉換成指定目標資料行的型別 nvarchar。

2021-01-30 16:21:49::資料來源的型別 String 指定值無法轉換成指定目標資料行的型別 nvarchar。

2021-01-30 16:21:49::資料來源的型別 String 指定值無法轉換成指定目標資料行的型別 nvarchar。

2021-01-30 16:21:49::資料來源的型別 String 指定值無法轉換成指定目標資料行的型別 nvarchar。

2021-01-30 16:21:49::資料來源的型別 String 指定值無法轉換成指定目標資料行的型別 nvarchar。

2021-01-30 16:21:49::資料來源的型別 String 指定值無法轉換成指定目標資料行的型別 nvarchar。

2021-01-30 16:21:49::資料來源的型別 String 指定值無法轉換成指定目標資料行的型別 nvarchar。

2021-01-30 16:21:49::資料來源的型別 String 指定值無法轉換成指定目標資料行的型別 nvarchar。

2021-01-30 16:21:49::資料來源的型別 String 指定值無法轉換成指定目標資料行的型別 nvarchar。

2021-01-30 16:21:50::資料來源的型別 String 指定值無法轉換成指定目標資料行的型別 nvarchar。

2021-01-30 16:21:50::資料來源的型別 String 指定值無法轉換成指定目標資料行的型別 nvarchar。

2021-01-30 16:21:50::資料來源的型別 String 指定值無法轉換成指定目標資料行的型別 nvarchar。

2021-01-30 16:21:50::資料來源的型別 String 指定值無法轉換成指定目標資料行的型別 nvarchar。

2021-01-30 16:21:50::資料來源的型別 String 指定值無法轉換成指定目標資料行的型別 nvarchar。

2021-01-30 16:21:50::資料來源的型別 String 指定值無法轉換成指定目標資料行的型別 nvarchar。

2021-01-30 16:21:50::資料來源的型別 String 指定值無法轉換成指定目標資料行的型別 nvarchar。

2021-01-30 16:21:50::資料來源的型別 String 指定值無法轉換成指定目標資料行的型別 nvarchar。

2021-01-30 16:21:50::資料來源的型別 String 指定值無法轉換成指定目標資料行的型別 nvarchar。

2021-01-30 16:21:50::資料來源的型別 String 指定值無法轉換成指定目標資料行的型別 nvarchar。

2021-01-30 16:21:50::資料來源的型別 String 指定值無法轉換成指定目標資料行的型別 nvarchar。

2021-01-30 16:21:50::資料來源的型別 String 指定值無法轉換成指定目標資料行的型別 nvarchar。

2021-01-30 16:21:51::資料來源的型別 String 指定值無法轉換成指定目標資料行的型別 nvarchar。

2021-01-30 16:21:51::資料來源的型別 String 指定值無法轉換成指定目標資料行的型別 nvarchar。

2021-01-30 16:21:51::資料來源的型別 String 指定值無法轉換成指定目標資料行的型別 nvarchar。

2021-01-30 16:21:51::資料來源的型別 String 指定值無法轉換成指定目標資料行的型別 nvarchar。

2021-01-30 16:21:51::資料來源的型別 String 指定值無法轉換成指定目標資料行的型別 nvarchar。

2021-01-30 16:21:51::資料來源的型別 String 指定值無法轉換成指定目標資料行的型別 nvarchar。

2021-01-30 16:21:51::資料來源的型別 String 指定值無法轉換成指定目標資料行的型別 nvarchar。

2021-01-30 16:21:51::資料來源的型別 String 指定值無法轉換成指定目標資料行的型別 nvarchar。

2021-01-30 16:21:51::資料來源的型別 String 指定值無法轉換成指定目標資料行的型別 nvarchar。

2021-01-30 16:21:51::資料來源的型別 String 指定值無法轉換成指定目標資料行的型別 nvarchar。

2021-01-30 16:21:51::資料來源的型別 String 指定值無法轉換成指定目標資料行的型別 nvarchar。

2021-01-30 16:21:51::資料來源的型別 String 指定值無法轉換成指定目標資料行的型別 nvarchar。

2021-01-30 16:21:52::資料來源的型別 String 指定值無法轉換成指定目標資料行的型別 nvarchar。

2021-01-30 16:21:52::資料來源的型別 String 指定值無法轉換成指定目標資料行的型別 nvarchar。

2021-01-30 16:21:52::資料來源的型別 String 指定值無法轉換成指定目標資料行的型別 nvarchar。

2021-01-30 16:21:52::資料來源的型別 String 指定值無法轉換成指定目標資料行的型別 nvarchar。

2021-01-30 16:21:52::資料來源的型別 String 指定值無法轉換成指定目標資料行的型別 nvarchar。

2021-01-30 16:21:52::資料來源的型別 String 指定值無法轉換成指定目標資料行的型別 nvarchar。

2021-01-30 16:21:52::資料來源的型別 String 指定值無法轉換成指定目標資料行的型別 nvarchar。

2021-01-30 16:21:52::資料來源的型別 String 指定值無法轉換成指定目標資料行的型別 nvarchar。

2021-01-30 16:21:52::資料來源的型別 String 指定值無法轉換成指定目標資料行的型別 nvarchar。

2021-01-30 16:21:52::資料來源的型別 String 指定值無法轉換成指定目標資料行的型別 nvarchar。

2021-01-30 18:41:05::並未將物件參考設定為物件的執行個體。

2021-01-30 18:41:05::連接未關閉。連接目前的狀態為連接中。

2021-01-30 18:41:05::連接未關閉。連接目前的狀態為連接中。

2021-01-30 18:41:05::並未將物件參考設定為物件的執行個體。

2021-01-30 18:41:05::並未將物件參考設定為物件的執行個體。

2021-01-30 18:41:05::並未將物件參考設定為物件的執行個體。

2021-01-30 18:41:05::ExecuteReader 必須有開啟與可用的 Connection。連接目前的狀態為連接中。

2021-01-30 18:41:05::ExecuteReader 必須有開啟與可用的 Connection。連接目前的狀態為連接中。

2021-01-30 18:41:05::並未將物件參考設定為物件的執行個體。

2021-01-30 18:41:05::並未將物件參考設定為物件的執行個體。

2021-01-30 18:41:05::ExecuteReader 必須有開啟與可用的 Connection。連接目前的狀態為連接中。

2021-01-30 18:41:05::並未將物件參考設定為物件的執行個體。

2021-01-30 18:41:05::ExecuteReader 必須有開啟與可用的 Connection。連接目前的狀態為連接中。

2021-01-30 18:41:05::並未將物件參考設定為物件的執行個體。

2021-01-30 18:41:06::ExecuteReader 必須有開啟與可用的 Connection。連接目前的狀態為連接中。

2021-01-30 18:41:06::並未將物件參考設定為物件的執行個體。

2021-01-30 18:41:06::資料來源的型別 String 指定值無法轉換成指定目標資料行的型別 nvarchar。

2021-01-30 18:41:06::資料來源的型別 String 指定值無法轉換成指定目標資料行的型別 nvarchar。

2021-01-30 18:41:06::資料來源的型別 String 指定值無法轉換成指定目標資料行的型別 nvarchar。

2021-01-30 18:41:06::資料來源的型別 String 指定值無法轉換成指定目標資料行的型別 nvarchar。

2021-01-30 18:41:06::資料來源的型別 String 指定值無法轉換成指定目標資料行的型別 nvarchar。

2021-01-30 18:41:06::資料來源的型別 String 指定值無法轉換成指定目標資料行的型別 nvarchar。

2021-01-30 18:41:06::資料來源的型別 String 指定值無法轉換成指定目標資料行的型別 nvarchar。

2021-01-30 18:41:06::資料來源的型別 String 指定值無法轉換成指定目標資料行的型別 nvarchar。

2021-01-30 18:41:06::資料來源的型別 String 指定值無法轉換成指定目標資料行的型別 nvarchar。

2021-01-30 18:41:06::資料來源的型別 String 指定值無法轉換成指定目標資料行的型別 nvarchar。

2021-01-30 18:41:06::資料來源的型別 String 指定值無法轉換成指定目標資料行的型別 nvarchar。

2021-01-30 18:41:06::資料來源的型別 String 指定值無法轉換成指定目標資料行的型別 nvarchar。

2021-01-30 18:41:07::資料來源的型別 String 指定值無法轉換成指定目標資料行的型別 nvarchar。

2021-01-30 18:41:07::資料來源的型別 String 指定值無法轉換成指定目標資料行的型別 nvarchar。

2021-01-30 18:41:07::資料來源的型別 String 指定值無法轉換成指定目標資料行的型別 nvarchar。

2021-01-30 18:41:07::資料來源的型別 String 指定值無法轉換成指定目標資料行的型別 nvarchar。

2021-01-30 18:41:07::資料來源的型別 String 指定值無法轉換成指定目標資料行的型別 nvarchar。

2021-01-30 18:41:07::資料來源的型別 String 指定值無法轉換成指定目標資料行的型別 nvarchar。

