2021-08-10 13:01:49::並未將物件參考設定為物件的執行個體。

2021-08-10 13:01:49::已經開啟一個與這個 Command 相關的 DataReader，必須先將它關閉。

2021-08-10 13:01:49::並未將物件參考設定為物件的執行個體。

2021-08-10 14:16:52::資料來源的型別 String 指定值無法轉換成指定目標資料行的型別 nvarchar。

2021-08-10 14:16:52::資料來源的型別 String 指定值無法轉換成指定目標資料行的型別 nvarchar。

2021-08-10 14:16:53::資料來源的型別 String 指定值無法轉換成指定目標資料行的型別 nvarchar。

2021-08-10 14:16:53::資料來源的型別 String 指定值無法轉換成指定目標資料行的型別 nvarchar。

2021-08-10 14:16:55::資料來源的型別 String 指定值無法轉換成指定目標資料行的型別 nvarchar。

2021-08-10 14:16:55::資料來源的型別 String 指定值無法轉換成指定目標資料行的型別 nvarchar。

2021-08-10 14:17:05::資料來源的型別 String 指定值無法轉換成指定目標資料行的型別 nvarchar。

2021-08-10 14:17:05::資料來源的型別 String 指定值無法轉換成指定目標資料行的型別 nvarchar。

2021-08-10 14:17:06::資料來源的型別 String 指定值無法轉換成指定目標資料行的型別 nvarchar。

2021-08-10 14:17:06::資料來源的型別 String 指定值無法轉換成指定目標資料行的型別 nvarchar。

2021-08-10 14:17:09::資料來源的型別 String 指定值無法轉換成指定目標資料行的型別 nvarchar。

2021-08-10 14:17:09::資料來源的型別 String 指定值無法轉換成指定目標資料行的型別 nvarchar。

2021-08-10 14:17:10::資料來源的型別 String 指定值無法轉換成指定目標資料行的型別 nvarchar。

2021-08-10 14:17:10::資料來源的型別 String 指定值無法轉換成指定目標資料行的型別 nvarchar。

2021-08-10 14:17:10::資料來源的型別 String 指定值無法轉換成指定目標資料行的型別 nvarchar。

2021-08-10 14:17:10::資料來源的型別 String 指定值無法轉換成指定目標資料行的型別 nvarchar。

2021-08-10 14:17:10::資料來源的型別 String 指定值無法轉換成指定目標資料行的型別 nvarchar。

2021-08-10 14:17:10::資料來源的型別 String 指定值無法轉換成指定目標資料行的型別 nvarchar。

2021-08-10 14:17:10::資料來源的型別 String 指定值無法轉換成指定目標資料行的型別 nvarchar。

2021-08-10 14:17:10::資料來源的型別 String 指定值無法轉換成指定目標資料行的型別 nvarchar。

2021-08-10 14:17:11::資料來源的型別 String 指定值無法轉換成指定目標資料行的型別 nvarchar。

2021-08-10 14:17:11::資料來源的型別 String 指定值無法轉換成指定目標資料行的型別 nvarchar。

2021-08-10 14:17:11::資料來源的型別 String 指定值無法轉換成指定目標資料行的型別 nvarchar。

2021-08-10 14:17:11::資料來源的型別 String 指定值無法轉換成指定目標資料行的型別 nvarchar。

2021-08-10 14:17:11::資料來源的型別 String 指定值無法轉換成指定目標資料行的型別 nvarchar。

2021-08-10 14:17:11::資料來源的型別 String 指定值無法轉換成指定目標資料行的型別 nvarchar。

2021-08-10 14:17:12::資料來源的型別 String 指定值無法轉換成指定目標資料行的型別 nvarchar。

2021-08-10 14:17:12::資料來源的型別 String 指定值無法轉換成指定目標資料行的型別 nvarchar。

2021-08-10 14:17:16::資料來源的型別 String 指定值無法轉換成指定目標資料行的型別 nvarchar。

2021-08-10 14:17:16::資料來源的型別 String 指定值無法轉換成指定目標資料行的型別 nvarchar。

2021-08-10 14:17:17::資料來源的型別 String 指定值無法轉換成指定目標資料行的型別 nvarchar。

2021-08-10 14:17:17::資料來源的型別 String 指定值無法轉換成指定目標資料行的型別 nvarchar。

2021-08-10 14:17:18::資料來源的型別 String 指定值無法轉換成指定目標資料行的型別 nvarchar。

2021-08-10 14:17:18::資料來源的型別 String 指定值無法轉換成指定目標資料行的型別 nvarchar。

2021-08-10 14:17:18::資料來源的型別 String 指定值無法轉換成指定目標資料行的型別 nvarchar。

2021-08-10 14:17:18::資料來源的型別 String 指定值無法轉換成指定目標資料行的型別 nvarchar。

2021-08-10 14:17:18::資料來源的型別 String 指定值無法轉換成指定目標資料行的型別 nvarchar。

2021-08-10 14:17:18::資料來源的型別 String 指定值無法轉換成指定目標資料行的型別 nvarchar。

2021-08-10 14:17:23::資料來源的型別 String 指定值無法轉換成指定目標資料行的型別 nvarchar。

2021-08-10 14:17:23::資料來源的型別 String 指定值無法轉換成指定目標資料行的型別 nvarchar。

2021-08-10 14:17:25::資料來源的型別 String 指定值無法轉換成指定目標資料行的型別 nvarchar。

2021-08-10 14:17:25::資料來源的型別 String 指定值無法轉換成指定目標資料行的型別 nvarchar。

2021-08-10 14:17:26::資料來源的型別 String 指定值無法轉換成指定目標資料行的型別 nvarchar。

2021-08-10 14:17:26::資料來源的型別 String 指定值無法轉換成指定目標資料行的型別 nvarchar。

2021-08-10 14:17:32::資料來源的型別 String 指定值無法轉換成指定目標資料行的型別 nvarchar。

2021-08-10 14:17:32::資料來源的型別 String 指定值無法轉換成指定目標資料行的型別 nvarchar。

2021-08-10 14:17:33::資料來源的型別 String 指定值無法轉換成指定目標資料行的型別 nvarchar。

2021-08-10 14:17:33::資料來源的型別 String 指定值無法轉換成指定目標資料行的型別 nvarchar。

2021-08-10 14:17:42::資料來源的型別 String 指定值無法轉換成指定目標資料行的型別 nvarchar。

2021-08-10 14:17:42::資料來源的型別 String 指定值無法轉換成指定目標資料行的型別 nvarchar。

2021-08-10 14:17:45::資料來源的型別 String 指定值無法轉換成指定目標資料行的型別 nvarchar。

2021-08-10 14:17:45::資料來源的型別 String 指定值無法轉換成指定目標資料行的型別 nvarchar。

2021-08-10 14:17:48::資料來源的型別 String 指定值無法轉換成指定目標資料行的型別 nvarchar。

2021-08-10 14:17:48::資料來源的型別 String 指定值無法轉換成指定目標資料行的型別 nvarchar。

2021-08-10 14:17:48::資料來源的型別 String 指定值無法轉換成指定目標資料行的型別 nvarchar。

2021-08-10 14:17:48::資料來源的型別 String 指定值無法轉換成指定目標資料行的型別 nvarchar。

2021-08-10 14:18:00::資料來源的型別 String 指定值無法轉換成指定目標資料行的型別 nvarchar。

2021-08-10 14:18:00::資料來源的型別 String 指定值無法轉換成指定目標資料行的型別 nvarchar。

2021-08-10 14:18:03::資料來源的型別 String 指定值無法轉換成指定目標資料行的型別 nvarchar。

2021-08-10 14:18:03::資料來源的型別 String 指定值無法轉換成指定目標資料行的型別 nvarchar。

2021-08-10 14:24:57::資料來源的型別 String 指定值無法轉換成指定目標資料行的型別 nvarchar。

2021-08-10 14:24:57::資料來源的型別 String 指定值無法轉換成指定目標資料行的型別 nvarchar。

2021-08-10 14:24:58::資料來源的型別 String 指定值無法轉換成指定目標資料行的型別 nvarchar。

2021-08-10 14:24:58::資料來源的型別 String 指定值無法轉換成指定目標資料行的型別 nvarchar。

2021-08-10 14:24:59::資料來源的型別 String 指定值無法轉換成指定目標資料行的型別 nvarchar。

2021-08-10 14:24:59::資料來源的型別 String 指定值無法轉換成指定目標資料行的型別 nvarchar。

2021-08-10 14:24:59::資料來源的型別 String 指定值無法轉換成指定目標資料行的型別 nvarchar。

2021-08-10 14:24:59::資料來源的型別 String 指定值無法轉換成指定目標資料行的型別 nvarchar。

2021-08-10 14:24:59::資料來源的型別 String 指定值無法轉換成指定目標資料行的型別 nvarchar。

2021-08-10 14:24:59::資料來源的型別 String 指定值無法轉換成指定目標資料行的型別 nvarchar。

2021-08-10 14:24:59::資料來源的型別 String 指定值無法轉換成指定目標資料行的型別 nvarchar。

2021-08-10 14:24:59::資料來源的型別 String 指定值無法轉換成指定目標資料行的型別 nvarchar。

2021-08-10 14:25:00::資料來源的型別 String 指定值無法轉換成指定目標資料行的型別 nvarchar。

2021-08-10 14:25:00::資料來源的型別 String 指定值無法轉換成指定目標資料行的型別 nvarchar。

2021-08-10 14:25:00::資料來源的型別 String 指定值無法轉換成指定目標資料行的型別 nvarchar。

2021-08-10 14:25:00::資料來源的型別 String 指定值無法轉換成指定目標資料行的型別 nvarchar。

2021-08-10 14:25:53::資料來源的型別 String 指定值無法轉換成指定目標資料行的型別 nvarchar。

2021-08-10 14:25:53::資料來源的型別 String 指定值無法轉換成指定目標資料行的型別 nvarchar。

2021-08-10 14:25:55::資料來源的型別 String 指定值無法轉換成指定目標資料行的型別 nvarchar。

2021-08-10 14:25:55::資料來源的型別 String 指定值無法轉換成指定目標資料行的型別 nvarchar。

2021-08-10 14:25:56::資料來源的型別 String 指定值無法轉換成指定目標資料行的型別 nvarchar。

2021-08-10 14:25:56::資料來源的型別 String 指定值無法轉換成指定目標資料行的型別 nvarchar。

2021-08-10 14:25:57::資料來源的型別 String 指定值無法轉換成指定目標資料行的型別 nvarchar。

2021-08-10 14:25:57::資料來源的型別 String 指定值無法轉換成指定目標資料行的型別 nvarchar。

2021-08-10 14:25:57::資料來源的型別 String 指定值無法轉換成指定目標資料行的型別 nvarchar。

2021-08-10 14:25:57::資料來源的型別 String 指定值無法轉換成指定目標資料行的型別 nvarchar。

2021-08-10 14:25:57::資料來源的型別 String 指定值無法轉換成指定目標資料行的型別 nvarchar。

2021-08-10 14:25:57::資料來源的型別 String 指定值無法轉換成指定目標資料行的型別 nvarchar。

2021-08-10 14:25:57::資料來源的型別 String 指定值無法轉換成指定目標資料行的型別 nvarchar。

2021-08-10 14:25:57::資料來源的型別 String 指定值無法轉換成指定目標資料行的型別 nvarchar。

2021-08-10 14:25:58::資料來源的型別 String 指定值無法轉換成指定目標資料行的型別 nvarchar。

2021-08-10 14:25:58::資料來源的型別 String 指定值無法轉換成指定目標資料行的型別 nvarchar。

2021-08-10 14:25:59::資料來源的型別 String 指定值無法轉換成指定目標資料行的型別 nvarchar。

2021-08-10 14:25:59::資料來源的型別 String 指定值無法轉換成指定目標資料行的型別 nvarchar。

2021-08-10 14:26:00::資料來源的型別 String 指定值無法轉換成指定目標資料行的型別 nvarchar。

2021-08-10 14:26:00::資料來源的型別 String 指定值無法轉換成指定目標資料行的型別 nvarchar。

2021-08-10 14:26:00::資料來源的型別 String 指定值無法轉換成指定目標資料行的型別 nvarchar。

2021-08-10 14:26:00::資料來源的型別 String 指定值無法轉換成指定目標資料行的型別 nvarchar。

2021-08-10 14:26:07::資料來源的型別 String 指定值無法轉換成指定目標資料行的型別 nvarchar。

2021-08-10 14:26:07::資料來源的型別 String 指定值無法轉換成指定目標資料行的型別 nvarchar。

2021-08-10 14:26:10::資料來源的型別 String 指定值無法轉換成指定目標資料行的型別 nvarchar。

2021-08-10 14:26:10::資料來源的型別 String 指定值無法轉換成指定目標資料行的型別 nvarchar。

2021-08-10 14:26:12::資料來源的型別 String 指定值無法轉換成指定目標資料行的型別 nvarchar。

2021-08-10 14:26:12::資料來源的型別 String 指定值無法轉換成指定目標資料行的型別 nvarchar。

2021-08-10 14:26:14::資料來源的型別 String 指定值無法轉換成指定目標資料行的型別 nvarchar。

2021-08-10 14:26:14::資料來源的型別 String 指定值無法轉換成指定目標資料行的型別 nvarchar。

2021-08-10 14:26:15::資料來源的型別 String 指定值無法轉換成指定目標資料行的型別 nvarchar。

2021-08-10 14:26:15::資料來源的型別 String 指定值無法轉換成指定目標資料行的型別 nvarchar。

2021-08-10 14:35:14::並未將物件參考設定為物件的執行個體。

2021-08-10 14:35:14::作業無效。已經關閉連接。

2021-08-10 14:35:14::ExecuteReader 必須有開啟與可用的 Connection。連接目前的狀態為連接中。

2021-08-10 14:35:14::ExecuteReader 必須有開啟與可用的 Connection。連接目前的狀態為連接中。

2021-08-10 14:35:14::作業無效。已經關閉連接。

2021-08-10 14:35:14::並未將物件參考設定為物件的執行個體。

2021-08-10 14:35:14::並未將物件參考設定為物件的執行個體。

2021-08-10 14:35:14::並未將物件參考設定為物件的執行個體。

2021-08-10 14:35:14::並未將物件參考設定為物件的執行個體。

2021-08-10 14:35:14::並未將物件參考設定為物件的執行個體。

2021-08-10 14:35:14::已經開啟一個與這個 Command 相關的 DataReader，必須先將它關閉。

2021-08-10 14:35:14::並未將物件參考設定為物件的執行個體。

2021-08-10 14:35:14::已經開啟一個與這個 Command 相關的 DataReader，必須先將它關閉。

2021-08-10 14:35:14::並未將物件參考設定為物件的執行個體。

2021-08-10 14:35:14::並未將物件參考設定為物件的執行個體。

2021-08-10 14:35:14::ExecuteReader 必須有開啟與可用的 Connection。連接目前的狀態為開啟。

2021-08-10 14:35:14::並未將物件參考設定為物件的執行個體。

2021-08-10 14:35:14::ExecuteReader 必須有開啟與可用的 Connection。連接目前的狀態為開啟。

2021-08-10 14:35:14::Internal connection fatal error. Error state: 15, Token : 7

2021-08-10 14:35:14::並未將物件參考設定為物件的執行個體。

2021-08-10 14:35:14::並未將物件參考設定為物件的執行個體。

2021-08-10 14:35:14::ExecuteReader 必須有開啟與可用的 Connection。連接目前的狀態為開啟。

2021-08-10 14:35:14::並未將物件參考設定為物件的執行個體。

2021-08-10 14:45:00::資料來源的型別 String 指定值無法轉換成指定目標資料行的型別 nvarchar。

2021-08-10 14:45:00::資料來源的型別 String 指定值無法轉換成指定目標資料行的型別 nvarchar。

2021-08-10 14:45:02::資料來源的型別 String 指定值無法轉換成指定目標資料行的型別 nvarchar。

2021-08-10 14:45:02::資料來源的型別 String 指定值無法轉換成指定目標資料行的型別 nvarchar。

2021-08-10 14:45:04::資料來源的型別 String 指定值無法轉換成指定目標資料行的型別 nvarchar。

2021-08-10 14:45:04::資料來源的型別 String 指定值無法轉換成指定目標資料行的型別 nvarchar。

2021-08-10 14:45:06::資料來源的型別 String 指定值無法轉換成指定目標資料行的型別 nvarchar。

2021-08-10 14:45:06::資料來源的型別 String 指定值無法轉換成指定目標資料行的型別 nvarchar。

2021-08-10 14:45:07::資料來源的型別 String 指定值無法轉換成指定目標資料行的型別 nvarchar。

2021-08-10 14:45:07::資料來源的型別 String 指定值無法轉換成指定目標資料行的型別 nvarchar。

2021-08-10 14:45:08::資料來源的型別 String 指定值無法轉換成指定目標資料行的型別 nvarchar。

2021-08-10 14:45:08::資料來源的型別 String 指定值無法轉換成指定目標資料行的型別 nvarchar。

2021-08-10 14:45:08::資料來源的型別 String 指定值無法轉換成指定目標資料行的型別 nvarchar。

2021-08-10 14:45:08::資料來源的型別 String 指定值無法轉換成指定目標資料行的型別 nvarchar。

2021-08-10 14:45:08::資料來源的型別 String 指定值無法轉換成指定目標資料行的型別 nvarchar。

2021-08-10 14:45:08::資料來源的型別 String 指定值無法轉換成指定目標資料行的型別 nvarchar。

2021-08-10 14:45:13::資料來源的型別 String 指定值無法轉換成指定目標資料行的型別 nvarchar。

2021-08-10 14:45:13::資料來源的型別 String 指定值無法轉換成指定目標資料行的型別 nvarchar。

2021-08-10 14:45:17::資料來源的型別 String 指定值無法轉換成指定目標資料行的型別 nvarchar。

2021-08-10 14:45:17::資料來源的型別 String 指定值無法轉換成指定目標資料行的型別 nvarchar。

2021-08-10 14:45:20::資料來源的型別 String 指定值無法轉換成指定目標資料行的型別 nvarchar。

2021-08-10 14:45:20::資料來源的型別 String 指定值無法轉換成指定目標資料行的型別 nvarchar。

2021-08-10 14:45:20::資料來源的型別 String 指定值無法轉換成指定目標資料行的型別 nvarchar。

2021-08-10 14:45:20::資料來源的型別 String 指定值無法轉換成指定目標資料行的型別 nvarchar。

2021-08-10 14:45:21::資料來源的型別 String 指定值無法轉換成指定目標資料行的型別 nvarchar。

2021-08-10 14:45:21::資料來源的型別 String 指定值無法轉換成指定目標資料行的型別 nvarchar。

2021-08-10 14:45:22::資料來源的型別 String 指定值無法轉換成指定目標資料行的型別 nvarchar。

2021-08-10 14:45:22::資料來源的型別 String 指定值無法轉換成指定目標資料行的型別 nvarchar。

2021-08-10 14:45:23::資料來源的型別 String 指定值無法轉換成指定目標資料行的型別 nvarchar。

2021-08-10 14:45:23::資料來源的型別 String 指定值無法轉換成指定目標資料行的型別 nvarchar。

2021-08-10 14:45:23::資料來源的型別 String 指定值無法轉換成指定目標資料行的型別 nvarchar。

2021-08-10 14:45:23::資料來源的型別 String 指定值無法轉換成指定目標資料行的型別 nvarchar。

2021-08-10 14:45:24::資料來源的型別 String 指定值無法轉換成指定目標資料行的型別 nvarchar。

2021-08-10 14:45:24::資料來源的型別 String 指定值無法轉換成指定目標資料行的型別 nvarchar。

2021-08-10 14:45:24::資料來源的型別 String 指定值無法轉換成指定目標資料行的型別 nvarchar。

2021-08-10 14:45:24::資料來源的型別 String 指定值無法轉換成指定目標資料行的型別 nvarchar。

2021-08-10 14:45:24::資料來源的型別 String 指定值無法轉換成指定目標資料行的型別 nvarchar。

2021-08-10 14:45:24::資料來源的型別 String 指定值無法轉換成指定目標資料行的型別 nvarchar。

2021-08-10 14:45:24::資料來源的型別 String 指定值無法轉換成指定目標資料行的型別 nvarchar。

2021-08-10 14:45:24::資料來源的型別 String 指定值無法轉換成指定目標資料行的型別 nvarchar。

2021-08-10 14:45:24::資料來源的型別 String 指定值無法轉換成指定目標資料行的型別 nvarchar。

2021-08-10 14:45:24::資料來源的型別 String 指定值無法轉換成指定目標資料行的型別 nvarchar。

2021-08-10 14:45:24::資料來源的型別 String 指定值無法轉換成指定目標資料行的型別 nvarchar。

2021-08-10 14:45:24::資料來源的型別 String 指定值無法轉換成指定目標資料行的型別 nvarchar。

2021-08-10 15:52:32::ExecuteReader 必須有開啟與可用的 Connection。連接目前的狀態為連接中。

2021-08-10 15:52:32::ExecuteReader 必須有開啟與可用的 Connection。連接目前的狀態為連接中。

2021-08-10 15:52:32::並未將物件參考設定為物件的執行個體。

2021-08-10 15:52:32::並未將物件參考設定為物件的執行個體。

