2021-10-15 09:33:59::並未將物件參考設定為物件的執行個體。

2021-10-15 09:33:59::已經開啟一個與這個 Command 相關的 DataReader，必須先將它關閉。

2021-10-15 09:33:59::並未將物件參考設定為物件的執行個體。

2021-10-15 15:01:38::ExecuteReader 必須有開啟與可用的 Connection。連接目前的狀態為連接中。

2021-10-15 15:01:38::並未將物件參考設定為物件的執行個體。

2021-10-15 15:01:40::ExecuteReader 必須有開啟與可用的 Connection。連接目前的狀態為開啟。

2021-10-15 15:01:40::並未將物件參考設定為物件的執行個體。

2021-10-15 15:01:46::ExecuteReader 必須有開啟與可用的 Connection。連接目前的狀態為開啟。

2021-10-15 15:01:46::並未將物件參考設定為物件的執行個體。

2021-10-15 15:02:08::並未將物件參考設定為物件的執行個體。

2021-10-15 15:02:09::ExecuteReader 必須有開啟與可用的 Connection。連接目前的狀態為開啟。

2021-10-15 15:02:09::並未將物件參考設定為物件的執行個體。

2021-10-15 18:29:48::資料來源的型別 String 指定值無法轉換成指定目標資料行的型別 nvarchar。

2021-10-15 18:29:48::資料來源的型別 String 指定值無法轉換成指定目標資料行的型別 nvarchar。

2021-10-15 18:29:50::資料來源的型別 String 指定值無法轉換成指定目標資料行的型別 nvarchar。

2021-10-15 18:29:50::資料來源的型別 String 指定值無法轉換成指定目標資料行的型別 nvarchar。

2021-10-15 18:29:53::資料來源的型別 String 指定值無法轉換成指定目標資料行的型別 nvarchar。

2021-10-15 18:29:53::資料來源的型別 String 指定值無法轉換成指定目標資料行的型別 nvarchar。

2021-10-15 18:29:55::資料來源的型別 String 指定值無法轉換成指定目標資料行的型別 nvarchar。

2021-10-15 18:29:55::資料來源的型別 String 指定值無法轉換成指定目標資料行的型別 nvarchar。

2021-10-15 18:29:55::資料來源的型別 String 指定值無法轉換成指定目標資料行的型別 nvarchar。

2021-10-15 18:29:55::資料來源的型別 String 指定值無法轉換成指定目標資料行的型別 nvarchar。

2021-10-15 18:29:55::資料來源的型別 String 指定值無法轉換成指定目標資料行的型別 nvarchar。

2021-10-15 18:29:55::資料來源的型別 String 指定值無法轉換成指定目標資料行的型別 nvarchar。

2021-10-15 18:29:55::資料來源的型別 String 指定值無法轉換成指定目標資料行的型別 nvarchar。

2021-10-15 18:29:55::資料來源的型別 String 指定值無法轉換成指定目標資料行的型別 nvarchar。

2021-10-15 18:29:56::資料來源的型別 String 指定值無法轉換成指定目標資料行的型別 nvarchar。

2021-10-15 18:29:56::資料來源的型別 String 指定值無法轉換成指定目標資料行的型別 nvarchar。

2021-10-15 18:29:56::資料來源的型別 String 指定值無法轉換成指定目標資料行的型別 nvarchar。

2021-10-15 18:29:56::資料來源的型別 String 指定值無法轉換成指定目標資料行的型別 nvarchar。

2021-10-15 18:29:56::資料來源的型別 String 指定值無法轉換成指定目標資料行的型別 nvarchar。

2021-10-15 18:29:56::資料來源的型別 String 指定值無法轉換成指定目標資料行的型別 nvarchar。

2021-10-15 18:29:56::資料來源的型別 String 指定值無法轉換成指定目標資料行的型別 nvarchar。

2021-10-15 18:29:56::資料來源的型別 String 指定值無法轉換成指定目標資料行的型別 nvarchar。

2021-10-15 18:29:57::資料來源的型別 String 指定值無法轉換成指定目標資料行的型別 nvarchar。

2021-10-15 18:29:57::資料來源的型別 String 指定值無法轉換成指定目標資料行的型別 nvarchar。

2021-10-15 18:29:57::資料來源的型別 String 指定值無法轉換成指定目標資料行的型別 nvarchar。

2021-10-15 18:29:57::資料來源的型別 String 指定值無法轉換成指定目標資料行的型別 nvarchar。

2021-10-15 18:29:57::資料來源的型別 String 指定值無法轉換成指定目標資料行的型別 nvarchar。

2021-10-15 18:29:57::資料來源的型別 String 指定值無法轉換成指定目標資料行的型別 nvarchar。

2021-10-15 18:29:57::資料來源的型別 String 指定值無法轉換成指定目標資料行的型別 nvarchar。

2021-10-15 18:29:57::資料來源的型別 String 指定值無法轉換成指定目標資料行的型別 nvarchar。

2021-10-15 18:29:58::資料來源的型別 String 指定值無法轉換成指定目標資料行的型別 nvarchar。

2021-10-15 18:29:58::資料來源的型別 String 指定值無法轉換成指定目標資料行的型別 nvarchar。

2021-10-15 18:29:58::資料來源的型別 String 指定值無法轉換成指定目標資料行的型別 nvarchar。

2021-10-15 18:29:58::資料來源的型別 String 指定值無法轉換成指定目標資料行的型別 nvarchar。

2021-10-15 18:29:58::資料來源的型別 String 指定值無法轉換成指定目標資料行的型別 nvarchar。

2021-10-15 18:29:58::資料來源的型別 String 指定值無法轉換成指定目標資料行的型別 nvarchar。

2021-10-15 18:29:58::資料來源的型別 String 指定值無法轉換成指定目標資料行的型別 nvarchar。

2021-10-15 18:29:58::資料來源的型別 String 指定值無法轉換成指定目標資料行的型別 nvarchar。

2021-10-15 18:29:59::資料來源的型別 String 指定值無法轉換成指定目標資料行的型別 nvarchar。

2021-10-15 18:29:59::資料來源的型別 String 指定值無法轉換成指定目標資料行的型別 nvarchar。

2021-10-15 18:29:59::資料來源的型別 String 指定值無法轉換成指定目標資料行的型別 nvarchar。

2021-10-15 18:29:59::資料來源的型別 String 指定值無法轉換成指定目標資料行的型別 nvarchar。

2021-10-15 18:29:59::資料來源的型別 String 指定值無法轉換成指定目標資料行的型別 nvarchar。

2021-10-15 18:29:59::資料來源的型別 String 指定值無法轉換成指定目標資料行的型別 nvarchar。

2021-10-15 18:30:00::資料來源的型別 String 指定值無法轉換成指定目標資料行的型別 nvarchar。

2021-10-15 18:30:00::資料來源的型別 String 指定值無法轉換成指定目標資料行的型別 nvarchar。

2021-10-15 18:30:16::資料來源的型別 String 指定值無法轉換成指定目標資料行的型別 nvarchar。

2021-10-15 18:30:16::資料來源的型別 String 指定值無法轉換成指定目標資料行的型別 nvarchar。

