2021-02-27 14:29:12::資料來源的型別 String 指定值無法轉換成指定目標資料行的型別 nvarchar。

2021-02-27 14:29:12::資料來源的型別 String 指定值無法轉換成指定目標資料行的型別 nvarchar。

2021-02-27 14:29:12::資料來源的型別 String 指定值無法轉換成指定目標資料行的型別 nvarchar。

2021-02-27 14:29:12::資料來源的型別 String 指定值無法轉換成指定目標資料行的型別 nvarchar。

2021-02-27 14:29:14::資料來源的型別 String 指定值無法轉換成指定目標資料行的型別 nvarchar。

2021-02-27 14:29:14::資料來源的型別 String 指定值無法轉換成指定目標資料行的型別 nvarchar。

2021-02-27 14:29:16::資料來源的型別 String 指定值無法轉換成指定目標資料行的型別 nvarchar。

2021-02-27 14:29:16::資料來源的型別 String 指定值無法轉換成指定目標資料行的型別 nvarchar。

2021-02-27 14:29:18::資料來源的型別 String 指定值無法轉換成指定目標資料行的型別 nvarchar。

2021-02-27 14:29:18::資料來源的型別 String 指定值無法轉換成指定目標資料行的型別 nvarchar。

2021-02-27 14:29:18::資料來源的型別 String 指定值無法轉換成指定目標資料行的型別 nvarchar。

2021-02-27 14:29:18::資料來源的型別 String 指定值無法轉換成指定目標資料行的型別 nvarchar。

2021-02-27 14:29:19::資料來源的型別 String 指定值無法轉換成指定目標資料行的型別 nvarchar。

2021-02-27 14:29:19::資料來源的型別 String 指定值無法轉換成指定目標資料行的型別 nvarchar。

2021-02-27 14:29:19::資料來源的型別 String 指定值無法轉換成指定目標資料行的型別 nvarchar。

2021-02-27 14:29:19::資料來源的型別 String 指定值無法轉換成指定目標資料行的型別 nvarchar。

2021-02-27 14:29:19::資料來源的型別 String 指定值無法轉換成指定目標資料行的型別 nvarchar。

2021-02-27 14:29:19::資料來源的型別 String 指定值無法轉換成指定目標資料行的型別 nvarchar。

2021-02-27 14:29:19::資料來源的型別 String 指定值無法轉換成指定目標資料行的型別 nvarchar。

2021-02-27 14:29:19::資料來源的型別 String 指定值無法轉換成指定目標資料行的型別 nvarchar。

2021-02-27 14:29:20::資料來源的型別 String 指定值無法轉換成指定目標資料行的型別 nvarchar。

2021-02-27 14:29:20::資料來源的型別 String 指定值無法轉換成指定目標資料行的型別 nvarchar。

2021-02-27 14:29:20::資料來源的型別 String 指定值無法轉換成指定目標資料行的型別 nvarchar。

2021-02-27 14:29:20::資料來源的型別 String 指定值無法轉換成指定目標資料行的型別 nvarchar。

2021-02-27 14:29:27::資料來源的型別 String 指定值無法轉換成指定目標資料行的型別 nvarchar。

2021-02-27 14:29:27::資料來源的型別 String 指定值無法轉換成指定目標資料行的型別 nvarchar。

2021-02-27 14:29:27::資料來源的型別 String 指定值無法轉換成指定目標資料行的型別 nvarchar。

2021-02-27 14:29:27::資料來源的型別 String 指定值無法轉換成指定目標資料行的型別 nvarchar。

2021-02-27 14:29:27::資料來源的型別 String 指定值無法轉換成指定目標資料行的型別 nvarchar。

2021-02-27 14:29:27::資料來源的型別 String 指定值無法轉換成指定目標資料行的型別 nvarchar。

2021-02-27 14:29:28::資料來源的型別 String 指定值無法轉換成指定目標資料行的型別 nvarchar。

2021-02-27 14:29:28::資料來源的型別 String 指定值無法轉換成指定目標資料行的型別 nvarchar。

2021-02-27 14:33:08::資料來源的型別 String 指定值無法轉換成指定目標資料行的型別 nvarchar。

2021-02-27 14:33:08::資料來源的型別 String 指定值無法轉換成指定目標資料行的型別 nvarchar。

2021-02-27 14:33:10::資料來源的型別 String 指定值無法轉換成指定目標資料行的型別 nvarchar。

2021-02-27 14:33:10::資料來源的型別 String 指定值無法轉換成指定目標資料行的型別 nvarchar。

2021-02-27 14:33:10::資料來源的型別 String 指定值無法轉換成指定目標資料行的型別 nvarchar。

2021-02-27 14:33:10::資料來源的型別 String 指定值無法轉換成指定目標資料行的型別 nvarchar。

2021-02-27 14:33:12::資料來源的型別 String 指定值無法轉換成指定目標資料行的型別 nvarchar。

2021-02-27 14:33:12::資料來源的型別 String 指定值無法轉換成指定目標資料行的型別 nvarchar。

2021-02-27 14:33:13::資料來源的型別 String 指定值無法轉換成指定目標資料行的型別 nvarchar。

2021-02-27 14:33:13::資料來源的型別 String 指定值無法轉換成指定目標資料行的型別 nvarchar。

2021-02-27 14:33:13::資料來源的型別 String 指定值無法轉換成指定目標資料行的型別 nvarchar。

2021-02-27 14:33:13::資料來源的型別 String 指定值無法轉換成指定目標資料行的型別 nvarchar。

2021-02-27 14:33:13::資料來源的型別 String 指定值無法轉換成指定目標資料行的型別 nvarchar。

2021-02-27 14:33:13::資料來源的型別 String 指定值無法轉換成指定目標資料行的型別 nvarchar。

2021-02-27 14:33:14::資料來源的型別 String 指定值無法轉換成指定目標資料行的型別 nvarchar。

2021-02-27 14:33:14::資料來源的型別 String 指定值無法轉換成指定目標資料行的型別 nvarchar。

2021-02-27 14:33:14::資料來源的型別 String 指定值無法轉換成指定目標資料行的型別 nvarchar。

2021-02-27 14:33:14::資料來源的型別 String 指定值無法轉換成指定目標資料行的型別 nvarchar。

2021-02-27 14:33:14::資料來源的型別 String 指定值無法轉換成指定目標資料行的型別 nvarchar。

2021-02-27 14:33:14::資料來源的型別 String 指定值無法轉換成指定目標資料行的型別 nvarchar。

2021-02-27 14:33:15::資料來源的型別 String 指定值無法轉換成指定目標資料行的型別 nvarchar。

2021-02-27 14:33:15::資料來源的型別 String 指定值無法轉換成指定目標資料行的型別 nvarchar。

2021-02-27 14:33:15::資料來源的型別 String 指定值無法轉換成指定目標資料行的型別 nvarchar。

2021-02-27 14:33:15::資料來源的型別 String 指定值無法轉換成指定目標資料行的型別 nvarchar。

2021-02-27 14:33:15::資料來源的型別 String 指定值無法轉換成指定目標資料行的型別 nvarchar。

2021-02-27 14:33:15::資料來源的型別 String 指定值無法轉換成指定目標資料行的型別 nvarchar。

2021-02-27 14:33:16::資料來源的型別 String 指定值無法轉換成指定目標資料行的型別 nvarchar。

2021-02-27 14:33:16::資料來源的型別 String 指定值無法轉換成指定目標資料行的型別 nvarchar。

2021-02-27 14:33:16::資料來源的型別 String 指定值無法轉換成指定目標資料行的型別 nvarchar。

2021-02-27 14:33:16::資料來源的型別 String 指定值無法轉換成指定目標資料行的型別 nvarchar。

2021-02-27 14:33:17::資料來源的型別 String 指定值無法轉換成指定目標資料行的型別 nvarchar。

2021-02-27 14:33:17::資料來源的型別 String 指定值無法轉換成指定目標資料行的型別 nvarchar。

2021-02-27 14:33:17::資料來源的型別 String 指定值無法轉換成指定目標資料行的型別 nvarchar。

2021-02-27 14:33:17::資料來源的型別 String 指定值無法轉換成指定目標資料行的型別 nvarchar。

2021-02-27 14:33:19::資料來源的型別 String 指定值無法轉換成指定目標資料行的型別 nvarchar。

2021-02-27 14:33:19::資料來源的型別 String 指定值無法轉換成指定目標資料行的型別 nvarchar。

2021-02-27 14:33:19::資料來源的型別 String 指定值無法轉換成指定目標資料行的型別 nvarchar。

2021-02-27 14:33:19::資料來源的型別 String 指定值無法轉換成指定目標資料行的型別 nvarchar。

2021-02-27 14:33:19::資料來源的型別 String 指定值無法轉換成指定目標資料行的型別 nvarchar。

2021-02-27 14:33:19::資料來源的型別 String 指定值無法轉換成指定目標資料行的型別 nvarchar。

2021-02-27 14:33:21::資料來源的型別 String 指定值無法轉換成指定目標資料行的型別 nvarchar。

2021-02-27 14:33:21::資料來源的型別 String 指定值無法轉換成指定目標資料行的型別 nvarchar。

2021-02-27 14:33:22::資料來源的型別 String 指定值無法轉換成指定目標資料行的型別 nvarchar。

2021-02-27 14:33:22::資料來源的型別 String 指定值無法轉換成指定目標資料行的型別 nvarchar。

2021-02-27 14:33:23::資料來源的型別 String 指定值無法轉換成指定目標資料行的型別 nvarchar。

2021-02-27 14:33:23::資料來源的型別 String 指定值無法轉換成指定目標資料行的型別 nvarchar。

2021-02-27 14:33:23::資料來源的型別 String 指定值無法轉換成指定目標資料行的型別 nvarchar。

2021-02-27 14:33:23::資料來源的型別 String 指定值無法轉換成指定目標資料行的型別 nvarchar。

2021-02-27 14:33:23::資料來源的型別 String 指定值無法轉換成指定目標資料行的型別 nvarchar。

2021-02-27 14:33:23::資料來源的型別 String 指定值無法轉換成指定目標資料行的型別 nvarchar。

2021-02-27 14:33:23::資料來源的型別 String 指定值無法轉換成指定目標資料行的型別 nvarchar。

2021-02-27 14:33:23::資料來源的型別 String 指定值無法轉換成指定目標資料行的型別 nvarchar。

2021-02-27 14:33:25::資料來源的型別 String 指定值無法轉換成指定目標資料行的型別 nvarchar。

2021-02-27 14:33:25::資料來源的型別 String 指定值無法轉換成指定目標資料行的型別 nvarchar。

2021-02-27 14:33:26::資料來源的型別 String 指定值無法轉換成指定目標資料行的型別 nvarchar。

2021-02-27 14:33:26::資料來源的型別 String 指定值無法轉換成指定目標資料行的型別 nvarchar。

2021-02-27 14:33:26::資料來源的型別 String 指定值無法轉換成指定目標資料行的型別 nvarchar。

2021-02-27 14:33:26::資料來源的型別 String 指定值無法轉換成指定目標資料行的型別 nvarchar。

2021-02-27 14:33:26::資料來源的型別 String 指定值無法轉換成指定目標資料行的型別 nvarchar。

2021-02-27 14:33:26::資料來源的型別 String 指定值無法轉換成指定目標資料行的型別 nvarchar。

2021-02-27 14:33:26::資料來源的型別 String 指定值無法轉換成指定目標資料行的型別 nvarchar。

2021-02-27 14:33:26::資料來源的型別 String 指定值無法轉換成指定目標資料行的型別 nvarchar。

2021-02-27 14:33:26::資料來源的型別 String 指定值無法轉換成指定目標資料行的型別 nvarchar。

2021-02-27 14:33:26::資料來源的型別 String 指定值無法轉換成指定目標資料行的型別 nvarchar。

2021-02-27 14:33:26::資料來源的型別 String 指定值無法轉換成指定目標資料行的型別 nvarchar。

2021-02-27 14:33:26::資料來源的型別 String 指定值無法轉換成指定目標資料行的型別 nvarchar。

2021-02-27 14:33:27::資料來源的型別 String 指定值無法轉換成指定目標資料行的型別 nvarchar。

2021-02-27 14:33:27::資料來源的型別 String 指定值無法轉換成指定目標資料行的型別 nvarchar。

2021-02-27 14:33:27::資料來源的型別 String 指定值無法轉換成指定目標資料行的型別 nvarchar。

2021-02-27 14:33:27::資料來源的型別 String 指定值無法轉換成指定目標資料行的型別 nvarchar。

2021-02-27 14:33:27::資料來源的型別 String 指定值無法轉換成指定目標資料行的型別 nvarchar。

2021-02-27 14:33:27::資料來源的型別 String 指定值無法轉換成指定目標資料行的型別 nvarchar。

2021-02-27 14:33:27::資料來源的型別 String 指定值無法轉換成指定目標資料行的型別 nvarchar。

2021-02-27 14:33:27::資料來源的型別 String 指定值無法轉換成指定目標資料行的型別 nvarchar。

2021-02-27 14:33:27::資料來源的型別 String 指定值無法轉換成指定目標資料行的型別 nvarchar。

2021-02-27 14:33:27::資料來源的型別 String 指定值無法轉換成指定目標資料行的型別 nvarchar。

2021-02-27 14:33:27::資料來源的型別 String 指定值無法轉換成指定目標資料行的型別 nvarchar。

2021-02-27 14:33:27::資料來源的型別 String 指定值無法轉換成指定目標資料行的型別 nvarchar。

2021-02-27 14:33:28::資料來源的型別 String 指定值無法轉換成指定目標資料行的型別 nvarchar。

2021-02-27 14:33:28::資料來源的型別 String 指定值無法轉換成指定目標資料行的型別 nvarchar。

2021-02-27 14:33:28::資料來源的型別 String 指定值無法轉換成指定目標資料行的型別 nvarchar。

2021-02-27 14:33:28::資料來源的型別 String 指定值無法轉換成指定目標資料行的型別 nvarchar。

2021-02-27 14:33:28::資料來源的型別 String 指定值無法轉換成指定目標資料行的型別 nvarchar。

2021-02-27 14:33:28::資料來源的型別 String 指定值無法轉換成指定目標資料行的型別 nvarchar。

2021-02-27 14:33:28::資料來源的型別 String 指定值無法轉換成指定目標資料行的型別 nvarchar。

2021-02-27 14:33:28::資料來源的型別 String 指定值無法轉換成指定目標資料行的型別 nvarchar。

2021-02-27 14:33:28::資料來源的型別 String 指定值無法轉換成指定目標資料行的型別 nvarchar。

2021-02-27 14:33:28::資料來源的型別 String 指定值無法轉換成指定目標資料行的型別 nvarchar。

2021-02-27 14:33:28::資料來源的型別 String 指定值無法轉換成指定目標資料行的型別 nvarchar。

2021-02-27 14:33:28::資料來源的型別 String 指定值無法轉換成指定目標資料行的型別 nvarchar。

2021-02-27 14:33:29::資料來源的型別 String 指定值無法轉換成指定目標資料行的型別 nvarchar。

2021-02-27 14:33:29::資料來源的型別 String 指定值無法轉換成指定目標資料行的型別 nvarchar。

2021-02-27 14:33:29::資料來源的型別 String 指定值無法轉換成指定目標資料行的型別 nvarchar。

2021-02-27 14:33:29::資料來源的型別 String 指定值無法轉換成指定目標資料行的型別 nvarchar。

2021-02-27 14:33:29::資料來源的型別 String 指定值無法轉換成指定目標資料行的型別 nvarchar。

2021-02-27 14:33:29::資料來源的型別 String 指定值無法轉換成指定目標資料行的型別 nvarchar。

2021-02-27 14:33:30::資料來源的型別 String 指定值無法轉換成指定目標資料行的型別 nvarchar。

2021-02-27 14:33:30::資料來源的型別 String 指定值無法轉換成指定目標資料行的型別 nvarchar。

2021-02-27 14:33:30::資料來源的型別 String 指定值無法轉換成指定目標資料行的型別 nvarchar。

2021-02-27 14:33:30::資料來源的型別 String 指定值無法轉換成指定目標資料行的型別 nvarchar。

2021-02-27 14:33:30::資料來源的型別 String 指定值無法轉換成指定目標資料行的型別 nvarchar。

2021-02-27 14:33:30::資料來源的型別 String 指定值無法轉換成指定目標資料行的型別 nvarchar。

2021-02-27 14:33:31::資料來源的型別 String 指定值無法轉換成指定目標資料行的型別 nvarchar。

2021-02-27 14:33:31::資料來源的型別 String 指定值無法轉換成指定目標資料行的型別 nvarchar。

2021-02-27 14:36:58::資料來源的型別 String 指定值無法轉換成指定目標資料行的型別 nvarchar。

2021-02-27 14:36:58::資料來源的型別 String 指定值無法轉換成指定目標資料行的型別 nvarchar。

2021-02-27 14:36:59::資料來源的型別 String 指定值無法轉換成指定目標資料行的型別 nvarchar。

2021-02-27 14:36:59::資料來源的型別 String 指定值無法轉換成指定目標資料行的型別 nvarchar。

2021-02-27 14:36:59::資料來源的型別 String 指定值無法轉換成指定目標資料行的型別 nvarchar。

2021-02-27 14:36:59::資料來源的型別 String 指定值無法轉換成指定目標資料行的型別 nvarchar。

2021-02-27 14:36:59::資料來源的型別 String 指定值無法轉換成指定目標資料行的型別 nvarchar。

2021-02-27 14:36:59::資料來源的型別 String 指定值無法轉換成指定目標資料行的型別 nvarchar。

2021-02-27 14:36:59::資料來源的型別 String 指定值無法轉換成指定目標資料行的型別 nvarchar。

2021-02-27 14:36:59::資料來源的型別 String 指定值無法轉換成指定目標資料行的型別 nvarchar。

2021-02-27 14:37:00::資料來源的型別 String 指定值無法轉換成指定目標資料行的型別 nvarchar。

2021-02-27 14:37:00::資料來源的型別 String 指定值無法轉換成指定目標資料行的型別 nvarchar。

2021-02-27 14:37:00::資料來源的型別 String 指定值無法轉換成指定目標資料行的型別 nvarchar。

2021-02-27 14:37:00::資料來源的型別 String 指定值無法轉換成指定目標資料行的型別 nvarchar。

2021-02-27 14:37:00::資料來源的型別 String 指定值無法轉換成指定目標資料行的型別 nvarchar。

2021-02-27 14:37:00::資料來源的型別 String 指定值無法轉換成指定目標資料行的型別 nvarchar。

2021-02-27 14:37:00::資料來源的型別 String 指定值無法轉換成指定目標資料行的型別 nvarchar。

2021-02-27 14:37:00::資料來源的型別 String 指定值無法轉換成指定目標資料行的型別 nvarchar。

2021-02-27 14:37:00::資料來源的型別 String 指定值無法轉換成指定目標資料行的型別 nvarchar。

2021-02-27 14:37:00::資料來源的型別 String 指定值無法轉換成指定目標資料行的型別 nvarchar。

2021-02-27 14:37:26::資料來源的型別 String 指定值無法轉換成指定目標資料行的型別 nvarchar。

2021-02-27 14:37:26::資料來源的型別 String 指定值無法轉換成指定目標資料行的型別 nvarchar。

2021-02-27 14:37:32::資料來源的型別 String 指定值無法轉換成指定目標資料行的型別 nvarchar。

2021-02-27 14:37:32::資料來源的型別 String 指定值無法轉換成指定目標資料行的型別 nvarchar。

2021-02-27 14:37:32::資料來源的型別 String 指定值無法轉換成指定目標資料行的型別 nvarchar。

2021-02-27 14:37:32::資料來源的型別 String 指定值無法轉換成指定目標資料行的型別 nvarchar。

2021-02-27 14:37:32::資料來源的型別 String 指定值無法轉換成指定目標資料行的型別 nvarchar。

2021-02-27 14:37:32::資料來源的型別 String 指定值無法轉換成指定目標資料行的型別 nvarchar。

2021-02-27 14:37:32::資料來源的型別 String 指定值無法轉換成指定目標資料行的型別 nvarchar。

2021-02-27 14:37:32::資料來源的型別 String 指定值無法轉換成指定目標資料行的型別 nvarchar。

2021-02-27 14:37:33::資料來源的型別 String 指定值無法轉換成指定目標資料行的型別 nvarchar。

2021-02-27 14:37:33::資料來源的型別 String 指定值無法轉換成指定目標資料行的型別 nvarchar。

2021-02-27 14:37:33::資料來源的型別 String 指定值無法轉換成指定目標資料行的型別 nvarchar。

2021-02-27 14:37:33::資料來源的型別 String 指定值無法轉換成指定目標資料行的型別 nvarchar。

2021-02-27 14:37:34::資料來源的型別 String 指定值無法轉換成指定目標資料行的型別 nvarchar。

2021-02-27 14:37:34::資料來源的型別 String 指定值無法轉換成指定目標資料行的型別 nvarchar。

2021-02-27 14:37:34::資料來源的型別 String 指定值無法轉換成指定目標資料行的型別 nvarchar。

2021-02-27 14:37:34::資料來源的型別 String 指定值無法轉換成指定目標資料行的型別 nvarchar。

2021-02-27 14:37:34::資料來源的型別 String 指定值無法轉換成指定目標資料行的型別 nvarchar。

2021-02-27 14:37:34::資料來源的型別 String 指定值無法轉換成指定目標資料行的型別 nvarchar。

2021-02-27 14:37:34::資料來源的型別 String 指定值無法轉換成指定目標資料行的型別 nvarchar。

2021-02-27 14:37:34::資料來源的型別 String 指定值無法轉換成指定目標資料行的型別 nvarchar。

2021-02-27 14:37:34::資料來源的型別 String 指定值無法轉換成指定目標資料行的型別 nvarchar。

2021-02-27 14:37:34::資料來源的型別 String 指定值無法轉換成指定目標資料行的型別 nvarchar。

2021-02-27 14:37:34::資料來源的型別 String 指定值無法轉換成指定目標資料行的型別 nvarchar。

2021-02-27 14:37:34::資料來源的型別 String 指定值無法轉換成指定目標資料行的型別 nvarchar。

2021-02-27 14:37:35::資料來源的型別 String 指定值無法轉換成指定目標資料行的型別 nvarchar。

2021-02-27 14:37:35::資料來源的型別 String 指定值無法轉換成指定目標資料行的型別 nvarchar。

2021-02-27 14:37:35::資料來源的型別 String 指定值無法轉換成指定目標資料行的型別 nvarchar。

2021-02-27 14:37:35::資料來源的型別 String 指定值無法轉換成指定目標資料行的型別 nvarchar。

2021-02-27 14:37:36::資料來源的型別 String 指定值無法轉換成指定目標資料行的型別 nvarchar。

2021-02-27 14:37:36::資料來源的型別 String 指定值無法轉換成指定目標資料行的型別 nvarchar。

2021-02-27 14:37:36::資料來源的型別 String 指定值無法轉換成指定目標資料行的型別 nvarchar。

2021-02-27 14:37:36::資料來源的型別 String 指定值無法轉換成指定目標資料行的型別 nvarchar。

2021-02-27 14:37:36::資料來源的型別 String 指定值無法轉換成指定目標資料行的型別 nvarchar。

2021-02-27 14:37:36::資料來源的型別 String 指定值無法轉換成指定目標資料行的型別 nvarchar。

2021-02-27 14:37:36::資料來源的型別 String 指定值無法轉換成指定目標資料行的型別 nvarchar。

2021-02-27 14:37:36::資料來源的型別 String 指定值無法轉換成指定目標資料行的型別 nvarchar。

2021-02-27 14:37:36::資料來源的型別 String 指定值無法轉換成指定目標資料行的型別 nvarchar。

2021-02-27 14:37:36::資料來源的型別 String 指定值無法轉換成指定目標資料行的型別 nvarchar。

2021-02-27 14:37:37::資料來源的型別 String 指定值無法轉換成指定目標資料行的型別 nvarchar。

2021-02-27 14:37:37::資料來源的型別 String 指定值無法轉換成指定目標資料行的型別 nvarchar。

2021-02-27 14:37:37::資料來源的型別 String 指定值無法轉換成指定目標資料行的型別 nvarchar。

2021-02-27 14:37:37::資料來源的型別 String 指定值無法轉換成指定目標資料行的型別 nvarchar。

2021-02-27 14:37:38::資料來源的型別 String 指定值無法轉換成指定目標資料行的型別 nvarchar。

2021-02-27 14:37:38::資料來源的型別 String 指定值無法轉換成指定目標資料行的型別 nvarchar。

2021-02-27 14:37:38::資料來源的型別 String 指定值無法轉換成指定目標資料行的型別 nvarchar。

2021-02-27 14:37:38::資料來源的型別 String 指定值無法轉換成指定目標資料行的型別 nvarchar。

2021-02-27 14:37:38::資料來源的型別 String 指定值無法轉換成指定目標資料行的型別 nvarchar。

2021-02-27 14:37:38::資料來源的型別 String 指定值無法轉換成指定目標資料行的型別 nvarchar。

2021-02-27 14:37:38::資料來源的型別 String 指定值無法轉換成指定目標資料行的型別 nvarchar。

2021-02-27 14:37:38::資料來源的型別 String 指定值無法轉換成指定目標資料行的型別 nvarchar。

2021-02-27 14:37:38::資料來源的型別 String 指定值無法轉換成指定目標資料行的型別 nvarchar。

2021-02-27 14:37:38::資料來源的型別 String 指定值無法轉換成指定目標資料行的型別 nvarchar。

2021-02-27 14:37:38::資料來源的型別 String 指定值無法轉換成指定目標資料行的型別 nvarchar。

2021-02-27 14:37:38::資料來源的型別 String 指定值無法轉換成指定目標資料行的型別 nvarchar。

2021-02-27 14:37:39::資料來源的型別 String 指定值無法轉換成指定目標資料行的型別 nvarchar。

2021-02-27 14:37:39::資料來源的型別 String 指定值無法轉換成指定目標資料行的型別 nvarchar。

2021-02-27 14:38:43::資料來源的型別 String 指定值無法轉換成指定目標資料行的型別 nvarchar。

2021-02-27 14:38:43::資料來源的型別 String 指定值無法轉換成指定目標資料行的型別 nvarchar。

2021-02-27 14:38:44::資料來源的型別 String 指定值無法轉換成指定目標資料行的型別 nvarchar。

2021-02-27 14:38:44::資料來源的型別 String 指定值無法轉換成指定目標資料行的型別 nvarchar。

2021-02-27 14:38:44::資料來源的型別 String 指定值無法轉換成指定目標資料行的型別 nvarchar。

2021-02-27 14:38:44::資料來源的型別 String 指定值無法轉換成指定目標資料行的型別 nvarchar。

2021-02-27 14:38:44::資料來源的型別 String 指定值無法轉換成指定目標資料行的型別 nvarchar。

2021-02-27 14:38:44::資料來源的型別 String 指定值無法轉換成指定目標資料行的型別 nvarchar。

2021-02-27 14:38:46::資料來源的型別 String 指定值無法轉換成指定目標資料行的型別 nvarchar。

2021-02-27 14:38:46::資料來源的型別 String 指定值無法轉換成指定目標資料行的型別 nvarchar。

2021-02-27 14:38:46::資料來源的型別 String 指定值無法轉換成指定目標資料行的型別 nvarchar。

2021-02-27 14:38:46::資料來源的型別 String 指定值無法轉換成指定目標資料行的型別 nvarchar。

2021-02-27 14:38:47::資料來源的型別 String 指定值無法轉換成指定目標資料行的型別 nvarchar。

2021-02-27 14:38:47::資料來源的型別 String 指定值無法轉換成指定目標資料行的型別 nvarchar。

2021-02-27 14:38:47::資料來源的型別 String 指定值無法轉換成指定目標資料行的型別 nvarchar。

2021-02-27 14:38:47::資料來源的型別 String 指定值無法轉換成指定目標資料行的型別 nvarchar。

2021-02-27 14:38:47::資料來源的型別 String 指定值無法轉換成指定目標資料行的型別 nvarchar。

2021-02-27 14:38:47::資料來源的型別 String 指定值無法轉換成指定目標資料行的型別 nvarchar。

2021-02-27 14:38:47::資料來源的型別 String 指定值無法轉換成指定目標資料行的型別 nvarchar。

2021-02-27 14:38:47::資料來源的型別 String 指定值無法轉換成指定目標資料行的型別 nvarchar。

2021-02-27 14:38:47::資料來源的型別 String 指定值無法轉換成指定目標資料行的型別 nvarchar。

2021-02-27 14:38:47::資料來源的型別 String 指定值無法轉換成指定目標資料行的型別 nvarchar。

2021-02-27 14:38:47::資料來源的型別 String 指定值無法轉換成指定目標資料行的型別 nvarchar。

2021-02-27 14:38:47::資料來源的型別 String 指定值無法轉換成指定目標資料行的型別 nvarchar。

2021-02-27 14:38:48::資料來源的型別 String 指定值無法轉換成指定目標資料行的型別 nvarchar。

2021-02-27 14:38:48::資料來源的型別 String 指定值無法轉換成指定目標資料行的型別 nvarchar。

2021-02-27 14:38:48::資料來源的型別 String 指定值無法轉換成指定目標資料行的型別 nvarchar。

2021-02-27 14:38:48::資料來源的型別 String 指定值無法轉換成指定目標資料行的型別 nvarchar。

2021-02-27 14:38:48::資料來源的型別 String 指定值無法轉換成指定目標資料行的型別 nvarchar。

2021-02-27 14:38:48::資料來源的型別 String 指定值無法轉換成指定目標資料行的型別 nvarchar。

2021-02-27 14:38:48::資料來源的型別 String 指定值無法轉換成指定目標資料行的型別 nvarchar。

2021-02-27 14:38:48::資料來源的型別 String 指定值無法轉換成指定目標資料行的型別 nvarchar。

2021-02-27 14:38:49::資料來源的型別 String 指定值無法轉換成指定目標資料行的型別 nvarchar。

2021-02-27 14:38:49::資料來源的型別 String 指定值無法轉換成指定目標資料行的型別 nvarchar。

2021-02-27 14:38:49::資料來源的型別 String 指定值無法轉換成指定目標資料行的型別 nvarchar。

2021-02-27 14:38:49::資料來源的型別 String 指定值無法轉換成指定目標資料行的型別 nvarchar。

2021-02-27 14:38:49::資料來源的型別 String 指定值無法轉換成指定目標資料行的型別 nvarchar。

2021-02-27 14:38:49::資料來源的型別 String 指定值無法轉換成指定目標資料行的型別 nvarchar。

2021-02-27 14:38:49::資料來源的型別 String 指定值無法轉換成指定目標資料行的型別 nvarchar。

2021-02-27 14:38:49::資料來源的型別 String 指定值無法轉換成指定目標資料行的型別 nvarchar。

2021-02-27 14:38:57::資料來源的型別 String 指定值無法轉換成指定目標資料行的型別 nvarchar。

2021-02-27 14:38:57::資料來源的型別 String 指定值無法轉換成指定目標資料行的型別 nvarchar。

2021-02-27 14:38:57::資料來源的型別 String 指定值無法轉換成指定目標資料行的型別 nvarchar。

2021-02-27 14:38:57::資料來源的型別 String 指定值無法轉換成指定目標資料行的型別 nvarchar。

2021-02-27 14:38:57::資料來源的型別 String 指定值無法轉換成指定目標資料行的型別 nvarchar。

2021-02-27 14:38:57::資料來源的型別 String 指定值無法轉換成指定目標資料行的型別 nvarchar。

2021-02-27 15:17:52::資料來源的型別 String 指定值無法轉換成指定目標資料行的型別 nvarchar。

2021-02-27 15:17:52::資料來源的型別 String 指定值無法轉換成指定目標資料行的型別 nvarchar。

2021-02-27 15:17:54::資料來源的型別 String 指定值無法轉換成指定目標資料行的型別 nvarchar。

2021-02-27 15:17:54::資料來源的型別 String 指定值無法轉換成指定目標資料行的型別 nvarchar。

2021-02-27 15:17:54::資料來源的型別 String 指定值無法轉換成指定目標資料行的型別 nvarchar。

2021-02-27 15:17:54::資料來源的型別 String 指定值無法轉換成指定目標資料行的型別 nvarchar。

2021-02-27 15:17:54::資料來源的型別 String 指定值無法轉換成指定目標資料行的型別 nvarchar。

2021-02-27 15:17:54::資料來源的型別 String 指定值無法轉換成指定目標資料行的型別 nvarchar。

2021-02-27 15:17:54::資料來源的型別 String 指定值無法轉換成指定目標資料行的型別 nvarchar。

2021-02-27 15:17:54::資料來源的型別 String 指定值無法轉換成指定目標資料行的型別 nvarchar。

2021-02-27 15:17:55::資料來源的型別 String 指定值無法轉換成指定目標資料行的型別 nvarchar。

2021-02-27 15:17:55::資料來源的型別 String 指定值無法轉換成指定目標資料行的型別 nvarchar。

2021-02-27 15:17:55::資料來源的型別 String 指定值無法轉換成指定目標資料行的型別 nvarchar。

2021-02-27 15:17:55::資料來源的型別 String 指定值無法轉換成指定目標資料行的型別 nvarchar。

2021-02-27 15:17:55::資料來源的型別 String 指定值無法轉換成指定目標資料行的型別 nvarchar。

2021-02-27 15:17:55::資料來源的型別 String 指定值無法轉換成指定目標資料行的型別 nvarchar。

2021-02-27 15:17:58::資料來源的型別 String 指定值無法轉換成指定目標資料行的型別 nvarchar。

2021-02-27 15:17:58::資料來源的型別 String 指定值無法轉換成指定目標資料行的型別 nvarchar。

2021-02-27 15:17:58::資料來源的型別 String 指定值無法轉換成指定目標資料行的型別 nvarchar。

2021-02-27 15:17:58::資料來源的型別 String 指定值無法轉換成指定目標資料行的型別 nvarchar。

2021-02-27 15:17:58::資料來源的型別 String 指定值無法轉換成指定目標資料行的型別 nvarchar。

2021-02-27 15:17:58::資料來源的型別 String 指定值無法轉換成指定目標資料行的型別 nvarchar。

2021-02-27 15:17:58::資料來源的型別 String 指定值無法轉換成指定目標資料行的型別 nvarchar。

2021-02-27 15:17:58::資料來源的型別 String 指定值無法轉換成指定目標資料行的型別 nvarchar。

2021-02-27 15:17:59::資料來源的型別 String 指定值無法轉換成指定目標資料行的型別 nvarchar。

2021-02-27 15:17:59::資料來源的型別 String 指定值無法轉換成指定目標資料行的型別 nvarchar。

2021-02-27 15:17:59::資料來源的型別 String 指定值無法轉換成指定目標資料行的型別 nvarchar。

2021-02-27 15:17:59::資料來源的型別 String 指定值無法轉換成指定目標資料行的型別 nvarchar。

2021-02-27 15:17:59::資料來源的型別 String 指定值無法轉換成指定目標資料行的型別 nvarchar。

2021-02-27 15:17:59::資料來源的型別 String 指定值無法轉換成指定目標資料行的型別 nvarchar。

2021-02-27 15:17:59::資料來源的型別 String 指定值無法轉換成指定目標資料行的型別 nvarchar。

2021-02-27 15:17:59::資料來源的型別 String 指定值無法轉換成指定目標資料行的型別 nvarchar。

2021-02-27 15:17:59::資料來源的型別 String 指定值無法轉換成指定目標資料行的型別 nvarchar。

2021-02-27 15:17:59::資料來源的型別 String 指定值無法轉換成指定目標資料行的型別 nvarchar。

2021-02-27 15:18:00::資料來源的型別 String 指定值無法轉換成指定目標資料行的型別 nvarchar。

2021-02-27 15:18:00::資料來源的型別 String 指定值無法轉換成指定目標資料行的型別 nvarchar。

2021-02-27 15:18:02::資料來源的型別 String 指定值無法轉換成指定目標資料行的型別 nvarchar。

2021-02-27 15:18:02::資料來源的型別 String 指定值無法轉換成指定目標資料行的型別 nvarchar。

2021-02-27 15:18:03::資料來源的型別 String 指定值無法轉換成指定目標資料行的型別 nvarchar。

2021-02-27 15:18:03::資料來源的型別 String 指定值無法轉換成指定目標資料行的型別 nvarchar。

2021-02-27 15:18:03::資料來源的型別 String 指定值無法轉換成指定目標資料行的型別 nvarchar。

2021-02-27 15:18:03::資料來源的型別 String 指定值無法轉換成指定目標資料行的型別 nvarchar。

2021-02-27 15:18:03::資料來源的型別 String 指定值無法轉換成指定目標資料行的型別 nvarchar。

2021-02-27 15:18:03::資料來源的型別 String 指定值無法轉換成指定目標資料行的型別 nvarchar。

2021-02-27 15:18:03::資料來源的型別 String 指定值無法轉換成指定目標資料行的型別 nvarchar。

2021-02-27 15:18:03::資料來源的型別 String 指定值無法轉換成指定目標資料行的型別 nvarchar。

2021-02-27 15:18:03::資料來源的型別 String 指定值無法轉換成指定目標資料行的型別 nvarchar。

2021-02-27 15:18:03::資料來源的型別 String 指定值無法轉換成指定目標資料行的型別 nvarchar。

2021-02-27 15:18:04::資料來源的型別 String 指定值無法轉換成指定目標資料行的型別 nvarchar。

2021-02-27 15:18:04::資料來源的型別 String 指定值無法轉換成指定目標資料行的型別 nvarchar。

2021-02-27 15:18:04::資料來源的型別 String 指定值無法轉換成指定目標資料行的型別 nvarchar。

2021-02-27 15:18:04::資料來源的型別 String 指定值無法轉換成指定目標資料行的型別 nvarchar。

2021-02-27 15:18:04::資料來源的型別 String 指定值無法轉換成指定目標資料行的型別 nvarchar。

2021-02-27 15:18:04::資料來源的型別 String 指定值無法轉換成指定目標資料行的型別 nvarchar。

2021-02-27 15:18:07::資料來源的型別 String 指定值無法轉換成指定目標資料行的型別 nvarchar。

2021-02-27 15:18:07::資料來源的型別 String 指定值無法轉換成指定目標資料行的型別 nvarchar。

2021-02-27 15:18:07::資料來源的型別 String 指定值無法轉換成指定目標資料行的型別 nvarchar。

2021-02-27 15:18:07::資料來源的型別 String 指定值無法轉換成指定目標資料行的型別 nvarchar。

2021-02-27 15:18:07::資料來源的型別 String 指定值無法轉換成指定目標資料行的型別 nvarchar。

2021-02-27 15:18:07::資料來源的型別 String 指定值無法轉換成指定目標資料行的型別 nvarchar。

2021-02-27 15:18:08::資料來源的型別 String 指定值無法轉換成指定目標資料行的型別 nvarchar。

2021-02-27 15:18:08::資料來源的型別 String 指定值無法轉換成指定目標資料行的型別 nvarchar。

2021-02-27 15:18:08::資料來源的型別 String 指定值無法轉換成指定目標資料行的型別 nvarchar。

2021-02-27 15:18:08::資料來源的型別 String 指定值無法轉換成指定目標資料行的型別 nvarchar。

2021-02-27 15:18:09::資料來源的型別 String 指定值無法轉換成指定目標資料行的型別 nvarchar。

2021-02-27 15:18:09::資料來源的型別 String 指定值無法轉換成指定目標資料行的型別 nvarchar。

2021-02-27 15:18:09::資料來源的型別 String 指定值無法轉換成指定目標資料行的型別 nvarchar。

2021-02-27 15:18:09::資料來源的型別 String 指定值無法轉換成指定目標資料行的型別 nvarchar。

2021-02-27 15:18:09::資料來源的型別 String 指定值無法轉換成指定目標資料行的型別 nvarchar。

2021-02-27 15:18:09::資料來源的型別 String 指定值無法轉換成指定目標資料行的型別 nvarchar。

2021-02-27 15:18:09::資料來源的型別 String 指定值無法轉換成指定目標資料行的型別 nvarchar。

2021-02-27 15:18:09::資料來源的型別 String 指定值無法轉換成指定目標資料行的型別 nvarchar。

2021-02-27 15:18:09::資料來源的型別 String 指定值無法轉換成指定目標資料行的型別 nvarchar。

2021-02-27 15:18:09::資料來源的型別 String 指定值無法轉換成指定目標資料行的型別 nvarchar。

2021-02-27 15:18:09::資料來源的型別 String 指定值無法轉換成指定目標資料行的型別 nvarchar。

2021-02-27 15:18:09::資料來源的型別 String 指定值無法轉換成指定目標資料行的型別 nvarchar。

2021-02-27 15:18:10::資料來源的型別 String 指定值無法轉換成指定目標資料行的型別 nvarchar。

2021-02-27 15:18:10::資料來源的型別 String 指定值無法轉換成指定目標資料行的型別 nvarchar。

2021-02-27 15:18:10::資料來源的型別 String 指定值無法轉換成指定目標資料行的型別 nvarchar。

2021-02-27 15:18:10::資料來源的型別 String 指定值無法轉換成指定目標資料行的型別 nvarchar。

2021-02-27 15:18:10::資料來源的型別 String 指定值無法轉換成指定目標資料行的型別 nvarchar。

2021-02-27 15:18:10::資料來源的型別 String 指定值無法轉換成指定目標資料行的型別 nvarchar。

2021-02-27 15:18:10::資料來源的型別 String 指定值無法轉換成指定目標資料行的型別 nvarchar。

2021-02-27 15:18:10::資料來源的型別 String 指定值無法轉換成指定目標資料行的型別 nvarchar。

2021-02-27 15:18:10::資料來源的型別 String 指定值無法轉換成指定目標資料行的型別 nvarchar。

2021-02-27 15:18:10::資料來源的型別 String 指定值無法轉換成指定目標資料行的型別 nvarchar。

2021-02-27 15:18:11::資料來源的型別 String 指定值無法轉換成指定目標資料行的型別 nvarchar。

2021-02-27 15:18:11::資料來源的型別 String 指定值無法轉換成指定目標資料行的型別 nvarchar。

2021-02-27 15:18:11::資料來源的型別 String 指定值無法轉換成指定目標資料行的型別 nvarchar。

2021-02-27 15:18:11::資料來源的型別 String 指定值無法轉換成指定目標資料行的型別 nvarchar。

2021-02-27 15:18:11::資料來源的型別 String 指定值無法轉換成指定目標資料行的型別 nvarchar。

2021-02-27 15:18:11::資料來源的型別 String 指定值無法轉換成指定目標資料行的型別 nvarchar。

2021-02-27 15:18:11::資料來源的型別 String 指定值無法轉換成指定目標資料行的型別 nvarchar。

2021-02-27 15:18:11::資料來源的型別 String 指定值無法轉換成指定目標資料行的型別 nvarchar。

2021-02-27 15:18:11::資料來源的型別 String 指定值無法轉換成指定目標資料行的型別 nvarchar。

2021-02-27 15:18:11::資料來源的型別 String 指定值無法轉換成指定目標資料行的型別 nvarchar。

2021-02-27 15:18:11::資料來源的型別 String 指定值無法轉換成指定目標資料行的型別 nvarchar。

2021-02-27 15:18:11::資料來源的型別 String 指定值無法轉換成指定目標資料行的型別 nvarchar。

2021-02-27 15:18:12::資料來源的型別 String 指定值無法轉換成指定目標資料行的型別 nvarchar。

2021-02-27 15:18:12::資料來源的型別 String 指定值無法轉換成指定目標資料行的型別 nvarchar。

2021-02-27 15:18:12::資料來源的型別 String 指定值無法轉換成指定目標資料行的型別 nvarchar。

2021-02-27 15:18:12::資料來源的型別 String 指定值無法轉換成指定目標資料行的型別 nvarchar。

2021-02-27 15:18:12::資料來源的型別 String 指定值無法轉換成指定目標資料行的型別 nvarchar。

2021-02-27 15:18:12::資料來源的型別 String 指定值無法轉換成指定目標資料行的型別 nvarchar。

2021-02-27 15:18:12::資料來源的型別 String 指定值無法轉換成指定目標資料行的型別 nvarchar。

2021-02-27 15:18:12::資料來源的型別 String 指定值無法轉換成指定目標資料行的型別 nvarchar。

2021-02-27 15:18:12::資料來源的型別 String 指定值無法轉換成指定目標資料行的型別 nvarchar。

2021-02-27 15:18:12::資料來源的型別 String 指定值無法轉換成指定目標資料行的型別 nvarchar。

2021-02-27 15:18:13::資料來源的型別 String 指定值無法轉換成指定目標資料行的型別 nvarchar。

2021-02-27 15:18:13::資料來源的型別 String 指定值無法轉換成指定目標資料行的型別 nvarchar。

2021-02-27 15:18:13::資料來源的型別 String 指定值無法轉換成指定目標資料行的型別 nvarchar。

2021-02-27 15:18:13::資料來源的型別 String 指定值無法轉換成指定目標資料行的型別 nvarchar。

2021-02-27 15:18:13::資料來源的型別 String 指定值無法轉換成指定目標資料行的型別 nvarchar。

2021-02-27 15:18:13::資料來源的型別 String 指定值無法轉換成指定目標資料行的型別 nvarchar。

2021-02-27 15:18:13::資料來源的型別 String 指定值無法轉換成指定目標資料行的型別 nvarchar。

2021-02-27 15:18:13::資料來源的型別 String 指定值無法轉換成指定目標資料行的型別 nvarchar。

2021-02-27 15:18:13::資料來源的型別 String 指定值無法轉換成指定目標資料行的型別 nvarchar。

2021-02-27 15:18:13::資料來源的型別 String 指定值無法轉換成指定目標資料行的型別 nvarchar。

2021-02-27 15:18:13::資料來源的型別 String 指定值無法轉換成指定目標資料行的型別 nvarchar。

2021-02-27 15:18:13::資料來源的型別 String 指定值無法轉換成指定目標資料行的型別 nvarchar。

2021-02-27 15:18:14::資料來源的型別 String 指定值無法轉換成指定目標資料行的型別 nvarchar。

2021-02-27 15:18:14::資料來源的型別 String 指定值無法轉換成指定目標資料行的型別 nvarchar。

2021-02-27 15:18:22::資料來源的型別 String 指定值無法轉換成指定目標資料行的型別 nvarchar。

2021-02-27 15:18:22::資料來源的型別 String 指定值無法轉換成指定目標資料行的型別 nvarchar。

2021-02-27 15:18:22::資料來源的型別 String 指定值無法轉換成指定目標資料行的型別 nvarchar。

2021-02-27 15:18:22::資料來源的型別 String 指定值無法轉換成指定目標資料行的型別 nvarchar。

2021-02-27 15:18:22::資料來源的型別 String 指定值無法轉換成指定目標資料行的型別 nvarchar。

2021-02-27 15:18:22::資料來源的型別 String 指定值無法轉換成指定目標資料行的型別 nvarchar。

2021-02-27 15:18:23::資料來源的型別 String 指定值無法轉換成指定目標資料行的型別 nvarchar。

2021-02-27 15:18:23::資料來源的型別 String 指定值無法轉換成指定目標資料行的型別 nvarchar。

2021-02-27 15:18:23::資料來源的型別 String 指定值無法轉換成指定目標資料行的型別 nvarchar。

2021-02-27 15:18:23::資料來源的型別 String 指定值無法轉換成指定目標資料行的型別 nvarchar。

2021-02-27 15:18:23::資料來源的型別 String 指定值無法轉換成指定目標資料行的型別 nvarchar。

2021-02-27 15:18:23::資料來源的型別 String 指定值無法轉換成指定目標資料行的型別 nvarchar。

2021-02-27 15:18:23::資料來源的型別 String 指定值無法轉換成指定目標資料行的型別 nvarchar。

2021-02-27 15:18:23::資料來源的型別 String 指定值無法轉換成指定目標資料行的型別 nvarchar。

2021-02-27 15:18:23::資料來源的型別 String 指定值無法轉換成指定目標資料行的型別 nvarchar。

2021-02-27 15:18:23::資料來源的型別 String 指定值無法轉換成指定目標資料行的型別 nvarchar。

2021-02-27 15:18:23::資料來源的型別 String 指定值無法轉換成指定目標資料行的型別 nvarchar。

2021-02-27 15:18:23::資料來源的型別 String 指定值無法轉換成指定目標資料行的型別 nvarchar。

2021-02-27 15:18:24::資料來源的型別 String 指定值無法轉換成指定目標資料行的型別 nvarchar。

2021-02-27 15:18:24::資料來源的型別 String 指定值無法轉換成指定目標資料行的型別 nvarchar。

2021-02-27 15:18:24::資料來源的型別 String 指定值無法轉換成指定目標資料行的型別 nvarchar。

2021-02-27 15:18:24::資料來源的型別 String 指定值無法轉換成指定目標資料行的型別 nvarchar。

2021-02-27 15:18:24::資料來源的型別 String 指定值無法轉換成指定目標資料行的型別 nvarchar。

2021-02-27 15:18:24::資料來源的型別 String 指定值無法轉換成指定目標資料行的型別 nvarchar。

2021-02-27 15:18:24::資料來源的型別 String 指定值無法轉換成指定目標資料行的型別 nvarchar。

2021-02-27 15:18:24::資料來源的型別 String 指定值無法轉換成指定目標資料行的型別 nvarchar。

2021-02-27 15:18:26::資料來源的型別 String 指定值無法轉換成指定目標資料行的型別 nvarchar。

2021-02-27 15:18:26::資料來源的型別 String 指定值無法轉換成指定目標資料行的型別 nvarchar。

2021-02-27 15:18:26::資料來源的型別 String 指定值無法轉換成指定目標資料行的型別 nvarchar。

2021-02-27 15:18:26::資料來源的型別 String 指定值無法轉換成指定目標資料行的型別 nvarchar。

2021-02-27 15:18:26::資料來源的型別 String 指定值無法轉換成指定目標資料行的型別 nvarchar。

2021-02-27 15:18:26::資料來源的型別 String 指定值無法轉換成指定目標資料行的型別 nvarchar。

2021-02-27 15:18:27::資料來源的型別 String 指定值無法轉換成指定目標資料行的型別 nvarchar。

2021-02-27 15:18:27::資料來源的型別 String 指定值無法轉換成指定目標資料行的型別 nvarchar。

2021-02-27 15:18:27::資料來源的型別 String 指定值無法轉換成指定目標資料行的型別 nvarchar。

2021-02-27 15:18:27::資料來源的型別 String 指定值無法轉換成指定目標資料行的型別 nvarchar。

2021-02-27 15:18:27::資料來源的型別 String 指定值無法轉換成指定目標資料行的型別 nvarchar。

2021-02-27 15:18:27::資料來源的型別 String 指定值無法轉換成指定目標資料行的型別 nvarchar。

2021-02-27 15:18:27::資料來源的型別 String 指定值無法轉換成指定目標資料行的型別 nvarchar。

2021-02-27 15:18:27::資料來源的型別 String 指定值無法轉換成指定目標資料行的型別 nvarchar。

2021-02-27 15:18:27::資料來源的型別 String 指定值無法轉換成指定目標資料行的型別 nvarchar。

2021-02-27 15:18:27::資料來源的型別 String 指定值無法轉換成指定目標資料行的型別 nvarchar。

2021-02-27 15:18:27::資料來源的型別 String 指定值無法轉換成指定目標資料行的型別 nvarchar。

2021-02-27 15:18:27::資料來源的型別 String 指定值無法轉換成指定目標資料行的型別 nvarchar。

2021-02-27 15:18:28::資料來源的型別 String 指定值無法轉換成指定目標資料行的型別 nvarchar。

2021-02-27 15:18:28::資料來源的型別 String 指定值無法轉換成指定目標資料行的型別 nvarchar。

2021-02-27 15:18:28::資料來源的型別 String 指定值無法轉換成指定目標資料行的型別 nvarchar。

2021-02-27 15:18:28::資料來源的型別 String 指定值無法轉換成指定目標資料行的型別 nvarchar。

2021-02-27 15:18:28::資料來源的型別 String 指定值無法轉換成指定目標資料行的型別 nvarchar。

2021-02-27 15:18:28::資料來源的型別 String 指定值無法轉換成指定目標資料行的型別 nvarchar。

2021-02-27 15:18:28::資料來源的型別 String 指定值無法轉換成指定目標資料行的型別 nvarchar。

2021-02-27 15:18:28::資料來源的型別 String 指定值無法轉換成指定目標資料行的型別 nvarchar。

2021-02-27 15:18:28::資料來源的型別 String 指定值無法轉換成指定目標資料行的型別 nvarchar。

2021-02-27 15:18:28::資料來源的型別 String 指定值無法轉換成指定目標資料行的型別 nvarchar。

2021-02-27 15:18:29::資料來源的型別 String 指定值無法轉換成指定目標資料行的型別 nvarchar。

2021-02-27 15:18:29::資料來源的型別 String 指定值無法轉換成指定目標資料行的型別 nvarchar。

2021-02-27 15:18:29::資料來源的型別 String 指定值無法轉換成指定目標資料行的型別 nvarchar。

2021-02-27 15:18:29::資料來源的型別 String 指定值無法轉換成指定目標資料行的型別 nvarchar。

2021-02-27 15:18:29::資料來源的型別 String 指定值無法轉換成指定目標資料行的型別 nvarchar。

2021-02-27 15:18:29::資料來源的型別 String 指定值無法轉換成指定目標資料行的型別 nvarchar。

2021-02-27 15:18:29::資料來源的型別 String 指定值無法轉換成指定目標資料行的型別 nvarchar。

2021-02-27 15:18:29::資料來源的型別 String 指定值無法轉換成指定目標資料行的型別 nvarchar。

2021-02-27 15:18:30::資料來源的型別 String 指定值無法轉換成指定目標資料行的型別 nvarchar。

2021-02-27 15:18:30::資料來源的型別 String 指定值無法轉換成指定目標資料行的型別 nvarchar。

2021-02-27 15:18:30::資料來源的型別 String 指定值無法轉換成指定目標資料行的型別 nvarchar。

2021-02-27 15:18:30::資料來源的型別 String 指定值無法轉換成指定目標資料行的型別 nvarchar。

2021-02-27 15:18:30::資料來源的型別 String 指定值無法轉換成指定目標資料行的型別 nvarchar。

2021-02-27 15:18:30::資料來源的型別 String 指定值無法轉換成指定目標資料行的型別 nvarchar。

2021-02-27 15:18:30::資料來源的型別 String 指定值無法轉換成指定目標資料行的型別 nvarchar。

2021-02-27 15:18:30::資料來源的型別 String 指定值無法轉換成指定目標資料行的型別 nvarchar。

2021-02-27 15:22:42::資料來源的型別 String 指定值無法轉換成指定目標資料行的型別 nvarchar。

2021-02-27 15:22:42::資料來源的型別 String 指定值無法轉換成指定目標資料行的型別 nvarchar。

2021-02-27 15:22:42::資料來源的型別 String 指定值無法轉換成指定目標資料行的型別 nvarchar。

2021-02-27 15:22:42::資料來源的型別 String 指定值無法轉換成指定目標資料行的型別 nvarchar。

2021-02-27 15:22:42::資料來源的型別 String 指定值無法轉換成指定目標資料行的型別 nvarchar。

2021-02-27 15:22:42::資料來源的型別 String 指定值無法轉換成指定目標資料行的型別 nvarchar。

2021-02-27 15:22:45::資料來源的型別 String 指定值無法轉換成指定目標資料行的型別 nvarchar。

2021-02-27 15:22:45::資料來源的型別 String 指定值無法轉換成指定目標資料行的型別 nvarchar。

2021-02-27 15:22:45::資料來源的型別 String 指定值無法轉換成指定目標資料行的型別 nvarchar。

2021-02-27 15:22:45::資料來源的型別 String 指定值無法轉換成指定目標資料行的型別 nvarchar。

2021-02-27 15:22:45::資料來源的型別 String 指定值無法轉換成指定目標資料行的型別 nvarchar。

2021-02-27 15:22:45::資料來源的型別 String 指定值無法轉換成指定目標資料行的型別 nvarchar。

2021-02-27 15:22:46::資料來源的型別 String 指定值無法轉換成指定目標資料行的型別 nvarchar。

2021-02-27 15:22:46::資料來源的型別 String 指定值無法轉換成指定目標資料行的型別 nvarchar。

2021-02-27 15:22:46::資料來源的型別 String 指定值無法轉換成指定目標資料行的型別 nvarchar。

2021-02-27 15:22:46::資料來源的型別 String 指定值無法轉換成指定目標資料行的型別 nvarchar。

2021-02-27 15:22:46::資料來源的型別 String 指定值無法轉換成指定目標資料行的型別 nvarchar。

2021-02-27 15:22:46::資料來源的型別 String 指定值無法轉換成指定目標資料行的型別 nvarchar。

2021-02-27 15:22:46::資料來源的型別 String 指定值無法轉換成指定目標資料行的型別 nvarchar。

2021-02-27 15:22:46::資料來源的型別 String 指定值無法轉換成指定目標資料行的型別 nvarchar。

2021-02-27 15:22:49::資料來源的型別 String 指定值無法轉換成指定目標資料行的型別 nvarchar。

2021-02-27 15:22:49::資料來源的型別 String 指定值無法轉換成指定目標資料行的型別 nvarchar。

2021-02-27 15:22:50::資料來源的型別 String 指定值無法轉換成指定目標資料行的型別 nvarchar。

2021-02-27 15:22:50::資料來源的型別 String 指定值無法轉換成指定目標資料行的型別 nvarchar。

2021-02-27 15:22:50::資料來源的型別 String 指定值無法轉換成指定目標資料行的型別 nvarchar。

2021-02-27 15:22:50::資料來源的型別 String 指定值無法轉換成指定目標資料行的型別 nvarchar。

2021-02-27 15:22:50::資料來源的型別 String 指定值無法轉換成指定目標資料行的型別 nvarchar。

2021-02-27 15:22:50::資料來源的型別 String 指定值無法轉換成指定目標資料行的型別 nvarchar。

2021-02-27 15:22:50::資料來源的型別 String 指定值無法轉換成指定目標資料行的型別 nvarchar。

2021-02-27 15:22:50::資料來源的型別 String 指定值無法轉換成指定目標資料行的型別 nvarchar。

2021-02-27 15:22:51::資料來源的型別 String 指定值無法轉換成指定目標資料行的型別 nvarchar。

2021-02-27 15:22:51::資料來源的型別 String 指定值無法轉換成指定目標資料行的型別 nvarchar。

2021-02-27 15:22:51::資料來源的型別 String 指定值無法轉換成指定目標資料行的型別 nvarchar。

2021-02-27 15:22:51::資料來源的型別 String 指定值無法轉換成指定目標資料行的型別 nvarchar。

2021-02-27 15:22:51::資料來源的型別 String 指定值無法轉換成指定目標資料行的型別 nvarchar。

2021-02-27 15:22:51::資料來源的型別 String 指定值無法轉換成指定目標資料行的型別 nvarchar。

2021-02-27 15:22:51::資料來源的型別 String 指定值無法轉換成指定目標資料行的型別 nvarchar。

2021-02-27 15:22:51::資料來源的型別 String 指定值無法轉換成指定目標資料行的型別 nvarchar。

2021-02-27 15:22:52::資料來源的型別 String 指定值無法轉換成指定目標資料行的型別 nvarchar。

2021-02-27 15:22:52::資料來源的型別 String 指定值無法轉換成指定目標資料行的型別 nvarchar。

2021-02-27 15:22:52::資料來源的型別 String 指定值無法轉換成指定目標資料行的型別 nvarchar。

2021-02-27 15:22:52::資料來源的型別 String 指定值無法轉換成指定目標資料行的型別 nvarchar。

2021-02-27 15:22:52::資料來源的型別 String 指定值無法轉換成指定目標資料行的型別 nvarchar。

2021-02-27 15:22:52::資料來源的型別 String 指定值無法轉換成指定目標資料行的型別 nvarchar。

2021-02-27 15:22:52::資料來源的型別 String 指定值無法轉換成指定目標資料行的型別 nvarchar。

2021-02-27 15:22:52::資料來源的型別 String 指定值無法轉換成指定目標資料行的型別 nvarchar。

2021-02-27 15:22:52::資料來源的型別 String 指定值無法轉換成指定目標資料行的型別 nvarchar。

2021-02-27 15:22:52::資料來源的型別 String 指定值無法轉換成指定目標資料行的型別 nvarchar。

2021-02-27 15:22:53::資料來源的型別 String 指定值無法轉換成指定目標資料行的型別 nvarchar。

2021-02-27 15:22:53::資料來源的型別 String 指定值無法轉換成指定目標資料行的型別 nvarchar。

2021-02-27 16:25:06::資料來源的型別 String 指定值無法轉換成指定目標資料行的型別 nvarchar。

2021-02-27 16:25:06::資料來源的型別 String 指定值無法轉換成指定目標資料行的型別 nvarchar。

2021-02-27 16:25:07::資料來源的型別 String 指定值無法轉換成指定目標資料行的型別 nvarchar。

2021-02-27 16:25:07::資料來源的型別 String 指定值無法轉換成指定目標資料行的型別 nvarchar。

2021-02-27 16:25:08::資料來源的型別 String 指定值無法轉換成指定目標資料行的型別 nvarchar。

2021-02-27 16:25:08::資料來源的型別 String 指定值無法轉換成指定目標資料行的型別 nvarchar。

2021-02-27 16:25:24::資料來源的型別 String 指定值無法轉換成指定目標資料行的型別 nvarchar。

2021-02-27 16:25:24::資料來源的型別 String 指定值無法轉換成指定目標資料行的型別 nvarchar。

2021-02-27 16:25:24::資料來源的型別 String 指定值無法轉換成指定目標資料行的型別 nvarchar。

2021-02-27 16:25:24::資料來源的型別 String 指定值無法轉換成指定目標資料行的型別 nvarchar。

2021-02-27 16:25:24::資料來源的型別 String 指定值無法轉換成指定目標資料行的型別 nvarchar。

2021-02-27 16:25:24::資料來源的型別 String 指定值無法轉換成指定目標資料行的型別 nvarchar。

2021-02-27 16:25:25::資料來源的型別 String 指定值無法轉換成指定目標資料行的型別 nvarchar。

2021-02-27 16:25:25::資料來源的型別 String 指定值無法轉換成指定目標資料行的型別 nvarchar。

2021-02-27 16:25:25::資料來源的型別 String 指定值無法轉換成指定目標資料行的型別 nvarchar。

2021-02-27 16:25:25::資料來源的型別 String 指定值無法轉換成指定目標資料行的型別 nvarchar。

2021-02-27 16:25:25::資料來源的型別 String 指定值無法轉換成指定目標資料行的型別 nvarchar。

2021-02-27 16:25:25::資料來源的型別 String 指定值無法轉換成指定目標資料行的型別 nvarchar。

2021-02-27 16:25:25::資料來源的型別 String 指定值無法轉換成指定目標資料行的型別 nvarchar。

2021-02-27 16:25:25::資料來源的型別 String 指定值無法轉換成指定目標資料行的型別 nvarchar。

2021-02-27 16:25:25::資料來源的型別 String 指定值無法轉換成指定目標資料行的型別 nvarchar。

2021-02-27 16:25:25::資料來源的型別 String 指定值無法轉換成指定目標資料行的型別 nvarchar。

2021-02-27 16:25:25::資料來源的型別 String 指定值無法轉換成指定目標資料行的型別 nvarchar。

2021-02-27 16:25:25::資料來源的型別 String 指定值無法轉換成指定目標資料行的型別 nvarchar。

2021-02-27 16:25:25::資料來源的型別 String 指定值無法轉換成指定目標資料行的型別 nvarchar。

2021-02-27 16:25:25::資料來源的型別 String 指定值無法轉換成指定目標資料行的型別 nvarchar。

2021-02-27 16:25:25::資料來源的型別 String 指定值無法轉換成指定目標資料行的型別 nvarchar。

2021-02-27 16:25:25::資料來源的型別 String 指定值無法轉換成指定目標資料行的型別 nvarchar。

2021-02-27 16:25:25::已經開啟一個與這個 Command 相關的 DataReader，必須先將它關閉。

2021-02-27 16:25:25::並未將物件參考設定為物件的執行個體。

2021-02-27 16:25:25::並未將物件參考設定為物件的執行個體。

2021-02-27 16:25:26::ExecuteReader 必須有開啟與可用的 Connection。連接目前的狀態為開啟。

2021-02-27 16:25:26::並未將物件參考設定為物件的執行個體。

2021-02-27 16:25:26::ExecuteReader 必須有開啟與可用的 Connection。連接目前的狀態為開啟。

2021-02-27 16:25:26::並未將物件參考設定為物件的執行個體。

2021-02-27 16:25:26::ExecuteReader 必須有開啟與可用的 Connection。連接目前的狀態為開啟。

2021-02-27 16:25:26::並未將物件參考設定為物件的執行個體。

2021-02-27 16:25:26::ExecuteReader 必須有開啟與可用的 Connection。連接目前的狀態為開啟。

2021-02-27 16:25:26::並未將物件參考設定為物件的執行個體。

2021-02-27 16:25:27::ExecuteReader 必須有開啟與可用的 Connection。連接目前的狀態為開啟。

2021-02-27 16:25:27::並未將物件參考設定為物件的執行個體。

2021-02-27 16:25:30::ExecuteReader 必須有開啟與可用的 Connection。連接目前的狀態為開啟。

2021-02-27 16:25:30::並未將物件參考設定為物件的執行個體。

2021-02-27 16:25:30::ExecuteReader 必須有開啟與可用的 Connection。連接目前的狀態為開啟。

2021-02-27 16:25:30::並未將物件參考設定為物件的執行個體。

2021-02-27 16:25:30::ExecuteReader 必須有開啟與可用的 Connection。連接目前的狀態為開啟。

2021-02-27 16:25:30::並未將物件參考設定為物件的執行個體。

2021-02-27 16:25:31::ExecuteReader 必須有開啟與可用的 Connection。連接目前的狀態為開啟。

2021-02-27 16:25:31::並未將物件參考設定為物件的執行個體。

2021-02-27 16:25:31::ExecuteReader 必須有開啟與可用的 Connection。連接目前的狀態為開啟。

2021-02-27 16:25:31::並未將物件參考設定為物件的執行個體。

2021-02-27 16:25:31::ExecuteReader 必須有開啟與可用的 Connection。連接目前的狀態為開啟。

2021-02-27 16:25:31::並未將物件參考設定為物件的執行個體。

2021-02-27 16:25:35::ExecuteReader 必須有開啟與可用的 Connection。連接目前的狀態為開啟。

2021-02-27 16:25:35::並未將物件參考設定為物件的執行個體。

2021-02-27 16:25:36::ExecuteReader 必須有開啟與可用的 Connection。連接目前的狀態為開啟。

2021-02-27 16:25:36::並未將物件參考設定為物件的執行個體。

2021-02-27 16:25:43::ExecuteReader 必須有開啟與可用的 Connection。連接目前的狀態為開啟。

2021-02-27 16:25:43::並未將物件參考設定為物件的執行個體。

2021-02-27 16:25:44::ExecuteReader 必須有開啟與可用的 Connection。連接目前的狀態為開啟。

2021-02-27 16:25:44::並未將物件參考設定為物件的執行個體。

2021-02-27 16:25:44::ExecuteReader 必須有開啟與可用的 Connection。連接目前的狀態為開啟。

2021-02-27 16:25:44::並未將物件參考設定為物件的執行個體。

2021-02-27 16:25:44::ExecuteReader 必須有開啟與可用的 Connection。連接目前的狀態為開啟。

2021-02-27 16:25:44::並未將物件參考設定為物件的執行個體。

2021-02-27 16:25:44::ExecuteReader 必須有開啟與可用的 Connection。連接目前的狀態為開啟。

2021-02-27 16:25:44::並未將物件參考設定為物件的執行個體。

2021-02-27 16:25:44::ExecuteReader 必須有開啟與可用的 Connection。連接目前的狀態為開啟。

2021-02-27 16:25:44::並未將物件參考設定為物件的執行個體。

2021-02-27 16:25:44::ExecuteReader 必須有開啟與可用的 Connection。連接目前的狀態為開啟。

2021-02-27 16:25:44::並未將物件參考設定為物件的執行個體。

2021-02-27 16:25:44::ExecuteReader 必須有開啟與可用的 Connection。連接目前的狀態為開啟。

2021-02-27 16:25:44::並未將物件參考設定為物件的執行個體。

2021-02-27 16:25:44::ExecuteReader 必須有開啟與可用的 Connection。連接目前的狀態為開啟。

2021-02-27 16:25:44::並未將物件參考設定為物件的執行個體。

2021-02-27 16:25:44::ExecuteReader 必須有開啟與可用的 Connection。連接目前的狀態為開啟。

2021-02-27 16:25:44::並未將物件參考設定為物件的執行個體。

2021-02-27 16:25:44::ExecuteReader 必須有開啟與可用的 Connection。連接目前的狀態為開啟。

2021-02-27 16:25:44::並未將物件參考設定為物件的執行個體。

2021-02-27 16:25:44::ExecuteReader 必須有開啟與可用的 Connection。連接目前的狀態為開啟。

2021-02-27 16:25:44::並未將物件參考設定為物件的執行個體。

2021-02-27 16:25:44::ExecuteReader 必須有開啟與可用的 Connection。連接目前的狀態為開啟。

2021-02-27 16:25:44::並未將物件參考設定為物件的執行個體。

2021-02-27 16:25:44::ExecuteReader 必須有開啟與可用的 Connection。連接目前的狀態為開啟。

2021-02-27 16:25:44::並未將物件參考設定為物件的執行個體。

2021-02-27 16:25:55::並未將物件參考設定為物件的執行個體。

2021-02-27 16:25:55::資料來源的型別 String 指定值無法轉換成指定目標資料行的型別 nvarchar。

2021-02-27 16:25:55::資料來源的型別 String 指定值無法轉換成指定目標資料行的型別 nvarchar。

2021-02-27 17:58:08::資料來源的型別 String 指定值無法轉換成指定目標資料行的型別 nvarchar。

2021-02-27 17:58:08::資料來源的型別 String 指定值無法轉換成指定目標資料行的型別 nvarchar。

2021-02-27 17:58:08::資料來源的型別 String 指定值無法轉換成指定目標資料行的型別 nvarchar。

2021-02-27 17:58:08::資料來源的型別 String 指定值無法轉換成指定目標資料行的型別 nvarchar。

2021-02-27 17:58:08::資料來源的型別 String 指定值無法轉換成指定目標資料行的型別 nvarchar。

2021-02-27 17:58:08::資料來源的型別 String 指定值無法轉換成指定目標資料行的型別 nvarchar。

2021-02-27 17:58:09::資料來源的型別 String 指定值無法轉換成指定目標資料行的型別 nvarchar。

2021-02-27 17:58:09::資料來源的型別 String 指定值無法轉換成指定目標資料行的型別 nvarchar。

2021-02-27 17:58:09::資料來源的型別 String 指定值無法轉換成指定目標資料行的型別 nvarchar。

2021-02-27 17:58:09::資料來源的型別 String 指定值無法轉換成指定目標資料行的型別 nvarchar。

2021-02-27 17:58:09::資料來源的型別 String 指定值無法轉換成指定目標資料行的型別 nvarchar。

2021-02-27 17:58:09::資料來源的型別 String 指定值無法轉換成指定目標資料行的型別 nvarchar。

2021-02-27 17:58:09::資料來源的型別 String 指定值無法轉換成指定目標資料行的型別 nvarchar。

2021-02-27 17:58:09::資料來源的型別 String 指定值無法轉換成指定目標資料行的型別 nvarchar。

2021-02-27 17:58:09::資料來源的型別 String 指定值無法轉換成指定目標資料行的型別 nvarchar。

2021-02-27 17:58:09::資料來源的型別 String 指定值無法轉換成指定目標資料行的型別 nvarchar。

2021-02-27 17:58:10::資料來源的型別 String 指定值無法轉換成指定目標資料行的型別 nvarchar。

2021-02-27 17:58:10::資料來源的型別 String 指定值無法轉換成指定目標資料行的型別 nvarchar。

2021-02-27 17:58:11::資料來源的型別 String 指定值無法轉換成指定目標資料行的型別 nvarchar。

2021-02-27 17:58:11::資料來源的型別 String 指定值無法轉換成指定目標資料行的型別 nvarchar。

2021-02-27 17:58:12::資料來源的型別 String 指定值無法轉換成指定目標資料行的型別 nvarchar。

2021-02-27 17:58:12::資料來源的型別 String 指定值無法轉換成指定目標資料行的型別 nvarchar。

2021-02-27 17:58:12::資料來源的型別 String 指定值無法轉換成指定目標資料行的型別 nvarchar。

2021-02-27 17:58:12::資料來源的型別 String 指定值無法轉換成指定目標資料行的型別 nvarchar。

2021-02-27 17:58:12::資料來源的型別 String 指定值無法轉換成指定目標資料行的型別 nvarchar。

2021-02-27 17:58:12::資料來源的型別 String 指定值無法轉換成指定目標資料行的型別 nvarchar。

2021-02-27 17:58:12::資料來源的型別 String 指定值無法轉換成指定目標資料行的型別 nvarchar。

2021-02-27 17:58:13::資料來源的型別 String 指定值無法轉換成指定目標資料行的型別 nvarchar。

2021-02-27 17:58:13::資料來源的型別 String 指定值無法轉換成指定目標資料行的型別 nvarchar。

2021-02-27 17:58:13::資料來源的型別 String 指定值無法轉換成指定目標資料行的型別 nvarchar。

2021-02-27 17:58:13::資料來源的型別 String 指定值無法轉換成指定目標資料行的型別 nvarchar。

2021-02-27 17:58:13::資料來源的型別 String 指定值無法轉換成指定目標資料行的型別 nvarchar。

2021-02-27 17:58:18::資料來源的型別 String 指定值無法轉換成指定目標資料行的型別 nvarchar。

2021-02-27 17:58:18::資料來源的型別 String 指定值無法轉換成指定目標資料行的型別 nvarchar。

2021-02-27 17:58:18::資料來源的型別 String 指定值無法轉換成指定目標資料行的型別 nvarchar。

2021-02-27 17:58:18::資料來源的型別 String 指定值無法轉換成指定目標資料行的型別 nvarchar。

2021-02-27 17:58:19::資料來源的型別 String 指定值無法轉換成指定目標資料行的型別 nvarchar。

2021-02-27 17:58:19::資料來源的型別 String 指定值無法轉換成指定目標資料行的型別 nvarchar。

2021-02-27 17:58:19::資料來源的型別 String 指定值無法轉換成指定目標資料行的型別 nvarchar。

2021-02-27 17:58:19::資料來源的型別 String 指定值無法轉換成指定目標資料行的型別 nvarchar。

2021-02-27 17:58:20::資料來源的型別 String 指定值無法轉換成指定目標資料行的型別 nvarchar。

2021-02-27 17:58:20::資料來源的型別 String 指定值無法轉換成指定目標資料行的型別 nvarchar。

2021-02-27 17:58:20::資料來源的型別 String 指定值無法轉換成指定目標資料行的型別 nvarchar。

2021-02-27 17:58:20::資料來源的型別 String 指定值無法轉換成指定目標資料行的型別 nvarchar。

2021-02-27 17:58:20::資料來源的型別 String 指定值無法轉換成指定目標資料行的型別 nvarchar。

2021-02-27 17:58:20::資料來源的型別 String 指定值無法轉換成指定目標資料行的型別 nvarchar。

2021-02-27 17:58:21::資料來源的型別 String 指定值無法轉換成指定目標資料行的型別 nvarchar。

2021-02-27 17:58:21::資料來源的型別 String 指定值無法轉換成指定目標資料行的型別 nvarchar。

2021-02-27 17:58:21::資料來源的型別 String 指定值無法轉換成指定目標資料行的型別 nvarchar。

2021-02-27 17:58:21::資料來源的型別 String 指定值無法轉換成指定目標資料行的型別 nvarchar。

2021-02-27 17:58:21::資料來源的型別 String 指定值無法轉換成指定目標資料行的型別 nvarchar。

2021-02-27 17:58:21::資料來源的型別 String 指定值無法轉換成指定目標資料行的型別 nvarchar。

2021-02-27 17:58:21::資料來源的型別 String 指定值無法轉換成指定目標資料行的型別 nvarchar。

2021-02-27 17:58:21::資料來源的型別 String 指定值無法轉換成指定目標資料行的型別 nvarchar。

2021-02-27 17:58:21::資料來源的型別 String 指定值無法轉換成指定目標資料行的型別 nvarchar。

2021-02-27 17:58:21::資料來源的型別 String 指定值無法轉換成指定目標資料行的型別 nvarchar。

2021-02-27 17:58:22::資料來源的型別 String 指定值無法轉換成指定目標資料行的型別 nvarchar。

2021-02-27 17:58:22::資料來源的型別 String 指定值無法轉換成指定目標資料行的型別 nvarchar。

2021-02-27 17:58:22::資料來源的型別 String 指定值無法轉換成指定目標資料行的型別 nvarchar。

2021-02-27 17:58:22::資料來源的型別 String 指定值無法轉換成指定目標資料行的型別 nvarchar。

2021-02-27 17:58:22::資料來源的型別 String 指定值無法轉換成指定目標資料行的型別 nvarchar。

2021-02-27 17:58:22::資料來源的型別 String 指定值無法轉換成指定目標資料行的型別 nvarchar。

2021-02-27 17:58:22::資料來源的型別 String 指定值無法轉換成指定目標資料行的型別 nvarchar。

2021-02-27 17:58:22::資料來源的型別 String 指定值無法轉換成指定目標資料行的型別 nvarchar。

2021-02-27 17:58:23::資料來源的型別 String 指定值無法轉換成指定目標資料行的型別 nvarchar。

2021-02-27 17:58:23::資料來源的型別 String 指定值無法轉換成指定目標資料行的型別 nvarchar。

2021-02-27 17:58:23::資料來源的型別 String 指定值無法轉換成指定目標資料行的型別 nvarchar。

2021-02-27 17:58:23::資料來源的型別 String 指定值無法轉換成指定目標資料行的型別 nvarchar。

2021-02-27 17:58:23::資料來源的型別 String 指定值無法轉換成指定目標資料行的型別 nvarchar。

2021-02-27 17:58:23::資料來源的型別 String 指定值無法轉換成指定目標資料行的型別 nvarchar。

2021-02-27 17:58:23::資料來源的型別 String 指定值無法轉換成指定目標資料行的型別 nvarchar。

2021-02-27 17:58:23::資料來源的型別 String 指定值無法轉換成指定目標資料行的型別 nvarchar。

2021-02-27 17:58:23::資料來源的型別 String 指定值無法轉換成指定目標資料行的型別 nvarchar。

2021-02-27 17:58:23::資料來源的型別 String 指定值無法轉換成指定目標資料行的型別 nvarchar。

2021-02-27 17:58:24::資料來源的型別 String 指定值無法轉換成指定目標資料行的型別 nvarchar。

2021-02-27 17:58:24::資料來源的型別 String 指定值無法轉換成指定目標資料行的型別 nvarchar。

2021-02-27 17:58:24::資料來源的型別 String 指定值無法轉換成指定目標資料行的型別 nvarchar。

2021-02-27 17:58:24::資料來源的型別 String 指定值無法轉換成指定目標資料行的型別 nvarchar。

2021-02-27 17:58:24::資料來源的型別 String 指定值無法轉換成指定目標資料行的型別 nvarchar。

2021-02-27 17:58:24::資料來源的型別 String 指定值無法轉換成指定目標資料行的型別 nvarchar。

2021-02-27 17:58:25::資料來源的型別 String 指定值無法轉換成指定目標資料行的型別 nvarchar。

2021-02-27 17:58:25::資料來源的型別 String 指定值無法轉換成指定目標資料行的型別 nvarchar。

2021-02-27 17:58:25::資料來源的型別 String 指定值無法轉換成指定目標資料行的型別 nvarchar。

2021-02-27 17:58:25::資料來源的型別 String 指定值無法轉換成指定目標資料行的型別 nvarchar。

2021-02-27 17:58:25::資料來源的型別 String 指定值無法轉換成指定目標資料行的型別 nvarchar。

2021-02-27 17:58:25::資料來源的型別 String 指定值無法轉換成指定目標資料行的型別 nvarchar。

2021-02-27 17:58:46::資料來源的型別 String 指定值無法轉換成指定目標資料行的型別 nvarchar。

2021-02-27 17:58:46::資料來源的型別 String 指定值無法轉換成指定目標資料行的型別 nvarchar。

2021-02-27 17:58:47::資料來源的型別 String 指定值無法轉換成指定目標資料行的型別 nvarchar。

2021-02-27 17:58:47::資料來源的型別 String 指定值無法轉換成指定目標資料行的型別 nvarchar。

2021-02-27 18:00:43::資料來源的型別 String 指定值無法轉換成指定目標資料行的型別 nvarchar。

2021-02-27 18:00:43::資料來源的型別 String 指定值無法轉換成指定目標資料行的型別 nvarchar。

2021-02-27 18:00:44::資料來源的型別 String 指定值無法轉換成指定目標資料行的型別 nvarchar。

2021-02-27 18:00:44::資料來源的型別 String 指定值無法轉換成指定目標資料行的型別 nvarchar。

2021-02-27 18:01:50::資料來源的型別 String 指定值無法轉換成指定目標資料行的型別 nvarchar。

2021-02-27 18:01:50::資料來源的型別 String 指定值無法轉換成指定目標資料行的型別 nvarchar。

2021-02-27 18:01:51::資料來源的型別 String 指定值無法轉換成指定目標資料行的型別 nvarchar。

2021-02-27 18:01:51::資料來源的型別 String 指定值無法轉換成指定目標資料行的型別 nvarchar。

2021-02-27 18:01:51::資料來源的型別 String 指定值無法轉換成指定目標資料行的型別 nvarchar。

2021-02-27 18:01:51::資料來源的型別 String 指定值無法轉換成指定目標資料行的型別 nvarchar。

2021-02-27 18:01:52::資料來源的型別 String 指定值無法轉換成指定目標資料行的型別 nvarchar。

2021-02-27 18:01:52::資料來源的型別 String 指定值無法轉換成指定目標資料行的型別 nvarchar。

2021-02-27 18:01:52::資料來源的型別 String 指定值無法轉換成指定目標資料行的型別 nvarchar。

2021-02-27 18:01:52::資料來源的型別 String 指定值無法轉換成指定目標資料行的型別 nvarchar。

2021-02-27 18:01:53::資料來源的型別 String 指定值無法轉換成指定目標資料行的型別 nvarchar。

2021-02-27 18:01:53::資料來源的型別 String 指定值無法轉換成指定目標資料行的型別 nvarchar。

2021-02-27 18:01:55::資料來源的型別 String 指定值無法轉換成指定目標資料行的型別 nvarchar。

2021-02-27 18:01:55::資料來源的型別 String 指定值無法轉換成指定目標資料行的型別 nvarchar。

2021-02-27 18:01:55::資料來源的型別 String 指定值無法轉換成指定目標資料行的型別 nvarchar。

2021-02-27 18:01:55::資料來源的型別 String 指定值無法轉換成指定目標資料行的型別 nvarchar。

2021-02-27 18:01:55::資料來源的型別 String 指定值無法轉換成指定目標資料行的型別 nvarchar。

2021-02-27 18:01:55::資料來源的型別 String 指定值無法轉換成指定目標資料行的型別 nvarchar。

2021-02-27 18:03:02::資料來源的型別 String 指定值無法轉換成指定目標資料行的型別 nvarchar。

2021-02-27 18:03:02::資料來源的型別 String 指定值無法轉換成指定目標資料行的型別 nvarchar。

2021-02-27 18:03:03::資料來源的型別 String 指定值無法轉換成指定目標資料行的型別 nvarchar。

2021-02-27 18:03:03::資料來源的型別 String 指定值無法轉換成指定目標資料行的型別 nvarchar。

2021-02-27 18:03:03::資料來源的型別 String 指定值無法轉換成指定目標資料行的型別 nvarchar。

2021-02-27 18:03:03::資料來源的型別 String 指定值無法轉換成指定目標資料行的型別 nvarchar。

2021-02-27 18:03:03::資料來源的型別 String 指定值無法轉換成指定目標資料行的型別 nvarchar。

2021-02-27 18:03:03::資料來源的型別 String 指定值無法轉換成指定目標資料行的型別 nvarchar。

2021-02-27 18:03:04::資料來源的型別 String 指定值無法轉換成指定目標資料行的型別 nvarchar。

2021-02-27 18:03:04::資料來源的型別 String 指定值無法轉換成指定目標資料行的型別 nvarchar。

2021-02-27 18:03:04::資料來源的型別 String 指定值無法轉換成指定目標資料行的型別 nvarchar。

2021-02-27 18:03:04::資料來源的型別 String 指定值無法轉換成指定目標資料行的型別 nvarchar。

2021-02-27 18:03:04::資料來源的型別 String 指定值無法轉換成指定目標資料行的型別 nvarchar。

2021-02-27 18:03:04::資料來源的型別 String 指定值無法轉換成指定目標資料行的型別 nvarchar。

2021-02-27 18:03:04::資料來源的型別 String 指定值無法轉換成指定目標資料行的型別 nvarchar。

2021-02-27 18:03:04::資料來源的型別 String 指定值無法轉換成指定目標資料行的型別 nvarchar。

2021-02-27 18:03:05::資料來源的型別 String 指定值無法轉換成指定目標資料行的型別 nvarchar。

2021-02-27 18:03:05::資料來源的型別 String 指定值無法轉換成指定目標資料行的型別 nvarchar。

2021-02-27 18:03:05::資料來源的型別 String 指定值無法轉換成指定目標資料行的型別 nvarchar。

2021-02-27 18:03:05::資料來源的型別 String 指定值無法轉換成指定目標資料行的型別 nvarchar。

2021-02-27 18:03:06::資料來源的型別 String 指定值無法轉換成指定目標資料行的型別 nvarchar。

2021-02-27 18:03:06::資料來源的型別 String 指定值無法轉換成指定目標資料行的型別 nvarchar。

2021-02-27 18:03:06::資料來源的型別 String 指定值無法轉換成指定目標資料行的型別 nvarchar。

2021-02-27 18:03:06::資料來源的型別 String 指定值無法轉換成指定目標資料行的型別 nvarchar。

2021-02-27 18:03:07::資料來源的型別 String 指定值無法轉換成指定目標資料行的型別 nvarchar。

2021-02-27 18:03:07::資料來源的型別 String 指定值無法轉換成指定目標資料行的型別 nvarchar。

2021-02-27 18:03:07::資料來源的型別 String 指定值無法轉換成指定目標資料行的型別 nvarchar。

2021-02-27 18:03:07::資料來源的型別 String 指定值無法轉換成指定目標資料行的型別 nvarchar。

2021-02-27 18:03:07::資料來源的型別 String 指定值無法轉換成指定目標資料行的型別 nvarchar。

2021-02-27 18:03:07::資料來源的型別 String 指定值無法轉換成指定目標資料行的型別 nvarchar。

2021-02-27 18:03:07::資料來源的型別 String 指定值無法轉換成指定目標資料行的型別 nvarchar。

2021-02-27 18:03:07::資料來源的型別 String 指定值無法轉換成指定目標資料行的型別 nvarchar。

2021-02-27 18:03:07::資料來源的型別 String 指定值無法轉換成指定目標資料行的型別 nvarchar。

2021-02-27 18:03:07::資料來源的型別 String 指定值無法轉換成指定目標資料行的型別 nvarchar。

2021-02-27 18:03:13::資料來源的型別 String 指定值無法轉換成指定目標資料行的型別 nvarchar。

2021-02-27 18:03:13::資料來源的型別 String 指定值無法轉換成指定目標資料行的型別 nvarchar。

2021-02-27 18:03:13::資料來源的型別 String 指定值無法轉換成指定目標資料行的型別 nvarchar。

2021-02-27 18:03:13::資料來源的型別 String 指定值無法轉換成指定目標資料行的型別 nvarchar。

2021-02-27 18:03:14::資料來源的型別 String 指定值無法轉換成指定目標資料行的型別 nvarchar。

2021-02-27 18:03:14::資料來源的型別 String 指定值無法轉換成指定目標資料行的型別 nvarchar。

2021-02-27 18:03:14::資料來源的型別 String 指定值無法轉換成指定目標資料行的型別 nvarchar。

2021-02-27 18:03:14::資料來源的型別 String 指定值無法轉換成指定目標資料行的型別 nvarchar。

2021-02-27 18:03:14::資料來源的型別 String 指定值無法轉換成指定目標資料行的型別 nvarchar。

2021-02-27 18:03:14::資料來源的型別 String 指定值無法轉換成指定目標資料行的型別 nvarchar。

2021-02-27 18:03:14::資料來源的型別 String 指定值無法轉換成指定目標資料行的型別 nvarchar。

2021-02-27 18:03:14::資料來源的型別 String 指定值無法轉換成指定目標資料行的型別 nvarchar。

2021-02-27 18:03:15::資料來源的型別 String 指定值無法轉換成指定目標資料行的型別 nvarchar。

2021-02-27 18:03:15::資料來源的型別 String 指定值無法轉換成指定目標資料行的型別 nvarchar。

2021-02-27 18:03:15::資料來源的型別 String 指定值無法轉換成指定目標資料行的型別 nvarchar。

2021-02-27 18:03:15::資料來源的型別 String 指定值無法轉換成指定目標資料行的型別 nvarchar。

2021-02-27 18:03:15::資料來源的型別 String 指定值無法轉換成指定目標資料行的型別 nvarchar。

2021-02-27 18:03:15::資料來源的型別 String 指定值無法轉換成指定目標資料行的型別 nvarchar。

2021-02-27 18:03:15::資料來源的型別 String 指定值無法轉換成指定目標資料行的型別 nvarchar。

2021-02-27 18:03:15::資料來源的型別 String 指定值無法轉換成指定目標資料行的型別 nvarchar。

2021-02-27 18:03:15::資料來源的型別 String 指定值無法轉換成指定目標資料行的型別 nvarchar。

2021-02-27 18:03:15::資料來源的型別 String 指定值無法轉換成指定目標資料行的型別 nvarchar。

2021-02-27 18:03:15::資料來源的型別 String 指定值無法轉換成指定目標資料行的型別 nvarchar。

2021-02-27 18:03:15::資料來源的型別 String 指定值無法轉換成指定目標資料行的型別 nvarchar。

2021-02-27 18:03:16::資料來源的型別 String 指定值無法轉換成指定目標資料行的型別 nvarchar。

2021-02-27 18:03:16::資料來源的型別 String 指定值無法轉換成指定目標資料行的型別 nvarchar。

2021-02-27 18:03:16::資料來源的型別 String 指定值無法轉換成指定目標資料行的型別 nvarchar。

2021-02-27 18:03:16::資料來源的型別 String 指定值無法轉換成指定目標資料行的型別 nvarchar。

2021-02-27 18:03:16::資料來源的型別 String 指定值無法轉換成指定目標資料行的型別 nvarchar。

2021-02-27 18:03:16::資料來源的型別 String 指定值無法轉換成指定目標資料行的型別 nvarchar。

2021-02-27 18:03:16::資料來源的型別 String 指定值無法轉換成指定目標資料行的型別 nvarchar。

2021-02-27 18:03:16::資料來源的型別 String 指定值無法轉換成指定目標資料行的型別 nvarchar。

2021-02-27 18:03:16::資料來源的型別 String 指定值無法轉換成指定目標資料行的型別 nvarchar。

2021-02-27 18:03:16::資料來源的型別 String 指定值無法轉換成指定目標資料行的型別 nvarchar。

2021-02-27 18:03:17::資料來源的型別 String 指定值無法轉換成指定目標資料行的型別 nvarchar。

2021-02-27 18:03:17::資料來源的型別 String 指定值無法轉換成指定目標資料行的型別 nvarchar。

2021-02-27 18:03:17::資料來源的型別 String 指定值無法轉換成指定目標資料行的型別 nvarchar。

2021-02-27 18:03:17::資料來源的型別 String 指定值無法轉換成指定目標資料行的型別 nvarchar。

2021-02-27 18:03:17::資料來源的型別 String 指定值無法轉換成指定目標資料行的型別 nvarchar。

2021-02-27 18:03:17::資料來源的型別 String 指定值無法轉換成指定目標資料行的型別 nvarchar。

2021-02-27 18:03:17::資料來源的型別 String 指定值無法轉換成指定目標資料行的型別 nvarchar。

2021-02-27 18:03:17::資料來源的型別 String 指定值無法轉換成指定目標資料行的型別 nvarchar。

2021-02-27 18:03:17::資料來源的型別 String 指定值無法轉換成指定目標資料行的型別 nvarchar。

2021-02-27 18:03:17::資料來源的型別 String 指定值無法轉換成指定目標資料行的型別 nvarchar。

2021-02-27 18:03:18::資料來源的型別 String 指定值無法轉換成指定目標資料行的型別 nvarchar。

2021-02-27 18:03:18::資料來源的型別 String 指定值無法轉換成指定目標資料行的型別 nvarchar。

2021-02-27 18:03:18::資料來源的型別 String 指定值無法轉換成指定目標資料行的型別 nvarchar。

2021-02-27 18:03:18::資料來源的型別 String 指定值無法轉換成指定目標資料行的型別 nvarchar。

2021-02-27 18:03:18::資料來源的型別 String 指定值無法轉換成指定目標資料行的型別 nvarchar。

2021-02-27 18:03:18::資料來源的型別 String 指定值無法轉換成指定目標資料行的型別 nvarchar。

2021-02-27 18:03:18::資料來源的型別 String 指定值無法轉換成指定目標資料行的型別 nvarchar。

2021-02-27 18:03:18::資料來源的型別 String 指定值無法轉換成指定目標資料行的型別 nvarchar。

2021-02-27 18:03:18::資料來源的型別 String 指定值無法轉換成指定目標資料行的型別 nvarchar。

2021-02-27 18:03:18::資料來源的型別 String 指定值無法轉換成指定目標資料行的型別 nvarchar。

2021-02-27 18:03:18::資料來源的型別 String 指定值無法轉換成指定目標資料行的型別 nvarchar。

2021-02-27 18:03:18::資料來源的型別 String 指定值無法轉換成指定目標資料行的型別 nvarchar。

2021-02-27 18:03:19::資料來源的型別 String 指定值無法轉換成指定目標資料行的型別 nvarchar。

2021-02-27 18:03:19::資料來源的型別 String 指定值無法轉換成指定目標資料行的型別 nvarchar。

2021-02-27 18:03:22::資料來源的型別 String 指定值無法轉換成指定目標資料行的型別 nvarchar。

2021-02-27 18:03:22::資料來源的型別 String 指定值無法轉換成指定目標資料行的型別 nvarchar。

2021-02-27 18:03:22::資料來源的型別 String 指定值無法轉換成指定目標資料行的型別 nvarchar。

2021-02-27 18:03:22::資料來源的型別 String 指定值無法轉換成指定目標資料行的型別 nvarchar。

2021-02-27 18:03:22::資料來源的型別 String 指定值無法轉換成指定目標資料行的型別 nvarchar。

2021-02-27 18:03:22::資料來源的型別 String 指定值無法轉換成指定目標資料行的型別 nvarchar。

2021-02-27 18:03:23::資料來源的型別 String 指定值無法轉換成指定目標資料行的型別 nvarchar。

2021-02-27 18:03:23::資料來源的型別 String 指定值無法轉換成指定目標資料行的型別 nvarchar。

2021-02-27 18:03:23::資料來源的型別 String 指定值無法轉換成指定目標資料行的型別 nvarchar。

2021-02-27 18:03:23::資料來源的型別 String 指定值無法轉換成指定目標資料行的型別 nvarchar。

2021-02-27 18:03:23::資料來源的型別 String 指定值無法轉換成指定目標資料行的型別 nvarchar。

2021-02-27 18:03:23::資料來源的型別 String 指定值無法轉換成指定目標資料行的型別 nvarchar。

2021-02-27 18:03:23::資料來源的型別 String 指定值無法轉換成指定目標資料行的型別 nvarchar。

2021-02-27 18:03:23::資料來源的型別 String 指定值無法轉換成指定目標資料行的型別 nvarchar。

2021-02-27 18:03:23::資料來源的型別 String 指定值無法轉換成指定目標資料行的型別 nvarchar。

2021-02-27 18:03:23::資料來源的型別 String 指定值無法轉換成指定目標資料行的型別 nvarchar。

2021-02-27 18:03:24::資料來源的型別 String 指定值無法轉換成指定目標資料行的型別 nvarchar。

2021-02-27 18:03:24::資料來源的型別 String 指定值無法轉換成指定目標資料行的型別 nvarchar。

2021-02-27 18:03:24::資料來源的型別 String 指定值無法轉換成指定目標資料行的型別 nvarchar。

2021-02-27 18:03:24::資料來源的型別 String 指定值無法轉換成指定目標資料行的型別 nvarchar。

2021-02-27 18:03:24::資料來源的型別 String 指定值無法轉換成指定目標資料行的型別 nvarchar。

2021-02-27 18:03:24::資料來源的型別 String 指定值無法轉換成指定目標資料行的型別 nvarchar。

2021-02-27 18:03:24::資料來源的型別 String 指定值無法轉換成指定目標資料行的型別 nvarchar。

2021-02-27 18:03:24::資料來源的型別 String 指定值無法轉換成指定目標資料行的型別 nvarchar。

2021-02-27 18:03:25::資料來源的型別 String 指定值無法轉換成指定目標資料行的型別 nvarchar。

2021-02-27 18:03:25::資料來源的型別 String 指定值無法轉換成指定目標資料行的型別 nvarchar。

2021-02-27 18:03:25::資料來源的型別 String 指定值無法轉換成指定目標資料行的型別 nvarchar。

2021-02-27 18:03:25::資料來源的型別 String 指定值無法轉換成指定目標資料行的型別 nvarchar。

2021-02-27 18:03:25::資料來源的型別 String 指定值無法轉換成指定目標資料行的型別 nvarchar。

2021-02-27 18:03:25::資料來源的型別 String 指定值無法轉換成指定目標資料行的型別 nvarchar。

2021-02-27 18:03:25::資料來源的型別 String 指定值無法轉換成指定目標資料行的型別 nvarchar。

2021-02-27 18:03:25::資料來源的型別 String 指定值無法轉換成指定目標資料行的型別 nvarchar。

2021-02-27 18:03:26::資料來源的型別 String 指定值無法轉換成指定目標資料行的型別 nvarchar。

2021-02-27 18:03:26::資料來源的型別 String 指定值無法轉換成指定目標資料行的型別 nvarchar。

2021-02-27 18:03:26::資料來源的型別 String 指定值無法轉換成指定目標資料行的型別 nvarchar。

2021-02-27 18:03:26::資料來源的型別 String 指定值無法轉換成指定目標資料行的型別 nvarchar。

2021-02-27 18:03:26::資料來源的型別 String 指定值無法轉換成指定目標資料行的型別 nvarchar。

2021-02-27 18:03:26::資料來源的型別 String 指定值無法轉換成指定目標資料行的型別 nvarchar。

2021-02-27 18:03:26::資料來源的型別 String 指定值無法轉換成指定目標資料行的型別 nvarchar。

2021-02-27 18:03:26::資料來源的型別 String 指定值無法轉換成指定目標資料行的型別 nvarchar。

2021-02-27 18:03:26::資料來源的型別 String 指定值無法轉換成指定目標資料行的型別 nvarchar。

2021-02-27 18:03:26::資料來源的型別 String 指定值無法轉換成指定目標資料行的型別 nvarchar。

2021-02-27 18:03:26::資料來源的型別 String 指定值無法轉換成指定目標資料行的型別 nvarchar。

2021-02-27 18:03:26::資料來源的型別 String 指定值無法轉換成指定目標資料行的型別 nvarchar。

2021-02-27 18:03:27::資料來源的型別 String 指定值無法轉換成指定目標資料行的型別 nvarchar。

2021-02-27 18:03:27::資料來源的型別 String 指定值無法轉換成指定目標資料行的型別 nvarchar。

2021-02-27 18:03:27::資料來源的型別 String 指定值無法轉換成指定目標資料行的型別 nvarchar。

2021-02-27 18:03:27::資料來源的型別 String 指定值無法轉換成指定目標資料行的型別 nvarchar。

2021-02-27 18:03:27::資料來源的型別 String 指定值無法轉換成指定目標資料行的型別 nvarchar。

2021-02-27 18:03:27::資料來源的型別 String 指定值無法轉換成指定目標資料行的型別 nvarchar。

2021-02-27 18:03:27::資料來源的型別 String 指定值無法轉換成指定目標資料行的型別 nvarchar。

2021-02-27 18:03:27::資料來源的型別 String 指定值無法轉換成指定目標資料行的型別 nvarchar。

